TN:
SF:src/App.css
FNF:0
FNH:0
LF:0
LH:0
BRF:0
BRH:0
end_of_record
TN:
SF:src/App.tsx
FN:25,App
FNF:1
FNH:1
FNDA:1,App
DA:26,1
LF:1
LH:1
BRF:0
BRH:0
end_of_record
TN:
SF:src/application/CIAClassificationApp.tsx
FN:27,(anonymous_0)
FN:54,(anonymous_1)
FN:59,(anonymous_2)
FN:64,(anonymous_3)
FN:69,(anonymous_4)
FN:78,(anonymous_5)
FN:87,(anonymous_6)
FN:92,(anonymous_7)
FN:97,(anonymous_8)
FN:106,(anonymous_9)
FN:107,(anonymous_10)
FN:111,(anonymous_11)
FNF:12
FNH:3
FNDA:21,(anonymous_0)
FNDA:0,(anonymous_1)
FNDA:0,(anonymous_2)
FNDA:0,(anonymous_3)
FNDA:0,(anonymous_4)
FNDA:21,(anonymous_5)
FNDA:0,(anonymous_6)
FNDA:0,(anonymous_7)
FNDA:0,(anonymous_8)
FNDA:0,(anonymous_9)
FNDA:0,(anonymous_10)
FNDA:21,(anonymous_11)
DA:27,5
DA:28,21
DA:32,21
DA:34,21
DA:36,21
DA:39,21
DA:44,21
DA:46,21
DA:49,21
DA:51,21
DA:54,21
DA:55,0
DA:56,0
DA:59,21
DA:60,0
DA:61,0
DA:64,21
DA:65,0
DA:66,0
DA:69,21
DA:72,0
DA:73,0
DA:74,0
DA:78,21
DA:79,21
DA:87,21
DA:88,0
DA:89,0
DA:92,21
DA:93,0
DA:94,0
DA:97,21
DA:98,0
DA:102,0
DA:106,21
DA:107,0
DA:111,21
DA:112,21
DA:113,10
DA:114,10
DA:116,11
DA:117,11
DA:121,21
LF:43
LH:27
BRDA:32,0,0,21
BRDA:32,0,1,20
BRDA:34,1,0,21
BRDA:34,1,1,21
BRDA:36,2,0,21
BRDA:36,2,1,21
BRDA:39,3,0,21
BRDA:39,3,1,21
BRDA:39,3,2,21
BRDA:72,4,0,0
BRDA:72,4,1,0
BRDA:112,5,0,10
BRDA:112,5,1,11
BRDA:125,6,0,10
BRDA:125,6,1,11
BRDA:195,7,0,10
BRDA:195,7,1,11
BRF:17
BRH:15
end_of_record
TN:
SF:src/components/charts/RadarChart.tsx
FN:13,(anonymous_0)
FN:39,(anonymous_1)
FN:58,(anonymous_2)
FN:60,(anonymous_3)
FN:61,(anonymous_4)
FN:80,(anonymous_5)
FN:83,(anonymous_6)
FN:159,(anonymous_7)
FN:188,(anonymous_8)
FN:206,(anonymous_9)
FN:214,(anonymous_10)
FNF:11
FNH:9
FNDA:79,(anonymous_0)
FNDA:171,(anonymous_1)
FNDA:61,(anonymous_2)
FNDA:0,(anonymous_3)
FNDA:0,(anonymous_4)
FNDA:61,(anonymous_5)
FNDA:66,(anonymous_6)
FNDA:66,(anonymous_7)
FNDA:66,(anonymous_8)
FNDA:1,(anonymous_9)
FNDA:57,(anonymous_10)
DA:13,13
DA:20,79
DA:21,79
DA:25,79
DA:27,79
DA:32,79
DA:39,79
DA:40,171
DA:42,15
DA:45,29
DA:47,85
DA:49,27
DA:51,3
DA:53,12
DA:58,79
DA:60,61
DA:61,0
DA:62,0
DA:67,0
DA:69,0
DA:70,0
DA:77,61
DA:80,61
DA:83,79
DA:84,66
DA:86,66
DA:88,66
DA:89,5
DA:93,66
DA:94,66
DA:95,9
DA:96,9
DA:99,57
DA:100,57
DA:101,57
DA:104,57
DA:107,66
DA:108,66
DA:111,66
DA:114,66
DA:160,0
DA:167,0
DA:189,0
DA:196,0
DA:197,0
DA:206,66
DA:207,1
DA:208,1
DA:212,66
DA:214,66
DA:215,57
DA:216,57
DA:217,57
DA:222,0
DA:224,0
DA:228,79
DA:232,79
LF:57
LH:45
BRDA:14,0,0,79
BRDA:15,1,0,79
BRDA:16,2,0,79
BRDA:17,3,0,79
BRDA:18,4,0,79
BRDA:40,5,0,15
BRDA:40,5,1,0
BRDA:40,5,2,29
BRDA:40,5,3,85
BRDA:40,5,4,27
BRDA:40,5,5,3
BRDA:40,5,6,12
BRDA:62,6,0,0
BRDA:62,6,1,0
BRDA:63,7,0,0
BRDA:63,7,1,0
BRDA:69,8,0,0
BRDA:69,8,1,0
BRDA:84,9,0,0
BRDA:84,9,1,66
BRDA:88,10,0,5
BRDA:88,10,1,61
BRDA:94,11,0,9
BRDA:94,11,1,57
BRDA:104,12,0,4
BRDA:104,12,1,53
BRDA:107,13,0,4
BRDA:107,13,1,53
BRDA:108,14,0,4
BRDA:108,14,1,53
BRDA:111,15,0,4
BRDA:111,15,1,53
BRDA:167,16,0,0
BRDA:167,16,1,0
BRDA:177,17,0,4
BRDA:177,17,1,53
BRDA:197,18,0,0
BRDA:197,18,1,0
BRDA:207,19,0,1
BRDA:207,19,1,0
BRDA:216,20,0,57
BRDA:216,20,1,0
BRDA:222,21,0,0
BRDA:222,21,1,0
BRDA:228,22,0,2
BRDA:228,22,1,77
BRDA:234,23,0,13
BRDA:234,23,1,66
BRDA:243,24,0,66
BRDA:243,24,1,0
BRDA:249,25,0,66
BRDA:249,25,1,0
BRDA:255,26,0,66
BRDA:255,26,1,0
BRF:54
BRH:35
end_of_record
TN:
SF:src/components/common/BusinessImpactSection.tsx
FN:14,(anonymous_0)
FN:178,(anonymous_1)
FNF:2
FNH:1
FNDA:11,(anonymous_0)
FNDA:0,(anonymous_1)
DA:14,7
DA:22,11
DA:24,11
DA:179,0
LF:4
LH:3
BRDA:17,0,0,11
BRDA:22,1,0,11
BRDA:22,1,1,2
BRDA:22,1,2,2
BRDA:41,2,0,11
BRDA:41,2,1,0
BRDA:46,3,0,11
BRDA:46,3,1,11
BRDA:59,4,0,11
BRDA:59,4,1,2
BRDA:62,5,0,11
BRDA:62,5,1,1
BRDA:72,6,0,11
BRDA:72,6,1,11
BRDA:85,7,0,11
BRDA:85,7,1,2
BRDA:88,8,0,11
BRDA:88,8,1,1
BRDA:98,9,0,11
BRDA:98,9,1,1
BRDA:111,10,0,1
BRDA:111,10,1,0
BRDA:114,11,0,1
BRDA:114,11,1,0
BRDA:123,12,0,11
BRDA:123,12,1,0
BRDA:136,13,0,0
BRDA:136,13,1,0
BRDA:139,14,0,0
BRDA:139,14,1,0
BRDA:149,15,0,11
BRDA:149,15,1,2
BRDA:162,16,0,2
BRDA:162,16,1,0
BRDA:165,17,0,2
BRDA:165,17,1,0
BRDA:170,18,0,2
BRDA:170,18,1,0
BRDA:170,18,2,0
BRF:39
BRH:27
end_of_record
TN:
SF:src/components/common/KeyValuePair.tsx
FN:43,KeyValuePair
FNF:1
FNH:1
FNDA:44,KeyValuePair
DA:53,44
LF:1
LH:1
BRDA:46,0,0,44
BRDA:47,1,0,44
BRDA:48,2,0,44
BRDA:49,3,0,44
BRDA:56,4,0,44
BRDA:56,4,1,4
BRDA:59,5,0,44
BRDA:59,5,1,0
BRDA:63,6,0,44
BRDA:63,6,1,0
BRF:10
BRH:8
end_of_record
TN:
SF:src/components/common/ResourceCard.tsx
FN:12,(anonymous_0)
FN:17,(anonymous_1)
FN:23,(anonymous_2)
FN:37,(anonymous_3)
FN:68,(anonymous_4)
FNF:5
FNH:5
FNDA:33,(anonymous_0)
FNDA:33,(anonymous_1)
FNDA:4,(anonymous_2)
FNDA:3,(anonymous_3)
FNDA:91,(anonymous_4)
DA:12,6
DA:13,33
DA:14,31
DA:17,6
DA:23,33
DA:24,4
DA:25,3
DA:27,1
DA:31,33
DA:38,3
DA:39,2
DA:69,91
LF:12
LH:12
BRDA:13,0,0,2
BRDA:13,0,1,31
BRDA:14,1,0,2
BRDA:14,1,1,29
BRDA:20,2,0,33
BRDA:24,3,0,3
BRDA:24,3,1,1
BRDA:38,4,0,2
BRDA:38,4,1,1
BRDA:38,5,0,3
BRDA:38,5,1,2
BRDA:42,6,0,33
BRDA:42,6,1,24
BRDA:49,7,0,33
BRDA:49,7,1,1
BRDA:54,8,0,33
BRDA:54,8,1,2
BRDA:58,9,0,33
BRDA:58,9,1,24
BRDA:61,10,0,33
BRDA:61,10,1,32
BRDA:64,11,0,33
BRDA:64,11,1,24
BRF:23
BRH:23
end_of_record
TN:
SF:src/components/common/RiskLevelBadge.tsx
FN:31,(anonymous_0)
FN:63,getRiskIcon
FNF:2
FNH:2
FNDA:13,(anonymous_0)
FNDA:2,getRiskIcon
DA:31,6
DA:38,13
DA:39,1
DA:47,12
DA:51,13
DA:53,13
DA:64,2
DA:66,2
DA:67,1
DA:68,1
DA:72,0
DA:73,1
DA:74,1
DA:75,0
DA:79,0
DA:82,0
LF:16
LH:12
BRDA:33,0,0,13
BRDA:34,1,0,13
BRDA:35,2,0,13
BRDA:38,3,0,1
BRDA:38,3,1,12
BRDA:47,4,0,3
BRDA:47,4,1,9
BRDA:55,5,0,13
BRDA:55,5,1,2
BRDA:66,6,0,1
BRDA:66,6,1,1
BRDA:66,7,0,2
BRDA:66,7,1,1
BRDA:68,8,0,0
BRDA:68,8,1,1
BRDA:69,9,0,1
BRDA:69,9,1,1
BRDA:73,10,0,1
BRDA:73,10,1,0
BRDA:75,11,0,0
BRDA:75,11,1,0
BRDA:76,12,0,0
BRDA:76,12,1,0
BRF:23
BRH:17
end_of_record
TN:
SF:src/components/common/SecurityLevelBadge.tsx
FN:45,(anonymous_0)
FN:54,(anonymous_1)
FN:72,(anonymous_2)
FNF:3
FNH:3
FNDA:439,(anonymous_0)
FNDA:6,(anonymous_1)
FNDA:6,(anonymous_2)
DA:45,10
DA:54,439
DA:55,6
DA:57,1
DA:59,1
DA:61,2
DA:63,1
DA:65,1
DA:67,0
DA:72,439
DA:73,6
DA:75,1
DA:77,1
DA:79,2
DA:81,1
DA:83,1
DA:85,0
DA:89,439
DA:90,439
DA:92,439
LF:20
LH:18
BRDA:50,0,0,439
BRDA:55,1,0,1
BRDA:55,1,1,1
BRDA:55,1,2,2
BRDA:55,1,3,1
BRDA:55,1,4,1
BRDA:55,1,5,0
BRDA:73,2,0,1
BRDA:73,2,1,1
BRDA:73,2,2,2
BRDA:73,2,3,1
BRDA:73,2,4,1
BRDA:73,2,5,0
BRDA:89,3,0,439
BRDA:89,3,1,6
BRDA:90,4,0,439
BRDA:90,4,1,6
BRDA:97,5,0,439
BRDA:97,5,1,49
BRF:19
BRH:17
end_of_record
TN:
SF:src/components/common/SecurityLevelIndicator.tsx
FN:34,(anonymous_0)
FN:41,(anonymous_1)
FN:59,(anonymous_2)
FNF:3
FNH:3
FNDA:157,(anonymous_0)
FNDA:157,(anonymous_1)
FNDA:157,(anonymous_2)
DA:34,10
DA:41,157
DA:42,157
DA:44,8
DA:46,5
DA:48,122
DA:50,4
DA:52,5
DA:54,13
DA:59,157
DA:60,157
DA:62,1
DA:64,1
DA:66,155
DA:70,157
LF:15
LH:15
BRDA:36,0,0,157
BRDA:37,1,0,157
BRDA:42,2,0,8
BRDA:42,2,1,5
BRDA:42,2,2,122
BRDA:42,2,3,4
BRDA:42,2,4,5
BRDA:42,2,5,13
BRDA:60,3,0,1
BRDA:60,3,1,1
BRDA:60,3,2,155
BRF:11
BRH:11
end_of_record
TN:
SF:src/components/common/StatusBadge.tsx
FN:46,(anonymous_0)
FN:55,(anonymous_1)
FN:75,(anonymous_2)
FN:102,getColorClass
FNF:4
FNH:4
FNDA:403,(anonymous_0)
FNDA:403,(anonymous_1)
FNDA:403,(anonymous_2)
FNDA:403,getColorClass
DA:46,9
DA:55,403
DA:56,403
DA:58,134
DA:60,10
DA:62,153
DA:64,69
DA:66,37
DA:68,0
DA:70,0
DA:75,403
DA:76,403
DA:78,37
DA:80,1
DA:82,365
DA:87,403
DA:89,403
DA:103,403
DA:105,69
DA:107,153
DA:109,10
DA:111,134
DA:114,37
LF:23
LH:21
BRDA:49,0,0,403
BRDA:51,1,0,403
BRDA:52,2,0,403
BRDA:56,3,0,134
BRDA:56,3,1,10
BRDA:56,3,2,153
BRDA:56,3,3,69
BRDA:56,3,4,37
BRDA:56,3,5,0
BRDA:56,3,6,0
BRDA:76,4,0,37
BRDA:76,4,1,1
BRDA:76,4,2,365
BRDA:103,5,0,69
BRDA:103,5,1,153
BRDA:103,5,2,10
BRDA:103,5,3,134
BRDA:103,5,4,37
BRDA:103,5,5,37
BRF:19
BRH:17
end_of_record
TN:
SF:src/components/common/ValueDisplay.tsx
FN:19,(anonymous_0)
FN:26,(anonymous_1)
FN:42,(anonymous_2)
FNF:3
FNH:3
FNDA:21,(anonymous_0)
FNDA:21,(anonymous_1)
FNDA:21,(anonymous_2)
DA:19,1
DA:26,21
DA:27,21
DA:29,2
DA:31,1
DA:33,1
DA:35,1
DA:38,16
DA:42,21
DA:43,21
DA:45,1
DA:47,3
DA:50,17
DA:54,21
LF:14
LH:14
BRDA:21,0,0,21
BRDA:22,1,0,21
BRDA:24,2,0,21
BRDA:27,3,0,2
BRDA:27,3,1,1
BRDA:27,3,2,1
BRDA:27,3,3,1
BRDA:27,3,4,16
BRDA:27,3,5,16
BRDA:43,4,0,1
BRDA:43,4,1,3
BRDA:43,4,2,17
BRDA:43,4,3,17
BRDA:59,5,0,21
BRDA:59,5,1,3
BRF:15
BRH:15
end_of_record
TN:
SF:src/components/common/WidgetContainer.tsx
FN:25,(anonymous_0)
FNF:1
FNH:1
FNDA:480,(anonymous_0)
DA:25,12
DA:38,480
DA:41,480
DA:47,480
DA:48,480
DA:51,480
DA:52,480
DA:53,2
DA:57,480
DA:58,2
DA:77,478
LF:11
LH:11
BRDA:28,0,0,480
BRDA:29,1,0,480
BRDA:30,2,0,480
BRDA:31,3,0,480
BRDA:38,4,0,480
BRDA:38,4,1,188
BRDA:41,5,0,2
BRDA:41,5,1,478
BRDA:42,6,0,1
BRDA:42,6,1,1
BRDA:43,7,0,293
BRDA:43,7,1,185
BRDA:44,8,0,291
BRDA:44,8,1,2
BRDA:45,9,0,179
BRDA:45,9,1,6
BRDA:47,10,0,471
BRDA:47,10,1,9
BRDA:48,11,0,471
BRDA:48,11,1,9
BRDA:52,12,0,2
BRDA:52,12,1,478
BRDA:53,13,0,1
BRDA:53,13,1,1
BRDA:57,14,0,2
BRDA:57,14,1,478
BRDA:70,15,0,2
BRDA:70,15,1,0
BRDA:81,16,0,478
BRDA:81,16,1,470
BRDA:84,17,0,480
BRDA:84,17,1,0
BRDA:86,18,0,293
BRDA:86,18,1,185
BRDA:87,19,0,293
BRDA:87,19,1,185
BRF:36
BRH:34
end_of_record
TN:
SF:src/components/widgets/assessmentcenter/BusinessImpactAnalysisWidget.tsx
FN:59,(anonymous_0)
FN:79,(anonymous_1)
FN:127,(anonymous_2)
FN:151,(anonymous_3)
FN:175,(anonymous_4)
FN:202,(anonymous_5)
FN:229,(anonymous_6)
FN:269,(anonymous_7)
FN:327,(anonymous_8)
FN:390,(anonymous_9)
FN:426,(anonymous_10)
FN:595,(anonymous_11)
FN:606,(anonymous_12)
FN:619,(anonymous_13)
FN:640,(anonymous_14)
FN:664,getHighestImpactArea
FN:706,getSecurityLevelValue
FN:719,getImpactColorClass
FN:737,getImpactTextColorClass
FN:751,calculateDefaultImpactLevel
FN:779,getDefaultComponentImpact
FNF:21
FNH:21
FNDA:34,(anonymous_0)
FNDA:34,(anonymous_1)
FNDA:34,(anonymous_2)
FNDA:34,(anonymous_3)
FNDA:34,(anonymous_4)
FNDA:65,(anonymous_5)
FNDA:204,(anonymous_6)
FNDA:31,(anonymous_7)
FNDA:31,(anonymous_8)
FNDA:34,(anonymous_9)
FNDA:34,(anonymous_10)
FNDA:1,(anonymous_11)
FNDA:1,(anonymous_12)
FNDA:132,(anonymous_13)
FNDA:4,(anonymous_14)
FNDA:34,getHighestImpactArea
FNDA:186,getSecurityLevelValue
FNDA:102,getImpactColorClass
FNDA:34,getImpactTextColorClass
FNDA:21,calculateDefaultImpactLevel
FNDA:63,getDefaultComponentImpact
DA:59,6
DA:71,34
DA:74,34
DA:79,34
DA:80,34
DA:81,34
DA:82,21
DA:89,13
DA:92,13
DA:97,13
DA:106,0
DA:112,0
DA:113,0
DA:127,34
DA:128,34
DA:129,34
DA:130,21
DA:133,13
DA:134,13
DA:138,13
DA:143,0
DA:145,0
DA:146,0
DA:151,34
DA:152,34
DA:153,34
DA:154,21
DA:157,13
DA:158,13
DA:162,13
DA:167,0
DA:169,0
DA:170,0
DA:175,34
DA:176,34
DA:177,34
DA:178,21
DA:184,13
DA:185,13
DA:189,13
DA:194,0
DA:196,0
DA:197,0
DA:202,34
DA:207,65
DA:215,65
DA:216,65
DA:217,65
DA:220,65
DA:222,65
DA:223,65
DA:224,6
DA:225,0
DA:229,34
DA:233,204
DA:243,204
DA:269,34
DA:271,31
DA:275,31
DA:327,34
DA:329,31
DA:333,31
DA:390,34
DA:392,34
DA:426,34
DA:427,34
DA:479,34
DA:595,1
DA:606,1
DA:620,132
DA:641,4
DA:669,34
DA:671,34
DA:672,0
DA:674,34
DA:675,0
DA:677,34
DA:678,0
DA:680,34
DA:681,0
DA:683,34
DA:684,0
DA:686,34
DA:687,0
DA:690,34
DA:691,34
DA:694,0
DA:695,0
DA:698,0
DA:699,0
DA:702,0
DA:707,186
DA:715,186
DA:720,102
DA:722,0
DA:724,2
DA:726,88
DA:728,11
DA:730,0
DA:732,1
DA:738,34
DA:739,1
DA:740,33
DA:741,20
DA:742,13
DA:743,0
DA:744,13
DA:745,0
DA:747,13
DA:756,21
DA:764,21
DA:765,21
DA:766,21
DA:768,21
DA:771,21
DA:772,21
DA:773,20
DA:774,0
DA:775,0
DA:780,63
DA:782,63
DA:783,21
DA:804,42
DA:805,21
DA:827,21
LF:125
LH:95
BRDA:63,0,0,34
BRDA:64,1,0,34
BRDA:81,2,0,21
BRDA:81,2,1,13
BRDA:89,3,0,13
BRDA:89,3,1,0
BRDA:97,4,0,0
BRDA:97,4,1,13
BRDA:129,5,0,21
BRDA:129,5,1,13
BRDA:133,6,0,13
BRDA:133,6,1,0
BRDA:138,7,0,0
BRDA:138,7,1,13
BRDA:153,8,0,21
BRDA:153,8,1,13
BRDA:157,9,0,13
BRDA:157,9,1,0
BRDA:162,10,0,0
BRDA:162,10,1,13
BRDA:177,11,0,21
BRDA:177,11,1,13
BRDA:184,12,0,13
BRDA:184,12,1,0
BRDA:189,13,0,0
BRDA:189,13,1,13
BRDA:215,14,0,65
BRDA:215,14,1,2
BRDA:216,15,0,65
BRDA:216,15,1,0
BRDA:217,16,0,65
BRDA:217,16,1,0
BRDA:222,17,0,0
BRDA:222,17,1,65
BRDA:223,18,0,59
BRDA:223,18,1,6
BRDA:224,19,0,6
BRDA:224,19,1,0
BRDA:251,20,0,204
BRDA:251,20,1,0
BRDA:254,21,0,204
BRDA:254,21,1,204
BRDA:262,22,0,204
BRDA:262,22,1,0
BRDA:288,23,0,0
BRDA:288,23,1,31
BRDA:290,24,0,1
BRDA:290,24,1,30
BRDA:292,25,0,27
BRDA:292,25,1,3
BRDA:301,26,0,0
BRDA:301,26,1,31
BRDA:303,27,0,1
BRDA:303,27,1,30
BRDA:305,28,0,27
BRDA:305,28,1,3
BRDA:314,29,0,0
BRDA:314,29,1,31
BRDA:316,30,0,1
BRDA:316,30,1,30
BRDA:318,31,0,27
BRDA:318,31,1,3
BRDA:337,32,0,0
BRDA:337,32,1,31
BRDA:339,33,0,1
BRDA:339,33,1,30
BRDA:341,34,0,27
BRDA:341,34,1,3
BRDA:350,35,0,0
BRDA:350,35,1,31
BRDA:352,36,0,1
BRDA:352,36,1,30
BRDA:354,37,0,27
BRDA:354,37,1,3
BRDA:363,38,0,0
BRDA:363,38,1,31
BRDA:365,39,0,1
BRDA:365,39,1,30
BRDA:367,40,0,27
BRDA:367,40,1,3
BRDA:376,41,0,0
BRDA:376,41,1,31
BRDA:378,42,0,1
BRDA:378,42,1,30
BRDA:380,43,0,27
BRDA:380,43,1,3
BRDA:467,44,0,31
BRDA:467,44,1,3
BRDA:467,45,0,34
BRDA:467,45,1,31
BRDA:482,46,0,34
BRDA:482,46,1,0
BRDA:484,47,0,34
BRDA:484,47,1,0
BRDA:498,48,0,34
BRDA:498,48,1,34
BRDA:503,49,0,34
BRDA:503,49,1,34
BRDA:508,50,0,34
BRDA:508,50,1,34
BRDA:517,51,0,34
BRDA:517,51,1,34
BRDA:522,52,0,34
BRDA:522,52,1,34
BRDA:524,53,0,34
BRDA:524,53,1,34
BRDA:533,54,0,34
BRDA:533,54,1,34
BRDA:538,55,0,34
BRDA:538,55,1,34
BRDA:540,56,0,34
BRDA:540,56,1,34
BRDA:591,57,0,33
BRDA:591,57,1,1
BRDA:602,58,0,1
BRDA:602,58,1,33
BRDA:614,59,0,33
BRDA:614,59,1,1
BRDA:671,60,0,0
BRDA:671,60,1,34
BRDA:674,61,0,0
BRDA:674,61,1,34
BRDA:677,62,0,0
BRDA:677,62,1,34
BRDA:680,63,0,0
BRDA:680,63,1,34
BRDA:683,64,0,0
BRDA:683,64,1,34
BRDA:686,65,0,0
BRDA:686,65,1,34
BRDA:690,66,0,34
BRDA:690,66,1,0
BRDA:694,67,0,0
BRDA:694,67,1,0
BRDA:698,68,0,0
BRDA:698,68,1,0
BRDA:715,69,0,186
BRDA:715,69,1,2
BRDA:720,70,0,0
BRDA:720,70,1,2
BRDA:720,70,2,88
BRDA:720,70,3,11
BRDA:720,70,4,0
BRDA:720,70,5,1
BRDA:738,71,0,1
BRDA:738,71,1,33
BRDA:740,72,0,20
BRDA:740,72,1,13
BRDA:742,73,0,0
BRDA:742,73,1,13
BRDA:744,74,0,0
BRDA:744,74,1,13
BRDA:744,75,0,13
BRDA:744,75,1,13
BRDA:764,76,0,21
BRDA:764,76,1,1
BRDA:765,77,0,21
BRDA:765,77,1,0
BRDA:766,78,0,21
BRDA:766,78,1,0
BRDA:771,79,0,0
BRDA:771,79,1,21
BRDA:772,80,0,1
BRDA:772,80,1,20
BRDA:773,81,0,20
BRDA:773,81,1,0
BRDA:774,82,0,0
BRDA:774,82,1,0
BRDA:780,83,0,63
BRDA:780,83,1,63
BRDA:782,84,0,21
BRDA:782,84,1,42
BRDA:787,85,0,0
BRDA:787,85,1,21
BRDA:791,86,0,0
BRDA:791,86,1,21
BRDA:795,87,0,0
BRDA:795,87,1,21
BRDA:799,88,0,0
BRDA:799,88,1,21
BRDA:804,89,0,21
BRDA:804,89,1,21
BRDA:809,90,0,0
BRDA:809,90,1,21
BRDA:813,91,0,0
BRDA:813,91,1,21
BRDA:817,92,0,0
BRDA:817,92,1,21
BRDA:821,93,0,0
BRDA:821,93,1,21
BRDA:831,94,0,0
BRDA:831,94,1,21
BRDA:835,95,0,0
BRDA:835,95,1,21
BRDA:839,96,0,0
BRDA:839,96,1,21
BRDA:843,97,0,0
BRDA:843,97,1,21
BRF:198
BRH:142
end_of_record
TN:
SF:src/components/widgets/assessmentcenter/SecurityBusinessTab.tsx
FN:24,(anonymous_0)
FNF:1
FNH:1
FNDA:22,(anonymous_0)
DA:24,7
DA:32,22
LF:2
LH:2
BRDA:72,0,0,0
BRDA:72,0,1,22
BRDA:74,1,0,22
BRDA:74,1,1,0
BRDA:76,2,0,0
BRDA:76,2,1,0
BRDA:138,3,0,0
BRDA:138,3,1,22
BRDA:147,4,0,22
BRDA:147,4,1,0
BRDA:154,5,0,0
BRDA:154,5,1,0
BRF:12
BRH:4
end_of_record
TN:
SF:src/components/widgets/assessmentcenter/SecurityComplianceTab.tsx
FN:23,(anonymous_0)
FN:122,(anonymous_1)
FN:144,(anonymous_2)
FNF:3
FNH:3
FNDA:19,(anonymous_0)
FNDA:36,(anonymous_1)
FNDA:17,(anonymous_2)
DA:23,7
DA:31,19
DA:123,36
DA:145,17
LF:4
LH:4
BRDA:48,0,0,1
BRDA:48,0,1,18
BRDA:57,1,0,0
BRDA:57,1,1,1
BRDA:59,2,0,1
BRDA:59,2,1,0
BRDA:80,3,0,1
BRDA:80,3,1,17
BRDA:81,4,0,18
BRDA:81,4,1,0
BRDA:82,5,0,17
BRDA:82,5,1,0
BRDA:83,6,0,17
BRDA:83,6,1,0
BRDA:88,7,0,18
BRDA:88,7,1,0
BRDA:93,8,0,18
BRDA:93,8,1,0
BRDA:94,9,0,0
BRDA:94,9,1,0
BRDA:106,10,0,1
BRDA:106,10,1,18
BRDA:119,11,0,17
BRDA:119,11,1,1
BRDA:141,12,0,17
BRDA:141,12,1,1
BRF:26
BRH:17
end_of_record
TN:
SF:src/components/widgets/assessmentcenter/SecurityImplementationTab.tsx
FN:24,(anonymous_0)
FNF:1
FNH:1
FNDA:19,(anonymous_0)
DA:24,7
DA:33,19
LF:2
LH:2
BRDA:61,0,0,1
BRDA:61,0,1,18
BRDA:63,1,0,0
BRDA:63,1,1,18
BRDA:65,2,0,1
BRDA:65,2,1,17
BRDA:72,3,0,1
BRDA:72,3,1,18
BRDA:74,4,0,0
BRDA:74,4,1,18
BRDA:76,5,0,1
BRDA:76,5,1,17
BRF:12
BRH:10
end_of_record
TN:
SF:src/components/widgets/assessmentcenter/SecurityLevelWidget.tsx
FN:81,(anonymous_0)
FN:113,(anonymous_1)
FN:161,(anonymous_2)
FN:170,(anonymous_3)
FN:179,(anonymous_4)
FN:197,(anonymous_5)
FN:232,(anonymous_6)
FN:317,(anonymous_7)
FN:334,(anonymous_8)
FN:381,(anonymous_9)
FN:398,(anonymous_10)
FN:445,(anonymous_11)
FN:462,(anonymous_12)
FNF:13
FNH:10
FNDA:73,(anonymous_0)
FNDA:35,(anonymous_1)
FNDA:1,(anonymous_2)
FNDA:1,(anonymous_3)
FNDA:1,(anonymous_4)
FNDA:219,(anonymous_5)
FNDA:1,(anonymous_6)
FNDA:365,(anonymous_7)
FNDA:0,(anonymous_8)
FNDA:365,(anonymous_9)
FNDA:0,(anonymous_10)
FNDA:365,(anonymous_11)
FNDA:0,(anonymous_12)
DA:81,6
DA:92,73
DA:95,73
DA:96,73
DA:99,73
DA:104,73
DA:105,73
DA:108,73
DA:113,73
DA:114,35
DA:115,35
DA:116,35
DA:117,34
DA:121,1
DA:127,35
DA:137,35
DA:138,35
DA:139,35
DA:141,34
DA:142,34
DA:147,34
DA:149,35
DA:160,73
DA:162,1
DA:163,1
DA:164,1
DA:169,73
DA:171,1
DA:172,1
DA:173,1
DA:178,73
DA:180,1
DA:181,1
DA:182,1
DA:188,73
DA:197,73
DA:201,219
DA:203,73
DA:204,71
DA:205,69
DA:206,8
DA:207,4
DA:208,2
DA:211,73
DA:212,71
DA:213,67
DA:214,4
DA:215,2
DA:216,0
DA:219,73
DA:220,71
DA:221,69
DA:222,6
DA:223,4
DA:224,0
DA:227,0
DA:232,73
DA:233,1
DA:235,1
DA:237,0
DA:239,0
DA:241,0
DA:245,73
DA:318,365
DA:334,0
DA:382,365
DA:398,0
DA:446,365
DA:462,0
LF:69
LH:60
BRDA:88,0,0,73
BRDA:89,1,0,73
BRDA:116,2,0,34
BRDA:116,2,1,1
BRDA:121,3,0,1
BRDA:121,3,1,0
BRDA:123,4,0,0
BRDA:123,4,1,0
BRDA:127,5,0,35
BRDA:127,5,1,0
BRDA:143,6,0,34
BRDA:143,6,1,0
BRDA:147,7,0,34
BRDA:147,7,1,0
BRDA:163,8,0,1
BRDA:163,8,1,0
BRDA:172,9,0,1
BRDA:172,9,1,0
BRDA:181,10,0,1
BRDA:181,10,1,0
BRDA:201,11,0,73
BRDA:201,11,1,73
BRDA:201,11,2,73
BRDA:201,11,3,0
BRDA:203,12,0,2
BRDA:203,12,1,71
BRDA:204,13,0,2
BRDA:204,13,1,69
BRDA:205,14,0,61
BRDA:205,14,1,8
BRDA:206,15,0,4
BRDA:206,15,1,4
BRDA:207,16,0,2
BRDA:207,16,1,2
BRDA:211,17,0,2
BRDA:211,17,1,71
BRDA:212,18,0,4
BRDA:212,18,1,67
BRDA:213,19,0,63
BRDA:213,19,1,4
BRDA:214,20,0,2
BRDA:214,20,1,2
BRDA:215,21,0,2
BRDA:215,21,1,0
BRDA:219,22,0,2
BRDA:219,22,1,71
BRDA:220,23,0,2
BRDA:220,23,1,69
BRDA:221,24,0,63
BRDA:221,24,1,6
BRDA:222,25,0,2
BRDA:222,25,1,4
BRDA:223,26,0,4
BRDA:223,26,1,0
BRDA:233,27,0,1
BRDA:233,27,1,0
BRDA:233,27,2,0
BRDA:233,27,3,0
BRDA:259,28,0,73
BRDA:259,28,1,35
BRDA:259,28,2,38
BRDA:272,29,0,73
BRDA:272,29,1,0
BRDA:340,30,0,73
BRDA:340,30,1,1
BRDA:404,31,0,73
BRDA:404,31,1,1
BRDA:468,32,0,73
BRDA:468,32,1,1
BRDA:492,33,0,1
BRDA:492,33,1,72
BRDA:499,34,0,1
BRDA:499,34,1,0
BRDA:501,35,0,0
BRDA:501,35,1,0
BRDA:512,36,0,1
BRDA:512,36,1,0
BRDA:523,37,0,1
BRDA:523,37,1,0
BRDA:534,38,0,1
BRDA:534,38,1,0
BRDA:540,39,0,1
BRDA:540,39,1,1
BRDA:547,40,0,1
BRDA:547,40,1,0
BRDA:555,41,0,1
BRDA:555,41,1,0
BRDA:561,42,0,1
BRDA:561,42,1,0
BRDA:561,42,2,0
BRDA:573,43,0,1
BRDA:573,43,1,0
BRDA:573,43,2,0
BRF:93
BRH:65
end_of_record
TN:
SF:src/components/widgets/assessmentcenter/SecurityOverviewTab.tsx
FN:35,(anonymous_0)
FNF:1
FNH:1
FNDA:31,(anonymous_0)
DA:35,7
DA:48,31
LF:2
LH:2
BRDA:195,0,0,31
BRDA:195,0,1,2
BRF:2
BRH:2
end_of_record
TN:
SF:src/components/widgets/assessmentcenter/SecuritySummaryWidget.tsx
FN:69,(anonymous_0)
FN:176,(anonymous_1)
FN:184,(anonymous_2)
FNF:3
FNH:2
FNDA:63,(anonymous_0)
FNDA:252,(anonymous_1)
FNDA:0,(anonymous_2)
DA:69,6
DA:77,63
DA:84,63
DA:88,63
DA:93,63
DA:96,63
DA:97,63
DA:116,63
DA:124,63
DA:177,252
DA:184,0
LF:11
LH:10
BRDA:73,0,0,63
BRDA:74,1,0,63
BRDA:96,2,0,63
BRDA:96,2,1,21
BRDA:96,2,2,12
BRDA:97,3,0,63
BRDA:97,3,1,63
BRDA:97,3,2,63
BRDA:180,4,0,63
BRDA:180,4,1,189
BRDA:198,5,0,63
BRDA:198,5,1,63
BRDA:215,6,0,63
BRDA:215,6,1,0
BRDA:227,7,0,63
BRDA:227,7,1,0
BRDA:240,8,0,63
BRDA:240,8,1,0
BRF:18
BRH:15
end_of_record
TN:
SF:src/components/widgets/businessvalue/ComplianceStatusWidget.tsx
FN:14,(anonymous_0)
FN:70,(anonymous_1)
FN:90,(anonymous_2)
FN:115,(anonymous_3)
FN:119,(anonymous_4)
FN:145,(anonymous_5)
FN:187,(anonymous_6)
FN:205,(anonymous_7)
FN:210,(anonymous_8)
FN:237,(anonymous_9)
FN:290,(anonymous_10)
FN:390,(anonymous_11)
FN:398,(anonymous_12)
FN:434,(anonymous_13)
FN:442,(anonymous_14)
FN:476,(anonymous_15)
FN:484,(anonymous_16)
FN:532,(anonymous_17)
FN:595,(anonymous_18)
FN:614,(anonymous_19)
FN:702,getSecurityLevelValue
FNF:21
FNH:20
FNDA:54,(anonymous_0)
FNDA:54,(anonymous_1)
FNDA:31,(anonymous_2)
FNDA:95,(anonymous_3)
FNDA:52,(anonymous_4)
FNDA:52,(anonymous_5)
FNDA:302,(anonymous_6)
FNDA:52,(anonymous_7)
FNDA:54,(anonymous_8)
FNDA:6,(anonymous_9)
FNDA:302,(anonymous_10)
FNDA:120,(anonymous_11)
FNDA:0,(anonymous_12)
FNDA:119,(anonymous_13)
FNDA:1,(anonymous_14)
FNDA:63,(anonymous_15)
FNDA:1,(anonymous_16)
FNDA:6,(anonymous_17)
FNDA:4,(anonymous_18)
FNDA:4,(anonymous_19)
FNDA:12,getSecurityLevelValue
DA:14,6
DA:15,54
DA:16,54
DA:17,24
DA:70,6
DA:84,54
DA:87,54
DA:90,54
DA:92,31
DA:101,31
DA:108,31
DA:115,95
DA:119,54
DA:120,52
DA:122,29
DA:124,29
DA:130,0
DA:131,0
DA:145,54
DA:146,52
DA:147,30
DA:148,29
DA:150,29
DA:151,29
DA:152,29
DA:158,29
DA:159,29
DA:164,0
DA:165,0
DA:169,0
DA:171,0
DA:172,0
DA:186,54
DA:188,302
DA:190,302
DA:191,120
DA:192,182
DA:195,119
DA:197,63
DA:204,54
DA:205,52
DA:210,54
DA:211,54
DA:212,52
DA:214,2
DA:215,2
DA:222,0
DA:223,0
DA:236,54
DA:239,6
DA:240,6
DA:241,6
DA:246,0
DA:254,0
DA:283,0
DA:289,54
DA:291,302
DA:293,302
DA:294,302
DA:296,302
DA:297,302
DA:299,0
DA:301,0
DA:302,0
DA:308,54
DA:391,120
DA:398,0
DA:435,119
DA:442,1
DA:477,63
DA:484,1
DA:533,6
DA:535,6
DA:540,6
DA:545,6
DA:548,6
DA:596,4
DA:615,4
DA:703,12
DA:710,12
LF:80
LH:64
BRDA:15,0,0,0
BRDA:15,0,1,54
BRDA:16,1,0,30
BRDA:16,1,1,24
BRDA:76,2,0,54
BRDA:77,3,0,54
BRDA:115,4,0,31
BRDA:115,4,1,1
BRDA:120,5,0,23
BRDA:120,5,1,29
BRDA:120,6,0,52
BRDA:120,6,1,30
BRDA:120,6,2,29
BRDA:146,7,0,22
BRDA:146,7,1,30
BRDA:147,8,0,1
BRDA:147,8,1,29
BRDA:148,9,0,0
BRDA:148,9,1,29
BRDA:151,10,0,29
BRDA:151,10,1,0
BRDA:158,11,0,29
BRDA:158,11,1,0
BRDA:164,12,0,0
BRDA:164,12,1,0
BRDA:188,13,0,0
BRDA:188,13,1,302
BRDA:190,14,0,120
BRDA:190,14,1,182
BRDA:192,15,0,119
BRDA:192,15,1,63
BRDA:211,16,0,52
BRDA:211,16,1,2
BRDA:211,17,0,54
BRDA:211,17,1,32
BRDA:211,17,2,31
BRDA:211,17,3,31
BRDA:239,18,0,6
BRDA:239,18,1,0
BRDA:283,19,0,0
BRDA:283,19,1,0
BRDA:291,20,0,0
BRDA:291,20,1,302
BRDA:294,21,0,302
BRDA:294,21,1,0
BRDA:297,22,0,302
BRDA:297,22,1,0
BRDA:310,23,0,54
BRDA:310,23,1,0
BRDA:311,24,0,54
BRDA:311,24,1,0
BRDA:339,25,0,54
BRDA:339,25,1,0
BRDA:344,26,0,54
BRDA:344,26,1,23
BRDA:351,27,0,54
BRDA:351,27,1,31
BRDA:361,28,0,31
BRDA:361,28,1,0
BRDA:368,29,0,31
BRDA:368,29,1,0
BRDA:381,30,0,54
BRDA:381,30,1,31
BRDA:381,30,2,30
BRDA:394,31,0,0
BRDA:394,31,1,120
BRDA:421,32,0,54
BRDA:421,32,1,31
BRDA:421,32,2,31
BRDA:438,33,0,1
BRDA:438,33,1,118
BRDA:465,34,0,54
BRDA:465,34,1,31
BRDA:465,34,2,31
BRDA:480,35,0,1
BRDA:480,35,1,62
BRDA:507,36,0,54
BRDA:507,36,1,2
BRDA:516,37,0,2
BRDA:516,37,1,0
BRDA:521,38,0,0
BRDA:521,38,1,2
BRDA:535,39,0,2
BRDA:535,39,1,4
BRDA:537,40,0,2
BRDA:537,40,1,2
BRDA:552,41,0,5
BRDA:552,41,1,1
BRDA:577,42,0,5
BRDA:577,42,1,1
BRDA:580,43,0,5
BRDA:580,43,1,1
BRDA:591,44,0,2
BRDA:591,44,1,2
BRDA:591,44,2,2
BRDA:597,45,0,4
BRDA:597,45,1,0
BRDA:599,46,0,0
BRDA:599,46,1,0
BRDA:599,46,2,0
BRDA:609,47,0,2
BRDA:609,47,1,2
BRDA:609,47,2,2
BRDA:643,48,0,31
BRDA:643,48,1,23
BRDA:643,49,0,54
BRDA:643,49,1,31
BRDA:644,50,0,1
BRDA:644,50,1,30
BRDA:656,51,0,30
BRDA:656,51,1,0
BRDA:710,52,0,12
BRDA:710,52,1,0
BRF:113
BRH:86
end_of_record
TN:
SF:src/components/widgets/businessvalue/CostEstimationWidget.tsx
FN:24,(anonymous_0)
FN:47,(anonymous_1)
FN:58,(anonymous_2)
FN:68,(anonymous_3)
FN:100,(anonymous_4)
FN:115,(anonymous_5)
FN:131,(anonymous_6)
FN:141,(anonymous_7)
FN:151,(anonymous_8)
FN:162,(anonymous_9)
FN:200,(anonymous_10)
FN:454,(anonymous_11)
FN:497,getDefaultExpertise
FNF:13
FNH:12
FNDA:73,(anonymous_0)
FNDA:48,(anonymous_1)
FNDA:48,(anonymous_2)
FNDA:48,(anonymous_3)
FNDA:48,(anonymous_4)
FNDA:0,(anonymous_5)
FNDA:48,(anonymous_6)
FNDA:100,(anonymous_7)
FNDA:47,(anonymous_8)
FNDA:48,(anonymous_9)
FNDA:48,(anonymous_10)
FNDA:228,(anonymous_11)
FNDA:48,getDefaultExpertise
DA:24,6
DA:36,73
DA:46,73
DA:47,48
DA:57,73
DA:58,48
DA:68,73
DA:70,48
DA:79,48
DA:80,48
DA:81,48
DA:84,48
DA:87,48
DA:90,48
DA:92,48
DA:100,73
DA:104,48
DA:105,48
DA:106,46
DA:109,2
DA:113,2
DA:114,0
DA:115,0
DA:116,0
DA:118,0
DA:119,0
DA:123,2
DA:125,0
DA:126,0
DA:131,73
DA:133,48
DA:141,100
DA:144,48
DA:151,73
DA:152,47
DA:158,47
DA:162,73
DA:164,48
DA:171,48
DA:200,73
DA:201,48
DA:202,48
DA:208,73
DA:455,228
DA:501,48
DA:502,0
DA:504,0
DA:506,0
DA:508,0
DA:514,0
DA:521,0
DA:529,0
DA:533,48
DA:534,2
DA:536,0
DA:538,0
DA:540,1
DA:546,1
DA:553,0
DA:560,0
DA:565,46
DA:567,1
DA:569,3
DA:571,35
DA:573,4
DA:580,3
DA:588,0
LF:67
LH:48
BRDA:28,0,0,73
BRDA:29,1,0,73
BRDA:79,2,0,48
BRDA:79,2,1,1
BRDA:80,3,0,48
BRDA:80,3,1,0
BRDA:81,4,0,48
BRDA:81,4,1,0
BRDA:105,5,0,46
BRDA:105,5,1,2
BRDA:113,6,0,0
BRDA:113,6,1,2
BRDA:113,7,0,2
BRDA:113,7,1,2
BRDA:113,7,2,2
BRDA:115,8,0,0
BRDA:115,8,1,0
BRDA:115,9,0,0
BRDA:115,9,1,0
BRDA:118,10,0,0
BRDA:118,10,1,0
BRDA:158,11,0,47
BRDA:158,11,1,0
BRDA:173,12,0,47
BRDA:173,12,1,1
BRDA:181,13,0,47
BRDA:181,13,1,1
BRDA:189,14,0,47
BRDA:189,14,1,1
BRDA:203,15,0,47
BRDA:203,15,1,1
BRDA:204,16,0,47
BRDA:204,16,1,1
BRDA:210,17,0,73
BRDA:210,17,1,0
BRDA:211,18,0,73
BRDA:211,18,1,0
BRDA:501,19,0,0
BRDA:501,19,1,48
BRDA:502,20,0,0
BRDA:502,20,1,0
BRDA:502,20,2,0
BRDA:502,20,3,0
BRDA:502,20,4,0
BRDA:502,20,5,0
BRDA:533,21,0,2
BRDA:533,21,1,46
BRDA:534,22,0,0
BRDA:534,22,1,0
BRDA:534,22,2,1
BRDA:534,22,3,1
BRDA:534,22,4,0
BRDA:534,22,5,0
BRDA:565,23,0,46
BRDA:565,23,1,3
BRDA:565,23,2,35
BRDA:565,23,3,4
BRDA:565,23,4,3
BRDA:565,23,5,0
BRF:59
BRH:35
end_of_record
TN:
SF:src/components/widgets/businessvalue/ValueCreationWidget.tsx
FN:61,(anonymous_0)
FN:72,(anonymous_1)
FN:82,(anonymous_2)
FN:101,(anonymous_3)
FN:119,(anonymous_4)
FN:161,(anonymous_5)
FN:253,(anonymous_6)
FN:276,(anonymous_7)
FN:316,(anonymous_8)
FN:379,(anonymous_9)
FN:421,(anonymous_10)
FN:446,(anonymous_11)
FN:474,(anonymous_12)
FN:531,generateFallbackValueMetrics
FN:586,getPercentageValue
FNF:15
FNH:15
FNDA:72,(anonymous_0)
FNDA:47,(anonymous_1)
FNDA:47,(anonymous_2)
FNDA:47,(anonymous_3)
FNDA:72,(anonymous_4)
FNDA:216,(anonymous_5)
FNDA:72,(anonymous_6)
FNDA:72,(anonymous_7)
FNDA:72,(anonymous_8)
FNDA:432,(anonymous_9)
FNDA:216,(anonymous_10)
FNDA:218,(anonymous_11)
FNDA:213,(anonymous_12)
FNDA:72,generateFallbackValueMetrics
FNDA:432,getPercentageValue
DA:61,6
DA:69,72
DA:72,72
DA:74,47
DA:82,72
DA:84,47
DA:86,4
DA:88,4
DA:90,33
DA:92,2
DA:94,4
DA:96,0
DA:101,72
DA:102,47
DA:104,4
DA:106,4
DA:108,33
DA:110,2
DA:112,4
DA:114,0
DA:119,72
DA:120,72
DA:121,72
DA:123,27
DA:124,0
DA:130,0
DA:131,0
DA:137,72
DA:144,0
DA:145,0
DA:161,72
DA:165,216
DA:166,216
DA:168,81
DA:170,0
DA:172,0
DA:173,0
DA:179,216
DA:181,72
DA:182,16
DA:186,56
DA:187,43
DA:193,13
DA:202,72
DA:203,12
DA:207,60
DA:208,46
DA:214,14
DA:223,72
DA:224,14
DA:228,58
DA:229,44
DA:235,14
DA:244,0
DA:247,0
DA:248,0
DA:253,72
DA:254,72
DA:256,72
DA:262,72
DA:267,0
DA:268,0
DA:276,72
DA:277,72
DA:278,72
DA:280,27
DA:281,0
DA:287,0
DA:288,0
DA:294,72
DA:296,0
DA:298,7
DA:300,47
DA:302,3
DA:304,7
DA:306,8
DA:309,0
DA:310,0
DA:315,72
DA:316,72
DA:326,72
DA:380,432
DA:422,216
DA:447,218
DA:475,213
DA:538,72
DA:545,72
DA:587,432
DA:591,432
LF:89
LH:68
BRDA:65,0,0,72
BRDA:66,1,0,72
BRDA:84,2,0,4
BRDA:84,2,1,4
BRDA:84,2,2,33
BRDA:84,2,3,2
BRDA:84,2,4,4
BRDA:84,2,5,0
BRDA:102,3,0,4
BRDA:102,3,1,4
BRDA:102,3,2,33
BRDA:102,3,3,2
BRDA:102,3,4,4
BRDA:102,3,5,0
BRDA:121,4,0,27
BRDA:121,4,1,45
BRDA:123,5,0,0
BRDA:123,5,1,27
BRDA:130,6,0,0
BRDA:130,6,1,0
BRDA:130,7,0,0
BRDA:130,7,1,0
BRDA:166,8,0,81
BRDA:166,8,1,135
BRDA:168,9,0,0
BRDA:168,9,1,81
BRDA:172,10,0,0
BRDA:172,10,1,0
BRDA:172,11,0,0
BRDA:172,11,1,0
BRDA:179,12,0,72
BRDA:179,12,1,72
BRDA:179,12,2,72
BRDA:179,12,3,0
BRDA:181,13,0,16
BRDA:181,13,1,56
BRDA:181,14,0,72
BRDA:181,14,1,64
BRDA:186,15,0,43
BRDA:186,15,1,13
BRDA:202,16,0,12
BRDA:202,16,1,60
BRDA:202,17,0,72
BRDA:202,17,1,68
BRDA:207,18,0,46
BRDA:207,18,1,14
BRDA:223,19,0,14
BRDA:223,19,1,58
BRDA:223,20,0,72
BRDA:223,20,1,66
BRDA:228,21,0,44
BRDA:228,21,1,14
BRDA:263,22,0,72
BRDA:263,22,1,0
BRDA:278,23,0,27
BRDA:278,23,1,45
BRDA:280,24,0,0
BRDA:280,24,1,27
BRDA:287,25,0,0
BRDA:287,25,1,0
BRDA:287,26,0,0
BRDA:287,26,1,0
BRDA:294,27,0,0
BRDA:294,27,1,7
BRDA:294,27,2,47
BRDA:294,27,3,3
BRDA:294,27,4,7
BRDA:294,27,5,8
BRDA:328,28,0,72
BRDA:328,28,1,0
BRDA:329,29,0,72
BRDA:329,29,1,0
BRDA:387,30,0,432
BRDA:387,30,1,0
BRF:74
BRH:51
end_of_record
TN:
SF:src/components/widgets/impactanalysis/AvailabilityImpactWidget.tsx
FN:72,(anonymous_0)
FN:90,(anonymous_1)
FN:106,(anonymous_2)
FN:127,(anonymous_3)
FNF:4
FNH:4
FNDA:31,(anonymous_0)
FNDA:31,(anonymous_1)
FNDA:31,(anonymous_2)
FNDA:31,(anonymous_3)
DA:72,6
DA:82,31
DA:87,31
DA:90,31
DA:91,31
DA:93,10
DA:94,10
DA:98,10
DA:100,0
DA:101,0
DA:106,31
DA:107,31
DA:108,21
DA:111,10
DA:112,10
DA:117,10
DA:121,0
DA:122,0
DA:127,31
DA:129,31
DA:132,31
DA:135,10
DA:144,31
LF:23
LH:19
BRDA:77,0,0,31
BRDA:78,1,0,31
BRDA:79,2,0,31
BRDA:83,3,0,31
BRDA:83,3,1,0
BRDA:83,3,2,0
BRDA:91,4,0,21
BRDA:91,4,1,10
BRDA:98,5,0,0
BRDA:98,5,1,10
BRDA:107,6,0,21
BRDA:107,6,1,10
BRDA:118,7,0,10
BRDA:118,7,1,0
BRDA:132,8,0,21
BRDA:132,8,1,10
BRDA:136,9,0,10
BRDA:136,9,1,0
BRDA:137,10,0,31
BRDA:137,10,1,0
BRDA:138,11,0,31
BRDA:138,11,1,0
BRDA:139,12,0,31
BRDA:139,12,1,0
BRDA:140,13,0,31
BRDA:140,13,1,1
BRDA:147,14,0,31
BRDA:147,14,1,0
BRDA:149,15,0,31
BRDA:149,15,1,0
BRDA:169,16,0,31
BRDA:169,16,1,31
BRF:32
BRH:22
end_of_record
TN:
SF:src/components/widgets/impactanalysis/ConfidentialityImpactWidget.tsx
FN:33,(anonymous_0)
FN:54,(anonymous_1)
FN:73,(anonymous_2)
FN:94,(anonymous_3)
FN:108,(anonymous_4)
FNF:5
FNH:5
FNDA:32,(anonymous_0)
FNDA:32,(anonymous_1)
FNDA:32,(anonymous_2)
FNDA:32,(anonymous_3)
FNDA:32,(anonymous_4)
DA:33,6
DA:47,32
DA:51,32
DA:54,32
DA:55,32
DA:56,32
DA:57,21
DA:60,11
DA:65,11
DA:67,0
DA:68,0
DA:73,32
DA:74,32
DA:75,32
DA:76,21
DA:79,11
DA:84,11
DA:88,0
DA:89,0
DA:94,32
DA:95,32
DA:96,21
DA:99,11
DA:100,11
DA:102,0
DA:103,0
DA:108,32
DA:109,32
DA:110,10
DA:112,22
DA:115,32
LF:31
LH:25
BRDA:38,0,0,32
BRDA:39,1,0,32
BRDA:51,2,0,32
BRDA:51,2,1,0
BRDA:51,2,2,0
BRDA:56,3,0,21
BRDA:56,3,1,11
BRDA:65,4,0,0
BRDA:65,4,1,11
BRDA:75,5,0,21
BRDA:75,5,1,11
BRDA:85,6,0,11
BRDA:85,6,1,0
BRDA:95,7,0,21
BRDA:95,7,1,11
BRDA:109,8,0,10
BRDA:109,8,1,22
BRDA:109,9,0,32
BRDA:109,9,1,11
BRDA:118,10,0,32
BRDA:118,10,1,0
BRDA:121,11,0,32
BRDA:121,11,1,0
BRDA:145,12,0,32
BRDA:145,12,1,32
BRF:25
BRH:19
end_of_record
TN:
SF:src/components/widgets/impactanalysis/IntegrityImpactWidget.tsx
FN:37,(anonymous_0)
FN:55,(anonymous_1)
FN:73,(anonymous_2)
FN:91,(anonymous_3)
FN:107,(anonymous_4)
FN:115,(anonymous_5)
FN:191,(anonymous_6)
FNF:7
FNH:7
FNDA:33,(anonymous_0)
FNDA:33,(anonymous_1)
FNDA:33,(anonymous_2)
FNDA:33,(anonymous_3)
FNDA:33,(anonymous_4)
FNDA:33,(anonymous_5)
FNDA:2,(anonymous_6)
DA:37,6
DA:47,33
DA:52,33
DA:55,33
DA:56,33
DA:57,33
DA:58,21
DA:61,12
DA:65,12
DA:67,0
DA:68,0
DA:73,33
DA:74,33
DA:75,33
DA:76,21
DA:79,12
DA:83,12
DA:85,0
DA:86,0
DA:91,33
DA:92,33
DA:93,33
DA:94,21
DA:97,12
DA:101,0
DA:102,0
DA:107,33
DA:108,33
DA:109,11
DA:111,22
DA:115,33
DA:116,33
DA:117,11
DA:119,22
DA:122,33
DA:192,2
LF:36
LH:30
BRDA:42,0,0,33
BRDA:43,1,0,33
BRDA:44,2,0,33
BRDA:48,3,0,33
BRDA:48,3,1,1
BRDA:48,3,2,0
BRDA:57,4,0,21
BRDA:57,4,1,12
BRDA:57,5,0,33
BRDA:57,5,1,12
BRDA:65,6,0,0
BRDA:65,6,1,12
BRDA:75,7,0,21
BRDA:75,7,1,12
BRDA:75,8,0,33
BRDA:75,8,1,12
BRDA:83,9,0,12
BRDA:83,9,1,0
BRDA:93,10,0,21
BRDA:93,10,1,12
BRDA:93,11,0,33
BRDA:93,11,1,12
BRDA:98,12,0,12
BRDA:98,12,1,0
BRDA:108,13,0,11
BRDA:108,13,1,22
BRDA:108,14,0,33
BRDA:108,14,1,12
BRDA:116,15,0,11
BRDA:116,15,1,22
BRDA:116,16,0,33
BRDA:116,16,1,12
BRDA:124,17,0,33
BRDA:124,17,1,0
BRDA:125,18,0,33
BRDA:125,18,1,0
BRDA:145,19,0,33
BRDA:145,19,1,33
BRDA:187,20,0,33
BRDA:187,20,1,1
BRDA:187,20,2,1
BRF:41
BRH:35
end_of_record
TN:
SF:src/components/widgets/implementationguide/CIAComponentDetails.tsx
FN:79,(anonymous_0)
FN:93,(anonymous_1)
FN:99,(anonymous_2)
FN:108,(anonymous_3)
FN:204,(anonymous_4)
FN:257,(anonymous_5)
FNF:6
FNH:6
FNDA:48,(anonymous_0)
FNDA:48,(anonymous_1)
FNDA:48,(anonymous_2)
FNDA:144,(anonymous_3)
FNDA:96,(anonymous_4)
FNDA:110,(anonymous_5)
DA:26,7
DA:79,7
DA:90,48
DA:93,48
DA:94,48
DA:95,48
DA:99,48
DA:100,48
DA:101,48
DA:108,48
DA:113,144
DA:114,144
DA:115,48
DA:116,48
DA:118,96
DA:121,48
DA:205,96
DA:258,110
LF:18
LH:18
BRDA:113,0,0,0
BRDA:113,0,1,144
BRDA:114,1,0,48
BRDA:114,1,1,96
BRDA:114,2,0,144
BRDA:114,2,1,144
BRDA:116,3,0,48
BRDA:116,3,1,0
BRDA:116,4,0,48
BRDA:116,4,1,48
BRF:10
BRH:8
end_of_record
TN:
SF:src/components/widgets/implementationguide/SecurityResourcesWidget.tsx
FN:66,(anonymous_0)
FN:89,(anonymous_1)
FN:137,(anonymous_2)
FN:146,(anonymous_3)
FN:174,(anonymous_4)
FN:176,(anonymous_5)
FN:185,(anonymous_6)
FN:191,(anonymous_7)
FN:199,(anonymous_8)
FN:213,(anonymous_9)
FN:220,(anonymous_10)
FN:227,(anonymous_11)
FN:235,(anonymous_12)
FN:243,(anonymous_13)
FN:262,(anonymous_14)
FN:329,(anonymous_15)
FN:335,(anonymous_16)
FN:343,(anonymous_17)
FN:414,(anonymous_18)
FN:432,(anonymous_19)
FN:444,(anonymous_20)
FN:447,(anonymous_21)
FN:459,(anonymous_22)
FNF:23
FNH:15
FNDA:31,(anonymous_0)
FNDA:31,(anonymous_1)
FNDA:69,(anonymous_2)
FNDA:26,(anonymous_3)
FNDA:31,(anonymous_4)
FNDA:36,(anonymous_5)
FNDA:31,(anonymous_6)
FNDA:0,(anonymous_7)
FNDA:2,(anonymous_8)
FNDA:31,(anonymous_9)
FNDA:0,(anonymous_10)
FNDA:1,(anonymous_11)
FNDA:0,(anonymous_12)
FNDA:31,(anonymous_13)
FNDA:30,(anonymous_14)
FNDA:0,(anonymous_15)
FNDA:20,(anonymous_16)
FNDA:0,(anonymous_17)
FNDA:24,(anonymous_18)
FNDA:0,(anonymous_19)
FNDA:3,(anonymous_20)
FNDA:0,(anonymous_21)
FNDA:0,(anonymous_22)
DA:66,6
DA:80,31
DA:83,31
DA:84,31
DA:85,31
DA:86,31
DA:89,31
DA:90,31
DA:91,31
DA:92,21
DA:96,10
DA:108,31
DA:114,31
DA:127,31
DA:134,31
DA:135,31
DA:137,31
DA:138,69
DA:139,69
DA:140,36
DA:141,36
DA:146,31
DA:148,26
DA:152,26
DA:157,26
DA:158,26
DA:160,0
DA:163,0
DA:164,0
DA:174,31
DA:175,31
DA:176,31
DA:177,36
DA:178,22
DA:181,31
DA:185,31
DA:186,31
DA:189,31
DA:190,0
DA:191,0
DA:196,31
DA:197,1
DA:198,1
DA:200,2
DA:209,31
DA:213,31
DA:214,31
DA:215,31
DA:216,31
DA:220,31
DA:221,0
DA:222,0
DA:226,31
DA:228,1
DA:229,1
DA:235,31
DA:236,0
DA:240,31
DA:243,31
DA:244,31
DA:245,31
DA:246,21
DA:249,10
DA:262,30
DA:264,0
DA:265,0
DA:274,31
DA:329,0
DA:336,20
DA:343,0
DA:415,24
DA:432,0
DA:445,3
DA:447,0
DA:459,0
LF:75
LH:60
BRDA:70,0,0,31
BRDA:71,1,0,31
BRDA:72,2,0,31
BRDA:73,3,0,31
BRDA:91,4,0,21
BRDA:91,4,1,10
BRDA:96,5,0,10
BRDA:96,5,1,0
BRDA:108,6,0,10
BRDA:108,6,1,0
BRDA:114,7,0,10
BRDA:114,7,1,0
BRDA:128,8,0,31
BRDA:128,8,1,0
BRDA:129,9,0,31
BRDA:129,9,1,0
BRDA:130,10,0,31
BRDA:130,10,1,0
BRDA:138,11,0,69
BRDA:138,11,1,0
BRDA:139,12,0,36
BRDA:139,12,1,33
BRDA:148,13,0,0
BRDA:148,13,1,26
BRDA:148,14,0,26
BRDA:148,14,1,26
BRDA:152,15,0,0
BRDA:152,15,1,26
BRDA:152,16,0,26
BRDA:152,16,1,26
BRDA:157,17,0,26
BRDA:157,17,1,0
BRDA:157,18,0,26
BRDA:157,18,1,26
BRDA:177,19,0,22
BRDA:177,19,1,14
BRDA:189,20,0,0
BRDA:189,20,1,31
BRDA:196,21,0,1
BRDA:196,21,1,30
BRDA:200,22,0,2
BRDA:200,22,1,2
BRDA:200,22,2,2
BRDA:200,22,3,2
BRDA:245,23,0,21
BRDA:245,23,1,10
BRDA:276,24,0,31
BRDA:276,24,1,0
BRDA:277,25,0,31
BRDA:277,25,1,0
BRDA:319,26,0,31
BRDA:319,26,1,10
BRDA:325,27,0,10
BRDA:325,27,1,0
BRDA:339,28,0,0
BRDA:339,28,1,20
BRDA:391,29,0,0
BRDA:391,29,1,31
BRDA:397,30,0,31
BRDA:397,30,1,22
BRDA:404,31,0,1
BRDA:404,31,1,21
BRDA:412,32,0,31
BRDA:412,32,1,9
BRDA:416,33,0,24
BRDA:416,33,1,0
BRDA:425,34,0,31
BRDA:425,34,1,1
BRDA:435,35,0,1
BRDA:435,35,1,0
BRDA:449,36,0,1
BRDA:449,36,1,2
BRDA:462,37,0,0
BRDA:462,37,1,1
BRDA:506,38,0,31
BRDA:506,38,1,10
BRDA:509,39,0,10
BRDA:509,39,1,10
BRDA:517,40,0,10
BRDA:517,40,1,0
BRDA:522,41,0,10
BRDA:522,41,1,1
BRDA:527,42,0,10
BRDA:527,42,1,1
BRDA:535,43,0,10
BRDA:535,43,1,10
BRDA:543,44,0,10
BRDA:543,44,1,0
BRDA:548,45,0,10
BRDA:548,45,1,1
BRDA:553,46,0,10
BRDA:553,46,1,1
BRDA:561,47,0,10
BRDA:561,47,1,10
BRDA:569,48,0,10
BRDA:569,48,1,0
BRDA:574,49,0,10
BRDA:574,49,1,1
BRDA:579,50,0,10
BRDA:579,50,1,1
BRF:100
BRH:78
end_of_record
TN:
SF:src/components/widgets/implementationguide/SecurityVisualizationWidget.tsx
FN:63,(anonymous_0)
FN:75,(anonymous_1)
FN:97,(anonymous_2)
FN:110,(anonymous_3)
FNF:4
FNH:4
FNDA:54,(anonymous_0)
FNDA:26,(anonymous_1)
FNDA:26,(anonymous_2)
FNDA:54,(anonymous_3)
DA:63,7
DA:71,54
DA:75,54
DA:77,26
DA:78,26
DA:79,26
DA:83,26
DA:84,26
DA:85,26
DA:90,26
DA:91,26
DA:93,26
DA:97,54
DA:99,26
DA:106,26
DA:110,54
DA:111,54
DA:112,54
DA:113,54
DA:116,54
DA:120,52
DA:121,0
DA:136,54
DA:166,54
LF:24
LH:23
BRDA:67,0,0,54
BRDA:68,1,0,54
BRDA:116,2,0,52
BRDA:116,2,1,2
BRDA:117,3,0,54
BRDA:117,3,1,52
BRDA:120,4,0,0
BRDA:120,4,1,52
BRDA:120,5,0,52
BRDA:120,5,1,52
BRDA:138,6,0,54
BRDA:138,6,1,10
BRDA:146,7,0,54
BRDA:146,7,1,54
BRDA:154,8,0,54
BRDA:154,8,1,8
BRDA:168,9,0,54
BRDA:168,9,1,0
BRDA:169,10,0,54
BRDA:169,10,1,0
BRF:20
BRH:17
end_of_record
TN:
SF:src/components/widgets/implementationguide/TechnicalDetailsWidget.tsx
FN:49,(anonymous_0)
FN:105,(anonymous_1)
FN:116,(anonymous_2)
FN:127,(anonymous_3)
FNF:4
FNH:3
FNDA:36,(anonymous_0)
FNDA:0,(anonymous_1)
FNDA:3,(anonymous_2)
FNDA:1,(anonymous_3)
DA:49,6
DA:57,36
DA:62,36
DA:74,36
DA:81,36
DA:105,0
DA:116,3
DA:127,1
LF:8
LH:7
BRDA:53,0,0,36
BRDA:54,1,0,36
BRDA:84,2,0,36
BRDA:84,2,1,0
BRDA:86,3,0,36
BRDA:86,3,1,0
BRDA:107,4,0,32
BRDA:107,4,1,4
BRDA:118,5,0,3
BRDA:118,5,1,33
BRDA:129,6,0,1
BRDA:129,6,1,35
BRDA:140,7,0,36
BRDA:140,7,1,32
BRDA:156,8,0,36
BRDA:156,8,1,3
BRDA:172,9,0,36
BRDA:172,9,1,1
BRF:18
BRH:16
end_of_record
TN:
SF:src/constants/appConstants.ts
FN:28,(anonymous_0)
FN:333,(anonymous_1)
FNF:2
FNH:0
FNDA:0,(anonymous_0)
FNDA:0,(anonymous_1)
DA:28,36
DA:36,0
DA:37,0
DA:46,0
DA:70,36
DA:79,36
DA:86,36
DA:93,36
DA:101,36
DA:117,36
DA:126,36
DA:138,36
DA:147,36
DA:158,36
DA:166,36
DA:174,36
DA:182,36
DA:191,36
DA:225,36
DA:256,36
DA:264,36
DA:273,36
DA:280,36
DA:333,0
DA:341,36
DA:356,36
DA:396,36
DA:427,36
DA:446,36
DA:464,36
DA:479,36
DA:493,36
DA:498,36
DA:508,36
DA:520,36
DA:530,36
DA:540,36
DA:549,36
DA:558,36
DA:563,36
DA:579,36
LF:41
LH:37
BRDA:36,0,0,0
BRDA:36,0,1,0
BRDA:48,1,0,0
BRDA:48,1,1,0
BRDA:49,2,0,0
BRDA:49,2,1,0
BRDA:51,3,0,0
BRDA:51,3,1,0
BRDA:52,4,0,0
BRDA:52,4,1,0
BRDA:54,5,0,0
BRDA:54,5,1,0
BRDA:55,6,0,0
BRDA:55,6,1,0
BRDA:59,7,0,0
BRDA:59,7,1,0
BRDA:60,8,0,0
BRDA:60,8,1,0
BRDA:62,9,0,0
BRDA:62,9,1,0
BRDA:63,10,0,0
BRDA:63,10,1,0
BRF:22
BRH:0
end_of_record
TN:
SF:src/constants/businessConstants.ts
FN:767,getBusinessConsiderationsForCategory
FN:785,getBusinessBenefitsForLevel
FN:797,getIndustryROIFactor
FNF:3
FNH:0
FNDA:0,getBusinessConsiderationsForCategory
FNDA:0,getBusinessBenefitsForLevel
FNDA:0,getIndustryROIFactor
DA:25,7
DA:185,7
DA:270,7
DA:335,7
DA:349,7
DA:381,7
DA:637,7
DA:724,7
DA:770,0
DA:771,0
DA:772,0
DA:776,0
DA:788,0
DA:798,0
DA:799,0
LF:15
LH:8
BRDA:771,0,0,0
BRDA:771,0,1,0
BRDA:788,1,0,0
BRDA:788,1,1,0
BRDA:800,2,0,0
BRDA:800,2,1,0
BRF:6
BRH:0
end_of_record
TN:
SF:src/constants/coreConstants.ts
FN:132,(anonymous_0)
FNF:1
FNH:0
FNDA:0,(anonymous_0)
DA:4,1
DA:22,1
DA:28,1
DA:35,1
DA:44,1
DA:53,1
DA:79,1
DA:108,1
DA:132,0
DA:149,1
DA:158,1
DA:166,1
DA:179,1
DA:203,1
DA:224,1
DA:235,1
DA:250,1
DA:261,1
DA:266,1
DA:279,1
DA:291,1
DA:300,1
DA:313,1
DA:323,1
DA:333,1
DA:346,1
DA:356,1
LF:27
LH:26
BRF:0
BRH:0
end_of_record
TN:
SF:src/constants/costConstants.ts
FN:243,formatCurrency
FN:257,formatPercentage
FN:269,calculateTotalCapex
FN:289,calculateTotalOpex
FNF:4
FNH:0
FNDA:0,formatCurrency
FNDA:0,formatPercentage
FNDA:0,calculateTotalCapex
FNDA:0,calculateTotalOpex
DA:15,6
DA:32,6
DA:42,6
DA:55,6
DA:86,6
DA:107,6
DA:117,6
DA:128,6
DA:148,6
DA:158,6
DA:168,6
DA:184,6
DA:196,6
DA:207,6
DA:218,6
DA:229,6
DA:244,0
DA:258,0
DA:274,0
DA:294,0
LF:20
LH:16
BRDA:243,0,0,0
BRF:1
BRH:0
end_of_record
TN:
SF:src/constants/index.ts
FNF:0
FNH:0
LF:0
LH:0
BRF:0
BRH:0
end_of_record
TN:
SF:src/constants/riskConstants.ts
FN:196,getRiskLevelColor
FN:206,getRiskLevelFromSecurityLevel
FNF:2
FNH:0
FNDA:0,getRiskLevelColor
FNDA:0,getRiskLevelFromSecurityLevel
DA:7,39
DA:25,39
DA:34,39
DA:46,39
DA:57,39
DA:68,39
DA:80,39
DA:91,39
DA:105,39
DA:118,39
DA:133,39
DA:153,39
DA:167,39
DA:197,0
DA:209,0
LF:15
LH:13
BRDA:197,0,0,0
BRDA:197,0,1,0
BRDA:209,1,0,0
BRDA:209,1,1,0
BRF:4
BRH:0
end_of_record
TN:
SF:src/constants/securityLevels.ts
FN:111,getSecurityLevelByValue
FN:121,getSecurityLevelValue
FN:148,getRiskLevelForSecurity
FNF:3
FNH:0
FNDA:0,getSecurityLevelByValue
FNDA:0,getSecurityLevelValue
FNDA:0,getRiskLevelForSecurity
DA:7,33
DA:19,33
DA:30,33
DA:41,33
DA:57,33
DA:71,33
DA:97,33
DA:112,0
DA:122,0
DA:134,33
DA:149,0
LF:11
LH:8
BRDA:112,0,0,0
BRDA:112,0,1,0
BRDA:122,1,0,0
BRDA:122,1,1,0
BRDA:149,2,0,0
BRDA:149,2,1,0
BRF:6
BRH:0
end_of_record
TN:
SF:src/constants/testConstants.ts
FN:20,(anonymous_0)
FN:24,(anonymous_1)
FN:30,(anonymous_2)
FN:35,(anonymous_3)
FN:36,(anonymous_4)
FN:87,(anonymous_5)
FN:100,(anonymous_6)
FN:111,(anonymous_7)
FNF:8
FNH:7
FNDA:2,(anonymous_0)
FNDA:0,(anonymous_1)
FNDA:2,(anonymous_2)
FNDA:1,(anonymous_3)
FNDA:1,(anonymous_4)
FNDA:1,(anonymous_5)
FNDA:1,(anonymous_6)
FNDA:2,(anonymous_7)
DA:6,1
DA:13,1
DA:20,1
DA:21,2
DA:24,1
DA:26,0
DA:27,0
DA:30,1
DA:31,2
DA:32,2
DA:35,1
DA:36,1
DA:37,1
DA:42,1
DA:67,1
DA:74,1
DA:87,1
DA:88,1
DA:90,1
DA:98,1
DA:101,1
DA:103,1
DA:112,2
DA:119,1
LF:24
LH:22
BRDA:20,0,0,2
BRDA:37,1,0,1
BRDA:37,1,1,1
BRDA:90,2,0,1
BRDA:90,2,1,0
BRDA:104,3,0,1
BRDA:104,3,1,1
BRDA:104,3,2,1
BRDA:112,4,0,1
BRDA:112,4,1,1
BRF:10
BRH:9
end_of_record
TN:
SF:src/constants/testIds.ts
FN:10,(anonymous_0)
FN:20,(anonymous_1)
FN:31,(anonymous_2)
FN:36,(anonymous_3)
FN:41,(anonymous_4)
FN:46,(anonymous_5)
FN:51,(anonymous_6)
FN:56,(anonymous_7)
FN:62,(anonymous_8)
FN:67,(anonymous_9)
FN:72,(anonymous_10)
FN:77,(anonymous_11)
FN:82,(anonymous_12)
FN:87,(anonymous_13)
FN:92,(anonymous_14)
FN:98,(anonymous_15)
FN:103,(anonymous_16)
FN:113,(anonymous_17)
FN:123,(anonymous_18)
FN:128,(anonymous_19)
FN:133,(anonymous_20)
FN:138,(anonymous_21)
FN:143,(anonymous_22)
FN:153,categorySpecific
FN:164,(anonymous_24)
FN:165,(anonymous_25)
FN:173,(anonymous_26)
FN:186,(anonymous_27)
FN:193,(anonymous_28)
FN:958,(anonymous_29)
FN:965,asSecurityLevel
FNF:31
FNH:20
FNDA:2,(anonymous_0)
FNDA:2,(anonymous_1)
FNDA:0,(anonymous_2)
FNDA:0,(anonymous_3)
FNDA:0,(anonymous_4)
FNDA:0,(anonymous_5)
FNDA:1,(anonymous_6)
FNDA:1,(anonymous_7)
FNDA:1,(anonymous_8)
FNDA:1,(anonymous_9)
FNDA:1,(anonymous_10)
FNDA:1,(anonymous_11)
FNDA:1,(anonymous_12)
FNDA:1,(anonymous_13)
FNDA:0,(anonymous_14)
FNDA:0,(anonymous_15)
FNDA:1,(anonymous_16)
FNDA:1,(anonymous_17)
FNDA:1,(anonymous_18)
FNDA:1,(anonymous_19)
FNDA:2,(anonymous_20)
FNDA:2,(anonymous_21)
FNDA:1,(anonymous_22)
FNDA:0,categorySpecific
FNDA:0,(anonymous_24)
FNDA:0,(anonymous_25)
FNDA:0,(anonymous_26)
FNDA:1,(anonymous_27)
FNDA:0,(anonymous_28)
FNDA:2,(anonymous_29)
FNDA:3,asSecurityLevel
DA:10,24
DA:14,2
DA:20,24
DA:21,2
DA:27,24
DA:31,0
DA:36,0
DA:41,0
DA:46,0
DA:51,1
DA:57,1
DA:62,1
DA:67,1
DA:72,1
DA:77,1
DA:82,1
DA:87,1
DA:93,0
DA:98,0
DA:104,1
DA:116,1
DA:117,1
DA:123,1
DA:128,1
DA:133,2
DA:138,2
DA:143,1
DA:154,0
DA:160,24
DA:165,0
DA:166,0
DA:174,0
DA:187,1
DA:196,0
DA:204,24
DA:212,24
DA:288,24
DA:365,24
DA:425,24
DA:438,24
DA:471,24
DA:509,24
DA:527,24
DA:568,24
DA:591,24
DA:620,24
DA:642,24
DA:669,24
DA:708,24
DA:727,24
DA:733,24
DA:743,24
DA:789,24
DA:813,24
DA:838,24
DA:874,24
DA:915,24
DA:958,24
DA:959,2
DA:966,3
LF:60
LH:49
BRDA:166,0,0,0
BRDA:166,0,1,0
BRF:2
BRH:0
end_of_record
TN:
SF:src/constants/uiConstants.ts
FN:67,getComponentIcon
FN:77,getBusinessImpactIcon
FN:92,getSecurityIcon
FNF:3
FNH:1
FNDA:108,getComponentIcon
FNDA:0,getBusinessImpactIcon
FNDA:0,getSecurityIcon
DA:8,36
DA:26,36
DA:37,36
DA:46,36
DA:68,108
DA:78,0
DA:81,0
DA:83,0
DA:93,0
DA:96,0
DA:98,0
DA:104,36
LF:12
LH:6
BRDA:68,0,0,108
BRDA:68,0,1,0
BRDA:83,1,0,0
BRDA:83,1,1,0
BRDA:98,2,0,0
BRDA:98,2,1,0
BRF:6
BRH:1
end_of_record
TN:
SF:src/data/ciaOptionsData.ts
FN:315,getCIAOptionsForComponent
FN:337,getImplementationDetails
FN:403,getDefaultSLAMetrics
FN:468,getDefaultPrivacyImpact
FN:491,getDefaultValidationLevel
FN:514,(anonymous_5)
FNF:6
FNH:6
FNDA:3,getCIAOptionsForComponent
FNDA:23,getImplementationDetails
FNDA:40,getDefaultSLAMetrics
FNDA:31,getDefaultPrivacyImpact
FNDA:31,getDefaultValidationLevel
FNDA:33,(anonymous_5)
DA:16,22
DA:22,22
DA:28,22
DA:34,22
DA:46,22
DA:131,22
DA:205,22
DA:274,22
DA:318,3
DA:320,1
DA:322,1
DA:324,1
DA:326,0
DA:341,23
DA:349,23
DA:357,23
DA:367,23
DA:369,23
DA:371,11
DA:372,11
DA:374,6
DA:375,6
DA:377,6
DA:378,6
DA:382,23
DA:385,23
DA:388,23
DA:390,23
DA:410,40
DA:412,3
DA:420,2
DA:428,28
DA:436,3
DA:444,3
DA:452,1
DA:469,31
DA:471,2
DA:473,1
DA:475,23
DA:477,2
DA:479,2
DA:481,1
DA:492,31
DA:494,2
DA:496,1
DA:498,23
DA:500,2
DA:502,2
DA:504,1
DA:514,22
DA:515,33
DA:517,2
DA:519,2
DA:521,23
DA:523,3
DA:525,2
DA:527,1
LF:57
LH:56
BRDA:318,0,0,1
BRDA:318,0,1,1
BRDA:318,0,2,1
BRDA:318,0,3,0
BRDA:369,1,0,11
BRDA:369,1,1,6
BRDA:369,1,2,6
BRDA:410,2,0,3
BRDA:410,2,1,2
BRDA:410,2,2,28
BRDA:410,2,3,3
BRDA:410,2,4,3
BRDA:410,2,5,1
BRDA:469,3,0,2
BRDA:469,3,1,1
BRDA:469,3,2,23
BRDA:469,3,3,2
BRDA:469,3,4,2
BRDA:469,3,5,1
BRDA:492,4,0,2
BRDA:492,4,1,1
BRDA:492,4,2,23
BRDA:492,4,3,2
BRDA:492,4,4,2
BRDA:492,4,5,1
BRDA:515,5,0,2
BRDA:515,5,1,2
BRDA:515,5,2,23
BRDA:515,5,3,3
BRDA:515,5,4,2
BRDA:515,5,5,1
BRF:31
BRH:30
end_of_record
TN:
SF:src/data/riskImpactData.ts
FN:51,getRiskLevelFromSecurityLevel
FN:317,getBusinessImpact
FN:364,calculateBusinessImpactLevel
FN:400,getRiskImpactLabel
FN:419,createDefaultBusinessImpact
FNF:5
FNH:3
FNDA:20,getRiskLevelFromSecurityLevel
FNDA:0,getBusinessImpact
FNDA:0,calculateBusinessImpactLevel
FNDA:5,getRiskImpactLabel
FNDA:8,createDefaultBusinessImpact
DA:40,20
DA:52,20
DA:61,20
DA:96,20
DA:130,20
DA:157,20
DA:209,20
DA:261,20
DA:324,0
DA:326,0
DA:327,0
DA:329,0
DA:330,0
DA:332,0
DA:333,0
DA:335,0
DA:339,0
DA:369,0
DA:377,0
DA:378,0
DA:379,0
DA:382,0
DA:384,0
DA:386,0
DA:394,0
DA:401,5
DA:409,5
DA:423,8
DA:425,8
LF:29
LH:12
BRDA:52,0,0,20
BRDA:52,0,1,1
BRDA:324,1,0,0
BRDA:324,1,1,0
BRDA:324,1,2,0
BRDA:324,1,3,0
BRDA:342,2,0,0
BRDA:342,2,1,0
BRDA:343,3,0,0
BRDA:343,3,1,0
BRDA:345,4,0,0
BRDA:345,4,1,0
BRDA:347,5,0,0
BRDA:347,5,1,0
BRDA:377,6,0,0
BRDA:377,6,1,0
BRDA:378,7,0,0
BRDA:378,7,1,0
BRDA:379,8,0,0
BRDA:379,8,1,0
BRDA:394,9,0,0
BRDA:394,9,1,0
BRDA:409,10,0,5
BRDA:409,10,1,0
BRF:24
BRH:3
end_of_record
TN:
SF:src/data/securityResources.ts
FNF:0
FNH:0
DA:6,14
DA:200,14
LF:2
LH:2
BRF:0
BRH:0
end_of_record
TN:
SF:src/data/testDataProvider.ts
FN:17,createTestDataProvider
FN:40,getDefaultSecurityIcon
FN:54,getDefaultValuePoints
FN:72,getDefaultExpertiseLevel
FN:86,getProtectionLevel
FN:100,enhanceAvailabilityOptions
FN:106,(anonymous_6)
FN:163,enhanceIntegrityOptions
FN:178,(anonymous_8)
FN:232,enhanceConfidentialityOptions
FN:247,(anonymous_10)
FN:307,createTestROIEstimates
FN:354,getUptimeForLevel
FN:368,getRtoForLevel
FN:382,getRpoForLevel
FN:396,getMttrForLevel
FN:410,getRiskLevelForSecurityLevel
FN:424,getDevelopmentEffortForLevel
FN:438,getMaintenanceEffortForLevel
FN:452,getExpertiseForLevel
FN:477,(anonymous_20)
FNF:21
FNH:18
FNDA:20,createTestDataProvider
FNDA:5,getDefaultSecurityIcon
FNDA:5,getDefaultValuePoints
FNDA:0,getDefaultExpertiseLevel
FNDA:0,getProtectionLevel
FNDA:20,enhanceAvailabilityOptions
FNDA:100,(anonymous_6)
FNDA:20,enhanceIntegrityOptions
FNDA:100,(anonymous_8)
FNDA:20,enhanceConfidentialityOptions
FNDA:100,(anonymous_10)
FNDA:20,createTestROIEstimates
FNDA:100,getUptimeForLevel
FNDA:100,getRtoForLevel
FNDA:100,getRpoForLevel
FNDA:100,getMttrForLevel
FNDA:1600,getRiskLevelForSecurityLevel
FNDA:300,getDevelopmentEffortForLevel
FNDA:300,getMaintenanceEffortForLevel
FNDA:300,getExpertiseForLevel
FNDA:0,(anonymous_20)
DA:19,20
DA:34,20
DA:41,5
DA:48,5
DA:55,5
DA:56,1
DA:59,4
DA:66,5
DA:73,0
DA:80,0
DA:87,0
DA:94,0
DA:103,20
DA:106,20
DA:107,100
DA:109,100
DA:157,20
DA:166,20
DA:169,20
DA:178,20
DA:179,100
DA:181,100
DA:226,20
DA:235,20
DA:238,20
DA:247,20
DA:248,100
DA:250,100
DA:301,20
DA:308,20
DA:355,100
DA:362,100
DA:369,100
DA:376,100
DA:383,100
DA:390,100
DA:397,100
DA:404,100
DA:411,1600
DA:418,1600
DA:425,300
DA:432,300
DA:439,300
DA:446,300
DA:453,300
DA:460,300
DA:479,0
DA:480,0
DA:481,0
DA:482,0
DA:483,0
DA:486,0
DA:488,0
DA:490,0
DA:492,0
LF:55
LH:42
BRDA:48,0,0,5
BRDA:48,0,1,0
BRDA:55,1,0,1
BRDA:55,1,1,4
BRDA:62,2,0,2
BRDA:62,2,1,2
BRDA:62,3,0,4
BRDA:62,3,1,3
BRDA:80,4,0,0
BRDA:80,4,1,0
BRDA:94,5,0,0
BRDA:94,5,1,0
BRDA:362,6,0,100
BRDA:362,6,1,0
BRDA:376,7,0,100
BRDA:376,7,1,0
BRDA:390,8,0,100
BRDA:390,8,1,0
BRDA:404,9,0,100
BRDA:404,9,1,0
BRDA:418,10,0,1600
BRDA:418,10,1,0
BRDA:432,11,0,300
BRDA:432,11,1,0
BRDA:446,12,0,300
BRDA:446,12,1,0
BRDA:460,13,0,300
BRDA:460,13,1,0
BRDA:487,14,0,0
BRDA:487,14,1,0
BRDA:489,15,0,0
BRDA:489,15,1,0
BRDA:491,16,0,0
BRDA:491,16,1,0
BRDA:492,17,0,0
BRDA:492,17,1,0
BRF:36
BRH:15
end_of_record
TN:
SF:src/data/valueCreationData.ts
FN:119,getROIEstimateForLevel
FN:378,getROIEstimate
FN:392,getValuePoints
FN:402,getBusinessConsiderations
FN:414,getBusinessBenefits
FNF:5
FNH:5
FNDA:30,getROIEstimateForLevel
FNDA:7,getROIEstimate
FNDA:8,getValuePoints
FNDA:8,getBusinessConsiderations
FNDA:8,getBusinessBenefits
DA:8,22
DA:60,22
DA:71,22
DA:120,30
DA:121,2
DA:125,28
DA:127,28
DA:129,7
DA:131,6
DA:134,5
DA:136,4
DA:139,5
DA:141,1
DA:148,22
DA:159,22
DA:195,22
DA:285,22
DA:382,7
DA:383,7
DA:393,8
DA:405,8
DA:415,8
DA:421,22
LF:23
LH:23
BRDA:120,0,0,2
BRDA:120,0,1,28
BRDA:127,1,0,7
BRDA:127,1,1,6
BRDA:127,1,2,5
BRDA:127,1,3,5
BRDA:127,1,4,4
BRDA:127,1,5,5
BRDA:127,1,6,5
BRDA:127,1,7,1
BRDA:383,2,0,7
BRDA:383,2,1,1
BRDA:393,3,0,8
BRDA:393,3,1,1
BRDA:405,4,0,8
BRDA:405,4,1,1
BRDA:415,5,0,8
BRDA:415,5,1,1
BRF:18
BRH:18
end_of_record
TN:
SF:src/data/security/availabilityData.ts
FNF:0
FNH:0
DA:14,28
LF:1
LH:1
BRF:0
BRH:0
end_of_record
TN:
SF:src/data/security/confidentialityData.ts
FNF:0
FNH:0
DA:14,28
LF:1
LH:1
BRF:0
BRH:0
end_of_record
TN:
SF:src/data/security/index.ts
FNF:0
FNH:0
DA:22,28
DA:23,28
DA:24,28
DA:25,28
LF:4
LH:4
BRF:0
BRH:0
end_of_record
TN:
SF:src/data/security/integrityData.ts
FNF:0
FNH:0
DA:14,28
LF:1
LH:1
BRF:0
BRH:0
end_of_record
TN:
SF:src/data/security/roiEstimatesData.ts
FNF:0
FNH:0
DA:12,30
LF:1
LH:1
BRF:0
BRH:0
end_of_record
TN:
SF:src/hooks/useCIAContentService.ts
FN:12,(anonymous_0)
FN:18,(anonymous_1)
FN:36,(anonymous_2)
FN:42,(anonymous_3)
FNF:4
FNH:4
FNDA:403,(anonymous_0)
FNDA:276,(anonymous_1)
FNDA:1,(anonymous_2)
FNDA:275,(anonymous_3)
DA:12,9
DA:13,403
DA:15,403
DA:16,403
DA:18,403
DA:19,276
DA:20,276
DA:22,276
DA:24,276
DA:25,275
DA:26,275
DA:28,1
DA:29,1
DA:31,276
DA:36,403
DA:38,1
DA:39,1
DA:42,403
DA:43,275
DA:46,403
LF:20
LH:20
BRF:0
BRH:0
end_of_record
TN:
SF:src/hooks/useCIADataProvider.ts
FN:9,(anonymous_0)
FN:17,(anonymous_1)
FN:44,(anonymous_2)
FNF:3
FNH:3
FNDA:123,(anonymous_0)
FNDA:60,(anonymous_1)
FNDA:59,(anonymous_2)
DA:9,9
DA:10,123
DA:13,123
DA:14,123
DA:17,123
DA:18,60
DA:19,60
DA:20,60
DA:23,60
DA:28,60
DA:29,60
DA:31,0
DA:32,0
DA:37,0
DA:39,60
DA:44,123
DA:45,59
DA:48,123
LF:18
LH:15
BRDA:33,0,0,0
BRDA:33,0,1,0
BRF:2
BRH:0
end_of_record
TN:
SF:src/hooks/useCIAOptions.ts
FN:171,(anonymous_0)
FN:173,(anonymous_1)
FN:174,(anonymous_2)
FN:175,(anonymous_3)
FN:176,(anonymous_4)
FN:178,(anonymous_5)
FN:195,(anonymous_6)
FN:202,(anonymous_7)
FN:211,(anonymous_8)
FNF:9
FNH:9
FNDA:7,(anonymous_0)
FNDA:6,(anonymous_1)
FNDA:6,(anonymous_2)
FNDA:6,(anonymous_3)
FNDA:6,(anonymous_4)
FNDA:10,(anonymous_5)
FNDA:5,(anonymous_6)
FNDA:15,(anonymous_7)
FNDA:2,(anonymous_8)
DA:29,2
DA:67,2
DA:105,2
DA:143,2
DA:171,2
DA:173,7
DA:174,7
DA:175,7
DA:176,7
DA:178,7
DA:179,10
DA:181,2
DA:183,2
DA:185,2
DA:187,2
DA:189,2
DA:191,0
DA:195,7
DA:201,5
DA:202,5
DA:203,15
DA:204,15
DA:205,15
DA:208,5
DA:211,7
DA:212,2
DA:215,7
LF:27
LH:26
BRDA:179,0,0,2
BRDA:179,0,1,2
BRDA:179,0,2,2
BRDA:179,0,3,2
BRDA:179,0,4,2
BRDA:179,0,5,0
BRDA:203,1,0,15
BRDA:203,1,1,5
BRDA:204,2,0,15
BRDA:204,2,1,7
BRDA:205,3,0,4
BRDA:205,3,1,11
BRDA:212,4,0,2
BRDA:212,4,1,0
BRF:14
BRH:12
end_of_record
TN:
SF:src/hooks/useComplianceService.ts
FN:8,useComplianceService
FN:12,(anonymous_1)
FN:37,(anonymous_2)
FN:40,(anonymous_3)
FN:60,(anonymous_4)
FNF:5
FNH:5
FNDA:105,useComplianceService
FNDA:51,(anonymous_1)
FNDA:51,(anonymous_2)
FNDA:51,(anonymous_3)
FNDA:51,(anonymous_4)
DA:9,105
DA:10,105
DA:12,105
DA:14,51
DA:23,51
DA:37,105
DA:38,51
DA:40,51
DA:41,51
DA:43,51
DA:45,51
DA:46,51
DA:50,0
DA:51,0
DA:52,0
DA:53,0
DA:58,51
DA:60,51
DA:61,51
DA:65,105
LF:20
LH:16
BRDA:43,0,0,51
BRDA:43,0,1,0
BRDA:45,1,0,51
BRDA:45,1,1,0
BRDA:51,2,0,0
BRDA:51,2,1,0
BRDA:52,3,0,0
BRDA:52,3,1,0
BRF:8
BRH:2
end_of_record
TN:
SF:src/hooks/useSecurityMetricsService.ts
FN:13,(anonymous_0)
FN:23,(anonymous_1)
FN:48,(anonymous_2)
FNF:3
FNH:3
FNDA:117,(anonymous_0)
FNDA:58,(anonymous_1)
FNDA:58,(anonymous_2)
DA:13,8
DA:14,117
DA:16,117
DA:17,117
DA:20,117
DA:23,117
DA:24,58
DA:25,58
DA:26,58
DA:29,58
DA:33,58
DA:35,0
DA:36,0
DA:41,0
DA:43,58
DA:48,117
DA:49,58
DA:52,117
LF:18
LH:15
BRDA:29,0,0,2
BRDA:29,0,1,56
BRDA:37,1,0,0
BRDA:37,1,1,0
BRF:4
BRH:2
end_of_record
TN:
SF:src/hooks/useSecuritySummaryData.ts
FN:32,useSecuritySummaryData
FN:41,(anonymous_1)
FN:52,(anonymous_2)
FN:57,(anonymous_3)
FN:69,(anonymous_4)
FN:77,(anonymous_5)
FN:108,(anonymous_6)
FN:141,(anonymous_7)
FN:186,(anonymous_8)
FN:220,(anonymous_9)
FN:228,(anonymous_10)
FN:244,(anonymous_11)
FN:255,(anonymous_12)
FN:280,(anonymous_13)
FN:305,(anonymous_14)
FNF:15
FNH:15
FNDA:63,useSecuritySummaryData
FNDA:30,(anonymous_1)
FNDA:30,(anonymous_2)
FNDA:30,(anonymous_3)
FNDA:30,(anonymous_4)
FNDA:40,(anonymous_5)
FNDA:40,(anonymous_6)
FNDA:40,(anonymous_7)
FNDA:30,(anonymous_8)
FNDA:30,(anonymous_9)
FNDA:30,(anonymous_10)
FNDA:30,(anonymous_11)
FNDA:40,(anonymous_12)
FNDA:40,(anonymous_13)
FNDA:30,(anonymous_14)
DA:40,63
DA:41,30
DA:51,63
DA:52,30
DA:57,63
DA:58,30
DA:59,30
DA:60,30
DA:63,30
DA:64,30
DA:65,30
DA:69,63
DA:70,30
DA:71,30
DA:72,30
DA:73,2
DA:77,63
DA:78,40
DA:79,19
DA:80,19
DA:82,0
DA:83,0
DA:86,0
DA:91,40
DA:93,2
DA:95,1
DA:97,37
DA:99,0
DA:101,0
DA:103,0
DA:108,63
DA:109,40
DA:113,19
DA:114,19
DA:117,19
DA:119,0
DA:124,21
DA:126,0
DA:128,0
DA:130,21
DA:132,0
DA:134,0
DA:136,0
DA:141,63
DA:142,40
DA:146,0
DA:147,0
DA:152,0
DA:154,0
DA:159,40
DA:167,40
DA:168,40
DA:169,40
DA:172,40
DA:174,40
DA:175,38
DA:176,0
DA:177,0
DA:186,63
DA:187,30
DA:188,30
DA:190,30
DA:197,30
DA:198,30
DA:207,0
DA:209,0
DA:210,0
DA:220,63
DA:221,30
DA:222,30
DA:223,30
DA:224,2
DA:228,63
DA:229,30
DA:231,0
DA:233,0
DA:235,28
DA:237,2
DA:239,0
DA:244,63
DA:245,30
DA:255,63
DA:256,40
DA:257,40
DA:261,1
DA:266,1
DA:269,0
DA:273,39
DA:274,39
DA:275,39
DA:276,3
DA:280,63
DA:281,40
DA:282,40
DA:286,1
DA:291,1
DA:294,0
DA:298,39
DA:299,39
DA:300,39
DA:301,3
DA:305,63
DA:306,30
DA:307,30
DA:312,30
DA:314,0
DA:315,0
DA:319,63
LF:108
LH:80
BRDA:70,0,0,0
BRDA:70,0,1,30
BRDA:71,1,0,0
BRDA:71,1,1,30
BRDA:72,2,0,28
BRDA:72,2,1,2
BRDA:78,3,0,19
BRDA:78,3,1,21
BRDA:80,4,0,0
BRDA:80,4,1,19
BRDA:83,5,0,0
BRDA:83,5,1,0
BRDA:91,6,0,2
BRDA:91,6,1,1
BRDA:91,6,2,37
BRDA:91,6,3,0
BRDA:91,6,4,0
BRDA:91,6,5,0
BRDA:109,7,0,19
BRDA:109,7,1,21
BRDA:110,8,0,40
BRDA:110,8,1,19
BRDA:117,9,0,19
BRDA:117,9,1,0
BRDA:124,10,0,0
BRDA:124,10,1,0
BRDA:124,10,2,21
BRDA:124,10,3,0
BRDA:124,10,4,0
BRDA:124,10,5,0
BRDA:142,11,0,0
BRDA:142,11,1,40
BRDA:143,12,0,40
BRDA:143,12,1,19
BRDA:152,13,0,0
BRDA:152,13,1,0
BRDA:167,14,0,40
BRDA:167,14,1,3
BRDA:168,15,0,40
BRDA:168,15,1,2
BRDA:169,16,0,40
BRDA:169,16,1,2
BRDA:174,17,0,2
BRDA:174,17,1,38
BRDA:175,18,0,38
BRDA:175,18,1,0
BRDA:176,19,0,0
BRDA:176,19,1,0
BRDA:188,20,0,0
BRDA:188,20,1,30
BRDA:197,21,0,30
BRDA:197,21,1,0
BRDA:200,22,0,30
BRDA:200,22,1,0
BRDA:202,23,0,30
BRDA:202,23,1,0
BRDA:203,24,0,30
BRDA:203,24,1,0
BRDA:221,25,0,0
BRDA:221,25,1,30
BRDA:222,26,0,0
BRDA:222,26,1,30
BRDA:223,27,0,28
BRDA:223,27,1,2
BRDA:229,28,0,0
BRDA:229,28,1,0
BRDA:229,28,2,28
BRDA:229,28,3,2
BRDA:229,28,4,0
BRDA:257,29,0,1
BRDA:257,29,1,39
BRDA:258,30,0,40
BRDA:258,30,1,19
BRDA:266,31,0,1
BRDA:266,31,1,0
BRDA:273,32,0,0
BRDA:273,32,1,39
BRDA:274,33,0,0
BRDA:274,33,1,39
BRDA:275,34,0,36
BRDA:275,34,1,3
BRDA:282,35,0,1
BRDA:282,35,1,39
BRDA:283,36,0,40
BRDA:283,36,1,19
BRDA:291,37,0,1
BRDA:291,37,1,0
BRDA:298,38,0,0
BRDA:298,38,1,39
BRDA:299,39,0,0
BRDA:299,39,1,39
BRDA:300,40,0,36
BRDA:300,40,1,3
BRDA:312,41,0,30
BRDA:312,41,1,0
BRF:95
BRH:58
end_of_record
TN:
SF:src/hooks/useTechnicalDetailsData.ts
FN:26,useTechnicalDetailsData
FN:33,(anonymous_1)
FN:39,(anonymous_2)
FN:59,(anonymous_3)
FN:79,(anonymous_4)
FN:99,(anonymous_5)
FN:111,(anonymous_6)
FN:123,(anonymous_7)
FN:142,(anonymous_8)
FN:156,(anonymous_9)
FN:184,(anonymous_10)
FN:198,(anonymous_11)
FN:212,(anonymous_12)
FNF:13
FNH:13
FNDA:36,useTechnicalDetailsData
FNDA:93,(anonymous_1)
FNDA:36,(anonymous_2)
FNDA:36,(anonymous_3)
FNDA:36,(anonymous_4)
FNDA:31,(anonymous_5)
FNDA:31,(anonymous_6)
FNDA:31,(anonymous_7)
FNDA:15,(anonymous_8)
FNDA:15,(anonymous_9)
FNDA:15,(anonymous_10)
FNDA:15,(anonymous_11)
FNDA:15,(anonymous_12)
DA:33,36
DA:34,93
DA:35,93
DA:39,36
DA:40,36
DA:41,36
DA:42,21
DA:45,15
DA:49,36
DA:53,0
DA:54,0
DA:59,36
DA:60,36
DA:61,36
DA:62,21
DA:65,15
DA:69,36
DA:73,0
DA:74,0
DA:79,36
DA:80,36
DA:81,36
DA:82,21
DA:85,15
DA:89,36
DA:93,0
DA:94,0
DA:99,36
DA:100,31
DA:105,31
DA:111,36
DA:112,31
DA:117,31
DA:123,36
DA:124,31
DA:129,31
DA:142,36
DA:146,15
DA:156,36
DA:160,15
DA:161,15
DA:162,15
DA:166,15
DA:167,14
DA:170,1
DA:172,0
DA:173,0
DA:184,36
DA:188,15
DA:198,36
DA:202,15
DA:212,36
DA:216,15
DA:217,15
DA:218,15
DA:222,15
DA:223,0
DA:226,15
DA:228,0
DA:229,0
DA:233,36
LF:61
LH:50
BRDA:41,0,0,21
BRDA:41,0,1,15
BRDA:49,1,0,0
BRDA:49,1,1,15
BRDA:61,2,0,21
BRDA:61,2,1,15
BRDA:69,3,0,0
BRDA:69,3,1,15
BRDA:81,4,0,21
BRDA:81,4,1,15
BRDA:89,5,0,0
BRDA:89,5,1,15
BRDA:161,6,0,15
BRDA:161,6,1,0
BRDA:166,7,0,14
BRDA:166,7,1,1
BRDA:166,8,0,15
BRDA:166,8,1,14
BRDA:217,9,0,15
BRDA:217,9,1,0
BRDA:222,10,0,0
BRDA:222,10,1,15
BRDA:222,11,0,15
BRDA:222,11,1,0
BRF:24
BRH:17
end_of_record
TN:
SF:src/services/BaseService.ts
FN:37,(anonymous_0)
FN:44,(anonymous_1)
FN:53,(anonymous_2)
FN:75,(anonymous_3)
FN:93,(anonymous_4)
FN:114,(anonymous_5)
FN:130,(anonymous_6)
FN:137,(anonymous_7)
FN:144,(anonymous_8)
FN:171,(anonymous_9)
FN:188,(anonymous_10)
FN:241,(anonymous_11)
FN:252,(anonymous_12)
FNF:13
FNH:12
FNDA:2699,(anonymous_0)
FNDA:6,(anonymous_1)
FNDA:299,(anonymous_2)
FNDA:311,(anonymous_3)
FNDA:0,(anonymous_4)
FNDA:5,(anonymous_5)
FNDA:9216,(anonymous_6)
FNDA:6,(anonymous_7)
FNDA:13,(anonymous_8)
FNDA:8,(anonymous_9)
FNDA:7,(anonymous_10)
FNDA:4,(anonymous_11)
FNDA:4,(anonymous_12)
DA:38,2699
DA:47,6
DA:57,299
DA:58,299
DA:59,299
DA:60,0
DA:62,299
DA:64,0
DA:68,0
DA:78,311
DA:80,112
DA:82,99
DA:84,98
DA:86,2
DA:95,0
DA:97,0
DA:99,0
DA:101,0
DA:103,0
DA:105,0
DA:107,0
DA:116,5
DA:124,5
DA:131,9216
DA:138,6
DA:146,13
DA:147,13
DA:148,13
DA:152,6
DA:154,1
DA:156,1
DA:158,1
DA:160,1
DA:162,1
DA:164,1
DA:172,8
DA:173,8
DA:174,8
DA:175,8
DA:176,1
DA:179,1
DA:182,7
DA:189,7
DA:191,1
DA:199,2
DA:207,2
DA:215,1
DA:223,1
DA:231,0
DA:242,4
DA:253,4
LF:51
LH:40
BRDA:59,0,0,0
BRDA:59,0,1,299
BRDA:78,1,0,112
BRDA:78,1,1,99
BRDA:78,1,2,98
BRDA:78,1,3,2
BRDA:95,2,0,0
BRDA:95,2,1,0
BRDA:95,2,2,0
BRDA:95,2,3,0
BRDA:95,2,4,0
BRDA:95,2,5,0
BRDA:124,3,0,5
BRDA:124,3,1,0
BRDA:146,4,0,13
BRDA:146,4,1,0
BRDA:148,5,0,7
BRDA:148,5,1,6
BRDA:152,6,0,6
BRDA:152,6,1,1
BRDA:152,6,2,1
BRDA:152,6,3,1
BRDA:152,6,4,1
BRDA:152,6,5,1
BRDA:172,7,0,8
BRDA:172,7,1,0
BRDA:175,8,0,1
BRDA:175,8,1,7
BRDA:175,9,0,8
BRDA:175,9,1,7
BRDA:189,10,0,1
BRDA:189,10,1,2
BRDA:189,10,2,2
BRDA:189,10,3,1
BRDA:189,10,4,1
BRDA:189,10,5,0
BRF:36
BRH:25
end_of_record
TN:
SF:src/services/ComplianceServiceAdapter.ts
FN:113,(anonymous_0)
FN:126,(anonymous_1)
FN:146,(anonymous_2)
FN:176,(anonymous_3)
FN:194,(anonymous_4)
FN:229,(anonymous_5)
FN:269,(anonymous_6)
FN:286,(anonymous_7)
FN:305,(anonymous_8)
FN:326,getFrameworkCoverage
FN:337,(anonymous_10)
FN:386,getSecurityLevelValue
FN:401,getHipaaControlMappings
FN:464,getNistControlMappings
FNF:14
FNH:13
FNDA:406,(anonymous_0)
FNDA:78,(anonymous_1)
FNDA:36,(anonymous_2)
FNDA:9,(anonymous_3)
FNDA:265,(anonymous_4)
FNDA:17,(anonymous_5)
FNDA:36,(anonymous_6)
FNDA:20,(anonymous_7)
FNDA:0,(anonymous_8)
FNDA:2,getFrameworkCoverage
FNDA:24,(anonymous_10)
FNDA:144,getSecurityLevelValue
FNDA:1,getHipaaControlMappings
FNDA:1,getNistControlMappings
DA:50,406
DA:114,406
DA:115,406
DA:131,78
DA:151,36
DA:152,3
DA:153,33
DA:154,3
DA:155,30
DA:156,23
DA:157,7
DA:162,6
DA:165,1
DA:181,9
DA:195,265
DA:211,265
DA:212,265
DA:213,158
DA:217,107
DA:235,17
DA:243,17
DA:244,17
DA:246,6
DA:247,6
DA:249,2
DA:250,2
DA:252,9
DA:253,9
DA:255,0
DA:258,17
DA:276,36
DA:290,20
DA:311,0
DA:332,2
DA:335,2
DA:337,2
DA:338,24
DA:341,24
DA:342,24
DA:346,24
DA:348,24
DA:352,24
DA:354,24
DA:358,24
DA:361,24
DA:363,24
DA:364,24
DA:365,24
DA:366,0
DA:367,0
DA:370,24
DA:387,144
DA:394,144
DA:402,1
DA:465,1
LF:55
LH:51
BRDA:148,0,0,36
BRDA:149,1,0,36
BRDA:151,2,0,3
BRDA:151,2,1,33
BRDA:153,3,0,3
BRDA:153,3,1,30
BRDA:155,4,0,23
BRDA:155,4,1,7
BRDA:157,5,0,6
BRDA:157,5,1,1
BRDA:158,6,0,7
BRDA:158,6,1,3
BRDA:178,7,0,9
BRDA:179,8,0,9
BRDA:212,9,0,158
BRDA:212,9,1,107
BRDA:244,10,0,6
BRDA:244,10,1,2
BRDA:244,10,2,9
BRDA:244,10,3,0
BRDA:342,11,0,24
BRDA:342,11,1,0
BRDA:348,12,0,24
BRDA:348,12,1,0
BRDA:354,13,0,24
BRDA:354,13,1,0
BRDA:364,14,0,24
BRDA:364,14,1,0
BRDA:366,15,0,0
BRDA:366,15,1,0
BRDA:394,16,0,144
BRDA:394,16,1,0
BRF:32
BRH:24
end_of_record
TN:
SF:src/services/businessImpactService.ts
FN:35,(anonymous_0)
FN:46,(anonymous_1)
FN:107,(anonymous_2)
FN:118,(anonymous_3)
FN:141,(anonymous_4)
FN:161,(anonymous_5)
FN:215,(anonymous_6)
FN:239,(anonymous_7)
FN:266,(anonymous_8)
FN:281,(anonymous_9)
FN:331,(anonymous_10)
FN:349,(anonymous_11)
FN:356,(anonymous_12)
FN:376,(anonymous_13)
FN:396,(anonymous_14)
FN:414,(anonymous_15)
FN:460,(anonymous_16)
FN:475,createBusinessImpactService
FN:489,(anonymous_18)
FN:523,calculateOverallSecurityLevel
FN:537,securityLevelToRiskLevel
FN:554,calculateRevenueLoss
FN:571,calculateOperationalDowntime
FN:588,calculateReputationImpact
FN:605,calculateRegulatoryImpact
FNF:25
FNH:24
FNDA:352,(anonymous_0)
FNDA:69,(anonymous_1)
FNDA:8,(anonymous_2)
FNDA:18,(anonymous_3)
FNDA:2,(anonymous_4)
FNDA:1,(anonymous_5)
FNDA:6,(anonymous_6)
FNDA:16,(anonymous_7)
FNDA:0,(anonymous_8)
FNDA:61,(anonymous_9)
FNDA:71,(anonymous_10)
FNDA:66,(anonymous_11)
FNDA:10,(anonymous_12)
FNDA:10,(anonymous_13)
FNDA:87,(anonymous_14)
FNDA:1,(anonymous_15)
FNDA:7,(anonymous_16)
FNDA:1,createBusinessImpactService
FNDA:2,(anonymous_18)
FNDA:2,calculateOverallSecurityLevel
FNDA:2,securityLevelToRiskLevel
FNDA:2,calculateRevenueLoss
FNDA:2,calculateOperationalDowntime
FNDA:2,calculateReputationImpact
FNDA:2,calculateRegulatoryImpact
DA:15,17
DA:36,352
DA:50,69
DA:51,69
DA:54,69
DA:59,69
DA:61,9
DA:63,0
DA:94,9
DA:98,60
DA:108,8
DA:122,18
DA:124,18
DA:128,18
DA:145,2
DA:146,1
DA:149,1
DA:150,1
DA:166,1
DA:170,1
DA:171,1
DA:174,1
DA:175,0
DA:178,1
DA:179,0
DA:182,1
DA:187,0
DA:192,1
DA:193,0
DA:196,1
DA:197,0
DA:200,1
DA:201,0
DA:204,1
DA:222,6
DA:231,6
DA:238,6
DA:239,16
DA:243,6
DA:245,1
DA:247,2
DA:249,1
DA:251,2
DA:253,0
DA:255,0
DA:270,0
DA:271,0
DA:285,61
DA:288,61
DA:289,4
DA:308,57
DA:332,71
DA:340,71
DA:350,66
DA:357,10
DA:359,2
DA:361,2
DA:363,2
DA:365,2
DA:367,2
DA:369,0
DA:377,10
DA:379,2
DA:381,2
DA:383,2
DA:385,2
DA:387,2
DA:389,0
DA:399,87
DA:401,30
DA:403,19
DA:405,38
DA:407,0
DA:415,1
DA:427,352
DA:465,7
DA:478,1
DA:489,17
DA:497,2
DA:504,2
DA:506,2
DA:528,2
DA:530,2
DA:531,2
DA:532,2
DA:533,1
DA:534,0
DA:538,2
DA:540,0
DA:542,0
DA:544,1
DA:546,1
DA:548,0
DA:550,0
DA:555,2
DA:557,0
DA:559,0
DA:561,1
DA:563,1
DA:565,0
DA:567,0
DA:572,2
DA:574,0
DA:576,0
DA:578,1
DA:580,1
DA:582,0
DA:584,0
DA:589,2
DA:591,0
DA:593,0
DA:595,1
DA:597,1
DA:599,0
DA:601,0
DA:606,2
DA:608,0
DA:610,0
DA:612,1
DA:614,1
DA:616,0
DA:618,0
LF:122
LH:87
BRDA:48,0,0,69
BRDA:54,1,0,69
BRDA:54,1,1,0
BRDA:59,2,0,9
BRDA:59,2,1,60
BRDA:61,3,0,0
BRDA:61,3,1,9
BRDA:61,4,0,9
BRDA:61,4,1,3
BRDA:68,5,0,0
BRDA:68,5,1,0
BRDA:74,6,0,0
BRDA:74,6,1,0
BRDA:80,7,0,0
BRDA:80,7,1,0
BRDA:87,8,0,0
BRDA:87,8,1,0
BRDA:108,9,0,8
BRDA:108,9,1,1
BRDA:124,10,0,18
BRDA:124,10,1,0
BRDA:129,11,0,18
BRDA:129,11,1,0
BRDA:145,12,0,1
BRDA:145,12,1,1
BRDA:170,13,0,1
BRDA:170,13,1,0
BRDA:174,14,0,0
BRDA:174,14,1,1
BRDA:174,15,0,1
BRDA:174,15,1,1
BRDA:178,16,0,0
BRDA:178,16,1,1
BRDA:178,17,0,1
BRDA:178,17,1,0
BRDA:182,18,0,0
BRDA:182,18,1,1
BRDA:183,19,0,1
BRDA:183,19,1,0
BRDA:183,19,2,0
BRDA:192,20,0,0
BRDA:192,20,1,1
BRDA:192,21,0,1
BRDA:192,21,1,0
BRDA:196,22,0,0
BRDA:196,22,1,1
BRDA:200,23,0,0
BRDA:200,23,1,1
BRDA:217,24,0,6
BRDA:218,25,0,6
BRDA:243,26,0,1
BRDA:243,26,1,2
BRDA:243,26,2,1
BRDA:243,26,3,2
BRDA:243,26,4,0
BRDA:243,26,5,0
BRDA:288,27,0,4
BRDA:288,27,1,57
BRDA:288,28,0,61
BRDA:288,28,1,21
BRDA:340,29,0,71
BRDA:340,29,1,0
BRDA:357,30,0,2
BRDA:357,30,1,2
BRDA:357,30,2,2
BRDA:357,30,3,2
BRDA:357,30,4,2
BRDA:357,30,5,0
BRDA:377,31,0,2
BRDA:377,31,1,2
BRDA:377,31,2,2
BRDA:377,31,3,2
BRDA:377,31,4,2
BRDA:377,31,5,0
BRDA:399,32,0,30
BRDA:399,32,1,19
BRDA:399,32,2,38
BRDA:399,32,3,0
BRDA:465,33,0,7
BRDA:465,33,1,1
BRDA:530,34,0,0
BRDA:530,34,1,2
BRDA:531,35,0,0
BRDA:531,35,1,2
BRDA:532,36,0,1
BRDA:532,36,1,1
BRDA:533,37,0,1
BRDA:533,37,1,0
BRDA:538,38,0,0
BRDA:538,38,1,0
BRDA:538,38,2,1
BRDA:538,38,3,1
BRDA:538,38,4,0
BRDA:538,38,5,0
BRDA:555,39,0,0
BRDA:555,39,1,0
BRDA:555,39,2,1
BRDA:555,39,3,1
BRDA:555,39,4,0
BRDA:555,39,5,0
BRDA:572,40,0,0
BRDA:572,40,1,0
BRDA:572,40,2,1
BRDA:572,40,3,1
BRDA:572,40,4,0
BRDA:572,40,5,0
BRDA:589,41,0,0
BRDA:589,41,1,0
BRDA:589,41,2,1
BRDA:589,41,3,1
BRDA:589,41,4,0
BRDA:589,41,5,0
BRDA:606,42,0,0
BRDA:606,42,1,0
BRDA:606,42,2,1
BRDA:606,42,3,1
BRDA:606,42,4,0
BRDA:606,42,5,0
BRF:118
BRH:66
end_of_record
TN:
SF:src/services/ciaContentService.ts
FN:42,formatCurrency
FN:56,getROIDescription
FN:73,getCIAOptions
FN:98,createEmptyCIADetails
FN:115,(anonymous_4)
FN:118,(anonymous_5)
FN:121,(anonymous_6)
FN:129,capitalize
FN:133,(anonymous_8)
FN:140,getSecurityScoreDescription
FN:175,(anonymous_10)
FN:206,(anonymous_11)
FN:214,(anonymous_12)
FN:281,(anonymous_13)
FN:300,(anonymous_14)
FN:307,(anonymous_15)
FN:340,(anonymous_16)
FN:384,(anonymous_17)
FN:404,(anonymous_18)
FN:409,(anonymous_19)
FN:419,(anonymous_20)
FN:432,(anonymous_21)
FN:445,(anonymous_22)
FN:458,(anonymous_23)
FN:471,(anonymous_24)
FN:495,(anonymous_25)
FN:508,(anonymous_26)
FN:551,(anonymous_27)
FN:566,(anonymous_28)
FN:582,(anonymous_29)
FN:592,(anonymous_30)
FN:599,(anonymous_31)
FN:609,(anonymous_32)
FN:616,(anonymous_33)
FN:628,(anonymous_34)
FN:644,(anonymous_35)
FN:651,(anonymous_36)
FN:658,(anonymous_37)
FN:668,(anonymous_38)
FN:685,(anonymous_39)
FN:692,(anonymous_40)
FN:700,(anonymous_41)
FN:707,(anonymous_42)
FN:750,(anonymous_43)
FN:757,(anonymous_44)
FN:796,(anonymous_45)
FN:803,(anonymous_46)
FN:828,(anonymous_47)
FN:858,(anonymous_48)
FN:882,(anonymous_49)
FN:925,(anonymous_50)
FN:974,(anonymous_51)
FN:1053,(anonymous_52)
FN:1066,(anonymous_53)
FN:1090,(anonymous_54)
FN:1103,(anonymous_55)
FN:1126,(anonymous_56)
FN:1191,(anonymous_57)
FN:1214,(anonymous_58)
FN:1244,getDefaultSecurityIconImpl
FN:1261,getDefaultValuePointsImpl
FN:1296,createCIAContentService
FN:1316,(anonymous_62)
FN:1327,(anonymous_63)
FN:1351,(anonymous_64)
FN:1379,(anonymous_65)
FN:1428,(anonymous_66)
FN:1469,(anonymous_67)
FN:1502,(anonymous_68)
FN:1525,(anonymous_69)
FN:1549,securityLevelToValue
FN:1566,getUptimeForLevel
FN:1583,getMttrForLevel
FN:1600,getRtoForLevel
FN:1617,getRpoForLevel
FNF:75
FNH:52
FNDA:5,formatCurrency
FNDA:8,getROIDescription
FNDA:0,getCIAOptions
FNDA:0,createEmptyCIADetails
FNDA:1,(anonymous_4)
FNDA:0,(anonymous_5)
FNDA:1,(anonymous_6)
FNDA:1,capitalize
FNDA:1,(anonymous_8)
FNDA:1,getSecurityScoreDescription
FNDA:302,(anonymous_10)
FNDA:273,(anonymous_11)
FNDA:14,(anonymous_12)
FNDA:14,(anonymous_13)
FNDA:13,(anonymous_14)
FNDA:6,(anonymous_15)
FNDA:7,(anonymous_16)
FNDA:7,(anonymous_17)
FNDA:0,(anonymous_18)
FNDA:6,(anonymous_19)
FNDA:3,(anonymous_20)
FNDA:0,(anonymous_21)
FNDA:0,(anonymous_22)
FNDA:0,(anonymous_23)
FNDA:0,(anonymous_24)
FNDA:1,(anonymous_25)
FNDA:8,(anonymous_26)
FNDA:0,(anonymous_27)
FNDA:0,(anonymous_28)
FNDA:0,(anonymous_29)
FNDA:0,(anonymous_30)
FNDA:6,(anonymous_31)
FNDA:0,(anonymous_32)
FNDA:0,(anonymous_33)
FNDA:1,(anonymous_34)
FNDA:0,(anonymous_35)
FNDA:0,(anonymous_36)
FNDA:4,(anonymous_37)
FNDA:0,(anonymous_38)
FNDA:0,(anonymous_39)
FNDA:0,(anonymous_40)
FNDA:0,(anonymous_41)
FNDA:1,(anonymous_42)
FNDA:0,(anonymous_43)
FNDA:5,(anonymous_44)
FNDA:6,(anonymous_45)
FNDA:11,(anonymous_46)
FNDA:2,(anonymous_47)
FNDA:7,(anonymous_48)
FNDA:2,(anonymous_49)
FNDA:1,(anonymous_50)
FNDA:1,(anonymous_51)
FNDA:9,(anonymous_52)
FNDA:6,(anonymous_53)
FNDA:4,(anonymous_54)
FNDA:6,(anonymous_55)
FNDA:6,(anonymous_56)
FNDA:6,(anonymous_57)
FNDA:6,(anonymous_58)
FNDA:0,getDefaultSecurityIconImpl
FNDA:0,getDefaultValuePointsImpl
FNDA:273,createCIAContentService
FNDA:10,(anonymous_62)
FNDA:4,(anonymous_63)
FNDA:2,(anonymous_64)
FNDA:4,(anonymous_65)
FNDA:2,(anonymous_66)
FNDA:1,(anonymous_67)
FNDA:1,(anonymous_68)
FNDA:1,(anonymous_69)
FNDA:6,securityLevelToValue
FNDA:1,getUptimeForLevel
FNDA:1,getMttrForLevel
FNDA:1,getRtoForLevel
FNDA:1,getRpoForLevel
DA:43,5
DA:57,8
DA:64,8
DA:76,0
DA:78,0
DA:80,0
DA:82,0
DA:85,0
DA:99,0
DA:114,13
DA:116,1
DA:119,0
DA:122,1
DA:130,1
DA:131,1
DA:133,1
DA:141,1
DA:142,0
DA:143,1
DA:144,0
DA:145,1
DA:146,1
DA:147,0
DA:148,1
DA:149,1
DA:150,0
DA:151,0
DA:152,0
DA:153,0
DA:154,0
DA:177,302
DA:185,302
DA:188,302
DA:191,302
DA:192,302
DA:193,302
DA:194,302
DA:197,302
DA:208,273
DA:217,14
DA:218,7
DA:219,7
DA:220,3
DA:221,4
DA:222,3
DA:224,1
DA:285,14
DA:286,1
DA:289,13
DA:290,13
DA:291,0
DA:294,13
DA:301,18
DA:309,6
DA:314,2
DA:321,4
DA:324,4
DA:326,4
DA:327,0
DA:334,4
DA:342,7
DA:347,0
DA:355,7
DA:362,7
DA:363,7
DA:365,7
DA:367,7
DA:368,0
DA:372,7
DA:385,7
DA:387,0
DA:389,1
DA:391,4
DA:393,1
DA:395,1
DA:397,0
DA:405,0
DA:413,6
DA:423,3
DA:436,0
DA:449,0
DA:462,0
DA:476,0
DA:477,0
DA:481,0
DA:484,0
DA:499,1
DA:513,8
DA:518,1
DA:526,7
DA:527,2
DA:535,5
DA:537,5
DA:539,8
DA:541,8
DA:556,0
DA:572,0
DA:586,0
DA:593,0
DA:603,6
DA:610,0
DA:617,0
DA:634,1
DA:645,0
DA:652,0
DA:659,4
DA:672,0
DA:673,0
DA:677,0
DA:686,0
DA:694,0
DA:701,0
DA:712,1
DA:713,1
DA:714,1
DA:717,1
DA:724,1
DA:729,1
DA:733,0
DA:734,1
DA:737,1
DA:741,0
DA:751,0
DA:763,5
DA:772,5
DA:777,5
DA:779,5
DA:782,4
DA:785,4
DA:788,1
DA:802,6
DA:803,6
DA:804,11
DA:805,11
DA:809,6
DA:811,0
DA:813,1
DA:815,1
DA:817,3
DA:819,0
DA:821,1
DA:834,2
DA:835,2
DA:836,2
DA:839,2
DA:841,2
DA:842,0
DA:843,2
DA:844,2
DA:845,0
DA:846,0
DA:848,0
DA:859,7
DA:861,1
DA:863,1
DA:865,3
DA:867,1
DA:869,1
DA:871,0
DA:891,2
DA:893,2
DA:894,1
DA:897,1
DA:907,1
DA:929,1
DA:934,1
DA:935,0
DA:938,1
DA:981,1
DA:984,1
DA:987,1
DA:991,1
DA:998,1
DA:1006,1
DA:1011,1
DA:1016,1
DA:1022,1
DA:1053,9
DA:1067,6
DA:1069,1
DA:1071,1
DA:1073,1
DA:1075,2
DA:1077,1
DA:1079,0
DA:1094,4
DA:1104,6
DA:1106,1
DA:1108,1
DA:1110,1
DA:1112,2
DA:1114,1
DA:1116,0
DA:1133,6
DA:1135,1
DA:1143,1
DA:1151,1
DA:1159,2
DA:1167,1
DA:1175,0
DA:1192,6
DA:1194,1
DA:1196,1
DA:1198,2
DA:1200,1
DA:1202,1
DA:1204,0
DA:1215,6
DA:1217,1
DA:1219,1
DA:1221,1
DA:1223,2
DA:1225,1
DA:1227,0
DA:1233,13
DA:1245,0
DA:1252,0
DA:1262,0
DA:1269,0
DA:1287,0
DA:1300,273
DA:1310,273
DA:1312,273
DA:1316,13
DA:1317,10
DA:1324,10
DA:1327,13
DA:1330,4
DA:1332,4
DA:1333,2
DA:1334,2
DA:1338,1
DA:1339,1
DA:1340,1
DA:1341,0
DA:1345,0
DA:1348,0
DA:1351,13
DA:1352,2
DA:1353,0
DA:1360,2
DA:1376,2
DA:1379,13
DA:1381,4
DA:1382,1
DA:1389,3
DA:1396,4
DA:1414,4
DA:1428,13
DA:1434,2
DA:1469,13
DA:1473,1
DA:1502,13
DA:1506,1
DA:1525,13
DA:1529,1
DA:1550,6
DA:1552,0
DA:1554,1
DA:1556,4
DA:1558,1
DA:1560,0
DA:1562,0
DA:1567,1
DA:1569,0
DA:1571,0
DA:1573,1
DA:1575,0
DA:1577,0
DA:1579,0
DA:1584,1
DA:1586,0
DA:1588,0
DA:1590,1
DA:1592,0
DA:1594,0
DA:1596,0
DA:1601,1
DA:1603,0
DA:1605,0
DA:1607,1
DA:1609,0
DA:1611,0
DA:1613,0
DA:1618,1
DA:1620,0
DA:1622,0
DA:1624,1
DA:1626,0
DA:1628,0
DA:1630,0
LF:291
LH:200
BRDA:64,0,0,8
BRDA:64,0,1,0
BRDA:76,1,0,0
BRDA:76,1,1,0
BRDA:76,1,2,0
BRDA:76,1,3,0
BRDA:130,2,0,0
BRDA:130,2,1,1
BRDA:141,3,0,0
BRDA:141,3,1,1
BRDA:143,4,0,0
BRDA:143,4,1,1
BRDA:145,5,0,0
BRDA:145,5,1,1
BRDA:146,6,0,0
BRDA:146,6,1,1
BRDA:148,7,0,1
BRDA:148,7,1,0
BRDA:150,8,0,0
BRDA:150,8,1,0
BRDA:151,9,0,0
BRDA:151,9,1,0
BRDA:152,10,0,0
BRDA:152,10,1,0
BRDA:177,11,0,302
BRDA:177,11,1,17
BRDA:217,12,0,7
BRDA:217,12,1,7
BRDA:219,13,0,3
BRDA:219,13,1,4
BRDA:221,14,0,3
BRDA:221,14,1,1
BRDA:285,15,0,1
BRDA:285,15,1,13
BRDA:290,16,0,0
BRDA:290,16,1,13
BRDA:290,17,0,13
BRDA:290,17,1,13
BRDA:301,18,0,18
BRDA:301,18,1,0
BRDA:309,19,0,2
BRDA:309,19,1,4
BRDA:310,20,0,6
BRDA:310,20,1,5
BRDA:310,20,2,4
BRDA:326,21,0,0
BRDA:326,21,1,4
BRDA:342,22,0,0
BRDA:342,22,1,7
BRDA:343,23,0,7
BRDA:343,23,1,7
BRDA:343,23,2,7
BRDA:363,24,0,7
BRDA:363,24,1,0
BRDA:367,25,0,0
BRDA:367,25,1,7
BRDA:374,26,0,7
BRDA:374,26,1,0
BRDA:385,27,0,0
BRDA:385,27,1,1
BRDA:385,27,2,4
BRDA:385,27,3,1
BRDA:385,27,4,1
BRDA:385,27,5,0
BRDA:476,28,0,0
BRDA:476,28,1,0
BRDA:513,29,0,1
BRDA:513,29,1,7
BRDA:514,30,0,8
BRDA:514,30,1,8
BRDA:514,30,2,7
BRDA:526,31,0,2
BRDA:526,31,1,5
BRDA:537,32,0,5
BRDA:537,32,1,0
BRDA:553,33,0,0
BRDA:554,34,0,0
BRDA:630,35,0,1
BRDA:631,36,0,1
BRDA:672,37,0,0
BRDA:672,37,1,0
BRDA:672,38,0,0
BRDA:672,38,1,0
BRDA:672,38,2,0
BRDA:729,39,0,0
BRDA:729,39,1,1
BRDA:730,40,0,1
BRDA:730,40,1,1
BRDA:734,41,0,1
BRDA:734,41,1,0
BRDA:738,42,0,0
BRDA:738,42,1,1
BRDA:742,43,0,0
BRDA:742,43,1,0
BRDA:742,44,0,0
BRDA:742,44,1,0
BRDA:779,45,0,1
BRDA:779,45,1,4
BRDA:782,46,0,0
BRDA:782,46,1,4
BRDA:785,47,0,3
BRDA:785,47,1,1
BRDA:809,48,0,0
BRDA:809,48,1,1
BRDA:809,48,2,1
BRDA:809,48,3,3
BRDA:809,48,4,0
BRDA:809,48,5,1
BRDA:841,49,0,0
BRDA:841,49,1,2
BRDA:843,50,0,2
BRDA:843,50,1,0
BRDA:845,51,0,0
BRDA:845,51,1,0
BRDA:859,52,0,1
BRDA:859,52,1,1
BRDA:859,52,2,3
BRDA:859,52,3,1
BRDA:859,52,4,1
BRDA:859,52,5,0
BRDA:893,53,0,1
BRDA:893,53,1,1
BRDA:908,54,0,1
BRDA:908,54,1,0
BRDA:909,55,0,2
BRDA:909,55,1,0
BRDA:911,56,0,2
BRDA:911,56,1,0
BRDA:912,57,0,2
BRDA:912,57,1,0
BRDA:934,58,0,0
BRDA:934,58,1,1
BRDA:945,59,0,1
BRDA:945,59,1,0
BRDA:948,60,0,1
BRDA:948,60,1,0
BRDA:952,61,0,1
BRDA:952,61,1,0
BRDA:955,62,0,1
BRDA:955,62,1,0
BRDA:959,63,0,1
BRDA:959,63,1,0
BRDA:962,64,0,1
BRDA:962,64,1,0
BRDA:981,65,0,1
BRDA:981,65,1,0
BRDA:984,66,0,1
BRDA:984,66,1,0
BRDA:987,67,0,1
BRDA:987,67,1,0
BRDA:1039,68,0,1
BRDA:1039,68,1,0
BRDA:1049,69,0,1
BRDA:1049,69,1,0
BRDA:1049,70,0,1
BRDA:1049,70,1,1
BRDA:1067,71,0,1
BRDA:1067,71,1,1
BRDA:1067,71,2,1
BRDA:1067,71,3,2
BRDA:1067,71,4,1
BRDA:1067,71,5,0
BRDA:1104,72,0,1
BRDA:1104,72,1,1
BRDA:1104,72,2,1
BRDA:1104,72,3,2
BRDA:1104,72,4,1
BRDA:1104,72,5,0
BRDA:1133,73,0,1
BRDA:1133,73,1,1
BRDA:1133,73,2,1
BRDA:1133,73,3,2
BRDA:1133,73,4,1
BRDA:1133,73,5,0
BRDA:1192,74,0,1
BRDA:1192,74,1,1
BRDA:1192,74,2,2
BRDA:1192,74,3,1
BRDA:1192,74,4,1
BRDA:1192,74,5,0
BRDA:1215,75,0,1
BRDA:1215,75,1,1
BRDA:1215,75,2,1
BRDA:1215,75,3,2
BRDA:1215,75,4,1
BRDA:1215,75,5,0
BRDA:1252,76,0,0
BRDA:1252,76,1,0
BRDA:1265,77,0,0
BRDA:1265,77,1,0
BRDA:1265,78,0,0
BRDA:1265,78,1,0
BRDA:1287,79,0,0
BRDA:1287,79,1,0
BRDA:1300,80,0,273
BRDA:1300,80,1,272
BRDA:1324,81,0,10
BRDA:1324,81,1,0
BRDA:1332,82,0,2
BRDA:1332,82,1,2
BRDA:1332,83,0,4
BRDA:1332,83,1,3
BRDA:1334,84,0,1
BRDA:1334,84,1,1
BRDA:1335,85,0,2
BRDA:1335,85,1,1
BRDA:1339,86,0,1
BRDA:1339,86,1,0
BRDA:1341,87,0,0
BRDA:1341,87,1,0
BRDA:1342,88,0,0
BRDA:1342,88,1,0
BRDA:1352,89,0,0
BRDA:1352,89,1,2
BRDA:1352,90,0,2
BRDA:1352,90,1,2
BRDA:1376,91,0,2
BRDA:1376,91,1,0
BRDA:1381,92,0,1
BRDA:1381,92,1,3
BRDA:1392,93,0,2
BRDA:1392,93,1,1
BRDA:1392,94,0,3
BRDA:1392,94,1,1
BRDA:1414,95,0,4
BRDA:1414,95,1,0
BRDA:1550,96,0,0
BRDA:1550,96,1,1
BRDA:1550,96,2,4
BRDA:1550,96,3,1
BRDA:1550,96,4,0
BRDA:1550,96,5,0
BRDA:1567,97,0,0
BRDA:1567,97,1,0
BRDA:1567,97,2,1
BRDA:1567,97,3,0
BRDA:1567,97,4,0
BRDA:1567,97,5,0
BRDA:1584,98,0,0
BRDA:1584,98,1,0
BRDA:1584,98,2,1
BRDA:1584,98,3,0
BRDA:1584,98,4,0
BRDA:1584,98,5,0
BRDA:1601,99,0,0
BRDA:1601,99,1,0
BRDA:1601,99,2,1
BRDA:1601,99,3,0
BRDA:1601,99,4,0
BRDA:1601,99,5,0
BRDA:1618,100,0,0
BRDA:1618,100,1,0
BRDA:1618,100,2,1
BRDA:1618,100,3,0
BRDA:1618,100,4,0
BRDA:1618,100,5,0
BRF:256
BRH:144
end_of_record
TN:
SF:src/services/complianceService.ts
FN:114,(anonymous_0)
FN:126,(anonymous_1)
FN:207,(anonymous_2)
FN:271,(anonymous_3)
FN:300,(anonymous_4)
FN:327,(anonymous_5)
FN:347,(anonymous_6)
FN:403,(anonymous_7)
FN:409,(anonymous_8)
FN:432,(anonymous_9)
FN:463,(anonymous_10)
FN:532,(anonymous_11)
FN:584,(anonymous_12)
FN:669,(anonymous_13)
FN:751,(anonymous_14)
FN:802,(anonymous_15)
FN:818,createComplianceService
FN:1009,(anonymous_17)
FN:1115,calculateOverallStatus
FN:1140,getFrameworkStatus
FN:1165,calculateOverallSecurityLevel
FN:1177,(anonymous_21)
FN:1181,calculateMinSecurityLevel
FN:1190,securityLevelToValue
FN:1207,valueToSecurityLevel
FNF:25
FNH:25
FNDA:436,(anonymous_0)
FNDA:112,(anonymous_1)
FNDA:6,(anonymous_2)
FNDA:9,(anonymous_3)
FNDA:12,(anonymous_4)
FNDA:87,(anonymous_5)
FNDA:1472,(anonymous_6)
FNDA:24,(anonymous_7)
FNDA:113,(anonymous_8)
FNDA:112,(anonymous_9)
FNDA:112,(anonymous_10)
FNDA:112,(anonymous_11)
FNDA:3,(anonymous_12)
FNDA:11,(anonymous_13)
FNDA:11,(anonymous_14)
FNDA:36,(anonymous_15)
FNDA:1,createComplianceService
FNDA:2,(anonymous_17)
FNDA:2,calculateOverallStatus
FNDA:8,getFrameworkStatus
FNDA:6,calculateOverallSecurityLevel
FNDA:18,(anonymous_21)
FNDA:2,calculateMinSecurityLevel
FNDA:38,securityLevelToValue
FNDA:8,valueToSecurityLevel
DA:50,436
DA:115,436
DA:131,112
DA:132,112
DA:133,112
DA:136,112
DA:137,1344
DA:144,1344
DA:145,592
DA:146,752
DA:147,426
DA:149,326
DA:156,112
DA:157,98
DA:161,22
DA:163,76
DA:165,14
DA:166,6
DA:168,8
DA:172,112
DA:179,112
DA:188,112
DA:193,112
DA:213,6
DA:218,1
DA:219,5
DA:224,1
DA:225,4
DA:234,2
DA:238,2
DA:245,2
DA:249,0
DA:250,2
DA:254,1
DA:256,1
DA:261,436
DA:276,9
DA:278,9
DA:279,108
DA:286,108
DA:287,78
DA:291,9
DA:301,12
DA:326,12
DA:327,87
DA:330,12
DA:331,11
DA:335,1
DA:353,1472
DA:355,1472
DA:356,6
DA:359,1466
DA:360,1466
DA:361,1466
DA:363,1466
DA:364,1466
DA:365,1466
DA:370,1466
DA:375,676
DA:380,790
DA:389,434
DA:393,356
DA:408,24
DA:409,113
DA:412,24
DA:416,24
DA:417,23
DA:421,1
DA:438,112
DA:440,112
DA:441,0
DA:447,112
DA:450,112
DA:470,112
DA:471,112
DA:472,112
DA:473,112
DA:476,112
DA:477,22
DA:480,112
DA:481,21
DA:484,112
DA:485,24
DA:491,112
DA:495,90
DA:496,90
DA:497,90
DA:500,112
DA:504,90
DA:507,90
DA:508,90
DA:511,112
DA:515,90
DA:518,90
DA:519,90
DA:522,112
DA:536,112
DA:539,112
DA:543,90
DA:544,90
DA:545,90
DA:549,112
DA:553,90
DA:554,90
DA:555,90
DA:558,112
DA:562,90
DA:563,90
DA:564,90
DA:567,112
DA:571,90
DA:572,90
DA:573,90
DA:578,112
DA:591,3
DA:599,3
DA:603,3
DA:607,1
DA:632,1
DA:644,2
DA:645,1
DA:651,1
DA:661,1
DA:669,3
DA:671,11
DA:678,11
DA:683,11
DA:688,11
DA:694,11
DA:724,3
DA:728,0
DA:739,1
DA:757,11
DA:759,11
DA:760,10
DA:765,11
DA:766,11
DA:771,11
DA:772,11
DA:778,11
DA:779,1
DA:780,1
DA:781,10
DA:785,1
DA:788,1
DA:789,9
DA:790,1
DA:793,1
DA:796,11
DA:806,36
DA:807,36
DA:808,36
DA:821,1
DA:823,1
DA:996,1
DA:998,0
DA:1009,21
DA:1015,2
DA:1021,2
DA:1120,2
DA:1126,2
DA:1129,0
DA:1131,2
DA:1134,0
DA:1136,0
DA:1145,8
DA:1152,8
DA:1153,8
DA:1154,8
DA:1156,8
DA:1157,0
DA:1158,8
DA:1159,6
DA:1161,2
DA:1170,6
DA:1177,18
DA:1178,6
DA:1185,2
DA:1186,2
DA:1187,2
DA:1191,38
DA:1193,0
DA:1195,0
DA:1197,36
DA:1199,2
DA:1201,0
DA:1203,0
DA:1208,8
DA:1209,8
DA:1211,0
DA:1213,0
DA:1215,8
DA:1217,0
DA:1219,0
DA:1221,0
LF:195
LH:178
BRDA:144,0,0,592
BRDA:144,0,1,752
BRDA:146,1,0,426
BRDA:146,1,1,326
BRDA:156,2,0,98
BRDA:156,2,1,14
[...]
BRDA:450,43,1,5
BRDA:455,44,0,2
BRDA:455,44,1,4
BRDA:456,45,0,6
BRDA:456,45,1,5
BRDA:461,46,0,1
BRDA:461,46,1,5
BRDA:462,47,0,6
BRDA:462,47,1,5
BRDA:467,48,0,0
BRDA:467,48,1,6
BRDA:468,49,0,6
BRDA:468,49,1,5
BRDA:473,50,0,0
BRDA:473,50,1,6
BRDA:474,51,0,6
BRDA:474,51,1,5
BRDA:480,52,0,2
BRDA:480,52,1,4
BRDA:484,53,0,2
BRDA:484,53,1,2
BRDA:488,54,0,0
BRDA:488,54,1,2
BRDA:506,55,0,63
BRDA:506,55,1,63
BRDA:508,56,0,21
BRDA:508,56,1,42
BRDA:513,57,0,0
BRDA:513,57,1,21
BRDA:517,58,0,0
BRDA:517,58,1,21
BRDA:521,59,0,0
BRDA:521,59,1,21
BRDA:525,60,0,0
BRDA:525,60,1,21
BRDA:530,61,0,21
BRDA:530,61,1,21
BRDA:535,62,0,0
BRDA:535,62,1,21
BRDA:539,63,0,0
BRDA:539,63,1,21
BRDA:543,64,0,0
BRDA:543,64,1,21
BRDA:547,65,0,0
BRDA:547,65,1,21
BRDA:557,66,0,0
BRDA:557,66,1,21
BRDA:561,67,0,0
BRDA:561,67,1,21
BRDA:565,68,0,0
BRDA:565,68,1,21
BRDA:569,69,0,0
BRDA:569,69,1,21
BRF:158
BRH:141
end_of_record
TN:
SF:src/utils/securityDefaults.ts
FN:6,getDefaultDevelopmentEffort
FN:20,getDefaultMaintenanceEffort
FN:34,getDefaultExpertiseLevel
FN:48,getInformationSensitivity
FN:62,getProtectionLevel
FNF:5
FNH:5
FNDA:6,getDefaultDevelopmentEffort
FNDA:6,getDefaultMaintenanceEffort
FNDA:6,getDefaultExpertiseLevel
FNDA:6,getInformationSensitivity
FNDA:6,getProtectionLevel
DA:7,6
DA:8,1
DA:9,1
DA:10,1
DA:11,1
DA:12,1
DA:13,1
DA:21,6
DA:22,1
DA:23,1
DA:24,1
DA:25,1
DA:26,1
DA:27,1
DA:35,6
DA:36,1
DA:37,1
DA:38,1
DA:39,1
DA:40,1
DA:41,1
DA:49,6
DA:50,1
DA:51,1
DA:52,1
DA:53,1
DA:54,1
DA:55,1
DA:63,6
DA:64,1
DA:65,1
DA:66,1
DA:67,1
DA:68,1
DA:69,1
LF:35
LH:35
BRDA:7,0,0,1
BRDA:7,0,1,1
BRDA:7,0,2,1
BRDA:7,0,3,1
BRDA:7,0,4,1
BRDA:7,0,5,1
BRDA:21,1,0,1
BRDA:21,1,1,1
BRDA:21,1,2,1
BRDA:21,1,3,1
BRDA:21,1,4,1
BRDA:21,1,5,1
BRDA:35,2,0,1
BRDA:35,2,1,1
BRDA:35,2,2,1
BRDA:35,2,3,1
BRDA:35,2,4,1
BRDA:35,2,5,1
BRDA:49,3,0,1
BRDA:49,3,1,1
BRDA:49,3,2,1
BRDA:49,3,3,1
BRDA:49,3,4,1
BRDA:49,3,5,1
BRDA:63,4,0,1
BRDA:63,4,1,1
BRDA:63,4,2,1
BRDA:63,4,3,1
BRDA:63,4,4,1
BRDA:63,4,5,1
BRF:30
BRH:30
end_of_record
TN:
SF:src/utils/securityLevelUtils.ts
FN:38,normalizeSecurityLevel
FN:74,getSecurityLevelValue
FN:109,getSecurityLevelFromValue
FN:126,getRiskLevelFromSecurityLevel
FN:146,calculateOverallSecurityLevel
FN:178,meetsSecurityRequirements
FN:206,getSecurityLevelGap
FN:226,getRecommendedSecurityLevels
FN:266,getSecurityLevelPercentage
FN:281,getSecurityLevelClass
FN:309,getSecurityLevelBadgeVariant
FN:336,isSecurityLevel
FN:351,asSecurityLevel
FN:364,getSecurityLevelDescription
FN:383,meetsComplianceRequirements
FN:409,getSecurityIcon
FN:427,getRecommendedSecurityLevel
FN:443,formatSecurityLevel
FN:466,(anonymous_18)
FNF:19
FNH:19
FNDA:1667,normalizeSecurityLevel
FNDA:1491,getSecurityLevelValue
FNDA:7,getSecurityLevelFromValue
FNDA:192,getRiskLevelFromSecurityLevel
FNDA:159,calculateOverallSecurityLevel
FNDA:3,meetsSecurityRequirements
FNDA:3,getSecurityLevelGap
FNDA:3,getRecommendedSecurityLevels
FNDA:7,getSecurityLevelPercentage
FNDA:8,getSecurityLevelClass
FNDA:6,getSecurityLevelBadgeVariant
FNDA:14,isSecurityLevel
FNDA:4,asSecurityLevel
FNDA:35,getSecurityLevelDescription
FNDA:6,meetsComplianceRequirements
FNDA:6,getSecurityIcon
FNDA:7,getRecommendedSecurityLevel
FNDA:10,formatSecurityLevel
FNDA:8,(anonymous_18)
DA:31,31
DA:41,1667
DA:43,1666
DA:52,1666
DA:53,1643
DA:58,23
DA:61,1667
DA:62,18
DA:66,5
DA:76,1491
DA:77,1491
DA:85,1491
DA:86,60
DA:90,1431
DA:92,1431
DA:100,1431
DA:110,7
DA:117,7
DA:127,192
DA:135,192
DA:152,159
DA:153,159
DA:154,159
DA:157,159
DA:161,159
DA:164,159
DA:187,3
DA:190,3
DA:193,3
DA:196,3
DA:210,3
DA:239,3
DA:244,3
DA:249,3
DA:254,3
DA:270,7
DA:271,7
DA:272,7
DA:273,7
DA:284,8
DA:288,8
DA:290,2
DA:292,1
DA:294,2
DA:296,1
DA:298,1
DA:300,1
DA:312,6
DA:314,6
DA:316,1
DA:318,1
DA:320,2
DA:322,1
DA:324,1
DA:326,0
DA:337,14
DA:339,10
DA:355,4
DA:365,35
DA:373,35
DA:387,6
DA:397,6
DA:400,6
DA:410,6
DA:418,6
DA:430,7
DA:431,5
DA:432,4
DA:433,3
DA:434,2
DA:444,10
DA:447,8
DA:450,8
DA:451,7
DA:452,6
DA:453,4
DA:454,3
DA:457,1
DA:466,31
DA:467,8
DA:468,8
DA:469,6
DA:470,5
DA:471,4
DA:472,2
DA:473,1
LF:86
LH:85
BRDA:41,0,0,1
BRDA:41,0,1,1666
BRDA:52,1,0,1643
BRDA:52,1,1,23
BRDA:58,2,0,23
BRDA:58,2,1,0
BRDA:61,3,0,18
BRDA:61,3,1,1649
BRDA:76,4,0,1491
BRDA:76,4,1,0
BRDA:85,5,0,60
BRDA:85,5,1,1431
BRDA:100,6,0,1431
BRDA:100,6,1,0
BRDA:117,7,0,7
BRDA:117,7,1,2
BRDA:135,8,0,192
BRDA:135,8,1,1
BRDA:152,9,0,159
BRDA:152,9,1,21
BRDA:153,10,0,159
BRDA:153,10,1,14
BRDA:154,11,0,159
BRDA:154,11,1,16
BRDA:164,12,0,159
BRDA:164,12,1,0
BRDA:196,13,0,3
BRDA:196,13,1,3
BRDA:196,13,2,2
BRDA:255,14,0,3
BRDA:255,14,1,0
BRDA:256,15,0,3
BRDA:256,15,1,0
BRDA:257,16,0,3
BRDA:257,16,1,0
BRDA:284,17,0,8
BRDA:284,17,1,0
BRDA:288,18,0,2
BRDA:288,18,1,1
BRDA:288,18,2,2
BRDA:288,18,3,1
BRDA:288,18,4,1
BRDA:288,18,5,1
BRDA:314,19,0,1
BRDA:314,19,1,1
BRDA:314,19,2,2
BRDA:314,19,3,1
BRDA:314,19,4,1
BRDA:314,19,5,0
BRDA:337,20,0,4
BRDA:337,20,1,10
BRDA:353,21,0,4
BRDA:355,22,0,2
BRDA:355,22,1,2
BRDA:373,23,0,35
BRDA:373,23,1,0
BRDA:397,24,0,6
BRDA:397,24,1,0
BRDA:418,25,0,6
BRDA:418,25,1,1
BRDA:430,26,0,2
BRDA:430,26,1,5
BRDA:431,27,0,1
BRDA:431,27,1,4
BRDA:432,28,0,1
BRDA:432,28,1,3
BRDA:433,29,0,1
BRDA:433,29,1,2
BRDA:444,30,0,2
BRDA:444,30,1,8
BRDA:450,31,0,1
BRDA:450,31,1,7
BRDA:451,32,0,1
BRDA:451,32,1,6
BRDA:452,33,0,2
BRDA:452,33,1,4
BRDA:453,34,0,1
BRDA:453,34,1,3
BRDA:454,35,0,2
BRDA:454,35,1,1
BRDA:468,36,0,2
BRDA:468,36,1,6
BRDA:469,37,0,1
BRDA:469,37,1,5
BRDA:470,38,0,1
BRDA:470,38,1,4
BRDA:471,39,0,2
BRDA:471,39,1,2
BRDA:472,40,0,1
BRDA:472,40,1,1
BRF:90
BRH:79
end_of_record
TN:
SF:src/utils/serviceUtils.ts
FN:9,createEmptyCIADetails
FNF:1
FNH:1
FNDA:255,createEmptyCIADetails
DA:10,255
LF:1
LH:1
BRF:0
BRH:0
end_of_record
TN:
SF:src/utils/statusUtils.ts
FN:9,getStatusVariant
FN:25,getRiskColorClass
FN:39,getComplianceStatusText
FNF:3
FNH:3
FNDA:36,getStatusVariant
FNDA:63,getRiskColorClass
FNDA:1,getComplianceStatusText
DA:10,36
DA:11,36
DA:12,36
DA:13,35
DA:14,35
DA:15,34
DA:16,34
DA:26,63
DA:27,63
DA:28,63
DA:29,4
DA:30,0
DA:40,1
DA:41,1
DA:42,0
LF:15
LH:13
BRDA:11,0,0,0
BRDA:11,0,1,36
BRDA:12,1,0,1
BRDA:12,1,1,35
BRDA:13,2,0,0
BRDA:13,2,1,35
BRDA:14,3,0,1
BRDA:14,3,1,34
BRDA:15,4,0,0
BRDA:15,4,1,34
BRDA:26,5,0,0
BRDA:26,5,1,63
BRDA:27,6,0,0
BRDA:27,6,1,63
BRDA:28,7,0,59
BRDA:28,7,1,4
BRDA:29,8,0,4
BRDA:29,8,1,0
BRDA:40,9,0,0
BRDA:40,9,1,1
BRDA:41,10,0,1
BRDA:41,10,1,0
BRF:22
BRH:14
end_of_record
TN:
SF:src/utils/technicalDetailsDefaults.ts
FN:10,getDefaultTechnicalDetails
FN:32,getDefaultDescription
FN:94,getDefaultTechDescription
FN:156,getDefaultRequirements
FN:285,getDefaultTechnologies
FN:347,getDefaultConfigurations
FN:409,getDefaultExpertise
FNF:7
FNH:7
FNDA:63,getDefaultTechnicalDetails
FNDA:63,getDefaultDescription
FNDA:78,getDefaultTechDescription
FNDA:64,getDefaultRequirements
FNDA:15,getDefaultTechnologies
FNDA:15,getDefaultConfigurations
FNDA:15,getDefaultExpertise
DA:18,63
DA:36,63
DA:37,21
DA:39,0
DA:41,0
DA:43,21
DA:45,0
DA:47,0
DA:49,0
DA:53,42
DA:54,21
DA:56,0
DA:58,0
DA:60,21
DA:62,0
DA:64,0
DA:66,0
DA:71,21
DA:73,0
DA:75,0
DA:77,20
DA:79,0
DA:81,0
DA:83,1
DA:98,78
DA:99,32
DA:101,1
DA:103,0
DA:105,29
DA:107,1
DA:109,1
DA:111,0
DA:115,46
DA:116,24
DA:118,0
DA:120,0
DA:122,23
DA:124,0
DA:126,1
DA:128,0
DA:133,22
DA:135,0
DA:137,0
DA:139,21
DA:141,0
DA:143,0
DA:145,1
DA:160,64
DA:161,22
DA:163,0
DA:165,0
DA:172,22
DA:180,0
DA:188,0
DA:196,0
DA:200,42
DA:201,21
DA:203,0
DA:205,0
DA:211,21
DA:219,0
DA:227,0
DA:235,0
DA:240,21
DA:242,0
DA:244,0
DA:250,20
DA:258,0
DA:266,0
DA:274,1
DA:289,15
DA:290,11
DA:292,1
DA:294,0
DA:296,8
DA:298,1
DA:300,1
DA:302,0
DA:306,4
DA:307,3
DA:309,0
DA:311,0
DA:313,2
DA:315,0
DA:317,1
DA:319,0
DA:324,1
DA:326,0
DA:328,0
DA:330,1
DA:332,0
DA:334,0
DA:336,0
DA:351,15
DA:352,11
DA:354,1
DA:356,0
DA:358,8
DA:360,1
DA:362,1
DA:364,0
DA:368,4
DA:369,3
DA:371,0
DA:373,0
DA:375,2
DA:377,0
DA:379,1
DA:381,0
DA:386,1
DA:388,0
DA:390,0
DA:392,1
DA:394,0
DA:396,0
DA:398,0
DA:413,15
DA:414,11
DA:416,1
DA:418,0
DA:420,8
DA:426,1
DA:433,1
DA:441,0
DA:445,4
DA:446,3
DA:448,0
DA:450,0
DA:452,2
DA:458,0
DA:465,1
DA:472,0
DA:477,1
DA:479,0
DA:481,0
DA:483,1
DA:485,0
DA:492,0
DA:500,0
LF:139
LH:68
BRDA:36,0,0,21
BRDA:36,0,1,42
BRDA:37,1,0,0
BRDA:37,1,1,0
BRDA:37,1,2,21
BRDA:37,1,3,0
BRDA:37,1,4,0
BRDA:37,1,5,0
BRDA:53,2,0,21
BRDA:53,2,1,21
BRDA:54,3,0,0
BRDA:54,3,1,0
BRDA:54,3,2,21
BRDA:54,3,3,0
BRDA:54,3,4,0
BRDA:54,3,5,0
BRDA:71,4,0,0
BRDA:71,4,1,0
BRDA:71,4,2,20
BRDA:71,4,3,0
BRDA:71,4,4,0
BRDA:71,4,5,1
BRDA:98,5,0,32
BRDA:98,5,1,46
BRDA:99,6,0,1
BRDA:99,6,1,0
BRDA:99,6,2,29
BRDA:99,6,3,1
BRDA:99,6,4,1
BRDA:99,6,5,0
BRDA:115,7,0,24
BRDA:115,7,1,22
BRDA:116,8,0,0
BRDA:116,8,1,0
BRDA:116,8,2,23
BRDA:116,8,3,0
BRDA:116,8,4,1
BRDA:116,8,5,0
BRDA:133,9,0,22
BRDA:133,9,1,0
BRDA:133,9,2,21
BRDA:133,9,3,0
BRDA:133,9,4,0
BRDA:133,9,5,1
BRDA:160,10,0,22
BRDA:160,10,1,42
BRDA:161,11,0,0
BRDA:161,11,1,0
BRDA:161,11,2,22
BRDA:161,11,3,0
BRDA:161,11,4,0
BRDA:161,11,5,0
BRDA:200,12,0,21
BRDA:200,12,1,21
BRDA:201,13,0,0
BRDA:201,13,1,0
BRDA:201,13,2,21
BRDA:201,13,3,0
BRDA:201,13,4,0
BRDA:201,13,5,0
BRDA:240,14,0,0
BRDA:240,14,1,0
BRDA:240,14,2,20
BRDA:240,14,3,0
BRDA:240,14,4,0
BRDA:240,14,5,1
BRDA:289,15,0,11
BRDA:289,15,1,4
BRDA:290,16,0,1
BRDA:290,16,1,0
BRDA:290,16,2,8
BRDA:290,16,3,1
BRDA:290,16,4,1
BRDA:290,16,5,0
BRDA:306,17,0,3
BRDA:306,17,1,1
BRDA:307,18,0,0
BRDA:307,18,1,0
BRDA:307,18,2,2
BRDA:307,18,3,0
BRDA:307,18,4,1
BRDA:307,18,5,0
BRDA:324,19,0,1
BRDA:324,19,1,0
BRDA:324,19,2,1
BRDA:324,19,3,0
BRDA:324,19,4,0
BRDA:324,19,5,0
BRDA:351,20,0,11
BRDA:351,20,1,4
BRDA:352,21,0,1
BRDA:352,21,1,0
BRDA:352,21,2,8
BRDA:352,21,3,1
BRDA:352,21,4,1
BRDA:352,21,5,0
BRDA:368,22,0,3
BRDA:368,22,1,1
BRDA:369,23,0,0
BRDA:369,23,1,0
BRDA:369,23,2,2
BRDA:369,23,3,0
BRDA:369,23,4,1
BRDA:369,23,5,0
BRDA:386,24,0,1
BRDA:386,24,1,0
BRDA:386,24,2,1
BRDA:386,24,3,0
BRDA:386,24,4,0
BRDA:386,24,5,0
BRDA:413,25,0,11
BRDA:413,25,1,4
BRDA:414,26,0,1
BRDA:414,26,1,0
BRDA:414,26,2,8
BRDA:414,26,3,1
BRDA:414,26,4,1
BRDA:414,26,5,0
BRDA:445,27,0,3
BRDA:445,27,1,1
BRDA:446,28,0,0
BRDA:446,28,1,0
BRDA:446,28,2,2
BRDA:446,28,3,0
BRDA:446,28,4,1
BRDA:446,28,5,0
BRDA:477,29,0,1
BRDA:477,29,1,0
BRDA:477,29,2,1
BRDA:477,29,3,0
BRDA:477,29,4,0
BRDA:477,29,5,0
BRF:132
BRH:65
end_of_record
TN:
SF:src/utils/typeGuards.ts
FN:26,isAvailabilityDetail
FN:41,isIntegrityDetail
FN:55,isConfidentialityDetail
FN:71,isValidCIADetail
FN:80,isObject
FN:89,isString
FN:96,isNumber
FN:107,safeAccess
FN:138,ensureArray
FN:145,safeNumberConversion
FN:163,getSecurityLevelOption
FN:189,hasProperty
FN:198,isROIMetrics
FN:211,isTechnicalImplementationDetails
FN:228,isSecurityResource
FN:246,hasWidgetProps
FN:260,isWidgetProps
FN:280,isSecurityProfile
FN:302,isComplianceStatus
FN:339,isComplianceFramework
FN:381,isROIMetricDetails
FN:405,isSecurityLevel
FN:418,isCIAComponentType
FN:431,isCIADetails
FN:460,isSecurityLevelWidgetProps
FN:483,isCIAImpactSummaryWidgetProps
FN:506,isBusinessImpactDetails
FN:524,(anonymous_27)
FN:534,isROIEstimate
FN:545,isWidgetConfig
FN:553,hasTagValue
FN:566,parseRiskLevel
FN:603,extractSecurityLevels
FN:626,getImplementationCost
FN:661,isBusinessImpactCategory
FN:679,isComplianceFrameworkName
FN:699,isComplianceFrameworkObject
FN:717,isRiskLevel
FN:742,isWidget
FN:760,isWidgetType
FN:784,isBoolean
FN:793,isArray
FN:802,isFunction
FN:811,isNull
FN:820,isUndefined
FN:829,isNullish
FN:838,isDate
FN:847,isError
FN:856,isValidKey
FN:866,isCIAComponent
FN:876,(anonymous_50)
FN:889,isStatusType
FN:910,(anonymous_52)
FN:924,hasMethod
FNF:54
FNH:42
FNDA:5,isAvailabilityDetail
FNDA:4,isIntegrityDetail
FNDA:4,isConfidentialityDetail
FNDA:3,isValidCIADetail
FNDA:145,isObject
FNDA:130,isString
FNDA:42,isNumber
FNDA:6,safeAccess
FNDA:5,ensureArray
FNDA:5,safeNumberConversion
FNDA:7,getSecurityLevelOption
FNDA:113,hasProperty
FNDA:4,isROIMetrics
FNDA:3,isTechnicalImplementationDetails
FNDA:3,isSecurityResource
FNDA:0,hasWidgetProps
FNDA:3,isWidgetProps
FNDA:12,isSecurityProfile
FNDA:14,isComplianceStatus
FNDA:10,isComplianceFramework
FNDA:4,isROIMetricDetails
FNDA:22,isSecurityLevel
FNDA:17,isCIAComponentType
FNDA:13,isCIADetails
FNDA:0,isSecurityLevelWidgetProps
FNDA:0,isCIAImpactSummaryWidgetProps
FNDA:6,isBusinessImpactDetails
FNDA:9,(anonymous_27)
FNDA:3,isROIEstimate
FNDA:4,isWidgetConfig
FNDA:12,hasTagValue
FNDA:12,parseRiskLevel
FNDA:8,extractSecurityLevels
FNDA:12,getImplementationCost
FNDA:0,isBusinessImpactCategory
FNDA:0,isComplianceFrameworkName
FNDA:0,isComplianceFrameworkObject
FNDA:0,isRiskLevel
FNDA:0,isWidget
FNDA:0,isWidgetType
FNDA:9,isBoolean
FNDA:39,isArray
FNDA:10,isFunction
FNDA:7,isNull
FNDA:8,isUndefined
FNDA:1813,isNullish
FNDA:8,isDate
FNDA:11,isError
FNDA:10,isValidKey
FNDA:9,isCIAComponent
FNDA:0,(anonymous_50)
FNDA:0,isStatusType
FNDA:0,(anonymous_52)
FNDA:230,hasMethod
DA:27,5
DA:29,5
DA:30,5
DA:42,4
DA:44,4
DA:45,4
DA:58,4
DA:60,4
DA:61,4
DA:74,3
DA:83,145
DA:90,130
DA:97,42
DA:112,6
DA:113,2
DA:116,4
DA:120,6
DA:122,6
DA:123,13
DA:124,0
DA:127,13
DA:130,4
DA:139,5
DA:149,5
DA:150,4
DA:151,3
DA:152,3
DA:154,1
DA:168,7
DA:171,7
DA:178,6
DA:180,1
DA:190,113
DA:199,4
DA:212,3
DA:229,3
DA:247,0
DA:261,3
DA:264,3
DA:265,2
DA:266,0
DA:267,2
DA:270,2
DA:281,12
DA:284,8
DA:303,14
DA:305,10
DA:308,10
DA:309,7
DA:310,6
DA:313,5
DA:317,1
DA:318,4
DA:319,0
DA:322,4
DA:323,3
DA:327,0
DA:328,3
DA:330,3
DA:340,10
DA:341,2
DA:345,8
DA:346,2
DA:350,6
DA:351,0
DA:354,6
DA:357,6
DA:358,2
DA:363,4
DA:369,10
DA:370,2
DA:375,2
DA:382,4
DA:383,3
DA:406,22
DA:419,17
DA:432,13
DA:434,9
DA:437,9
DA:463,0
DA:465,0
DA:468,0
DA:486,0
DA:488,0
DA:491,0
DA:509,6
DA:512,3
DA:515,2
DA:524,9
DA:526,2
DA:535,3
DA:546,4
DA:547,3
DA:554,12
DA:555,7
DA:557,5
DA:570,12
DA:573,8
DA:576,7
DA:579,7
DA:580,7
DA:583,2
DA:591,2
DA:592,2
DA:593,2
DA:597,0
DA:608,8
DA:609,4
DA:616,4
DA:627,12
DA:629,8
DA:630,8
DA:631,4
DA:633,8
DA:634,3
DA:636,8
DA:637,3
DA:639,8
DA:662,0
DA:664,0
DA:680,0
DA:682,0
DA:700,0
DA:702,0
DA:704,0
DA:718,0
DA:720,0
DA:743,0
DA:745,0
DA:747,0
DA:761,0
DA:763,0
DA:785,9
DA:794,39
DA:803,10
DA:812,7
DA:821,8
DA:830,1813
DA:839,8
DA:848,11
DA:857,10
DA:867,9
DA:876,25
DA:880,0
DA:881,0
DA:890,0
DA:892,0
DA:901,0
DA:910,25
DA:914,0
DA:915,0
DA:928,230
LF:152
LH:118
BRDA:27,0,0,0
BRDA:27,0,1,5
BRDA:27,1,0,5
BRDA:27,1,1,5
BRDA:31,2,0,5
BRDA:31,2,1,4
BRDA:31,2,2,3
BRDA:31,2,3,2
BRDA:42,3,0,0
BRDA:42,3,1,4
BRDA:42,4,0,4
BRDA:42,4,1,4
BRDA:46,5,0,4
BRDA:46,5,1,3
BRDA:46,5,2,2
BRDA:58,6,0,0
BRDA:58,6,1,4
BRDA:58,7,0,4
BRDA:58,7,1,4
BRDA:62,8,0,4
BRDA:62,8,1,3
BRDA:62,8,2,2
BRDA:74,9,0,3
BRDA:74,9,1,2
BRDA:83,10,0,145
BRDA:83,10,1,128
BRDA:83,10,2,114
BRDA:97,11,0,42
BRDA:97,11,1,23
BRDA:112,12,0,2
BRDA:112,12,1,4
BRDA:116,13,0,0
BRDA:116,13,1,4
BRDA:123,14,0,0
BRDA:123,14,1,13
BRDA:123,15,0,13
BRDA:123,15,1,13
BRDA:130,16,0,2
BRDA:130,16,1,2
BRDA:130,17,0,4
BRDA:130,17,1,2
BRDA:139,18,0,1
BRDA:139,18,1,4
BRDA:139,19,0,2
BRDA:139,19,1,2
BRDA:147,20,0,5
BRDA:149,21,0,1
BRDA:149,21,1,4
BRDA:150,22,0,3
BRDA:150,22,1,1
BRDA:152,23,0,2
BRDA:152,23,1,1
BRDA:168,24,0,7
BRDA:168,24,1,1
BRDA:171,25,0,6
BRDA:171,25,1,1
BRDA:172,26,0,7
BRDA:172,26,1,5
BRDA:172,26,2,4
BRDA:172,26,3,3
BRDA:172,26,4,2
BRDA:190,27,0,113
BRDA:190,27,1,109
BRDA:200,28,0,4
BRDA:200,28,1,3
BRDA:200,28,2,1
BRDA:213,29,0,3
BRDA:213,29,1,3
BRDA:213,29,2,2
BRDA:213,29,3,1
BRDA:213,29,4,1
BRDA:213,29,5,1
BRDA:213,29,6,1
BRDA:230,30,0,3
BRDA:230,30,1,3
BRDA:230,30,2,2
BRDA:230,30,3,2
BRDA:230,30,4,1
BRDA:230,30,5,1
BRDA:230,30,6,1
BRDA:230,30,7,1
BRDA:248,31,0,0
BRDA:248,31,1,0
BRDA:248,31,2,0
BRDA:248,31,3,0
BRDA:261,32,0,0
BRDA:261,32,1,3
BRDA:264,33,0,1
BRDA:264,33,1,2
BRDA:264,34,0,3
BRDA:264,34,1,2
BRDA:265,35,0,0
BRDA:265,35,1,2
BRDA:265,36,0,2
BRDA:265,36,1,1
BRDA:267,37,0,0
BRDA:267,37,1,2
BRDA:267,38,0,2
BRDA:267,38,1,1
BRDA:271,39,0,2
BRDA:271,39,1,1
BRDA:271,39,2,1
BRDA:281,40,0,4
BRDA:281,40,1,8
BRDA:285,41,0,8
BRDA:285,41,1,7
BRDA:285,41,2,6
BRDA:285,41,3,5
BRDA:285,41,4,4
BRDA:285,41,5,4
BRDA:285,41,6,3
BRDA:285,41,7,3
BRDA:303,42,0,4
BRDA:303,42,1,10
BRDA:303,43,0,14
BRDA:303,43,1,11
BRDA:308,44,0,3
BRDA:308,44,1,7
BRDA:309,45,0,1
BRDA:309,45,1,6
BRDA:310,46,0,1
BRDA:310,46,1,5
BRDA:313,47,0,1
BRDA:313,47,1,4
BRDA:314,48,0,5
BRDA:314,48,1,2
BRDA:318,49,0,0
BRDA:318,49,1,4
BRDA:318,50,0,4
BRDA:318,50,1,1
BRDA:322,51,0,1
BRDA:322,51,1,3
BRDA:322,52,0,4
BRDA:322,52,1,3
BRDA:323,53,0,0
BRDA:323,53,1,3
BRDA:324,54,0,3
BRDA:324,54,1,2
BRDA:328,55,0,0
BRDA:328,55,1,3
BRDA:328,56,0,3
BRDA:328,56,1,0
BRDA:340,57,0,2
BRDA:340,57,1,8
BRDA:345,58,0,2
BRDA:345,58,1,6
BRDA:350,59,0,0
BRDA:350,59,1,6
BRDA:357,60,0,2
BRDA:357,60,1,4
BRDA:357,61,0,6
BRDA:357,61,1,4
BRDA:363,62,0,4
BRDA:363,62,1,2
BRDA:363,62,2,2
BRDA:363,62,3,2
BRDA:363,62,4,2
BRDA:369,63,0,2
BRDA:369,63,1,8
BRDA:382,64,0,1
BRDA:382,64,1,3
BRDA:384,65,0,3
BRDA:384,65,1,2
BRDA:384,65,2,1
BRDA:384,65,3,1
BRDA:384,65,4,1
BRDA:384,65,5,1
BRDA:407,66,0,22
BRDA:407,66,1,16
BRDA:420,67,0,17
BRDA:420,67,1,11
BRDA:432,68,0,4
BRDA:432,68,1,9
BRDA:432,69,0,13
BRDA:432,69,1,11
BRDA:438,70,0,9
BRDA:438,70,1,8
BRDA:438,70,2,7
BRDA:438,70,3,6
BRDA:438,70,4,5
BRDA:438,70,5,4
BRDA:438,70,6,3
BRDA:438,70,7,2
BRDA:463,71,0,0
BRDA:463,71,1,0
BRDA:469,72,0,0
BRDA:469,72,1,0
BRDA:469,72,2,0
BRDA:469,72,3,0
BRDA:469,72,4,0
BRDA:469,72,5,0
BRDA:486,73,0,0
BRDA:486,73,1,0
BRDA:492,74,0,0
BRDA:492,74,1,0
BRDA:492,74,2,0
BRDA:492,74,3,0
BRDA:492,74,4,0
BRDA:492,74,5,0
BRDA:509,75,0,3
BRDA:509,75,1,3
BRDA:512,76,0,1
BRDA:512,76,1,2
BRDA:524,77,0,9
BRDA:524,77,1,1
BRDA:536,78,0,3
BRDA:536,78,1,3
BRDA:536,78,2,1
BRDA:546,79,0,1
BRDA:546,79,1,3
BRDA:547,80,0,3
BRDA:547,80,1,2
BRDA:554,81,0,7
BRDA:554,81,1,5
BRDA:554,82,0,12
BRDA:554,82,1,9
BRDA:554,82,2,7
BRDA:570,83,0,4
BRDA:570,83,1,8
BRDA:573,84,0,1
BRDA:573,84,1,7
BRDA:576,85,0,0
BRDA:576,85,1,7
BRDA:580,86,0,5
BRDA:580,86,1,2
BRDA:592,87,0,2
BRDA:592,87,1,0
BRDA:608,88,0,4
BRDA:608,88,1,4
BRDA:617,89,0,4
BRDA:617,89,1,0
BRDA:618,90,0,8
BRDA:618,90,1,2
BRDA:619,91,0,8
BRDA:619,91,1,2
BRDA:627,92,0,4
BRDA:627,92,1,8
BRDA:630,93,0,4
BRDA:630,93,1,4
BRDA:630,94,0,8
BRDA:630,94,1,4
BRDA:633,95,0,3
BRDA:633,95,1,5
BRDA:633,96,0,8
BRDA:633,96,1,3
BRDA:636,97,0,3
BRDA:636,97,1,5
BRDA:636,98,0,8
BRDA:636,98,1,3
BRDA:662,99,0,0
BRDA:662,99,1,0
BRDA:680,100,0,0
BRDA:680,100,1,0
BRDA:700,101,0,0
BRDA:700,101,1,0
BRDA:700,102,0,0
BRDA:700,102,1,0
BRDA:705,103,0,0
BRDA:705,103,1,0
BRDA:705,103,2,0
BRDA:705,103,3,0
BRDA:718,104,0,0
BRDA:718,104,1,0
BRDA:743,105,0,0
BRDA:743,105,1,0
BRDA:743,106,0,0
BRDA:743,106,1,0
BRDA:748,107,0,0
BRDA:748,107,1,0
BRDA:748,107,2,0
BRDA:761,108,0,0
BRDA:761,108,1,0
BRDA:830,109,0,1813
BRDA:830,109,1,995
BRDA:857,110,0,10
BRDA:857,110,1,6
BRDA:857,110,2,5
BRDA:878,111,0,0
BRDA:880,112,0,0
BRDA:880,112,1,0
BRDA:890,113,0,0
BRDA:890,113,1,0
BRDA:912,114,0,0
BRDA:914,115,0,0
BRDA:914,115,1,0
BRDA:929,116,0,230
BRDA:929,116,1,230
BRDA:929,116,2,230
BRDA:929,116,3,230
BRDA:929,116,4,21
BRF:290
BRH:223
end_of_record
TN:
SF:src/utils/widgetHelpers.ts
FN:10,formatSecurityLevel
FN:34,(anonymous_1)
FN:40,(anonymous_2)
FN:44,(anonymous_3)
FN:48,(anonymous_4)
FN:53,(anonymous_5)
FN:60,(anonymous_6)
FN:64,(anonymous_7)
FN:72,(anonymous_8)
FN:76,(anonymous_9)
FN:78,(anonymous_10)
FN:81,(anonymous_11)
FNF:12
FNH:12
FNDA:8,formatSecurityLevel
FNDA:1,(anonymous_1)
FNDA:1,(anonymous_2)
FNDA:1,(anonymous_3)
FNDA:2,(anonymous_4)
FNDA:1,(anonymous_5)
FNDA:1,(anonymous_6)
FNDA:2,(anonymous_7)
FNDA:1,(anonymous_8)
FNDA:1,(anonymous_9)
FNDA:1,(anonymous_10)
FNDA:1,(anonymous_11)
DA:13,8
DA:15,6
DA:18,6
DA:19,1
DA:22,5
DA:24,5
DA:25,4
DA:26,3
DA:27,2
DA:28,1
DA:30,0
DA:34,9
DA:37,1
DA:40,9
DA:41,1
DA:44,9
DA:45,1
DA:48,9
DA:49,2
DA:50,1
DA:53,9
DA:57,1
DA:60,9
DA:61,1
DA:64,9
DA:66,2
DA:67,1
DA:69,1
DA:72,9
DA:73,1
DA:76,9
DA:78,9
DA:79,1
DA:81,9
LF:34
LH:33
BRDA:13,0,0,2
BRDA:13,0,1,6
BRDA:18,1,0,1
BRDA:18,1,1,5
BRDA:24,2,0,1
BRDA:24,2,1,4
BRDA:25,3,0,1
BRDA:25,3,1,3
BRDA:26,4,0,1
BRDA:26,4,1,2
BRDA:27,5,0,1
BRDA:27,5,1,1
BRDA:28,6,0,1
BRDA:28,6,1,0
BRDA:49,7,0,1
BRDA:49,7,1,1
BRDA:66,8,0,1
BRDA:66,8,1,1
BRF:18
BRH:17
end_of_record
