TN:
SF:src/App.tsx
FN:10,App
FNF:1
FNH:1
FNDA:1,App
DA:2,1
DA:3,1
DA:4,1
DA:10,1
DA:11,1
DA:12,1
DA:13,1
DA:14,1
DA:15,1
DA:16,1
DA:18,1
DA:20,1
LF:12
LH:12
BRDA:10,0,0,1
BRF:1
BRH:1
end_of_record
TN:
SF:src/CIAClassificationApp.tsx
FN:31,CIAClassificationApp
FN:48,testEventHandler
FN:131,toggleDarkMode
FNF:3
FNH:1
FNDA:3,CIAClassificationApp
FNDA:0,testEventHandler
FNDA:0,toggleDarkMode
DA:1,1
DA:2,1
DA:7,1
DA:8,1
DA:9,1
DA:10,1
DA:11,1
DA:13,1
DA:14,1
DA:15,1
DA:16,1
DA:18,1
DA:19,1
DA:20,1
DA:21,1
DA:22,1
DA:23,1
DA:24,1
DA:26,1
DA:31,1
DA:33,3
DA:34,3
DA:35,3
DA:36,3
DA:37,3
DA:38,3
DA:39,3
DA:42,3
DA:43,3
DA:44,3
DA:45,3
DA:47,3
DA:48,3
DA:49,0
DA:50,0
DA:51,0
DA:52,0
DA:53,0
DA:54,0
DA:55,0
DA:56,0
DA:57,0
DA:58,0
DA:59,0
DA:61,3
DA:62,3
DA:63,3
DA:64,3
DA:66,3
DA:67,3
DA:68,3
DA:69,3
DA:70,3
DA:71,3
DA:72,3
DA:74,3
DA:75,3
DA:76,3
DA:77,3
DA:78,3
DA:79,3
DA:80,3
DA:81,3
DA:82,3
DA:83,3
DA:84,3
DA:86,3
DA:87,0
DA:88,0
DA:89,0
DA:90,3
DA:91,0
DA:92,0
DA:93,0
DA:94,0
DA:95,3
DA:96,3
DA:99,3
DA:100,3
DA:101,3
DA:102,3
DA:104,3
DA:105,3
DA:106,3
DA:107,3
DA:110,3
DA:111,3
DA:112,3
DA:113,3
DA:114,3
DA:115,3
DA:116,3
DA:117,3
DA:118,3
DA:119,3
DA:120,3
DA:121,3
DA:122,3
DA:124,3
DA:125,3
DA:126,3
DA:127,3
DA:128,3
DA:131,3
DA:132,0
DA:133,0
DA:135,0
DA:136,0
DA:137,0
DA:138,0
DA:139,0
DA:140,0
DA:141,0
DA:142,0
DA:143,0
DA:144,0
DA:147,3
DA:150,3
DA:151,3
DA:154,3
DA:155,3
DA:156,12
DA:157,12
DA:158,12
DA:159,3
DA:160,3
DA:162,3
DA:163,3
DA:164,3
DA:165,12
DA:166,12
DA:167,3
DA:169,3
DA:170,3
DA:171,15
DA:172,15
DA:173,15
DA:174,3
DA:175,3
DA:177,3
DA:178,3
DA:179,3
DA:180,3
DA:182,3
DA:183,3
DA:185,3
DA:186,3
DA:187,3
DA:188,3
DA:190,3
DA:191,3
DA:192,3
DA:193,3
DA:194,3
DA:195,3
DA:196,3
DA:197,3
DA:198,3
DA:199,3
DA:200,3
DA:201,3
DA:202,3
DA:203,0
DA:204,3
DA:205,3
DA:207,3
DA:208,0
DA:209,0
DA:210,0
DA:212,0
DA:213,0
DA:215,3
DA:216,3
DA:217,3
DA:219,3
DA:220,3
DA:223,3
DA:224,3
DA:226,3
DA:227,3
DA:228,3
DA:229,3
DA:231,3
DA:232,3
DA:233,3
DA:234,3
DA:235,3
DA:236,3
DA:237,3
DA:238,3
DA:239,3
DA:242,3
DA:243,3
DA:244,3
DA:245,3
DA:247,3
DA:248,3
DA:249,3
DA:250,3
DA:251,3
DA:252,3
DA:253,3
DA:256,3
DA:257,3
DA:258,3
DA:259,3
DA:261,3
DA:262,3
DA:263,3
DA:264,3
DA:265,3
DA:266,3
DA:267,3
DA:270,3
DA:271,3
DA:272,3
DA:273,3
DA:275,3
DA:276,3
DA:277,3
DA:278,3
DA:279,3
DA:280,3
DA:283,3
DA:284,3
DA:285,3
DA:286,3
DA:288,3
DA:289,3
DA:290,3
DA:291,3
DA:292,3
DA:293,3
DA:296,3
DA:297,3
DA:298,3
DA:299,3
DA:301,3
DA:302,3
DA:303,3
DA:304,3
DA:305,3
DA:306,3
DA:307,3
DA:310,3
DA:311,3
DA:312,3
DA:313,3
DA:315,3
DA:316,3
DA:317,3
DA:318,3
DA:319,3
DA:320,3
DA:323,3
DA:324,3
DA:325,3
DA:326,3
DA:328,3
DA:329,3
DA:330,3
DA:331,3
DA:332,3
DA:333,3
DA:336,3
DA:337,3
DA:338,3
DA:339,3
DA:341,3
DA:342,3
DA:343,3
DA:344,3
DA:345,3
DA:346,3
DA:349,3
DA:350,3
DA:351,3
DA:352,3
DA:354,3
DA:355,3
DA:356,3
DA:357,3
DA:358,3
DA:359,3
DA:362,3
DA:363,3
DA:364,3
DA:365,3
DA:367,3
DA:368,3
DA:369,3
DA:370,3
DA:371,3
DA:372,3
DA:373,3
DA:376,3
DA:377,3
DA:378,3
DA:379,3
DA:381,3
DA:382,3
DA:383,3
DA:384,3
DA:385,3
DA:386,3
DA:387,3
DA:388,3
DA:389,3
DA:390,3
DA:391,3
DA:392,3
DA:394,3
DA:396,1
LF:313
LH:277
BRDA:31,0,0,3
BRDA:150,1,0,0
BRDA:151,2,0,0
BRDA:179,3,0,0
BRDA:202,4,0,0
BRDA:207,5,0,0
BRDA:47,6,0,3
BRDA:66,7,0,3
BRDA:74,8,0,3
BRDA:86,9,0,0
BRDA:90,10,0,0
BRDA:110,11,0,3
BRDA:127,12,0,0
BRDA:155,13,0,12
BRDA:164,14,0,12
BRDA:170,15,0,15
BRF:16
BRH:8
end_of_record
TN:
SF:src/index.tsx
FN:1,(empty-report)
FNF:1
FNH:0
FNDA:0,(empty-report)
DA:1,0
DA:2,0
DA:3,0
DA:4,0
DA:6,0
DA:7,0
DA:8,0
DA:10,0
DA:11,0
DA:12,0
DA:13,0
DA:14,0
LF:12
LH:0
BRDA:1,0,0,0
BRF:1
BRH:0
end_of_record
TN:
SF:src/components/Dashboard.tsx
FN:38,Dashboard
FN:124,calculateOverallLevel
FN:142,calculateCostProps
FN:194,DashboardWidget
FNF:4
FNH:4
FNDA:5,Dashboard
FNDA:5,calculateOverallLevel
FNDA:5,calculateCostProps
FNDA:37,DashboardWidget
DA:1,1
DA:3,1
DA:4,1
DA:9,1
DA:10,1
DA:12,1
DA:14,1
DA:38,1
DA:39,5
DA:40,5
DA:41,5
DA:42,5
DA:43,5
DA:44,5
DA:45,5
DA:46,5
DA:47,5
DA:48,5
DA:49,5
DA:50,5
DA:52,5
DA:53,5
DA:54,5
DA:55,5
DA:56,5
DA:57,5
DA:58,5
DA:59,5
DA:60,5
DA:61,5
DA:62,5
DA:63,5
DA:64,5
DA:65,5
DA:68,5
DA:69,5
DA:70,5
DA:71,5
DA:72,5
DA:73,5
DA:74,5
DA:75,5
DA:76,5
DA:77,5
DA:80,5
DA:81,5
DA:82,5
DA:83,5
DA:84,5
DA:85,5
DA:86,5
DA:87,5
DA:88,5
DA:89,5
DA:90,5
DA:91,5
DA:92,5
DA:93,5
DA:94,5
DA:95,5
DA:96,5
DA:97,5
DA:98,5
DA:100,5
DA:101,5
DA:102,5
DA:103,5
DA:105,5
DA:106,1
DA:107,4
DA:108,37
DA:109,37
DA:110,4
DA:112,5
DA:113,2
DA:114,2
DA:115,2
DA:116,2
DA:117,2
DA:119,5
DA:121,5
DA:124,5
DA:125,5
DA:126,5
DA:127,5
DA:128,5
DA:129,5
DA:130,5
DA:131,5
DA:132,5
DA:134,5
DA:135,5
DA:136,5
DA:138,5
DA:139,5
DA:142,5
DA:143,5
DA:144,5
DA:145,5
DA:146,5
DA:148,5
DA:149,5
DA:150,5
DA:152,5
DA:153,5
DA:154,5
DA:155,5
DA:157,5
DA:158,5
DA:159,5
DA:160,5
DA:162,5
DA:163,5
DA:164,5
DA:165,5
DA:166,5
DA:167,5
DA:168,5
DA:169,5
DA:170,5
DA:194,1
DA:195,37
DA:196,37
DA:197,37
DA:198,37
DA:199,37
DA:200,37
DA:201,37
DA:202,37
DA:203,37
DA:204,37
DA:205,37
DA:206,37
DA:207,37
DA:208,37
DA:209,37
DA:210,37
DA:211,37
DA:212,37
DA:214,37
DA:215,37
DA:216,37
DA:217,37
DA:218,37
DA:219,37
DA:221,37
DA:222,37
DA:223,37
DA:224,37
DA:225,37
DA:226,37
DA:227,37
DA:228,37
DA:229,37
DA:230,37
DA:232,37
DA:233,37
DA:234,37
DA:235,37
DA:236,37
DA:237,37
DA:238,37
DA:239,37
DA:242,37
DA:243,37
DA:244,0
DA:245,0
DA:246,0
DA:247,37
DA:248,0
DA:249,0
DA:250,0
DA:251,0
DA:253,37
DA:254,37
DA:255,0
DA:257,0
DA:259,37
DA:261,37
DA:262,37
DA:264,37
DA:266,1
LF:182
LH:173
BRDA:38,0,0,5
BRDA:105,1,0,1
BRDA:106,2,0,4
BRDA:112,3,0,2
BRDA:112,4,0,2
BRDA:112,5,0,2
BRDA:107,6,0,37
BRDA:108,7,0,0
BRDA:124,8,0,5
BRDA:130,9,0,3
BRDA:131,10,0,3
BRDA:132,11,0,3
BRDA:138,12,0,0
BRDA:142,13,0,5
BRDA:148,14,0,3
BRDA:149,15,0,3
BRDA:150,16,0,3
BRDA:153,17,0,3
BRDA:154,18,0,3
BRDA:155,19,0,3
BRDA:158,20,0,3
BRDA:159,21,0,3
BRDA:160,22,0,3
BRDA:194,23,0,37
BRDA:224,24,0,0
BRDA:226,25,0,0
BRDA:238,26,0,0
BRDA:243,27,0,0
BRDA:247,28,0,0
BRDA:254,29,0,0
BRDA:254,30,0,0
BRF:31
BRH:22
end_of_record
TN:
SF:src/components/RadarChart.tsx
FN:13,RadarChart
FN:35,mapLevelToValue
FN:132,callback
FN:161,label
FN:179,resizeHandler
FNF:5
FNH:2
FNDA:14,RadarChart
FNDA:36,mapLevelToValue
FNDA:0,callback
FNDA:0,label
FNDA:0,resizeHandler
DA:1,1
DA:2,1
DA:3,1
DA:13,1
DA:14,14
DA:15,14
DA:16,14
DA:17,14
DA:18,14
DA:19,14
DA:20,14
DA:21,14
DA:22,14
DA:23,14
DA:25,14
DA:28,14
DA:29,14
DA:30,14
DA:31,14
DA:32,14
DA:35,14
DA:36,36
DA:37,36
DA:38,21
DA:39,36
DA:40,36
DA:41,5
DA:42,36
DA:43,5
DA:44,36
DA:45,4
DA:46,36
DA:47,1
DA:48,36
DA:49,0
DA:50,36
DA:51,36
DA:53,14
DA:54,13
DA:56,13
DA:58,13
DA:59,1
DA:60,1
DA:63,13
DA:64,13
DA:65,1
DA:66,1
DA:67,1
DA:69,12
DA:70,12
DA:71,12
DA:74,12
DA:77,12
DA:78,0
DA:79,12
DA:80,13
DA:81,13
DA:82,0
DA:83,12
DA:84,13
DA:87,13
DA:88,13
DA:89,13
DA:90,13
DA:91,13
DA:92,13
DA:93,13
DA:94,13
DA:95,13
DA:96,13
DA:97,13
DA:98,13
DA:99,13
DA:100,13
DA:101,13
DA:102,13
DA:103,13
DA:104,13
DA:105,13
DA:106,13
DA:107,13
DA:108,13
DA:109,13
DA:110,13
DA:111,13
DA:112,13
DA:113,13
DA:114,13
DA:115,13
DA:116,13
DA:117,13
DA:118,13
DA:119,13
DA:120,13
DA:121,13
DA:122,13
DA:123,13
DA:124,13
DA:125,13
DA:126,13
DA:127,13
DA:128,13
DA:129,13
DA:130,13
DA:131,13
DA:132,13
DA:133,0
DA:134,0
DA:135,0
DA:136,0
DA:137,0
DA:138,0
DA:139,0
DA:140,0
DA:141,0
DA:142,13
DA:143,13
DA:144,13
DA:145,13
DA:146,13
DA:147,13
DA:148,13
DA:149,13
DA:150,13
DA:151,13
DA:152,13
DA:153,13
DA:154,13
DA:155,13
DA:156,13
DA:157,13
DA:158,13
DA:159,13
DA:160,13
DA:161,13
DA:162,0
DA:163,0
DA:164,0
DA:165,0
DA:166,0
DA:167,0
DA:168,0
DA:169,0
DA:170,0
DA:171,0
DA:172,13
DA:173,13
DA:174,13
DA:175,13
DA:176,13
DA:179,13
DA:180,0
DA:181,0
DA:182,0
DA:183,0
DA:185,13
DA:187,13
DA:188,12
DA:189,12
DA:190,12
DA:191,12
DA:192,12
DA:193,13
DA:194,0
DA:195,0
DA:196,14
DA:198,14
DA:199,14
DA:200,14
DA:201,1
DA:202,1
DA:203,1
DA:205,13
DA:206,13
DA:207,13
DA:208,13
DA:209,13
DA:210,13
DA:211,13
DA:212,13
DA:213,13
DA:214,13
DA:215,13
DA:216,13
DA:217,13
DA:218,13
DA:219,13
DA:220,13
DA:221,13
DA:222,13
DA:223,13
DA:224,13
DA:226,14
DA:227,14
DA:229,14
DA:231,1
LF:196
LH:168
BRDA:13,0,0,14
BRDA:200,1,0,1
BRDA:203,2,0,13
BRDA:209,3,0,0
BRDA:215,4,0,0
BRDA:221,5,0,0
BRDA:35,6,0,36
BRDA:37,7,0,21
BRDA:39,8,0,0
BRDA:40,9,0,5
BRDA:42,10,0,5
BRDA:44,11,0,4
BRDA:46,12,0,1
BRDA:48,13,0,0
BRDA:53,14,0,13
BRDA:54,15,0,0
BRDA:58,16,0,1
BRDA:64,17,0,1
BRDA:67,18,0,12
BRDA:77,19,0,0
BRDA:78,20,0,12
BRDA:80,21,0,0
BRDA:80,22,0,12
BRDA:81,23,0,0
BRDA:82,24,0,12
BRDA:84,25,0,0
BRDA:84,26,0,12
BRDA:150,27,0,0
BRDA:150,28,0,12
BRDA:193,29,0,0
BRDA:187,30,0,12
BRF:31
BRH:19
end_of_record
TN:
SF:src/components/SecurityLevelSelector.tsx
FN:41,SecurityLevelSelector
FN:96,handleAvailabilityChange
FN:108,handleIntegrityChange
FN:118,handleConfidentialityChange
FN:130,showTooltip
FN:135,hideTooltip
FN:140,safeCastToComponentType
FN:153,getComponentDetails
FN:161,safeCastToSecurityLevel
FN:166,renderOptions
FN:279,onMouseEnter
FN:348,onMouseEnter
FN:411,onMouseEnter
FNF:13
FNH:8
FNDA:26,SecurityLevelSelector
FNDA:5,handleAvailabilityChange
FNDA:1,handleIntegrityChange
FNDA:1,handleConfidentialityChange
FNDA:0,showTooltip
FNDA:0,hideTooltip
FNDA:368,safeCastToComponentType
FNDA:368,getComponentDetails
FNDA:368,safeCastToSecurityLevel
FNDA:78,renderOptions
FNDA:0,onMouseEnter
FNDA:0,onMouseEnter
FNDA:0,onMouseEnter
DA:1,1
DA:3,1
DA:4,1
DA:9,1
DA:11,1
DA:15,1
DA:16,1
DA:41,1
DA:42,26
DA:43,26
DA:44,26
DA:45,26
DA:46,26
DA:47,26
DA:48,26
DA:49,26
DA:50,26
DA:51,26
DA:52,26
DA:53,26
DA:54,26
DA:55,26
DA:56,26
DA:57,26
DA:58,26
DA:59,26
DA:60,26
DA:61,26
DA:62,26
DA:63,26
DA:64,26
DA:65,26
DA:66,26
DA:67,26
DA:68,26
DA:70,26
DA:71,26
DA:72,26
DA:73,26
DA:74,26
DA:77,26
DA:78,26
DA:79,26
DA:80,26
DA:81,26
DA:83,26
DA:84,12
DA:85,26
DA:87,26
DA:88,12
DA:89,26
DA:91,26
DA:92,12
DA:93,26
DA:96,26
DA:97,5
DA:98,5
DA:99,5
DA:100,5
DA:101,5
DA:102,5
DA:103,5
DA:104,5
DA:105,5
DA:108,26
DA:109,1
DA:110,1
DA:111,1
DA:112,1
DA:113,1
DA:114,1
DA:115,1
DA:118,26
DA:119,1
DA:120,1
DA:121,1
DA:122,1
DA:123,1
DA:124,1
DA:125,1
DA:126,1
DA:127,1
DA:130,26
DA:131,0
DA:132,0
DA:135,26
DA:136,0
DA:137,0
DA:140,26
DA:142,368
DA:143,368
DA:144,368
DA:145,368
DA:146,368
DA:147,368
DA:148,368
DA:149,0
DA:150,368
DA:153,26
DA:154,368
DA:157,368
DA:158,368
DA:161,26
DA:162,368
DA:163,368
DA:166,26
DA:167,78
DA:168,78
DA:169,78
DA:170,78
DA:171,368
DA:172,368
DA:173,368
DA:174,368
DA:175,368
DA:176,368
DA:177,368
DA:178,368
DA:179,0
DA:180,368
DA:182,368
DA:183,368
DA:184,368
DA:185,368
DA:186,368
DA:188,368
DA:189,368
DA:191,78
DA:192,78
DA:194,26
DA:195,26
DA:196,26
DA:197,26
DA:200,26
DA:201,8
DA:202,8
DA:203,8
DA:205,8
DA:206,8
DA:207,8
DA:208,8
DA:209,8
DA:210,8
DA:211,8
DA:212,8
DA:213,8
DA:214,8
DA:215,8
DA:216,8
DA:217,8
DA:218,8
DA:219,8
DA:220,8
DA:221,8
DA:222,8
DA:223,8
DA:224,8
DA:225,8
DA:226,8
DA:227,8
DA:228,8
DA:229,8
DA:230,8
DA:231,8
DA:232,8
DA:236,26
DA:237,26
DA:238,26
DA:239,130
DA:240,130
DA:241,130
DA:242,130
DA:243,104
DA:244,92
DA:245,40
DA:246,90
DA:247,130
DA:249,130
DA:250,130
DA:251,130
DA:252,130
DA:253,130
DA:254,26
DA:255,26
DA:256,26
DA:259,26
DA:260,26
DA:261,26
DA:263,26
DA:264,26
DA:265,26
DA:266,26
DA:268,26
DA:269,26
DA:270,26
DA:271,26
DA:272,26
DA:274,26
DA:275,26
DA:276,26
DA:277,26
DA:278,26
DA:279,26
DA:280,26
DA:281,26
DA:282,26
DA:284,26
DA:285,26
DA:286,26
DA:288,26
DA:289,26
DA:290,26
DA:291,26
DA:292,26
DA:293,26
DA:294,26
DA:295,26
DA:297,26
DA:298,26
DA:299,26
DA:300,26
DA:301,26
DA:302,26
DA:303,26
DA:304,26
DA:305,26
DA:307,26
DA:308,26
DA:309,26
DA:310,26
DA:311,26
DA:313,26
DA:314,26
DA:317,26
DA:318,0
DA:319,0
DA:320,0
DA:321,0
DA:322,0
DA:323,0
DA:325,26
DA:328,26
DA:329,26
DA:330,26
DA:332,26
DA:333,26
DA:334,26
DA:335,26
DA:337,26
DA:338,26
DA:339,26
DA:340,26
DA:341,26
DA:343,26
DA:344,26
DA:345,26
DA:346,26
DA:347,26
DA:348,26
DA:349,26
DA:350,26
DA:351,26
DA:353,26
DA:354,26
DA:355,26
DA:357,26
DA:358,26
DA:359,26
DA:360,26
DA:361,26
DA:362,26
DA:363,26
DA:364,26
DA:366,26
DA:367,26
DA:368,26
DA:369,26
DA:370,26
DA:371,26
DA:372,26
DA:373,26
DA:374,26
DA:376,26
DA:377,26
DA:378,26
DA:379,26
DA:381,26
DA:382,26
DA:385,26
DA:386,0
DA:387,0
DA:388,0
DA:389,0
DA:391,26
DA:394,26
DA:395,26
DA:396,26
DA:397,26
DA:398,26
DA:400,26
DA:401,26
DA:402,26
DA:403,26
DA:404,26
DA:406,26
DA:407,26
DA:408,26
DA:409,26
DA:410,26
DA:411,26
DA:412,26
DA:413,26
DA:414,26
DA:416,26
DA:417,26
DA:418,26
DA:420,26
DA:421,26
DA:422,26
DA:423,26
DA:424,26
DA:425,26
DA:426,26
DA:427,26
DA:429,26
DA:430,26
DA:431,26
DA:432,26
DA:433,26
DA:434,26
DA:435,26
DA:436,26
DA:437,26
DA:439,26
DA:440,26
DA:441,26
DA:442,26
DA:443,26
DA:445,26
DA:446,26
DA:449,26
DA:450,0
DA:451,0
DA:452,0
DA:453,0
DA:454,0
DA:455,0
DA:456,0
DA:457,0
DA:459,0
DA:461,26
DA:464,26
DA:465,0
DA:466,0
DA:467,0
DA:469,0
DA:470,0
DA:471,0
DA:472,0
DA:473,0
DA:476,0
DA:477,0
DA:480,0
DA:481,0
DA:483,0
DA:484,0
DA:485,0
DA:488,0
DA:489,0
DA:492,0
DA:493,0
DA:495,0
DA:496,0
DA:497,0
DA:500,0
DA:501,0
DA:504,0
DA:505,0
DA:507,0
DA:508,0
DA:510,26
DA:512,26
DA:514,1
LF:383
LH:330
BRDA:41,0,0,26
BRDA:78,1,0,8
BRDA:79,2,0,8
BRDA:81,3,0,8
BRDA:200,4,0,8
BRDA:317,5,0,0
BRDA:385,6,0,0
BRDA:449,7,0,0
BRDA:464,8,0,0
BRDA:83,9,0,12
BRDA:87,10,0,12
BRDA:91,11,0,12
BRDA:96,12,0,5
BRDA:108,13,0,1
BRDA:118,14,0,1
BRDA:140,15,0,368
BRDA:148,16,0,0
BRDA:153,17,0,368
BRDA:161,18,0,368
BRDA:166,19,0,78
BRDA:170,20,0,0
BRDA:170,21,0,368
BRDA:176,22,0,0
BRDA:178,23,0,0
BRDA:188,24,0,0
BRDA:238,25,0,130
BRDA:242,26,0,104
BRDA:243,27,0,92
BRDA:244,28,0,40
BRDA:245,29,0,90
BRF:30
BRH:21
end_of_record
TN:
SF:src/components/Selection.tsx
FN:20,Selection
FN:35,toggleInfo
FN:39,toggleContextInfo
FN:70,onChange
FNF:4
FNH:4
FNDA:17,Selection
FNDA:2,toggleInfo
FNDA:2,toggleContextInfo
FNDA:1,onChange
DA:1,1
DA:2,1
DA:20,1
DA:21,17
DA:22,17
DA:23,17
DA:24,17
DA:25,17
DA:26,17
DA:27,17
DA:28,17
DA:29,17
DA:30,17
DA:31,17
DA:32,17
DA:33,17
DA:35,17
DA:36,2
DA:37,2
DA:39,17
DA:40,2
DA:41,2
DA:44,17
DA:46,17
DA:47,17
DA:48,17
DA:49,16
DA:50,16
DA:51,16
DA:53,16
DA:54,16
DA:55,3
DA:56,3
DA:57,3
DA:58,3
DA:59,3
DA:60,3
DA:62,3
DA:64,16
DA:67,17
DA:68,17
DA:69,17
DA:70,17
DA:71,17
DA:72,17
DA:73,17
DA:75,17
DA:76,69
DA:77,69
DA:78,69
DA:79,69
DA:81,69
DA:82,69
DA:83,17
DA:84,17
DA:86,17
DA:87,1
DA:88,1
DA:89,1
DA:92,17
DA:93,3
DA:94,3
DA:95,3
DA:96,3
DA:97,3
DA:99,3
DA:100,3
DA:101,3
DA:102,1
DA:103,1
DA:104,1
DA:106,1
DA:107,1
DA:109,3
DA:111,17
DA:113,17
DA:115,1
LF:77
LH:77
BRDA:20,0,0,17
BRDA:44,1,0,0
BRDA:48,2,0,16
BRDA:54,3,0,3
BRDA:72,4,0,0
BRDA:73,5,0,16
BRDA:73,6,0,1
BRDA:86,7,0,1
BRDA:86,8,0,1
BRDA:92,9,0,3
BRDA:99,10,0,1
BRDA:99,11,0,2
BRDA:101,12,0,1
BRDA:35,13,0,2
BRDA:39,14,0,2
BRDA:70,15,0,1
BRDA:75,16,0,69
BRF:17
BRH:15
end_of_record
TN:
SF:src/components/common/BusinessImpactSection.tsx
FN:14,BusinessImpactSection
FN:20,getRiskBadgeVariant
FNF:2
FNH:1
FNDA:5,BusinessImpactSection
FNDA:0,getRiskBadgeVariant
DA:14,1
DA:15,5
DA:16,5
DA:17,5
DA:18,5
DA:20,5
DA:21,0
DA:23,0
DA:24,0
DA:25,0
DA:26,0
DA:27,0
DA:28,0
DA:29,0
DA:31,0
DA:32,0
DA:34,5
DA:35,5
DA:36,5
DA:37,5
DA:39,5
DA:41,5
DA:42,5
DA:43,5
DA:45,5
DA:46,5
DA:47,5
DA:48,5
DA:49,5
DA:50,5
DA:52,5
DA:53,5
DA:54,5
DA:55,5
DA:56,5
DA:57,5
DA:60,5
DA:61,5
DA:62,5
DA:63,5
DA:64,5
DA:66,5
DA:67,5
DA:68,5
DA:69,5
DA:70,5
DA:71,5
DA:73,5
DA:74,5
DA:76,5
DA:78,1
LF:51
LH:41
BRDA:14,0,0,5
BRDA:42,1,0,0
BRDA:55,2,0,1
BRDA:69,3,0,1
BRF:4
BRH:3
end_of_record
TN:
SF:src/components/common/CIAImpactCard.tsx
FN:19,CIAImpactCard
FN:30,getIconClass
FN:38,getLevelClass
FNF:3
FNH:3
FNDA:39,CIAImpactCard
FNDA:39,getIconClass
FNDA:39,getLevelClass
DA:3,1
DA:19,1
DA:20,39
DA:21,39
DA:22,39
DA:23,39
DA:24,39
DA:25,39
DA:26,39
DA:27,39
DA:28,39
DA:30,39
DA:31,39
DA:32,28
DA:33,14
DA:34,0
DA:35,39
DA:38,39
DA:39,39
DA:40,39
DA:41,39
DA:42,39
DA:43,39
DA:44,39
DA:45,39
DA:47,39
DA:48,39
DA:50,39
DA:51,39
DA:52,39
DA:53,39
DA:55,39
DA:56,39
DA:57,39
DA:58,39
DA:59,39
DA:60,39
DA:61,39
DA:62,39
DA:63,39
DA:64,39
DA:65,39
DA:66,39
DA:68,39
DA:70,39
DA:71,39
DA:73,39
DA:75,1
LF:48
LH:47
BRDA:19,0,0,39
BRDA:30,1,0,39
BRDA:31,2,0,28
BRDA:31,3,0,14
BRDA:31,4,0,25
BRDA:32,5,0,22
BRDA:32,6,0,11
BRDA:32,7,0,14
BRDA:33,8,0,0
BRDA:38,9,0,39
BRDA:47,10,0,2
BRF:11
BRH:10
end_of_record
TN:
SF:src/components/common/KeyValuePair.tsx
FN:19,KeyValuePair
FNF:1
FNH:1
FNDA:212,KeyValuePair
DA:2,1
DA:19,1
DA:20,212
DA:21,212
DA:22,212
DA:23,212
DA:24,212
DA:25,212
DA:26,212
DA:27,212
DA:28,212
DA:29,212
DA:30,212
DA:32,212
DA:33,212
DA:34,212
DA:35,212
DA:37,212
DA:38,212
DA:39,212
DA:41,212
DA:43,1
LF:22
LH:22
BRDA:19,0,0,212
BRF:1
BRH:1
end_of_record
TN:
SF:src/components/common/MetricsCard.tsx
FN:26,MetricsCard
FN:82,getVariantClasses
FN:99,getValueColor
FNF:3
FNH:3
FNDA:112,MetricsCard
FNDA:112,getVariantClasses
FNDA:112,getValueColor
DA:1,1
DA:2,1
DA:26,1
DA:27,112
DA:28,112
DA:29,112
DA:30,112
DA:31,112
DA:32,112
DA:33,112
DA:34,112
DA:35,112
DA:36,112
DA:37,112
DA:39,112
DA:40,112
DA:42,112
DA:44,86
DA:45,63
DA:46,63
DA:47,63
DA:48,63
DA:50,63
DA:51,63
DA:52,0
DA:53,0
DA:54,0
DA:55,0
DA:56,0
DA:58,0
DA:59,0
DA:60,0
DA:62,0
DA:63,0
DA:64,0
DA:65,0
DA:66,0
DA:68,0
DA:69,0
DA:70,0
DA:71,0
DA:72,0
DA:73,0
DA:74,63
DA:76,63
DA:77,86
DA:78,23
DA:79,23
DA:80,112
DA:82,112
DA:83,112
DA:84,112
DA:85,31
DA:86,112
DA:87,12
DA:88,112
DA:89,3
DA:90,112
DA:91,35
DA:92,112
DA:93,27
DA:94,112
DA:95,4
DA:96,112
DA:97,112
DA:99,112
DA:100,112
DA:101,112
DA:102,31
DA:103,112
DA:104,12
DA:105,112
DA:106,3
DA:107,112
DA:108,35
DA:109,112
DA:110,27
DA:111,112
DA:112,4
DA:113,112
DA:114,112
DA:116,112
DA:117,112
DA:118,112
DA:119,112
DA:121,112
DA:122,112
DA:123,112
DA:124,112
DA:125,112
DA:126,112
DA:128,112
DA:129,112
DA:130,112
DA:131,112
DA:132,2
DA:133,2
DA:134,2
DA:135,1
DA:136,1
DA:137,1
DA:138,0
DA:139,2
DA:140,2
DA:142,2
DA:143,2
DA:145,112
DA:146,112
DA:147,112
DA:148,112
DA:149,112
DA:150,112
DA:152,112
DA:153,112
DA:154,112
DA:155,27
DA:156,27
DA:157,27
DA:159,112
DA:160,112
DA:162,112
DA:164,1
LF:122
LH:102
BRDA:26,0,0,112
BRDA:40,1,0,43
BRDA:123,2,0,106
BRDA:131,3,0,2
BRDA:134,4,0,1
BRDA:135,5,0,1
BRDA:137,6,0,0
BRDA:150,7,0,79
BRDA:150,8,0,33
BRDA:154,9,0,27
BRDA:42,10,0,86
BRDA:44,11,0,63
BRDA:77,12,0,23
BRDA:76,13,0,63
BRDA:82,14,0,112
BRDA:84,15,0,31
BRDA:86,16,0,12
BRDA:88,17,0,3
BRDA:90,18,0,35
BRDA:92,19,0,27
BRDA:94,20,0,4
BRDA:99,21,0,112
BRDA:101,22,0,31
BRDA:103,23,0,12
BRDA:105,24,0,3
BRDA:107,25,0,35
BRDA:109,26,0,27
BRDA:111,27,0,4
BRF:28
BRH:27
end_of_record
TN:
SF:src/components/common/SecurityLevelSummaryItem.tsx
FN:19,SecurityLevelSummaryItem
FN:29,getIconClass
FN:39,getLevelClass
FNF:3
FNH:3
FNDA:87,SecurityLevelSummaryItem
FNDA:87,getIconClass
FNDA:87,getLevelClass
DA:19,1
DA:20,87
DA:21,87
DA:22,87
DA:23,87
DA:24,87
DA:25,87
DA:26,87
DA:27,87
DA:29,87
DA:30,87
DA:31,87
DA:32,87
DA:33,29
DA:34,29
DA:35,0
DA:36,87
DA:39,87
DA:40,87
DA:41,87
DA:42,87
DA:43,87
DA:44,87
DA:45,87
DA:46,87
DA:48,87
DA:49,87
DA:51,87
DA:52,72
DA:53,72
DA:54,72
DA:55,72
DA:56,72
DA:57,72
DA:58,72
DA:60,72
DA:61,72
DA:62,72
DA:63,72
DA:64,72
DA:65,72
DA:66,72
DA:67,72
DA:68,72
DA:69,72
DA:70,72
DA:71,72
DA:72,72
DA:74,72
DA:76,15
DA:77,15
DA:78,15
DA:79,15
DA:80,87
DA:81,87
DA:82,87
DA:84,87
DA:85,87
DA:86,87
DA:87,87
DA:88,87
DA:89,87
DA:90,87
DA:91,87
DA:92,87
DA:93,87
DA:94,87
DA:95,87
DA:96,87
DA:98,87
DA:100,1
LF:71
LH:70
BRDA:19,0,0,87
BRDA:51,1,0,72
BRDA:57,2,0,54
BRDA:57,3,0,18
BRDA:74,4,0,15
BRDA:80,5,0,0
BRDA:29,6,0,87
BRDA:31,7,0,29
BRDA:31,8,0,58
BRDA:32,9,0,29
BRDA:34,10,0,0
BRDA:39,11,0,87
BRDA:48,12,0,0
BRF:13
BRH:10
end_of_record
TN:
SF:src/components/common/StatusBadge.tsx
FN:26,StatusBadge
FN:34,getBaseClasses
FN:64,getVariantClasses
FNF:3
FNH:3
FNDA:327,StatusBadge
FNDA:327,getBaseClasses
FNDA:327,getVariantClasses
DA:2,1
DA:26,1
DA:27,327
DA:28,327
DA:29,327
DA:30,327
DA:31,327
DA:32,327
DA:34,327
DA:35,327
DA:36,327
DA:37,327
DA:38,327
DA:39,327
DA:40,327
DA:41,327
DA:42,327
DA:45,327
DA:46,327
DA:47,126
DA:48,126
DA:49,327
DA:50,29
DA:51,29
DA:52,327
DA:53,31
DA:54,31
DA:55,327
DA:56,327
DA:57,141
DA:58,327
DA:60,327
DA:61,327
DA:64,327
DA:66,327
DA:67,327
DA:68,327
DA:69,327
DA:70,327
DA:71,327
DA:72,327
DA:73,327
DA:74,327
DA:75,327
DA:76,327
DA:77,327
DA:78,327
DA:80,327
DA:81,327
DA:83,327
DA:84,327
DA:85,327
DA:86,327
DA:87,327
DA:89,327
DA:90,327
DA:92,327
DA:94,1
LF:58
LH:58
BRDA:26,0,0,327
BRDA:34,1,0,327
BRDA:46,2,0,126
BRDA:49,3,0,29
BRDA:52,4,0,31
BRDA:55,5,0,141
BRDA:56,6,0,141
BRDA:64,7,0,327
BRDA:80,8,0,0
BRF:9
BRH:8
end_of_record
TN:
SF:src/components/common/ValueDisplay.tsx
FN:17,ValueDisplay
FN:24,getVariantClass
FN:40,getSizeClass
FNF:3
FNH:3
FNDA:5,ValueDisplay
FNDA:5,getVariantClass
FNDA:5,getSizeClass
DA:2,1
DA:17,1
DA:18,5
DA:19,5
DA:20,5
DA:21,5
DA:22,5
DA:23,5
DA:24,5
DA:25,5
DA:26,5
DA:27,1
DA:28,5
DA:29,0
DA:30,5
DA:31,0
DA:32,5
DA:33,0
DA:34,5
DA:35,5
DA:36,4
DA:37,5
DA:38,5
DA:40,5
DA:41,5
DA:42,5
DA:43,0
DA:44,5
DA:45,1
DA:46,5
DA:47,5
DA:48,4
DA:49,5
DA:50,5
DA:52,5
DA:53,5
DA:54,5
DA:55,5
DA:56,5
DA:57,5
DA:58,1
DA:59,1
DA:60,1
DA:62,5
DA:64,5
DA:66,1
LF:46
LH:42
BRDA:17,0,0,5
BRDA:57,1,0,1
BRDA:24,2,0,5
BRDA:26,3,0,1
BRDA:28,4,0,0
BRDA:30,5,0,0
BRDA:32,6,0,0
BRDA:34,7,0,4
BRDA:35,8,0,4
BRDA:40,9,0,5
BRDA:42,10,0,0
BRDA:44,11,0,1
BRDA:46,12,0,4
BRDA:47,13,0,4
BRF:14
BRH:10
end_of_record
TN:
SF:src/components/common/WidgetBase.tsx
FN:1,(empty-report)
FNF:1
FNH:1
FNDA:1,(empty-report)
DA:3,0
DA:17,0
DA:18,0
DA:19,0
DA:20,0
DA:21,0
DA:22,0
DA:23,0
DA:24,0
DA:25,0
DA:26,0
DA:27,0
DA:28,0
DA:29,0
DA:30,0
DA:32,0
DA:33,0
DA:34,0
DA:35,0
DA:36,0
DA:37,0
DA:39,0
DA:40,0
DA:41,0
DA:42,0
DA:43,0
DA:44,0
DA:46,0
DA:48,0
DA:50,0
DA:52,0
LF:31
LH:0
BRDA:1,0,0,1
BRF:1
BRH:1
end_of_record
TN:
SF:src/components/common/WidgetContainer.tsx
FN:22,WidgetContainer
FNF:1
FNH:1
FNDA:157,WidgetContainer
DA:2,1
DA:22,1
DA:23,157
DA:24,157
DA:25,157
DA:26,157
DA:27,157
DA:28,157
DA:29,157
DA:30,157
DA:31,157
DA:32,157
DA:33,157
DA:34,157
DA:35,157
DA:36,157
DA:37,157
DA:38,157
DA:39,157
DA:40,157
DA:41,157
DA:42,157
DA:44,157
DA:45,157
DA:46,157
DA:47,157
DA:48,157
DA:50,157
DA:51,157
DA:52,157
DA:53,157
DA:54,0
DA:55,0
DA:56,0
DA:58,157
DA:59,157
DA:60,157
DA:61,157
DA:62,1
DA:63,1
DA:64,1
DA:66,1
DA:67,1
DA:69,157
DA:70,2
DA:71,2
DA:72,2
DA:74,2
DA:75,2
DA:76,2
DA:77,155
DA:78,3
DA:79,3
DA:80,3
DA:82,3
DA:83,3
DA:85,152
DA:86,152
DA:87,152
DA:89,157
DA:91,157
DA:93,1
LF:62
LH:59
BRDA:22,0,0,157
BRDA:50,1,0,144
BRDA:53,2,0,0
BRDA:59,3,0,1
BRDA:61,4,0,1
BRDA:69,5,0,2
BRDA:76,6,0,155
BRDA:77,7,0,3
BRDA:82,8,0,0
BRDA:83,9,0,152
BRF:10
BRH:8
end_of_record
TN:
SF:src/components/common/WidgetHeader.tsx
FN:12,WidgetHeader
FNF:1
FNH:1
FNDA:37,WidgetHeader
DA:2,1
DA:12,1
DA:13,37
DA:14,37
DA:15,37
DA:16,37
DA:17,37
DA:18,37
DA:20,37
DA:21,37
DA:23,36
DA:24,36
DA:25,36
DA:27,0
DA:28,0
DA:29,36
DA:31,37
DA:32,37
DA:33,37
DA:34,37
DA:36,37
DA:37,37
DA:38,36
DA:39,36
DA:40,36
DA:42,37
DA:43,37
DA:44,37
DA:45,37
DA:47,37
DA:49,1
LF:31
LH:29
BRDA:12,0,0,37
BRDA:21,1,0,36
BRDA:25,2,0,0
BRDA:37,3,0,36
BRDA:44,4,0,0
BRF:5
BRH:3
end_of_record
TN:
SF:src/components/common/index.ts
FNF:0
FNH:0
DA:3,1
DA:4,1
DA:5,1
DA:6,1
DA:9,1
LF:5
LH:5
BRF:0
BRH:0
end_of_record
TN:
SF:src/components/widgets/AvailabilityImpactWidget.tsx
FN:23,AvailabilityImpactWidget
FN:197,onClick
FNF:2
FNH:1
FNDA:14,AvailabilityImpactWidget
FNDA:0,onClick
DA:1,1
DA:3,1
DA:4,1
DA:5,1
DA:6,1
DA:9,1
DA:23,1
DA:24,14
DA:25,14
DA:26,14
DA:27,14
DA:28,14
DA:29,14
DA:30,14
DA:31,14
DA:34,14
DA:35,14
DA:36,14
DA:37,14
DA:38,14
DA:41,14
DA:42,14
DA:43,14
DA:44,14
DA:45,14
DA:48,14
DA:49,14
DA:50,14
DA:51,14
DA:52,14
DA:53,14
DA:54,14
DA:55,14
DA:58,14
DA:59,14
DA:60,14
DA:61,14
DA:62,14
DA:65,14
DA:66,0
DA:67,0
DA:68,0
DA:69,0
DA:70,0
DA:71,0
DA:72,0
DA:74,0
DA:75,0
DA:77,0
DA:79,14
DA:80,14
DA:81,14
DA:82,14
DA:83,14
DA:84,14
DA:86,14
DA:87,14
DA:88,14
DA:89,14
DA:90,14
DA:91,14
DA:93,14
DA:94,14
DA:95,14
DA:96,14
DA:98,14
DA:99,11
DA:100,11
DA:101,11
DA:102,11
DA:103,11
DA:105,14
DA:108,14
DA:109,14
DA:110,14
DA:112,14
DA:114,14
DA:115,14
DA:116,14
DA:118,14
DA:119,0
DA:120,0
DA:121,14
DA:123,14
DA:124,14
DA:125,14
DA:126,14
DA:127,14
DA:128,14
DA:130,14
DA:131,14
DA:132,14
DA:133,14
DA:134,0
DA:135,14
DA:136,14
DA:139,14
DA:140,14
DA:141,14
DA:142,14
DA:143,14
DA:145,14
DA:146,14
DA:147,14
DA:148,14
DA:149,0
DA:150,14
DA:151,14
DA:153,14
DA:154,14
DA:157,14
DA:158,14
DA:159,14
DA:160,14
DA:162,14
DA:164,14
DA:165,14
DA:166,14
DA:168,14
DA:169,14
DA:170,14
DA:171,14
DA:173,14
DA:174,14
DA:175,14
DA:176,14
DA:177,14
DA:178,25
DA:179,14
DA:180,14
DA:181,14
DA:183,14
DA:187,14
DA:188,11
DA:189,11
DA:190,11
DA:191,11
DA:193,11
DA:194,11
DA:195,0
DA:196,0
DA:197,0
DA:198,0
DA:201,0
DA:202,0
DA:204,11
DA:206,11
DA:207,11
DA:208,0
DA:209,11
DA:210,11
DA:211,33
DA:212,33
DA:213,33
DA:214,33
DA:216,33
DA:217,33
DA:218,11
DA:219,11
DA:220,11
DA:224,14
DA:225,14
DA:226,14
DA:228,14
DA:230,14
DA:231,14
DA:232,14
DA:233,14
DA:234,14
DA:235,14
DA:236,14
DA:237,14
DA:238,14
DA:240,14
DA:241,14
DA:242,14
DA:243,14
DA:244,14
DA:245,14
DA:246,14
DA:247,14
DA:249,14
DA:250,8
DA:251,8
DA:252,8
DA:253,8
DA:254,8
DA:255,8
DA:256,8
DA:257,8
DA:260,14
DA:261,8
DA:262,8
DA:263,8
DA:264,8
DA:265,8
DA:266,8
DA:267,8
DA:268,8
DA:270,14
DA:271,14
DA:272,14
DA:273,14
DA:275,14
DA:277,1
LF:205
LH:184
BRDA:23,0,0,14
BRDA:65,1,0,0
BRDA:91,2,0,2
BRDA:98,3,0,11
BRDA:118,4,0,0
BRDA:119,5,0,0
BRDA:133,6,0,0
BRDA:148,7,0,0
BRDA:187,8,0,11
BRDA:194,9,0,0
BRDA:207,10,0,0
BRDA:234,11,0,3
BRDA:243,12,0,6
BRDA:249,13,0,8
BRDA:260,14,0,8
BRDA:35,15,0,14
BRDA:42,16,0,14
BRDA:49,17,0,14
BRDA:59,18,0,14
BRDA:177,19,0,25
BRDA:210,20,0,33
BRF:21
BRH:14
end_of_record
TN:
SF:src/components/widgets/BusinessImpactAnalysisWidget.tsx
FN:28,BusinessImpactAnalysisWidget
FN:74,getRiskBadgeVariant
FN:89,getActiveImpact
FN:143,onClick
FN:164,onClick
FN:185,onClick
FNF:6
FNH:6
FNDA:14,BusinessImpactAnalysisWidget
FNDA:28,getRiskBadgeVariant
FNDA:14,getActiveImpact
FNDA:1,onClick
FNDA:1,onClick
FNDA:2,onClick
DA:1,1
DA:3,1
DA:4,1
DA:5,1
DA:6,1
DA:7,1
DA:8,1
DA:26,1
DA:28,1
DA:29,14
DA:30,14
DA:31,14
DA:32,14
DA:33,14
DA:34,14
DA:35,14
DA:36,14
DA:37,14
DA:39,14
DA:42,14
DA:43,14
DA:44,14
DA:45,14
DA:47,14
DA:48,14
DA:49,14
DA:50,14
DA:52,14
DA:53,14
DA:54,14
DA:55,14
DA:58,14
DA:59,14
DA:60,14
DA:61,14
DA:63,14
DA:64,14
DA:65,14
DA:66,14
DA:68,14
DA:69,14
DA:70,14
DA:71,14
DA:74,14
DA:75,28
DA:77,28
DA:78,0
DA:79,28
DA:80,11
DA:81,17
DA:82,11
DA:83,11
DA:85,6
DA:86,28
DA:89,14
DA:90,14
DA:91,14
DA:92,11
DA:93,11
DA:94,11
DA:95,11
DA:96,11
DA:97,11
DA:98,11
DA:99,11
DA:100,11
DA:101,14
DA:102,1
DA:103,1
DA:104,1
DA:105,1
DA:106,1
DA:107,1
DA:108,1
DA:109,1
DA:110,1
DA:111,14
DA:112,2
DA:113,2
DA:114,2
DA:115,2
DA:116,2
DA:117,2
DA:118,2
DA:119,2
DA:120,2
DA:121,14
DA:122,14
DA:124,14
DA:125,14
DA:127,14
DA:128,14
DA:129,14
DA:130,14
DA:131,14
DA:132,14
DA:134,14
DA:136,14
DA:137,14
DA:138,14
DA:139,14
DA:140,11
DA:141,3
DA:142,14
DA:143,14
DA:144,14
DA:145,14
DA:146,14
DA:147,14
DA:148,14
DA:149,14
DA:150,14
DA:151,11
DA:152,3
DA:155,14
DA:157,14
DA:158,14
DA:159,14
DA:160,14
DA:161,1
DA:162,13
DA:163,14
DA:164,14
DA:165,14
DA:166,14
DA:167,14
DA:168,14
DA:169,14
DA:170,14
DA:171,14
DA:172,1
DA:173,13
DA:176,14
DA:178,14
DA:179,14
DA:180,14
DA:181,14
DA:182,2
DA:183,12
DA:184,14
DA:185,14
DA:186,14
DA:187,14
DA:188,14
DA:189,14
DA:190,14
DA:191,14
DA:192,14
DA:193,2
DA:194,12
DA:197,14
DA:199,14
DA:200,14
DA:203,14
DA:204,14
DA:205,14
DA:207,14
DA:208,14
DA:209,14
DA:210,14
DA:211,14
DA:212,14
DA:213,14
DA:214,14
DA:215,14
DA:217,14
DA:218,14
DA:219,14
DA:221,14
DA:222,14
DA:223,14
DA:226,14
DA:228,14
DA:229,14
DA:230,14
DA:231,14
DA:232,14
DA:234,14
DA:235,14
DA:236,14
DA:237,14
DA:239,14
DA:240,14
DA:241,14
DA:243,14
DA:244,14
DA:245,14
DA:247,14
DA:248,0
DA:249,0
DA:251,0
DA:252,0
DA:253,0
DA:254,0
DA:255,0
DA:256,0
DA:257,0
DA:259,14
DA:263,14
DA:264,14
DA:265,14
DA:266,14
DA:267,14
DA:269,14
DA:270,14
DA:271,14
DA:272,14
DA:274,14
DA:275,14
DA:276,14
DA:278,14
DA:279,14
DA:280,14
DA:282,14
DA:283,0
DA:284,0
DA:286,0
DA:287,0
DA:288,0
DA:289,0
DA:290,0
DA:292,14
DA:294,14
DA:297,14
DA:299,14
DA:300,0
DA:301,0
DA:302,0
DA:303,0
DA:305,0
DA:306,0
DA:307,0
DA:308,0
DA:309,0
DA:311,0
DA:312,0
DA:314,0
DA:315,0
DA:316,0
DA:317,0
DA:318,0
DA:322,14
DA:323,0
DA:324,0
DA:325,0
DA:326,0
DA:328,0
DA:329,0
DA:330,0
DA:331,0
DA:332,0
DA:334,0
DA:335,0
DA:337,0
DA:338,0
DA:339,0
DA:340,0
DA:341,0
DA:345,14
DA:346,0
DA:347,0
DA:348,0
DA:349,0
DA:351,0
DA:352,0
DA:353,0
DA:354,0
DA:355,0
DA:357,0
DA:358,0
DA:360,0
DA:361,0
DA:362,0
DA:363,0
DA:364,0
DA:366,14
DA:369,14
DA:370,11
DA:371,11
DA:372,8
DA:373,8
DA:375,8
DA:376,8
DA:377,8
DA:378,8
DA:379,8
DA:381,11
DA:382,8
DA:383,8
DA:385,8
DA:386,8
DA:387,8
DA:388,8
DA:389,8
DA:391,11
DA:392,8
DA:393,8
DA:395,8
DA:396,8
DA:397,8
DA:398,8
DA:399,8
DA:401,11
DA:402,8
DA:403,8
DA:405,8
DA:406,8
DA:407,8
DA:408,8
DA:409,8
DA:411,11
DA:413,14
DA:414,14
DA:416,14
DA:418,1
LF:315
LH:250
BRDA:28,0,0,14
BRDA:139,1,0,11
BRDA:140,2,0,3
BRDA:150,3,0,11
BRDA:151,4,0,3
BRDA:160,5,0,1
BRDA:161,6,0,13
BRDA:171,7,0,1
BRDA:172,8,0,13
BRDA:181,9,0,2
BRDA:182,10,0,12
BRDA:192,11,0,2
BRDA:193,12,0,12
BRDA:239,13,0,0
BRDA:247,14,0,0
BRDA:274,15,0,0
BRDA:282,16,0,0
BRDA:299,17,0,0
BRDA:322,18,0,0
BRDA:345,19,0,0
BRDA:369,20,0,11
BRDA:371,21,0,8
BRDA:381,22,0,8
BRDA:391,23,0,8
BRDA:401,24,0,8
BRDA:74,25,0,28
BRDA:75,26,0,0
BRDA:77,27,0,0
BRDA:79,28,0,17
BRDA:79,29,0,11
BRDA:81,30,0,11
BRDA:83,31,0,6
BRDA:89,32,0,14
BRDA:91,33,0,11
BRDA:101,34,0,1
BRDA:111,35,0,2
BRDA:143,36,0,1
BRDA:164,37,0,1
BRDA:185,38,0,2
BRF:39
BRH:30
end_of_record
TN:
SF:src/components/widgets/CIAImpactSummaryWidget.tsx
FN:32,CIAImpactSummaryWidget
FNF:1
FNH:1
FNDA:5,CIAImpactSummaryWidget
DA:3,1
DA:4,1
DA:5,1
DA:6,1
DA:7,1
DA:8,1
DA:9,1
DA:10,1
DA:11,1
DA:32,1
DA:34,5
DA:35,5
DA:36,5
DA:37,5
DA:38,5
DA:39,5
DA:40,5
DA:41,5
DA:42,5
DA:44,5
DA:45,5
DA:46,5
DA:47,5
DA:48,5
DA:49,5
DA:52,5
DA:53,5
DA:54,5
DA:55,5
DA:57,5
DA:58,5
DA:59,5
DA:60,5
DA:62,5
DA:63,5
DA:64,5
DA:65,5
DA:68,5
DA:69,5
DA:70,5
DA:71,5
DA:72,5
DA:74,5
DA:75,5
DA:76,5
DA:77,5
DA:78,5
DA:79,5
DA:81,5
DA:83,5
DA:84,5
DA:85,5
DA:87,5
DA:88,5
DA:89,5
DA:90,5
DA:91,5
DA:93,5
DA:94,5
DA:95,5
DA:97,5
DA:98,5
DA:99,5
DA:102,5
DA:103,5
DA:104,5
DA:105,5
DA:106,5
DA:107,5
DA:108,5
DA:109,5
DA:110,5
DA:111,5
DA:112,5
DA:113,5
DA:114,5
DA:115,5
DA:116,5
DA:117,5
DA:118,5
DA:119,5
DA:120,5
DA:121,5
DA:122,5
DA:123,5
DA:124,5
DA:125,5
DA:126,5
DA:127,5
DA:130,5
DA:132,5
DA:133,5
DA:134,5
DA:135,5
DA:136,5
DA:138,5
DA:139,5
DA:140,5
DA:141,5
DA:142,5
DA:143,5
DA:144,5
DA:145,5
DA:146,5
DA:147,5
DA:148,5
DA:149,5
DA:150,5
DA:151,5
DA:152,5
DA:153,5
DA:155,5
DA:156,5
DA:157,5
DA:160,5
DA:161,5
DA:162,5
DA:164,5
DA:165,5
DA:166,5
DA:167,5
DA:168,5
DA:169,5
DA:170,5
DA:171,5
DA:172,5
DA:173,5
DA:174,5
DA:175,5
DA:176,5
DA:177,5
DA:178,5
DA:179,5
DA:182,5
DA:183,5
DA:184,5
DA:185,5
DA:186,5
DA:188,5
DA:189,5
DA:190,5
DA:191,5
DA:192,5
DA:193,5
DA:194,5
DA:195,5
DA:196,5
DA:197,5
DA:198,5
DA:199,5
DA:200,5
DA:201,5
DA:202,5
DA:203,5
DA:204,5
DA:207,5
DA:208,5
DA:209,5
DA:210,5
DA:211,5
DA:212,5
DA:213,5
DA:216,5
DA:217,5
DA:218,5
DA:219,5
DA:221,5
DA:223,1
LF:168
LH:168
BRDA:32,0,0,5
BRDA:45,1,0,0
BRDA:45,2,0,0
BRDA:47,3,0,0
BRDA:47,4,0,0
BRDA:49,5,0,0
BRDA:49,6,0,0
BRDA:153,7,0,0
BRDA:176,8,0,0
BRDA:200,9,0,0
BRF:10
BRH:1
end_of_record
TN:
SF:src/components/widgets/ComplianceStatusWidget.tsx
FN:34,ComplianceStatusWidget
FN:58,calculateComplianceScore
FN:78,getComplianceStatusVariant
FNF:3
FNH:3
FNDA:9,ComplianceStatusWidget
FNDA:9,calculateComplianceScore
FNDA:9,getComplianceStatusVariant
DA:1,1
DA:3,1
DA:4,1
DA:5,1
DA:6,1
DA:7,1
DA:34,1
DA:35,9
DA:36,9
DA:37,9
DA:38,9
DA:39,9
DA:40,9
DA:42,9
DA:43,9
DA:44,9
DA:47,9
DA:48,9
DA:49,9
DA:50,9
DA:51,9
DA:52,9
DA:53,9
DA:54,9
DA:55,9
DA:58,9
DA:59,9
DA:60,9
DA:61,9
DA:62,9
DA:64,9
DA:67,9
DA:68,9
DA:69,9
DA:70,9
DA:72,9
DA:73,9
DA:75,9
DA:78,9
DA:79,9
DA:80,9
DA:81,9
DA:82,9
DA:83,9
DA:84,4
DA:85,9
DA:87,9
DA:88,9
DA:89,9
DA:90,9
DA:91,9
DA:92,9
DA:94,9
DA:96,9
DA:97,9
DA:98,9
DA:99,9
DA:100,9
DA:101,9
DA:102,9
DA:104,9
DA:105,9
DA:106,9
DA:108,9
DA:109,9
DA:110,9
DA:112,9
DA:113,9
DA:116,9
DA:117,9
DA:118,9
DA:120,9
DA:122,9
DA:123,5
DA:124,5
DA:125,5
DA:127,5
DA:128,22
DA:129,22
DA:130,22
DA:132,22
DA:134,22
DA:135,22
DA:136,22
DA:137,5
DA:138,5
DA:140,4
DA:142,4
DA:144,9
DA:147,9
DA:148,9
DA:149,9
DA:151,9
DA:153,9
DA:154,1
DA:155,1
DA:156,1
DA:157,1
DA:158,1
DA:159,1
DA:161,1
DA:163,1
DA:164,1
DA:165,1
DA:167,1
DA:168,1
DA:170,8
DA:172,8
DA:174,9
DA:177,9
DA:178,9
DA:179,9
DA:181,9
DA:183,9
DA:184,5
DA:185,5
DA:186,19
DA:187,19
DA:188,19
DA:190,19
DA:192,19
DA:193,19
DA:194,19
DA:195,5
DA:196,5
DA:198,4
DA:200,4
DA:202,9
DA:205,9
DA:206,3
DA:207,3
DA:208,3
DA:209,3
DA:211,3
DA:213,3
DA:214,3
DA:215,3
DA:217,3
DA:218,18
DA:219,3
DA:220,3
DA:221,3
DA:223,9
DA:224,9
DA:226,9
DA:228,1
LF:146
LH:146
BRDA:34,0,0,9
BRDA:122,1,0,5
BRDA:138,2,0,4
BRDA:153,3,0,1
BRDA:168,4,0,8
BRDA:183,5,0,5
BRDA:196,6,0,4
BRDA:205,7,0,3
BRDA:206,8,0,3
BRDA:48,9,0,9
BRDA:58,10,0,9
BRDA:64,11,0,0
BRDA:78,12,0,9
BRDA:81,13,0,4
BRDA:81,14,0,5
BRDA:82,15,0,4
BRDA:82,16,0,1
BRDA:83,17,0,0
BRDA:83,18,0,4
BRDA:127,19,0,22
BRDA:156,20,0,1
BRDA:185,21,0,19
BRDA:217,22,0,18
BRF:23
BRH:21
end_of_record
TN:
SF:src/components/widgets/ConfidentialityImpactWidget.tsx
FN:27,ConfidentialityImpactWidget
FN:221,onClick
FNF:2
FNH:1
FNDA:14,ConfidentialityImpactWidget
FNDA:0,onClick
DA:1,1
DA:3,1
DA:4,1
DA:8,1
DA:9,1
DA:11,1
DA:12,1
DA:25,1
DA:27,1
DA:28,14
DA:29,14
DA:30,14
DA:31,14
DA:32,14
DA:33,14
DA:34,14
DA:37,14
DA:38,14
DA:39,14
DA:40,14
DA:41,14
DA:42,14
DA:43,14
DA:44,14
DA:47,14
DA:48,14
DA:49,14
DA:50,14
DA:51,14
DA:52,14
DA:53,14
DA:54,14
DA:57,14
DA:58,14
DA:59,14
DA:60,14
DA:61,14
DA:62,14
DA:63,14
DA:64,14
DA:67,14
DA:68,14
DA:69,14
DA:70,14
DA:71,14
DA:72,14
DA:73,14
DA:74,14
DA:77,14
DA:78,14
DA:79,14
DA:82,14
DA:83,14
DA:84,14
DA:87,14
DA:88,0
DA:89,0
DA:90,0
DA:91,0
DA:92,0
DA:93,0
DA:94,0
DA:96,0
DA:97,0
DA:99,0
DA:101,14
DA:102,14
DA:103,14
DA:104,14
DA:105,14
DA:106,14
DA:108,14
DA:109,14
DA:110,14
DA:111,14
DA:112,14
DA:113,14
DA:115,14
DA:116,14
DA:117,14
DA:118,14
DA:120,14
DA:121,10
DA:122,10
DA:123,10
DA:124,10
DA:125,10
DA:126,10
DA:127,10
DA:129,14
DA:132,14
DA:133,14
DA:134,14
DA:136,14
DA:138,14
DA:139,14
DA:140,14
DA:142,14
DA:143,0
DA:144,0
DA:145,14
DA:147,14
DA:148,14
DA:149,0
DA:150,0
DA:151,0
DA:152,0
DA:154,0
DA:155,0
DA:156,0
DA:157,0
DA:158,0
DA:159,0
DA:160,0
DA:163,14
DA:164,0
DA:165,0
DA:166,0
DA:167,0
DA:169,0
DA:170,0
DA:171,0
DA:172,0
DA:173,0
DA:174,0
DA:175,0
DA:177,14
DA:178,14
DA:181,14
DA:182,14
DA:183,14
DA:184,14
DA:186,14
DA:188,14
DA:189,14
DA:190,14
DA:192,14
DA:193,14
DA:194,14
DA:195,14
DA:197,14
DA:198,14
DA:199,14
DA:200,14
DA:201,14
DA:202,25
DA:203,14
DA:204,14
DA:205,14
DA:207,14
DA:211,14
DA:212,12
DA:213,12
DA:214,12
DA:215,12
DA:217,12
DA:218,12
DA:219,0
DA:220,0
DA:221,0
DA:222,0
DA:225,0
DA:226,0
DA:228,12
DA:230,12
DA:231,12
DA:232,0
DA:233,12
DA:234,12
DA:235,34
DA:236,34
DA:237,34
DA:238,34
DA:240,34
DA:241,34
DA:242,12
DA:243,12
DA:244,12
DA:248,14
DA:249,14
DA:250,14
DA:252,14
DA:254,14
DA:255,14
DA:256,14
DA:257,14
DA:258,14
DA:259,14
DA:260,14
DA:261,14
DA:262,14
DA:264,14
DA:265,14
DA:266,14
DA:267,14
DA:268,14
DA:269,14
DA:270,14
DA:271,14
DA:272,14
DA:273,14
DA:274,14
DA:275,14
DA:277,14
DA:279,1
LF:205
LH:164
BRDA:27,0,0,14
BRDA:87,1,0,0
BRDA:113,2,0,2
BRDA:120,3,0,10
BRDA:142,4,0,0
BRDA:143,5,0,0
BRDA:148,6,0,0
BRDA:163,7,0,0
BRDA:211,8,0,12
BRDA:218,9,0,0
BRDA:231,10,0,0
BRDA:38,11,0,14
BRDA:48,12,0,14
BRDA:58,13,0,14
BRDA:68,14,0,14
BRDA:201,15,0,25
BRDA:234,16,0,34
BRF:17
BRH:10
end_of_record
TN:
SF:src/components/widgets/CostEstimationWidget.tsx
FN:40,CostEstimationWidget
FN:73,formatCurrency
FNF:2
FNH:2
FNDA:11,CostEstimationWidget
FNDA:22,formatCurrency
DA:1,1
DA:3,1
DA:4,1
DA:5,1
DA:8,1
DA:10,1
DA:11,1
DA:40,1
DA:41,11
DA:42,11
DA:43,11
DA:44,11
DA:45,11
DA:46,11
DA:48,11
DA:49,11
DA:50,11
DA:51,11
DA:52,11
DA:53,11
DA:54,11
DA:55,11
DA:56,11
DA:58,11
DA:59,11
DA:60,11
DA:61,11
DA:62,11
DA:65,11
DA:66,11
DA:67,11
DA:68,11
DA:69,11
DA:70,11
DA:71,11
DA:73,11
DA:75,22
DA:76,22
DA:77,22
DA:78,22
DA:79,22
DA:80,22
DA:81,0
DA:82,22
DA:84,11
DA:85,11
DA:86,11
DA:87,11
DA:88,11
DA:89,11
DA:91,11
DA:93,11
DA:94,11
DA:95,11
DA:96,11
DA:97,11
DA:98,11
DA:99,11
DA:100,11
DA:101,11
DA:102,11
DA:103,11
DA:104,11
DA:105,11
DA:106,11
DA:107,11
DA:108,11
DA:109,11
DA:110,11
DA:111,11
DA:112,11
DA:113,11
DA:114,11
DA:115,11
DA:116,11
DA:117,11
DA:118,11
DA:121,11
DA:122,11
DA:123,11
DA:125,11
DA:127,11
DA:129,11
DA:130,11
DA:131,11
DA:133,11
DA:134,11
DA:135,11
DA:136,11
DA:138,11
DA:139,11
DA:140,11
DA:141,11
DA:142,11
DA:143,11
DA:144,11
DA:145,11
DA:146,11
DA:147,11
DA:150,11
DA:151,11
DA:152,11
DA:154,11
DA:155,11
DA:156,11
DA:157,11
DA:159,11
DA:160,11
DA:161,11
DA:162,11
DA:163,11
DA:164,11
DA:165,11
DA:166,11
DA:167,11
DA:168,11
DA:169,11
DA:170,11
DA:173,11
DA:175,11
DA:176,11
DA:177,11
DA:179,11
DA:180,11
DA:181,11
DA:182,11
DA:183,11
DA:184,11
DA:186,11
DA:187,11
DA:188,11
DA:190,11
DA:191,11
DA:192,11
DA:195,11
DA:196,11
DA:199,11
DA:200,11
DA:201,11
DA:203,11
DA:204,11
DA:205,11
DA:206,11
DA:207,11
DA:208,11
DA:209,11
DA:212,11
DA:213,11
DA:214,11
DA:217,11
DA:218,11
DA:220,11
DA:221,11
DA:222,11
DA:224,11
DA:225,10
DA:226,1
DA:227,11
DA:229,11
DA:230,11
DA:231,11
DA:232,11
DA:233,11
DA:234,11
DA:237,11
DA:239,11
DA:240,11
DA:241,11
DA:243,11
DA:244,11
DA:245,11
DA:246,11
DA:247,11
DA:248,11
DA:249,11
DA:250,11
DA:253,11
DA:254,11
DA:255,11
DA:257,11
DA:258,11
DA:259,11
DA:260,11
DA:261,11
DA:262,11
DA:263,11
DA:264,11
DA:265,11
DA:266,11
DA:267,11
DA:269,11
DA:271,1
LF:192
LH:191
BRDA:40,0,0,11
BRDA:96,1,0,0
BRDA:224,2,0,10
BRDA:225,3,0,1
BRDA:49,4,0,11
BRDA:65,5,0,11
BRDA:73,6,0,22
BRDA:78,7,0,11
BRDA:80,8,0,0
BRF:9
BRH:7
end_of_record
TN:
SF:src/components/widgets/IntegrityImpactWidget.tsx
FN:28,IntegrityImpactWidget
FN:196,onClick
FNF:2
FNH:1
FNDA:12,IntegrityImpactWidget
FNDA:0,onClick
DA:1,1
DA:3,1
DA:4,1
DA:5,1
DA:6,1
DA:9,1
DA:28,1
DA:29,12
DA:30,12
DA:31,12
DA:32,12
DA:33,12
DA:34,12
DA:35,12
DA:36,12
DA:39,12
DA:40,12
DA:41,12
DA:42,12
DA:45,12
DA:46,12
DA:47,12
DA:48,12
DA:51,12
DA:52,12
DA:53,12
DA:54,12
DA:55,12
DA:58,12
DA:59,12
DA:60,12
DA:61,12
DA:64,12
DA:65,1
DA:66,1
DA:67,1
DA:68,1
DA:69,1
DA:70,1
DA:71,1
DA:73,1
DA:74,1
DA:76,1
DA:78,11
DA:79,11
DA:80,11
DA:81,11
DA:82,11
DA:83,11
DA:85,11
DA:86,11
DA:87,11
DA:88,11
DA:89,11
DA:90,12
DA:92,12
DA:93,12
DA:94,12
DA:95,12
DA:97,12
DA:98,7
DA:99,7
DA:100,7
DA:101,7
DA:102,7
DA:104,12
DA:107,12
DA:108,12
DA:109,12
DA:111,12
DA:113,12
DA:114,12
DA:115,12
DA:117,12
DA:118,0
DA:119,0
DA:120,12
DA:122,12
DA:123,12
DA:124,11
DA:125,11
DA:126,11
DA:127,11
DA:129,11
DA:130,11
DA:131,11
DA:132,11
DA:133,0
DA:134,11
DA:135,11
DA:138,12
DA:139,11
DA:140,11
DA:141,11
DA:142,11
DA:144,11
DA:145,11
DA:146,11
DA:147,11
DA:148,0
DA:149,11
DA:150,11
DA:152,12
DA:153,12
DA:156,12
DA:157,11
DA:158,11
DA:159,11
DA:161,11
DA:163,11
DA:164,11
DA:165,11
DA:167,11
DA:168,3
DA:169,3
DA:170,3
DA:172,3
DA:173,3
DA:174,3
DA:175,3
DA:176,3
DA:177,3
DA:178,3
DA:179,3
DA:180,3
DA:182,11
DA:186,12
DA:187,9
DA:188,9
DA:189,9
DA:190,9
DA:192,9
DA:193,9
DA:194,8
DA:195,8
DA:196,8
DA:197,0
DA:200,8
DA:201,8
DA:203,9
DA:205,9
DA:206,9
DA:207,0
DA:208,9
DA:209,9
DA:210,25
DA:211,25
DA:212,25
DA:213,25
DA:215,25
DA:216,25
DA:217,9
DA:218,9
DA:219,9
DA:223,12
DA:224,12
DA:225,12
DA:227,12
DA:229,12
DA:230,12
DA:231,12
DA:232,12
DA:233,12
DA:234,12
DA:235,12
DA:236,12
DA:237,12
DA:239,12
DA:240,7
DA:241,7
DA:242,7
DA:243,7
DA:244,7
DA:245,7
DA:246,7
DA:247,7
DA:249,12
DA:250,12
DA:251,12
DA:252,12
DA:254,12
DA:256,1
LF:182
LH:176
BRDA:28,0,0,12
BRDA:64,1,0,1
BRDA:76,2,0,11
BRDA:90,3,0,2
BRDA:97,4,0,7
BRDA:117,5,0,0
BRDA:118,6,0,0
BRDA:123,7,0,11
BRDA:132,8,0,0
BRDA:138,9,0,11
BRDA:147,10,0,0
BRDA:156,11,0,11
BRDA:156,12,0,11
BRDA:167,13,0,3
BRDA:168,14,0,3
BRDA:186,15,0,11
BRDA:186,16,0,9
BRDA:193,17,0,8
BRDA:200,18,0,0
BRDA:206,19,0,0
BRDA:239,20,0,11
BRDA:239,21,0,7
BRDA:40,22,0,12
BRDA:46,23,0,12
BRDA:52,24,0,12
BRDA:59,25,0,12
BRDA:176,26,0,3
BRDA:209,27,0,25
BRF:28
BRH:22
end_of_record
TN:
SF:src/components/widgets/SecurityLevelWidget.tsx
FN:52,SecurityLevelWidget
FN:73,handleAvailabilityChange
FN:78,handleIntegrityChange
FN:83,handleConfidentialityChange
FN:91,SecurityLevelSummary
FNF:5
FNH:5
FNDA:11,SecurityLevelWidget
FNDA:3,handleAvailabilityChange
FNDA:1,handleIntegrityChange
FNDA:1,handleConfidentialityChange
FNDA:9,SecurityLevelSummary
DA:2,1
DA:3,1
DA:9,1
DA:13,1
DA:14,1
DA:17,1
DA:18,1
DA:52,1
DA:53,11
DA:54,11
DA:55,11
DA:56,11
DA:57,11
DA:58,11
DA:60,11
DA:61,11
DA:62,11
DA:63,11
DA:64,11
DA:65,11
DA:66,11
DA:67,11
DA:68,11
DA:69,11
DA:70,11
DA:73,11
DA:74,3
DA:75,3
DA:76,3
DA:78,11
DA:79,1
DA:80,1
DA:81,1
DA:83,11
DA:84,1
DA:85,1
DA:86,1
DA:91,11
DA:92,9
DA:93,9
DA:94,9
DA:95,9
DA:96,9
DA:97,9
DA:98,9
DA:99,9
DA:100,9
DA:101,9
DA:102,9
DA:103,9
DA:104,9
DA:105,9
DA:106,9
DA:107,9
DA:108,9
DA:109,9
DA:110,9
DA:111,9
DA:112,9
DA:113,9
DA:114,9
DA:115,9
DA:116,9
DA:117,9
DA:118,9
DA:119,9
DA:120,9
DA:121,9
DA:122,9
DA:123,9
DA:124,9
DA:125,9
DA:126,9
DA:129,11
DA:130,11
DA:131,11
DA:132,11
DA:133,11
DA:134,11
DA:135,11
DA:136,11
DA:138,11
DA:139,11
DA:140,11
DA:141,11
DA:142,11
DA:143,11
DA:144,11
DA:145,11
DA:146,11
DA:147,11
DA:148,11
DA:149,11
DA:150,11
DA:151,11
DA:152,11
DA:153,11
DA:154,11
DA:155,11
DA:157,11
DA:159,1
LF:101
LH:101
BRDA:52,0,0,11
BRDA:73,1,0,3
BRDA:74,2,0,2
BRDA:75,3,0,2
BRDA:78,4,0,1
BRDA:83,5,0,1
BRDA:91,6,0,9
BRF:7
BRH:7
end_of_record
TN:
SF:src/components/widgets/SecurityResourcesWidget.tsx
FN:24,SecurityResourcesWidget
FN:96,getRelevanceBadgeVariant
FN:104,getCategoryIcon
FN:194,onChange
FN:203,onChange
FNF:5
FNH:5
FNDA:12,SecurityResourcesWidget
FNDA:48,getRelevanceBadgeVariant
FNDA:48,getCategoryIcon
FNDA:1,onChange
FNDA:1,onChange
DA:1,1
DA:3,1
DA:4,1
DA:5,1
DA:6,1
DA:24,1
DA:25,12
DA:26,12
DA:27,12
DA:28,12
DA:29,12
DA:30,12
DA:31,12
DA:32,12
DA:33,12
DA:36,12
DA:39,12
DA:40,10
DA:41,1
DA:42,1
DA:43,0
DA:44,1
DA:45,1
DA:46,1
DA:47,12
DA:50,12
DA:51,12
DA:52,9
DA:53,9
DA:54,9
DA:55,9
DA:56,9
DA:57,9
DA:58,12
DA:59,12
DA:62,12
DA:63,9
DA:64,9
DA:65,9
DA:66,9
DA:67,12
DA:70,12
DA:71,11
DA:74,11
DA:75,1
DA:76,1
DA:77,1
DA:78,1
DA:81,11
DA:82,1
DA:83,1
DA:84,1
DA:85,5
DA:86,4
DA:87,4
DA:88,1
DA:89,1
DA:92,11
DA:93,12
DA:96,12
DA:97,48
DA:98,27
DA:99,0
DA:100,0
DA:101,48
DA:104,12
DA:105,48
DA:106,48
DA:107,48
DA:108,48
DA:109,48
DA:110,48
DA:111,48
DA:112,48
DA:113,48
DA:114,48
DA:115,48
DA:116,48
DA:118,48
DA:119,48
DA:121,12
DA:122,12
DA:123,12
DA:124,12
DA:125,12
DA:126,12
DA:128,12
DA:130,12
DA:131,12
DA:132,12
DA:133,12
DA:134,12
DA:135,12
DA:136,12
DA:138,12
DA:139,12
DA:140,12
DA:141,12
DA:142,12
DA:143,12
DA:144,12
DA:145,12
DA:146,12
DA:147,12
DA:149,12
DA:150,12
DA:151,12
DA:152,12
DA:153,12
DA:154,12
DA:155,12
DA:156,12
DA:157,12
DA:158,12
DA:160,12
DA:161,12
DA:162,12
DA:163,12
DA:164,12
DA:165,12
DA:166,12
DA:167,12
DA:168,12
DA:169,12
DA:172,12
DA:173,12
DA:174,12
DA:175,12
DA:176,12
DA:177,12
DA:178,12
DA:179,12
DA:180,12
DA:182,12
DA:183,12
DA:184,12
DA:185,12
DA:186,12
DA:187,12
DA:188,12
DA:189,12
DA:190,12
DA:191,12
DA:192,12
DA:193,12
DA:194,12
DA:195,12
DA:196,12
DA:197,12
DA:198,12
DA:199,12
DA:200,12
DA:201,12
DA:202,12
DA:203,12
DA:204,12
DA:206,12
DA:207,72
DA:208,72
DA:209,72
DA:210,12
DA:211,12
DA:212,12
DA:213,12
DA:216,12
DA:217,12
DA:218,12
DA:219,12
DA:220,12
DA:221,12
DA:222,12
DA:223,1
DA:224,11
DA:225,12
DA:226,12
DA:227,12
DA:230,12
DA:231,12
DA:232,12
DA:233,48
DA:234,48
DA:235,48
DA:236,48
DA:238,48
DA:239,48
DA:240,48
DA:241,48
DA:242,48
DA:243,48
DA:244,48
DA:245,48
DA:246,48
DA:247,48
DA:248,48
DA:249,48
DA:251,48
DA:252,48
DA:253,48
DA:255,48
DA:256,48
DA:257,48
DA:259,48
DA:260,48
DA:261,144
DA:262,144
DA:263,144
DA:265,144
DA:266,144
DA:267,48
DA:268,48
DA:270,48
DA:271,48
DA:272,48
DA:273,48
DA:274,48
DA:275,48
DA:277,48
DA:278,48
DA:279,48
DA:280,48
DA:281,48
DA:282,48
DA:283,48
DA:284,48
DA:286,48
DA:287,48
DA:288,48
DA:289,48
DA:290,48
DA:291,48
DA:292,48
DA:293,48
DA:296,48
DA:297,48
DA:299,48
DA:300,48
DA:301,48
DA:302,48
DA:303,48
DA:304,21
DA:305,27
DA:306,27
DA:307,0
DA:308,0
DA:309,0
DA:310,48
DA:311,48
DA:312,48
DA:313,48
DA:314,48
DA:315,48
DA:316,48
DA:317,12
DA:318,12
DA:320,0
DA:321,0
DA:322,0
DA:324,0
DA:325,0
DA:327,0
DA:328,0
DA:332,12
DA:333,12
DA:334,12
DA:337,12
DA:338,12
DA:339,12
DA:340,12
DA:342,12
DA:344,1
LF:270
LH:257
BRDA:24,0,0,12
BRDA:219,1,0,1
BRDA:219,2,0,11
BRDA:222,3,0,1
BRDA:223,4,0,11
BRDA:225,5,0,1
BRDA:226,6,0,2
BRDA:318,7,0,0
BRDA:39,8,0,10
BRDA:40,9,0,1
BRDA:45,10,0,1
BRDA:51,11,0,9
BRDA:62,12,0,9
BRDA:64,13,0,45
BRDA:70,14,0,11
BRDA:74,15,0,1
BRDA:81,16,0,1
BRDA:76,17,0,5
BRDA:84,18,0,5
BRDA:85,19,0,4
BRDA:86,20,0,4
BRDA:87,21,0,12
BRDA:92,22,0,36
BRDA:96,23,0,48
BRDA:97,24,0,21
BRDA:97,25,0,27
BRDA:98,26,0,0
BRDA:104,27,0,48
BRDA:118,28,0,27
BRDA:194,29,0,1
BRDA:203,30,0,1
BRDA:206,31,0,72
BRDA:208,32,0,12
BRDA:208,33,0,60
BRDA:232,34,0,48
BRDA:303,35,0,21
BRDA:304,36,0,27
BRDA:306,37,0,0
BRDA:260,38,0,144
BRF:39
BRH:36
end_of_record
TN:
SF:src/components/widgets/SecuritySummaryWidget.tsx
FN:64,SecuritySummaryWidget
FN:219,onClick
FN:296,onClick
FN:459,onClick
FNF:4
FNH:2
FNDA:9,SecuritySummaryWidget
FNDA:1,onClick
FNDA:0,onClick
FNDA:0,onClick
DA:1,1
DA:3,1
DA:4,1
DA:10,1
DA:11,1
DA:18,1
DA:22,1
DA:23,1
DA:24,1
DA:25,1
DA:26,1
DA:64,1
DA:65,9
DA:66,9
DA:67,9
DA:68,9
DA:69,9
DA:70,9
DA:71,9
DA:73,9
DA:74,9
DA:75,9
DA:78,9
DA:79,9
DA:80,8
DA:81,0
DA:82,9
DA:83,9
DA:86,9
DA:89,9
DA:90,9
DA:91,0
DA:92,9
DA:95,9
DA:96,9
DA:97,9
DA:98,9
DA:100,9
DA:101,9
DA:102,9
DA:103,9
DA:105,9
DA:106,9
DA:107,9
DA:108,9
DA:111,9
DA:112,9
DA:113,9
DA:114,9
DA:116,9
DA:117,9
DA:118,9
DA:119,9
DA:121,9
DA:122,9
DA:123,9
DA:124,9
DA:127,9
DA:128,9
DA:129,9
DA:130,9
DA:133,9
DA:135,9
DA:136,9
DA:137,9
DA:138,9
DA:139,9
DA:140,9
DA:142,9
DA:144,9
DA:145,9
DA:146,9
DA:147,9
DA:148,9
DA:149,9
DA:150,9
DA:152,9
DA:153,9
DA:154,9
DA:155,9
DA:156,9
DA:157,9
DA:158,9
DA:159,9
DA:161,9
DA:162,9
DA:163,9
DA:164,9
DA:167,9
DA:168,9
DA:169,9
DA:171,9
DA:172,9
DA:173,9
DA:174,9
DA:175,9
DA:176,9
DA:177,9
DA:178,9
DA:179,9
DA:180,9
DA:181,9
DA:182,9
DA:183,9
DA:184,9
DA:185,9
DA:186,9
DA:187,9
DA:188,9
DA:189,9
DA:190,9
DA:191,9
DA:192,9
DA:193,9
DA:194,9
DA:195,9
DA:196,9
DA:197,9
DA:198,9
DA:201,9
DA:202,9
DA:203,9
DA:205,9
DA:206,9
DA:207,9
DA:208,9
DA:209,9
DA:210,9
DA:211,9
DA:212,9
DA:213,9
DA:214,9
DA:217,9
DA:218,9
DA:219,9
DA:220,9
DA:221,9
DA:222,9
DA:224,9
DA:225,9
DA:226,9
DA:227,9
DA:228,9
DA:229,9
DA:231,9
DA:232,9
DA:233,9
DA:235,9
DA:236,1
DA:237,1
DA:238,1
DA:240,1
DA:241,1
DA:242,1
DA:243,1
DA:244,1
DA:245,1
DA:247,1
DA:248,1
DA:249,1
DA:250,1
DA:252,1
DA:253,1
DA:254,1
DA:256,1
DA:257,1
DA:258,1
DA:259,1
DA:260,1
DA:261,1
DA:263,1
DA:264,1
DA:265,1
DA:266,1
DA:268,1
DA:269,1
DA:270,1
DA:272,1
DA:273,1
DA:274,1
DA:275,1
DA:276,1
DA:277,1
DA:278,1
DA:279,1
DA:281,1
DA:282,1
DA:283,1
DA:284,1
DA:286,1
DA:287,1
DA:288,1
DA:289,1
DA:291,9
DA:294,9
DA:295,9
DA:296,9
DA:297,9
DA:298,9
DA:299,9
DA:301,9
DA:302,9
DA:303,9
DA:304,9
DA:305,9
DA:306,9
DA:308,9
DA:309,9
DA:310,9
DA:312,9
DA:313,0
DA:314,0
DA:315,0
DA:317,0
DA:318,0
DA:319,0
DA:320,0
DA:321,0
DA:322,0
DA:324,0
DA:325,0
DA:326,0
DA:327,0
DA:329,0
DA:330,0
DA:331,0
DA:333,0
DA:334,0
DA:335,0
DA:336,0
DA:337,0
DA:338,0
DA:340,0
DA:341,0
DA:342,0
DA:343,0
DA:345,0
DA:346,0
DA:347,0
DA:349,0
DA:350,0
DA:351,0
DA:352,0
DA:353,0
DA:354,0
DA:355,0
DA:356,0
DA:358,0
DA:359,0
DA:360,0
DA:361,0
DA:363,0
DA:364,0
DA:365,0
DA:366,0
DA:368,9
DA:371,9
DA:372,9
DA:373,9
DA:374,9
DA:375,9
DA:377,9
DA:378,9
DA:379,9
DA:380,9
DA:382,9
DA:383,9
DA:384,9
DA:385,9
DA:386,9
DA:387,9
DA:389,9
DA:390,6
DA:391,6
DA:392,6
DA:393,6
DA:394,6
DA:396,9
DA:399,9
DA:400,9
DA:401,9
DA:402,9
DA:403,9
DA:404,9
DA:406,9
DA:408,9
DA:409,9
DA:410,9
DA:411,9
DA:412,9
DA:413,9
DA:414,9
DA:415,9
DA:416,9
DA:417,9
DA:418,9
DA:419,9
DA:420,9
DA:421,9
DA:422,9
DA:423,9
DA:425,9
DA:426,9
DA:427,9
DA:429,9
DA:431,9
DA:432,9
DA:433,9
DA:434,9
DA:435,9
DA:436,9
DA:437,9
DA:438,9
DA:439,9
DA:440,9
DA:441,9
DA:442,9
DA:443,9
DA:444,9
DA:445,0
DA:446,0
DA:447,0
DA:448,0
DA:449,0
DA:450,0
DA:451,9
DA:452,9
DA:453,9
DA:454,9
DA:455,9
DA:458,9
DA:459,9
DA:460,9
DA:461,9
DA:462,9
DA:464,9
DA:465,9
DA:466,9
DA:467,9
DA:469,9
DA:470,9
DA:471,9
DA:473,9
DA:474,0
DA:475,0
DA:476,0
DA:478,0
DA:479,0
DA:480,0
DA:481,0
DA:482,0
DA:483,0
DA:484,0
DA:485,0
DA:486,0
DA:487,0
DA:488,0
DA:489,0
DA:490,0
DA:491,0
DA:492,0
DA:494,0
DA:495,0
DA:496,0
DA:497,0
DA:498,0
DA:499,0
DA:500,0
DA:501,0
DA:503,0
DA:504,0
DA:505,0
DA:506,0
DA:507,0
DA:508,0
DA:510,0
DA:511,0
DA:512,0
DA:513,0
DA:515,0
DA:516,0
DA:518,9
DA:519,9
DA:521,9
DA:523,1
LF:385
LH:294
BRDA:64,0,0,9
BRDA:90,1,0,0
BRDA:228,2,0,1
BRDA:228,3,0,8
BRDA:231,4,0,1
BRDA:231,5,0,8
BRDA:235,6,0,1
BRDA:305,7,0,0
BRDA:308,8,0,0
BRDA:312,9,0,0
BRDA:386,10,0,0
BRDA:389,11,0,6
BRDA:467,12,0,0
BRDA:469,13,0,0
BRDA:473,14,0,0
BRDA:79,15,0,8
BRDA:80,16,0,0
BRDA:86,17,0,8
BRDA:96,18,0,7
BRDA:101,19,0,7
BRDA:106,20,0,7
BRDA:112,21,0,7
BRDA:117,22,0,7
BRDA:122,23,0,7
BRDA:128,24,0,8
BRDA:219,25,0,1
BRDA:391,26,0,6
BRDA:438,27,0,9
BRDA:444,28,0,0
BRDA:445,29,0,0
BRDA:478,30,0,0
BRF:31
BRH:19
end_of_record
TN:
SF:src/components/widgets/SecurityVisualizationWidget.tsx
FN:23,calculateRiskMetrics
FN:69,SecurityVisualizationWidget
FN:115,getRiskColor
FN:267,onClick
FN:296,onClick
FN:321,onClick
FNF:6
FNH:4
FNDA:8,calculateRiskMetrics
FNDA:10,SecurityVisualizationWidget
FNDA:10,getRiskColor
FNDA:1,onClick
FNDA:0,onClick
FNDA:0,onClick
DA:1,1
DA:3,1
DA:4,1
DA:5,1
DA:6,1
DA:7,1
DA:23,1
DA:24,8
DA:25,8
DA:26,8
DA:27,8
DA:29,8
DA:30,8
DA:31,8
DA:34,8
DA:35,8
DA:39,8
DA:43,8
DA:46,8
DA:49,8
DA:50,8
DA:51,5
DA:52,3
DA:53,3
DA:55,8
DA:56,8
DA:57,8
DA:58,8
DA:59,8
DA:60,8
DA:61,8
DA:67,1
DA:69,1
DA:70,10
DA:71,10
DA:72,10
DA:73,10
DA:74,10
DA:75,10
DA:77,10
DA:78,10
DA:79,8
DA:80,8
DA:81,8
DA:82,8
DA:83,8
DA:84,10
DA:85,10
DA:88,10
DA:89,10
DA:90,10
DA:91,10
DA:92,10
DA:95,10
DA:96,10
DA:97,10
DA:99,10
DA:100,8
DA:101,8
DA:102,8
DA:103,0
DA:104,0
DA:105,0
DA:106,0
DA:107,0
DA:108,0
DA:109,8
DA:111,8
DA:112,10
DA:115,10
DA:116,10
DA:117,10
DA:118,3
DA:119,10
DA:120,4
DA:121,10
DA:122,0
DA:123,10
DA:124,3
DA:125,10
DA:126,0
DA:127,10
DA:128,10
DA:130,10
DA:131,10
DA:132,10
DA:133,10
DA:134,10
DA:135,10
DA:137,10
DA:139,10
DA:140,10
DA:141,10
DA:143,10
DA:144,10
DA:145,10
DA:146,10
DA:148,10
DA:149,10
DA:150,10
DA:151,10
DA:152,10
DA:153,10
DA:154,10
DA:157,10
DA:158,10
DA:161,10
DA:162,10
DA:163,10
DA:165,10
DA:167,10
DA:169,10
DA:170,10
DA:171,10
DA:172,10
DA:173,10
DA:174,10
DA:175,10
DA:176,10
DA:179,10
DA:180,10
DA:181,10
DA:182,10
DA:183,10
DA:184,10
DA:185,10
DA:186,10
DA:189,10
DA:190,10
DA:191,10
DA:192,10
DA:193,10
DA:194,10
DA:195,10
DA:196,10
DA:197,10
DA:200,10
DA:201,10
DA:202,10
DA:204,10
DA:205,10
DA:206,10
DA:207,10
DA:210,10
DA:211,10
DA:212,10
DA:213,10
DA:214,10
DA:215,10
DA:216,10
DA:217,10
DA:220,10
DA:221,10
DA:222,10
DA:223,10
DA:226,10
DA:227,10
DA:228,10
DA:229,10
DA:230,10
DA:231,7
DA:232,3
DA:233,3
DA:234,10
DA:235,10
DA:236,10
DA:238,10
DA:239,10
DA:240,10
DA:242,10
DA:243,10
DA:244,10
DA:245,10
DA:246,10
DA:247,10
DA:248,10
DA:249,10
DA:250,10
DA:253,10
DA:254,10
DA:255,10
DA:256,10
DA:258,10
DA:259,10
DA:261,10
DA:262,10
DA:263,10
DA:264,10
DA:265,10
DA:266,10
DA:267,10
DA:268,1
DA:269,1
DA:270,1
DA:271,1
DA:273,10
DA:274,10
DA:276,10
DA:277,2
DA:278,2
DA:279,2
DA:280,2
DA:281,2
DA:282,2
DA:284,2
DA:285,2
DA:287,2
DA:288,2
DA:289,2
DA:291,10
DA:293,10
DA:294,10
DA:295,10
DA:296,10
DA:297,0
DA:298,0
DA:299,0
DA:300,0
DA:302,10
DA:303,10
DA:305,10
DA:306,0
DA:307,0
DA:308,0
DA:309,0
DA:310,0
DA:311,0
DA:312,0
DA:313,0
DA:314,0
DA:316,10
DA:318,10
DA:319,10
DA:320,10
DA:321,10
DA:322,0
DA:323,0
DA:324,0
DA:325,0
DA:327,10
DA:328,10
DA:330,10
DA:331,0
DA:332,0
DA:333,0
DA:334,0
DA:336,0
DA:337,0
DA:338,0
DA:339,0
DA:340,0
DA:341,0
DA:343,10
DA:345,10
DA:346,0
DA:347,0
DA:348,0
DA:351,0
DA:353,10
DA:354,10
DA:355,10
DA:356,10
DA:358,10
DA:360,1
LF:264
LH:225
BRDA:23,0,0,8
BRDA:50,1,0,3
BRDA:50,2,0,5
BRDA:51,3,0,2
BRDA:51,4,0,3
BRDA:52,5,0,0
BRDA:69,6,0,10
BRDA:230,7,0,3
BRDA:230,8,0,7
BRDA:231,9,0,4
BRDA:231,10,0,3
BRDA:232,11,0,0
BRDA:246,12,0,0
BRDA:276,13,0,2
BRDA:305,14,0,0
BRDA:330,15,0,0
BRDA:345,16,0,0
BRDA:346,17,0,0
BRDA:347,18,0,0
BRDA:78,19,0,8
BRDA:99,20,0,8
BRDA:111,21,0,8
BRDA:115,22,0,10
BRDA:117,23,0,3
BRDA:119,24,0,4
BRDA:121,25,0,0
BRDA:123,26,0,3
BRDA:125,27,0,0
BRDA:267,28,0,1
BRDA:268,29,0,1
BRF:30
BRH:20
end_of_record
TN:
SF:src/components/widgets/TechnicalDetailsWidget.tsx
FN:26,TechnicalDetailsWidget
FN:45,handleTabChange
FN:82,getActiveDetails
FN:131,onClick
FN:152,onClick
FN:173,onClick
FNF:6
FNH:5
FNDA:14,TechnicalDetailsWidget
FNDA:4,handleTabChange
FNDA:14,getActiveDetails
FNDA:0,onClick
FNDA:2,onClick
FNDA:2,onClick
DA:1,1
DA:3,1
DA:4,1
DA:5,1
DA:6,1
DA:7,1
DA:8,1
DA:26,1
DA:27,14
DA:28,14
DA:29,14
DA:30,14
DA:31,14
DA:32,14
DA:33,14
DA:34,14
DA:36,14
DA:37,14
DA:38,14
DA:40,14
DA:42,14
DA:45,14
DA:46,4
DA:47,4
DA:48,4
DA:49,4
DA:52,14
DA:53,14
DA:54,10
DA:55,10
DA:56,10
DA:57,10
DA:58,14
DA:59,14
DA:62,14
DA:63,14
DA:64,10
DA:65,10
DA:66,10
DA:67,10
DA:68,14
DA:69,14
DA:72,14
DA:73,14
DA:74,10
DA:75,10
DA:76,10
DA:77,10
DA:78,14
DA:79,14
DA:82,14
DA:83,14
DA:84,14
DA:85,10
DA:86,10
DA:87,10
DA:88,10
DA:89,10
DA:90,10
DA:91,14
DA:92,2
DA:93,2
DA:94,2
DA:95,2
DA:96,2
DA:97,2
DA:98,14
DA:99,2
DA:100,2
DA:101,2
DA:102,2
DA:103,2
DA:104,2
DA:105,14
DA:106,0
DA:107,0
DA:108,0
DA:109,0
DA:110,0
DA:111,0
DA:112,14
DA:113,14
DA:115,14
DA:117,14
DA:118,14
DA:119,14
DA:120,14
DA:121,14
DA:124,14
DA:125,14
DA:126,14
DA:127,14
DA:128,10
DA:129,4
DA:130,14
DA:131,14
DA:132,14
DA:133,14
DA:134,14
DA:135,14
DA:136,14
DA:137,14
DA:138,14
DA:139,10
DA:140,4
DA:143,14
DA:145,14
DA:146,14
DA:147,14
DA:148,14
DA:149,2
DA:150,12
DA:151,14
DA:152,14
DA:153,14
DA:154,14
DA:155,14
DA:156,14
DA:157,14
DA:158,14
DA:159,14
DA:160,2
DA:161,12
DA:164,14
DA:166,14
DA:167,14
DA:168,14
DA:169,14
DA:170,2
DA:171,12
DA:172,14
DA:173,14
DA:174,14
DA:175,14
DA:176,14
DA:177,14
DA:178,14
DA:179,14
DA:180,14
DA:181,2
DA:182,12
DA:185,14
DA:187,14
DA:188,14
DA:191,14
DA:192,14
DA:193,14
DA:194,14
DA:195,14
DA:196,14
DA:199,14
DA:200,14
DA:201,14
DA:203,14
DA:204,14
DA:205,14
DA:206,14
DA:207,14
DA:210,14
DA:211,14
DA:212,14
DA:214,14
DA:215,14
DA:218,14
DA:219,0
DA:220,0
DA:221,0
DA:222,0
DA:224,0
DA:226,0
DA:227,0
DA:228,0
DA:229,0
DA:230,0
DA:231,0
DA:232,0
DA:233,0
DA:234,0
DA:235,0
DA:236,0
DA:238,0
DA:239,0
DA:240,0
DA:241,0
DA:242,0
DA:246,14
DA:247,14
DA:248,14
DA:249,14
DA:251,14
DA:253,14
DA:255,14
DA:256,14
DA:257,14
DA:258,23
DA:259,23
DA:260,23
DA:261,23
DA:263,23
DA:264,23
DA:265,14
DA:266,14
DA:269,14
DA:270,0
DA:271,0
DA:272,0
DA:274,0
DA:275,0
DA:276,0
DA:278,0
DA:280,0
DA:281,0
DA:282,0
DA:283,0
DA:284,0
DA:285,0
DA:286,0
DA:290,14
DA:291,14
DA:292,14
DA:293,14
DA:295,14
DA:297,14
DA:299,14
DA:300,14
DA:301,14
DA:302,14
DA:303,14
DA:304,14
DA:305,14
DA:306,14
DA:307,14
DA:308,14
DA:309,14
DA:310,14
DA:311,14
DA:312,14
DA:313,14
DA:314,14
DA:315,14
DA:316,14
DA:317,14
DA:318,14
DA:319,14
DA:320,14
DA:321,14
DA:322,14
DA:323,14
DA:325,14
DA:328,14
DA:329,14
DA:330,14
DA:332,14
DA:334,14
DA:336,14
DA:337,14
DA:338,14
DA:340,14
DA:341,14
DA:342,14
DA:343,14
DA:345,14
DA:346,14
DA:347,14
DA:349,14
DA:350,14
DA:353,14
DA:354,14
DA:355,14
DA:357,14
DA:358,14
DA:359,14
DA:360,14
DA:362,14
DA:363,14
DA:364,14
DA:366,14
DA:367,14
DA:370,14
DA:371,14
DA:372,14
DA:374,14
DA:375,14
DA:376,14
DA:377,14
DA:379,14
DA:380,14
DA:381,14
DA:383,14
DA:384,14
DA:385,14
DA:386,14
DA:389,14
DA:390,10
DA:391,10
DA:392,10
DA:394,10
DA:395,10
DA:396,10
DA:397,10
DA:398,10
DA:399,10
DA:400,10
DA:401,10
DA:402,10
DA:403,10
DA:404,10
DA:405,10
DA:406,10
DA:407,0
DA:408,0
DA:409,0
DA:410,0
DA:411,0
DA:415,10
DA:416,10
DA:420,14
DA:421,2
DA:422,2
DA:423,2
DA:425,2
DA:426,2
DA:427,2
DA:428,2
DA:429,2
DA:430,2
DA:431,2
DA:432,2
DA:433,2
DA:437,14
DA:438,2
DA:439,2
DA:440,2
DA:442,2
DA:443,2
DA:445,2
DA:446,2
DA:447,2
DA:448,2
DA:449,2
DA:450,2
DA:451,2
DA:455,14
DA:456,14
DA:457,14
DA:458,14
DA:459,14
DA:460,14
DA:461,14
DA:463,14
DA:464,14
DA:465,14
DA:466,14
DA:467,14
DA:468,14
DA:469,14
DA:470,14
DA:471,14
DA:472,14
DA:473,14
DA:474,14
DA:475,14
DA:476,14
DA:477,14
DA:478,14
DA:479,14
DA:480,14
DA:481,14
DA:483,14
DA:484,14
DA:485,14
DA:486,14
DA:487,14
DA:488,14
DA:490,14
DA:492,1
LF:376
LH:330
BRDA:26,0,0,14
BRDA:36,1,0,0
BRDA:37,2,0,0
BRDA:38,3,0,0
BRDA:127,4,0,10
BRDA:128,5,0,4
BRDA:138,6,0,10
BRDA:139,7,0,4
BRDA:148,8,0,2
BRDA:149,9,0,12
BRDA:159,10,0,2
BRDA:160,11,0,12
BRDA:169,12,0,2
BRDA:170,13,0,12
BRDA:180,14,0,2
BRDA:181,15,0,12
BRDA:214,16,0,0
BRDA:218,17,0,0
BRDA:218,18,0,0
BRDA:269,19,0,0
BRDA:269,20,0,0
BRDA:345,21,0,0
BRDA:362,22,0,0
BRDA:379,23,0,0
BRDA:389,24,0,10
BRDA:398,25,0,5
BRDA:403,26,0,5
BRDA:406,27,0,0
BRDA:420,28,0,2
BRDA:420,29,0,2
BRDA:437,30,0,2
BRDA:45,31,0,4
BRDA:53,32,0,10
BRDA:63,33,0,10
BRDA:73,34,0,10
BRDA:82,35,0,14
BRDA:84,36,0,10
BRDA:91,37,0,2
BRDA:98,38,0,2
BRDA:105,39,0,0
BRDA:152,40,0,2
BRDA:173,41,0,2
BRDA:257,42,0,23
BRF:43
BRH:30
end_of_record
TN:
SF:src/components/widgets/ValueCreationWidget.tsx
FN:29,ValueCreationWidget
FNF:1
FNH:1
FNDA:9,ValueCreationWidget
DA:3,1
DA:4,1
DA:8,1
DA:9,1
DA:10,1
DA:11,1
DA:29,1
DA:30,9
DA:31,9
DA:32,9
DA:33,9
DA:34,9
DA:35,9
DA:36,9
DA:38,9
DA:39,9
DA:42,9
DA:44,9
DA:45,9
DA:46,9
DA:47,9
DA:48,9
DA:49,9
DA:51,9
DA:53,9
DA:54,9
DA:55,9
DA:56,9
DA:58,9
DA:59,9
DA:60,9
DA:61,9
DA:63,9
DA:64,9
DA:65,9
DA:67,9
DA:68,9
DA:69,9
DA:70,9
DA:73,9
DA:74,9
DA:75,9
DA:76,9
DA:77,9
DA:78,9
DA:79,9
DA:80,9
DA:81,9
DA:82,9
DA:83,9
DA:84,9
DA:85,9
DA:86,9
DA:87,9
DA:88,9
DA:89,9
DA:90,9
DA:91,9
DA:92,9
DA:93,9
DA:94,9
DA:95,9
DA:96,9
DA:97,9
DA:98,9
DA:101,9
DA:102,9
DA:103,9
DA:105,9
DA:107,9
DA:108,9
DA:109,15
DA:110,15
DA:111,15
DA:112,15
DA:114,15
DA:116,15
DA:117,15
DA:118,15
DA:119,15
DA:120,15
DA:121,9
DA:122,9
DA:123,9
DA:126,9
DA:128,9
DA:129,9
DA:130,9
DA:132,9
DA:133,9
DA:134,9
DA:135,9
DA:136,9
DA:137,9
DA:138,9
DA:139,9
DA:142,9
DA:143,9
DA:144,9
DA:146,9
DA:147,9
DA:148,9
DA:149,9
DA:150,9
DA:151,9
DA:152,9
DA:153,9
DA:154,9
DA:157,9
DA:158,9
DA:160,9
DA:161,9
DA:162,9
DA:163,9
DA:165,9
DA:166,9
DA:167,9
DA:168,9
DA:169,9
DA:170,9
DA:171,9
DA:172,4
DA:173,4
DA:174,4
DA:175,4
DA:177,9
DA:178,1
DA:179,1
DA:180,1
DA:181,1
DA:183,9
DA:184,2
DA:185,2
DA:186,2
DA:187,2
DA:189,9
DA:190,2
DA:191,2
DA:192,2
DA:193,2
DA:195,9
DA:196,0
DA:197,0
DA:198,0
DA:199,0
DA:201,9
DA:202,9
DA:203,9
DA:205,9
DA:208,9
DA:209,9
DA:210,9
DA:211,9
DA:213,9
DA:215,1
LF:155
LH:151
BRDA:29,0,0,9
BRDA:171,1,0,4
BRDA:177,2,0,1
BRDA:183,3,0,2
BRDA:189,4,0,2
BRDA:195,5,0,0
BRDA:108,6,0,15
BRF:7
BRH:6
end_of_record
TN:
SF:src/constants/appConstants.ts
FN:26,mapOptionsToConstants
FN:77,getTextElementMatcher
FN:84,getPartialTextMatcher
FN:89,createRegexMatcher
FN:96,createValuePointMatcher
FN:376,WITH_LEVEL
FNF:6
FNH:0
FNDA:0,mapOptionsToConstants
FNDA:0,getTextElementMatcher
FNDA:0,getPartialTextMatcher
FNDA:0,createRegexMatcher
FNDA:0,createValuePointMatcher
FNDA:0,WITH_LEVEL
DA:5,1
DA:8,1
DA:26,1
DA:30,0
DA:31,0
DA:32,0
DA:33,0
DA:34,0
DA:35,0
DA:36,0
DA:37,0
DA:38,0
DA:39,0
DA:40,0
DA:41,0
DA:42,0
DA:44,0
DA:45,0
DA:46,0
DA:47,0
DA:48,0
DA:49,0
DA:50,0
DA:51,0
DA:52,0
DA:53,0
DA:54,0
DA:55,0
DA:56,0
DA:57,0
DA:58,0
DA:59,0
DA:60,0
DA:61,0
DA:62,0
DA:63,0
DA:64,0
DA:65,0
DA:77,1
DA:78,0
DA:79,0
DA:80,0
DA:81,0
DA:84,1
DA:85,0
DA:86,0
DA:89,1
DA:91,0
DA:92,0
DA:93,0
DA:96,1
DA:98,0
DA:99,0
DA:100,0
DA:106,1
DA:107,1
DA:108,1
DA:109,1
DA:110,1
DA:111,1
DA:112,1
DA:115,1
DA:116,1
DA:117,1
DA:118,1
DA:119,1
DA:122,1
DA:123,1
DA:124,1
DA:125,1
DA:126,1
DA:129,1
DA:130,1
DA:131,1
DA:132,1
DA:133,1
DA:136,1
DA:137,1
DA:138,1
DA:139,1
DA:140,1
DA:141,1
DA:144,1
DA:146,1
DA:147,1
DA:148,1
DA:149,1
DA:152,1
DA:153,1
DA:154,1
DA:155,1
DA:156,1
DA:157,1
DA:160,1
DA:161,1
DA:162,1
DA:163,1
DA:164,1
DA:165,1
DA:166,1
DA:169,1
DA:170,1
DA:171,1
DA:172,1
DA:173,1
DA:174,1
DA:175,1
DA:176,1
DA:177,1
DA:178,1
DA:181,1
DA:182,1
DA:183,1
DA:184,1
DA:185,1
DA:186,1
DA:187,1
DA:190,1
DA:191,1
DA:192,1
DA:193,1
DA:194,1
DA:195,1
DA:196,1
DA:197,1
DA:198,1
DA:201,1
DA:203,1
DA:204,1
DA:205,1
DA:206,1
DA:209,1
DA:211,1
DA:212,1
DA:213,1
DA:214,1
DA:217,1
DA:219,1
DA:220,1
DA:221,1
DA:222,1
DA:225,1
DA:226,1
DA:227,1
DA:228,1
DA:229,1
DA:230,1
DA:231,1
DA:234,1
DA:235,1
DA:236,1
DA:237,1
DA:238,1
DA:239,1
DA:240,1
DA:241,1
DA:242,1
DA:243,1
DA:244,1
DA:245,1
DA:246,1
DA:247,1
DA:248,1
DA:249,1
DA:250,1
DA:251,1
DA:252,1
DA:253,1
DA:254,1
DA:255,1
DA:256,1
DA:257,1
DA:258,1
DA:259,1
DA:260,1
DA:261,1
DA:262,1
DA:263,1
DA:264,1
DA:265,1
DA:268,1
DA:269,1
DA:270,1
DA:271,1
DA:272,1
DA:273,1
DA:276,1
DA:277,1
DA:278,1
DA:279,1
DA:280,1
DA:281,1
DA:282,1
DA:283,1
DA:284,1
DA:285,1
DA:286,1
DA:287,1
DA:288,1
DA:289,1
DA:290,1
DA:291,1
DA:292,1
DA:293,1
DA:294,1
DA:295,1
DA:296,1
DA:299,1
DA:300,1
DA:301,1
DA:302,1
DA:303,1
DA:304,1
DA:307,1
DA:308,1
DA:309,1
DA:310,1
DA:311,1
DA:312,1
DA:313,1
DA:316,1
DA:317,1
DA:318,1
DA:319,1
DA:320,1
DA:323,1
DA:325,1
DA:326,1
DA:327,1
DA:328,1
DA:329,1
DA:330,1
DA:331,1
DA:332,1
DA:333,1
DA:334,1
DA:335,1
DA:336,1
DA:337,1
DA:338,1
DA:339,1
DA:342,1
DA:343,1
DA:344,1
DA:345,1
DA:346,1
DA:347,1
DA:348,1
DA:349,1
DA:350,1
DA:351,1
DA:352,1
DA:355,1
DA:356,1
DA:357,1
DA:358,1
DA:361,1
DA:362,1
DA:363,1
DA:364,1
DA:365,1
DA:368,1
DA:369,1
DA:370,1
DA:371,1
DA:374,1
DA:375,1
DA:376,1
DA:377,1
DA:380,1
DA:381,1
DA:384,1
DA:385,1
DA:386,1
DA:387,1
DA:388,1
DA:389,1
DA:391,1
DA:392,1
DA:393,1
DA:394,1
DA:395,1
DA:396,1
DA:399,1
DA:400,1
DA:401,1
DA:402,1
DA:403,1
DA:404,1
DA:405,1
DA:406,1
DA:407,1
DA:408,1
DA:409,1
DA:410,1
DA:411,1
DA:412,1
DA:413,1
DA:414,1
DA:415,1
DA:416,1
DA:417,1
DA:418,1
DA:419,1
DA:420,1
DA:421,1
DA:422,1
DA:423,1
DA:424,1
DA:425,1
DA:426,1
DA:427,1
DA:428,1
DA:429,1
DA:430,1
DA:433,1
DA:439,1
DA:440,1
DA:441,1
DA:442,1
DA:443,1
DA:444,1
DA:445,1
DA:446,1
DA:447,1
DA:448,1
DA:449,1
DA:450,1
DA:451,1
DA:452,1
DA:453,1
DA:454,1
DA:455,1
DA:456,1
DA:457,1
DA:458,1
DA:459,1
DA:460,1
DA:461,1
DA:462,1
DA:463,1
DA:464,1
DA:465,1
DA:467,1
DA:468,1
DA:469,1
DA:470,1
DA:471,1
DA:472,1
DA:473,1
DA:474,1
DA:475,1
DA:476,1
DA:477,1
DA:478,1
DA:479,1
DA:480,1
LF:357
LH:310
BRF:0
BRH:0
end_of_record
TN:
SF:src/constants/appLabels.ts
FN:1,(empty-report)
FNF:1
FNH:1
FNDA:1,(empty-report)
DA:3,0
DA:4,0
DA:5,0
DA:6,0
DA:7,0
DA:9,0
DA:10,0
DA:11,0
DA:12,0
DA:13,0
DA:14,0
DA:15,0
DA:16,0
DA:17,0
DA:18,0
DA:19,0
DA:20,0
DA:22,0
DA:23,0
DA:24,0
DA:25,0
DA:26,0
DA:27,0
DA:28,0
DA:29,0
DA:30,0
DA:31,0
DA:32,0
LF:28
LH:0
BRDA:1,0,0,1
BRF:1
BRH:1
end_of_record
TN:
SF:src/constants/businessConstants.ts
FNF:0
FNH:0
DA:1,1
DA:8,1
DA:9,1
DA:10,1
DA:11,1
DA:12,1
DA:13,1
DA:14,1
DA:15,1
DA:16,1
DA:17,1
DA:18,1
DA:19,1
DA:20,1
DA:21,1
DA:22,1
DA:23,1
DA:24,1
DA:25,1
DA:26,1
DA:27,1
DA:28,1
DA:29,1
DA:30,1
DA:31,1
DA:32,1
DA:33,1
DA:34,1
DA:35,1
DA:36,1
DA:37,1
DA:38,1
DA:39,1
DA:40,1
DA:41,1
DA:42,1
DA:43,1
DA:44,1
DA:45,1
DA:46,1
DA:47,1
DA:48,1
DA:49,1
DA:50,1
DA:51,1
DA:52,1
DA:53,1
DA:54,1
DA:55,1
DA:56,1
DA:57,1
DA:58,1
DA:59,1
DA:60,1
DA:61,1
DA:62,1
DA:63,1
DA:64,1
DA:65,1
DA:66,1
DA:67,1
DA:68,1
DA:69,1
DA:70,1
DA:71,1
DA:72,1
DA:73,1
DA:74,1
DA:75,1
DA:76,1
DA:77,1
DA:78,1
DA:79,1
DA:80,1
DA:81,1
DA:82,1
DA:83,1
DA:84,1
DA:85,1
DA:86,1
DA:87,1
DA:88,1
DA:89,1
DA:90,1
DA:91,1
DA:92,1
DA:93,1
DA:94,1
DA:95,1
DA:96,1
DA:97,1
DA:98,1
DA:99,1
DA:100,1
DA:101,1
DA:102,1
DA:103,1
DA:104,1
DA:105,1
DA:106,1
DA:107,1
DA:108,1
DA:109,1
DA:110,1
DA:111,1
DA:112,1
DA:113,1
DA:114,1
DA:115,1
DA:116,1
DA:117,1
DA:118,1
DA:119,1
DA:120,1
DA:121,1
DA:122,1
DA:123,1
DA:124,1
DA:125,1
DA:126,1
DA:127,1
DA:128,1
DA:129,1
DA:130,1
DA:131,1
DA:132,1
DA:133,1
DA:134,1
DA:135,1
DA:136,1
DA:137,1
DA:138,1
DA:139,1
DA:140,1
DA:141,1
DA:142,1
DA:143,1
DA:144,1
DA:145,1
DA:146,1
DA:147,1
DA:148,1
DA:149,1
DA:150,1
DA:151,1
DA:152,1
DA:153,1
DA:154,1
DA:155,1
DA:156,1
DA:157,1
DA:158,1
DA:159,1
DA:160,1
DA:161,1
DA:162,1
DA:163,1
DA:164,1
DA:165,1
DA:166,1
DA:167,1
DA:168,1
DA:169,1
DA:170,1
DA:171,1
DA:172,1
DA:173,1
DA:174,1
DA:175,1
DA:176,1
DA:177,1
DA:178,1
DA:179,1
DA:180,1
DA:181,1
DA:182,1
DA:183,1
DA:184,1
DA:185,1
DA:186,1
DA:187,1
DA:188,1
DA:189,1
DA:190,1
DA:191,1
DA:192,1
DA:193,1
DA:194,1
DA:195,1
DA:196,1
DA:197,1
DA:198,1
DA:199,1
DA:200,1
DA:201,1
DA:202,1
DA:203,1
DA:204,1
DA:205,1
DA:206,1
DA:207,1
DA:208,1
DA:209,1
DA:210,1
DA:211,1
DA:212,1
DA:213,1
DA:214,1
DA:215,1
DA:216,1
DA:217,1
DA:218,1
DA:219,1
DA:220,1
DA:221,1
DA:224,1
DA:225,1
DA:226,1
DA:227,1
DA:228,1
DA:229,1
DA:230,1
DA:231,1
DA:232,1
DA:233,1
DA:234,1
DA:235,1
DA:236,1
DA:237,1
DA:238,1
DA:239,1
DA:240,1
DA:241,1
DA:242,1
DA:243,1
DA:244,1
DA:245,1
DA:246,1
DA:247,1
DA:248,1
DA:249,1
DA:250,1
DA:251,1
DA:252,1
DA:255,1
DA:256,1
DA:257,1
DA:258,1
DA:259,1
DA:260,1
DA:261,1
DA:264,1
DA:265,1
DA:266,1
DA:267,1
DA:268,1
DA:269,1
DA:270,1
DA:272,1
DA:275,1
DA:276,1
DA:277,1
DA:278,1
DA:279,1
DA:280,1
DA:281,1
DA:282,1
DA:283,1
DA:286,1
DA:287,1
DA:288,1
DA:289,1
DA:290,1
DA:291,1
DA:292,1
DA:293,1
DA:294,1
DA:295,1
DA:296,1
DA:297,1
DA:298,1
DA:299,1
DA:300,1
DA:301,1
DA:302,1
DA:303,1
DA:304,1
DA:305,1
DA:306,1
DA:307,1
DA:308,1
DA:309,1
DA:310,1
DA:311,1
DA:312,1
DA:313,1
DA:314,1
DA:315,1
DA:316,1
DA:317,1
DA:318,1
DA:319,1
DA:320,1
DA:321,1
DA:324,1
DA:325,1
DA:326,1
DA:327,1
DA:328,1
DA:329,1
DA:330,1
DA:331,1
DA:332,1
DA:333,1
DA:334,1
DA:335,1
DA:336,1
DA:337,1
DA:338,1
DA:339,1
DA:340,1
LF:321
LH:321
BRF:0
BRH:0
end_of_record
TN:
SF:src/constants/colorConstants.ts
FN:69,getSecurityLevelColorPair
FN:99,getCIAComponentColors
FNF:2
FNH:1
FNDA:120,getSecurityLevelColorPair
FNDA:0,getCIAComponentColors
DA:7,1
DA:9,1
DA:10,1
DA:11,1
DA:12,1
DA:13,1
DA:14,1
DA:15,1
DA:18,1
DA:19,1
DA:20,1
DA:21,1
DA:22,1
DA:23,1
DA:24,1
DA:27,1
DA:28,1
DA:29,1
DA:30,1
DA:31,1
DA:32,1
DA:33,1
DA:36,1
DA:37,1
DA:38,1
DA:39,1
DA:40,1
DA:41,1
DA:42,1
DA:43,1
DA:48,1
DA:49,1
DA:50,1
DA:51,1
DA:52,1
DA:53,1
DA:54,1
DA:55,1
DA:56,1
DA:57,1
DA:58,1
DA:59,1
DA:60,1
DA:61,1
DA:62,1
DA:63,1
DA:64,1
DA:69,1
DA:70,120
DA:71,120
DA:73,120
DA:75,120
DA:76,120
DA:77,120
DA:80,120
DA:81,0
DA:82,0
DA:83,120
DA:84,0
DA:87,120
DA:88,0
DA:89,120
DA:90,48
DA:91,72
DA:93,120
DA:94,120
DA:99,1
DA:100,0
DA:101,0
DA:102,0
DA:105,0
DA:106,0
DA:107,0
DA:108,0
DA:109,0
DA:110,0
DA:111,0
DA:112,0
DA:113,0
LF:79
LH:63
BRDA:69,0,0,120
BRDA:80,1,0,0
BRDA:83,2,0,0
BRDA:87,3,0,0
BRDA:89,4,0,96
BRDA:89,5,0,48
BRDA:90,6,0,72
BRF:7
BRH:4
end_of_record
TN:
SF:src/constants/coreConstants.ts
FN:129,WITH_LEVEL
FNF:1
FNH:0
FNDA:0,WITH_LEVEL
DA:4,1
DA:5,1
DA:6,1
DA:7,1
DA:8,1
DA:9,1
DA:10,1
DA:11,1
DA:12,1
DA:13,1
DA:14,1
DA:15,1
DA:16,1
DA:17,1
DA:20,1
DA:21,1
DA:22,1
DA:23,1
DA:24,1
DA:26,1
DA:27,1
DA:28,1
DA:29,1
DA:30,1
DA:33,1
DA:34,1
DA:35,1
DA:36,1
DA:37,1
DA:38,1
DA:39,1
DA:42,1
DA:43,1
DA:44,1
DA:45,1
DA:46,1
DA:47,1
DA:48,1
DA:51,1
DA:52,1
DA:53,1
DA:54,1
DA:55,1
DA:56,1
DA:57,1
DA:58,1
DA:59,1
DA:60,1
DA:61,1
DA:63,1
DA:64,1
DA:65,1
DA:66,1
DA:69,1
DA:76,1
DA:77,1
DA:78,1
DA:79,1
DA:80,1
DA:81,1
DA:82,1
DA:83,1
DA:84,1
DA:85,1
DA:86,1
DA:87,1
DA:88,1
DA:89,1
DA:90,1
DA:91,1
DA:92,1
DA:93,1
DA:94,1
DA:95,1
DA:96,1
DA:97,1
DA:98,1
DA:99,1
DA:100,1
DA:101,1
DA:102,1
DA:105,1
DA:107,1
DA:108,1
DA:109,1
DA:110,1
DA:111,1
DA:112,1
DA:113,1
DA:114,1
DA:115,1
DA:116,1
DA:117,1
DA:118,1
DA:121,1
DA:122,1
DA:123,1
DA:124,1
DA:127,1
DA:128,1
DA:129,1
DA:130,1
DA:133,1
DA:134,1
DA:146,1
DA:147,1
DA:148,1
DA:149,1
DA:150,1
DA:151,1
DA:152,1
DA:155,1
DA:156,1
DA:157,1
DA:158,1
DA:159,1
DA:160,1
DA:163,1
DA:164,1
DA:165,1
DA:166,1
DA:167,1
DA:168,1
DA:169,1
DA:170,1
DA:171,1
LF:126
LH:126
BRF:0
BRH:0
end_of_record
TN:
SF:src/constants/index.ts
FNF:0
FNH:0
DA:4,1
DA:7,1
DA:10,1
DA:13,1
DA:14,1
DA:15,1
DA:28,1
DA:35,1
DA:38,1
LF:9
LH:9
BRF:0
BRH:0
end_of_record
TN:
SF:src/constants/riskConstants.ts
FNF:0
FNH:0
DA:7,1
DA:8,1
DA:9,1
DA:10,1
DA:11,1
DA:12,1
DA:13,1
DA:14,1
DA:17,1
DA:18,1
DA:19,1
DA:20,1
DA:21,1
DA:22,1
DA:23,1
LF:15
LH:15
BRF:0
BRH:0
end_of_record
TN:
SF:src/constants/testConstants.ts
FN:20,getPartialTextMatcher
FN:24,createRegexMatcher
FN:30,createValuePointMatcher
FN:35,getTextElementMatcher
FN:87,getSecurityLevelColor
FN:100,checkSecurityLevelColor
FN:111,getTestId
FNF:7
FNH:0
FNDA:0,getPartialTextMatcher
FNDA:0,createRegexMatcher
FNDA:0,createValuePointMatcher
FNDA:0,getTextElementMatcher
FNDA:0,getSecurityLevelColor
FNDA:0,checkSecurityLevelColor
FNDA:0,getTestId
DA:1,1
DA:2,1
DA:3,1
DA:6,1
DA:7,1
DA:8,1
DA:9,1
DA:10,1
DA:13,1
DA:14,1
DA:15,1
DA:16,1
DA:17,1
DA:20,1
DA:21,0
DA:22,0
DA:24,1
DA:26,0
DA:27,0
DA:28,0
DA:30,1
DA:31,0
DA:32,0
DA:33,0
DA:35,1
DA:36,0
DA:37,0
DA:38,0
DA:39,0
DA:42,1
DA:43,1
DA:44,1
DA:45,1
DA:46,1
DA:47,1
DA:49,1
DA:50,1
DA:51,1
DA:52,1
DA:53,1
DA:54,1
DA:55,1
DA:56,1
DA:57,1
DA:58,1
DA:59,1
DA:60,1
DA:61,1
DA:62,1
DA:63,1
DA:64,1
DA:67,1
DA:68,1
DA:69,1
DA:70,1
DA:71,1
DA:74,1
DA:75,1
DA:76,1
DA:77,1
DA:78,1
DA:79,1
DA:81,1
DA:82,1
DA:83,1
DA:84,1
DA:87,1
DA:88,0
DA:90,0
DA:91,0
DA:92,0
DA:93,0
DA:94,0
DA:95,0
DA:98,1
DA:100,1
DA:101,0
DA:103,0
DA:104,0
DA:105,0
DA:106,0
DA:108,0
DA:111,1
DA:112,0
DA:113,0
DA:114,0
DA:115,0
DA:116,1
DA:119,1
DA:120,1
DA:121,1
DA:122,1
DA:123,1
DA:124,1
DA:125,1
DA:126,1
DA:127,1
DA:128,1
DA:129,1
DA:130,1
DA:131,1
LF:101
LH:72
BRF:0
BRH:0
end_of_record
TN:
SF:src/constants/testIds.ts
FN:9,createCompoundTestId
FN:13,createContextualTestId
FN:477,asSecurityLevel
FN:485,valuePoint
FN:486,implementationStep
FN:487,techStack
FN:488,considerationItem
FN:489,considerationDescription
FN:491,impactType
FN:492,impactTypeKv
FN:493,riskBadge
FN:494,benefitItem
FN:495,keyBenefit
FN:496,framework
FN:497,frameworkStatus
FN:499,categorySpecific
FN:501,option
FN:502,widgetId
FN:506,getTestId
FN:517,getValuePointsForLevel
FN:523,toSecurityLevel
FNF:21
FNH:1
FNDA:0,createCompoundTestId
FNDA:0,createContextualTestId
FNDA:0,asSecurityLevel
FNDA:0,valuePoint
FNDA:0,implementationStep
FNDA:0,techStack
FNDA:0,considerationItem
FNDA:0,considerationDescription
FNDA:0,impactType
FNDA:0,impactTypeKv
FNDA:0,riskBadge
FNDA:0,benefitItem
FNDA:0,keyBenefit
FNDA:0,framework
FNDA:0,frameworkStatus
FNDA:0,categorySpecific
FNDA:69,option
FNDA:0,widgetId
FNDA:0,getTestId
FNDA:0,getValuePointsForLevel
FNDA:0,toSecurityLevel
DA:5,1
DA:9,1
DA:10,0
DA:13,1
DA:14,0
DA:15,0
DA:16,0
DA:17,0
DA:18,0
DA:21,1
DA:22,1
DA:23,1
DA:24,1
DA:25,1
DA:26,1
DA:27,1
DA:28,1
DA:29,1
DA:30,1
DA:33,1
DA:35,1
DA:36,1
DA:37,1
DA:40,1
DA:41,1
DA:42,1
DA:43,1
DA:44,1
DA:45,1
DA:48,1
DA:49,1
DA:50,1
DA:53,1
DA:54,1
DA:55,1
DA:56,1
DA:57,1
DA:58,1
DA:61,1
DA:62,1
DA:63,1
DA:66,1
DA:67,1
DA:68,1
DA:71,1
DA:72,1
DA:73,1
DA:74,1
DA:75,1
DA:76,1
DA:77,1
DA:78,1
DA:79,1
DA:80,1
DA:83,1
DA:84,1
DA:85,1
DA:88,1
DA:89,1
DA:90,1
DA:91,1
DA:92,1
DA:93,1
DA:96,1
DA:97,1
DA:98,1
DA:99,1
DA:100,1
DA:101,1
DA:104,1
DA:105,1
DA:108,1
DA:109,1
DA:110,1
DA:111,1
DA:114,1
DA:116,1
DA:117,1
DA:118,1
DA:119,1
DA:120,1
DA:121,1
DA:122,1
DA:125,1
DA:126,1
DA:127,1
DA:128,1
DA:130,1
DA:133,1
DA:134,1
DA:135,1
DA:136,1
DA:137,1
DA:138,1
DA:139,1
DA:140,1
DA:141,1
DA:142,1
DA:143,1
DA:146,1
DA:147,1
DA:148,1
DA:149,1
DA:150,1
DA:151,1
DA:152,1
DA:155,1
DA:156,1
DA:157,1
DA:158,1
DA:159,1
DA:160,1
DA:161,1
DA:164,1
DA:165,1
DA:166,1
DA:167,1
DA:168,1
DA:171,1
DA:172,1
DA:173,1
DA:174,1
DA:175,1
DA:176,1
DA:178,1
DA:179,1
DA:180,1
DA:181,1
DA:182,1
DA:183,1
DA:184,1
DA:185,1
DA:188,1
DA:189,1
DA:190,1
DA:191,1
DA:192,1
DA:193,1
DA:194,1
DA:197,1
DA:198,1
DA:199,1
DA:200,1
DA:201,1
DA:202,1
DA:203,1
DA:204,1
DA:205,1
DA:208,1
DA:209,1
DA:212,1
DA:213,1
DA:214,1
DA:215,1
DA:216,1
DA:217,1
DA:218,1
DA:219,1
DA:222,1
DA:223,1
DA:224,1
DA:225,1
DA:226,1
DA:227,1
DA:228,1
DA:229,1
DA:230,1
DA:233,1
DA:235,1
DA:236,1
DA:237,1
DA:238,1
DA:239,1
DA:242,1
DA:243,1
DA:244,1
DA:245,1
DA:246,1
DA:247,1
DA:248,1
DA:249,1
DA:250,1
DA:251,1
DA:252,1
DA:253,1
DA:254,1
DA:255,1
DA:256,1
DA:257,1
DA:258,1
DA:259,1
DA:260,1
DA:261,1
DA:264,1
DA:265,1
DA:266,1
DA:269,1
DA:270,1
DA:271,1
DA:272,1
DA:273,1
DA:274,1
DA:277,1
DA:278,1
DA:279,1
DA:280,1
DA:281,1
DA:282,1
DA:283,1
DA:286,1
DA:287,1
DA:288,1
DA:289,1
DA:290,1
DA:291,1
DA:294,1
DA:295,1
DA:296,1
DA:299,1
DA:300,1
DA:301,1
DA:302,1
DA:303,1
DA:304,1
DA:307,1
DA:308,1
DA:309,1
DA:310,1
DA:311,1
DA:312,1
DA:315,1
DA:316,1
DA:317,1
DA:318,1
DA:321,1
DA:322,1
DA:323,1
DA:324,1
DA:325,1
DA:326,1
DA:327,1
DA:328,1
DA:329,1
DA:330,1
DA:331,1
DA:334,1
DA:335,1
DA:336,1
DA:337,1
DA:338,1
DA:339,1
DA:340,1
DA:341,1
DA:343,1
DA:344,1
DA:345,1
DA:348,1
DA:350,1
DA:351,1
DA:352,1
DA:353,1
DA:356,1
DA:357,1
DA:358,1
DA:361,1
DA:364,1
DA:365,1
DA:368,1
DA:369,1
DA:370,1
DA:371,1
DA:372,1
DA:373,1
DA:376,1
DA:377,1
DA:380,1
DA:381,1
DA:382,1
DA:386,1
DA:387,1
DA:388,1
DA:389,1
DA:390,1
DA:391,1
DA:392,1
DA:393,1
DA:394,1
DA:395,1
DA:396,1
DA:397,1
DA:398,1
DA:399,1
DA:401,1
DA:402,1
DA:403,1
DA:404,1
DA:405,1
DA:407,1
DA:408,1
DA:409,1
DA:410,1
DA:411,1
DA:413,1
DA:414,1
DA:415,1
DA:416,1
DA:417,1
DA:418,1
DA:419,1
DA:420,1
DA:421,1
DA:422,1
DA:423,1
DA:424,1
DA:425,1
DA:426,1
DA:427,1
DA:428,1
DA:429,1
DA:430,1
DA:431,1
DA:432,1
DA:434,1
DA:435,1
DA:436,1
DA:437,1
DA:438,1
DA:439,1
DA:440,1
DA:442,1
DA:443,1
DA:444,1
DA:445,1
DA:446,1
DA:447,1
DA:449,1
DA:450,1
DA:451,1
DA:452,1
DA:453,1
DA:454,1
DA:456,1
DA:457,1
DA:458,1
DA:459,1
DA:461,1
DA:462,1
DA:463,1
DA:464,1
DA:465,1
DA:466,1
DA:477,1
DA:478,0
DA:479,0
DA:484,1
DA:485,1
DA:486,1
DA:487,1
DA:488,1
DA:489,1
DA:490,0
DA:491,1
DA:492,1
DA:493,1
DA:494,1
DA:495,1
DA:496,1
DA:497,1
DA:498,0
DA:499,1
DA:500,0
DA:501,1
DA:502,1
DA:503,1
DA:506,1
DA:507,0
DA:508,0
DA:513,1
DA:517,1
DA:518,0
DA:519,0
DA:523,1
DA:524,0
DA:525,0
DA:526,1
DA:529,1
DA:530,1
DA:531,1
DA:532,1
DA:533,1
DA:534,1
DA:535,1
DA:536,1
DA:537,1
DA:538,1
DA:539,1
DA:540,1
DA:541,1
DA:542,1
DA:543,1
DA:544,1
DA:545,1
DA:546,1
DA:547,1
DA:548,1
DA:549,1
DA:550,1
DA:551,1
DA:552,1
LF:409
LH:392
BRDA:501,0,0,69
BRF:1
BRH:1
end_of_record
TN:
SF:src/constants/uiConstants.ts
FNF:0
FNH:0
DA:6,1
DA:7,1
DA:8,1
DA:9,1
DA:10,1
DA:11,1
DA:12,1
DA:13,1
DA:14,1
DA:15,1
DA:16,1
DA:17,1
DA:18,1
DA:19,1
DA:22,1
DA:23,1
DA:24,1
DA:25,1
DA:26,1
DA:27,1
DA:28,1
DA:29,1
DA:30,1
DA:33,1
DA:34,1
DA:35,1
DA:36,1
DA:37,1
DA:40,1
DA:41,1
DA:42,1
DA:43,1
DA:44,1
DA:45,1
DA:46,1
LF:35
LH:35
BRF:0
BRH:0
end_of_record
TN:
SF:src/hooks/useCIAOptions.ts
FN:668,useCIAOptions
FNF:1
FNH:0
FNDA:0,useCIAOptions
DA:1,1
DA:4,1
DA:88,1
DA:89,1
DA:90,1
DA:91,1
DA:92,1
DA:93,1
DA:94,1
DA:95,1
DA:96,1
DA:97,1
DA:98,1
DA:99,1
DA:100,1
DA:101,1
DA:102,1
DA:103,1
DA:104,1
DA:105,1
DA:106,1
DA:107,1
DA:108,1
DA:109,1
DA:110,1
DA:111,1
DA:112,1
DA:113,1
DA:114,1
DA:115,1
DA:116,1
DA:117,1
DA:118,1
DA:119,1
DA:120,1
DA:121,1
DA:122,1
DA:123,1
DA:124,1
DA:125,1
DA:126,1
DA:127,1
DA:128,1
DA:129,1
DA:130,1
DA:131,1
DA:132,1
DA:133,1
DA:134,1
DA:135,1
DA:136,1
DA:137,1
DA:138,1
DA:139,1
DA:140,1
DA:141,1
DA:142,1
DA:143,1
DA:144,1
DA:145,1
DA:146,1
DA:147,1
DA:148,1
DA:149,1
DA:150,1
DA:151,1
DA:152,1
DA:153,1
DA:154,1
DA:155,1
DA:156,1
DA:157,1
DA:158,1
DA:159,1
DA:160,1
DA:161,1
DA:162,1
DA:163,1
DA:164,1
DA:165,1
DA:166,1
DA:167,1
DA:168,1
DA:169,1
DA:170,1
DA:171,1
DA:172,1
DA:173,1
DA:174,1
DA:175,1
DA:176,1
DA:177,1
DA:178,1
DA:179,1
DA:180,1
DA:181,1
DA:182,1
DA:183,1
DA:184,1
DA:185,1
DA:186,1
DA:187,1
DA:188,1
DA:189,1
DA:190,1
DA:191,1
DA:192,1
DA:193,1
DA:194,1
DA:195,1
DA:196,1
DA:197,1
DA:198,1
DA:199,1
DA:200,1
DA:201,1
DA:202,1
DA:203,1
DA:204,1
DA:205,1
DA:206,1
DA:207,1
DA:208,1
DA:209,1
DA:210,1
DA:211,1
DA:212,1
DA:213,1
DA:214,1
DA:215,1
DA:216,1
DA:217,1
DA:218,1
DA:219,1
DA:220,1
DA:221,1
DA:222,1
DA:223,1
DA:224,1
DA:225,1
DA:226,1
DA:227,1
DA:228,1
DA:229,1
DA:230,1
DA:231,1
DA:232,1
DA:233,1
DA:234,1
DA:235,1
DA:236,1
DA:237,1
DA:238,1
DA:239,1
DA:240,1
DA:241,1
DA:242,1
DA:243,1
DA:244,1
DA:245,1
DA:246,1
DA:247,1
DA:248,1
DA:249,1
DA:250,1
DA:251,1
DA:252,1
DA:253,1
DA:254,1
DA:255,1
DA:256,1
DA:257,1
DA:258,1
DA:259,1
DA:260,1
DA:261,1
DA:262,1
DA:263,1
DA:264,1
DA:265,1
DA:266,1
DA:267,1
DA:268,1
DA:269,1
DA:270,1
DA:271,1
DA:272,1
DA:273,1
DA:274,1
DA:275,1
DA:276,1
DA:277,1
DA:278,1
DA:279,1
DA:280,1
DA:281,1
DA:282,1
DA:283,1
DA:284,1
DA:285,1
DA:286,1
DA:287,1
DA:288,1
DA:289,1
DA:290,1
DA:294,1
DA:295,1
DA:296,1
DA:297,1
DA:298,1
DA:299,1
DA:300,1
DA:301,1
DA:302,1
DA:303,1
DA:304,1
DA:305,1
DA:306,1
DA:307,1
DA:308,1
DA:309,1
DA:310,1
DA:311,1
DA:312,1
DA:313,1
DA:314,1
DA:315,1
DA:316,1
DA:317,1
DA:318,1
DA:319,1
DA:320,1
DA:321,1
DA:322,1
DA:323,1
DA:324,1
DA:325,1
DA:326,1
DA:327,1
DA:328,1
DA:329,1
DA:330,1
DA:331,1
DA:332,1
DA:333,1
DA:334,1
DA:335,1
DA:336,1
DA:337,1
DA:338,1
DA:339,1
DA:340,1
DA:341,1
DA:342,1
DA:343,1
DA:344,1
DA:345,1
DA:346,1
DA:347,1
DA:348,1
DA:349,1
DA:350,1
DA:351,1
DA:352,1
DA:353,1
DA:354,1
DA:355,1
DA:356,1
DA:357,1
DA:358,1
DA:359,1
DA:360,1
DA:361,1
DA:362,1
DA:363,1
DA:364,1
DA:365,1
DA:366,1
DA:367,1
DA:368,1
DA:369,1
DA:370,1
DA:371,1
DA:372,1
DA:373,1
DA:374,1
DA:375,1
DA:376,1
DA:377,1
DA:378,1
DA:379,1
DA:380,1
DA:381,1
DA:382,1
DA:383,1
DA:384,1
DA:385,1
DA:386,1
DA:387,1
DA:388,1
DA:389,1
DA:390,1
DA:391,1
DA:392,1
DA:393,1
DA:394,1
DA:395,1
DA:396,1
DA:397,1
DA:398,1
DA:399,1
DA:400,1
DA:401,1
DA:402,1
DA:403,1
DA:404,1
DA:405,1
DA:406,1
DA:407,1
DA:408,1
DA:409,1
DA:410,1
DA:411,1
DA:412,1
DA:413,1
DA:414,1
DA:415,1
DA:416,1
DA:417,1
DA:418,1
DA:419,1
DA:420,1
DA:421,1
DA:422,1
DA:423,1
DA:424,1
DA:425,1
DA:426,1
DA:427,1
DA:428,1
DA:429,1
DA:430,1
DA:431,1
DA:432,1
DA:433,1
DA:434,1
DA:435,1
DA:436,1
DA:437,1
DA:438,1
DA:439,1
DA:440,1
DA:441,1
DA:442,1
DA:443,1
DA:444,1
DA:445,1
DA:446,1
DA:447,1
DA:448,1
DA:449,1
DA:450,1
DA:451,1
DA:452,1
DA:453,1
DA:454,1
DA:455,1
DA:456,1
DA:457,1
DA:458,1
DA:459,1
DA:460,1
DA:464,1
DA:465,1
DA:466,1
DA:467,1
DA:468,1
DA:469,1
DA:470,1
DA:471,1
DA:472,1
DA:473,1
DA:474,1
DA:475,1
DA:476,1
DA:477,1
DA:478,1
DA:479,1
DA:480,1
DA:481,1
DA:482,1
DA:483,1
DA:484,1
DA:485,1
DA:486,1
DA:487,1
DA:488,1
DA:489,1
DA:490,1
DA:491,1
DA:492,1
DA:493,1
DA:494,1
DA:495,1
DA:496,1
DA:497,1
DA:498,1
DA:499,1
DA:500,1
DA:501,1
DA:502,1
DA:503,1
DA:504,1
DA:505,1
DA:506,1
DA:507,1
DA:508,1
DA:509,1
DA:510,1
DA:511,1
DA:512,1
DA:513,1
DA:514,1
DA:515,1
DA:516,1
DA:517,1
DA:518,1
DA:519,1
DA:520,1
DA:521,1
DA:522,1
DA:523,1
DA:524,1
DA:525,1
DA:526,1
DA:527,1
DA:528,1
DA:529,1
DA:530,1
DA:531,1
DA:532,1
DA:533,1
DA:534,1
DA:535,1
DA:536,1
DA:537,1
DA:538,1
DA:539,1
DA:540,1
DA:541,1
DA:542,1
DA:543,1
DA:544,1
DA:545,1
DA:546,1
DA:547,1
DA:548,1
DA:549,1
DA:550,1
DA:551,1
DA:552,1
DA:553,1
DA:554,1
DA:555,1
DA:556,1
DA:557,1
DA:558,1
DA:559,1
DA:560,1
DA:561,1
DA:562,1
DA:563,1
DA:564,1
DA:565,1
DA:566,1
DA:567,1
DA:568,1
DA:569,1
DA:570,1
DA:571,1
DA:572,1
DA:573,1
DA:574,1
DA:575,1
DA:576,1
DA:577,1
DA:578,1
DA:579,1
DA:580,1
DA:581,1
DA:582,1
DA:583,1
DA:584,1
DA:585,1
DA:586,1
DA:587,1
DA:588,1
DA:589,1
DA:590,1
DA:591,1
DA:592,1
DA:593,1
DA:594,1
DA:595,1
DA:596,1
DA:597,1
DA:598,1
DA:599,1
DA:600,1
DA:601,1
DA:602,1
DA:603,1
DA:604,1
DA:605,1
DA:606,1
DA:607,1
DA:608,1
DA:609,1
DA:610,1
DA:611,1
DA:612,1
DA:613,1
DA:614,1
DA:615,1
DA:616,1
DA:620,1
DA:621,1
DA:622,1
DA:623,1
DA:624,1
DA:625,1
DA:626,1
DA:627,1
DA:628,1
DA:629,1
DA:630,1
DA:631,1
DA:632,1
DA:633,1
DA:634,1
DA:635,1
DA:636,1
DA:637,1
DA:638,1
DA:639,1
DA:640,1
DA:641,1
DA:642,1
DA:643,1
DA:644,1
DA:645,1
DA:646,1
DA:647,1
DA:648,1
DA:649,1
DA:650,1
DA:651,1
DA:652,1
DA:653,1
DA:654,1
DA:655,1
DA:656,1
DA:657,1
DA:660,1
DA:661,1
DA:662,1
DA:663,1
DA:668,1
DA:670,0
DA:671,0
DA:672,0
DA:673,0
DA:676,0
DA:677,0
DA:678,0
DA:679,0
DA:680,0
DA:681,0
DA:682,0
DA:683,0
DA:684,0
DA:685,0
LF:582
LH:568
BRF:0
BRH:0
end_of_record
TN:
SF:src/services/ciaContentService.ts
FN:74,getDefaultSecurityIcon
FN:88,getDefaultValuePoints
FN:116,createCIAContentService
FN:122,getCIAOptions
FN:141,getComponentDetails
FN:158,getTechnicalImplementation
FN:218,getDefaultDevelopmentEffort
FN:238,getDefaultMaintenanceEffort
[...]
DA:889,0
DA:890,0
DA:891,0
DA:892,0
DA:893,0
DA:894,0
DA:895,0
DA:897,0
DA:898,0
DA:899,0
DA:900,0
DA:902,10
DA:903,0
DA:904,0
DA:905,0
DA:906,0
DA:907,0
DA:908,0
DA:910,10
DA:911,0
DA:912,0
DA:913,0
DA:914,0
DA:915,0
DA:916,0
DA:921,10
DA:922,9
DA:923,9
DA:924,9
DA:925,9
DA:926,9
DA:928,9
DA:929,9
DA:930,9
DA:931,9
DA:932,9
DA:933,9
DA:934,9
DA:935,9
DA:936,9
DA:937,9
DA:938,9
DA:939,9
DA:940,9
DA:941,9
DA:942,9
DA:943,9
DA:944,9
DA:945,9
DA:946,9
DA:947,9
DA:948,9
DA:949,9
DA:950,9
DA:951,9
DA:952,9
DA:953,9
DA:954,9
DA:955,9
DA:956,9
DA:957,9
DA:958,9
DA:959,9
DA:960,9
DA:961,9
DA:962,9
DA:963,9
DA:964,9
DA:965,9
DA:966,9
DA:967,9
DA:968,9
DA:969,9
DA:970,9
DA:971,9
DA:972,9
DA:973,9
DA:974,9
DA:975,9
DA:976,9
DA:977,9
DA:978,9
DA:979,9
DA:980,9
DA:1002,10
DA:1004,3
DA:1005,3
DA:1006,3
DA:1007,3
DA:1008,3
DA:1009,3
DA:1010,3
DA:1011,3
DA:1012,3
DA:1014,3
DA:1015,3
DA:1020,10
DA:1021,6
DA:1022,6
DA:1023,6
DA:1024,6
DA:1025,0
DA:1026,6
DA:1027,0
DA:1028,6
DA:1029,0
DA:1030,6
DA:1031,0
DA:1032,6
DA:1033,0
DA:1034,6
DA:1035,6
DA:1040,10
DA:1041,3
DA:1042,3
DA:1043,3
DA:1044,3
DA:1045,0
DA:1046,3
DA:1047,0
DA:1048,3
DA:1049,0
DA:1050,3
DA:1051,0
DA:1052,3
DA:1053,0
DA:1054,3
DA:1055,3
DA:1060,10
DA:1061,0
DA:1062,0
DA:1063,0
DA:1064,0
DA:1065,0
DA:1066,0
DA:1067,0
DA:1068,0
DA:1069,0
DA:1070,0
DA:1071,0
DA:1072,0
DA:1073,0
DA:1074,0
DA:1076,0
DA:1077,0
DA:1078,0
DA:1083,10
DA:1084,0
DA:1085,0
DA:1086,0
DA:1089,0
DA:1090,0
DA:1091,0
DA:1092,0
DA:1093,0
DA:1094,0
DA:1095,0
DA:1097,0
DA:1098,0
DA:1103,10
DA:1104,0
DA:1105,0
DA:1106,0
DA:1107,0
DA:1108,0
DA:1109,0
DA:1110,0
DA:1111,0
DA:1113,0
DA:1115,0
DA:1116,0
DA:1121,10
DA:1123,3
DA:1126,3
DA:1127,0
DA:1128,0
DA:1131,3
DA:1132,3
DA:1137,10
DA:1140,6
DA:1141,6
DA:1142,6
DA:1143,0
DA:1144,0
DA:1145,0
DA:1146,0
DA:1147,6
DA:1148,0
DA:1149,0
DA:1150,0
DA:1151,0
DA:1152,6
DA:1153,0
DA:1154,0
DA:1155,0
DA:1156,0
DA:1157,6
DA:1158,0
DA:1159,0
DA:1160,0
DA:1161,0
DA:1162,6
DA:1163,6
DA:1164,6
DA:1165,6
DA:1166,6
DA:1167,6
DA:1168,6
DA:1173,10
DA:1174,0
DA:1175,0
DA:1176,0
DA:1177,0
DA:1178,0
DA:1179,0
DA:1180,0
DA:1181,0
DA:1182,0
DA:1183,0
DA:1184,0
DA:1185,0
DA:1186,0
DA:1191,10
DA:1192,0
DA:1193,0
DA:1194,0
DA:1195,0
DA:1198,0
DA:1199,0
DA:1200,0
DA:1201,0
DA:1202,0
DA:1203,0
DA:1204,0
DA:1205,0
DA:1209,0
DA:1210,0
DA:1211,0
DA:1212,0
DA:1213,0
DA:1214,0
DA:1215,0
DA:1216,0
DA:1217,0
DA:1222,0
DA:1223,0
DA:1228,10
DA:1229,9
DA:1230,9
DA:1231,9
DA:1232,9
DA:1233,9
DA:1234,9
DA:1235,6
DA:1237,9
DA:1242,10
DA:1243,9
DA:1244,9
DA:1245,9
DA:1246,9
DA:1247,9
DA:1248,9
DA:1250,9
DA:1255,10
DA:1257,3
DA:1259,3
DA:1260,0
DA:1261,0
DA:1264,3
DA:1265,3
DA:1270,10
DA:1271,0
DA:1272,0
DA:1273,0
DA:1274,0
DA:1275,0
DA:1276,0
DA:1277,0
DA:1278,0
DA:1279,0
DA:1281,0
DA:1282,0
DA:1287,10
DA:1288,0
DA:1289,0
DA:1290,0
DA:1291,0
DA:1292,0
DA:1293,0
DA:1294,0
DA:1295,0
DA:1296,0
DA:1297,0
DA:1298,0
DA:1300,0
DA:1301,0
DA:1303,0
DA:1308,10
DA:1309,3
DA:1310,3
DA:1311,3
DA:1312,3
DA:1313,3
DA:1314,3
DA:1315,3
DA:1316,3
DA:1317,3
DA:1318,3
DA:1319,3
DA:1321,3
DA:1322,3
DA:1323,3
DA:1325,3
DA:1327,3
DA:1328,0
DA:1329,0
DA:1330,0
DA:1331,0
DA:1332,3
DA:1335,10
DA:1336,10
DA:1337,10
DA:1338,10
DA:1339,10
DA:1340,10
DA:1341,10
DA:1342,10
DA:1343,10
DA:1344,10
DA:1345,10
DA:1346,10
DA:1347,10
DA:1348,10
DA:1349,10
DA:1350,10
DA:1351,10
DA:1352,10
DA:1353,10
DA:1354,10
DA:1355,10
DA:1356,10
DA:1357,10
DA:1358,10
DA:1359,10
DA:1360,10
DA:1361,10
DA:1362,10
DA:1363,10
DA:1364,10
DA:1365,10
DA:1366,10
DA:1369,1
DA:1372,1
DA:1373,1
DA:1374,1
DA:1375,1
DA:1376,1
DA:1377,1
DA:1378,1
DA:1379,1
DA:1382,1
DA:1383,1
DA:1384,1
DA:1385,1
DA:1386,1
DA:1387,1
DA:1388,1
DA:1389,1
DA:1390,1
DA:1391,1
DA:1392,1
DA:1393,1
DA:1394,1
DA:1395,1
DA:1396,1
DA:1397,1
DA:1398,1
DA:1399,1
DA:1400,1
DA:1401,1
DA:1402,1
DA:1403,1
LF:1036
LH:665
BRDA:74,0,0,3
BRDA:76,1,0,0
BRDA:78,2,0,0
BRDA:80,3,0,0
BRDA:82,4,0,0
BRDA:88,5,0,3
BRDA:91,6,0,0
BRDA:99,7,0,0
BRDA:116,8,0,10
BRDA:122,9,0,472
BRDA:127,10,0,174
BRDA:129,11,0,149
BRDA:131,12,0,149
BRDA:133,13,0,0
BRDA:141,14,0,472
BRDA:147,15,0,0
BRDA:158,16,0,28
BRDA:168,17,0,8
BRDA:172,18,0,11
BRDA:175,19,0,9
BRDA:191,20,0,0
BRDA:198,21,0,0
BRDA:201,22,0,0
BRDA:201,23,0,0
BRDA:204,24,0,0
BRDA:204,25,0,0
BRDA:207,26,0,0
BRDA:207,27,0,0
BRDA:210,28,0,0
BRDA:211,29,0,0
BRDA:218,30,0,28
BRDA:220,31,0,22
BRDA:222,32,0,0
BRDA:224,33,0,6
BRDA:226,34,0,0
BRDA:228,35,0,0
BRDA:230,36,0,0
BRDA:238,37,0,28
BRDA:240,38,0,22
BRDA:242,39,0,0
BRDA:244,40,0,6
BRDA:246,41,0,0
BRDA:248,42,0,0
BRDA:250,43,0,0
BRDA:258,44,0,28
BRDA:260,45,0,22
BRDA:262,46,0,0
BRDA:264,47,0,6
BRDA:266,48,0,0
BRDA:268,49,0,0
BRDA:270,50,0,0
BRDA:278,51,0,20
BRDA:285,52,0,0
BRDA:300,53,0,19
BRDA:305,54,0,12
BRDA:309,55,0,1
BRDA:309,56,0,19
BRDA:312,57,0,1
BRDA:312,58,0,19
BRDA:313,59,0,1
BRDA:317,60,0,1
BRDA:317,61,0,19
BRDA:320,62,0,1
BRDA:320,63,0,19
BRDA:321,64,0,1
BRDA:323,65,0,0
BRDA:328,66,0,0
BRDA:333,67,0,0
BRDA:344,68,0,1
BRDA:349,69,0,0
BRDA:354,70,0,0
BRDA:375,71,0,14
BRDA:382,72,0,13
BRDA:382,73,0,5
BRDA:382,74,0,13
BRDA:382,75,0,5
BRDA:384,76,0,9
BRDA:393,77,0,5
BRDA:406,78,0,4
BRDA:407,79,0,1
BRDA:411,80,0,0
BRDA:417,81,0,4
BRDA:432,82,0,12
BRDA:434,83,0,0
BRDA:452,84,0,4
BRDA:466,85,0,3
BRDA:467,86,0,3
BRDA:471,87,0,3
BRDA:472,88,0,3
BRDA:491,89,0,3
BRDA:522,90,0,0
BRDA:522,91,0,0
BRDA:522,92,0,0
BRDA:524,93,0,0
BRDA:524,94,0,0
BRDA:524,95,0,0
BRDA:531,96,0,0
BRDA:533,97,0,0
BRDA:533,98,0,0
BRDA:533,99,0,0
BRDA:540,100,0,0
BRDA:540,101,0,0
BRDA:542,102,0,0
BRDA:549,103,0,0
BRDA:549,104,0,0
BRDA:549,105,0,0
BRDA:551,106,0,0
BRDA:551,107,0,0
BRDA:551,108,0,0
BRDA:558,109,0,0
BRDA:558,110,0,0
BRDA:558,111,0,0
BRDA:560,112,0,0
BRDA:560,113,0,0
BRDA:560,114,0,0
BRDA:585,115,0,3
BRDA:588,116,0,0
BRDA:593,117,0,0
BRDA:598,118,0,0
BRDA:604,119,0,0
BRDA:609,120,0,0
BRDA:621,121,0,3
BRDA:628,122,0,0
BRDA:632,123,0,0
BRDA:658,124,0,9
BRDA:667,125,0,0
BRDA:669,126,0,0
BRDA:676,127,0,0
BRDA:678,128,0,0
BRDA:680,129,0,0
BRDA:694,130,0,9
BRDA:698,131,0,3
BRDA:702,132,0,0
BRDA:704,133,0,0
BRDA:706,134,0,0
BRDA:708,135,0,0
BRDA:710,136,0,0
BRDA:713,137,0,6
BRDA:713,138,0,3
BRDA:717,139,0,0
BRDA:719,140,0,0
BRDA:721,141,0,0
BRDA:723,142,0,0
BRDA:725,143,0,0
BRDA:732,144,0,0
BRDA:734,145,0,0
BRDA:736,146,0,0
BRDA:738,147,0,0
BRDA:740,148,0,0
BRDA:743,149,0,0
BRDA:750,150,0,9
BRDA:754,151,0,3
BRDA:758,152,0,0
BRDA:760,153,0,0
BRDA:762,154,0,0
BRDA:764,155,0,0
BRDA:766,156,0,0
BRDA:769,157,0,6
BRDA:769,158,0,3
BRDA:773,159,0,0
BRDA:775,160,0,0
BRDA:777,161,0,0
BRDA:779,162,0,0
BRDA:781,163,0,0
BRDA:788,164,0,0
BRDA:790,165,0,0
BRDA:792,166,0,0
BRDA:794,167,0,0
BRDA:796,168,0,0
BRDA:799,169,0,0
BRDA:921,170,0,9
BRDA:1002,171,0,3
BRDA:1014,172,0,0
BRDA:1020,173,0,6
BRDA:1024,174,0,0
BRDA:1026,175,0,0
BRDA:1028,176,0,0
BRDA:1030,177,0,0
BRDA:1032,178,0,0
BRDA:1040,179,0,3
BRDA:1044,180,0,0
BRDA:1046,181,0,0
BRDA:1048,182,0,0
BRDA:1050,183,0,0
BRDA:1052,184,0,0
BRDA:1121,185,0,3
BRDA:1126,186,0,0
BRDA:1126,187,0,0
BRDA:1137,188,0,6
BRDA:1142,189,0,0
BRDA:1147,190,0,0
BRDA:1152,191,0,0
BRDA:1157,192,0,0
BRDA:1228,193,0,9
BRDA:1234,194,0,6
BRDA:1242,195,0,9
BRDA:1248,196,0,6
BRDA:1255,197,0,3
BRDA:1259,198,0,0
BRDA:1308,199,0,3
BRDA:1327,200,0,0
BRF:201
BRH:75
end_of_record
TN:
SF:src/styles/gridStyles.ts
FNF:0
FNH:0
DA:6,1
DA:16,1
DA:36,1
DA:47,1
DA:54,1
DA:55,1
DA:56,1
DA:57,1
DA:58,1
DA:61,1
DA:62,1
DA:63,1
DA:64,1
DA:65,1
DA:68,1
DA:69,1
DA:70,1
DA:71,1
DA:72,1
DA:73,1
LF:20
LH:20
BRF:0
BRH:0
end_of_record
TN:
SF:src/types/businessImpact.ts
FNF:0
FNH:0
DA:38,1
DA:39,1
DA:40,1
DA:41,1
DA:42,1
DA:43,1
DA:44,1
DA:45,1
DA:46,1
DA:47,1
DA:48,1
DA:49,1
DA:50,1
DA:51,1
DA:52,1
DA:53,1
DA:54,1
DA:55,1
DA:56,1
DA:57,1
DA:58,1
DA:59,1
DA:60,1
DA:63,1
DA:64,1
DA:65,1
DA:66,1
DA:67,1
DA:68,1
DA:69,1
DA:70,1
DA:71,1
DA:72,1
DA:73,1
DA:74,1
DA:75,1
DA:76,1
DA:77,1
DA:78,1
DA:79,1
DA:80,1
DA:81,1
DA:82,1
DA:83,1
DA:84,1
LF:45
LH:45
BRF:0
BRH:0
end_of_record
TN:
SF:src/types/cia-services.ts
FN:1,(empty-report)
FNF:1
FNH:1
FNDA:1,(empty-report)
LF:0
LH:0
BRDA:1,0,0,1
BRF:1
BRH:1
end_of_record
TN:
SF:src/types/cia.tsx
FN:246,formatSecurityLevel
FN:254,getSecurityLevelValue
FN:268,getSecurityLevelFromValue
FN:276,calculateOverallSecurityLevel
FN:295,calculateRiskLevel
FNF:5
FNH:5
FNDA:1,formatSecurityLevel
FNDA:1,getSecurityLevelValue
FNDA:1,getSecurityLevelFromValue
FNDA:1,calculateOverallSecurityLevel
FNDA:1,calculateRiskLevel
LF:0
LH:0
BRDA:246,0,0,1
BRDA:247,1,0,1
BRDA:247,2,0,1
BRDA:254,3,0,1
BRDA:262,4,0,1
BRDA:268,5,0,1
BRDA:270,6,0,1
BRDA:276,7,0,1
BRDA:295,8,0,1
BRDA:307,9,0,1
BRDA:309,10,0,1
BRDA:311,11,0,1
BRDA:313,12,0,1
BRDA:315,13,0,1
BRDA:317,14,0,1
BRF:15
BRH:15
end_of_record
TN:
SF:src/types/componentProps.tsx
FN:1,(empty-report)
FNF:1
FNH:1
FNDA:1,(empty-report)
LF:0
LH:0
BRDA:1,0,0,1
BRF:1
BRH:1
end_of_record
TN:
SF:src/types/index.ts
FN:1,(empty-report)
FNF:1
FNH:1
FNDA:1,(empty-report)
DA:9,0
DA:12,0
DA:15,0
LF:3
LH:0
BRDA:1,0,0,1
BRF:1
BRH:1
end_of_record
TN:
SF:src/types/testTypes.tsx
FN:1,(empty-report)
FNF:1
FNH:1
FNDA:1,(empty-report)
LF:0
LH:0
BRDA:1,0,0,1
BRF:1
BRH:1
end_of_record
TN:
SF:src/types/widgets.tsx
FN:225,toIntegrityDetail
FN:245,toConfidentialityDetail
FN:266,toAvailabilityDetail
FNF:3
FNH:3
FNDA:12,toIntegrityDetail
FNDA:12,toConfidentialityDetail
FNDA:15,toAvailabilityDetail
DA:221,1
DA:225,1
DA:226,12
DA:227,12
DA:228,12
DA:229,12
DA:230,12
DA:232,12
DA:233,0
DA:234,12
DA:235,12
DA:236,12
DA:237,0
DA:238,12
DA:239,12
DA:240,12
DA:245,1
DA:246,12
DA:247,12
DA:248,12
DA:249,12
DA:251,12
DA:252,0
DA:253,12
DA:254,12
DA:255,12
DA:256,0
DA:257,12
DA:258,12
DA:259,12
DA:260,12
DA:261,12
DA:266,1
DA:267,15
DA:268,15
DA:269,15
DA:270,15
DA:271,15
DA:273,15
DA:274,15
DA:275,15
DA:276,15
DA:277,15
DA:278,1
LF:44
LH:40
BRDA:225,0,0,12
BRDA:227,1,0,10
BRDA:228,2,0,10
BRDA:230,3,0,10
BRDA:232,4,0,0
BRDA:236,5,0,0
BRDA:245,6,0,12
BRDA:247,7,0,10
BRDA:247,8,0,10
BRDA:248,9,0,10
BRDA:249,10,0,10
BRDA:251,11,0,0
BRDA:255,12,0,0
BRDA:259,13,0,0
BRDA:266,14,0,15
BRDA:268,15,0,10
BRDA:269,16,0,10
BRDA:271,17,0,10
BRDA:273,18,0,0
BRDA:274,19,0,0
BRDA:275,20,0,0
BRF:21
BRH:13
end_of_record
TN:
SF:src/utils/securityDefaults.ts
FN:6,getDefaultDevelopmentEffort
FN:20,getDefaultMaintenanceEffort
FN:34,getDefaultExpertiseLevel
FN:48,getInformationSensitivity
FN:62,getProtectionLevel
FNF:5
FNH:5
FNDA:6,getDefaultDevelopmentEffort
FNDA:6,getDefaultMaintenanceEffort
FNDA:6,getDefaultExpertiseLevel
FNDA:6,getInformationSensitivity
FNDA:6,getProtectionLevel
DA:6,1
DA:7,6
DA:8,6
DA:9,6
DA:10,6
DA:11,6
DA:12,6
DA:13,6
DA:14,6
DA:15,6
DA:20,1
DA:21,6
DA:22,6
DA:23,6
DA:24,6
DA:25,6
DA:26,6
DA:27,6
DA:28,6
DA:29,6
DA:34,1
DA:35,6
DA:36,6
DA:37,6
DA:38,6
DA:39,6
DA:40,6
DA:41,6
DA:42,6
DA:43,6
DA:48,1
DA:49,6
DA:50,6
DA:51,6
DA:52,6
DA:53,6
DA:54,6
DA:55,6
DA:56,6
DA:57,6
DA:62,1
DA:63,6
DA:64,6
DA:65,6
DA:66,6
DA:67,6
DA:68,6
DA:69,6
DA:70,6
DA:71,6
LF:50
LH:50
BRDA:6,0,0,6
BRDA:8,1,0,1
BRDA:9,2,0,1
BRDA:10,3,0,1
BRDA:11,4,0,1
BRDA:12,5,0,1
BRDA:13,6,0,1
BRDA:20,7,0,6
BRDA:22,8,0,1
BRDA:23,9,0,1
BRDA:24,10,0,1
BRDA:25,11,0,1
BRDA:26,12,0,1
BRDA:27,13,0,1
BRDA:34,14,0,6
BRDA:36,15,0,1
BRDA:37,16,0,1
BRDA:38,17,0,1
BRDA:39,18,0,1
BRDA:40,19,0,1
BRDA:41,20,0,1
BRDA:48,21,0,6
BRDA:50,22,0,1
BRDA:51,23,0,1
BRDA:52,24,0,1
BRDA:53,25,0,1
BRDA:54,26,0,1
BRDA:55,27,0,1
BRDA:62,28,0,6
BRDA:64,29,0,1
BRDA:65,30,0,1
BRDA:66,31,0,1
BRDA:67,32,0,1
BRDA:68,33,0,1
BRDA:69,34,0,1
BRF:35
BRH:35
end_of_record
TN:
SF:src/utils/securityLevelUtils.ts
FN:9,normalizeSecurityLevel
FN:34,getSecurityLevelValue
FN:57,getSecurityLevelPercentage
FN:68,getSecurityLevelClass
FN:91,getSecurityLevelBadgeVariant
FNF:5
FNH:4
FNDA:944,normalizeSecurityLevel
FNDA:24,getSecurityLevelValue
FNDA:0,getSecurityLevelPercentage
FNDA:446,getSecurityLevelClass
FNDA:23,getSecurityLevelBadgeVariant
DA:2,1
DA:9,1
DA:10,944
DA:13,944
DA:14,942
DA:15,942
DA:18,2
DA:19,22
DA:20,10
DA:21,0
DA:22,0
DA:23,10
DA:26,2
DA:27,2
DA:34,1
DA:35,24
DA:37,24
DA:38,24
DA:39,0
DA:40,24
DA:41,3
DA:42,24
DA:43,6
DA:44,24
DA:45,6
DA:46,24
DA:47,24
DA:48,9
DA:49,24
DA:50,24
DA:57,1
DA:58,0
DA:59,0
DA:60,0
DA:61,0
DA:68,1
DA:69,446
DA:71,446
DA:72,446
DA:73,60
DA:74,446
DA:75,85
DA:76,446
DA:77,81
DA:78,446
DA:79,98
DA:80,446
DA:81,446
DA:82,122
DA:83,446
DA:84,446
DA:91,1
DA:92,23
DA:93,23
DA:94,23
DA:96,23
DA:97,23
DA:98,0
DA:99,23
DA:100,7
DA:101,23
DA:102,5
DA:103,23
DA:104,2
DA:105,23
DA:106,9
DA:107,23
DA:108,0
DA:109,23
DA:110,23
LF:70
LH:61
BRDA:9,0,0,944
BRDA:10,1,0,0
BRDA:13,2,0,942
BRDA:15,3,0,22
BRDA:15,4,0,2
BRDA:19,5,0,10
BRDA:20,6,0,0
BRDA:23,7,0,2
BRDA:34,8,0,24
BRDA:38,9,0,0
BRDA:40,10,0,3
BRDA:42,11,0,6
BRDA:44,12,0,6
BRDA:46,13,0,9
BRDA:47,14,0,9
BRDA:68,15,0,446
BRDA:72,16,0,60
BRDA:74,17,0,85
BRDA:76,18,0,81
BRDA:78,19,0,98
BRDA:80,20,0,122
BRDA:81,21,0,122
BRDA:91,22,0,23
BRDA:97,23,0,0
BRDA:99,24,0,7
BRDA:101,25,0,5
BRDA:103,26,0,2
BRDA:105,27,0,9
BRDA:107,28,0,0
BRF:29
BRH:24
end_of_record
TN:
SF:src/utils/test-utils.tsx
FN:14,TestProvider
FN:19,AllTheProviders
FN:25,customRender
FN:31,renderWithContext
FN:37,wrapper
FNF:5
FNH:3
FNDA:4,TestProvider
FNDA:0,AllTheProviders
FNDA:0,customRender
FNDA:4,renderWithContext
FNDA:4,wrapper
DA:2,1
DA:11,1
DA:14,1
DA:15,4
DA:16,4
DA:19,1
DA:20,0
DA:21,0
DA:22,0
DA:23,0
DA:25,1
DA:26,0
DA:27,0
DA:28,0
DA:31,1
DA:32,4
DA:33,4
DA:34,4
DA:35,4
DA:36,4
DA:37,4
DA:38,4
DA:39,4
DA:40,4
DA:43,1
LF:25
LH:18
BRDA:14,0,0,4
BRDA:31,1,0,4
BRDA:37,2,0,4
BRF:3
BRH:3
end_of_record
TN:
SF:src/utils/typeGuards.ts
FN:11,isAvailabilityDetail
FN:26,isIntegrityDetail
FN:40,isConfidentialityDetail
FN:56,isValidCIADetail
FN:65,isCIADetails
FN:80,isObject
FN:93,safeAccess
FN:124,ensureArray
FN:131,safeNumberConversion
FN:149,getSecurityLevelOption
FNF:10
FNH:4
FNDA:0,isAvailabilityDetail
FNDA:0,isIntegrityDetail
FNDA:0,isConfidentialityDetail
FNDA:3,isValidCIADetail
FNDA:0,isCIADetails
FNDA:9,isObject
FNDA:16,safeAccess
FNDA:8,ensureArray
FNDA:0,safeNumberConversion
FNDA:0,getSecurityLevelOption
DA:11,1
DA:12,0
DA:14,0
DA:15,0
DA:16,0
DA:17,0
DA:18,0
DA:19,0
DA:21,0
DA:26,1
DA:27,0
DA:29,0
DA:30,0
DA:31,0
DA:32,0
DA:33,0
DA:35,0
DA:40,1
DA:41,0
DA:42,0
DA:43,0
DA:45,0
DA:46,0
DA:47,0
DA:48,0
DA:49,0
DA:51,0
DA:56,1
DA:57,3
DA:58,3
DA:59,3
DA:60,3
DA:65,1
DA:66,0
DA:68,0
DA:69,0
DA:70,0
DA:71,0
DA:72,0
DA:73,0
DA:75,0
DA:80,1
DA:81,9
DA:82,9
DA:83,9
DA:84,9
DA:93,1
DA:94,16
DA:95,16
DA:96,16
DA:97,16
DA:98,16
DA:99,2
DA:100,2
DA:102,14
DA:103,2
DA:104,12
DA:106,16
DA:108,16
DA:109,42
DA:110,1
DA:111,1
DA:113,41
DA:114,41
DA:116,16
DA:117,12
DA:118,1
DA:119,16
DA:124,1
DA:125,8
DA:126,8
DA:131,1
DA:132,0
DA:133,0
DA:134,0
DA:135,0
DA:136,0
DA:137,0
DA:138,0
DA:139,0
DA:140,0
DA:141,0
DA:149,1
DA:150,0
DA:151,0
DA:152,0
DA:154,0
DA:157,0
DA:158,0
DA:159,0
DA:160,0
DA:161,0
DA:162,0
DA:163,0
DA:164,0
DA:165,0
DA:166,0
DA:167,0
LF:98
LH:41
BRDA:56,0,0,3
BRDA:59,1,0,2
BRDA:80,2,0,9
BRDA:83,3,0,5
BRDA:93,4,0,16
BRDA:98,5,0,2
BRDA:100,6,0,14
BRDA:102,7,0,2
BRDA:103,8,0,12
BRDA:108,9,0,42
BRDA:109,10,0,1
BRDA:111,11,0,41
BRDA:114,12,0,13
BRDA:116,13,0,12
BRDA:116,14,0,12
BRDA:117,15,0,1
BRDA:124,16,0,8
BRDA:125,17,0,3
BRDA:125,18,0,5
BRDA:125,19,0,3
BRDA:125,20,0,2
BRF:21
BRH:21
end_of_record
TN:
SF:src/utils/typeGuards.tsx
FN:1,(empty-report)
FNF:1
FNH:1
FNDA:1,(empty-report)
DA:6,0
DA:7,0
DA:8,0
DA:9,0
DA:10,0
DA:15,0
DA:16,0
DA:17,0
DA:18,0
DA:19,0
DA:28,0
DA:29,0
DA:30,0
DA:31,0
DA:32,0
DA:33,0
DA:34,0
DA:35,0
DA:37,0
DA:38,0
DA:39,0
DA:41,0
DA:43,0
DA:44,0
DA:45,0
DA:46,0
DA:48,0
DA:49,0
DA:51,0
DA:52,0
DA:53,0
DA:54,0
DA:59,0
DA:60,0
DA:61,0
DA:66,0
DA:67,0
DA:68,0
DA:69,0
DA:70,0
DA:71,0
DA:72,0
DA:73,0
DA:74,0
DA:75,0
DA:76,0
LF:46
LH:0
BRDA:1,0,0,1
BRF:1
BRH:1
end_of_record
TN:
SF:src/utils/widgetHelpers.tsx
FN:31,mapSecurityLevelToSeverity
FN:55,getSecurityLevelColors
FN:70,getRiskBadgeClass
FN:96,asSecurityLevel
FN:107,formatSecurityLevel
FN:130,handleWidgetError
FN:163,widgetLoadingIndicator
FN:193,widgetEmptyState
FNF:8
FNH:0
FNDA:0,mapSecurityLevelToSeverity
FNDA:0,getSecurityLevelColors
FNDA:0,getRiskBadgeClass
FNDA:0,asSecurityLevel
FNDA:0,formatSecurityLevel
FNDA:0,handleWidgetError
FNDA:0,widgetLoadingIndicator
FNDA:0,widgetEmptyState
DA:1,1
DA:3,1
DA:9,1
DA:31,1
DA:32,0
DA:34,0
DA:35,0
DA:36,0
DA:37,0
DA:38,0
DA:39,0
DA:40,0
DA:41,0
DA:42,0
DA:43,0
DA:44,0
DA:45,0
DA:47,0
DA:48,0
DA:55,1
DA:58,0
DA:59,0
DA:62,0
DA:63,0
DA:70,1
DA:71,0
DA:73,0
DA:74,0
DA:75,0
DA:76,0
DA:77,0
DA:78,0
DA:79,0
DA:80,0
DA:81,0
DA:82,0
DA:83,0
DA:84,0
DA:85,0
DA:86,0
DA:88,0
DA:89,0
DA:96,1
DA:98,0
DA:99,0
DA:107,1
DA:108,0
DA:109,0
DA:110,0
DA:111,0
DA:112,0
DA:114,0
DA:115,0
DA:116,0
DA:117,0
DA:118,0
DA:119,0
DA:120,0
DA:121,0
DA:122,0
DA:130,1
DA:131,0
DA:132,0
DA:133,0
DA:134,0
DA:136,0
DA:137,0
DA:138,0
DA:139,0
DA:140,0
DA:141,0
DA:142,0
DA:143,0
DA:144,0
DA:145,0
DA:146,0
DA:147,0
DA:148,0
DA:149,0
DA:150,0
DA:151,0
DA:152,0
DA:153,0
DA:154,0
DA:155,0
DA:156,0
DA:163,1
DA:164,0
DA:165,0
DA:166,0
DA:167,0
DA:168,0
DA:169,0
DA:170,0
DA:171,0
DA:172,0
DA:173,0
DA:174,0
DA:175,0
DA:176,0
DA:177,0
DA:178,0
DA:179,0
DA:180,0
DA:181,0
DA:182,0
DA:183,0
DA:184,0
DA:185,0
DA:193,1
DA:194,0
DA:195,0
DA:196,0
DA:197,0
DA:198,0
DA:199,0
DA:200,0
DA:201,0
DA:202,0
DA:203,0
DA:204,0
DA:205,0
DA:206,0
DA:207,0
DA:208,0
DA:209,0
DA:210,0
DA:211,0
DA:212,0
DA:213,0
DA:214,0
DA:215,0
DA:216,0
DA:217,0
DA:218,0
DA:219,0
DA:220,0
DA:221,0
DA:222,0
DA:223,0
DA:224,0
DA:225,0
DA:226,0
DA:227,0
DA:228,0
LF:145
LH:11
BRF:0
BRH:0
end_of_record
TN:
SF:src/utils/widgetRegistry.tsx
FN:73,<instance_members_initializer>
FN:77,register
FN:89,get
FN:94,getAll
FN:101,renderWidget
FN:133,renderWidgets
FNF:6
FNH:6
FNDA:2,<instance_members_initializer>
FNDA:47,register
FNDA:2,get
FNDA:2,getAll
FNDA:5,renderWidget
FNDA:3,renderWidgets
DA:2,1
DA:3,1
DA:4,1
DA:5,1
DA:6,1
DA:7,1
DA:9,1
DA:12,1
DA:13,1
DA:14,1
DA:15,1
DA:16,1
DA:17,1
DA:18,1
DA:19,1
DA:73,2
DA:74,2
DA:77,2
DA:79,47
DA:80,47
DA:81,47
DA:82,47
DA:83,47
DA:85,47
DA:86,47
DA:89,2
DA:90,2
DA:91,2
DA:94,2
DA:95,2
DA:96,2
DA:97,2
DA:98,2
DA:101,2
DA:102,5
DA:103,5
DA:105,3
DA:107,3
DA:108,3
DA:109,3
DA:110,3
DA:112,3
DA:113,3
DA:114,3
DA:115,3
DA:116,3
DA:117,3
DA:118,3
DA:120,3
DA:121,3
DA:123,5
DA:125,0
DA:126,0
DA:128,0
DA:129,0
DA:130,5
DA:133,2
DA:134,3
DA:135,3
DA:136,3
DA:137,3
DA:138,3
DA:139,3
DA:141,3
DA:142,5
DA:143,5
DA:145,5
DA:146,5
DA:147,5
DA:148,5
DA:149,5
DA:150,5
DA:151,5
DA:153,5
DA:154,5
DA:156,3
DA:157,3
DA:158,2
DA:161,1
DA:164,1
DA:165,1
DA:166,1
DA:167,1
DA:168,1
DA:169,1
DA:170,1
DA:171,1
DA:173,1
DA:174,1
DA:175,1
DA:177,1
DA:178,1
DA:179,1
DA:180,1
DA:181,1
DA:182,1
DA:183,1
DA:184,1
DA:185,1
DA:187,1
DA:188,1
DA:189,1
DA:190,1
DA:191,1
DA:192,1
DA:193,1
DA:194,1
DA:195,1
DA:196,1
DA:197,1
DA:198,1
DA:199,1
DA:202,1
DA:203,1
DA:204,1
DA:205,1
DA:206,1
DA:207,1
DA:208,1
DA:209,1
DA:210,1
DA:211,1
DA:212,1
DA:213,1
DA:214,1
DA:215,1
DA:218,1
DA:219,1
DA:220,1
DA:221,1
DA:222,1
DA:223,1
DA:224,1
DA:225,1
DA:226,1
DA:227,1
DA:228,1
DA:229,1
DA:230,1
DA:231,1
DA:233,1
DA:234,1
DA:235,1
DA:237,1
DA:238,1
DA:239,1
DA:240,1
DA:241,1
DA:242,1
DA:243,1
DA:244,1
DA:245,1
DA:246,1
DA:247,1
DA:248,1
DA:249,1
DA:251,1
DA:252,1
DA:253,1
DA:255,1
DA:256,1
DA:257,1
DA:258,1
DA:259,1
DA:260,1
DA:261,1
DA:262,1
DA:263,1
DA:264,1
DA:265,1
DA:266,1
DA:267,1
DA:269,1
DA:270,1
DA:271,1
DA:272,1
DA:273,1
DA:274,1
DA:275,1
DA:276,1
DA:277,1
DA:278,1
DA:279,1
DA:280,1
DA:281,1
DA:282,1
DA:284,1
DA:285,1
DA:286,1
DA:287,1
DA:288,1
DA:289,1
DA:290,1
DA:291,1
DA:292,1
DA:293,1
DA:294,1
DA:295,1
DA:296,1
DA:297,1
DA:300,1
DA:301,1
DA:302,1
DA:303,1
DA:304,1
DA:305,1
DA:306,1
DA:307,1
DA:308,1
DA:309,1
DA:310,1
DA:311,1
DA:312,1
DA:313,1
DA:314,1
DA:317,1
DA:318,1
DA:319,1
DA:320,1
DA:321,1
DA:322,1
DA:323,1
DA:324,1
DA:325,1
DA:326,1
DA:327,1
DA:328,1
DA:329,1
DA:330,1
DA:332,1
LF:230
LH:226
BRDA:73,0,0,2
BRDA:77,1,0,47
BRDA:81,2,0,22
BRDA:82,3,0,20
BRDA:89,4,0,2
BRDA:94,5,0,2
BRDA:96,6,0,102
BRDA:101,7,0,5
BRDA:103,8,0,2
BRDA:103,9,0,3
BRDA:123,10,0,0
BRDA:133,11,0,3
BRDA:138,12,0,0
BRDA:139,13,0,2
BRDA:141,14,0,5
BRDA:142,15,0,3
BRF:16
BRH:14
end_of_record
