{
  "stats": {
    "suites": 8,
    "tests": 14,
    "passes": 14,
    "pending": 0,
    "failures": 0,
    "start": "2026-02-20T13:06:10.027Z",
    "end": "2026-02-20T13:06:21.949Z",
    "duration": 11922,
    "testsRegistered": 14,
    "passPercent": 100,
    "pendingPercent": 0,
    "other": 0,
    "hasOther": false,
    "skipped": 0,
    "hasSkipped": false
  },
  "results": [
    {
      "uuid": "db969685-41d2-48b6-990e-9d84d544daa4",
      "title": "",
      "fullFile": "cypress/e2e/security/security-headers.cy.ts",
      "file": "cypress/e2e/security/security-headers.cy.ts",
      "beforeHooks": [],
      "afterHooks": [],
      "tests": [],
      "suites": [
        {
          "uuid": "a8528de7-6855-4c0c-9b35-8e6a774fdbaa",
          "title": "Security Headers",
          "fullFile": "",
          "file": "",
          "beforeHooks": [],
          "afterHooks": [],
          "tests": [],
          "suites": [
            {
              "uuid": "87bfebe9-64bb-4398-9b21-73d07cfefe84",
              "title": "Content Security Policy (CSP)",
              "fullFile": "",
              "file": "",
              "beforeHooks": [],
              "afterHooks": [],
              "tests": [
                {
                  "title": "should have CSP meta tag configured",
                  "fullTitle": "Security Headers Content Security Policy (CSP) should have CSP meta tag configured",
                  "timedOut": null,
                  "duration": 1102,
                  "state": "passed",
                  "speed": "fast",
                  "pass": true,
                  "fail": false,
                  "pending": false,
                  "context": null,
                  "code": "cy.get(_support_constants__WEBPACK_IMPORTED_MODULE_0__.SECURITY_HEADER_SELECTORS.CSP)\n    .should(\"exist\")\n    .and(\"have.attr\", \"content\")\n    .and(\"not.be.empty\");",
                  "err": {},
                  "uuid": "a60730f9-ae98-42ec-bf97-9011efd9c8ba",
                  "parentUUID": "87bfebe9-64bb-4398-9b21-73d07cfefe84",
                  "isHook": false,
                  "skipped": false
                },
                {
                  "title": "should include required CSP directives",
                  "fullTitle": "Security Headers Content Security Policy (CSP) should include required CSP directives",
                  "timedOut": null,
                  "duration": 728,
                  "state": "passed",
                  "speed": "fast",
                  "pass": true,
                  "fail": false,
                  "pending": false,
                  "context": null,
                  "code": "cy.get(_support_constants__WEBPACK_IMPORTED_MODULE_0__.SECURITY_HEADER_SELECTORS.CSP)\n    .should(\"have.attr\", \"content\")\n    .then((content) => {\n    const cspContent = content;\n    // Verify critical CSP directives\n    expect(cspContent).to.include(\"default-src 'self'\", \"CSP should restrict default sources to same origin\");\n    expect(cspContent).to.include(\"script-src 'self'\", \"CSP should restrict scripts to same origin\");\n    expect(cspContent).to.include(\"object-src 'none'\", \"CSP should block all plugins (Flash, Java, etc.)\");\n    expect(cspContent).to.include(\"base-uri 'self'\", \"CSP should restrict base tag URLs to same origin\");\n    expect(cspContent).to.include(\"form-action 'self'\", \"CSP should restrict form submissions to same origin\");\n    expect(cspContent).to.include(\"frame-ancestors 'none'\", \"CSP should prevent site from being embedded in frames\");\n});",
                  "err": {},
                  "uuid": "0458de37-e45a-41ea-871d-cd8882bfa91f",
                  "parentUUID": "87bfebe9-64bb-4398-9b21-73d07cfefe84",
                  "isHook": false,
                  "skipped": false
                },
                {
                  "title": "should allow required font sources for Orbitron and Share Tech Mono",
                  "fullTitle": "Security Headers Content Security Policy (CSP) should allow required font sources for Orbitron and Share Tech Mono",
                  "timedOut": null,
                  "duration": 535,
                  "state": "passed",
                  "speed": "fast",
                  "pass": true,
                  "fail": false,
                  "pending": false,
                  "context": null,
                  "code": "cy.get(_support_constants__WEBPACK_IMPORTED_MODULE_0__.SECURITY_HEADER_SELECTORS.CSP)\n    .should(\"have.attr\", \"content\")\n    .then((content) => {\n    const cspContent = content;\n    // Verify font sources for Google Fonts\n    expect(cspContent).to.include(\"font-src\", \"CSP should include font-src directive\");\n    expect(cspContent).to.include(\"https://fonts.gstatic.com\", \"CSP should allow Google Fonts for typography\");\n});",
                  "err": {},
                  "uuid": "4cf5ac1d-f5eb-4f89-8146-617a3543e8f5",
                  "parentUUID": "87bfebe9-64bb-4398-9b21-73d07cfefe84",
                  "isHook": false,
                  "skipped": false
                },
                {
                  "title": "should allow required style sources",
                  "fullTitle": "Security Headers Content Security Policy (CSP) should allow required style sources",
                  "timedOut": null,
                  "duration": 600,
                  "state": "passed",
                  "speed": "fast",
                  "pass": true,
                  "fail": false,
                  "pending": false,
                  "context": null,
                  "code": "cy.get(_support_constants__WEBPACK_IMPORTED_MODULE_0__.SECURITY_HEADER_SELECTORS.CSP)\n    .should(\"have.attr\", \"content\")\n    .then((content) => {\n    const cspContent = content;\n    // Verify style sources\n    expect(cspContent).to.include(\"style-src\", \"CSP should include style-src directive\");\n    expect(cspContent).to.include(\"'unsafe-inline'\", \"CSP should allow inline styles for TailwindCSS\");\n    expect(cspContent).to.include(\"https://fonts.googleapis.com\", \"CSP should allow Google Fonts stylesheets\");\n});",
                  "err": {},
                  "uuid": "5a062c80-aee8-4bbd-875d-ce8cc76607e2",
                  "parentUUID": "87bfebe9-64bb-4398-9b21-73d07cfefe84",
                  "isHook": false,
                  "skipped": false
                },
                {
                  "title": "should include upgrade-insecure-requests directive",
                  "fullTitle": "Security Headers Content Security Policy (CSP) should include upgrade-insecure-requests directive",
                  "timedOut": null,
                  "duration": 524,
                  "state": "passed",
                  "speed": "fast",
                  "pass": true,
                  "fail": false,
                  "pending": false,
                  "context": null,
                  "code": "cy.get(_support_constants__WEBPACK_IMPORTED_MODULE_0__.SECURITY_HEADER_SELECTORS.CSP)\n    .should(\"have.attr\", \"content\")\n    .and(\"include\", \"upgrade-insecure-requests\");",
                  "err": {},
                  "uuid": "b27732be-2257-4f29-b6b8-a9067a37300a",
                  "parentUUID": "87bfebe9-64bb-4398-9b21-73d07cfefe84",
                  "isHook": false,
                  "skipped": false
                }
              ],
              "suites": [],
              "passes": [
                "a60730f9-ae98-42ec-bf97-9011efd9c8ba",
                "0458de37-e45a-41ea-871d-cd8882bfa91f",
                "4cf5ac1d-f5eb-4f89-8146-617a3543e8f5",
                "5a062c80-aee8-4bbd-875d-ce8cc76607e2",
                "b27732be-2257-4f29-b6b8-a9067a37300a"
              ],
              "failures": [],
              "pending": [],
              "skipped": [],
              "duration": 3489,
              "root": false,
              "rootEmpty": false,
              "_timeout": 2000
            },
            {
              "uuid": "7984418b-212a-46d6-a6cd-96c824ea3098",
              "title": "X-Content-Type-Options",
              "fullFile": "",
              "file": "",
              "beforeHooks": [],
              "afterHooks": [],
              "tests": [
                {
                  "title": "should have X-Content-Type-Options meta tag set to nosniff",
                  "fullTitle": "Security Headers X-Content-Type-Options should have X-Content-Type-Options meta tag set to nosniff",
                  "timedOut": null,
                  "duration": 538,
                  "state": "passed",
                  "speed": "fast",
                  "pass": true,
                  "fail": false,
                  "pending": false,
                  "context": null,
                  "code": "cy.get(_support_constants__WEBPACK_IMPORTED_MODULE_0__.SECURITY_HEADER_SELECTORS.X_CONTENT_TYPE_OPTIONS)\n    .should(\"exist\")\n    .and(\"have.attr\", \"content\", \"nosniff\");",
                  "err": {},
                  "uuid": "33e51d6b-7469-4c51-a162-51f2500dda22",
                  "parentUUID": "7984418b-212a-46d6-a6cd-96c824ea3098",
                  "isHook": false,
                  "skipped": false
                }
              ],
              "suites": [],
              "passes": [
                "33e51d6b-7469-4c51-a162-51f2500dda22"
              ],
              "failures": [],
              "pending": [],
              "skipped": [],
              "duration": 538,
              "root": false,
              "rootEmpty": false,
              "_timeout": 2000
            },
            {
              "uuid": "c14b87e3-f96f-4a94-b63a-0c0b75628b19",
              "title": "X-Frame-Options",
              "fullFile": "",
              "file": "",
              "beforeHooks": [],
              "afterHooks": [],
              "tests": [
                {
                  "title": "should have X-Frame-Options meta tag set to DENY",
                  "fullTitle": "Security Headers X-Frame-Options should have X-Frame-Options meta tag set to DENY",
                  "timedOut": null,
                  "duration": 714,
                  "state": "passed",
                  "speed": "fast",
                  "pass": true,
                  "fail": false,
                  "pending": false,
                  "context": null,
                  "code": "cy.get(_support_constants__WEBPACK_IMPORTED_MODULE_0__.SECURITY_HEADER_SELECTORS.X_FRAME_OPTIONS)\n    .should(\"exist\")\n    .and(\"have.attr\", \"content\", \"DENY\");",
                  "err": {},
                  "uuid": "dbefd2c0-46fe-486a-b9c6-274a29df7d53",
                  "parentUUID": "c14b87e3-f96f-4a94-b63a-0c0b75628b19",
                  "isHook": false,
                  "skipped": false
                }
              ],
              "suites": [],
              "passes": [
                "dbefd2c0-46fe-486a-b9c6-274a29df7d53"
              ],
              "failures": [],
              "pending": [],
              "skipped": [],
              "duration": 714,
              "root": false,
              "rootEmpty": false,
              "_timeout": 2000
            },
            {
              "uuid": "007f6d5b-7403-4596-b5b7-20ba36f9f74d",
              "title": "Cross-Origin Policies",
              "fullFile": "",
              "file": "",
              "beforeHooks": [],
              "afterHooks": [],
              "tests": [
                {
                  "title": "should have Cross-Origin-Opener-Policy set to same-origin",
                  "fullTitle": "Security Headers Cross-Origin Policies should have Cross-Origin-Opener-Policy set to same-origin",
                  "timedOut": null,
                  "duration": 556,
                  "state": "passed",
                  "speed": "fast",
                  "pass": true,
                  "fail": false,
                  "pending": false,
                  "context": null,
                  "code": "cy.get(_support_constants__WEBPACK_IMPORTED_MODULE_0__.SECURITY_HEADER_SELECTORS.COOP)\n    .should(\"exist\")\n    .and(\"have.attr\", \"content\", \"same-origin\");",
                  "err": {},
                  "uuid": "745a8916-60ae-4070-b4f9-bf8b8c05e727",
                  "parentUUID": "007f6d5b-7403-4596-b5b7-20ba36f9f74d",
                  "isHook": false,
                  "skipped": false
                },
                {
                  "title": "should have Cross-Origin-Embedder-Policy set to require-corp",
                  "fullTitle": "Security Headers Cross-Origin Policies should have Cross-Origin-Embedder-Policy set to require-corp",
                  "timedOut": null,
                  "duration": 527,
                  "state": "passed",
                  "speed": "fast",
                  "pass": true,
                  "fail": false,
                  "pending": false,
                  "context": null,
                  "code": "cy.get(_support_constants__WEBPACK_IMPORTED_MODULE_0__.SECURITY_HEADER_SELECTORS.COEP)\n    .should(\"exist\")\n    .and(\"have.attr\", \"content\", \"require-corp\");",
                  "err": {},
                  "uuid": "39a66b79-a128-4898-8a86-773c76ab1886",
                  "parentUUID": "007f6d5b-7403-4596-b5b7-20ba36f9f74d",
                  "isHook": false,
                  "skipped": false
                }
              ],
              "suites": [],
              "passes": [
                "745a8916-60ae-4070-b4f9-bf8b8c05e727",
                "39a66b79-a128-4898-8a86-773c76ab1886"
              ],
              "failures": [],
              "pending": [],
              "skipped": [],
              "duration": 1083,
              "root": false,
              "rootEmpty": false,
              "_timeout": 2000
            },
            {
              "uuid": "0739a6bf-0860-4f17-8688-3207f9fd5694",
              "title": "Referrer Policy",
              "fullFile": "",
              "file": "",
              "beforeHooks": [],
              "afterHooks": [],
              "tests": [
                {
                  "title": "should have Referrer-Policy meta tag configured",
                  "fullTitle": "Security Headers Referrer Policy should have Referrer-Policy meta tag configured",
                  "timedOut": null,
                  "duration": 516,
                  "state": "passed",
                  "speed": "fast",
                  "pass": true,
                  "fail": false,
                  "pending": false,
                  "context": null,
                  "code": "cy.get(_support_constants__WEBPACK_IMPORTED_MODULE_0__.SECURITY_HEADER_SELECTORS.REFERRER)\n    .should(\"exist\")\n    .and(\"have.attr\", \"content\", \"strict-origin-when-cross-origin\");",
                  "err": {},
                  "uuid": "8631b1a5-7508-48af-9e52-78b8b65afeab",
                  "parentUUID": "0739a6bf-0860-4f17-8688-3207f9fd5694",
                  "isHook": false,
                  "skipped": false
                }
              ],
              "suites": [],
              "passes": [
                "8631b1a5-7508-48af-9e52-78b8b65afeab"
              ],
              "failures": [],
              "pending": [],
              "skipped": [],
              "duration": 516,
              "root": false,
              "rootEmpty": false,
              "_timeout": 2000
            },
            {
              "uuid": "fe64c33c-ef9c-4cfd-a402-71a0b610e305",
              "title": "Security Headers Comprehensive Check",
              "fullFile": "",
              "file": "",
              "beforeHooks": [],
              "afterHooks": [],
              "tests": [
                {
                  "title": "should have all required security headers present",
                  "fullTitle": "Security Headers Security Headers Comprehensive Check should have all required security headers present",
                  "timedOut": null,
                  "duration": 571,
                  "state": "passed",
                  "speed": "fast",
                  "pass": true,
                  "fail": false,
                  "pending": false,
                  "context": null,
                  "code": "const requiredHeaders = [\n    _support_constants__WEBPACK_IMPORTED_MODULE_0__.SECURITY_HEADER_SELECTORS.CSP,\n    _support_constants__WEBPACK_IMPORTED_MODULE_0__.SECURITY_HEADER_SELECTORS.X_CONTENT_TYPE_OPTIONS,\n    _support_constants__WEBPACK_IMPORTED_MODULE_0__.SECURITY_HEADER_SELECTORS.X_FRAME_OPTIONS,\n    _support_constants__WEBPACK_IMPORTED_MODULE_0__.SECURITY_HEADER_SELECTORS.COOP,\n    _support_constants__WEBPACK_IMPORTED_MODULE_0__.SECURITY_HEADER_SELECTORS.COEP,\n    _support_constants__WEBPACK_IMPORTED_MODULE_0__.SECURITY_HEADER_SELECTORS.REFERRER,\n];\nrequiredHeaders.forEach((selector) => {\n    cy.get(selector).should(\"exist\");\n});",
                  "err": {},
                  "uuid": "255bbfba-8fe5-4c97-ad26-d4899e0a0544",
                  "parentUUID": "fe64c33c-ef9c-4cfd-a402-71a0b610e305",
                  "isHook": false,
                  "skipped": false
                },
                {
                  "title": "should not display any CSP violations in console",
                  "fullTitle": "Security Headers Security Headers Comprehensive Check should not display any CSP violations in console",
                  "timedOut": null,
                  "duration": 2521,
                  "state": "passed",
                  "speed": "fast",
                  "pass": true,
                  "fail": false,
                  "pending": false,
                  "context": null,
                  "code": "// This test needs to be run separately to capture violations during initial page load\ncy.visit(\"/\", {\n    onBeforeLoad(win) {\n        // Track CSP violations\n        let cspViolations = 0;\n        win.addEventListener(\"securitypolicyviolation\", (e) => {\n            cspViolations++;\n            // Log violation details for debugging\n            const { violatedDirective, blockedURI } = e;\n            cy.log(`CSP Violation: ${violatedDirective} - ${blockedURI || \"inline\"}`);\n        });\n        // Store reference for later assertion\n        win.cspViolations =\n            () => cspViolations;\n    },\n});\ncy.ensureAppLoaded();\n// Wait a moment for any violations to be reported\ncy.wait(1000);\n// Verify no violations occurred during page load\ncy.window().then((win) => {\n    const violations = win.cspViolations();\n    expect(violations).to.equal(0, \"No CSP violations detected\");\n});",
                  "err": {},
                  "uuid": "ee2218ac-114d-47d2-9a27-fb4c7fa34e6a",
                  "parentUUID": "fe64c33c-ef9c-4cfd-a402-71a0b610e305",
                  "isHook": false,
                  "skipped": false
                }
              ],
              "suites": [],
              "passes": [
                "255bbfba-8fe5-4c97-ad26-d4899e0a0544",
                "ee2218ac-114d-47d2-9a27-fb4c7fa34e6a"
              ],
              "failures": [],
              "pending": [],
              "skipped": [],
              "duration": 3092,
              "root": false,
              "rootEmpty": false,
              "_timeout": 2000
            },
            {
              "uuid": "deb11e64-0621-4231-85df-113f6535c803",
              "title": "ISMS Compliance Verification",
              "fullFile": "",
              "file": "",
              "beforeHooks": [],
              "afterHooks": [],
              "tests": [
                {
                  "title": "should meet Application Security Framework requirements",
                  "fullTitle": "Security Headers ISMS Compliance Verification should meet Application Security Framework requirements",
                  "timedOut": null,
                  "duration": 562,
                  "state": "passed",
                  "speed": "fast",
                  "pass": true,
                  "fail": false,
                  "pending": false,
                  "context": null,
                  "code": "// Verify all security headers are present as per ISMS requirements\ncy.get(\"head\")\n    .find(_support_constants__WEBPACK_IMPORTED_MODULE_0__.SECURITY_HEADER_SELECTORS.CSP)\n    .should(\"exist\");\ncy.get(\"head\")\n    .find(_support_constants__WEBPACK_IMPORTED_MODULE_0__.SECURITY_HEADER_SELECTORS.X_FRAME_OPTIONS)\n    .should(\"exist\");\ncy.get(\"head\")\n    .find(_support_constants__WEBPACK_IMPORTED_MODULE_0__.SECURITY_HEADER_SELECTORS.X_CONTENT_TYPE_OPTIONS)\n    .should(\"exist\");\ncy.log(\"✅ Application Security Framework requirements met\");",
                  "err": {},
                  "uuid": "d3015084-a2e5-4840-a5e6-374e8ae0a244",
                  "parentUUID": "deb11e64-0621-4231-85df-113f6535c803",
                  "isHook": false,
                  "skipped": false
                },
                {
                  "title": "should implement defense-in-depth security strategy",
                  "fullTitle": "Security Headers ISMS Compliance Verification should implement defense-in-depth security strategy",
                  "timedOut": null,
                  "duration": 544,
                  "state": "passed",
                  "speed": "fast",
                  "pass": true,
                  "fail": false,
                  "pending": false,
                  "context": null,
                  "code": "// Multiple layers of security controls using reusable constants\n_support_constants__WEBPACK_IMPORTED_MODULE_0__.SECURITY_LAYER_CONFIGS.forEach((layer) => {\n    cy.get(layer.selector).should(\"exist\", `${layer.name} should be implemented`);\n    cy.log(`✅ ${layer.name} implemented`);\n});",
                  "err": {},
                  "uuid": "a9253471-1c4c-4c26-a5bb-c7238b8943b0",
                  "parentUUID": "deb11e64-0621-4231-85df-113f6535c803",
                  "isHook": false,
                  "skipped": false
                }
              ],
              "suites": [],
              "passes": [
                "d3015084-a2e5-4840-a5e6-374e8ae0a244",
                "a9253471-1c4c-4c26-a5bb-c7238b8943b0"
              ],
              "failures": [],
              "pending": [],
              "skipped": [],
              "duration": 1106,
              "root": false,
              "rootEmpty": false,
              "_timeout": 2000
            }
          ],
          "passes": [],
          "failures": [],
          "pending": [],
          "skipped": [],
          "duration": 0,
          "root": false,
          "rootEmpty": false,
          "_timeout": 2000
        }
      ],
      "passes": [],
      "failures": [],
      "pending": [],
      "skipped": [],
      "duration": 0,
      "root": true,
      "rootEmpty": true,
      "_timeout": 2000
    }
  ],
  "meta": {
    "mocha": {
      "version": "7.2.0"
    },
    "mochawesome": {
      "options": {
        "quiet": false,
        "reportFilename": "mochawesome",
        "saveHtml": true,
        "saveJson": true,
        "consoleReporter": "spec",
        "useInlineDiffs": false,
        "code": true
      },
      "version": "7.1.4"
    },
    "marge": {
      "options": {
        "id": "default",
        "reportDir": "build/cypress/mochawesome",
        "overwrite": false,
        "html": true,
        "json": true,
        "code": true,
        "timestamp": "mmddyyyy_HHMMss",
        "charts": true,
        "showHooks": "failed",
        "embeddedScreenshots": true
      },
      "version": "6.3.2"
    }
  }
}