{
  "stats": {
    "suites": 9,
    "tests": 20,
    "passes": 20,
    "pending": 0,
    "failures": 0,
    "start": "2026-09-09T05:53:54.617Z",
    "end": "2026-09-09T05:54:26.920Z",
    "duration": 32303,
    "testsRegistered": 20,
    "passPercent": 100,
    "pendingPercent": 0,
    "other": 0,
    "hasOther": false,
    "skipped": 0,
    "hasSkipped": false
  },
  "results": [
    {
      "uuid": "95cc3817-9bee-482f-a20d-cef4084563ed",
      "title": "",
      "fullFile": "cypress/e2e/widgets/businessvalue/cost-estimation-enhanced.cy.ts",
      "file": "cypress/e2e/widgets/businessvalue/cost-estimation-enhanced.cy.ts",
      "beforeHooks": [],
      "afterHooks": [],
      "tests": [],
      "suites": [
        {
          "uuid": "8dd97acb-dac4-45d5-80aa-3cb7247936f8",
          "title": "Cost Estimation Widget - Enhanced",
          "fullFile": "",
          "file": "",
          "beforeHooks": [],
          "afterHooks": [],
          "tests": [],
          "suites": [
            {
              "uuid": "76dc4f41-fd8a-494c-a31e-52cda4349904",
              "title": "Rendering",
              "fullFile": "",
              "file": "",
              "beforeHooks": [],
              "afterHooks": [],
              "tests": [
                {
                  "title": "should display widget with all elements",
                  "fullTitle": "Cost Estimation Widget - Enhanced Rendering should display widget with all elements",
                  "timedOut": null,
                  "duration": 1544,
                  "state": "passed",
                  "speed": "fast",
                  "pass": true,
                  "fail": false,
                  "pending": false,
                  "context": null,
                  "code": "cy.get(_support_selectors__WEBPACK_IMPORTED_MODULE_0__.costEstimationWidget.root).should('be.visible');\n// Verify key cost elements are present\ncy.get(_support_selectors__WEBPACK_IMPORTED_MODULE_0__.costEstimationWidget.capex).should('exist');\ncy.get(_support_selectors__WEBPACK_IMPORTED_MODULE_0__.costEstimationWidget.opex).should('exist');\ncy.get(_support_selectors__WEBPACK_IMPORTED_MODULE_0__.costEstimationWidget.total).should('exist');",
                  "err": {},
                  "uuid": "2566001f-75a8-4c47-8032-4c9c69278fb5",
                  "parentUUID": "76dc4f41-fd8a-494c-a31e-52cda4349904",
                  "isHook": false,
                  "skipped": false
                },
                {
                  "title": "should display cost values after security level selection",
                  "fullTitle": "Cost Estimation Widget - Enhanced Rendering should display cost values after security level selection",
                  "timedOut": null,
                  "duration": 2240,
                  "state": "passed",
                  "speed": "fast",
                  "pass": true,
                  "fail": false,
                  "pending": false,
                  "context": null,
                  "code": "// Select moderate security levels\ncy.get(_support_selectors__WEBPACK_IMPORTED_MODULE_0__.securityLevelWidget.availabilitySelect).select(_support_constants__WEBPACK_IMPORTED_MODULE_1__.SECURITY_LEVELS.MODERATE, { force: true });\ncy.wait(INTERACTION_DELAY);\ncy.get(_support_selectors__WEBPACK_IMPORTED_MODULE_0__.securityLevelWidget.integritySelect).select(_support_constants__WEBPACK_IMPORTED_MODULE_1__.SECURITY_LEVELS.MODERATE, { force: true });\ncy.wait(INTERACTION_DELAY);\ncy.get(_support_selectors__WEBPACK_IMPORTED_MODULE_0__.securityLevelWidget.confidentialitySelect).select(_support_constants__WEBPACK_IMPORTED_MODULE_1__.SECURITY_LEVELS.MODERATE, { force: true });\ncy.wait(500);\n// Verify costs are displayed and not zero\ncy.get(_support_selectors__WEBPACK_IMPORTED_MODULE_0__.costEstimationWidget.total)\n    .should('be.visible')\n    .and('not.contain', '$0');",
                  "err": {},
                  "uuid": "be71b308-d62c-4d95-a569-048454162891",
                  "parentUUID": "76dc4f41-fd8a-494c-a31e-52cda4349904",
                  "isHook": false,
                  "skipped": false
                },
                {
                  "title": "should display CAPEX and OPEX sections",
                  "fullTitle": "Cost Estimation Widget - Enhanced Rendering should display CAPEX and OPEX sections",
                  "timedOut": null,
                  "duration": 926,
                  "state": "passed",
                  "speed": "fast",
                  "pass": true,
                  "fail": false,
                  "pending": false,
                  "context": null,
                  "code": "// Component displays CAPEX and OPEX as MetricCards, not sections\ncy.get(_support_selectors__WEBPACK_IMPORTED_MODULE_0__.costEstimationWidget.capex).should('be.visible');\ncy.get(_support_selectors__WEBPACK_IMPORTED_MODULE_0__.costEstimationWidget.opex).should('be.visible');",
                  "err": {},
                  "uuid": "d65beb29-b998-45e1-b15e-7cec5b6424b5",
                  "parentUUID": "76dc4f41-fd8a-494c-a31e-52cda4349904",
                  "isHook": false,
                  "skipped": false
                },
                {
                  "title": "should show implementation timeline",
                  "fullTitle": "Cost Estimation Widget - Enhanced Rendering should show implementation timeline",
                  "timedOut": null,
                  "duration": 909,
                  "state": "passed",
                  "speed": "fast",
                  "pass": true,
                  "fail": false,
                  "pending": false,
                  "context": null,
                  "code": "cy.get('body').then($body => {\n    if ($body.find(_support_selectors__WEBPACK_IMPORTED_MODULE_0__.costEstimationWidget.implementationTime).length > 0) {\n        cy.get(_support_selectors__WEBPACK_IMPORTED_MODULE_0__.costEstimationWidget.implementationTime)\n            .should('be.visible')\n            .and('not.be.empty');\n    }\n    else {\n        cy.log('Implementation timeline not found (may be conditional)');\n    }\n});",
                  "err": {},
                  "uuid": "62403c40-b227-47b1-9fdf-5a5c6825a892",
                  "parentUUID": "76dc4f41-fd8a-494c-a31e-52cda4349904",
                  "isHook": false,
                  "skipped": false
                }
              ],
              "suites": [],
              "passes": [
                "2566001f-75a8-4c47-8032-4c9c69278fb5",
                "be71b308-d62c-4d95-a569-048454162891",
                "d65beb29-b998-45e1-b15e-7cec5b6424b5",
                "62403c40-b227-47b1-9fdf-5a5c6825a892"
              ],
              "failures": [],
              "pending": [],
              "skipped": [],
              "duration": 5619,
              "root": false,
              "rootEmpty": false,
              "_timeout": 2000
            },
            {
              "uuid": "ac03214c-e9c2-4cdb-b52b-4ba874a2f61d",
              "title": "Cost Calculations",
              "fullFile": "",
              "file": "",
              "beforeHooks": [],
              "afterHooks": [],
              "tests": [
                {
                  "title": "should update costs when security levels change",
                  "fullTitle": "Cost Estimation Widget - Enhanced Cost Calculations should update costs when security levels change",
                  "timedOut": null,
                  "duration": 4029,
                  "state": "passed",
                  "speed": "fast",
                  "pass": true,
                  "fail": false,
                  "pending": false,
                  "context": null,
                  "code": "// Set low security levels\ncy.get(_support_selectors__WEBPACK_IMPORTED_MODULE_0__.securityLevelWidget.availabilitySelect).select(_support_constants__WEBPACK_IMPORTED_MODULE_1__.SECURITY_LEVELS.LOW, { force: true });\ncy.wait(INTERACTION_DELAY);\ncy.get(_support_selectors__WEBPACK_IMPORTED_MODULE_0__.securityLevelWidget.integritySelect).select(_support_constants__WEBPACK_IMPORTED_MODULE_1__.SECURITY_LEVELS.LOW, { force: true });\ncy.wait(INTERACTION_DELAY);\ncy.get(_support_selectors__WEBPACK_IMPORTED_MODULE_0__.securityLevelWidget.confidentialitySelect).select(_support_constants__WEBPACK_IMPORTED_MODULE_1__.SECURITY_LEVELS.LOW, { force: true });\ncy.wait(500);\n// Capture low cost\nlet lowCost;\ncy.get(_support_selectors__WEBPACK_IMPORTED_MODULE_0__.costEstimationWidget.total).invoke('text').then(text => {\n    lowCost = text;\n    cy.log(`Low security cost: ${lowCost}`);\n    // Set high security levels\n    cy.get(_support_selectors__WEBPACK_IMPORTED_MODULE_0__.securityLevelWidget.availabilitySelect).select(_support_constants__WEBPACK_IMPORTED_MODULE_1__.SECURITY_LEVELS.HIGH, { force: true });\n    cy.wait(INTERACTION_DELAY);\n    cy.get(_support_selectors__WEBPACK_IMPORTED_MODULE_0__.securityLevelWidget.integritySelect).select(_support_constants__WEBPACK_IMPORTED_MODULE_1__.SECURITY_LEVELS.HIGH, { force: true });\n    cy.wait(INTERACTION_DELAY);\n    cy.get(_support_selectors__WEBPACK_IMPORTED_MODULE_0__.securityLevelWidget.confidentialitySelect).select(_support_constants__WEBPACK_IMPORTED_MODULE_1__.SECURITY_LEVELS.HIGH, { force: true });\n    cy.wait(500);\n    // Verify high cost is different (and typically higher)\n    cy.get(_support_selectors__WEBPACK_IMPORTED_MODULE_0__.costEstimationWidget.total).invoke('text').should('not.equal', lowCost);\n    cy.log('✓ Costs update with security level changes');\n});",
                  "err": {},
                  "uuid": "2d52b582-1494-42a2-a85f-f3f59428dbac",
                  "parentUUID": "ac03214c-e9c2-4cdb-b52b-4ba874a2f61d",
                  "isHook": false,
                  "skipped": false
                },
                {
                  "title": "should show three-year total projection",
                  "fullTitle": "Cost Estimation Widget - Enhanced Cost Calculations should show three-year total projection",
                  "timedOut": null,
                  "duration": 846,
                  "state": "passed",
                  "speed": "fast",
                  "pass": true,
                  "fail": false,
                  "pending": false,
                  "context": null,
                  "code": "cy.get('body').then($body => {\n    if ($body.find(_support_selectors__WEBPACK_IMPORTED_MODULE_0__.costEstimationWidget.threeYearTotal).length > 0) {\n        cy.get(_support_selectors__WEBPACK_IMPORTED_MODULE_0__.costEstimationWidget.threeYearTotal)\n            .should('be.visible')\n            .and('contain', '$');\n    }\n    else {\n        cy.log('Three-year total not found (may be conditional)');\n    }\n});",
                  "err": {},
                  "uuid": "3e931f2b-4c9e-465c-b77a-6d8540a03c6f",
                  "parentUUID": "ac03214c-e9c2-4cdb-b52b-4ba874a2f61d",
                  "isHook": false,
                  "skipped": false
                },
                {
                  "title": "should calculate higher costs for higher security levels",
                  "fullTitle": "Cost Estimation Widget - Enhanced Cost Calculations should calculate higher costs for higher security levels",
                  "timedOut": null,
                  "duration": 5395,
                  "state": "passed",
                  "speed": "medium",
                  "pass": true,
                  "fail": false,
                  "pending": false,
                  "context": null,
                  "code": "// Test progression from Low to Very High\nconst levels = [\n    _support_constants__WEBPACK_IMPORTED_MODULE_1__.SECURITY_LEVELS.LOW,\n    _support_constants__WEBPACK_IMPORTED_MODULE_1__.SECURITY_LEVELS.MODERATE,\n    _support_constants__WEBPACK_IMPORTED_MODULE_1__.SECURITY_LEVELS.HIGH,\n];\nlet previousCost = 0;\nlevels.forEach(level => {\n    cy.get(_support_selectors__WEBPACK_IMPORTED_MODULE_0__.securityLevelWidget.availabilitySelect).select(level, { force: true });\n    cy.wait(INTERACTION_DELAY);\n    cy.get(_support_selectors__WEBPACK_IMPORTED_MODULE_0__.securityLevelWidget.integritySelect).select(level, { force: true });\n    cy.wait(INTERACTION_DELAY);\n    cy.get(_support_selectors__WEBPACK_IMPORTED_MODULE_0__.securityLevelWidget.confidentialitySelect).select(level, { force: true });\n    cy.wait(500);\n    cy.get(_support_selectors__WEBPACK_IMPORTED_MODULE_0__.costEstimationWidget.total).invoke('text').then(text => {\n        // Extract numeric value (basic extraction)\n        const costMatch = text.match(/[\\d,]+/);\n        if (costMatch) {\n            const cost = parseInt(costMatch[0].replace(/,/g, ''), 10);\n            cy.log(`${level} security cost: ${cost}`);\n            if (previousCost > 0) {\n                // Higher security should generally mean higher cost\n                // Note: This is a general expectation, might need adjustment\n                cy.log(`Comparing ${cost} with previous ${previousCost}`);\n            }\n            previousCost = cost;\n        }\n    });\n});",
                  "err": {},
                  "uuid": "52c16450-017d-41d9-8f3d-962ed958dd41",
                  "parentUUID": "ac03214c-e9c2-4cdb-b52b-4ba874a2f61d",
                  "isHook": false,
                  "skipped": false
                }
              ],
              "suites": [],
              "passes": [
                "2d52b582-1494-42a2-a85f-f3f59428dbac",
                "3e931f2b-4c9e-465c-b77a-6d8540a03c6f",
                "52c16450-017d-41d9-8f3d-962ed958dd41"
              ],
              "failures": [],
              "pending": [],
              "skipped": [],
              "duration": 10270,
              "root": false,
              "rootEmpty": false,
              "_timeout": 2000
            },
            {
              "uuid": "6558cb34-7131-4a22-86bc-5bdeda0b0a1f",
              "title": "Error Handling",
              "fullFile": "",
              "file": "",
              "beforeHooks": [],
              "afterHooks": [],
              "tests": [
                {
                  "title": "should not display error state in normal operation",
                  "fullTitle": "Cost Estimation Widget - Enhanced Error Handling should not display error state in normal operation",
                  "timedOut": null,
                  "duration": 966,
                  "state": "passed",
                  "speed": "fast",
                  "pass": true,
                  "fail": false,
                  "pending": false,
                  "context": null,
                  "code": "cy.testWidgetError('widget-cost-estimation');",
                  "err": {},
                  "uuid": "fa9d98de-8ade-4301-8031-5776bc4c25fb",
                  "parentUUID": "6558cb34-7131-4a22-86bc-5bdeda0b0a1f",
                  "isHook": false,
                  "skipped": false
                },
                {
                  "title": "should handle missing data gracefully",
                  "fullTitle": "Cost Estimation Widget - Enhanced Error Handling should handle missing data gracefully",
                  "timedOut": null,
                  "duration": 959,
                  "state": "passed",
                  "speed": "fast",
                  "pass": true,
                  "fail": false,
                  "pending": false,
                  "context": null,
                  "code": "// Widget should display even with default/empty state\ncy.get(_support_selectors__WEBPACK_IMPORTED_MODULE_0__.costEstimationWidget.root)\n    .should('be.visible')\n    .and('not.contain', 'Error');",
                  "err": {},
                  "uuid": "16c2bc05-d3d9-41bd-af21-28a1f8a23a50",
                  "parentUUID": "6558cb34-7131-4a22-86bc-5bdeda0b0a1f",
                  "isHook": false,
                  "skipped": false
                }
              ],
              "suites": [],
              "passes": [
                "fa9d98de-8ade-4301-8031-5776bc4c25fb",
                "16c2bc05-d3d9-41bd-af21-28a1f8a23a50"
              ],
              "failures": [],
              "pending": [],
              "skipped": [],
              "duration": 1925,
              "root": false,
              "rootEmpty": false,
              "_timeout": 2000
            },
            {
              "uuid": "f2b88c10-d3d3-4490-b358-ae2c03aa4683",
              "title": "Loading States",
              "fullFile": "",
              "file": "",
              "beforeHooks": [],
              "afterHooks": [],
              "tests": [
                {
                  "title": "should not show loading indicator after initial load",
                  "fullTitle": "Cost Estimation Widget - Enhanced Loading States should not show loading indicator after initial load",
                  "timedOut": null,
                  "duration": 977,
                  "state": "passed",
                  "speed": "fast",
                  "pass": true,
                  "fail": false,
                  "pending": false,
                  "context": null,
                  "code": "// Check for loading indicator - will not exist after page load\ncy.get('body').then($body => {\n    if ($body.find('[data-testid=\"widget-container-loading-container-cost-estimation-widget\"]').length > 0) {\n        cy.get('[data-testid=\"widget-container-loading-container-cost-estimation-widget\"]').should('not.exist');\n    }\n});",
                  "err": {},
                  "uuid": "02292ea3-5f2a-49ff-aabf-83d1e3f1cc38",
                  "parentUUID": "f2b88c10-d3d3-4490-b358-ae2c03aa4683",
                  "isHook": false,
                  "skipped": false
                },
                {
                  "title": "should display content instead of loading state",
                  "fullTitle": "Cost Estimation Widget - Enhanced Loading States should display content instead of loading state",
                  "timedOut": null,
                  "duration": 926,
                  "state": "passed",
                  "speed": "fast",
                  "pass": true,
                  "fail": false,
                  "pending": false,
                  "context": null,
                  "code": "cy.get(_support_selectors__WEBPACK_IMPORTED_MODULE_0__.costEstimationWidget.root)\n    .should('be.visible')\n    .and('not.contain', 'Loading...');",
                  "err": {},
                  "uuid": "104ed20e-c28f-4d40-9c03-653709bc2714",
                  "parentUUID": "f2b88c10-d3d3-4490-b358-ae2c03aa4683",
                  "isHook": false,
                  "skipped": false
                }
              ],
              "suites": [],
              "passes": [
                "02292ea3-5f2a-49ff-aabf-83d1e3f1cc38",
                "104ed20e-c28f-4d40-9c03-653709bc2714"
              ],
              "failures": [],
              "pending": [],
              "skipped": [],
              "duration": 1903,
              "root": false,
              "rootEmpty": false,
              "_timeout": 2000
            },
            {
              "uuid": "fd741a3b-50a1-40fb-b884-91c7a4edb8e6",
              "title": "Responsive Design",
              "fullFile": "",
              "file": "",
              "beforeHooks": [],
              "afterHooks": [],
              "tests": [
                {
                  "title": "should adapt layout for mobile viewport",
                  "fullTitle": "Cost Estimation Widget - Enhanced Responsive Design should adapt layout for mobile viewport",
                  "timedOut": null,
                  "duration": 1440,
                  "state": "passed",
                  "speed": "fast",
                  "pass": true,
                  "fail": false,
                  "pending": false,
                  "context": null,
                  "code": "cy.viewport('iphone-x');\ncy.wait(500);\ncy.get(_support_selectors__WEBPACK_IMPORTED_MODULE_0__.costEstimationWidget.root)\n    .should('be.visible');\n// Cost values should be visible on mobile (MetricCards are responsive)\ncy.get(_support_selectors__WEBPACK_IMPORTED_MODULE_0__.costEstimationWidget.capex).should('exist');\ncy.get(_support_selectors__WEBPACK_IMPORTED_MODULE_0__.costEstimationWidget.opex).should('exist');",
                  "err": {},
                  "uuid": "6a5b659b-9d5d-4817-8273-1f49ee25352c",
                  "parentUUID": "fd741a3b-50a1-40fb-b884-91c7a4edb8e6",
                  "isHook": false,
                  "skipped": false
                },
                {
                  "title": "should adapt layout for tablet viewport",
                  "fullTitle": "Cost Estimation Widget - Enhanced Responsive Design should adapt layout for tablet viewport",
                  "timedOut": null,
                  "duration": 1702,
                  "state": "passed",
                  "speed": "fast",
                  "pass": true,
                  "fail": false,
                  "pending": false,
                  "context": null,
                  "code": "cy.viewport('ipad-2');\ncy.wait(500);\ncy.get(_support_selectors__WEBPACK_IMPORTED_MODULE_0__.costEstimationWidget.root)\n    .should('be.visible');",
                  "err": {},
                  "uuid": "cdb8720d-3fd1-4d90-96bd-3e4f641ce884",
                  "parentUUID": "fd741a3b-50a1-40fb-b884-91c7a4edb8e6",
                  "isHook": false,
                  "skipped": false
                },
                {
                  "title": "should display properly on desktop viewport",
                  "fullTitle": "Cost Estimation Widget - Enhanced Responsive Design should display properly on desktop viewport",
                  "timedOut": null,
                  "duration": 1419,
                  "state": "passed",
                  "speed": "fast",
                  "pass": true,
                  "fail": false,
                  "pending": false,
                  "context": null,
                  "code": "cy.viewport('macbook-15');\ncy.wait(500);\ncy.get(_support_selectors__WEBPACK_IMPORTED_MODULE_0__.costEstimationWidget.root)\n    .should('be.visible');\n// All cost values should be visible on desktop\ncy.get(_support_selectors__WEBPACK_IMPORTED_MODULE_0__.costEstimationWidget.capex).should('be.visible');\ncy.get(_support_selectors__WEBPACK_IMPORTED_MODULE_0__.costEstimationWidget.opex).should('be.visible');\ncy.get(_support_selectors__WEBPACK_IMPORTED_MODULE_0__.costEstimationWidget.total).should('be.visible');",
                  "err": {},
                  "uuid": "f7fef620-d5ce-4bf4-b79e-5650d3e5094a",
                  "parentUUID": "fd741a3b-50a1-40fb-b884-91c7a4edb8e6",
                  "isHook": false,
                  "skipped": false
                }
              ],
              "suites": [],
              "passes": [
                "6a5b659b-9d5d-4817-8273-1f49ee25352c",
                "cdb8720d-3fd1-4d90-96bd-3e4f641ce884",
                "f7fef620-d5ce-4bf4-b79e-5650d3e5094a"
              ],
              "failures": [],
              "pending": [],
              "skipped": [],
              "duration": 4561,
              "root": false,
              "rootEmpty": false,
              "_timeout": 2000
            },
            {
              "uuid": "c087e3a4-b913-419c-94a0-a77d0aa6b993",
              "title": "Accessibility",
              "fullFile": "",
              "file": "",
              "beforeHooks": [],
              "afterHooks": [],
              "tests": [
                {
                  "title": "should have proper ARIA labels",
                  "fullTitle": "Cost Estimation Widget - Enhanced Accessibility should have proper ARIA labels",
                  "timedOut": null,
                  "duration": 934,
                  "state": "passed",
                  "speed": "fast",
                  "pass": true,
                  "fail": false,
                  "pending": false,
                  "context": null,
                  "code": "// Widget container should have role region\ncy.get(_support_selectors__WEBPACK_IMPORTED_MODULE_0__.costEstimationWidget.root).within(() => {\n    cy.get('[role=\"region\"]').should('exist');\n});",
                  "err": {},
                  "uuid": "7f231fd4-57e8-4404-98ae-2d2091898039",
                  "parentUUID": "c087e3a4-b913-419c-94a0-a77d0aa6b993",
                  "isHook": false,
                  "skipped": false
                },
                {
                  "title": "should have accessible cost value labels",
                  "fullTitle": "Cost Estimation Widget - Enhanced Accessibility should have accessible cost value labels",
                  "timedOut": null,
                  "duration": 922,
                  "state": "passed",
                  "speed": "fast",
                  "pass": true,
                  "fail": false,
                  "pending": false,
                  "context": null,
                  "code": "// Cost values should be clearly labeled\ncy.get(_support_selectors__WEBPACK_IMPORTED_MODULE_0__.costEstimationWidget.root).within(() => {\n    cy.contains(/CAPEX|Capital|Initial/i).should('be.visible');\n    cy.contains(/OPEX|Operational|Annual|Monthly/i).should('be.visible');\n});",
                  "err": {},
                  "uuid": "dcbc7e84-147b-4c1b-bd45-4eeb7e2f873b",
                  "parentUUID": "c087e3a4-b913-419c-94a0-a77d0aa6b993",
                  "isHook": false,
                  "skipped": false
                },
                {
                  "title": "should pass basic accessibility checks",
                  "fullTitle": "Cost Estimation Widget - Enhanced Accessibility should pass basic accessibility checks",
                  "timedOut": null,
                  "duration": 1002,
                  "state": "passed",
                  "speed": "fast",
                  "pass": true,
                  "fail": false,
                  "pending": false,
                  "context": null,
                  "code": "cy.checkA11y();",
                  "err": {},
                  "uuid": "ca843c66-a4bb-40ac-b2af-016e273f45c1",
                  "parentUUID": "c087e3a4-b913-419c-94a0-a77d0aa6b993",
                  "isHook": false,
                  "skipped": false
                }
              ],
              "suites": [],
              "passes": [
                "7f231fd4-57e8-4404-98ae-2d2091898039",
                "dcbc7e84-147b-4c1b-bd45-4eeb7e2f873b",
                "ca843c66-a4bb-40ac-b2af-016e273f45c1"
              ],
              "failures": [],
              "pending": [],
              "skipped": [],
              "duration": 2858,
              "root": false,
              "rootEmpty": false,
              "_timeout": 2000
            },
            {
              "uuid": "637c3f23-53f6-4fd7-b9bd-5dfb8e0db71b",
              "title": "Interactions",
              "fullFile": "",
              "file": "",
              "beforeHooks": [],
              "afterHooks": [],
              "tests": [
                {
                  "title": "should respond quickly to security level changes",
                  "fullTitle": "Cost Estimation Widget - Enhanced Interactions should respond quickly to security level changes",
                  "timedOut": null,
                  "duration": 1123,
                  "state": "passed",
                  "speed": "fast",
                  "pass": true,
                  "fail": false,
                  "pending": false,
                  "context": null,
                  "code": "const startTime = Date.now();\ncy.get(_support_selectors__WEBPACK_IMPORTED_MODULE_0__.securityLevelWidget.availabilitySelect)\n    .select(_support_constants__WEBPACK_IMPORTED_MODULE_1__.SECURITY_LEVELS.HIGH, { force: true });\ncy.get(_support_selectors__WEBPACK_IMPORTED_MODULE_0__.costEstimationWidget.root).should('be.visible');\ncy.then(() => {\n    const responseTime = Date.now() - startTime;\n    cy.log(`Widget response time: ${responseTime}ms`);\n    expect(responseTime).to.be.lessThan(1000);\n});",
                  "err": {},
                  "uuid": "def7ff51-c686-46e6-85cd-c8ec53d9788f",
                  "parentUUID": "637c3f23-53f6-4fd7-b9bd-5dfb8e0db71b",
                  "isHook": false,
                  "skipped": false
                },
                {
                  "title": "should maintain cost display during rapid level changes",
                  "fullTitle": "Cost Estimation Widget - Enhanced Interactions should maintain cost display during rapid level changes",
                  "timedOut": null,
                  "duration": 2055,
                  "state": "passed",
                  "speed": "fast",
                  "pass": true,
                  "fail": false,
                  "pending": false,
                  "context": null,
                  "code": "// Rapidly change security levels\ncy.get(_support_selectors__WEBPACK_IMPORTED_MODULE_0__.securityLevelWidget.availabilitySelect).select(_support_constants__WEBPACK_IMPORTED_MODULE_1__.SECURITY_LEVELS.HIGH, { force: true });\ncy.get(_support_selectors__WEBPACK_IMPORTED_MODULE_0__.securityLevelWidget.availabilitySelect).select(_support_constants__WEBPACK_IMPORTED_MODULE_1__.SECURITY_LEVELS.LOW, { force: true });\ncy.get(_support_selectors__WEBPACK_IMPORTED_MODULE_0__.securityLevelWidget.availabilitySelect).select(_support_constants__WEBPACK_IMPORTED_MODULE_1__.SECURITY_LEVELS.MODERATE, { force: true });\ncy.wait(500);\n// Widget should still display costs correctly\ncy.get(_support_selectors__WEBPACK_IMPORTED_MODULE_0__.costEstimationWidget.root)\n    .should('be.visible')\n    .and('not.contain', 'Error')\n    .and('not.contain', 'NaN');",
                  "err": {},
                  "uuid": "ba2b2215-fc38-49cc-a1b5-1731776f5af8",
                  "parentUUID": "637c3f23-53f6-4fd7-b9bd-5dfb8e0db71b",
                  "isHook": false,
                  "skipped": false
                }
              ],
              "suites": [],
              "passes": [
                "def7ff51-c686-46e6-85cd-c8ec53d9788f",
                "ba2b2215-fc38-49cc-a1b5-1731776f5af8"
              ],
              "failures": [],
              "pending": [],
              "skipped": [],
              "duration": 3178,
              "root": false,
              "rootEmpty": false,
              "_timeout": 2000
            },
            {
              "uuid": "d56a148a-6dc2-4765-86e7-ac39caf22c04",
              "title": "Content Validation",
              "fullFile": "",
              "file": "",
              "beforeHooks": [],
              "afterHooks": [],
              "tests": [
                {
                  "title": "should display expected cost-related content",
                  "fullTitle": "Cost Estimation Widget - Enhanced Content Validation should display expected cost-related content",
                  "timedOut": null,
                  "duration": 919,
                  "state": "passed",
                  "speed": "fast",
                  "pass": true,
                  "fail": false,
                  "pending": false,
                  "context": null,
                  "code": "// Verify financial terminology is present\ncy.get(_support_selectors__WEBPACK_IMPORTED_MODULE_0__.costEstimationWidget.root).invoke('text').then((text) => {\n    const hasFinancialTerms = /cost|expense|budget|investment|estimate|capex|opex/i.test(text);\n    expect(hasFinancialTerms).to.be.true;\n});",
                  "err": {},
                  "uuid": "c66de9f0-2b05-4426-92a8-04b9537318e9",
                  "parentUUID": "d56a148a-6dc2-4765-86e7-ac39caf22c04",
                  "isHook": false,
                  "skipped": false
                }
              ],
              "suites": [],
              "passes": [
                "c66de9f0-2b05-4426-92a8-04b9537318e9"
              ],
              "failures": [],
              "pending": [],
              "skipped": [],
              "duration": 919,
              "root": false,
              "rootEmpty": false,
              "_timeout": 2000
            }
          ],
          "passes": [],
          "failures": [],
          "pending": [],
          "skipped": [],
          "duration": 0,
          "root": false,
          "rootEmpty": false,
          "_timeout": 2000
        }
      ],
      "passes": [],
      "failures": [],
      "pending": [],
      "skipped": [],
      "duration": 0,
      "root": true,
      "rootEmpty": true,
      "_timeout": 2000
    }
  ],
  "meta": {
    "mocha": {
      "version": "7.2.0"
    },
    "mochawesome": {
      "options": {
        "quiet": false,
        "reportFilename": "mochawesome",
        "saveHtml": true,
        "saveJson": true,
        "consoleReporter": "spec",
        "useInlineDiffs": false,
        "code": true
      },
      "version": "8.0.1"
    },
    "marge": {
      "options": {
        "id": "default",
        "reportDir": "build/cypress/mochawesome",
        "overwrite": false,
        "html": true,
        "json": true,
        "code": true,
        "timestamp": "mmddyyyy_HHMMss",
        "charts": true,
        "showHooks": "failed",
        "embeddedScreenshots": true
      },
      "version": "6.3.2"
    }
  }
}