{
  "stats": {
    "suites": 5,
    "tests": 6,
    "passes": 6,
    "pending": 0,
    "failures": 0,
    "start": "2025-12-29T20:23:43.624Z",
    "end": "2025-12-29T20:23:54.821Z",
    "duration": 11197,
    "testsRegistered": 6,
    "passPercent": 100,
    "pendingPercent": 0,
    "other": 0,
    "hasOther": false,
    "skipped": 0,
    "hasSkipped": false
  },
  "results": [
    {
      "uuid": "f795a2a0-aa72-4e4d-b293-75d7e73f0006",
      "title": "",
      "fullFile": "cypress/e2e/integration/cross-widget-interactions.cy.ts",
      "file": "cypress/e2e/integration/cross-widget-interactions.cy.ts",
      "beforeHooks": [],
      "afterHooks": [],
      "tests": [],
      "suites": [
        {
          "uuid": "b786194b-41ff-402e-ab84-f96769aa6e66",
          "title": "Cross-Widget Interactions",
          "fullFile": "",
          "file": "",
          "beforeHooks": [],
          "afterHooks": [],
          "tests": [],
          "suites": [
            {
              "uuid": "acccfa25-8825-40ad-b442-2f3263c04ef1",
              "title": "Security Level to All Widgets",
              "fullFile": "",
              "file": "",
              "beforeHooks": [],
              "afterHooks": [],
              "tests": [
                {
                  "title": "should update all widgets when security levels change",
                  "fullTitle": "Cross-Widget Interactions Security Level to All Widgets should update all widgets when security levels change",
                  "timedOut": null,
                  "duration": 2849,
                  "state": "passed",
                  "speed": "fast",
                  "pass": true,
                  "fail": false,
                  "pending": false,
                  "context": null,
                  "code": "cy.log(\"🔄 Testing security level changes propagate to all widgets\");\n// Set initial security levels\ncy.setSecurityLevels(_support_constants__WEBPACK_IMPORTED_MODULE_0__.SECURITY_LEVELS.LOW, _support_constants__WEBPACK_IMPORTED_MODULE_0__.SECURITY_LEVELS.LOW, _support_constants__WEBPACK_IMPORTED_MODULE_0__.SECURITY_LEVELS.LOW);\n// Ensure widgets are loaded before capturing count\ncy.verifyMinimumWidgets(5);\n// Capture initial widget count and then test changes\ncy.get('[data-testid*=\"widget\"]').then(($initialWidgets) => {\n    const initialWidgetCount = $initialWidgets.length;\n    cy.log(`✓ Found ${initialWidgetCount} widgets in initial state`);\n    // Change to high security\n    cy.setSecurityLevels(_support_constants__WEBPACK_IMPORTED_MODULE_0__.SECURITY_LEVELS.HIGH, _support_constants__WEBPACK_IMPORTED_MODULE_0__.SECURITY_LEVELS.HIGH, _support_constants__WEBPACK_IMPORTED_MODULE_0__.SECURITY_LEVELS.HIGH);\n    // Verify all widgets still rendered and potentially updated\n    cy.get('[data-testid*=\"widget\"]').then(($widgets) => {\n        expect($widgets.length).to.be.at.least(initialWidgetCount);\n        cy.log(`✓ All ${$widgets.length} widgets updated successfully`);\n    });\n});\ncy.log(\"✅ All widgets respond to security level changes\");",
                  "err": {},
                  "uuid": "a35b86a9-68d7-479a-8153-d45bfc9c43ac",
                  "parentUUID": "acccfa25-8825-40ad-b442-2f3263c04ef1",
                  "isHook": false,
                  "skipped": false
                },
                {
                  "title": "should show consistent security level across all displaying widgets",
                  "fullTitle": "Cross-Widget Interactions Security Level to All Widgets should show consistent security level across all displaying widgets",
                  "timedOut": null,
                  "duration": 1339,
                  "state": "passed",
                  "speed": "fast",
                  "pass": true,
                  "fail": false,
                  "pending": false,
                  "context": null,
                  "code": "cy.log(\"🔍 Testing security level consistency across widgets\");\n// Set security levels\ncy.setSecurityLevels(_support_constants__WEBPACK_IMPORTED_MODULE_0__.SECURITY_LEVELS.MODERATE, _support_constants__WEBPACK_IMPORTED_MODULE_0__.SECURITY_LEVELS.HIGH, _support_constants__WEBPACK_IMPORTED_MODULE_0__.SECURITY_LEVELS.MODERATE);\n// Check body text for consistency\ncy.get(\"body\").then(($body) => {\n    const pageText = $body.text().toLowerCase();\n    // Verify \"high\" appears (from Integrity: High)\n    const hasHigh = pageText.includes(\"high\");\n    // Verify \"moderate\" appears (from Availability and Confidentiality)\n    const hasModerate = pageText.includes(\"moderate\");\n    cy.log(`✓ High security level mentioned: ${hasHigh}`);\n    cy.log(`✓ Moderate security level mentioned: ${hasModerate}`);\n    // At least one widget should show the selected levels\n    expect(hasHigh || hasModerate).to.be.true;\n});\ncy.log(\"✅ Security levels consistently displayed across widgets\");",
                  "err": {},
                  "uuid": "e98ea501-d5c3-43c2-91e3-0f074ef2b405",
                  "parentUUID": "acccfa25-8825-40ad-b442-2f3263c04ef1",
                  "isHook": false,
                  "skipped": false
                }
              ],
              "suites": [],
              "passes": [
                "a35b86a9-68d7-479a-8153-d45bfc9c43ac",
                "e98ea501-d5c3-43c2-91e3-0f074ef2b405"
              ],
              "failures": [],
              "pending": [],
              "skipped": [],
              "duration": 4188,
              "root": false,
              "rootEmpty": false,
              "_timeout": 2000
            },
            {
              "uuid": "7a5fd88e-8d86-489b-972d-b282e9033595",
              "title": "Cost Estimation Widget Integration",
              "fullFile": "",
              "file": "",
              "beforeHooks": [],
              "afterHooks": [],
              "tests": [
                {
                  "title": "should update costs when security levels change",
                  "fullTitle": "Cross-Widget Interactions Cost Estimation Widget Integration should update costs when security levels change",
                  "timedOut": null,
                  "duration": 2335,
                  "state": "passed",
                  "speed": "fast",
                  "pass": true,
                  "fail": false,
                  "pending": false,
                  "context": null,
                  "code": "cy.log(\"💰 Testing Cost Estimation Widget integration\");\n// Start with low security\ncy.setSecurityLevels(_support_constants__WEBPACK_IMPORTED_MODULE_0__.SECURITY_LEVELS.LOW, _support_constants__WEBPACK_IMPORTED_MODULE_0__.SECURITY_LEVELS.LOW, _support_constants__WEBPACK_IMPORTED_MODULE_0__.SECURITY_LEVELS.LOW);\ncy.get('[data-testid*=\"cost\"]')\n    .first()\n    .invoke(\"text\")\n    .then((lowSecurityCostText) => {\n    cy.log(`Low security cost display: ${lowSecurityCostText.slice(0, 50)}...`);\n    // Change to high security\n    cy.setSecurityLevels(_support_constants__WEBPACK_IMPORTED_MODULE_0__.SECURITY_LEVELS.HIGH, _support_constants__WEBPACK_IMPORTED_MODULE_0__.SECURITY_LEVELS.HIGH, _support_constants__WEBPACK_IMPORTED_MODULE_0__.SECURITY_LEVELS.HIGH);\n    cy.get('[data-testid*=\"cost\"]')\n        .first()\n        .invoke(\"text\")\n        .then((highSecurityCostText) => {\n        cy.log(`High security cost display: ${highSecurityCostText.slice(0, 50)}...`);\n        // Verify cost display changed (content should be different)\n        const costChanged = highSecurityCostText !== lowSecurityCostText;\n        if (costChanged) {\n            cy.log(\"✓ Cost estimation updated with security level change\");\n        }\n        else {\n            cy.log(\"ℹ Cost display appears unchanged\");\n        }\n        // Just verify the widget is present and has content\n        expect(highSecurityCostText.length).to.be.greaterThan(0);\n    });\n});\ncy.log(\"✅ Cost Estimation Widget responds to security changes\");",
                  "err": {},
                  "uuid": "050b2024-fc6f-4e8d-9315-f9e9203362bc",
                  "parentUUID": "7a5fd88e-8d86-489b-972d-b282e9033595",
                  "isHook": false,
                  "skipped": false
                }
              ],
              "suites": [],
              "passes": [
                "050b2024-fc6f-4e8d-9315-f9e9203362bc"
              ],
              "failures": [],
              "pending": [],
              "skipped": [],
              "duration": 2335,
              "root": false,
              "rootEmpty": false,
              "_timeout": 2000
            },
            {
              "uuid": "8426bab7-ba6a-4d64-83c9-514f4056f699",
              "title": "Widget Synchronization",
              "fullFile": "",
              "file": "",
              "beforeHooks": [],
              "afterHooks": [],
              "tests": [
                {
                  "title": "should synchronize all widgets within reasonable time",
                  "fullTitle": "Cross-Widget Interactions Widget Synchronization should synchronize all widgets within reasonable time",
                  "timedOut": null,
                  "duration": 1457,
                  "state": "passed",
                  "speed": "fast",
                  "pass": true,
                  "fail": false,
                  "pending": false,
                  "context": null,
                  "code": "cy.log(\"⚡ Testing widget synchronization performance\");\n// Make a change that affects all widgets\ncy.setSecurityLevels(_support_constants__WEBPACK_IMPORTED_MODULE_0__.SECURITY_LEVELS.HIGH, _support_constants__WEBPACK_IMPORTED_MODULE_0__.SECURITY_LEVELS.HIGH, _support_constants__WEBPACK_IMPORTED_MODULE_0__.SECURITY_LEVELS.HIGH);\n// Verify all widgets are visible and synchronized\ncy.verifyMinimumWidgets(5);\ncy.get('[data-testid*=\"widget\"]').should(\"have.length.at.least\", 5);\ncy.log(\"✅ Widget synchronization performance acceptable\");",
                  "err": {},
                  "uuid": "3ee8ce9e-8483-489d-a27c-8ea8472f5e73",
                  "parentUUID": "8426bab7-ba6a-4d64-83c9-514f4056f699",
                  "isHook": false,
                  "skipped": false
                },
                {
                  "title": "should maintain synchronization during rapid changes",
                  "fullTitle": "Cross-Widget Interactions Widget Synchronization should maintain synchronization during rapid changes",
                  "timedOut": null,
                  "duration": 1548,
                  "state": "passed",
                  "speed": "fast",
                  "pass": true,
                  "fail": false,
                  "pending": false,
                  "context": null,
                  "code": "cy.log(\"⚡ Testing synchronization under rapid changes\");\n// Perform rapid changes\nfor (let i = 0; i < 5; i++) {\n    const level = i % 2 === 0 ? _support_constants__WEBPACK_IMPORTED_MODULE_0__.SECURITY_LEVELS.LOW : _support_constants__WEBPACK_IMPORTED_MODULE_0__.SECURITY_LEVELS.HIGH;\n    cy.get(\"select\").eq(0).select(level, { force: true });\n}\n// Verify all widgets still functional by checking they exist\ncy.verifyMinimumWidgets(5);\ncy.get('[data-testid*=\"widget\"]').should(\"have.length.at.least\", 5);\ncy.log(\"✅ Synchronization maintained during rapid changes\");",
                  "err": {},
                  "uuid": "b02f4017-b2a5-4c66-bd9d-6bc45d36200e",
                  "parentUUID": "8426bab7-ba6a-4d64-83c9-514f4056f699",
                  "isHook": false,
                  "skipped": false
                }
              ],
              "suites": [],
              "passes": [
                "3ee8ce9e-8483-489d-a27c-8ea8472f5e73",
                "b02f4017-b2a5-4c66-bd9d-6bc45d36200e"
              ],
              "failures": [],
              "pending": [],
              "skipped": [],
              "duration": 3005,
              "root": false,
              "rootEmpty": false,
              "_timeout": 2000
            },
            {
              "uuid": "d004ef6f-d528-45c8-a370-73b68e56bdfd",
              "title": "Data Flow Validation",
              "fullFile": "",
              "file": "",
              "beforeHooks": [],
              "afterHooks": [],
              "tests": [
                {
                  "title": "should flow data correctly from inputs to all output widgets",
                  "fullTitle": "Cross-Widget Interactions Data Flow Validation should flow data correctly from inputs to all output widgets",
                  "timedOut": null,
                  "duration": 1388,
                  "state": "passed",
                  "speed": "fast",
                  "pass": true,
                  "fail": false,
                  "pending": false,
                  "context": null,
                  "code": "cy.log(\"🔄 Testing end-to-end data flow\");\n// Step 1: Set inputs (security levels)\ncy.log(\"Step 1: Setting security level inputs\");\ncy.setSecurityLevels(_support_constants__WEBPACK_IMPORTED_MODULE_0__.SECURITY_LEVELS.MODERATE, _support_constants__WEBPACK_IMPORTED_MODULE_0__.SECURITY_LEVELS.HIGH, _support_constants__WEBPACK_IMPORTED_MODULE_0__.SECURITY_LEVELS.HIGH);\n// Step 2: Verify inputs registered\ncy.log(\"Step 2: Verifying inputs registered\");\ncy.get(\"select\").eq(0).should(\"have.value\", _support_constants__WEBPACK_IMPORTED_MODULE_0__.SECURITY_LEVELS.MODERATE);\ncy.get(\"select\").eq(1).should(\"have.value\", _support_constants__WEBPACK_IMPORTED_MODULE_0__.SECURITY_LEVELS.HIGH);\ncy.get(\"select\").eq(2).should(\"have.value\", _support_constants__WEBPACK_IMPORTED_MODULE_0__.SECURITY_LEVELS.HIGH);\n// Step 3: Verify outputs (widgets) updated\ncy.log(\"Step 3: Verifying outputs updated\");\nconst widgetTypes = [\n    \"summary\",\n    \"cost\",\n    \"compliance\",\n    \"impact\",\n    \"technical\",\n    \"value\",\n];\nwidgetTypes.forEach((type) => {\n    cy.get(`[data-testid*=\"${type}\"]`).then(($widgets) => {\n        if ($widgets.length > 0) {\n            cy.log(`✓ ${type} widgets updated (${$widgets.length} found)`);\n        }\n    });\n});\ncy.log(\"✅ End-to-end data flow validated\");",
                  "err": {},
                  "uuid": "539fc10d-0cb8-452c-b2b7-3926664b0812",
                  "parentUUID": "d004ef6f-d528-45c8-a370-73b68e56bdfd",
                  "isHook": false,
                  "skipped": false
                }
              ],
              "suites": [],
              "passes": [
                "539fc10d-0cb8-452c-b2b7-3926664b0812"
              ],
              "failures": [],
              "pending": [],
              "skipped": [],
              "duration": 1388,
              "root": false,
              "rootEmpty": false,
              "_timeout": 2000
            }
          ],
          "passes": [],
          "failures": [],
          "pending": [],
          "skipped": [],
          "duration": 0,
          "root": false,
          "rootEmpty": false,
          "_timeout": 2000
        }
      ],
      "passes": [],
      "failures": [],
      "pending": [],
      "skipped": [],
      "duration": 0,
      "root": true,
      "rootEmpty": true,
      "_timeout": 2000
    }
  ],
  "meta": {
    "mocha": {
      "version": "7.2.0"
    },
    "mochawesome": {
      "options": {
        "quiet": false,
        "reportFilename": "mochawesome",
        "saveHtml": true,
        "saveJson": true,
        "consoleReporter": "spec",
        "useInlineDiffs": false,
        "code": true
      },
      "version": "7.1.4"
    },
    "marge": {
      "options": {
        "id": "default",
        "reportDir": "build/cypress/mochawesome",
        "overwrite": false,
        "html": true,
        "json": true,
        "code": true,
        "timestamp": "mmddyyyy_HHMMss",
        "charts": true,
        "showHooks": "failed",
        "embeddedScreenshots": true
      },
      "version": "6.3.2"
    }
  }
}