{
  "stats": {
    "suites": 9,
    "tests": 20,
    "passes": 20,
    "pending": 0,
    "failures": 0,
    "start": "2026-01-16T14:03:43.782Z",
    "end": "2026-01-16T14:04:13.511Z",
    "duration": 29729,
    "testsRegistered": 20,
    "passPercent": 100,
    "pendingPercent": 0,
    "other": 0,
    "hasOther": false,
    "skipped": 0,
    "hasSkipped": false
  },
  "results": [
    {
      "uuid": "2aaa8585-c4fd-4182-ae80-2835bcee85e3",
      "title": "",
      "fullFile": "cypress/e2e/widgets/businessvalue/cost-estimation-enhanced.cy.ts",
      "file": "cypress/e2e/widgets/businessvalue/cost-estimation-enhanced.cy.ts",
      "beforeHooks": [],
      "afterHooks": [],
      "tests": [],
      "suites": [
        {
          "uuid": "d74da26f-6d43-4ffe-b87b-19b724ee72d6",
          "title": "Cost Estimation Widget - Enhanced",
          "fullFile": "",
          "file": "",
          "beforeHooks": [],
          "afterHooks": [],
          "tests": [],
          "suites": [
            {
              "uuid": "066012a0-2a21-47a4-810f-f160475f5253",
              "title": "Rendering",
              "fullFile": "",
              "file": "",
              "beforeHooks": [],
              "afterHooks": [],
              "tests": [
                {
                  "title": "should display widget with all elements",
                  "fullTitle": "Cost Estimation Widget - Enhanced Rendering should display widget with all elements",
                  "timedOut": null,
                  "duration": 1312,
                  "state": "passed",
                  "speed": "fast",
                  "pass": true,
                  "fail": false,
                  "pending": false,
                  "context": null,
                  "code": "cy.get(_support_selectors__WEBPACK_IMPORTED_MODULE_0__.costEstimationWidget.root).should('be.visible');\n// Verify key cost elements are present\ncy.get(_support_selectors__WEBPACK_IMPORTED_MODULE_0__.costEstimationWidget.capex).should('exist');\ncy.get(_support_selectors__WEBPACK_IMPORTED_MODULE_0__.costEstimationWidget.opex).should('exist');\ncy.get(_support_selectors__WEBPACK_IMPORTED_MODULE_0__.costEstimationWidget.total).should('exist');",
                  "err": {},
                  "uuid": "afaf9f8c-88a2-4cdb-b3aa-9fb4ceac7b8b",
                  "parentUUID": "066012a0-2a21-47a4-810f-f160475f5253",
                  "isHook": false,
                  "skipped": false
                },
                {
                  "title": "should display cost values after security level selection",
                  "fullTitle": "Cost Estimation Widget - Enhanced Rendering should display cost values after security level selection",
                  "timedOut": null,
                  "duration": 2124,
                  "state": "passed",
                  "speed": "fast",
                  "pass": true,
                  "fail": false,
                  "pending": false,
                  "context": null,
                  "code": "// Select moderate security levels\ncy.get(_support_selectors__WEBPACK_IMPORTED_MODULE_0__.securityLevelWidget.availabilitySelect).select(_support_constants__WEBPACK_IMPORTED_MODULE_1__.SECURITY_LEVELS.MODERATE, { force: true });\ncy.wait(INTERACTION_DELAY);\ncy.get(_support_selectors__WEBPACK_IMPORTED_MODULE_0__.securityLevelWidget.integritySelect).select(_support_constants__WEBPACK_IMPORTED_MODULE_1__.SECURITY_LEVELS.MODERATE, { force: true });\ncy.wait(INTERACTION_DELAY);\ncy.get(_support_selectors__WEBPACK_IMPORTED_MODULE_0__.securityLevelWidget.confidentialitySelect).select(_support_constants__WEBPACK_IMPORTED_MODULE_1__.SECURITY_LEVELS.MODERATE, { force: true });\ncy.wait(500);\n// Verify costs are displayed and not zero\ncy.get(_support_selectors__WEBPACK_IMPORTED_MODULE_0__.costEstimationWidget.total)\n    .should('be.visible')\n    .and('not.contain', '$0');",
                  "err": {},
                  "uuid": "ed85e363-76d6-4bad-a66e-60a8eb19f8f3",
                  "parentUUID": "066012a0-2a21-47a4-810f-f160475f5253",
                  "isHook": false,
                  "skipped": false
                },
                {
                  "title": "should display CAPEX and OPEX sections",
                  "fullTitle": "Cost Estimation Widget - Enhanced Rendering should display CAPEX and OPEX sections",
                  "timedOut": null,
                  "duration": 856,
                  "state": "passed",
                  "speed": "fast",
                  "pass": true,
                  "fail": false,
                  "pending": false,
                  "context": null,
                  "code": "// Component displays CAPEX and OPEX as MetricCards, not sections\ncy.get(_support_selectors__WEBPACK_IMPORTED_MODULE_0__.costEstimationWidget.capex).should('be.visible');\ncy.get(_support_selectors__WEBPACK_IMPORTED_MODULE_0__.costEstimationWidget.opex).should('be.visible');",
                  "err": {},
                  "uuid": "fcb7abc3-52fd-4d2b-8a12-e4f2733e078b",
                  "parentUUID": "066012a0-2a21-47a4-810f-f160475f5253",
                  "isHook": false,
                  "skipped": false
                },
                {
                  "title": "should show implementation timeline",
                  "fullTitle": "Cost Estimation Widget - Enhanced Rendering should show implementation timeline",
                  "timedOut": null,
                  "duration": 808,
                  "state": "passed",
                  "speed": "fast",
                  "pass": true,
                  "fail": false,
                  "pending": false,
                  "context": null,
                  "code": "cy.get('body').then($body => {\n    if ($body.find(_support_selectors__WEBPACK_IMPORTED_MODULE_0__.costEstimationWidget.implementationTime).length > 0) {\n        cy.get(_support_selectors__WEBPACK_IMPORTED_MODULE_0__.costEstimationWidget.implementationTime)\n            .should('be.visible')\n            .and('not.be.empty');\n    }\n    else {\n        cy.log('Implementation timeline not found (may be conditional)');\n    }\n});",
                  "err": {},
                  "uuid": "d88f5d70-16b7-4881-8428-cd1ccd882175",
                  "parentUUID": "066012a0-2a21-47a4-810f-f160475f5253",
                  "isHook": false,
                  "skipped": false
                }
              ],
              "suites": [],
              "passes": [
                "afaf9f8c-88a2-4cdb-b3aa-9fb4ceac7b8b",
                "ed85e363-76d6-4bad-a66e-60a8eb19f8f3",
                "fcb7abc3-52fd-4d2b-8a12-e4f2733e078b",
                "d88f5d70-16b7-4881-8428-cd1ccd882175"
              ],
              "failures": [],
              "pending": [],
              "skipped": [],
              "duration": 5100,
              "root": false,
              "rootEmpty": false,
              "_timeout": 2000
            },
            {
              "uuid": "67544811-8330-4bec-bba1-fb8e9c208be0",
              "title": "Cost Calculations",
              "fullFile": "",
              "file": "",
              "beforeHooks": [],
              "afterHooks": [],
              "tests": [
                {
                  "title": "should update costs when security levels change",
                  "fullTitle": "Cost Estimation Widget - Enhanced Cost Calculations should update costs when security levels change",
                  "timedOut": null,
                  "duration": 3856,
                  "state": "passed",
                  "speed": "fast",
                  "pass": true,
                  "fail": false,
                  "pending": false,
                  "context": null,
                  "code": "// Set low security levels\ncy.get(_support_selectors__WEBPACK_IMPORTED_MODULE_0__.securityLevelWidget.availabilitySelect).select(_support_constants__WEBPACK_IMPORTED_MODULE_1__.SECURITY_LEVELS.LOW, { force: true });\ncy.wait(INTERACTION_DELAY);\ncy.get(_support_selectors__WEBPACK_IMPORTED_MODULE_0__.securityLevelWidget.integritySelect).select(_support_constants__WEBPACK_IMPORTED_MODULE_1__.SECURITY_LEVELS.LOW, { force: true });\ncy.wait(INTERACTION_DELAY);\ncy.get(_support_selectors__WEBPACK_IMPORTED_MODULE_0__.securityLevelWidget.confidentialitySelect).select(_support_constants__WEBPACK_IMPORTED_MODULE_1__.SECURITY_LEVELS.LOW, { force: true });\ncy.wait(500);\n// Capture low cost\nlet lowCost;\ncy.get(_support_selectors__WEBPACK_IMPORTED_MODULE_0__.costEstimationWidget.total).invoke('text').then(text => {\n    lowCost = text;\n    cy.log(`Low security cost: ${lowCost}`);\n    // Set high security levels\n    cy.get(_support_selectors__WEBPACK_IMPORTED_MODULE_0__.securityLevelWidget.availabilitySelect).select(_support_constants__WEBPACK_IMPORTED_MODULE_1__.SECURITY_LEVELS.HIGH, { force: true });\n    cy.wait(INTERACTION_DELAY);\n    cy.get(_support_selectors__WEBPACK_IMPORTED_MODULE_0__.securityLevelWidget.integritySelect).select(_support_constants__WEBPACK_IMPORTED_MODULE_1__.SECURITY_LEVELS.HIGH, { force: true });\n    cy.wait(INTERACTION_DELAY);\n    cy.get(_support_selectors__WEBPACK_IMPORTED_MODULE_0__.securityLevelWidget.confidentialitySelect).select(_support_constants__WEBPACK_IMPORTED_MODULE_1__.SECURITY_LEVELS.HIGH, { force: true });\n    cy.wait(500);\n    // Verify high cost is different (and typically higher)\n    cy.get(_support_selectors__WEBPACK_IMPORTED_MODULE_0__.costEstimationWidget.total).invoke('text').should('not.equal', lowCost);\n    cy.log('✓ Costs update with security level changes');\n});",
                  "err": {},
                  "uuid": "62deeacf-4cae-4066-b241-fec3a0968f47",
                  "parentUUID": "67544811-8330-4bec-bba1-fb8e9c208be0",
                  "isHook": false,
                  "skipped": false
                },
                {
                  "title": "should show three-year total projection",
                  "fullTitle": "Cost Estimation Widget - Enhanced Cost Calculations should show three-year total projection",
                  "timedOut": null,
                  "duration": 880,
                  "state": "passed",
                  "speed": "fast",
                  "pass": true,
                  "fail": false,
                  "pending": false,
                  "context": null,
                  "code": "cy.get('body').then($body => {\n    if ($body.find(_support_selectors__WEBPACK_IMPORTED_MODULE_0__.costEstimationWidget.threeYearTotal).length > 0) {\n        cy.get(_support_selectors__WEBPACK_IMPORTED_MODULE_0__.costEstimationWidget.threeYearTotal)\n            .should('be.visible')\n            .and('contain', '$');\n    }\n    else {\n        cy.log('Three-year total not found (may be conditional)');\n    }\n});",
                  "err": {},
                  "uuid": "40b073ae-355b-4168-b8bb-83eb1cc19f89",
                  "parentUUID": "67544811-8330-4bec-bba1-fb8e9c208be0",
                  "isHook": false,
                  "skipped": false
                },
                {
                  "title": "should calculate higher costs for higher security levels",
                  "fullTitle": "Cost Estimation Widget - Enhanced Cost Calculations should calculate higher costs for higher security levels",
                  "timedOut": null,
                  "duration": 5319,
                  "state": "passed",
                  "speed": "medium",
                  "pass": true,
                  "fail": false,
                  "pending": false,
                  "context": null,
                  "code": "// Test progression from Low to Very High\nconst levels = [\n    _support_constants__WEBPACK_IMPORTED_MODULE_1__.SECURITY_LEVELS.LOW,\n    _support_constants__WEBPACK_IMPORTED_MODULE_1__.SECURITY_LEVELS.MODERATE,\n    _support_constants__WEBPACK_IMPORTED_MODULE_1__.SECURITY_LEVELS.HIGH,\n];\nlet previousCost = 0;\nlevels.forEach(level => {\n    cy.get(_support_selectors__WEBPACK_IMPORTED_MODULE_0__.securityLevelWidget.availabilitySelect).select(level, { force: true });\n    cy.wait(INTERACTION_DELAY);\n    cy.get(_support_selectors__WEBPACK_IMPORTED_MODULE_0__.securityLevelWidget.integritySelect).select(level, { force: true });\n    cy.wait(INTERACTION_DELAY);\n    cy.get(_support_selectors__WEBPACK_IMPORTED_MODULE_0__.securityLevelWidget.confidentialitySelect).select(level, { force: true });\n    cy.wait(500);\n    cy.get(_support_selectors__WEBPACK_IMPORTED_MODULE_0__.costEstimationWidget.total).invoke('text').then(text => {\n        // Extract numeric value (basic extraction)\n        const costMatch = text.match(/[\\d,]+/);\n        if (costMatch) {\n            const cost = parseInt(costMatch[0].replace(/,/g, ''), 10);\n            cy.log(`${level} security cost: ${cost}`);\n            if (previousCost > 0) {\n                // Higher security should generally mean higher cost\n                // Note: This is a general expectation, might need adjustment\n                cy.log(`Comparing ${cost} with previous ${previousCost}`);\n            }\n            previousCost = cost;\n        }\n    });\n});",
                  "err": {},
                  "uuid": "0a6c5371-f1e4-4a49-9dd7-27b1c9df5578",
                  "parentUUID": "67544811-8330-4bec-bba1-fb8e9c208be0",
                  "isHook": false,
                  "skipped": false
                }
              ],
              "suites": [],
              "passes": [
                "62deeacf-4cae-4066-b241-fec3a0968f47",
                "40b073ae-355b-4168-b8bb-83eb1cc19f89",
                "0a6c5371-f1e4-4a49-9dd7-27b1c9df5578"
              ],
              "failures": [],
              "pending": [],
              "skipped": [],
              "duration": 10055,
              "root": false,
              "rootEmpty": false,
              "_timeout": 2000
            },
            {
              "uuid": "479dad49-405c-4c6c-aec2-8ac03e99cac8",
              "title": "Error Handling",
              "fullFile": "",
              "file": "",
              "beforeHooks": [],
              "afterHooks": [],
              "tests": [
                {
                  "title": "should not display error state in normal operation",
                  "fullTitle": "Cost Estimation Widget - Enhanced Error Handling should not display error state in normal operation",
                  "timedOut": null,
                  "duration": 801,
                  "state": "passed",
                  "speed": "fast",
                  "pass": true,
                  "fail": false,
                  "pending": false,
                  "context": null,
                  "code": "cy.testWidgetError('widget-cost-estimation');",
                  "err": {},
                  "uuid": "70e8ed9e-b87c-44e4-8b96-b4ed21c433e6",
                  "parentUUID": "479dad49-405c-4c6c-aec2-8ac03e99cac8",
                  "isHook": false,
                  "skipped": false
                },
                {
                  "title": "should handle missing data gracefully",
                  "fullTitle": "Cost Estimation Widget - Enhanced Error Handling should handle missing data gracefully",
                  "timedOut": null,
                  "duration": 803,
                  "state": "passed",
                  "speed": "fast",
                  "pass": true,
                  "fail": false,
                  "pending": false,
                  "context": null,
                  "code": "// Widget should display even with default/empty state\ncy.get(_support_selectors__WEBPACK_IMPORTED_MODULE_0__.costEstimationWidget.root)\n    .should('be.visible')\n    .and('not.contain', 'Error');",
                  "err": {},
                  "uuid": "d039a6c4-dd3c-44e4-8626-b051076e1390",
                  "parentUUID": "479dad49-405c-4c6c-aec2-8ac03e99cac8",
                  "isHook": false,
                  "skipped": false
                }
              ],
              "suites": [],
              "passes": [
                "70e8ed9e-b87c-44e4-8b96-b4ed21c433e6",
                "d039a6c4-dd3c-44e4-8626-b051076e1390"
              ],
              "failures": [],
              "pending": [],
              "skipped": [],
              "duration": 1604,
              "root": false,
              "rootEmpty": false,
              "_timeout": 2000
            },
            {
              "uuid": "ebfc0de8-b604-446e-a65a-c72581f315ea",
              "title": "Loading States",
              "fullFile": "",
              "file": "",
              "beforeHooks": [],
              "afterHooks": [],
              "tests": [
                {
                  "title": "should not show loading indicator after initial load",
                  "fullTitle": "Cost Estimation Widget - Enhanced Loading States should not show loading indicator after initial load",
                  "timedOut": null,
                  "duration": 805,
                  "state": "passed",
                  "speed": "fast",
                  "pass": true,
                  "fail": false,
                  "pending": false,
                  "context": null,
                  "code": "// Check for loading indicator - will not exist after page load\ncy.get('body').then($body => {\n    if ($body.find('[data-testid=\"widget-container-loading-container-cost-estimation-widget\"]').length > 0) {\n        cy.get('[data-testid=\"widget-container-loading-container-cost-estimation-widget\"]').should('not.exist');\n    }\n});",
                  "err": {},
                  "uuid": "35691db6-511a-46bc-80b7-d7a20f12903d",
                  "parentUUID": "ebfc0de8-b604-446e-a65a-c72581f315ea",
                  "isHook": false,
                  "skipped": false
                },
                {
                  "title": "should display content instead of loading state",
                  "fullTitle": "Cost Estimation Widget - Enhanced Loading States should display content instead of loading state",
                  "timedOut": null,
                  "duration": 813,
                  "state": "passed",
                  "speed": "fast",
                  "pass": true,
                  "fail": false,
                  "pending": false,
                  "context": null,
                  "code": "cy.get(_support_selectors__WEBPACK_IMPORTED_MODULE_0__.costEstimationWidget.root)\n    .should('be.visible')\n    .and('not.contain', 'Loading...');",
                  "err": {},
                  "uuid": "61bcd3ad-171d-426d-a427-852ff95290a5",
                  "parentUUID": "ebfc0de8-b604-446e-a65a-c72581f315ea",
                  "isHook": false,
                  "skipped": false
                }
              ],
              "suites": [],
              "passes": [
                "35691db6-511a-46bc-80b7-d7a20f12903d",
                "61bcd3ad-171d-426d-a427-852ff95290a5"
              ],
              "failures": [],
              "pending": [],
              "skipped": [],
              "duration": 1618,
              "root": false,
              "rootEmpty": false,
              "_timeout": 2000
            },
            {
              "uuid": "6c521076-b83b-4ee7-86f8-70b6a76528c6",
              "title": "Responsive Design",
              "fullFile": "",
              "file": "",
              "beforeHooks": [],
              "afterHooks": [],
              "tests": [
                {
                  "title": "should adapt layout for mobile viewport",
                  "fullTitle": "Cost Estimation Widget - Enhanced Responsive Design should adapt layout for mobile viewport",
                  "timedOut": null,
                  "duration": 1305,
                  "state": "passed",
                  "speed": "fast",
                  "pass": true,
                  "fail": false,
                  "pending": false,
                  "context": null,
                  "code": "cy.viewport('iphone-x');\ncy.wait(500);\ncy.get(_support_selectors__WEBPACK_IMPORTED_MODULE_0__.costEstimationWidget.root)\n    .should('be.visible');\n// Cost values should be visible on mobile (MetricCards are responsive)\ncy.get(_support_selectors__WEBPACK_IMPORTED_MODULE_0__.costEstimationWidget.capex).should('exist');\ncy.get(_support_selectors__WEBPACK_IMPORTED_MODULE_0__.costEstimationWidget.opex).should('exist');",
                  "err": {},
                  "uuid": "feb98123-2a72-4226-8601-f79d47afa066",
                  "parentUUID": "6c521076-b83b-4ee7-86f8-70b6a76528c6",
                  "isHook": false,
                  "skipped": false
                },
                {
                  "title": "should adapt layout for tablet viewport",
                  "fullTitle": "Cost Estimation Widget - Enhanced Responsive Design should adapt layout for tablet viewport",
                  "timedOut": null,
                  "duration": 1310,
                  "state": "passed",
                  "speed": "fast",
                  "pass": true,
                  "fail": false,
                  "pending": false,
                  "context": null,
                  "code": "cy.viewport('ipad-2');\ncy.wait(500);\ncy.get(_support_selectors__WEBPACK_IMPORTED_MODULE_0__.costEstimationWidget.root)\n    .should('be.visible');",
                  "err": {},
                  "uuid": "a480af02-e6ef-4bec-be07-5093e69df159",
                  "parentUUID": "6c521076-b83b-4ee7-86f8-70b6a76528c6",
                  "isHook": false,
                  "skipped": false
                },
                {
                  "title": "should display properly on desktop viewport",
                  "fullTitle": "Cost Estimation Widget - Enhanced Responsive Design should display properly on desktop viewport",
                  "timedOut": null,
                  "duration": 1328,
                  "state": "passed",
                  "speed": "fast",
                  "pass": true,
                  "fail": false,
                  "pending": false,
                  "context": null,
                  "code": "cy.viewport('macbook-15');\ncy.wait(500);\ncy.get(_support_selectors__WEBPACK_IMPORTED_MODULE_0__.costEstimationWidget.root)\n    .should('be.visible');\n// All cost values should be visible on desktop\ncy.get(_support_selectors__WEBPACK_IMPORTED_MODULE_0__.costEstimationWidget.capex).should('be.visible');\ncy.get(_support_selectors__WEBPACK_IMPORTED_MODULE_0__.costEstimationWidget.opex).should('be.visible');\ncy.get(_support_selectors__WEBPACK_IMPORTED_MODULE_0__.costEstimationWidget.total).should('be.visible');",
                  "err": {},
                  "uuid": "be558c68-02bb-42c7-a107-d3aee6d43ce4",
                  "parentUUID": "6c521076-b83b-4ee7-86f8-70b6a76528c6",
                  "isHook": false,
                  "skipped": false
                }
              ],
              "suites": [],
              "passes": [
                "feb98123-2a72-4226-8601-f79d47afa066",
                "a480af02-e6ef-4bec-be07-5093e69df159",
                "be558c68-02bb-42c7-a107-d3aee6d43ce4"
              ],
              "failures": [],
              "pending": [],
              "skipped": [],
              "duration": 3943,
              "root": false,
              "rootEmpty": false,
              "_timeout": 2000
            },
            {
              "uuid": "4aa9e3c2-705d-4be8-a76d-1755efaae994",
              "title": "Accessibility",
              "fullFile": "",
              "file": "",
              "beforeHooks": [],
              "afterHooks": [],
              "tests": [
                {
                  "title": "should have proper ARIA labels",
                  "fullTitle": "Cost Estimation Widget - Enhanced Accessibility should have proper ARIA labels",
                  "timedOut": null,
                  "duration": 801,
                  "state": "passed",
                  "speed": "fast",
                  "pass": true,
                  "fail": false,
                  "pending": false,
                  "context": null,
                  "code": "// Widget container should have role region\ncy.get(_support_selectors__WEBPACK_IMPORTED_MODULE_0__.costEstimationWidget.root).within(() => {\n    cy.get('[role=\"region\"]').should('exist');\n});",
                  "err": {},
                  "uuid": "e2423378-68b9-4b56-9dc6-e5276a1b7e65",
                  "parentUUID": "4aa9e3c2-705d-4be8-a76d-1755efaae994",
                  "isHook": false,
                  "skipped": false
                },
                {
                  "title": "should have accessible cost value labels",
                  "fullTitle": "Cost Estimation Widget - Enhanced Accessibility should have accessible cost value labels",
                  "timedOut": null,
                  "duration": 824,
                  "state": "passed",
                  "speed": "fast",
                  "pass": true,
                  "fail": false,
                  "pending": false,
                  "context": null,
                  "code": "// Cost values should be clearly labeled\ncy.get(_support_selectors__WEBPACK_IMPORTED_MODULE_0__.costEstimationWidget.root).within(() => {\n    cy.contains(/CAPEX|Capital|Initial/i).should('be.visible');\n    cy.contains(/OPEX|Operational|Annual|Monthly/i).should('be.visible');\n});",
                  "err": {},
                  "uuid": "a43cd04d-79a1-4b6e-a0b2-1f8b82c35e0c",
                  "parentUUID": "4aa9e3c2-705d-4be8-a76d-1755efaae994",
                  "isHook": false,
                  "skipped": false
                },
                {
                  "title": "should pass basic accessibility checks",
                  "fullTitle": "Cost Estimation Widget - Enhanced Accessibility should pass basic accessibility checks",
                  "timedOut": null,
                  "duration": 882,
                  "state": "passed",
                  "speed": "fast",
                  "pass": true,
                  "fail": false,
                  "pending": false,
                  "context": null,
                  "code": "cy.checkA11y();",
                  "err": {},
                  "uuid": "43ca7b1b-d806-49f6-a45e-9b985d9fa511",
                  "parentUUID": "4aa9e3c2-705d-4be8-a76d-1755efaae994",
                  "isHook": false,
                  "skipped": false
                }
              ],
              "suites": [],
              "passes": [
                "e2423378-68b9-4b56-9dc6-e5276a1b7e65",
                "a43cd04d-79a1-4b6e-a0b2-1f8b82c35e0c",
                "43ca7b1b-d806-49f6-a45e-9b985d9fa511"
              ],
              "failures": [],
              "pending": [],
              "skipped": [],
              "duration": 2507,
              "root": false,
              "rootEmpty": false,
              "_timeout": 2000
            },
            {
              "uuid": "f7fb0e38-a698-4fc4-ae2e-910f9dff54bf",
              "title": "Interactions",
              "fullFile": "",
              "file": "",
              "beforeHooks": [],
              "afterHooks": [],
              "tests": [
                {
                  "title": "should respond quickly to security level changes",
                  "fullTitle": "Cost Estimation Widget - Enhanced Interactions should respond quickly to security level changes",
                  "timedOut": null,
                  "duration": 1005,
                  "state": "passed",
                  "speed": "fast",
                  "pass": true,
                  "fail": false,
                  "pending": false,
                  "context": null,
                  "code": "const startTime = Date.now();\ncy.get(_support_selectors__WEBPACK_IMPORTED_MODULE_0__.securityLevelWidget.availabilitySelect)\n    .select(_support_constants__WEBPACK_IMPORTED_MODULE_1__.SECURITY_LEVELS.HIGH, { force: true });\ncy.get(_support_selectors__WEBPACK_IMPORTED_MODULE_0__.costEstimationWidget.root).should('be.visible');\ncy.then(() => {\n    const responseTime = Date.now() - startTime;\n    cy.log(`Widget response time: ${responseTime}ms`);\n    expect(responseTime).to.be.lessThan(1000);\n});",
                  "err": {},
                  "uuid": "229ac0f8-0e44-497d-b6fe-a085330219a5",
                  "parentUUID": "f7fb0e38-a698-4fc4-ae2e-910f9dff54bf",
                  "isHook": false,
                  "skipped": false
                },
                {
                  "title": "should maintain cost display during rapid level changes",
                  "fullTitle": "Cost Estimation Widget - Enhanced Interactions should maintain cost display during rapid level changes",
                  "timedOut": null,
                  "duration": 1963,
                  "state": "passed",
                  "speed": "fast",
                  "pass": true,
                  "fail": false,
                  "pending": false,
                  "context": null,
                  "code": "// Rapidly change security levels\ncy.get(_support_selectors__WEBPACK_IMPORTED_MODULE_0__.securityLevelWidget.availabilitySelect).select(_support_constants__WEBPACK_IMPORTED_MODULE_1__.SECURITY_LEVELS.HIGH, { force: true });\ncy.get(_support_selectors__WEBPACK_IMPORTED_MODULE_0__.securityLevelWidget.availabilitySelect).select(_support_constants__WEBPACK_IMPORTED_MODULE_1__.SECURITY_LEVELS.LOW, { force: true });\ncy.get(_support_selectors__WEBPACK_IMPORTED_MODULE_0__.securityLevelWidget.availabilitySelect).select(_support_constants__WEBPACK_IMPORTED_MODULE_1__.SECURITY_LEVELS.MODERATE, { force: true });\ncy.wait(500);\n// Widget should still display costs correctly\ncy.get(_support_selectors__WEBPACK_IMPORTED_MODULE_0__.costEstimationWidget.root)\n    .should('be.visible')\n    .and('not.contain', 'Error')\n    .and('not.contain', 'NaN');",
                  "err": {},
                  "uuid": "300feea7-08cc-4a4d-9620-eea5622c567d",
                  "parentUUID": "f7fb0e38-a698-4fc4-ae2e-910f9dff54bf",
                  "isHook": false,
                  "skipped": false
                }
              ],
              "suites": [],
              "passes": [
                "229ac0f8-0e44-497d-b6fe-a085330219a5",
                "300feea7-08cc-4a4d-9620-eea5622c567d"
              ],
              "failures": [],
              "pending": [],
              "skipped": [],
              "duration": 2968,
              "root": false,
              "rootEmpty": false,
              "_timeout": 2000
            },
            {
              "uuid": "aaab634a-6c16-4363-a753-9fab38abed73",
              "title": "Content Validation",
              "fullFile": "",
              "file": "",
              "beforeHooks": [],
              "afterHooks": [],
              "tests": [
                {
                  "title": "should display expected cost-related content",
                  "fullTitle": "Cost Estimation Widget - Enhanced Content Validation should display expected cost-related content",
                  "timedOut": null,
                  "duration": 825,
                  "state": "passed",
                  "speed": "fast",
                  "pass": true,
                  "fail": false,
                  "pending": false,
                  "context": null,
                  "code": "// Verify financial terminology is present\ncy.get(_support_selectors__WEBPACK_IMPORTED_MODULE_0__.costEstimationWidget.root).invoke('text').then((text) => {\n    const hasFinancialTerms = /cost|expense|budget|investment|estimate|capex|opex/i.test(text);\n    expect(hasFinancialTerms).to.be.true;\n});",
                  "err": {},
                  "uuid": "db49fe27-7263-41be-a4a3-9b24acf18075",
                  "parentUUID": "aaab634a-6c16-4363-a753-9fab38abed73",
                  "isHook": false,
                  "skipped": false
                }
              ],
              "suites": [],
              "passes": [
                "db49fe27-7263-41be-a4a3-9b24acf18075"
              ],
              "failures": [],
              "pending": [],
              "skipped": [],
              "duration": 825,
              "root": false,
              "rootEmpty": false,
              "_timeout": 2000
            }
          ],
          "passes": [],
          "failures": [],
          "pending": [],
          "skipped": [],
          "duration": 0,
          "root": false,
          "rootEmpty": false,
          "_timeout": 2000
        }
      ],
      "passes": [],
      "failures": [],
      "pending": [],
      "skipped": [],
      "duration": 0,
      "root": true,
      "rootEmpty": true,
      "_timeout": 2000
    }
  ],
  "meta": {
    "mocha": {
      "version": "7.2.0"
    },
    "mochawesome": {
      "options": {
        "quiet": false,
        "reportFilename": "mochawesome",
        "saveHtml": true,
        "saveJson": true,
        "consoleReporter": "spec",
        "useInlineDiffs": false,
        "code": true
      },
      "version": "7.1.4"
    },
    "marge": {
      "options": {
        "id": "default",
        "reportDir": "build/cypress/mochawesome",
        "overwrite": false,
        "html": true,
        "json": true,
        "code": true,
        "timestamp": "mmddyyyy_HHMMss",
        "charts": true,
        "showHooks": "failed",
        "embeddedScreenshots": true
      },
      "version": "6.3.2"
    }
  }
}