{
  "stats": {
    "suites": 12,
    "tests": 33,
    "passes": 33,
    "pending": 0,
    "failures": 0,
    "start": "2026-07-24T16:34:54.176Z",
    "end": "2026-07-24T16:35:49.921Z",
    "duration": 55745,
    "testsRegistered": 33,
    "passPercent": 100,
    "pendingPercent": 0,
    "other": 0,
    "hasOther": false,
    "skipped": 0,
    "hasSkipped": false
  },
  "results": [
    {
      "uuid": "a1aee046-371c-4bc2-b251-d0ae7f13f46f",
      "title": "",
      "fullFile": "cypress/e2e/widgets/assessmentcenter/security-summary-enhanced.cy.ts",
      "file": "cypress/e2e/widgets/assessmentcenter/security-summary-enhanced.cy.ts",
      "beforeHooks": [],
      "afterHooks": [],
      "tests": [],
      "suites": [
        {
          "uuid": "64246a37-01be-4cfc-b8ec-9367200efa97",
          "title": "Security Summary Widget - Enhanced",
          "fullFile": "",
          "file": "",
          "beforeHooks": [],
          "afterHooks": [],
          "tests": [],
          "suites": [
            {
              "uuid": "332b64d7-c4ad-4a8d-bdb6-3de841aa2f1d",
              "title": "Rendering",
              "fullFile": "",
              "file": "",
              "beforeHooks": [],
              "afterHooks": [],
              "tests": [
                {
                  "title": "should display widget with all key elements",
                  "fullTitle": "Security Summary Widget - Enhanced Rendering should display widget with all key elements",
                  "timedOut": null,
                  "duration": 2420,
                  "state": "passed",
                  "speed": "fast",
                  "pass": true,
                  "fail": false,
                  "pending": false,
                  "context": null,
                  "code": "cy.get(_support_selectors__WEBPACK_IMPORTED_MODULE_0__.securitySummaryWidget.root).should('be.visible');\n// Verify overall security rating/level is displayed\ncy.get('body').then($body => {\n    if ($body.find(_support_selectors__WEBPACK_IMPORTED_MODULE_0__.securitySummaryWidget.overallRating).length > 0) {\n        cy.get(_support_selectors__WEBPACK_IMPORTED_MODULE_0__.securitySummaryWidget.overallRating).should('be.visible');\n    }\n    else {\n        cy.log('Overall rating element not found (may be displayed differently)');\n    }\n});",
                  "err": {},
                  "uuid": "c2a3039f-7899-4fe3-b83c-4ae09e4b22e6",
                  "parentUUID": "332b64d7-c4ad-4a8d-bdb6-3de841aa2f1d",
                  "isHook": false,
                  "skipped": false
                },
                {
                  "title": "should display CIA security cards",
                  "fullTitle": "Security Summary Widget - Enhanced Rendering should display CIA security cards",
                  "timedOut": null,
                  "duration": 1263,
                  "state": "passed",
                  "speed": "fast",
                  "pass": true,
                  "fail": false,
                  "pending": false,
                  "context": null,
                  "code": "// Check for CIA component cards\ncy.get('body').then($body => {\n    if ($body.find(_support_selectors__WEBPACK_IMPORTED_MODULE_0__.securitySummaryWidget.availabilityCard).length > 0) {\n        // Cards may be clipped by overflow, so check for existence\n        cy.get(_support_selectors__WEBPACK_IMPORTED_MODULE_0__.securitySummaryWidget.availabilityCard).should('exist');\n        cy.get(_support_selectors__WEBPACK_IMPORTED_MODULE_0__.securitySummaryWidget.integrityCard).should('exist');\n        cy.get(_support_selectors__WEBPACK_IMPORTED_MODULE_0__.securitySummaryWidget.confidentialityCard).should('exist');\n    }\n    else {\n        cy.log('CIA cards not found (may use different layout)');\n    }\n});",
                  "err": {},
                  "uuid": "cd758c52-d04b-4e75-bf31-26aca5eec574",
                  "parentUUID": "332b64d7-c4ad-4a8d-bdb6-3de841aa2f1d",
                  "isHook": false,
                  "skipped": false
                },
                {
                  "title": "should display security level badge",
                  "fullTitle": "Security Summary Widget - Enhanced Rendering should display security level badge",
                  "timedOut": null,
                  "duration": 1058,
                  "state": "passed",
                  "speed": "fast",
                  "pass": true,
                  "fail": false,
                  "pending": false,
                  "context": null,
                  "code": "cy.get('body').then($body => {\n    if ($body.find(_support_selectors__WEBPACK_IMPORTED_MODULE_0__.securitySummaryWidget.levelBadge).length > 0) {\n        cy.get(_support_selectors__WEBPACK_IMPORTED_MODULE_0__.securitySummaryWidget.levelBadge)\n            .should('be.visible')\n            .and('not.be.empty');\n    }\n    else {\n        cy.log('Security level badge not found (may use different indicator)');\n    }\n});",
                  "err": {},
                  "uuid": "b5c60a8d-b181-4a83-be64-2352a98d3094",
                  "parentUUID": "332b64d7-c4ad-4a8d-bdb6-3de841aa2f1d",
                  "isHook": false,
                  "skipped": false
                },
                {
                  "title": "should show summary description",
                  "fullTitle": "Security Summary Widget - Enhanced Rendering should show summary description",
                  "timedOut": null,
                  "duration": 1053,
                  "state": "passed",
                  "speed": "fast",
                  "pass": true,
                  "fail": false,
                  "pending": false,
                  "context": null,
                  "code": "cy.get('body').then($body => {\n    if ($body.find(_support_selectors__WEBPACK_IMPORTED_MODULE_0__.securitySummaryWidget.description).length > 0) {\n        cy.get(_support_selectors__WEBPACK_IMPORTED_MODULE_0__.securitySummaryWidget.description)\n            .should('be.visible')\n            .and('not.be.empty');\n    }\n    else {\n        cy.log('Summary description not found');\n    }\n});",
                  "err": {},
                  "uuid": "1ae744dd-b493-4df5-a25c-86c0621e135e",
                  "parentUUID": "332b64d7-c4ad-4a8d-bdb6-3de841aa2f1d",
                  "isHook": false,
                  "skipped": false
                }
              ],
              "suites": [],
              "passes": [
                "c2a3039f-7899-4fe3-b83c-4ae09e4b22e6",
                "cd758c52-d04b-4e75-bf31-26aca5eec574",
                "b5c60a8d-b181-4a83-be64-2352a98d3094",
                "1ae744dd-b493-4df5-a25c-86c0621e135e"
              ],
              "failures": [],
              "pending": [],
              "skipped": [],
              "duration": 5794,
              "root": false,
              "rootEmpty": false,
              "_timeout": 2000
            },
            {
              "uuid": "fc4d73c8-5201-45c7-a3fd-e2870f47c6b6",
              "title": "Tab Navigation",
              "fullFile": "",
              "file": "",
              "beforeHooks": [],
              "afterHooks": [],
              "tests": [
                {
                  "title": "should have accessible tabs if tabs are present",
                  "fullTitle": "Security Summary Widget - Enhanced Tab Navigation should have accessible tabs if tabs are present",
                  "timedOut": null,
                  "duration": 1573,
                  "state": "passed",
                  "speed": "fast",
                  "pass": true,
                  "fail": false,
                  "pending": false,
                  "context": null,
                  "code": "cy.get('body').then($body => {\n    const hasTabs = $body.find('[role=\"tab\"]').length > 0;\n    if (hasTabs) {\n        cy.log('Tabs found - testing tab navigation');\n        // Test keyboard navigation\n        cy.get('[role=\"tab\"]').first().focus();\n        cy.wait(200);\n        // Verify first tab is selected\n        cy.get('[role=\"tab\"]').first()\n            .should('have.attr', 'aria-selected', 'true');\n        // Navigate with arrow key\n        cy.focused().type('{rightarrow}');\n        cy.wait(200);\n        cy.log('✓ Tab keyboard navigation working');\n    }\n    else {\n        cy.log('No tabs found in widget (single-panel display)');\n    }\n});",
                  "err": {},
                  "uuid": "4d7b4c7f-f912-4d27-b774-27e559beed21",
                  "parentUUID": "fc4d73c8-5201-45c7-a3fd-e2870f47c6b6",
                  "isHook": false,
                  "skipped": false
                },
                {
                  "title": "should change content when switching tabs",
                  "fullTitle": "Security Summary Widget - Enhanced Tab Navigation should change content when switching tabs",
                  "timedOut": null,
                  "duration": 2413,
                  "state": "passed",
                  "speed": "fast",
                  "pass": true,
                  "fail": false,
                  "pending": false,
                  "context": null,
                  "code": "cy.get('body').then($body => {\n    const tabs = $body.find('[role=\"tab\"]');\n    if (tabs.length > 1) {\n        // Click first tab\n        cy.wrap(tabs.first()).click();\n        cy.wait(300);\n        // Get first tab content\n        let firstTabContent;\n        cy.get('[role=\"tabpanel\"]').invoke('text').then(text => {\n            firstTabContent = text;\n            // Click second tab\n            cy.wrap(tabs.eq(1)).click();\n            cy.wait(300);\n            // Verify content changed\n            cy.get('[role=\"tabpanel\"]').invoke('text')\n                .should('not.equal', firstTabContent);\n            cy.log('✓ Tab content changes correctly');\n        });\n    }\n    else {\n        cy.log('Not enough tabs for tab switching test');\n    }\n});",
                  "err": {},
                  "uuid": "77390a0c-6ee4-4369-b61d-75212e3bbe13",
                  "parentUUID": "fc4d73c8-5201-45c7-a3fd-e2870f47c6b6",
                  "isHook": false,
                  "skipped": false
                },
                {
                  "title": "should support Home/End key navigation if tabs present",
                  "fullTitle": "Security Summary Widget - Enhanced Tab Navigation should support Home/End key navigation if tabs present",
                  "timedOut": null,
                  "duration": 1649,
                  "state": "passed",
                  "speed": "fast",
                  "pass": true,
                  "fail": false,
                  "pending": false,
                  "context": null,
                  "code": "cy.get('body').then($body => {\n    const tabs = $body.find('[role=\"tab\"]');\n    if (tabs.length > 2) {\n        // Focus first tab\n        cy.wrap(tabs.first()).focus();\n        cy.wait(200);\n        // Press End to go to last tab\n        cy.focused().type('{end}');\n        cy.wait(300); // Increased wait time for tab activation\n        // Check if last tab is selected (may not work if keyboard nav not implemented)\n        cy.get('[role=\"tab\"]').last().then($lastTab => {\n            const isSelected = $lastTab.attr('aria-selected') === 'true';\n            if (isSelected) {\n                cy.log('✓ End key navigation working');\n                // Press Home to go back to first tab\n                cy.focused().type('{home}');\n                cy.wait(300);\n                cy.get('[role=\"tab\"]').first()\n                    .should('have.attr', 'aria-selected', 'true');\n                cy.log('✓ Home key navigation working');\n            }\n            else {\n                cy.log('Home/End key navigation not implemented');\n            }\n        });\n    }\n    else {\n        cy.log('Not enough tabs for Home/End key test');\n    }\n});",
                  "err": {},
                  "uuid": "38eb5b33-8fb9-4f2d-b9be-c35e05b9f25d",
                  "parentUUID": "fc4d73c8-5201-45c7-a3fd-e2870f47c6b6",
                  "isHook": false,
                  "skipped": false
                },
                {
                  "title": "should maintain tab state during security level changes",
                  "fullTitle": "Security Summary Widget - Enhanced Tab Navigation should maintain tab state during security level changes",
                  "timedOut": null,
                  "duration": 2235,
                  "state": "passed",
                  "speed": "fast",
                  "pass": true,
                  "fail": false,
                  "pending": false,
                  "context": null,
                  "code": "cy.get('body').then($body => {\n    const tabs = $body.find('[role=\"tab\"]');\n    if (tabs.length > 1) {\n        // Select second tab\n        cy.wrap(tabs.eq(1)).click();\n        cy.wait(300);\n        // Verify second tab is active\n        cy.wrap(tabs.eq(1)).should('have.attr', 'aria-selected', 'true');\n        // Change security level\n        cy.get(_support_selectors__WEBPACK_IMPORTED_MODULE_0__.securityLevelWidget.availabilitySelect)\n            .select(_support_constants__WEBPACK_IMPORTED_MODULE_1__.SECURITY_LEVELS.HIGH, { force: true });\n        cy.wait(500);\n        // Verify second tab is still active\n        cy.get('[role=\"tab\"]').eq(1)\n            .should('have.attr', 'aria-selected', 'true');\n        cy.log('✓ Tab state maintained during updates');\n    }\n    else {\n        cy.log('Not enough tabs for state persistence test');\n    }\n});",
                  "err": {},
                  "uuid": "6974e6e0-6326-4d43-93e3-8d5c0e266a0a",
                  "parentUUID": "fc4d73c8-5201-45c7-a3fd-e2870f47c6b6",
                  "isHook": false,
                  "skipped": false
                }
              ],
              "suites": [],
              "passes": [
                "4d7b4c7f-f912-4d27-b774-27e559beed21",
                "77390a0c-6ee4-4369-b61d-75212e3bbe13",
                "38eb5b33-8fb9-4f2d-b9be-c35e05b9f25d",
                "6974e6e0-6326-4d43-93e3-8d5c0e266a0a"
              ],
              "failures": [],
              "pending": [],
              "skipped": [],
              "duration": 7870,
              "root": false,
              "rootEmpty": false,
              "_timeout": 2000
            },
            {
              "uuid": "adaee9d9-402a-44e1-b41f-c6770145dc30",
              "title": "Security Level Updates",
              "fullFile": "",
              "file": "",
              "beforeHooks": [],
              "afterHooks": [],
              "tests": [
                {
                  "title": "should update summary when security levels change",
                  "fullTitle": "Security Summary Widget - Enhanced Security Level Updates should update summary when security levels change",
                  "timedOut": null,
                  "duration": 4175,
                  "state": "passed",
                  "speed": "fast",
                  "pass": true,
                  "fail": false,
                  "pending": false,
                  "context": null,
                  "code": "// Set low security levels\ncy.get(_support_selectors__WEBPACK_IMPORTED_MODULE_0__.securityLevelWidget.availabilitySelect).select(_support_constants__WEBPACK_IMPORTED_MODULE_1__.SECURITY_LEVELS.LOW, { force: true });\ncy.wait(200);\ncy.get(_support_selectors__WEBPACK_IMPORTED_MODULE_0__.securityLevelWidget.integritySelect).select(_support_constants__WEBPACK_IMPORTED_MODULE_1__.SECURITY_LEVELS.LOW, { force: true });\ncy.wait(200);\ncy.get(_support_selectors__WEBPACK_IMPORTED_MODULE_0__.securityLevelWidget.confidentialitySelect).select(_support_constants__WEBPACK_IMPORTED_MODULE_1__.SECURITY_LEVELS.LOW, { force: true });\ncy.wait(500);\n// Capture content\nlet lowContent;\ncy.get(_support_selectors__WEBPACK_IMPORTED_MODULE_0__.securitySummaryWidget.root).invoke('text').then(text => {\n    lowContent = text;\n    // Change to high security\n    cy.get(_support_selectors__WEBPACK_IMPORTED_MODULE_0__.securityLevelWidget.availabilitySelect).select(_support_constants__WEBPACK_IMPORTED_MODULE_1__.SECURITY_LEVELS.HIGH, { force: true });\n    cy.wait(200);\n    cy.get(_support_selectors__WEBPACK_IMPORTED_MODULE_0__.securityLevelWidget.integritySelect).select(_support_constants__WEBPACK_IMPORTED_MODULE_1__.SECURITY_LEVELS.HIGH, { force: true });\n    cy.wait(200);\n    cy.get(_support_selectors__WEBPACK_IMPORTED_MODULE_0__.securityLevelWidget.confidentialitySelect).select(_support_constants__WEBPACK_IMPORTED_MODULE_1__.SECURITY_LEVELS.HIGH, { force: true });\n    cy.wait(500);\n    // Verify content changed\n    cy.get(_support_selectors__WEBPACK_IMPORTED_MODULE_0__.securitySummaryWidget.root).invoke('text')\n        .should('not.equal', lowContent);\n    // Should mention \"High\" security\n    cy.get(_support_selectors__WEBPACK_IMPORTED_MODULE_0__.securitySummaryWidget.root).should('contain', 'High');\n});",
                  "err": {},
                  "uuid": "8778a2a3-3c93-4296-aa97-47d1127bd623",
                  "parentUUID": "adaee9d9-402a-44e1-b41f-c6770145dc30",
                  "isHook": false,
                  "skipped": false
                },
                {
                  "title": "should reflect individual CIA level changes",
                  "fullTitle": "Security Summary Widget - Enhanced Security Level Updates should reflect individual CIA level changes",
                  "timedOut": null,
                  "duration": 2822,
                  "state": "passed",
                  "speed": "fast",
                  "pass": true,
                  "fail": false,
                  "pending": false,
                  "context": null,
                  "code": "// Set mixed security levels\ncy.get(_support_selectors__WEBPACK_IMPORTED_MODULE_0__.securityLevelWidget.availabilitySelect).select(_support_constants__WEBPACK_IMPORTED_MODULE_1__.SECURITY_LEVELS.HIGH, { force: true });\ncy.wait(200);\ncy.get(_support_selectors__WEBPACK_IMPORTED_MODULE_0__.securityLevelWidget.integritySelect).select(_support_constants__WEBPACK_IMPORTED_MODULE_1__.SECURITY_LEVELS.LOW, { force: true });\ncy.wait(200);\ncy.get(_support_selectors__WEBPACK_IMPORTED_MODULE_0__.securityLevelWidget.confidentialitySelect).select(_support_constants__WEBPACK_IMPORTED_MODULE_1__.SECURITY_LEVELS.MODERATE, { force: true });\ncy.wait(500);\n// Widget should show mixed levels\ncy.get(_support_selectors__WEBPACK_IMPORTED_MODULE_0__.securitySummaryWidget.root).should('be.visible');\n// Should contain different level indicators\ncy.get(_support_selectors__WEBPACK_IMPORTED_MODULE_0__.securitySummaryWidget.root).then($widget => {\n    const text = $widget.text();\n    cy.log(`Summary content: ${text.substring(0, 200)}...`);\n});",
                  "err": {},
                  "uuid": "024655a8-074e-4cb6-b534-5a49b3501acb",
                  "parentUUID": "adaee9d9-402a-44e1-b41f-c6770145dc30",
                  "isHook": false,
                  "skipped": false
                }
              ],
              "suites": [],
              "passes": [
                "8778a2a3-3c93-4296-aa97-47d1127bd623",
                "024655a8-074e-4cb6-b534-5a49b3501acb"
              ],
              "failures": [],
              "pending": [],
              "skipped": [],
              "duration": 6997,
              "root": false,
              "rootEmpty": false,
              "_timeout": 2000
            },
            {
              "uuid": "7f85155d-8c7f-492e-9fec-442b53f7ed09",
              "title": "Error Handling",
              "fullFile": "",
              "file": "",
              "beforeHooks": [],
              "afterHooks": [],
              "tests": [
                {
                  "title": "should not display error state in normal operation",
                  "fullTitle": "Security Summary Widget - Enhanced Error Handling should not display error state in normal operation",
                  "timedOut": null,
                  "duration": 993,
                  "state": "passed",
                  "speed": "fast",
                  "pass": true,
                  "fail": false,
                  "pending": false,
                  "context": null,
                  "code": "cy.testWidgetError('widget-security-summary');",
                  "err": {},
                  "uuid": "95593d09-5d66-45c9-a52a-b6a2113b5967",
                  "parentUUID": "7f85155d-8c7f-492e-9fec-442b53f7ed09",
                  "isHook": false,
                  "skipped": false
                },
                {
                  "title": "should handle empty state gracefully",
                  "fullTitle": "Security Summary Widget - Enhanced Error Handling should handle empty state gracefully",
                  "timedOut": null,
                  "duration": 1061,
                  "state": "passed",
                  "speed": "fast",
                  "pass": true,
                  "fail": false,
                  "pending": false,
                  "context": null,
                  "code": "cy.get(_support_selectors__WEBPACK_IMPORTED_MODULE_0__.securitySummaryWidget.root)\n    .should('be.visible')\n    .and('not.contain', 'Error');",
                  "err": {},
                  "uuid": "7852c73c-d638-410a-9bde-9b47e1bc10df",
                  "parentUUID": "7f85155d-8c7f-492e-9fec-442b53f7ed09",
                  "isHook": false,
                  "skipped": false
                }
              ],
              "suites": [],
              "passes": [
                "95593d09-5d66-45c9-a52a-b6a2113b5967",
                "7852c73c-d638-410a-9bde-9b47e1bc10df"
              ],
              "failures": [],
              "pending": [],
              "skipped": [],
              "duration": 2054,
              "root": false,
              "rootEmpty": false,
              "_timeout": 2000
            },
            {
              "uuid": "a32054d1-e0b5-415d-a5f9-24d462ad486d",
              "title": "Loading States",
              "fullFile": "",
              "file": "",
              "beforeHooks": [],
              "afterHooks": [],
              "tests": [
                {
                  "title": "should not show loading indicator after initial load",
                  "fullTitle": "Security Summary Widget - Enhanced Loading States should not show loading indicator after initial load",
                  "timedOut": null,
                  "duration": 1656,
                  "state": "passed",
                  "speed": "fast",
                  "pass": true,
                  "fail": false,
                  "pending": false,
                  "context": null,
                  "code": "// Check for loading indicator - will not exist after page load\ncy.get('body').then($body => {\n    if ($body.find('[data-testid=\"widget-container-loading-container-security-summary-widget\"]').length > 0) {\n        cy.get('[data-testid=\"widget-container-loading-container-security-summary-widget\"]').should('not.exist');\n    }\n});",
                  "err": {},
                  "uuid": "beb5ae4f-7022-4a7a-a173-2db87f86914d",
                  "parentUUID": "a32054d1-e0b5-415d-a5f9-24d462ad486d",
                  "isHook": false,
                  "skipped": false
                },
                {
                  "title": "should display content instead of loading state",
                  "fullTitle": "Security Summary Widget - Enhanced Loading States should display content instead of loading state",
                  "timedOut": null,
                  "duration": 1063,
                  "state": "passed",
                  "speed": "fast",
                  "pass": true,
                  "fail": false,
                  "pending": false,
                  "context": null,
                  "code": "cy.get(_support_selectors__WEBPACK_IMPORTED_MODULE_0__.securitySummaryWidget.root)\n    .should('be.visible')\n    .and('not.contain', 'Loading...');",
                  "err": {},
                  "uuid": "2936ed7a-36ef-4984-b935-adb9a39ba3dd",
                  "parentUUID": "a32054d1-e0b5-415d-a5f9-24d462ad486d",
                  "isHook": false,
                  "skipped": false
                }
              ],
              "suites": [],
              "passes": [
                "beb5ae4f-7022-4a7a-a173-2db87f86914d",
                "2936ed7a-36ef-4984-b935-adb9a39ba3dd"
              ],
              "failures": [],
              "pending": [],
              "skipped": [],
              "duration": 2719,
              "root": false,
              "rootEmpty": false,
              "_timeout": 2000
            },
            {
              "uuid": "1f9a025a-7f6b-4986-9098-0a2a740b763e",
              "title": "Responsive Design",
              "fullFile": "",
              "file": "",
              "beforeHooks": [],
              "afterHooks": [],
              "tests": [
                {
                  "title": "should adapt to mobile viewport",
                  "fullTitle": "Security Summary Widget - Enhanced Responsive Design should adapt to mobile viewport",
                  "timedOut": null,
                  "duration": 1581,
                  "state": "passed",
                  "speed": "fast",
                  "pass": true,
                  "fail": false,
                  "pending": false,
                  "context": null,
                  "code": "cy.viewport('iphone-x');\ncy.wait(500);\ncy.get(_support_selectors__WEBPACK_IMPORTED_MODULE_0__.securitySummaryWidget.root)\n    .should('be.visible');\n// Cards should exist on mobile (may be clipped/scrollable)\ncy.get('body').then($body => {\n    if ($body.find(_support_selectors__WEBPACK_IMPORTED_MODULE_0__.securitySummaryWidget.availabilityCard).length > 0) {\n        cy.get(_support_selectors__WEBPACK_IMPORTED_MODULE_0__.securitySummaryWidget.availabilityCard).should('exist');\n    }\n});",
                  "err": {},
                  "uuid": "9b146eb2-dd69-4214-a998-a7ab2d388720",
                  "parentUUID": "1f9a025a-7f6b-4986-9098-0a2a740b763e",
                  "isHook": false,
                  "skipped": false
                },
                {
                  "title": "should adapt to tablet viewport",
                  "fullTitle": "Security Summary Widget - Enhanced Responsive Design should adapt to tablet viewport",
                  "timedOut": null,
                  "duration": 1572,
                  "state": "passed",
                  "speed": "fast",
                  "pass": true,
                  "fail": false,
                  "pending": false,
                  "context": null,
                  "code": "cy.viewport('ipad-2');\ncy.wait(500);\ncy.get(_support_selectors__WEBPACK_IMPORTED_MODULE_0__.securitySummaryWidget.root)\n    .should('be.visible');",
                  "err": {},
                  "uuid": "92be0d32-bef3-424d-9212-7e228ad93b0c",
                  "parentUUID": "1f9a025a-7f6b-4986-9098-0a2a740b763e",
                  "isHook": false,
                  "skipped": false
                },
                {
                  "title": "should display properly on desktop",
                  "fullTitle": "Security Summary Widget - Enhanced Responsive Design should display properly on desktop",
                  "timedOut": null,
                  "duration": 1561,
                  "state": "passed",
                  "speed": "fast",
                  "pass": true,
                  "fail": false,
                  "pending": false,
                  "context": null,
                  "code": "cy.viewport('macbook-15');\ncy.wait(500);\ncy.get(_support_selectors__WEBPACK_IMPORTED_MODULE_0__.securitySummaryWidget.root)\n    .should('be.visible');",
                  "err": {},
                  "uuid": "31967512-3634-49a2-a2fe-25c334bc2d05",
                  "parentUUID": "1f9a025a-7f6b-4986-9098-0a2a740b763e",
                  "isHook": false,
                  "skipped": false
                }
              ],
              "suites": [],
              "passes": [
                "9b146eb2-dd69-4214-a998-a7ab2d388720",
                "92be0d32-bef3-424d-9212-7e228ad93b0c",
                "31967512-3634-49a2-a2fe-25c334bc2d05"
              ],
              "failures": [],
              "pending": [],
              "skipped": [],
              "duration": 4714,
              "root": false,
              "rootEmpty": false,
              "_timeout": 2000
            },
            {
              "uuid": "0d2dbbc4-3ccb-4965-8633-b607aa3f7f6e",
              "title": "Accessibility",
              "fullFile": "",
              "file": "",
              "beforeHooks": [],
              "afterHooks": [],
              "tests": [
                {
                  "title": "should have proper ARIA labels",
                  "fullTitle": "Security Summary Widget - Enhanced Accessibility should have proper ARIA labels",
                  "timedOut": null,
                  "duration": 1096,
                  "state": "passed",
                  "speed": "fast",
                  "pass": true,
                  "fail": false,
                  "pending": false,
                  "context": null,
                  "code": "// Check for proper ARIA attributes on widget elements\ncy.get(_support_selectors__WEBPACK_IMPORTED_MODULE_0__.securitySummaryWidget.root).within(() => {\n    // Widget should have accessible structure\n    cy.get('[role=\"region\"]').should('exist');\n});",
                  "err": {},
                  "uuid": "3f1e2d3c-f436-4577-a66c-5d2e0e35fea6",
                  "parentUUID": "0d2dbbc4-3ccb-4965-8633-b607aa3f7f6e",
                  "isHook": false,
                  "skipped": false
                },
                {
                  "title": "should pass basic accessibility checks",
                  "fullTitle": "Security Summary Widget - Enhanced Accessibility should pass basic accessibility checks",
                  "timedOut": null,
                  "duration": 1193,
                  "state": "passed",
                  "speed": "fast",
                  "pass": true,
                  "fail": false,
                  "pending": false,
                  "context": null,
                  "code": "cy.checkA11y();",
                  "err": {},
                  "uuid": "517026c3-05d8-4f5d-a174-228be1232f10",
                  "parentUUID": "0d2dbbc4-3ccb-4965-8633-b607aa3f7f6e",
                  "isHook": false,
                  "skipped": false
                },
                {
                  "title": "should have accessible tab controls",
                  "fullTitle": "Security Summary Widget - Enhanced Accessibility should have accessible tab controls",
                  "timedOut": null,
                  "duration": 1814,
                  "state": "passed",
                  "speed": "fast",
                  "pass": true,
                  "fail": false,
                  "pending": false,
                  "context": null,
                  "code": "cy.get('body').then($body => {\n    const tabs = $body.find('[role=\"tab\"]');\n    if (tabs.length > 0) {\n        // Each tab should have accessible attributes\n        cy.get('[role=\"tab\"]').first().should('exist');\n        cy.log('✓ Tabs have proper structure');\n    }\n    else {\n        cy.log('No tabs present (single-panel display)');\n    }\n});",
                  "err": {},
                  "uuid": "5e3025bf-ab64-4531-af56-a6dddc671bcc",
                  "parentUUID": "0d2dbbc4-3ccb-4965-8633-b607aa3f7f6e",
                  "isHook": false,
                  "skipped": false
                },
                {
                  "title": "should support keyboard navigation",
                  "fullTitle": "Security Summary Widget - Enhanced Accessibility should support keyboard navigation",
                  "timedOut": null,
                  "duration": 1123,
                  "state": "passed",
                  "speed": "fast",
                  "pass": true,
                  "fail": false,
                  "pending": false,
                  "context": null,
                  "code": "// Focus first interactive element\ncy.get(_support_selectors__WEBPACK_IMPORTED_MODULE_0__.securitySummaryWidget.root).within(() => {\n    cy.get('button, a, select, input, [tabindex=\"0\"]').first().then(($el) => {\n        if ($el.length > 0) {\n            cy.wrap($el).focus();\n            cy.focused().should('exist');\n            cy.log('✓ Keyboard navigation supported');\n        }\n    });\n});",
                  "err": {},
                  "uuid": "5aefd921-4e21-4f4a-83a0-6f25e171a048",
                  "parentUUID": "0d2dbbc4-3ccb-4965-8633-b607aa3f7f6e",
                  "isHook": false,
                  "skipped": false
                },
                {
                  "title": "should have visible focus indicators",
                  "fullTitle": "Security Summary Widget - Enhanced Accessibility should have visible focus indicators",
                  "timedOut": null,
                  "duration": 1108,
                  "state": "passed",
                  "speed": "fast",
                  "pass": true,
                  "fail": false,
                  "pending": false,
                  "context": null,
                  "code": "cy.get(_support_selectors__WEBPACK_IMPORTED_MODULE_0__.securitySummaryWidget.root).within(() => {\n    cy.get('button, a, select').first().then(($el) => {\n        if ($el.length > 0) {\n            cy.wrap($el).focus();\n            cy.focused().then(($focused) => {\n                const element = $focused[0];\n                const win = element.ownerDocument.defaultView;\n                const style = win?.getComputedStyle(element);\n                // Check for focus indicator (outline or box-shadow)\n                const hasOutline = style?.outline && style.outline !== 'none';\n                const hasBoxShadow = style?.boxShadow && style.boxShadow !== 'none';\n                expect(hasOutline || hasBoxShadow).to.be.true;\n                cy.log('✓ Focus indicators visible');\n            });\n        }\n    });\n});",
                  "err": {},
                  "uuid": "632053fb-9cd3-4f7e-9f46-0d5e6964ece9",
                  "parentUUID": "0d2dbbc4-3ccb-4965-8633-b607aa3f7f6e",
                  "isHook": false,
                  "skipped": false
                },
                {
                  "title": "should have readable text in all themes",
                  "fullTitle": "Security Summary Widget - Enhanced Accessibility should have readable text in all themes",
                  "timedOut": null,
                  "duration": 1477,
                  "state": "passed",
                  "speed": "fast",
                  "pass": true,
                  "fail": false,
                  "pending": false,
                  "context": null,
                  "code": "// Test light mode\ncy.get('html').invoke('removeClass', 'dark');\ncy.wait(200);\ncy.get(_support_selectors__WEBPACK_IMPORTED_MODULE_0__.securitySummaryWidget.root).within(() => {\n    cy.get('h1, h2, h3, p, span').first().should('be.visible');\n});\n// Test dark mode\ncy.get('html').invoke('addClass', 'dark');\ncy.wait(200);\ncy.get(_support_selectors__WEBPACK_IMPORTED_MODULE_0__.securitySummaryWidget.root).within(() => {\n    cy.get('h1, h2, h3, p, span').first().should('be.visible');\n});\ncy.log('✓ Text readable in both themes');",
                  "err": {},
                  "uuid": "a6deba13-9038-496a-acb9-174f7ea6d74f",
                  "parentUUID": "0d2dbbc4-3ccb-4965-8633-b607aa3f7f6e",
                  "isHook": false,
                  "skipped": false
                }
              ],
              "suites": [],
              "passes": [
                "3f1e2d3c-f436-4577-a66c-5d2e0e35fea6",
                "517026c3-05d8-4f5d-a174-228be1232f10",
                "5e3025bf-ab64-4531-af56-a6dddc671bcc",
                "5aefd921-4e21-4f4a-83a0-6f25e171a048",
                "632053fb-9cd3-4f7e-9f46-0d5e6964ece9",
                "a6deba13-9038-496a-acb9-174f7ea6d74f"
              ],
              "failures": [],
              "pending": [],
              "skipped": [],
              "duration": 7811,
              "root": false,
              "rootEmpty": false,
              "_timeout": 2000
            },
            {
              "uuid": "d471bca5-92b0-429b-8a11-96709908459d",
              "title": "Content Validation",
              "fullFile": "",
              "file": "",
              "beforeHooks": [],
              "afterHooks": [],
              "tests": [
                {
                  "title": "should display security-related terminology",
                  "fullTitle": "Security Summary Widget - Enhanced Content Validation should display security-related terminology",
                  "timedOut": null,
                  "duration": 1069,
                  "state": "passed",
                  "speed": "fast",
                  "pass": true,
                  "fail": false,
                  "pending": false,
                  "context": null,
                  "code": "cy.get(_support_selectors__WEBPACK_IMPORTED_MODULE_0__.securitySummaryWidget.root).invoke('text').then((text) => {\n    const hasSecurityTerms = /security|risk|level|assessment|availability|integrity|confidentiality/i.test(text);\n    expect(hasSecurityTerms).to.be.true;\n});",
                  "err": {},
                  "uuid": "5a3d0d70-3c5d-4892-a2c6-6da445a337e2",
                  "parentUUID": "d471bca5-92b0-429b-8a11-96709908459d",
                  "isHook": false,
                  "skipped": false
                },
                {
                  "title": "should provide actionable summary information",
                  "fullTitle": "Security Summary Widget - Enhanced Content Validation should provide actionable summary information",
                  "timedOut": null,
                  "duration": 1044,
                  "state": "passed",
                  "speed": "fast",
                  "pass": true,
                  "fail": false,
                  "pending": false,
                  "context": null,
                  "code": "// Widget should contain informative content, not just labels\ncy.get(_support_selectors__WEBPACK_IMPORTED_MODULE_0__.securitySummaryWidget.root)\n    .invoke('text')\n    .then(text => {\n    // Should have substantial content (more than just widget title)\n    expect(text.length).to.be.greaterThan(50);\n});",
                  "err": {},
                  "uuid": "70d3907e-d5ec-4adf-a324-a8c35144d52a",
                  "parentUUID": "d471bca5-92b0-429b-8a11-96709908459d",
                  "isHook": false,
                  "skipped": false
                }
              ],
              "suites": [],
              "passes": [
                "5a3d0d70-3c5d-4892-a2c6-6da445a337e2",
                "70d3907e-d5ec-4adf-a324-a8c35144d52a"
              ],
              "failures": [],
              "pending": [],
              "skipped": [],
              "duration": 2113,
              "root": false,
              "rootEmpty": false,
              "_timeout": 2000
            },
            {
              "uuid": "a26326f2-41a9-47c4-a680-87c8e255dc09",
              "title": "Performance",
              "fullFile": "",
              "file": "",
              "beforeHooks": [],
              "afterHooks": [],
              "tests": [
                {
                  "title": "should update quickly when security levels change",
                  "fullTitle": "Security Summary Widget - Enhanced Performance should update quickly when security levels change",
                  "timedOut": null,
                  "duration": 1282,
                  "state": "passed",
                  "speed": "fast",
                  "pass": true,
                  "fail": false,
                  "pending": false,
                  "context": null,
                  "code": "const startTime = Date.now();\ncy.get(_support_selectors__WEBPACK_IMPORTED_MODULE_0__.securityLevelWidget.availabilitySelect)\n    .select(_support_constants__WEBPACK_IMPORTED_MODULE_1__.SECURITY_LEVELS.HIGH, { force: true });\ncy.get(_support_selectors__WEBPACK_IMPORTED_MODULE_0__.securitySummaryWidget.root).should('be.visible');\ncy.then(() => {\n    const responseTime = Date.now() - startTime;\n    cy.log(`Widget response time: ${responseTime}ms`);\n    expect(responseTime).to.be.lessThan(1000);\n});",
                  "err": {},
                  "uuid": "71942216-a019-4ff6-b992-b77be701fd86",
                  "parentUUID": "a26326f2-41a9-47c4-a680-87c8e255dc09",
                  "isHook": false,
                  "skipped": false
                }
              ],
              "suites": [],
              "passes": [
                "71942216-a019-4ff6-b992-b77be701fd86"
              ],
              "failures": [],
              "pending": [],
              "skipped": [],
              "duration": 1282,
              "root": false,
              "rootEmpty": false,
              "_timeout": 2000
            },
            {
              "uuid": "ec375d7c-059c-4bea-8919-aba5ce62eb08",
              "title": "Compact UI Redesign",
              "fullFile": "",
              "file": "",
              "beforeHooks": [],
              "afterHooks": [],
              "tests": [
                {
                  "title": "should fit within 3.5 viewport heights",
                  "fullTitle": "Security Summary Widget - Enhanced Compact UI Redesign should fit within 3.5 viewport heights",
                  "timedOut": null,
                  "duration": 1452,
                  "state": "passed",
                  "speed": "fast",
                  "pass": true,
                  "fail": false,
                  "pending": false,
                  "context": null,
                  "code": "// Set standard viewport\ncy.viewport(1280, 800);\ncy.wait(300);\ncy.get(_support_selectors__WEBPACK_IMPORTED_MODULE_0__.securitySummaryWidget.root).then(($widget) => {\n    if ($widget.length === 0) {\n        cy.log('Widget not found');\n        return;\n    }\n    const widgetHeight = $widget[0].scrollHeight;\n    const viewportHeight = Cypress.config('viewportHeight') || 800;\n    const maxAllowedHeight = viewportHeight * 3.5;\n    expect(widgetHeight).to.be.lessThan(maxAllowedHeight, `Widget height (${widgetHeight}px) should fit within 3.5 viewport heights (${maxAllowedHeight}px)`);\n    cy.log(`✓ Widget height: ${widgetHeight}px, Max allowed: ${maxAllowedHeight}px`);\n});",
                  "err": {},
                  "uuid": "1532419a-b3aa-4283-bac5-7be303b2aeb2",
                  "parentUUID": "ec375d7c-059c-4bea-8919-aba5ce62eb08",
                  "isHook": false,
                  "skipped": false
                },
                {
                  "title": "should use compact spacing classes",
                  "fullTitle": "Security Summary Widget - Enhanced Compact UI Redesign should use compact spacing classes",
                  "timedOut": null,
                  "duration": 1701,
                  "state": "passed",
                  "speed": "fast",
                  "pass": true,
                  "fail": false,
                  "pending": false,
                  "context": null,
                  "code": "cy.get(_support_selectors__WEBPACK_IMPORTED_MODULE_0__.securitySummaryWidget.root).then(($widget) => {\n    if ($widget.length === 0) {\n        cy.log('Widget not found');\n        return;\n    }\n    // Check for compact spacing (p-sm, gap-sm, space-y-sm)\n    cy.wrap($widget).within(() => {\n        cy.get('[class~=\"p-sm\"], [class~=\"gap-sm\"], [class~=\"space-y-sm\"]').then(($compact) => {\n            expect($compact.length).to.be.greaterThan(0, 'Should have elements with compact spacing');\n            cy.log(`✓ Found ${$compact.length} elements with compact spacing classes`);\n        });\n    });\n});",
                  "err": {},
                  "uuid": "d1bb8f3d-9fc3-433d-afb9-b7f545978fb3",
                  "parentUUID": "ec375d7c-059c-4bea-8919-aba5ce62eb08",
                  "isHook": false,
                  "skipped": false
                },
                {
                  "title": "should have minimal empty container space",
                  "fullTitle": "Security Summary Widget - Enhanced Compact UI Redesign should have minimal empty container space",
                  "timedOut": null,
                  "duration": 1072,
                  "state": "passed",
                  "speed": "fast",
                  "pass": true,
                  "fail": false,
                  "pending": false,
                  "context": null,
                  "code": "cy.get(_support_selectors__WEBPACK_IMPORTED_MODULE_0__.securitySummaryWidget.root).then(($widget) => {\n    if ($widget.length === 0) {\n        cy.log('Widget not found');\n        return;\n    }\n    // Check that widget uses content efficiently (no excessive padding)\n    // Look for excessively large padding - should have few or none\n    const largePaddingElements = $widget.find('[class~=\"p-lg\"], [class~=\"p-xl\"]');\n    const count = largePaddingElements.length;\n    cy.log(`Found ${count} elements with large padding (p-lg/p-xl)`);\n    // Should have minimal large padding - less than 5 elements is acceptable for complex tabbed widget\n    expect(count).to.be.lessThan(5, 'Should have minimal elements with large padding');\n});",
                  "err": {},
                  "uuid": "c8908b18-de36-4f93-a992-513d04b4a957",
                  "parentUUID": "ec375d7c-059c-4bea-8919-aba5ce62eb08",
                  "isHook": false,
                  "skipped": false
                }
              ],
              "suites": [],
              "passes": [
                "1532419a-b3aa-4283-bac5-7be303b2aeb2",
                "d1bb8f3d-9fc3-433d-afb9-b7f545978fb3",
                "c8908b18-de36-4f93-a992-513d04b4a957"
              ],
              "failures": [],
              "pending": [],
              "skipped": [],
              "duration": 4225,
              "root": false,
              "rootEmpty": false,
              "_timeout": 2000
            },
            {
              "uuid": "338e94bf-6c43-4334-8e52-25d89cba7edb",
              "title": "Theme Switching",
              "fullFile": "",
              "file": "",
              "beforeHooks": [],
              "afterHooks": [],
              "tests": [
                {
                  "title": "should apply dark theme classes correctly",
                  "fullTitle": "Security Summary Widget - Enhanced Theme Switching should apply dark theme classes correctly",
                  "timedOut": null,
                  "duration": 1420,
                  "state": "passed",
                  "speed": "fast",
                  "pass": true,
                  "fail": false,
                  "pending": false,
                  "context": null,
                  "code": "// Toggle to dark mode\ncy.get('html').invoke('addClass', 'dark');\ncy.wait(300);\ncy.get(_support_selectors__WEBPACK_IMPORTED_MODULE_0__.securitySummaryWidget.root).then(($widget) => {\n    if ($widget.length === 0) {\n        cy.log('Widget not found');\n        return;\n    }\n    // Check for dark mode styling\n    cy.wrap($widget).within(() => {\n        // Look for dark: prefixed classes or dark mode backgrounds\n        cy.get('[class*=\"dark:\"]').should('exist');\n        cy.log('✓ Dark theme classes applied');\n    });\n});",
                  "err": {},
                  "uuid": "ec6ab3bb-b6e7-4fef-8dba-b339f3efd096",
                  "parentUUID": "338e94bf-6c43-4334-8e52-25d89cba7edb",
                  "isHook": false,
                  "skipped": false
                },
                {
                  "title": "should maintain readability in dark mode",
                  "fullTitle": "Security Summary Widget - Enhanced Theme Switching should maintain readability in dark mode",
                  "timedOut": null,
                  "duration": 1638,
                  "state": "passed",
                  "speed": "fast",
                  "pass": true,
                  "fail": false,
                  "pending": false,
                  "context": null,
                  "code": "cy.get('html').invoke('addClass', 'dark');\ncy.wait(300);\ncy.get(_support_selectors__WEBPACK_IMPORTED_MODULE_0__.securitySummaryWidget.root).within(() => {\n    // Text should be visible\n    cy.get('h1, h2, h3, p').first().then(($el) => {\n        if ($el.length > 0) {\n            cy.wrap($el).should('be.visible');\n            cy.log('✓ Text visible in dark mode');\n        }\n    });\n});",
                  "err": {},
                  "uuid": "94eb243d-5a70-4697-be98-e56d1c6ed240",
                  "parentUUID": "338e94bf-6c43-4334-8e52-25d89cba7edb",
                  "isHook": false,
                  "skipped": false
                },
                {
                  "title": "should switch between light and dark seamlessly",
                  "fullTitle": "Security Summary Widget - Enhanced Theme Switching should switch between light and dark seamlessly",
                  "timedOut": null,
                  "duration": 2236,
                  "state": "passed",
                  "speed": "fast",
                  "pass": true,
                  "fail": false,
                  "pending": false,
                  "context": null,
                  "code": "// Start in light mode\ncy.get('html').invoke('removeClass', 'dark');\ncy.wait(200);\ncy.get(_support_selectors__WEBPACK_IMPORTED_MODULE_0__.securitySummaryWidget.root).should('be.visible');\n// Switch to dark\ncy.get('html').invoke('addClass', 'dark');\ncy.wait(200);\ncy.get(_support_selectors__WEBPACK_IMPORTED_MODULE_0__.securitySummaryWidget.root).should('be.visible');\n// Switch back to light\ncy.get('html').invoke('removeClass', 'dark');\ncy.wait(200);\ncy.get(_support_selectors__WEBPACK_IMPORTED_MODULE_0__.securitySummaryWidget.root).should('be.visible');\ncy.log('✓ Theme switching seamless');",
                  "err": {},
                  "uuid": "5d9a7714-87c0-4778-a965-e262c7923e25",
                  "parentUUID": "338e94bf-6c43-4334-8e52-25d89cba7edb",
                  "isHook": false,
                  "skipped": false
                },
                {
                  "title": "should maintain focus indicators in both themes",
                  "fullTitle": "Security Summary Widget - Enhanced Theme Switching should maintain focus indicators in both themes",
                  "timedOut": null,
                  "duration": 1777,
                  "state": "passed",
                  "speed": "fast",
                  "pass": true,
                  "fail": false,
                  "pending": false,
                  "context": null,
                  "code": "const viewports = ['light', 'dark'];\nviewports.forEach(theme => {\n    if (theme === 'dark') {\n        cy.get('html').invoke('addClass', 'dark');\n    }\n    else {\n        cy.get('html').invoke('removeClass', 'dark');\n    }\n    cy.wait(200);\n    cy.get(_support_selectors__WEBPACK_IMPORTED_MODULE_0__.securitySummaryWidget.root).within(() => {\n        cy.get('button, select').first().then(($el) => {\n            if ($el.length > 0) {\n                cy.wrap($el).focus();\n                cy.focused().should('exist');\n                cy.log(`✓ Focus works in ${theme} mode`);\n            }\n        });\n    });\n});",
                  "err": {},
                  "uuid": "94696317-ba4c-4ba5-8631-228f02211b1b",
                  "parentUUID": "338e94bf-6c43-4334-8e52-25d89cba7edb",
                  "isHook": false,
                  "skipped": false
                }
              ],
              "suites": [],
              "passes": [
                "ec6ab3bb-b6e7-4fef-8dba-b339f3efd096",
                "94eb243d-5a70-4697-be98-e56d1c6ed240",
                "5d9a7714-87c0-4778-a965-e262c7923e25",
                "94696317-ba4c-4ba5-8631-228f02211b1b"
              ],
              "failures": [],
              "pending": [],
              "skipped": [],
              "duration": 7071,
              "root": false,
              "rootEmpty": false,
              "_timeout": 2000
            }
          ],
          "passes": [],
          "failures": [],
          "pending": [],
          "skipped": [],
          "duration": 0,
          "root": false,
          "rootEmpty": false,
          "_timeout": 2000
        }
      ],
      "passes": [],
      "failures": [],
      "pending": [],
      "skipped": [],
      "duration": 0,
      "root": true,
      "rootEmpty": true,
      "_timeout": 2000
    }
  ],
  "meta": {
    "mocha": {
      "version": "7.2.0"
    },
    "mochawesome": {
      "options": {
        "quiet": false,
        "reportFilename": "mochawesome",
        "saveHtml": true,
        "saveJson": true,
        "consoleReporter": "spec",
        "useInlineDiffs": false,
        "code": true
      },
      "version": "7.1.4"
    },
    "marge": {
      "options": {
        "id": "default",
        "reportDir": "build/cypress/mochawesome",
        "overwrite": false,
        "html": true,
        "json": true,
        "code": true,
        "timestamp": "mmddyyyy_HHMMss",
        "charts": true,
        "showHooks": "failed",
        "embeddedScreenshots": true
      },
      "version": "6.3.2"
    }
  }
}