{
  "stats": {
    "suites": 7,
    "tests": 14,
    "passes": 14,
    "pending": 0,
    "failures": 0,
    "start": "2026-02-20T13:07:10.080Z",
    "end": "2026-02-20T13:07:34.823Z",
    "duration": 24743,
    "testsRegistered": 14,
    "passPercent": 100,
    "pendingPercent": 0,
    "other": 0,
    "hasOther": false,
    "skipped": 0,
    "hasSkipped": false
  },
  "results": [
    {
      "uuid": "9d7331a6-3b22-4b3a-864a-b90d50ea9de8",
      "title": "",
      "fullFile": "cypress/e2e/workflows/complete-assessment.cy.ts",
      "file": "cypress/e2e/workflows/complete-assessment.cy.ts",
      "beforeHooks": [],
      "afterHooks": [],
      "tests": [],
      "suites": [
        {
          "uuid": "fe60c7c8-920e-414f-bb91-b5471f2c733a",
          "title": "Complete Assessment Workflow",
          "fullFile": "",
          "file": "",
          "beforeHooks": [],
          "afterHooks": [],
          "tests": [],
          "suites": [
            {
              "uuid": "b9df4466-eefe-45fd-8b9c-b5e5db776e94",
              "title": "New User Assessment Journey",
              "fullFile": "",
              "file": "",
              "beforeHooks": [],
              "afterHooks": [],
              "tests": [
                {
                  "title": "should guide user through complete assessment process",
                  "fullTitle": "Complete Assessment Workflow New User Assessment Journey should guide user through complete assessment process",
                  "timedOut": null,
                  "duration": 2733,
                  "state": "passed",
                  "speed": "fast",
                  "pass": true,
                  "fail": false,
                  "pending": false,
                  "context": null,
                  "code": "cy.log(\"🎯 Starting new user assessment workflow\");\n// Step 1: Verify initial state - no security levels selected\ncy.log(\"Step 1: Verifying initial application state\");\ncy.get(\"body\").should(\"be.visible\");\ncy.get(\"select\").should(\"have.length.at.least\", 3);\n// Step 2-4: User selects security levels systematically\ncy.log(\"Step 2-4: Selecting security levels\");\ncy.setSecurityLevels(_support_constants__WEBPACK_IMPORTED_MODULE_0__.SECURITY_LEVELS.MODERATE, // Availability\n_support_constants__WEBPACK_IMPORTED_MODULE_0__.SECURITY_LEVELS.HIGH, // Integrity\n_support_constants__WEBPACK_IMPORTED_MODULE_0__.SECURITY_LEVELS.HIGH // Confidentiality\n);\n// Verify selections persisted\ncy.get(\"select\").eq(0).should(\"have.value\", _support_constants__WEBPACK_IMPORTED_MODULE_0__.SECURITY_LEVELS.MODERATE);\ncy.get(\"select\").eq(1).should(\"have.value\", _support_constants__WEBPACK_IMPORTED_MODULE_0__.SECURITY_LEVELS.HIGH);\ncy.get(\"select\").eq(2).should(\"have.value\", _support_constants__WEBPACK_IMPORTED_MODULE_0__.SECURITY_LEVELS.HIGH);\n// Step 5: Review Security Summary\ncy.log(\"Step 5: Reviewing security summary\");\ncy.get('[data-testid*=\"security-summary\"], [data-testid*=\"summary\"]').then(($widgets) => {\n    if ($widgets.length > 0) {\n        cy.log(\"✓ Security summary widget found\");\n        expect($widgets.length).to.be.at.least(1);\n    }\n    else {\n        cy.log(\"ℹ Security summary not visible - may be in collapsed state\");\n    }\n});\n// Step 6: Review Business Impact Analysis\ncy.log(\"Step 6: Reviewing business impact analysis\");\ncy.get('[data-testid*=\"business-impact\"], [data-testid*=\"impact\"]').then(($widgets) => {\n    if ($widgets.length > 0) {\n        cy.log(`✓ Found ${$widgets.length} impact analysis widgets`);\n        // Check for impact categories\n        const impactText = $widgets.text().toLowerCase();\n        const hasImpactCategories = impactText.includes(\"financial\") ||\n            impactText.includes(\"operational\") ||\n            impactText.includes(\"reputational\") ||\n            impactText.includes(\"regulatory\");\n        if (hasImpactCategories) {\n            cy.log(\"✓ Impact analysis shows business impact categories\");\n        }\n    }\n});\n// Step 7: Review Compliance Status\ncy.log(\"Step 7: Reviewing compliance status\");\ncy.get('[data-testid*=\"compliance\"]').then(($widgets) => {\n    if ($widgets.length > 0) {\n        cy.log(`✓ Found ${$widgets.length} compliance widgets`);\n        // Verify compliance frameworks are mentioned\n        const text = $widgets.text().toLowerCase();\n        const hasFrameworks = text.includes(\"nist\") ||\n            text.includes(\"iso\") ||\n            text.includes(\"gdpr\") ||\n            text.includes(\"hipaa\") ||\n            text.includes(\"pci\");\n        if (hasFrameworks) {\n            cy.log(\"✓ Compliance frameworks detected\");\n        }\n    }\n});\n// Step 8: Review Cost Estimation\ncy.log(\"Step 8: Reviewing cost estimation\");\ncy.get('[data-testid*=\"cost\"], [data-testid*=\"capex\"], [data-testid*=\"opex\"]').then(($widgets) => {\n    if ($widgets.length > 0) {\n        cy.log(`✓ Found ${$widgets.length} cost-related elements`);\n        // Verify cost values are present\n        const text = $widgets.text();\n        const hasCostValues = text.includes(\"$\") ||\n            text.includes(\"€\") ||\n            text.includes(\"£\") ||\n            /\\d+%/.test(text);\n        if (hasCostValues) {\n            cy.log(\"✓ Cost estimation values displayed\");\n        }\n    }\n});\n// Step 9: Review Technical Implementation Details\ncy.log(\"Step 9: Reviewing technical details\");\ncy.get('[data-testid*=\"technical\"], [data-testid*=\"implementation\"]').then(($widgets) => {\n    if ($widgets.length > 0) {\n        cy.log(`✓ Found ${$widgets.length} technical detail elements`);\n    }\n});\n// Step 10: Verify all widgets are responsive and functional\ncy.log(\"Step 10: Verifying all widgets loaded successfully\");\ncy.verifyMinimumWidgets(5);\ncy.log(\"✅ Complete assessment workflow validated\");",
                  "err": {},
                  "uuid": "37a60eb9-00ac-4a46-983a-1204dc80578a",
                  "parentUUID": "b9df4466-eefe-45fd-8b9c-b5e5db776e94",
                  "isHook": false,
                  "skipped": false
                },
                {
                  "title": "should maintain assessment state during navigation",
                  "fullTitle": "Complete Assessment Workflow New User Assessment Journey should maintain assessment state during navigation",
                  "timedOut": null,
                  "duration": 1952,
                  "state": "passed",
                  "speed": "fast",
                  "pass": true,
                  "fail": false,
                  "pending": false,
                  "context": null,
                  "code": "cy.log(\"🔄 Testing state persistence\");\n// Set security levels\ncy.setSecurityLevels(_support_constants__WEBPACK_IMPORTED_MODULE_0__.SECURITY_LEVELS.HIGH, _support_constants__WEBPACK_IMPORTED_MODULE_0__.SECURITY_LEVELS.MODERATE, _support_constants__WEBPACK_IMPORTED_MODULE_0__.SECURITY_LEVELS.HIGH);\n// Verify selections\ncy.get(\"select\").eq(0).should(\"have.value\", _support_constants__WEBPACK_IMPORTED_MODULE_0__.SECURITY_LEVELS.HIGH);\ncy.get(\"select\").eq(1).should(\"have.value\", _support_constants__WEBPACK_IMPORTED_MODULE_0__.SECURITY_LEVELS.MODERATE);\ncy.get(\"select\").eq(2).should(\"have.value\", _support_constants__WEBPACK_IMPORTED_MODULE_0__.SECURITY_LEVELS.HIGH);\n// Reload page\ncy.reload();\ncy.ensureAppLoaded();\n// Verify state persisted (if localStorage is used)\ncy.window().then((win) => {\n    const storedData = win.localStorage.getItem(\"securityLevels\");\n    if (storedData) {\n        cy.log(\"✓ Security levels persisted in localStorage\");\n        expect(storedData).to.exist;\n    }\n    else {\n        cy.log(\"ℹ No localStorage persistence - using default session state\");\n    }\n});",
                  "err": {},
                  "uuid": "be8aca9b-8fc7-4997-a053-03ba086f7dfe",
                  "parentUUID": "b9df4466-eefe-45fd-8b9c-b5e5db776e94",
                  "isHook": false,
                  "skipped": false
                }
              ],
              "suites": [],
              "passes": [
                "37a60eb9-00ac-4a46-983a-1204dc80578a",
                "be8aca9b-8fc7-4997-a053-03ba086f7dfe"
              ],
              "failures": [],
              "pending": [],
              "skipped": [],
              "duration": 4685,
              "root": false,
              "rootEmpty": false,
              "_timeout": 2000
            },
            {
              "uuid": "39c4e8e8-297e-4a53-9023-b3b7bbb1d14d",
              "title": "Assessment Modification Workflow",
              "fullFile": "",
              "file": "",
              "beforeHooks": [],
              "afterHooks": [],
              "tests": [
                {
                  "title": "should allow users to modify and update their assessment",
                  "fullTitle": "Complete Assessment Workflow Assessment Modification Workflow should allow users to modify and update their assessment",
                  "timedOut": null,
                  "duration": 3214,
                  "state": "passed",
                  "speed": "fast",
                  "pass": true,
                  "fail": false,
                  "pending": false,
                  "context": null,
                  "code": "cy.log(\"🔄 Starting assessment modification workflow\");\n// Initial assessment: Low security across the board\ncy.log(\"Phase 1: Creating initial low-security assessment\");\ncy.setSecurityLevels(_support_constants__WEBPACK_IMPORTED_MODULE_0__.SECURITY_LEVELS.LOW, _support_constants__WEBPACK_IMPORTED_MODULE_0__.SECURITY_LEVELS.LOW, _support_constants__WEBPACK_IMPORTED_MODULE_0__.SECURITY_LEVELS.LOW);\n// Capture initial state\ncy.get('[data-testid*=\"cost\"]')\n    .first()\n    .invoke(\"text\")\n    .then((initialCost) => {\n    cy.log(`Initial cost state captured: ${initialCost.slice(0, 50)}...`);\n    // User realizes they need higher security - upgrade to High\n    cy.log(\"Phase 2: Upgrading to high security\");\n    cy.setSecurityLevels(_support_constants__WEBPACK_IMPORTED_MODULE_0__.SECURITY_LEVELS.HIGH, _support_constants__WEBPACK_IMPORTED_MODULE_0__.SECURITY_LEVELS.HIGH, _support_constants__WEBPACK_IMPORTED_MODULE_0__.SECURITY_LEVELS.HIGH);\n    // Verify cost widget updated\n    cy.get('[data-testid*=\"cost\"]')\n        .first()\n        .invoke(\"text\")\n        .then((newText) => {\n        // Cost display should have changed\n        cy.log(`New cost state: ${newText.slice(0, 50)}...`);\n        // Verify the widget updated with valid content\n        expect(newText.length).to.be.greaterThan(0);\n        // Optionally verify it changed from initial state\n        cy.log(`Cost changed: ${initialCost !== newText}`);\n    });\n});\n// User adjusts to balanced approach\ncy.log(\"Phase 3: Adjusting to balanced security posture\");\ncy.setSecurityLevels(_support_constants__WEBPACK_IMPORTED_MODULE_0__.SECURITY_LEVELS.MODERATE, _support_constants__WEBPACK_IMPORTED_MODULE_0__.SECURITY_LEVELS.HIGH, _support_constants__WEBPACK_IMPORTED_MODULE_0__.SECURITY_LEVELS.MODERATE);\n// Verify all widgets updated\ncy.get('[data-testid*=\"widget\"]').should(\"exist\");\ncy.log(\"✅ Assessment modification workflow completed\");",
                  "err": {},
                  "uuid": "3df6718a-f797-4c87-a587-34c81aec97f6",
                  "parentUUID": "39c4e8e8-297e-4a53-9023-b3b7bbb1d14d",
                  "isHook": false,
                  "skipped": false
                }
              ],
              "suites": [],
              "passes": [
                "3df6718a-f797-4c87-a587-34c81aec97f6"
              ],
              "failures": [],
              "pending": [],
              "skipped": [],
              "duration": 3214,
              "root": false,
              "rootEmpty": false,
              "_timeout": 2000
            },
            {
              "uuid": "54e44ef4-5f84-4585-8891-60a6df76d0f7",
              "title": "Multi-Scenario Comparison",
              "fullFile": "",
              "file": "",
              "beforeHooks": [],
              "afterHooks": [],
              "tests": [
                {
                  "title": "should assess Minimum Security scenario correctly",
                  "fullTitle": "Complete Assessment Workflow Multi-Scenario Comparison should assess Minimum Security scenario correctly",
                  "timedOut": null,
                  "duration": 1588,
                  "state": "passed",
                  "speed": "fast",
                  "pass": true,
                  "fail": false,
                  "pending": false,
                  "context": null,
                  "code": "cy.log(`📊 Testing scenario: ${scenario.name}`);\n// Set security levels for scenario\ncy.setSecurityLevels(scenario.availability, scenario.integrity, scenario.confidentiality);\n// Verify levels were set\ncy.get(\"select\")\n    .eq(0)\n    .should(\"have.value\", scenario.availability);\ncy.get(\"select\").eq(1).should(\"have.value\", scenario.integrity);\ncy.get(\"select\")\n    .eq(2)\n    .should(\"have.value\", scenario.confidentiality);\n// Capture scenario results\ncy.get(\"body\").then(($body) => {\n    const pageText = $body.text();\n    cy.log(`Scenario ${scenario.name}: Assessment complete`);\n    cy.log(`Page contains ${pageText.length} characters of content`);\n});\n// Verify widgets are rendering for this scenario\ncy.verifyMinimumWidgets(5);\ncy.log(`✅ ${scenario.name} scenario validated`);",
                  "err": {},
                  "uuid": "44c44ba1-e383-463d-8470-2efe5327f6b9",
                  "parentUUID": "54e44ef4-5f84-4585-8891-60a6df76d0f7",
                  "isHook": false,
                  "skipped": false
                },
                {
                  "title": "should assess Balanced Security scenario correctly",
                  "fullTitle": "Complete Assessment Workflow Multi-Scenario Comparison should assess Balanced Security scenario correctly",
                  "timedOut": null,
                  "duration": 1451,
                  "state": "passed",
                  "speed": "fast",
                  "pass": true,
                  "fail": false,
                  "pending": false,
                  "context": null,
                  "code": "cy.log(`📊 Testing scenario: ${scenario.name}`);\n// Set security levels for scenario\ncy.setSecurityLevels(scenario.availability, scenario.integrity, scenario.confidentiality);\n// Verify levels were set\ncy.get(\"select\")\n    .eq(0)\n    .should(\"have.value\", scenario.availability);\ncy.get(\"select\").eq(1).should(\"have.value\", scenario.integrity);\ncy.get(\"select\")\n    .eq(2)\n    .should(\"have.value\", scenario.confidentiality);\n// Capture scenario results\ncy.get(\"body\").then(($body) => {\n    const pageText = $body.text();\n    cy.log(`Scenario ${scenario.name}: Assessment complete`);\n    cy.log(`Page contains ${pageText.length} characters of content`);\n});\n// Verify widgets are rendering for this scenario\ncy.verifyMinimumWidgets(5);\ncy.log(`✅ ${scenario.name} scenario validated`);",
                  "err": {},
                  "uuid": "95b6f383-140e-4407-8c55-c7a80413c449",
                  "parentUUID": "54e44ef4-5f84-4585-8891-60a6df76d0f7",
                  "isHook": false,
                  "skipped": false
                },
                {
                  "title": "should assess Maximum Security scenario correctly",
                  "fullTitle": "Complete Assessment Workflow Multi-Scenario Comparison should assess Maximum Security scenario correctly",
                  "timedOut": null,
                  "duration": 1553,
                  "state": "passed",
                  "speed": "fast",
                  "pass": true,
                  "fail": false,
                  "pending": false,
                  "context": null,
                  "code": "cy.log(`📊 Testing scenario: ${scenario.name}`);\n// Set security levels for scenario\ncy.setSecurityLevels(scenario.availability, scenario.integrity, scenario.confidentiality);\n// Verify levels were set\ncy.get(\"select\")\n    .eq(0)\n    .should(\"have.value\", scenario.availability);\ncy.get(\"select\").eq(1).should(\"have.value\", scenario.integrity);\ncy.get(\"select\")\n    .eq(2)\n    .should(\"have.value\", scenario.confidentiality);\n// Capture scenario results\ncy.get(\"body\").then(($body) => {\n    const pageText = $body.text();\n    cy.log(`Scenario ${scenario.name}: Assessment complete`);\n    cy.log(`Page contains ${pageText.length} characters of content`);\n});\n// Verify widgets are rendering for this scenario\ncy.verifyMinimumWidgets(5);\ncy.log(`✅ ${scenario.name} scenario validated`);",
                  "err": {},
                  "uuid": "1fab8175-a306-4de9-92f8-3aefd6aad3d6",
                  "parentUUID": "54e44ef4-5f84-4585-8891-60a6df76d0f7",
                  "isHook": false,
                  "skipped": false
                },
                {
                  "title": "should show meaningful differences between scenarios",
                  "fullTitle": "Complete Assessment Workflow Multi-Scenario Comparison should show meaningful differences between scenarios",
                  "timedOut": null,
                  "duration": 2337,
                  "state": "passed",
                  "speed": "fast",
                  "pass": true,
                  "fail": false,
                  "pending": false,
                  "context": null,
                  "code": "cy.log(\"📊 Comparing Low vs High security scenarios\");\n// Test Low security\ncy.log(\"Phase 1: Testing Low security\");\ncy.setSecurityLevels(_support_constants__WEBPACK_IMPORTED_MODULE_0__.SECURITY_LEVELS.LOW, _support_constants__WEBPACK_IMPORTED_MODULE_0__.SECURITY_LEVELS.LOW, _support_constants__WEBPACK_IMPORTED_MODULE_0__.SECURITY_LEVELS.LOW);\nlet lowSecurityText = \"\";\ncy.get(\"body\")\n    .invoke(\"text\")\n    .then((text) => {\n    lowSecurityText = text.toLowerCase();\n});\n// Test High security\ncy.log(\"Phase 2: Testing High security\");\ncy.setSecurityLevels(_support_constants__WEBPACK_IMPORTED_MODULE_0__.SECURITY_LEVELS.HIGH, _support_constants__WEBPACK_IMPORTED_MODULE_0__.SECURITY_LEVELS.HIGH, _support_constants__WEBPACK_IMPORTED_MODULE_0__.SECURITY_LEVELS.HIGH);\ncy.get(\"body\")\n    .invoke(\"text\")\n    .then((highSecurityText) => {\n    // Verify the content changed between scenarios\n    const textChanged = highSecurityText.toLowerCase() !== lowSecurityText;\n    expect(textChanged).to.be.true;\n    cy.log(\"✓ Content differs between Low and High security scenarios\");\n});",
                  "err": {},
                  "uuid": "bb715612-7d78-4252-bde4-378c5023814e",
                  "parentUUID": "54e44ef4-5f84-4585-8891-60a6df76d0f7",
                  "isHook": false,
                  "skipped": false
                }
              ],
              "suites": [],
              "passes": [
                "44c44ba1-e383-463d-8470-2efe5327f6b9",
                "95b6f383-140e-4407-8c55-c7a80413c449",
                "1fab8175-a306-4de9-92f8-3aefd6aad3d6",
                "bb715612-7d78-4252-bde4-378c5023814e"
              ],
              "failures": [],
              "pending": [],
              "skipped": [],
              "duration": 6929,
              "root": false,
              "rootEmpty": false,
              "_timeout": 2000
            },
            {
              "uuid": "650a50db-0b3c-49f0-b342-f8928a95d991",
              "title": "Error Handling and Edge Cases",
              "fullFile": "",
              "file": "",
              "beforeHooks": [],
              "afterHooks": [],
              "tests": [
                {
                  "title": "should handle rapid security level changes gracefully",
                  "fullTitle": "Complete Assessment Workflow Error Handling and Edge Cases should handle rapid security level changes gracefully",
                  "timedOut": null,
                  "duration": 1675,
                  "state": "passed",
                  "speed": "fast",
                  "pass": true,
                  "fail": false,
                  "pending": false,
                  "context": null,
                  "code": "cy.log(\"⚡ Testing rapid security level changes\");\n// Rapidly change security levels\nconst levels = [\n    _support_constants__WEBPACK_IMPORTED_MODULE_0__.SECURITY_LEVELS.LOW,\n    _support_constants__WEBPACK_IMPORTED_MODULE_0__.SECURITY_LEVELS.HIGH,\n    _support_constants__WEBPACK_IMPORTED_MODULE_0__.SECURITY_LEVELS.MODERATE,\n    _support_constants__WEBPACK_IMPORTED_MODULE_0__.SECURITY_LEVELS.HIGH,\n    _support_constants__WEBPACK_IMPORTED_MODULE_0__.SECURITY_LEVELS.LOW,\n];\nlevels.forEach((level, index) => {\n    cy.log(`Rapid change ${index + 1}: ${level}`);\n    cy.get(\"select\").eq(0).select(level, { force: true });\n});\n// Verify no errors occurred\ncy.window().then((win) => {\n    // Check for console errors if tracking is enabled\n    if (win.consoleErrors) {\n        const criticalErrors = win.consoleErrors.filter((msg) => msg.includes(\"error\") ||\n            msg.includes(\"undefined\") ||\n            msg.includes(\"null\"));\n        expect(criticalErrors).to.have.length(0, \"No critical errors during rapid changes\");\n    }\n});\n// Verify app still functional\ncy.verifyMinimumWidgets(5);\ncy.log(\"✅ Rapid changes handled gracefully\");",
                  "err": {},
                  "uuid": "1508c5af-ba88-41f5-b8e8-fcda9af0d790",
                  "parentUUID": "650a50db-0b3c-49f0-b342-f8928a95d991",
                  "isHook": false,
                  "skipped": false
                },
                {
                  "title": "should recover from invalid localStorage data",
                  "fullTitle": "Complete Assessment Workflow Error Handling and Edge Cases should recover from invalid localStorage data",
                  "timedOut": null,
                  "duration": 1216,
                  "state": "passed",
                  "speed": "fast",
                  "pass": true,
                  "fail": false,
                  "pending": false,
                  "context": null,
                  "code": "cy.log(\"🔧 Testing recovery from corrupted state\");\n// Inject invalid data into localStorage\ncy.window().then((win) => {\n    win.localStorage.setItem(\"securityLevels\", '{\"invalid\": \"data\"}');\n    win.localStorage.setItem(\"assessmentData\", \"invalid-json\");\n});\n// Reload page\ncy.reload();\ncy.ensureAppLoaded();\n// App should recover and show default state\ncy.get(\"select\").should(\"have.length.at.least\", 3);\ncy.verifyMinimumWidgets(5);\ncy.log(\"✅ Application recovered from invalid state\");",
                  "err": {},
                  "uuid": "75c4363f-9787-4e79-83a9-f44660214e0b",
                  "parentUUID": "650a50db-0b3c-49f0-b342-f8928a95d991",
                  "isHook": false,
                  "skipped": false
                }
              ],
              "suites": [],
              "passes": [
                "1508c5af-ba88-41f5-b8e8-fcda9af0d790",
                "75c4363f-9787-4e79-83a9-f44660214e0b"
              ],
              "failures": [],
              "pending": [],
              "skipped": [],
              "duration": 2891,
              "root": false,
              "rootEmpty": false,
              "_timeout": 2000
            },
            {
              "uuid": "a4ce1784-1f7e-431b-b0c2-fa0cc20a3a85",
              "title": "Performance Validation",
              "fullFile": "",
              "file": "",
              "beforeHooks": [],
              "afterHooks": [],
              "tests": [
                {
                  "title": "should complete assessment workflow within acceptable time",
                  "fullTitle": "Complete Assessment Workflow Performance Validation should complete assessment workflow within acceptable time",
                  "timedOut": null,
                  "duration": 1751,
                  "state": "passed",
                  "speed": "fast",
                  "pass": true,
                  "fail": false,
                  "pending": false,
                  "context": null,
                  "code": "cy.then(() => {\n    const startTime = Date.now();\n    // Complete full assessment\n    cy.setSecurityLevels(_support_constants__WEBPACK_IMPORTED_MODULE_0__.SECURITY_LEVELS.HIGH, _support_constants__WEBPACK_IMPORTED_MODULE_0__.SECURITY_LEVELS.HIGH, _support_constants__WEBPACK_IMPORTED_MODULE_0__.SECURITY_LEVELS.MODERATE);\n    // Verify all widgets loaded\n    cy.get('[data-testid*=\"widget\"]').should(\"have.length.at.least\", 5);\n    cy.then(() => {\n        const duration = Date.now() - startTime;\n        cy.log(`Assessment workflow completed in ${duration}ms`);\n        // Adjusted for setSecurityLevels internal waits (~1400ms)\n        expect(duration).to.be.lessThan(6000); // 6 second max\n    });\n});",
                  "err": {},
                  "uuid": "e7217409-e3c0-42c7-a90b-45ac41196df2",
                  "parentUUID": "a4ce1784-1f7e-431b-b0c2-fa0cc20a3a85",
                  "isHook": false,
                  "skipped": false
                },
                {
                  "title": "should respond quickly to security level changes",
                  "fullTitle": "Complete Assessment Workflow Performance Validation should respond quickly to security level changes",
                  "timedOut": null,
                  "duration": 733,
                  "state": "passed",
                  "speed": "fast",
                  "pass": true,
                  "fail": false,
                  "pending": false,
                  "context": null,
                  "code": "cy.log(\"⚡ Testing interaction response time\");\ncy.then(() => {\n    const startTime = Date.now();\n    cy.get(\"select\")\n        .eq(0)\n        .select(_support_constants__WEBPACK_IMPORTED_MODULE_0__.SECURITY_LEVELS.HIGH, { force: true });\n    cy.then(() => {\n        const responseTime = Date.now() - startTime;\n        cy.log(`Response time: ${responseTime}ms`);\n        expect(responseTime).to.be.lessThan(1000); // 1 second max\n    });\n});",
                  "err": {},
                  "uuid": "b93b93c9-2f40-44dc-a648-5c4fcacb1317",
                  "parentUUID": "a4ce1784-1f7e-431b-b0c2-fa0cc20a3a85",
                  "isHook": false,
                  "skipped": false
                }
              ],
              "suites": [],
              "passes": [
                "e7217409-e3c0-42c7-a90b-45ac41196df2",
                "b93b93c9-2f40-44dc-a648-5c4fcacb1317"
              ],
              "failures": [],
              "pending": [],
              "skipped": [],
              "duration": 2484,
              "root": false,
              "rootEmpty": false,
              "_timeout": 2000
            },
            {
              "uuid": "82879d13-8278-4d5a-8e6a-d9e7e11dd968",
              "title": "UI/UX Redesign Validation",
              "fullFile": "",
              "file": "",
              "beforeHooks": [],
              "afterHooks": [],
              "tests": [
                {
                  "title": "should verify compact UI spacing across all widgets",
                  "fullTitle": "Complete Assessment Workflow UI/UX Redesign Validation should verify compact UI spacing across all widgets",
                  "timedOut": null,
                  "duration": 1487,
                  "state": "passed",
                  "speed": "fast",
                  "pass": true,
                  "fail": false,
                  "pending": false,
                  "context": null,
                  "code": "cy.log(\"🎨 Validating compact UI redesign\");\n// Set security levels to activate all widgets\ncy.setSecurityLevels(_support_constants__WEBPACK_IMPORTED_MODULE_0__.SECURITY_LEVELS.HIGH, _support_constants__WEBPACK_IMPORTED_MODULE_0__.SECURITY_LEVELS.HIGH, _support_constants__WEBPACK_IMPORTED_MODULE_0__.SECURITY_LEVELS.HIGH);\n// Check that widgets use compact spacing (p-sm, gap-sm, space-y-sm)\ncy.get('[data-testid*=\"widget\"]').then(($widgets) => {\n    let widgetsWithCompactSpacing = 0;\n    $widgets.each((_, widget) => {\n        const $widget = Cypress.$(widget);\n        const hasCompactSpacing = $widget.find('[class~=\"p-sm\"], [class~=\"gap-sm\"], [class~=\"space-y-sm\"]').length > 0;\n        if (hasCompactSpacing) {\n            widgetsWithCompactSpacing++;\n        }\n    });\n    cy.log(`✓ Found ${widgetsWithCompactSpacing} widgets with compact spacing`);\n    expect(widgetsWithCompactSpacing).to.be.greaterThan(0, 'At least some widgets should use compact spacing');\n});",
                  "err": {},
                  "uuid": "f510d6c9-0ea3-429f-938f-da5d48d53e77",
                  "parentUUID": "82879d13-8278-4d5a-8e6a-d9e7e11dd968",
                  "isHook": false,
                  "skipped": false
                },
                {
                  "title": "should verify widgets fit within viewport efficiently",
                  "fullTitle": "Complete Assessment Workflow UI/UX Redesign Validation should verify widgets fit within viewport efficiently",
                  "timedOut": null,
                  "duration": 550,
                  "state": "passed",
                  "speed": "fast",
                  "pass": true,
                  "fail": false,
                  "pending": false,
                  "context": null,
                  "code": "cy.log(\"📏 Validating efficient space usage\");\nconst viewportHeight = 800;\nconst maxWidgetHeight = viewportHeight * 1.5; // Widgets should fit within 1.5 viewports\n// Check AssessmentCenter widgets\nconst widgetSelectors = [\n    '[data-testid*=\"security-summary\"]',\n    '[data-testid*=\"security-level\"]',\n    '[data-testid*=\"business-impact\"]'\n];\nwidgetSelectors.forEach(selector => {\n    cy.get(selector).then(($widget) => {\n        if ($widget.length > 0) {\n            const widgetHeight = $widget[0].scrollHeight;\n            cy.log(`Widget ${selector}: ${widgetHeight}px (max: ${maxWidgetHeight}px)`);\n            // Log whether widget meets compact criteria\n            if (widgetHeight < maxWidgetHeight) {\n                cy.log(`✓ Widget fits within 1.5 viewport heights`);\n            }\n            else {\n                cy.log(`⚠ Widget exceeds 1.5 viewport heights`);\n            }\n        }\n    });\n});",
                  "err": {},
                  "uuid": "e7449d4e-159f-49d9-a011-997ddf47f06d",
                  "parentUUID": "82879d13-8278-4d5a-8e6a-d9e7e11dd968",
                  "isHook": false,
                  "skipped": false
                },
                {
                  "title": "should verify responsive grid layouts on different screen sizes",
                  "fullTitle": "Complete Assessment Workflow UI/UX Redesign Validation should verify responsive grid layouts on different screen sizes",
                  "timedOut": null,
                  "duration": 1517,
                  "state": "passed",
                  "speed": "fast",
                  "pass": true,
                  "fail": false,
                  "pending": false,
                  "context": null,
                  "code": "cy.log(\"📱 Validating responsive layouts\");\nconst viewports = [\n    { width: 375, height: 667, name: 'mobile' },\n    { width: 768, height: 1024, name: 'tablet' },\n    { width: 1280, height: 800, name: 'desktop' }\n];\nviewports.forEach(viewport => {\n    cy.viewport(viewport.width, viewport.height);\n    cy.wait(300);\n    // Verify all key widgets are still visible and functional\n    cy.get('[data-testid*=\"security-level\"]').should('be.visible');\n    // Check for responsive grid classes\n    cy.get('[class*=\"grid-cols\"]').then(($grids) => {\n        if ($grids.length > 0) {\n            cy.log(`✓ Found ${$grids.length} grid layouts on ${viewport.name}`);\n        }\n    });\n});",
                  "err": {},
                  "uuid": "7f5188a0-9c45-4bb3-9131-cdae674b24bb",
                  "parentUUID": "82879d13-8278-4d5a-8e6a-d9e7e11dd968",
                  "isHook": false,
                  "skipped": false
                }
              ],
              "suites": [],
              "passes": [
                "f510d6c9-0ea3-429f-938f-da5d48d53e77",
                "e7449d4e-159f-49d9-a011-997ddf47f06d",
                "7f5188a0-9c45-4bb3-9131-cdae674b24bb"
              ],
              "failures": [],
              "pending": [],
              "skipped": [],
              "duration": 3554,
              "root": false,
              "rootEmpty": false,
              "_timeout": 2000
            }
          ],
          "passes": [],
          "failures": [],
          "pending": [],
          "skipped": [],
          "duration": 0,
          "root": false,
          "rootEmpty": false,
          "_timeout": 2000
        }
      ],
      "passes": [],
      "failures": [],
      "pending": [],
      "skipped": [],
      "duration": 0,
      "root": true,
      "rootEmpty": true,
      "_timeout": 2000
    }
  ],
  "meta": {
    "mocha": {
      "version": "7.2.0"
    },
    "mochawesome": {
      "options": {
        "quiet": false,
        "reportFilename": "mochawesome",
        "saveHtml": true,
        "saveJson": true,
        "consoleReporter": "spec",
        "useInlineDiffs": false,
        "code": true
      },
      "version": "7.1.4"
    },
    "marge": {
      "options": {
        "id": "default",
        "reportDir": "build/cypress/mochawesome",
        "overwrite": false,
        "html": true,
        "json": true,
        "code": true,
        "timestamp": "mmddyyyy_HHMMss",
        "charts": true,
        "showHooks": "failed",
        "embeddedScreenshots": true
      },
      "version": "6.3.2"
    }
  }
}