{
  "stats": {
    "suites": 1,
    "tests": 2,
    "passes": 2,
    "pending": 0,
    "failures": 0,
    "start": "2025-11-19T22:25:46.978Z",
    "end": "2025-11-19T22:25:50.184Z",
    "duration": 3206,
    "testsRegistered": 2,
    "passPercent": 100,
    "pendingPercent": 0,
    "other": 0,
    "hasOther": false,
    "skipped": 0,
    "hasSkipped": false
  },
  "results": [
    {
      "uuid": "c4079f99-b812-4830-b2ea-b6eeb8f27a65",
      "title": "",
      "fullFile": "cypress/e2e/screenshots/widget-screenshots.cy.ts",
      "file": "cypress/e2e/screenshots/widget-screenshots.cy.ts",
      "beforeHooks": [],
      "afterHooks": [],
      "tests": [],
      "suites": [
        {
          "uuid": "1d51857b-023a-4291-9954-2bbd663689d5",
          "title": "Widget UI/UX Screenshots",
          "fullFile": "",
          "file": "",
          "beforeHooks": [],
          "afterHooks": [],
          "tests": [
            {
              "title": "captures full dashboard grid in light mode only",
              "fullTitle": "Widget UI/UX Screenshots captures full dashboard grid in light mode only",
              "timedOut": null,
              "duration": 1798,
              "state": "passed",
              "speed": "fast",
              "pass": true,
              "fail": false,
              "pending": false,
              "context": null,
              "code": "// Set wider viewport to ensure all columns are visible\ncy.viewport(2400, 1200);\n// Ensure grid layout is properly displayed\ncy.get('[data-testid=\"dashboard-grid\"]').should(\"be.visible\");\n// Capture only light mode to reduce test time by 50%\ncy.screenshot(\"dashboard-grid-light\", { capture: \"viewport\" });",
              "err": {},
              "uuid": "4f37638a-ba14-465a-90cc-dbe8ace0326d",
              "parentUUID": "1d51857b-023a-4291-9954-2bbd663689d5",
              "isHook": false,
              "skipped": false
            },
            {
              "title": "captures essential widgets in light theme only",
              "fullTitle": "Widget UI/UX Screenshots captures essential widgets in light theme only",
              "timedOut": null,
              "duration": 1229,
              "state": "passed",
              "speed": "fast",
              "pass": true,
              "fail": false,
              "pending": false,
              "context": null,
              "code": "// Capture only light theme to reduce test time - dark theme can be tested separately if needed\nessentialWidgets.forEach((widgetName) => {\n    cy.log(`Capturing widget: ${widgetName}`);\n    // Simplified capture - just take a single screenshot\n    cy.findWidget(widgetName).then(($widget) => {\n        if ($widget.length > 0) {\n            cy.wrap($widget.first()).screenshot(`widget-${widgetName}-light`, {\n                overwrite: true,\n            });\n        }\n    });\n});",
              "err": {},
              "uuid": "7e16b088-899e-4c82-b0be-bc4a4bda4b41",
              "parentUUID": "1d51857b-023a-4291-9954-2bbd663689d5",
              "isHook": false,
              "skipped": false
            }
          ],
          "suites": [],
          "passes": [
            "4f37638a-ba14-465a-90cc-dbe8ace0326d",
            "7e16b088-899e-4c82-b0be-bc4a4bda4b41"
          ],
          "failures": [],
          "pending": [],
          "skipped": [],
          "duration": 3027,
          "root": false,
          "rootEmpty": false,
          "_timeout": 2000
        }
      ],
      "passes": [],
      "failures": [],
      "pending": [],
      "skipped": [],
      "duration": 0,
      "root": true,
      "rootEmpty": true,
      "_timeout": 2000
    }
  ],
  "meta": {
    "mocha": {
      "version": "7.2.0"
    },
    "mochawesome": {
      "options": {
        "quiet": false,
        "reportFilename": "mochawesome",
        "saveHtml": true,
        "saveJson": true,
        "consoleReporter": "spec",
        "useInlineDiffs": false,
        "code": true
      },
      "version": "7.1.4"
    },
    "marge": {
      "options": {
        "id": "default",
        "reportDir": "build/cypress/mochawesome",
        "overwrite": false,
        "html": true,
        "json": true,
        "code": true,
        "timestamp": "mmddyyyy_HHMMss",
        "charts": true,
        "showHooks": "failed",
        "embeddedScreenshots": true
      },
      "version": "6.3.2"
    }
  }
}