{
  "stats": {
    "suites": 12,
    "tests": 33,
    "passes": 33,
    "pending": 0,
    "failures": 0,
    "start": "2026-07-17T16:14:58.665Z",
    "end": "2026-07-17T16:15:53.161Z",
    "duration": 54496,
    "testsRegistered": 33,
    "passPercent": 100,
    "pendingPercent": 0,
    "other": 0,
    "hasOther": false,
    "skipped": 0,
    "hasSkipped": false
  },
  "results": [
    {
      "uuid": "693d2733-9e26-4569-87a5-c03151ffecb2",
      "title": "",
      "fullFile": "cypress/e2e/widgets/assessmentcenter/security-summary-enhanced.cy.ts",
      "file": "cypress/e2e/widgets/assessmentcenter/security-summary-enhanced.cy.ts",
      "beforeHooks": [],
      "afterHooks": [],
      "tests": [],
      "suites": [
        {
          "uuid": "75d4d01d-87ea-404c-b2e2-e58ac2d3c013",
          "title": "Security Summary Widget - Enhanced",
          "fullFile": "",
          "file": "",
          "beforeHooks": [],
          "afterHooks": [],
          "tests": [],
          "suites": [
            {
              "uuid": "b9a0fd34-1769-4602-bc35-8d3b0815c73d",
              "title": "Rendering",
              "fullFile": "",
              "file": "",
              "beforeHooks": [],
              "afterHooks": [],
              "tests": [
                {
                  "title": "should display widget with all key elements",
                  "fullTitle": "Security Summary Widget - Enhanced Rendering should display widget with all key elements",
                  "timedOut": null,
                  "duration": 2387,
                  "state": "passed",
                  "speed": "fast",
                  "pass": true,
                  "fail": false,
                  "pending": false,
                  "context": null,
                  "code": "cy.get(_support_selectors__WEBPACK_IMPORTED_MODULE_0__.securitySummaryWidget.root).should('be.visible');\n// Verify overall security rating/level is displayed\ncy.get('body').then($body => {\n    if ($body.find(_support_selectors__WEBPACK_IMPORTED_MODULE_0__.securitySummaryWidget.overallRating).length > 0) {\n        cy.get(_support_selectors__WEBPACK_IMPORTED_MODULE_0__.securitySummaryWidget.overallRating).should('be.visible');\n    }\n    else {\n        cy.log('Overall rating element not found (may be displayed differently)');\n    }\n});",
                  "err": {},
                  "uuid": "7863c638-ee00-440d-8443-627ad2d89f89",
                  "parentUUID": "b9a0fd34-1769-4602-bc35-8d3b0815c73d",
                  "isHook": false,
                  "skipped": false
                },
                {
                  "title": "should display CIA security cards",
                  "fullTitle": "Security Summary Widget - Enhanced Rendering should display CIA security cards",
                  "timedOut": null,
                  "duration": 1215,
                  "state": "passed",
                  "speed": "fast",
                  "pass": true,
                  "fail": false,
                  "pending": false,
                  "context": null,
                  "code": "// Check for CIA component cards\ncy.get('body').then($body => {\n    if ($body.find(_support_selectors__WEBPACK_IMPORTED_MODULE_0__.securitySummaryWidget.availabilityCard).length > 0) {\n        // Cards may be clipped by overflow, so check for existence\n        cy.get(_support_selectors__WEBPACK_IMPORTED_MODULE_0__.securitySummaryWidget.availabilityCard).should('exist');\n        cy.get(_support_selectors__WEBPACK_IMPORTED_MODULE_0__.securitySummaryWidget.integrityCard).should('exist');\n        cy.get(_support_selectors__WEBPACK_IMPORTED_MODULE_0__.securitySummaryWidget.confidentialityCard).should('exist');\n    }\n    else {\n        cy.log('CIA cards not found (may use different layout)');\n    }\n});",
                  "err": {},
                  "uuid": "3e917fed-40df-4961-864b-23c0058e9e70",
                  "parentUUID": "b9a0fd34-1769-4602-bc35-8d3b0815c73d",
                  "isHook": false,
                  "skipped": false
                },
                {
                  "title": "should display security level badge",
                  "fullTitle": "Security Summary Widget - Enhanced Rendering should display security level badge",
                  "timedOut": null,
                  "duration": 1020,
                  "state": "passed",
                  "speed": "fast",
                  "pass": true,
                  "fail": false,
                  "pending": false,
                  "context": null,
                  "code": "cy.get('body').then($body => {\n    if ($body.find(_support_selectors__WEBPACK_IMPORTED_MODULE_0__.securitySummaryWidget.levelBadge).length > 0) {\n        cy.get(_support_selectors__WEBPACK_IMPORTED_MODULE_0__.securitySummaryWidget.levelBadge)\n            .should('be.visible')\n            .and('not.be.empty');\n    }\n    else {\n        cy.log('Security level badge not found (may use different indicator)');\n    }\n});",
                  "err": {},
                  "uuid": "34481f40-6b8f-4b18-8d2c-1994c8b6b33c",
                  "parentUUID": "b9a0fd34-1769-4602-bc35-8d3b0815c73d",
                  "isHook": false,
                  "skipped": false
                },
                {
                  "title": "should show summary description",
                  "fullTitle": "Security Summary Widget - Enhanced Rendering should show summary description",
                  "timedOut": null,
                  "duration": 1425,
                  "state": "passed",
                  "speed": "fast",
                  "pass": true,
                  "fail": false,
                  "pending": false,
                  "context": null,
                  "code": "cy.get('body').then($body => {\n    if ($body.find(_support_selectors__WEBPACK_IMPORTED_MODULE_0__.securitySummaryWidget.description).length > 0) {\n        cy.get(_support_selectors__WEBPACK_IMPORTED_MODULE_0__.securitySummaryWidget.description)\n            .should('be.visible')\n            .and('not.be.empty');\n    }\n    else {\n        cy.log('Summary description not found');\n    }\n});",
                  "err": {},
                  "uuid": "dacabbe1-9d79-4909-a41f-e8c53e060c54",
                  "parentUUID": "b9a0fd34-1769-4602-bc35-8d3b0815c73d",
                  "isHook": false,
                  "skipped": false
                }
              ],
              "suites": [],
              "passes": [
                "7863c638-ee00-440d-8443-627ad2d89f89",
                "3e917fed-40df-4961-864b-23c0058e9e70",
                "34481f40-6b8f-4b18-8d2c-1994c8b6b33c",
                "dacabbe1-9d79-4909-a41f-e8c53e060c54"
              ],
              "failures": [],
              "pending": [],
              "skipped": [],
              "duration": 6047,
              "root": false,
              "rootEmpty": false,
              "_timeout": 2000
            },
            {
              "uuid": "d76ff10d-69bc-4cff-847d-f4c754a15e1b",
              "title": "Tab Navigation",
              "fullFile": "",
              "file": "",
              "beforeHooks": [],
              "afterHooks": [],
              "tests": [
                {
                  "title": "should have accessible tabs if tabs are present",
                  "fullTitle": "Security Summary Widget - Enhanced Tab Navigation should have accessible tabs if tabs are present",
                  "timedOut": null,
                  "duration": 1544,
                  "state": "passed",
                  "speed": "fast",
                  "pass": true,
                  "fail": false,
                  "pending": false,
                  "context": null,
                  "code": "cy.get('body').then($body => {\n    const hasTabs = $body.find('[role=\"tab\"]').length > 0;\n    if (hasTabs) {\n        cy.log('Tabs found - testing tab navigation');\n        // Test keyboard navigation\n        cy.get('[role=\"tab\"]').first().focus();\n        cy.wait(200);\n        // Verify first tab is selected\n        cy.get('[role=\"tab\"]').first()\n            .should('have.attr', 'aria-selected', 'true');\n        // Navigate with arrow key\n        cy.focused().type('{rightarrow}');\n        cy.wait(200);\n        cy.log('✓ Tab keyboard navigation working');\n    }\n    else {\n        cy.log('No tabs found in widget (single-panel display)');\n    }\n});",
                  "err": {},
                  "uuid": "cc10a94a-6c48-446a-806c-f7371aee23c0",
                  "parentUUID": "d76ff10d-69bc-4cff-847d-f4c754a15e1b",
                  "isHook": false,
                  "skipped": false
                },
                {
                  "title": "should change content when switching tabs",
                  "fullTitle": "Security Summary Widget - Enhanced Tab Navigation should change content when switching tabs",
                  "timedOut": null,
                  "duration": 1793,
                  "state": "passed",
                  "speed": "fast",
                  "pass": true,
                  "fail": false,
                  "pending": false,
                  "context": null,
                  "code": "cy.get('body').then($body => {\n    const tabs = $body.find('[role=\"tab\"]');\n    if (tabs.length > 1) {\n        // Click first tab\n        cy.wrap(tabs.first()).click();\n        cy.wait(300);\n        // Get first tab content\n        let firstTabContent;\n        cy.get('[role=\"tabpanel\"]').invoke('text').then(text => {\n            firstTabContent = text;\n            // Click second tab\n            cy.wrap(tabs.eq(1)).click();\n            cy.wait(300);\n            // Verify content changed\n            cy.get('[role=\"tabpanel\"]').invoke('text')\n                .should('not.equal', firstTabContent);\n            cy.log('✓ Tab content changes correctly');\n        });\n    }\n    else {\n        cy.log('Not enough tabs for tab switching test');\n    }\n});",
                  "err": {},
                  "uuid": "07dd53b2-9d89-4eb2-ad1d-8fc1242a018f",
                  "parentUUID": "d76ff10d-69bc-4cff-847d-f4c754a15e1b",
                  "isHook": false,
                  "skipped": false
                },
                {
                  "title": "should support Home/End key navigation if tabs present",
                  "fullTitle": "Security Summary Widget - Enhanced Tab Navigation should support Home/End key navigation if tabs present",
                  "timedOut": null,
                  "duration": 1603,
                  "state": "passed",
                  "speed": "fast",
                  "pass": true,
                  "fail": false,
                  "pending": false,
                  "context": null,
                  "code": "cy.get('body').then($body => {\n    const tabs = $body.find('[role=\"tab\"]');\n    if (tabs.length > 2) {\n        // Focus first tab\n        cy.wrap(tabs.first()).focus();\n        cy.wait(200);\n        // Press End to go to last tab\n        cy.focused().type('{end}');\n        cy.wait(300); // Increased wait time for tab activation\n        // Check if last tab is selected (may not work if keyboard nav not implemented)\n        cy.get('[role=\"tab\"]').last().then($lastTab => {\n            const isSelected = $lastTab.attr('aria-selected') === 'true';\n            if (isSelected) {\n                cy.log('✓ End key navigation working');\n                // Press Home to go back to first tab\n                cy.focused().type('{home}');\n                cy.wait(300);\n                cy.get('[role=\"tab\"]').first()\n                    .should('have.attr', 'aria-selected', 'true');\n                cy.log('✓ Home key navigation working');\n            }\n            else {\n                cy.log('Home/End key navigation not implemented');\n            }\n        });\n    }\n    else {\n        cy.log('Not enough tabs for Home/End key test');\n    }\n});",
                  "err": {},
                  "uuid": "885be5dc-751c-4f33-b86f-f5470b750656",
                  "parentUUID": "d76ff10d-69bc-4cff-847d-f4c754a15e1b",
                  "isHook": false,
                  "skipped": false
                },
                {
                  "title": "should maintain tab state during security level changes",
                  "fullTitle": "Security Summary Widget - Enhanced Tab Navigation should maintain tab state during security level changes",
                  "timedOut": null,
                  "duration": 2300,
                  "state": "passed",
                  "speed": "fast",
                  "pass": true,
                  "fail": false,
                  "pending": false,
                  "context": null,
                  "code": "cy.get('body').then($body => {\n    const tabs = $body.find('[role=\"tab\"]');\n    if (tabs.length > 1) {\n        // Select second tab\n        cy.wrap(tabs.eq(1)).click();\n        cy.wait(300);\n        // Verify second tab is active\n        cy.wrap(tabs.eq(1)).should('have.attr', 'aria-selected', 'true');\n        // Change security level\n        cy.get(_support_selectors__WEBPACK_IMPORTED_MODULE_0__.securityLevelWidget.availabilitySelect)\n            .select(_support_constants__WEBPACK_IMPORTED_MODULE_1__.SECURITY_LEVELS.HIGH, { force: true });\n        cy.wait(500);\n        // Verify second tab is still active\n        cy.get('[role=\"tab\"]').eq(1)\n            .should('have.attr', 'aria-selected', 'true');\n        cy.log('✓ Tab state maintained during updates');\n    }\n    else {\n        cy.log('Not enough tabs for state persistence test');\n    }\n});",
                  "err": {},
                  "uuid": "7060618c-d062-45a9-83f9-8541f62c8096",
                  "parentUUID": "d76ff10d-69bc-4cff-847d-f4c754a15e1b",
                  "isHook": false,
                  "skipped": false
                }
              ],
              "suites": [],
              "passes": [
                "cc10a94a-6c48-446a-806c-f7371aee23c0",
                "07dd53b2-9d89-4eb2-ad1d-8fc1242a018f",
                "885be5dc-751c-4f33-b86f-f5470b750656",
                "7060618c-d062-45a9-83f9-8541f62c8096"
              ],
              "failures": [],
              "pending": [],
              "skipped": [],
              "duration": 7240,
              "root": false,
              "rootEmpty": false,
              "_timeout": 2000
            },
            {
              "uuid": "7b437f40-26c8-4192-ab2f-33c11fb46af1",
              "title": "Security Level Updates",
              "fullFile": "",
              "file": "",
              "beforeHooks": [],
              "afterHooks": [],
              "tests": [
                {
                  "title": "should update summary when security levels change",
                  "fullTitle": "Security Summary Widget - Enhanced Security Level Updates should update summary when security levels change",
                  "timedOut": null,
                  "duration": 4156,
                  "state": "passed",
                  "speed": "fast",
                  "pass": true,
                  "fail": false,
                  "pending": false,
                  "context": null,
                  "code": "// Set low security levels\ncy.get(_support_selectors__WEBPACK_IMPORTED_MODULE_0__.securityLevelWidget.availabilitySelect).select(_support_constants__WEBPACK_IMPORTED_MODULE_1__.SECURITY_LEVELS.LOW, { force: true });\ncy.wait(200);\ncy.get(_support_selectors__WEBPACK_IMPORTED_MODULE_0__.securityLevelWidget.integritySelect).select(_support_constants__WEBPACK_IMPORTED_MODULE_1__.SECURITY_LEVELS.LOW, { force: true });\ncy.wait(200);\ncy.get(_support_selectors__WEBPACK_IMPORTED_MODULE_0__.securityLevelWidget.confidentialitySelect).select(_support_constants__WEBPACK_IMPORTED_MODULE_1__.SECURITY_LEVELS.LOW, { force: true });\ncy.wait(500);\n// Capture content\nlet lowContent;\ncy.get(_support_selectors__WEBPACK_IMPORTED_MODULE_0__.securitySummaryWidget.root).invoke('text').then(text => {\n    lowContent = text;\n    // Change to high security\n    cy.get(_support_selectors__WEBPACK_IMPORTED_MODULE_0__.securityLevelWidget.availabilitySelect).select(_support_constants__WEBPACK_IMPORTED_MODULE_1__.SECURITY_LEVELS.HIGH, { force: true });\n    cy.wait(200);\n    cy.get(_support_selectors__WEBPACK_IMPORTED_MODULE_0__.securityLevelWidget.integritySelect).select(_support_constants__WEBPACK_IMPORTED_MODULE_1__.SECURITY_LEVELS.HIGH, { force: true });\n    cy.wait(200);\n    cy.get(_support_selectors__WEBPACK_IMPORTED_MODULE_0__.securityLevelWidget.confidentialitySelect).select(_support_constants__WEBPACK_IMPORTED_MODULE_1__.SECURITY_LEVELS.HIGH, { force: true });\n    cy.wait(500);\n    // Verify content changed\n    cy.get(_support_selectors__WEBPACK_IMPORTED_MODULE_0__.securitySummaryWidget.root).invoke('text')\n        .should('not.equal', lowContent);\n    // Should mention \"High\" security\n    cy.get(_support_selectors__WEBPACK_IMPORTED_MODULE_0__.securitySummaryWidget.root).should('contain', 'High');\n});",
                  "err": {},
                  "uuid": "a8109e4d-c592-43a8-996d-fd72ab5c7d7d",
                  "parentUUID": "7b437f40-26c8-4192-ab2f-33c11fb46af1",
                  "isHook": false,
                  "skipped": false
                },
                {
                  "title": "should reflect individual CIA level changes",
                  "fullTitle": "Security Summary Widget - Enhanced Security Level Updates should reflect individual CIA level changes",
                  "timedOut": null,
                  "duration": 2455,
                  "state": "passed",
                  "speed": "fast",
                  "pass": true,
                  "fail": false,
                  "pending": false,
                  "context": null,
                  "code": "// Set mixed security levels\ncy.get(_support_selectors__WEBPACK_IMPORTED_MODULE_0__.securityLevelWidget.availabilitySelect).select(_support_constants__WEBPACK_IMPORTED_MODULE_1__.SECURITY_LEVELS.HIGH, { force: true });\ncy.wait(200);\ncy.get(_support_selectors__WEBPACK_IMPORTED_MODULE_0__.securityLevelWidget.integritySelect).select(_support_constants__WEBPACK_IMPORTED_MODULE_1__.SECURITY_LEVELS.LOW, { force: true });\ncy.wait(200);\ncy.get(_support_selectors__WEBPACK_IMPORTED_MODULE_0__.securityLevelWidget.confidentialitySelect).select(_support_constants__WEBPACK_IMPORTED_MODULE_1__.SECURITY_LEVELS.MODERATE, { force: true });\ncy.wait(500);\n// Widget should show mixed levels\ncy.get(_support_selectors__WEBPACK_IMPORTED_MODULE_0__.securitySummaryWidget.root).should('be.visible');\n// Should contain different level indicators\ncy.get(_support_selectors__WEBPACK_IMPORTED_MODULE_0__.securitySummaryWidget.root).then($widget => {\n    const text = $widget.text();\n    cy.log(`Summary content: ${text.substring(0, 200)}...`);\n});",
                  "err": {},
                  "uuid": "e133b26c-8cd2-4775-bc9f-12f4e268c21c",
                  "parentUUID": "7b437f40-26c8-4192-ab2f-33c11fb46af1",
                  "isHook": false,
                  "skipped": false
                }
              ],
              "suites": [],
              "passes": [
                "a8109e4d-c592-43a8-996d-fd72ab5c7d7d",
                "e133b26c-8cd2-4775-bc9f-12f4e268c21c"
              ],
              "failures": [],
              "pending": [],
              "skipped": [],
              "duration": 6611,
              "root": false,
              "rootEmpty": false,
              "_timeout": 2000
            },
            {
              "uuid": "9f8d80a0-a350-4ab2-b897-7a111d8442c8",
              "title": "Error Handling",
              "fullFile": "",
              "file": "",
              "beforeHooks": [],
              "afterHooks": [],
              "tests": [
                {
                  "title": "should not display error state in normal operation",
                  "fullTitle": "Security Summary Widget - Enhanced Error Handling should not display error state in normal operation",
                  "timedOut": null,
                  "duration": 1519,
                  "state": "passed",
                  "speed": "fast",
                  "pass": true,
                  "fail": false,
                  "pending": false,
                  "context": null,
                  "code": "cy.testWidgetError('widget-security-summary');",
                  "err": {},
                  "uuid": "2fad1ede-559a-4530-a0a3-d4499605f1d3",
                  "parentUUID": "9f8d80a0-a350-4ab2-b897-7a111d8442c8",
                  "isHook": false,
                  "skipped": false
                },
                {
                  "title": "should handle empty state gracefully",
                  "fullTitle": "Security Summary Widget - Enhanced Error Handling should handle empty state gracefully",
                  "timedOut": null,
                  "duration": 1083,
                  "state": "passed",
                  "speed": "fast",
                  "pass": true,
                  "fail": false,
                  "pending": false,
                  "context": null,
                  "code": "cy.get(_support_selectors__WEBPACK_IMPORTED_MODULE_0__.securitySummaryWidget.root)\n    .should('be.visible')\n    .and('not.contain', 'Error');",
                  "err": {},
                  "uuid": "dc2b1e40-2fcd-48aa-94bc-4765c2cc777c",
                  "parentUUID": "9f8d80a0-a350-4ab2-b897-7a111d8442c8",
                  "isHook": false,
                  "skipped": false
                }
              ],
              "suites": [],
              "passes": [
                "2fad1ede-559a-4530-a0a3-d4499605f1d3",
                "dc2b1e40-2fcd-48aa-94bc-4765c2cc777c"
              ],
              "failures": [],
              "pending": [],
              "skipped": [],
              "duration": 2602,
              "root": false,
              "rootEmpty": false,
              "_timeout": 2000
            },
            {
              "uuid": "1360aa8a-0069-4bc9-812b-b15d47137a2e",
              "title": "Loading States",
              "fullFile": "",
              "file": "",
              "beforeHooks": [],
              "afterHooks": [],
              "tests": [
                {
                  "title": "should not show loading indicator after initial load",
                  "fullTitle": "Security Summary Widget - Enhanced Loading States should not show loading indicator after initial load",
                  "timedOut": null,
                  "duration": 1081,
                  "state": "passed",
                  "speed": "fast",
                  "pass": true,
                  "fail": false,
                  "pending": false,
                  "context": null,
                  "code": "// Check for loading indicator - will not exist after page load\ncy.get('body').then($body => {\n    if ($body.find('[data-testid=\"widget-container-loading-container-security-summary-widget\"]').length > 0) {\n        cy.get('[data-testid=\"widget-container-loading-container-security-summary-widget\"]').should('not.exist');\n    }\n});",
                  "err": {},
                  "uuid": "95149095-fef1-4b7b-abf3-4cc6a2987feb",
                  "parentUUID": "1360aa8a-0069-4bc9-812b-b15d47137a2e",
                  "isHook": false,
                  "skipped": false
                },
                {
                  "title": "should display content instead of loading state",
                  "fullTitle": "Security Summary Widget - Enhanced Loading States should display content instead of loading state",
                  "timedOut": null,
                  "duration": 998,
                  "state": "passed",
                  "speed": "fast",
                  "pass": true,
                  "fail": false,
                  "pending": false,
                  "context": null,
                  "code": "cy.get(_support_selectors__WEBPACK_IMPORTED_MODULE_0__.securitySummaryWidget.root)\n    .should('be.visible')\n    .and('not.contain', 'Loading...');",
                  "err": {},
                  "uuid": "12a46d6f-4229-4f47-b97b-f6b00ed1aced",
                  "parentUUID": "1360aa8a-0069-4bc9-812b-b15d47137a2e",
                  "isHook": false,
                  "skipped": false
                }
              ],
              "suites": [],
              "passes": [
                "95149095-fef1-4b7b-abf3-4cc6a2987feb",
                "12a46d6f-4229-4f47-b97b-f6b00ed1aced"
              ],
              "failures": [],
              "pending": [],
              "skipped": [],
              "duration": 2079,
              "root": false,
              "rootEmpty": false,
              "_timeout": 2000
            },
            {
              "uuid": "fe960f5e-2ab3-40ed-a388-eebbe6d5c3f3",
              "title": "Responsive Design",
              "fullFile": "",
              "file": "",
              "beforeHooks": [],
              "afterHooks": [],
              "tests": [
                {
                  "title": "should adapt to mobile viewport",
                  "fullTitle": "Security Summary Widget - Enhanced Responsive Design should adapt to mobile viewport",
                  "timedOut": null,
                  "duration": 1533,
                  "state": "passed",
                  "speed": "fast",
                  "pass": true,
                  "fail": false,
                  "pending": false,
                  "context": null,
                  "code": "cy.viewport('iphone-x');\ncy.wait(500);\ncy.get(_support_selectors__WEBPACK_IMPORTED_MODULE_0__.securitySummaryWidget.root)\n    .should('be.visible');\n// Cards should exist on mobile (may be clipped/scrollable)\ncy.get('body').then($body => {\n    if ($body.find(_support_selectors__WEBPACK_IMPORTED_MODULE_0__.securitySummaryWidget.availabilityCard).length > 0) {\n        cy.get(_support_selectors__WEBPACK_IMPORTED_MODULE_0__.securitySummaryWidget.availabilityCard).should('exist');\n    }\n});",
                  "err": {},
                  "uuid": "33e05192-e442-4159-b271-51aaea7059ae",
                  "parentUUID": "fe960f5e-2ab3-40ed-a388-eebbe6d5c3f3",
                  "isHook": false,
                  "skipped": false
                },
                {
                  "title": "should adapt to tablet viewport",
                  "fullTitle": "Security Summary Widget - Enhanced Responsive Design should adapt to tablet viewport",
                  "timedOut": null,
                  "duration": 1585,
                  "state": "passed",
                  "speed": "fast",
                  "pass": true,
                  "fail": false,
                  "pending": false,
                  "context": null,
                  "code": "cy.viewport('ipad-2');\ncy.wait(500);\ncy.get(_support_selectors__WEBPACK_IMPORTED_MODULE_0__.securitySummaryWidget.root)\n    .should('be.visible');",
                  "err": {},
                  "uuid": "716e94c5-d49c-42c6-8977-1fd34b2ff3f1",
                  "parentUUID": "fe960f5e-2ab3-40ed-a388-eebbe6d5c3f3",
                  "isHook": false,
                  "skipped": false
                },
                {
                  "title": "should display properly on desktop",
                  "fullTitle": "Security Summary Widget - Enhanced Responsive Design should display properly on desktop",
                  "timedOut": null,
                  "duration": 1543,
                  "state": "passed",
                  "speed": "fast",
                  "pass": true,
                  "fail": false,
                  "pending": false,
                  "context": null,
                  "code": "cy.viewport('macbook-15');\ncy.wait(500);\ncy.get(_support_selectors__WEBPACK_IMPORTED_MODULE_0__.securitySummaryWidget.root)\n    .should('be.visible');",
                  "err": {},
                  "uuid": "f867cf95-034a-48ef-895b-a29ac78bf576",
                  "parentUUID": "fe960f5e-2ab3-40ed-a388-eebbe6d5c3f3",
                  "isHook": false,
                  "skipped": false
                }
              ],
              "suites": [],
              "passes": [
                "33e05192-e442-4159-b271-51aaea7059ae",
                "716e94c5-d49c-42c6-8977-1fd34b2ff3f1",
                "f867cf95-034a-48ef-895b-a29ac78bf576"
              ],
              "failures": [],
              "pending": [],
              "skipped": [],
              "duration": 4661,
              "root": false,
              "rootEmpty": false,
              "_timeout": 2000
            },
            {
              "uuid": "7f5cb9ef-432d-4415-afd1-aa9c298ed4ab",
              "title": "Accessibility",
              "fullFile": "",
              "file": "",
              "beforeHooks": [],
              "afterHooks": [],
              "tests": [
                {
                  "title": "should have proper ARIA labels",
                  "fullTitle": "Security Summary Widget - Enhanced Accessibility should have proper ARIA labels",
                  "timedOut": null,
                  "duration": 1411,
                  "state": "passed",
                  "speed": "fast",
                  "pass": true,
                  "fail": false,
                  "pending": false,
                  "context": null,
                  "code": "// Check for proper ARIA attributes on widget elements\ncy.get(_support_selectors__WEBPACK_IMPORTED_MODULE_0__.securitySummaryWidget.root).within(() => {\n    // Widget should have accessible structure\n    cy.get('[role=\"region\"]').should('exist');\n});",
                  "err": {},
                  "uuid": "c8f45b48-ba48-4066-aff0-7f45fc5e9845",
                  "parentUUID": "7f5cb9ef-432d-4415-afd1-aa9c298ed4ab",
                  "isHook": false,
                  "skipped": false
                },
                {
                  "title": "should pass basic accessibility checks",
                  "fullTitle": "Security Summary Widget - Enhanced Accessibility should pass basic accessibility checks",
                  "timedOut": null,
                  "duration": 1093,
                  "state": "passed",
                  "speed": "fast",
                  "pass": true,
                  "fail": false,
                  "pending": false,
                  "context": null,
                  "code": "cy.checkA11y();",
                  "err": {},
                  "uuid": "87126699-d608-4da8-b34b-1b60b87e9d68",
                  "parentUUID": "7f5cb9ef-432d-4415-afd1-aa9c298ed4ab",
                  "isHook": false,
                  "skipped": false
                },
                {
                  "title": "should have accessible tab controls",
                  "fullTitle": "Security Summary Widget - Enhanced Accessibility should have accessible tab controls",
                  "timedOut": null,
                  "duration": 1064,
                  "state": "passed",
                  "speed": "fast",
                  "pass": true,
                  "fail": false,
                  "pending": false,
                  "context": null,
                  "code": "cy.get('body').then($body => {\n    const tabs = $body.find('[role=\"tab\"]');\n    if (tabs.length > 0) {\n        // Each tab should have accessible attributes\n        cy.get('[role=\"tab\"]').first().should('exist');\n        cy.log('✓ Tabs have proper structure');\n    }\n    else {\n        cy.log('No tabs present (single-panel display)');\n    }\n});",
                  "err": {},
                  "uuid": "1e0e0b95-1000-41b8-8b48-ceed62b4c7ae",
                  "parentUUID": "7f5cb9ef-432d-4415-afd1-aa9c298ed4ab",
                  "isHook": false,
                  "skipped": false
                },
                {
                  "title": "should support keyboard navigation",
                  "fullTitle": "Security Summary Widget - Enhanced Accessibility should support keyboard navigation",
                  "timedOut": null,
                  "duration": 1068,
                  "state": "passed",
                  "speed": "fast",
                  "pass": true,
                  "fail": false,
                  "pending": false,
                  "context": null,
                  "code": "// Focus first interactive element\ncy.get(_support_selectors__WEBPACK_IMPORTED_MODULE_0__.securitySummaryWidget.root).within(() => {\n    cy.get('button, a, select, input, [tabindex=\"0\"]').first().then(($el) => {\n        if ($el.length > 0) {\n            cy.wrap($el).focus();\n            cy.focused().should('exist');\n            cy.log('✓ Keyboard navigation supported');\n        }\n    });\n});",
                  "err": {},
                  "uuid": "0d035bcb-b6be-45a5-a5ea-752f38dc2d9a",
                  "parentUUID": "7f5cb9ef-432d-4415-afd1-aa9c298ed4ab",
                  "isHook": false,
                  "skipped": false
                },
                {
                  "title": "should have visible focus indicators",
                  "fullTitle": "Security Summary Widget - Enhanced Accessibility should have visible focus indicators",
                  "timedOut": null,
                  "duration": 1084,
                  "state": "passed",
                  "speed": "fast",
                  "pass": true,
                  "fail": false,
                  "pending": false,
                  "context": null,
                  "code": "cy.get(_support_selectors__WEBPACK_IMPORTED_MODULE_0__.securitySummaryWidget.root).within(() => {\n    cy.get('button, a, select').first().then(($el) => {\n        if ($el.length > 0) {\n            cy.wrap($el).focus();\n            cy.focused().then(($focused) => {\n                const element = $focused[0];\n                const win = element.ownerDocument.defaultView;\n                const style = win?.getComputedStyle(element);\n                // Check for focus indicator (outline or box-shadow)\n                const hasOutline = style?.outline && style.outline !== 'none';\n                const hasBoxShadow = style?.boxShadow && style.boxShadow !== 'none';\n                expect(hasOutline || hasBoxShadow).to.be.true;\n                cy.log('✓ Focus indicators visible');\n            });\n        }\n    });\n});",
                  "err": {},
                  "uuid": "e39da1c8-98f4-4b5a-9b97-c1416c8f80a9",
                  "parentUUID": "7f5cb9ef-432d-4415-afd1-aa9c298ed4ab",
                  "isHook": false,
                  "skipped": false
                },
                {
                  "title": "should have readable text in all themes",
                  "fullTitle": "Security Summary Widget - Enhanced Accessibility should have readable text in all themes",
                  "timedOut": null,
                  "duration": 1571,
                  "state": "passed",
                  "speed": "fast",
                  "pass": true,
                  "fail": false,
                  "pending": false,
                  "context": null,
                  "code": "// Test light mode\ncy.get('html').invoke('removeClass', 'dark');\ncy.wait(200);\ncy.get(_support_selectors__WEBPACK_IMPORTED_MODULE_0__.securitySummaryWidget.root).within(() => {\n    cy.get('h1, h2, h3, p, span').first().should('be.visible');\n});\n// Test dark mode\ncy.get('html').invoke('addClass', 'dark');\ncy.wait(200);\ncy.get(_support_selectors__WEBPACK_IMPORTED_MODULE_0__.securitySummaryWidget.root).within(() => {\n    cy.get('h1, h2, h3, p, span').first().should('be.visible');\n});\ncy.log('✓ Text readable in both themes');",
                  "err": {},
                  "uuid": "a5253859-de70-4ce9-8e13-9e88a2bd760a",
                  "parentUUID": "7f5cb9ef-432d-4415-afd1-aa9c298ed4ab",
                  "isHook": false,
                  "skipped": false
                }
              ],
              "suites": [],
              "passes": [
                "c8f45b48-ba48-4066-aff0-7f45fc5e9845",
                "87126699-d608-4da8-b34b-1b60b87e9d68",
                "1e0e0b95-1000-41b8-8b48-ceed62b4c7ae",
                "0d035bcb-b6be-45a5-a5ea-752f38dc2d9a",
                "e39da1c8-98f4-4b5a-9b97-c1416c8f80a9",
                "a5253859-de70-4ce9-8e13-9e88a2bd760a"
              ],
              "failures": [],
              "pending": [],
              "skipped": [],
              "duration": 7291,
              "root": false,
              "rootEmpty": false,
              "_timeout": 2000
            },
            {
              "uuid": "c36b0eb2-dc74-4486-a9ef-f2b26af009dc",
              "title": "Content Validation",
              "fullFile": "",
              "file": "",
              "beforeHooks": [],
              "afterHooks": [],
              "tests": [
                {
                  "title": "should display security-related terminology",
                  "fullTitle": "Security Summary Widget - Enhanced Content Validation should display security-related terminology",
                  "timedOut": null,
                  "duration": 1374,
                  "state": "passed",
                  "speed": "fast",
                  "pass": true,
                  "fail": false,
                  "pending": false,
                  "context": null,
                  "code": "cy.get(_support_selectors__WEBPACK_IMPORTED_MODULE_0__.securitySummaryWidget.root).invoke('text').then((text) => {\n    const hasSecurityTerms = /security|risk|level|assessment|availability|integrity|confidentiality/i.test(text);\n    expect(hasSecurityTerms).to.be.true;\n});",
                  "err": {},
                  "uuid": "34580c06-c376-40ac-9a8d-3e7fa543102e",
                  "parentUUID": "c36b0eb2-dc74-4486-a9ef-f2b26af009dc",
                  "isHook": false,
                  "skipped": false
                },
                {
                  "title": "should provide actionable summary information",
                  "fullTitle": "Security Summary Widget - Enhanced Content Validation should provide actionable summary information",
                  "timedOut": null,
                  "duration": 1045,
                  "state": "passed",
                  "speed": "fast",
                  "pass": true,
                  "fail": false,
                  "pending": false,
                  "context": null,
                  "code": "// Widget should contain informative content, not just labels\ncy.get(_support_selectors__WEBPACK_IMPORTED_MODULE_0__.securitySummaryWidget.root)\n    .invoke('text')\n    .then(text => {\n    // Should have substantial content (more than just widget title)\n    expect(text.length).to.be.greaterThan(50);\n});",
                  "err": {},
                  "uuid": "e4e855f9-c5dc-4edd-b88b-cce8373becb9",
                  "parentUUID": "c36b0eb2-dc74-4486-a9ef-f2b26af009dc",
                  "isHook": false,
                  "skipped": false
                }
              ],
              "suites": [],
              "passes": [
                "34580c06-c376-40ac-9a8d-3e7fa543102e",
                "e4e855f9-c5dc-4edd-b88b-cce8373becb9"
              ],
              "failures": [],
              "pending": [],
              "skipped": [],
              "duration": 2419,
              "root": false,
              "rootEmpty": false,
              "_timeout": 2000
            },
            {
              "uuid": "a6ca3c07-d870-4645-820d-3d820905c4fa",
              "title": "Performance",
              "fullFile": "",
              "file": "",
              "beforeHooks": [],
              "afterHooks": [],
              "tests": [
                {
                  "title": "should update quickly when security levels change",
                  "fullTitle": "Security Summary Widget - Enhanced Performance should update quickly when security levels change",
                  "timedOut": null,
                  "duration": 1674,
                  "state": "passed",
                  "speed": "fast",
                  "pass": true,
                  "fail": false,
                  "pending": false,
                  "context": null,
                  "code": "const startTime = Date.now();\ncy.get(_support_selectors__WEBPACK_IMPORTED_MODULE_0__.securityLevelWidget.availabilitySelect)\n    .select(_support_constants__WEBPACK_IMPORTED_MODULE_1__.SECURITY_LEVELS.HIGH, { force: true });\ncy.get(_support_selectors__WEBPACK_IMPORTED_MODULE_0__.securitySummaryWidget.root).should('be.visible');\ncy.then(() => {\n    const responseTime = Date.now() - startTime;\n    cy.log(`Widget response time: ${responseTime}ms`);\n    expect(responseTime).to.be.lessThan(1000);\n});",
                  "err": {},
                  "uuid": "60bfe70a-22ff-4d9a-a787-69f572d421cd",
                  "parentUUID": "a6ca3c07-d870-4645-820d-3d820905c4fa",
                  "isHook": false,
                  "skipped": false
                }
              ],
              "suites": [],
              "passes": [
                "60bfe70a-22ff-4d9a-a787-69f572d421cd"
              ],
              "failures": [],
              "pending": [],
              "skipped": [],
              "duration": 1674,
              "root": false,
              "rootEmpty": false,
              "_timeout": 2000
            },
            {
              "uuid": "404ff378-7966-43e3-9d1a-ac7ce8ade295",
              "title": "Compact UI Redesign",
              "fullFile": "",
              "file": "",
              "beforeHooks": [],
              "afterHooks": [],
              "tests": [
                {
                  "title": "should fit within 3.5 viewport heights",
                  "fullTitle": "Security Summary Widget - Enhanced Compact UI Redesign should fit within 3.5 viewport heights",
                  "timedOut": null,
                  "duration": 1294,
                  "state": "passed",
                  "speed": "fast",
                  "pass": true,
                  "fail": false,
                  "pending": false,
                  "context": null,
                  "code": "// Set standard viewport\ncy.viewport(1280, 800);\ncy.wait(300);\ncy.get(_support_selectors__WEBPACK_IMPORTED_MODULE_0__.securitySummaryWidget.root).then(($widget) => {\n    if ($widget.length === 0) {\n        cy.log('Widget not found');\n        return;\n    }\n    const widgetHeight = $widget[0].scrollHeight;\n    const viewportHeight = Cypress.config('viewportHeight') || 800;\n    const maxAllowedHeight = viewportHeight * 3.5;\n    expect(widgetHeight).to.be.lessThan(maxAllowedHeight, `Widget height (${widgetHeight}px) should fit within 3.5 viewport heights (${maxAllowedHeight}px)`);\n    cy.log(`✓ Widget height: ${widgetHeight}px, Max allowed: ${maxAllowedHeight}px`);\n});",
                  "err": {},
                  "uuid": "37ea02d6-a6b1-4520-8387-a6ac0ccd7fd0",
                  "parentUUID": "404ff378-7966-43e3-9d1a-ac7ce8ade295",
                  "isHook": false,
                  "skipped": false
                },
                {
                  "title": "should use compact spacing classes",
                  "fullTitle": "Security Summary Widget - Enhanced Compact UI Redesign should use compact spacing classes",
                  "timedOut": null,
                  "duration": 1052,
                  "state": "passed",
                  "speed": "fast",
                  "pass": true,
                  "fail": false,
                  "pending": false,
                  "context": null,
                  "code": "cy.get(_support_selectors__WEBPACK_IMPORTED_MODULE_0__.securitySummaryWidget.root).then(($widget) => {\n    if ($widget.length === 0) {\n        cy.log('Widget not found');\n        return;\n    }\n    // Check for compact spacing (p-sm, gap-sm, space-y-sm)\n    cy.wrap($widget).within(() => {\n        cy.get('[class~=\"p-sm\"], [class~=\"gap-sm\"], [class~=\"space-y-sm\"]').then(($compact) => {\n            expect($compact.length).to.be.greaterThan(0, 'Should have elements with compact spacing');\n            cy.log(`✓ Found ${$compact.length} elements with compact spacing classes`);\n        });\n    });\n});",
                  "err": {},
                  "uuid": "e67f0b97-ee4c-4312-8ca1-05bc0f1c93de",
                  "parentUUID": "404ff378-7966-43e3-9d1a-ac7ce8ade295",
                  "isHook": false,
                  "skipped": false
                },
                {
                  "title": "should have minimal empty container space",
                  "fullTitle": "Security Summary Widget - Enhanced Compact UI Redesign should have minimal empty container space",
                  "timedOut": null,
                  "duration": 1066,
                  "state": "passed",
                  "speed": "fast",
                  "pass": true,
                  "fail": false,
                  "pending": false,
                  "context": null,
                  "code": "cy.get(_support_selectors__WEBPACK_IMPORTED_MODULE_0__.securitySummaryWidget.root).then(($widget) => {\n    if ($widget.length === 0) {\n        cy.log('Widget not found');\n        return;\n    }\n    // Check that widget uses content efficiently (no excessive padding)\n    // Look for excessively large padding - should have few or none\n    const largePaddingElements = $widget.find('[class~=\"p-lg\"], [class~=\"p-xl\"]');\n    const count = largePaddingElements.length;\n    cy.log(`Found ${count} elements with large padding (p-lg/p-xl)`);\n    // Should have minimal large padding - less than 5 elements is acceptable for complex tabbed widget\n    expect(count).to.be.lessThan(5, 'Should have minimal elements with large padding');\n});",
                  "err": {},
                  "uuid": "a79deccf-cf83-4d4b-80b2-06ed325e9a12",
                  "parentUUID": "404ff378-7966-43e3-9d1a-ac7ce8ade295",
                  "isHook": false,
                  "skipped": false
                }
              ],
              "suites": [],
              "passes": [
                "37ea02d6-a6b1-4520-8387-a6ac0ccd7fd0",
                "e67f0b97-ee4c-4312-8ca1-05bc0f1c93de",
                "a79deccf-cf83-4d4b-80b2-06ed325e9a12"
              ],
              "failures": [],
              "pending": [],
              "skipped": [],
              "duration": 3412,
              "root": false,
              "rootEmpty": false,
              "_timeout": 2000
            },
            {
              "uuid": "400c4079-9ec3-4813-af75-c4925d793c2c",
              "title": "Theme Switching",
              "fullFile": "",
              "file": "",
              "beforeHooks": [],
              "afterHooks": [],
              "tests": [
                {
                  "title": "should apply dark theme classes correctly",
                  "fullTitle": "Security Summary Widget - Enhanced Theme Switching should apply dark theme classes correctly",
                  "timedOut": null,
                  "duration": 1434,
                  "state": "passed",
                  "speed": "fast",
                  "pass": true,
                  "fail": false,
                  "pending": false,
                  "context": null,
                  "code": "// Toggle to dark mode\ncy.get('html').invoke('addClass', 'dark');\ncy.wait(300);\ncy.get(_support_selectors__WEBPACK_IMPORTED_MODULE_0__.securitySummaryWidget.root).then(($widget) => {\n    if ($widget.length === 0) {\n        cy.log('Widget not found');\n        return;\n    }\n    // Check for dark mode styling\n    cy.wrap($widget).within(() => {\n        // Look for dark: prefixed classes or dark mode backgrounds\n        cy.get('[class*=\"dark:\"]').should('exist');\n        cy.log('✓ Dark theme classes applied');\n    });\n});",
                  "err": {},
                  "uuid": "22346bcd-d4e0-4807-97be-0326108b294f",
                  "parentUUID": "400c4079-9ec3-4813-af75-c4925d793c2c",
                  "isHook": false,
                  "skipped": false
                },
                {
                  "title": "should maintain readability in dark mode",
                  "fullTitle": "Security Summary Widget - Enhanced Theme Switching should maintain readability in dark mode",
                  "timedOut": null,
                  "duration": 1580,
                  "state": "passed",
                  "speed": "fast",
                  "pass": true,
                  "fail": false,
                  "pending": false,
                  "context": null,
                  "code": "cy.get('html').invoke('addClass', 'dark');\ncy.wait(300);\ncy.get(_support_selectors__WEBPACK_IMPORTED_MODULE_0__.securitySummaryWidget.root).within(() => {\n    // Text should be visible\n    cy.get('h1, h2, h3, p').first().then(($el) => {\n        if ($el.length > 0) {\n            cy.wrap($el).should('be.visible');\n            cy.log('✓ Text visible in dark mode');\n        }\n    });\n});",
                  "err": {},
                  "uuid": "410f159b-191f-4089-ba0b-f9fffddeb646",
                  "parentUUID": "400c4079-9ec3-4813-af75-c4925d793c2c",
                  "isHook": false,
                  "skipped": false
                },
                {
                  "title": "should switch between light and dark seamlessly",
                  "fullTitle": "Security Summary Widget - Enhanced Theme Switching should switch between light and dark seamlessly",
                  "timedOut": null,
                  "duration": 1895,
                  "state": "passed",
                  "speed": "fast",
                  "pass": true,
                  "fail": false,
                  "pending": false,
                  "context": null,
                  "code": "// Start in light mode\ncy.get('html').invoke('removeClass', 'dark');\ncy.wait(200);\ncy.get(_support_selectors__WEBPACK_IMPORTED_MODULE_0__.securitySummaryWidget.root).should('be.visible');\n// Switch to dark\ncy.get('html').invoke('addClass', 'dark');\ncy.wait(200);\ncy.get(_support_selectors__WEBPACK_IMPORTED_MODULE_0__.securitySummaryWidget.root).should('be.visible');\n// Switch back to light\ncy.get('html').invoke('removeClass', 'dark');\ncy.wait(200);\ncy.get(_support_selectors__WEBPACK_IMPORTED_MODULE_0__.securitySummaryWidget.root).should('be.visible');\ncy.log('✓ Theme switching seamless');",
                  "err": {},
                  "uuid": "746ac30c-536e-471f-afe1-2ce809ca7337",
                  "parentUUID": "400c4079-9ec3-4813-af75-c4925d793c2c",
                  "isHook": false,
                  "skipped": false
                },
                {
                  "title": "should maintain focus indicators in both themes",
                  "fullTitle": "Security Summary Widget - Enhanced Theme Switching should maintain focus indicators in both themes",
                  "timedOut": null,
                  "duration": 2431,
                  "state": "passed",
                  "speed": "fast",
                  "pass": true,
                  "fail": false,
                  "pending": false,
                  "context": null,
                  "code": "const viewports = ['light', 'dark'];\nviewports.forEach(theme => {\n    if (theme === 'dark') {\n        cy.get('html').invoke('addClass', 'dark');\n    }\n    else {\n        cy.get('html').invoke('removeClass', 'dark');\n    }\n    cy.wait(200);\n    cy.get(_support_selectors__WEBPACK_IMPORTED_MODULE_0__.securitySummaryWidget.root).within(() => {\n        cy.get('button, select').first().then(($el) => {\n            if ($el.length > 0) {\n                cy.wrap($el).focus();\n                cy.focused().should('exist');\n                cy.log(`✓ Focus works in ${theme} mode`);\n            }\n        });\n    });\n});",
                  "err": {},
                  "uuid": "a795a380-50f4-4d87-8651-d9b1267d2656",
                  "parentUUID": "400c4079-9ec3-4813-af75-c4925d793c2c",
                  "isHook": false,
                  "skipped": false
                }
              ],
              "suites": [],
              "passes": [
                "22346bcd-d4e0-4807-97be-0326108b294f",
                "410f159b-191f-4089-ba0b-f9fffddeb646",
                "746ac30c-536e-471f-afe1-2ce809ca7337",
                "a795a380-50f4-4d87-8651-d9b1267d2656"
              ],
              "failures": [],
              "pending": [],
              "skipped": [],
              "duration": 7340,
              "root": false,
              "rootEmpty": false,
              "_timeout": 2000
            }
          ],
          "passes": [],
          "failures": [],
          "pending": [],
          "skipped": [],
          "duration": 0,
          "root": false,
          "rootEmpty": false,
          "_timeout": 2000
        }
      ],
      "passes": [],
      "failures": [],
      "pending": [],
      "skipped": [],
      "duration": 0,
      "root": true,
      "rootEmpty": true,
      "_timeout": 2000
    }
  ],
  "meta": {
    "mocha": {
      "version": "7.2.0"
    },
    "mochawesome": {
      "options": {
        "quiet": false,
        "reportFilename": "mochawesome",
        "saveHtml": true,
        "saveJson": true,
        "consoleReporter": "spec",
        "useInlineDiffs": false,
        "code": true
      },
      "version": "7.1.4"
    },
    "marge": {
      "options": {
        "id": "default",
        "reportDir": "build/cypress/mochawesome",
        "overwrite": false,
        "html": true,
        "json": true,
        "code": true,
        "timestamp": "mmddyyyy_HHMMss",
        "charts": true,
        "showHooks": "failed",
        "embeddedScreenshots": true
      },
      "version": "6.3.2"
    }
  }
}