{
  "stats": {
    "suites": 12,
    "tests": 58,
    "passes": 58,
    "pending": 0,
    "failures": 0,
    "testsRegistered": 58,
    "passPercent": 100,
    "pendingPercent": 0,
    "other": 0,
    "hasOther": false,
    "skipped": 0,
    "hasSkipped": false,
    "start": "2025-03-15T19:11:19.772Z",
    "end": "2025-03-15T19:15:58.604Z",
    "duration": 278832
  },
  "results": [
    {
      "uuid": "82f49a08-04e5-4efd-bf2d-718146ba480d",
      "title": "",
      "fullFile": "cypress/e2e/business-outcomes/compliance-validation.cy.ts",
      "file": "cypress/e2e/business-outcomes/compliance-validation.cy.ts",
      "beforeHooks": [],
      "afterHooks": [],
      "tests": [],
      "suites": [
        {
          "uuid": "b49f9e6a-26df-4911-9d8b-14b56071f741",
          "title": "Compliance Status Validation",
          "fullFile": "",
          "file": "",
          "beforeHooks": [],
          "afterHooks": [],
          "tests": [
            {
              "title": "accurately reflects compliance status based on security levels",
              "fullTitle": "Compliance Status Validation accurately reflects compliance status based on security levels",
              "timedOut": null,
              "duration": 6363,
              "state": "passed",
              "speed": "medium",
              "pass": true,
              "fail": false,
              "pending": false,
              "context": null,
              "code": "cy.screenshot(\"compliance-validation-start\");\nconst complianceScenarios = [\n  {\n    levels: [SECURITY_LEVELS.LOW, SECURITY_LEVELS.LOW, SECURITY_LEVELS.LOW],\n    expectedStatus: /minimal|basic|non-compliant|low/i,\n    expectedFrameworks: 0\n  },\n  {\n    levels: [\n      SECURITY_LEVELS.HIGH,\n      SECURITY_LEVELS.HIGH,\n      SECURITY_LEVELS.HIGH\n    ],\n    expectedStatus: /compliant|meets requirements|high/i,\n    expectedFrameworks: 1\n    // Less strict - at least one framework\n  }\n];\ncomplianceScenarios.forEach((scenario, index) => {\n  cy.log(\n    `Testing compliance scenario ${index + 1} with levels: ${scenario.levels.join(\", \")}`\n  );\n  cy.get(\"body\").then(($body) => {\n    if ($body.find(\"select\").length >= 3) {\n      cy.get(\"select\").eq(0).select(scenario.levels[0], { force: true });\n      cy.wait(300);\n      cy.get(\"select\").eq(1).select(scenario.levels[1], { force: true });\n      cy.wait(300);\n      cy.get(\"select\").eq(2).select(scenario.levels[2], { force: true });\n    } else {\n      cy.setSecurityLevels(...scenario.levels);\n    }\n  });\n  cy.wait(1e3);\n  cy.screenshot(`compliance-scenario-${index + 1}`);\n  cy.get(\"body\").then(($body) => {\n    const selectors = [\n      '[data-testid=\"widget-compliance-status\"]',\n      '[data-testid=\"compliance-status\"]',\n      '[data-testid*=\"compliance\"]',\n      '[class*=\"compliance\"]'\n    ];\n    let foundSelector = \"\";\n    for (const selector of selectors) {\n      if ($body.find(selector).length > 0) {\n        foundSelector = selector;\n        break;\n      }\n    }\n    if (foundSelector) {\n      cy.log(`Found compliance widget with selector: ${foundSelector}`);\n      cy.get(foundSelector).within(() => {\n        cy.contains(scenario.expectedStatus).should(\"exist\");\n        if (scenario.expectedFrameworks > 0) {\n          cy.get(\n            'li, [data-testid*=\"framework-item\"], [data-testid*=\"compliance-item\"]'\n          ).should(\"have.length.at.least\", scenario.expectedFrameworks);\n        }\n      });\n    } else {\n      cy.log(\"⚠️ Compliance widget not found with standard selectors\");\n      cy.contains(scenario.expectedStatus).should(\"exist\");\n    }\n  });\n});",
              "err": {},
              "uuid": "d690ebdc-6c90-4116-8336-c05a71c835bf",
              "parentUUID": "b49f9e6a-26df-4911-9d8b-14b56071f741",
              "isHook": false,
              "skipped": false
            }
          ],
          "suites": [],
          "passes": [
            "d690ebdc-6c90-4116-8336-c05a71c835bf"
          ],
          "failures": [],
          "pending": [],
          "skipped": [],
          "duration": 6363,
          "root": false,
          "rootEmpty": false,
          "_timeout": 2000
        }
      ],
      "passes": [],
      "failures": [],
      "pending": [],
      "skipped": [],
      "duration": 0,
      "root": true,
      "rootEmpty": true,
      "_timeout": 2000
    },
    {
      "uuid": "15f60bd5-4dc5-4230-b10e-762ba5d15fbf",
      "title": "",
      "fullFile": "cypress/e2e/security/security-level-transitions.cy.ts",
      "file": "cypress/e2e/security/security-level-transitions.cy.ts",
      "beforeHooks": [],
      "afterHooks": [],
      "tests": [],
      "suites": [
        {
          "uuid": "69b4291b-7d23-4552-b70b-ff919e4e1e8d",
          "title": "Security Level Transitions",
          "fullFile": "",
          "file": "",
          "beforeHooks": [],
          "afterHooks": [],
          "tests": [
            {
              "title": "maintains application integrity during security level changes",
              "fullTitle": "Security Level Transitions maintains application integrity during security level changes",
              "timedOut": null,
              "duration": 10595,
              "state": "passed",
              "speed": "slow",
              "pass": true,
              "fail": false,
              "pending": false,
              "context": null,
              "code": "const securityTransitions = [\n  // Test dramatic change (low to high)\n  {\n    from: [SECURITY_LEVELS.LOW, SECURITY_LEVELS.LOW, SECURITY_LEVELS.LOW],\n    to: [SECURITY_LEVELS.HIGH, SECURITY_LEVELS.HIGH, SECURITY_LEVELS.HIGH]\n  },\n  // Test mixed security levels\n  {\n    from: [\n      SECURITY_LEVELS.HIGH,\n      SECURITY_LEVELS.HIGH,\n      SECURITY_LEVELS.HIGH\n    ],\n    to: [\n      SECURITY_LEVELS.HIGH,\n      SECURITY_LEVELS.LOW,\n      SECURITY_LEVELS.MODERATE\n    ]\n  }\n];\nfor (const transition of securityTransitions) {\n  cy.log(`Testing transition from ${transition.from} to ${transition.to}`);\n  cy.get(\"body\").then(($body) => {\n    if ($body.find(\"select\").length >= 3) {\n      cy.get(\"select\").eq(0).select(transition.from[0], { force: true });\n      cy.wait(300);\n      cy.get(\"select\").eq(1).select(transition.from[1], { force: true });\n      cy.wait(300);\n      cy.get(\"select\").eq(2).select(transition.from[2], { force: true });\n    } else {\n      cy.setSecurityLevels(...transition.from);\n    }\n  });\n  cy.wait(1e3);\n  cy.screenshot(`transition-initial-${transition.from.join(\"-\")}`);\n  cy.log(\"Verifying initial widget state\");\n  let initialWidgetFound = false;\n  cy.get(\"body\").then(($body) => {\n    const summarySelectors = [\n      '[data-testid=\"widget-security-summary\"]',\n      '[data-testid=\"security-summary\"]',\n      '[data-testid*=\"security\"][data-testid*=\"summary\"]'\n    ];\n    for (const selector of summarySelectors) {\n      if ($body.find(selector).length > 0) {\n        initialWidgetFound = true;\n        cy.log(`Found security summary with selector: ${selector}`);\n        cy.get(selector).should(\"exist\").as(\"securitySummary\");\n        break;\n      }\n    }\n    if (!initialWidgetFound) {\n      cy.log(\"⚠️ Could not find security summary widget\");\n      cy.get(\"body\").as(\"securitySummary\");\n    }\n  });\n  cy.get(\"body\").should(\"not.contain.text\", \"undefined\");\n  cy.get(\"body\").should(\"not.contain.text\", \"NaN\");\n  cy.get(\"body\").invoke(\"text\").as(\"initialBodyText\");\n  cy.log(`Changing to security levels: ${transition.to}`);\n  cy.get(\"body\").then(($body) => {\n    if ($body.find(\"select\").length >= 3) {\n      cy.get(\"select\").eq(0).select(transition.to[0], { force: true });\n      cy.wait(300);\n      cy.get(\"select\").eq(1).select(transition.to[1], { force: true });\n      cy.wait(300);\n      cy.get(\"select\").eq(2).select(transition.to[2], { force: true });\n    } else {\n      cy.setSecurityLevels(...transition.to);\n    }\n  });\n  cy.wait(1e3);\n  cy.screenshot(`transition-after-${transition.to.join(\"-\")}`);\n  if (initialWidgetFound) {\n    cy.get(\"@securitySummary\").should(\"exist\");\n  }\n  cy.get(\"body\").invoke(\"text\").then((newBodyText) => {\n    cy.get(\"@initialBodyText\").then((initialBodyText) => {\n      if (newBodyText !== initialBodyText) {\n        cy.log(\"✓ Page content changed after security level transition\");\n      } else {\n        cy.log(\"⚠️ Page content did not change after transition\");\n      }\n    });\n  });\n  cy.get(\"body\").should(\"not.contain.text\", \"undefined\");\n  cy.get(\"body\").should(\"not.contain.text\", \"NaN\");\n  cy.get(\"body\").should(\"not.contain.text\", \"Error\");\n  cy.window().then((win) => {\n    if (win.consoleErrors && win.consoleErrors.length > 0) {\n      cy.log(`⚠️ Console errors found: ${win.consoleErrors.length}`);\n      win.consoleErrors.forEach((err, i) => {\n        if (i < 3) {\n          cy.log(`Error ${i + 1}: ${err.substring(0, 100)}...`);\n        }\n      });\n    } else {\n      cy.log(\"✓ No console errors detected\");\n    }\n  });\n}",
              "err": {},
              "uuid": "42c711b6-b9a5-47ca-bc99-e90022fec08f",
              "parentUUID": "69b4291b-7d23-4552-b70b-ff919e4e1e8d",
              "isHook": false,
              "skipped": false
            }
          ],
          "suites": [],
          "passes": [
            "42c711b6-b9a5-47ca-bc99-e90022fec08f"
          ],
          "failures": [],
          "pending": [],
          "skipped": [],
          "duration": 10595,
          "root": false,
          "rootEmpty": false,
          "_timeout": 2000
        }
      ],
      "passes": [],
      "failures": [],
      "pending": [],
      "skipped": [],
      "duration": 0,
      "root": true,
      "rootEmpty": true,
      "_timeout": 2000
    },
    {
      "uuid": "3af94dd4-24f9-4a68-b0be-6849618b936f",
      "title": "",
      "fullFile": "cypress/e2e/widgets/all-widgets-security-test.cy.ts",
      "file": "cypress/e2e/widgets/all-widgets-security-test.cy.ts",
      "beforeHooks": [],
      "afterHooks": [],
      "tests": [],
      "suites": [
        {
          "uuid": "535cb00e-b5b5-434b-88ad-d511cc75104c",
          "title": "All Widgets Security Level Tests",
          "fullFile": "",
          "file": "",
          "beforeHooks": [],
          "afterHooks": [],
          "tests": [
            {
              "title": "handles key security combinations for security-summary",
              "fullTitle": "All Widgets Security Level Tests handles key security combinations for security-summary",
              "timedOut": null,
              "duration": 5389,
              "state": "passed",
              "speed": "medium",
              "pass": true,
              "fail": false,
              "pending": false,
              "context": null,
              "code": "cy.get(\"body\").then(($body) => {\n  const widgetExists = $body.find(`[data-testid*=\"${widget}\"]`).length > 0;\n  if (!widgetExists) {\n    cy.log(\n      `⚠️ WARNING: Widget \"${widget}\" not found - skipping security level tests`\n    );\n    return;\n  }\n  cy.findWidget(widget).scrollIntoView();\n  const hasSelects = $body.find(\"select\").length >= 3;\n  if (!hasSelects) {\n    cy.log(\n      \"⚠️ WARNING: Not enough select elements found to set security levels\"\n    );\n    return;\n  }\n  criticalCombinations.forEach(([avail, integ, conf]) => {\n    cy.log(`Testing ${avail}-${integ}-${conf} combination`);\n    cy.get(\"body\").then(($updated) => {\n      const selects = $updated.find(\"select\");\n      if (selects.length >= 3) {\n        cy.get(\"select\").eq(0).select(avail, { force: true });\n        cy.get(\"select\").eq(1).select(integ, { force: true });\n        cy.get(\"select\").eq(2).select(conf, { force: true });\n      } else {\n        cy.setSecurityLevels(avail, integ, conf);\n      }\n    });\n    cy.wait(300);\n    cy.findWidget(widget).should(\"exist\").should(\"be.visible\").then(($widget) => {\n      expect($widget.text().trim().length).to.be.greaterThan(0);\n    });\n  });\n});",
              "err": {},
              "uuid": "819a5dbf-c7db-4c0a-a047-5c76a337d223",
              "parentUUID": "535cb00e-b5b5-434b-88ad-d511cc75104c",
              "isHook": false,
              "skipped": false
            },
            {
              "title": "handles key security combinations for business-impact",
              "fullTitle": "All Widgets Security Level Tests handles key security combinations for business-impact",
              "timedOut": null,
              "duration": 4913,
              "state": "passed",
              "speed": "fast",
              "pass": true,
              "fail": false,
              "pending": false,
              "context": null,
              "code": "cy.get(\"body\").then(($body) => {\n  const widgetExists = $body.find(`[data-testid*=\"${widget}\"]`).length > 0;\n  if (!widgetExists) {\n    cy.log(\n      `⚠️ WARNING: Widget \"${widget}\" not found - skipping security level tests`\n    );\n    return;\n  }\n  cy.findWidget(widget).scrollIntoView();\n  const hasSelects = $body.find(\"select\").length >= 3;\n  if (!hasSelects) {\n    cy.log(\n      \"⚠️ WARNING: Not enough select elements found to set security levels\"\n    );\n    return;\n  }\n  criticalCombinations.forEach(([avail, integ, conf]) => {\n    cy.log(`Testing ${avail}-${integ}-${conf} combination`);\n    cy.get(\"body\").then(($updated) => {\n      const selects = $updated.find(\"select\");\n      if (selects.length >= 3) {\n        cy.get(\"select\").eq(0).select(avail, { force: true });\n        cy.get(\"select\").eq(1).select(integ, { force: true });\n        cy.get(\"select\").eq(2).select(conf, { force: true });\n      } else {\n        cy.setSecurityLevels(avail, integ, conf);\n      }\n    });\n    cy.wait(300);\n    cy.findWidget(widget).should(\"exist\").should(\"be.visible\").then(($widget) => {\n      expect($widget.text().trim().length).to.be.greaterThan(0);\n    });\n  });\n});",
              "err": {},
              "uuid": "8507a62e-a493-4e40-9313-31daba3bca27",
              "parentUUID": "535cb00e-b5b5-434b-88ad-d511cc75104c",
              "isHook": false,
              "skipped": false
            },
            {
              "title": "handles key security combinations for cost-estimation",
              "fullTitle": "All Widgets Security Level Tests handles key security combinations for cost-estimation",
              "timedOut": null,
              "duration": 4842,
              "state": "passed",
              "speed": "fast",
              "pass": true,
              "fail": false,
              "pending": false,
              "context": null,
              "code": "cy.get(\"body\").then(($body) => {\n  const widgetExists = $body.find(`[data-testid*=\"${widget}\"]`).length > 0;\n  if (!widgetExists) {\n    cy.log(\n      `⚠️ WARNING: Widget \"${widget}\" not found - skipping security level tests`\n    );\n    return;\n  }\n  cy.findWidget(widget).scrollIntoView();\n  const hasSelects = $body.find(\"select\").length >= 3;\n  if (!hasSelects) {\n    cy.log(\n      \"⚠️ WARNING: Not enough select elements found to set security levels\"\n    );\n    return;\n  }\n  criticalCombinations.forEach(([avail, integ, conf]) => {\n    cy.log(`Testing ${avail}-${integ}-${conf} combination`);\n    cy.get(\"body\").then(($updated) => {\n      const selects = $updated.find(\"select\");\n      if (selects.length >= 3) {\n        cy.get(\"select\").eq(0).select(avail, { force: true });\n        cy.get(\"select\").eq(1).select(integ, { force: true });\n        cy.get(\"select\").eq(2).select(conf, { force: true });\n      } else {\n        cy.setSecurityLevels(avail, integ, conf);\n      }\n    });\n    cy.wait(300);\n    cy.findWidget(widget).should(\"exist\").should(\"be.visible\").then(($widget) => {\n      expect($widget.text().trim().length).to.be.greaterThan(0);\n    });\n  });\n});",
              "err": {},
              "uuid": "f7f60957-45ae-450d-93b2-de692a8a118d",
              "parentUUID": "535cb00e-b5b5-434b-88ad-d511cc75104c",
              "isHook": false,
              "skipped": false
            },
            {
              "title": "handles key security combinations for compliance-status",
              "fullTitle": "All Widgets Security Level Tests handles key security combinations for compliance-status",
              "timedOut": null,
              "duration": 4901,
              "state": "passed",
              "speed": "fast",
              "pass": true,
              "fail": false,
              "pending": false,
              "context": null,
              "code": "cy.get(\"body\").then(($body) => {\n  const widgetExists = $body.find(`[data-testid*=\"${widget}\"]`).length > 0;\n  if (!widgetExists) {\n    cy.log(\n      `⚠️ WARNING: Widget \"${widget}\" not found - skipping security level tests`\n    );\n    return;\n  }\n  cy.findWidget(widget).scrollIntoView();\n  const hasSelects = $body.find(\"select\").length >= 3;\n  if (!hasSelects) {\n    cy.log(\n      \"⚠️ WARNING: Not enough select elements found to set security levels\"\n    );\n    return;\n  }\n  criticalCombinations.forEach(([avail, integ, conf]) => {\n    cy.log(`Testing ${avail}-${integ}-${conf} combination`);\n    cy.get(\"body\").then(($updated) => {\n      const selects = $updated.find(\"select\");\n      if (selects.length >= 3) {\n        cy.get(\"select\").eq(0).select(avail, { force: true });\n        cy.get(\"select\").eq(1).select(integ, { force: true });\n        cy.get(\"select\").eq(2).select(conf, { force: true });\n      } else {\n        cy.setSecurityLevels(avail, integ, conf);\n      }\n    });\n    cy.wait(300);\n    cy.findWidget(widget).should(\"exist\").should(\"be.visible\").then(($widget) => {\n      expect($widget.text().trim().length).to.be.greaterThan(0);\n    });\n  });\n});",
              "err": {},
              "uuid": "a3bc24d0-978b-4219-9b46-4d250a18db41",
              "parentUUID": "535cb00e-b5b5-434b-88ad-d511cc75104c",
              "isHook": false,
              "skipped": false
            },
            {
              "title": "handles security level transitions smoothly for security-summary widget",
              "fullTitle": "All Widgets Security Level Tests handles security level transitions smoothly for security-summary widget",
              "timedOut": null,
              "duration": 3850,
              "state": "passed",
              "speed": "fast",
              "pass": true,
              "fail": false,
              "pending": false,
              "context": null,
              "code": "cy.findWidget(widgetName).scrollIntoView();\nconst transitionSequence = [\n  [SECURITY_LEVELS.LOW, SECURITY_LEVELS.LOW, SECURITY_LEVELS.LOW],\n  [SECURITY_LEVELS.HIGH, SECURITY_LEVELS.HIGH, SECURITY_LEVELS.HIGH],\n  [\n    SECURITY_LEVELS.MODERATE,\n    SECURITY_LEVELS.MODERATE,\n    SECURITY_LEVELS.MODERATE\n  ],\n  [SECURITY_LEVELS.LOW, SECURITY_LEVELS.HIGH, SECURITY_LEVELS.MODERATE]\n];\ntransitionSequence.forEach(([avail, integ, conf], index) => {\n  cy.log(`Testing transition ${index + 1}: ${avail}, ${integ}, ${conf}`);\n  cy.setSecurityLevels(avail, integ, conf);\n  cy.wait(100);\n  cy.findWidget(widgetName).should(\"exist\");\n});\ncy.findWidget(widgetName).should(\"be.visible\").invoke(\"text\").should(\"not.be.empty\");",
              "err": {},
              "uuid": "e977b090-65ee-4f65-8cb2-0d7d725f0046",
              "parentUUID": "535cb00e-b5b5-434b-88ad-d511cc75104c",
              "isHook": false,
              "skipped": false
            },
            {
              "title": "handles security level transitions smoothly for radar-chart widget",
              "fullTitle": "All Widgets Security Level Tests handles security level transitions smoothly for radar-chart widget",
              "timedOut": null,
              "duration": 3888,
              "state": "passed",
              "speed": "fast",
              "pass": true,
              "fail": false,
              "pending": false,
              "context": null,
              "code": "cy.findWidget(widgetName).scrollIntoView();\nconst transitionSequence = [\n  [SECURITY_LEVELS.LOW, SECURITY_LEVELS.LOW, SECURITY_LEVELS.LOW],\n  [SECURITY_LEVELS.HIGH, SECURITY_LEVELS.HIGH, SECURITY_LEVELS.HIGH],\n  [\n    SECURITY_LEVELS.MODERATE,\n    SECURITY_LEVELS.MODERATE,\n    SECURITY_LEVELS.MODERATE\n  ],\n  [SECURITY_LEVELS.LOW, SECURITY_LEVELS.HIGH, SECURITY_LEVELS.MODERATE]\n];\ntransitionSequence.forEach(([avail, integ, conf], index) => {\n  cy.log(`Testing transition ${index + 1}: ${avail}, ${integ}, ${conf}`);\n  cy.setSecurityLevels(avail, integ, conf);\n  cy.wait(100);\n  cy.findWidget(widgetName).should(\"exist\");\n});\ncy.findWidget(widgetName).should(\"be.visible\").invoke(\"text\").should(\"not.be.empty\");",
              "err": {},
              "uuid": "aefab4a0-ab6f-48b7-8432-4de24f2af5d0",
              "parentUUID": "535cb00e-b5b5-434b-88ad-d511cc75104c",
              "isHook": false,
              "skipped": false
            },
            {
              "title": "handles security level transitions smoothly for compliance-status widget",
              "fullTitle": "All Widgets Security Level Tests handles security level transitions smoothly for compliance-status widget",
              "timedOut": null,
              "duration": 3830,
              "state": "passed",
              "speed": "fast",
              "pass": true,
              "fail": false,
              "pending": false,
              "context": null,
              "code": "cy.findWidget(widgetName).scrollIntoView();\nconst transitionSequence = [\n  [SECURITY_LEVELS.LOW, SECURITY_LEVELS.LOW, SECURITY_LEVELS.LOW],\n  [SECURITY_LEVELS.HIGH, SECURITY_LEVELS.HIGH, SECURITY_LEVELS.HIGH],\n  [\n    SECURITY_LEVELS.MODERATE,\n    SECURITY_LEVELS.MODERATE,\n    SECURITY_LEVELS.MODERATE\n  ],\n  [SECURITY_LEVELS.LOW, SECURITY_LEVELS.HIGH, SECURITY_LEVELS.MODERATE]\n];\ntransitionSequence.forEach(([avail, integ, conf], index) => {\n  cy.log(`Testing transition ${index + 1}: ${avail}, ${integ}, ${conf}`);\n  cy.setSecurityLevels(avail, integ, conf);\n  cy.wait(100);\n  cy.findWidget(widgetName).should(\"exist\");\n});\ncy.findWidget(widgetName).should(\"be.visible\").invoke(\"text\").should(\"not.be.empty\");",
              "err": {},
              "uuid": "2479488a-27ae-4171-b588-cdb4db23d96c",
              "parentUUID": "535cb00e-b5b5-434b-88ad-d511cc75104c",
              "isHook": false,
              "skipped": false
            },
            {
              "title": "shows appropriate widgets for each security profile",
              "fullTitle": "All Widgets Security Level Tests shows appropriate widgets for each security profile",
              "timedOut": null,
              "duration": 2966,
              "state": "passed",
              "speed": "fast",
              "pass": true,
              "fail": false,
              "pending": false,
              "context": null,
              "code": "const securityProfiles = [\n  {\n    name: \"None/Low Security\",\n    levels: [SECURITY_LEVELS.LOW, SECURITY_LEVELS.LOW, SECURITY_LEVELS.LOW],\n    expectedWidgets: [\n      \"security-summary\",\n      \"security-level\",\n      \"cost-estimation\"\n    ],\n    unexpectedWidgets: [\"cia-impact-summary\", \"radar-chart\"]\n    // These might not be visible at low security\n  },\n  {\n    name: \"High Security\",\n    levels: [\n      SECURITY_LEVELS.HIGH,\n      SECURITY_LEVELS.HIGH,\n      SECURITY_LEVELS.HIGH\n    ],\n    expectedWidgets: [\n      \"security-summary\",\n      \"security-level\",\n      \"cost-estimation\",\n      \"value-creation\",\n      \"business-impact\",\n      \"compliance-status\"\n    ],\n    unexpectedWidgets: []\n    // At high security, most widgets should be visible\n  }\n];\nsecurityProfiles.forEach((profile) => {\n  cy.log(`Testing ${profile.name} profile`);\n  cy.setSecurityLevels(...profile.levels);\n  cy.wait(500);\n  profile.expectedWidgets.forEach((widgetId) => {\n    cy.findWidget(widgetId).should(\"exist\");\n  });\n  if (profile.unexpectedWidgets.length > 0) {\n    cy.log(\n      `Note: Some widgets may not be visible in ${profile.name} profile`\n    );\n  }\n});",
              "err": {},
              "uuid": "2812572b-20b4-4b4e-88f8-4e702c15322a",
              "parentUUID": "535cb00e-b5b5-434b-88ad-d511cc75104c",
              "isHook": false,
              "skipped": false
            },
            {
              "title": "handles extreme security transitions without errors",
              "fullTitle": "All Widgets Security Level Tests handles extreme security transitions without errors",
              "timedOut": null,
              "duration": 2602,
              "state": "passed",
              "speed": "fast",
              "pass": true,
              "fail": false,
              "pending": false,
              "context": null,
              "code": "cy.setSecurityLevels(\n  SECURITY_LEVELS.NONE,\n  SECURITY_LEVELS.NONE,\n  SECURITY_LEVELS.NONE\n);\ncy.wait(300);\ncy.window().then((win) => {\n  win.consoleErrors = [];\n  cy.setSecurityLevels(\n    SECURITY_LEVELS.VERY_HIGH,\n    SECURITY_LEVELS.VERY_HIGH,\n    SECURITY_LEVELS.VERY_HIGH\n  );\n  cy.wait(500);\n  cy.wrap(win.consoleErrors || []).should(\"have.length.lessThan\", 3);\n});",
              "err": {},
              "uuid": "938c3bf0-e8d8-4842-a462-6b8dd4b5b1f9",
              "parentUUID": "535cb00e-b5b5-434b-88ad-d511cc75104c",
              "isHook": false,
              "skipped": false
            }
          ],
          "suites": [],
          "passes": [
            "819a5dbf-c7db-4c0a-a047-5c76a337d223",
            "8507a62e-a493-4e40-9313-31daba3bca27",
            "f7f60957-45ae-450d-93b2-de692a8a118d",
            "a3bc24d0-978b-4219-9b46-4d250a18db41",
            "e977b090-65ee-4f65-8cb2-0d7d725f0046",
            "aefab4a0-ab6f-48b7-8432-4de24f2af5d0",
            "2479488a-27ae-4171-b588-cdb4db23d96c",
            "2812572b-20b4-4b4e-88f8-4e702c15322a",
            "938c3bf0-e8d8-4842-a462-6b8dd4b5b1f9"
          ],
          "failures": [],
          "pending": [],
          "skipped": [],
          "duration": 37181,
          "root": false,
          "rootEmpty": false,
          "_timeout": 2000
        }
      ],
      "passes": [],
      "failures": [],
      "pending": [],
      "skipped": [],
      "duration": 0,
      "root": true,
      "rootEmpty": true,
      "_timeout": 2000
    },
    {
      "uuid": "fcb2011c-d6b6-431e-9045-54c1b6a1cba5",
      "title": "",
      "fullFile": "cypress/e2e/widgets/availability-impact-widget.cy.ts",
      "file": "cypress/e2e/widgets/availability-impact-widget.cy.ts",
      "beforeHooks": [],
      "afterHooks": [],
      "tests": [],
      "suites": [
        {
          "uuid": "3179e6ce-e8cb-4a5e-b737-98a1515a0b0a",
          "title": "Availability Impact Widget",
          "fullFile": "",
          "file": "",
          "beforeHooks": [],
          "afterHooks": [],
          "tests": [
            {
              "title": "displays availability impact analysis",
              "fullTitle": "Availability Impact Widget displays availability impact analysis",
              "timedOut": null,
              "duration": 1178,
              "state": "passed",
              "speed": "fast",
              "pass": true,
              "fail": false,
              "pending": false,
              "context": null,
              "code": "cy.get(\"body\").then(($body) => {\n  const selectors = [\n    '[data-testid*=\"availability-impact\"]',\n    '[data-testid=\"widget-availability-impact-container\"]',\n    '[data-testid=\"widget-availability-impact\"]',\n    '[class*=\"availability-impact\"]'\n  ];\n  let foundSelector = false;\n  for (const selector of selectors) {\n    if ($body.find(selector).length > 0) {\n      cy.log(`Found availability widget with selector: ${selector}`);\n      cy.get(selector).should(\"exist\").scrollIntoView().should(\"be.visible\");\n      foundSelector = true;\n      break;\n    }\n  }\n  if (!foundSelector) {\n    cy.log(\n      \"⚠️ Could not find availability impact widget with standard selectors\"\n    );\n    return;\n  }\n  cy.verifyContentPresent([\n    /availability|uptime|recovery/i,\n    /impact|effect|consequence/i\n  ]);\n});",
              "err": {},
              "uuid": "087de826-0407-41a7-bd63-056c2fd2b866",
              "parentUUID": "3179e6ce-e8cb-4a5e-b737-98a1515a0b0a",
              "isHook": false,
              "skipped": false
            },
            {
              "title": "updates content when security levels change",
              "fullTitle": "Availability Impact Widget updates content when security levels change",
              "timedOut": null,
              "duration": 2673,
              "state": "passed",
              "speed": "fast",
              "pass": true,
              "fail": false,
              "pending": false,
              "context": null,
              "code": "cy.findWidget(\"availability-impact\").then(($widget) => {\n  if ($widget.length === 0) {\n    cy.log(\"⚠️ Widget not found - skipping test\");\n    return;\n  }\n  const initialContent = $widget.text();\n  cy.get(\"body\").then(($body) => {\n    const selectCount = $body.find(\"select\").length;\n    if (selectCount >= 3) {\n      cy.get(\"select\").eq(0).select(SECURITY_LEVELS.LOW, { force: true });\n      cy.get(\"select\").eq(1).select(SECURITY_LEVELS.LOW, { force: true });\n      cy.get(\"select\").eq(2).select(SECURITY_LEVELS.LOW, { force: true });\n    } else {\n      cy.setSecurityLevels(\n        SECURITY_LEVELS.LOW,\n        SECURITY_LEVELS.LOW,\n        SECURITY_LEVELS.LOW\n      );\n    }\n  });\n  cy.wait(500);\n  cy.get(\"body\").then(($body) => {\n    const selectCount = $body.find(\"select\").length;\n    if (selectCount >= 3) {\n      cy.get(\"select\").eq(0).select(SECURITY_LEVELS.HIGH, { force: true });\n      cy.get(\"select\").eq(1).select(SECURITY_LEVELS.HIGH, { force: true });\n      cy.get(\"select\").eq(2).select(SECURITY_LEVELS.HIGH, { force: true });\n    } else {\n      cy.setSecurityLevels(\n        SECURITY_LEVELS.HIGH,\n        SECURITY_LEVELS.HIGH,\n        SECURITY_LEVELS.HIGH\n      );\n    }\n  });\n  cy.wait(500);\n  cy.findWidget(\"availability-impact\").invoke(\"text\").then((newContent) => {\n    cy.log(`Initial content length: ${initialContent.length}`);\n    cy.log(`New content length: ${newContent.length}`);\n  });\n});",
              "err": {},
              "uuid": "6dfd0bb1-4ae6-42c2-90d8-cc7f4ac6872b",
              "parentUUID": "3179e6ce-e8cb-4a5e-b737-98a1515a0b0a",
              "isHook": false,
              "skipped": false
            },
            {
              "title": "shows technical metrics and recommendations",
              "fullTitle": "Availability Impact Widget shows technical metrics and recommendations",
              "timedOut": null,
              "duration": 1821,
              "state": "passed",
              "speed": "fast",
              "pass": true,
              "fail": false,
              "pending": false,
              "context": null,
              "code": "cy.findWidget(\"availability-impact\").then(($widget) => {\n  if ($widget.length === 0) {\n    cy.log(\"⚠️ Widget not found - skipping test\");\n    return;\n  }\n  cy.wrap($widget).scrollIntoView();\n  cy.get(\"body\").then(($body) => {\n    const selectCount = $body.find(\"select\").length;\n    if (selectCount >= 3) {\n      cy.get(\"select\").eq(0).select(SECURITY_LEVELS.MODERATE, { force: true });\n      cy.get(\"select\").eq(1).select(SECURITY_LEVELS.MODERATE, { force: true });\n      cy.get(\"select\").eq(2).select(SECURITY_LEVELS.MODERATE, { force: true });\n    } else {\n      cy.setSecurityLevels(\n        SECURITY_LEVELS.MODERATE,\n        SECURITY_LEVELS.MODERATE,\n        SECURITY_LEVELS.MODERATE\n      );\n    }\n  });\n  cy.wait(500);\n  cy.log(\"Checking for availability metrics terminology\");\n  cy.get(\"body\").contains(/rto|rpo|mttr|uptime/i);\n  cy.log(\"Checking for recommendation terminology\");\n  cy.get(\"body\").contains(/recommend|suggest/i);\n});",
              "err": {},
              "uuid": "bb39726b-640a-4d1b-ad03-44aac27d9183",
              "parentUUID": "3179e6ce-e8cb-4a5e-b737-98a1515a0b0a",
              "isHook": false,
              "skipped": false
            },
            {
              "title": "displays business impact information",
              "fullTitle": "Availability Impact Widget displays business impact information",
              "timedOut": null,
              "duration": 1785,
              "state": "passed",
              "speed": "fast",
              "pass": true,
              "fail": false,
              "pending": false,
              "context": null,
              "code": "cy.findWidget(\"availability-impact\").then(($widget) => {\n  if ($widget.length === 0) {\n    cy.log(\"⚠️ Widget not found - skipping test\");\n    return;\n  }\n  cy.wrap($widget).scrollIntoView();\n  cy.get(\"body\").then(($body) => {\n    const selectCount = $body.find(\"select\").length;\n    if (selectCount >= 3) {\n      cy.get(\"select\").eq(0).select(SECURITY_LEVELS.HIGH, { force: true });\n      cy.get(\"select\").eq(1).select(SECURITY_LEVELS.MODERATE, { force: true });\n      cy.get(\"select\").eq(2).select(SECURITY_LEVELS.LOW, { force: true });\n    } else {\n      cy.setSecurityLevels(\n        SECURITY_LEVELS.HIGH,\n        SECURITY_LEVELS.MODERATE,\n        SECURITY_LEVELS.LOW\n      );\n    }\n  });\n  cy.wait(500);\n  cy.contains(/business impact|effect on business|operational impact/i);\n});",
              "err": {},
              "uuid": "2e1da212-a3ce-403f-a0df-0db29ffa3bdb",
              "parentUUID": "3179e6ce-e8cb-4a5e-b737-98a1515a0b0a",
              "isHook": false,
              "skipped": false
            }
          ],
          "suites": [],
          "passes": [
            "087de826-0407-41a7-bd63-056c2fd2b866",
            "6dfd0bb1-4ae6-42c2-90d8-cc7f4ac6872b",
            "bb39726b-640a-4d1b-ad03-44aac27d9183",
            "2e1da212-a3ce-403f-a0df-0db29ffa3bdb"
          ],
          "failures": [],
          "pending": [],
          "skipped": [],
          "duration": 7457,
          "root": false,
          "rootEmpty": false,
          "_timeout": 2000
        }
      ],
      "passes": [],
      "failures": [],
      "pending": [],
      "skipped": [],
      "duration": 0,
      "root": true,
      "rootEmpty": true,
      "_timeout": 2000
    },
    {
      "uuid": "de0d132a-e293-4151-9414-0ea8318d6882",
      "title": "",
      "fullFile": "cypress/e2e/widgets/business-impact-widget.cy.ts",
      "file": "cypress/e2e/widgets/business-impact-widget.cy.ts",
      "beforeHooks": [],
      "afterHooks": [],
      "tests": [],
      "suites": [
        {
          "uuid": "f3fe1d6b-6706-4789-baa4-89b522ec51c6",
          "title": "Business Impact Widget",
          "fullFile": "",
          "file": "",
          "beforeHooks": [],
          "afterHooks": [],
          "tests": [
            {
              "title": "should display the business impact widget",
              "fullTitle": "Business Impact Widget should display the business impact widget",
              "timedOut": null,
              "duration": 1115,
              "state": "passed",
              "speed": "fast",
              "pass": true,
              "fail": false,
              "pending": false,
              "context": null,
              "code": "cy.get(\"body\").then(($body) => {\n  const selectors = [\n    '[data-testid=\"widget-business-impact-container\"]',\n    '[data-testid=\"business-impact-widget\"]',\n    '[data-testid*=\"business-impact\"]',\n    '[class*=\"business-impact\"]'\n  ];\n  let found = false;\n  for (const selector of selectors) {\n    if ($body.find(selector).length > 0) {\n      cy.get(selector).should(\"exist\").and(\"be.visible\");\n      found = true;\n      break;\n    }\n  }\n  if (!found) {\n    cy.log(\"⚠️ Business impact widget not found with standard selectors\");\n  }\n});",
              "err": {},
              "uuid": "e0b5feac-ef70-4650-9573-95ccc67435e7",
              "parentUUID": "f3fe1d6b-6706-4789-baa4-89b522ec51c6",
              "isHook": false,
              "skipped": false
            },
            {
              "title": "updates content when security levels change",
              "fullTitle": "Business Impact Widget updates content when security levels change",
              "timedOut": null,
              "duration": 2697,
              "state": "passed",
              "speed": "fast",
              "pass": true,
              "fail": false,
              "pending": false,
              "context": null,
              "code": "cy.findWidget(\"business-impact\").then(($widget) => {\n  if ($widget.length === 0) {\n    cy.log(\"⚠️ Widget not found - skipping test\");\n    return;\n  }\n  cy.wrap($widget).scrollIntoView();\n  const initialContent = $widget.text();\n  cy.get(\"body\").then(($body) => {\n    if ($body.find(\"select\").length >= 3) {\n      cy.get(\"select\").eq(0).select(SECURITY_LEVELS.LOW, { force: true });\n      cy.get(\"select\").eq(1).select(SECURITY_LEVELS.LOW, { force: true });\n      cy.get(\"select\").eq(2).select(SECURITY_LEVELS.LOW, { force: true });\n    } else {\n      cy.setSecurityLevels(\n        SECURITY_LEVELS.LOW,\n        SECURITY_LEVELS.LOW,\n        SECURITY_LEVELS.LOW\n      );\n    }\n  });\n  cy.wait(500);\n  cy.get(\"body\").then(($body) => {\n    if ($body.find(\"select\").length >= 3) {\n      cy.get(\"select\").eq(0).select(SECURITY_LEVELS.HIGH, { force: true });\n      cy.get(\"select\").eq(1).select(SECURITY_LEVELS.HIGH, { force: true });\n      cy.get(\"select\").eq(2).select(SECURITY_LEVELS.HIGH, { force: true });\n    } else {\n      cy.setSecurityLevels(\n        SECURITY_LEVELS.HIGH,\n        SECURITY_LEVELS.HIGH,\n        SECURITY_LEVELS.HIGH\n      );\n    }\n  });\n  cy.wait(500);\n  cy.findWidget(\"business-impact\").invoke(\"text\").then((newContent) => {\n    if (newContent !== initialContent) {\n      cy.log(\n        \"✅ Content changed as expected after security level change\"\n      );\n    } else {\n      cy.log(\"⚠️ Content did not change after security level change\");\n    }\n  });\n});",
              "err": {},
              "uuid": "5f0229a9-3d44-441c-bb97-41e1608020f0",
              "parentUUID": "f3fe1d6b-6706-4789-baa4-89b522ec51c6",
              "isHook": false,
              "skipped": false
            },
            {
              "title": "has functioning CIA tab navigation",
              "fullTitle": "Business Impact Widget has functioning CIA tab navigation",
              "timedOut": null,
              "duration": 1505,
              "state": "passed",
              "speed": "fast",
              "pass": true,
              "fail": false,
              "pending": false,
              "context": null,
              "code": "cy.findWidget(\"business-impact\").then(($widget) => {\n  if ($widget.length === 0) {\n    cy.log(\"⚠️ Widget not found - skipping test\");\n    return;\n  }\n  cy.wrap($widget).scrollIntoView();\n  const tabSelectors = [\n    'button, [role=\"tab\"]',\n    'button:contains(\"Availability\"), button:contains(\"Integrity\"), button:contains(\"Confidentiality\")'\n  ];\n  let tabsFound = false;\n  for (const selector of tabSelectors) {\n    const $tabs = $widget.find(selector);\n    if ($tabs.length >= 2) {\n      tabsFound = true;\n      cy.log(`Found ${$tabs.length} tabs with selector: ${selector}`);\n      cy.wrap($widget).find(selector).each(($tab, index) => {\n        if (index > 0 && index < 3) {\n          cy.log(`Clicking tab ${index}`);\n          cy.wrap($tab).click({ force: true });\n          cy.wait(300);\n        }\n      });\n      break;\n    }\n  }\n  if (!tabsFound) {\n    cy.log(\n      \"⚠️ No tabs found in business impact widget - this might be expected if the widget doesn't use tabs\"\n    );\n  }\n});",
              "err": {},
              "uuid": "1f2a81ef-e6b9-4941-a4f1-4690be1c2121",
              "parentUUID": "f3fe1d6b-6706-4789-baa4-89b522ec51c6",
              "isHook": false,
              "skipped": false
            },
            {
              "title": "displays appropriate impact cards for high security",
              "fullTitle": "Business Impact Widget displays appropriate impact cards for high security",
              "timedOut": null,
              "duration": 1862,
              "state": "passed",
              "speed": "fast",
              "pass": true,
              "fail": false,
              "pending": false,
              "context": null,
              "code": "cy.findWidget(\"business-impact\").then(($widget) => {\n  if ($widget.length === 0) {\n    cy.log(\"⚠️ Widget not found - skipping test\");\n    return;\n  }\n  cy.wrap($widget).scrollIntoView();\n  cy.get(\"body\").then(($body) => {\n    if ($body.find(\"select\").length >= 3) {\n      cy.get(\"select\").eq(0).select(SECURITY_LEVELS.HIGH, { force: true });\n      cy.get(\"select\").eq(1).select(SECURITY_LEVELS.HIGH, { force: true });\n      cy.get(\"select\").eq(2).select(SECURITY_LEVELS.HIGH, { force: true });\n    } else {\n      cy.setSecurityLevels(\n        SECURITY_LEVELS.HIGH,\n        SECURITY_LEVELS.HIGH,\n        SECURITY_LEVELS.HIGH\n      );\n    }\n  });\n  cy.wait(500);\n  cy.wrap($widget).within(() => {\n    cy.contains(/impact|effect|consequence/i).should(\"exist\");\n    cy.contains(/financial|revenue|cost/i).should(\"exist\");\n    cy.contains(/operational|process|function/i).should(\"exist\");\n  });\n});",
              "err": {},
              "uuid": "a8299af1-ed04-4f56-881a-233420083d36",
              "parentUUID": "f3fe1d6b-6706-4789-baa4-89b522ec51c6",
              "isHook": false,
              "skipped": false
            },
            {
              "title": "shows different impacts for mixed security levels",
              "fullTitle": "Business Impact Widget shows different impacts for mixed security levels",
              "timedOut": null,
              "duration": 1731,
              "state": "passed",
              "speed": "fast",
              "pass": true,
              "fail": false,
              "pending": false,
              "context": null,
              "code": "cy.findWidget(\"business-impact\").then(($widget) => {\n  if ($widget.length === 0) {\n    cy.log(\"⚠️ Widget not found - skipping test\");\n    return;\n  }\n  cy.wrap($widget).scrollIntoView();\n  cy.get(\"body\").then(($body) => {\n    if ($body.find(\"select\").length >= 3) {\n      cy.get(\"select\").eq(0).select(SECURITY_LEVELS.HIGH, { force: true });\n      cy.get(\"select\").eq(1).select(SECURITY_LEVELS.LOW, { force: true });\n      cy.get(\"select\").eq(2).select(SECURITY_LEVELS.MODERATE, { force: true });\n    } else {\n      cy.setSecurityLevels(\n        SECURITY_LEVELS.HIGH,\n        SECURITY_LEVELS.LOW,\n        SECURITY_LEVELS.MODERATE\n      );\n    }\n  });\n  cy.wait(500);\n  cy.wrap($widget).invoke(\"text\").then((text) => {\n    const patterns = [\n      /availability|integrity|confidentiality/i,\n      /impact|effect|consequence/i,\n      /business|operation|financial/i\n    ];\n    const matchingPatterns = patterns.filter(\n      (pattern) => pattern.test(text)\n    );\n    cy.log(\n      `Found ${matchingPatterns.length} matching patterns in widget`\n    );\n    expect(matchingPatterns.length).to.be.greaterThan(0);\n  });\n});",
              "err": {},
              "uuid": "602f4cd5-c52d-4454-9d75-92b19dce64f8",
              "parentUUID": "f3fe1d6b-6706-4789-baa4-89b522ec51c6",
              "isHook": false,
              "skipped": false
            }
          ],
          "suites": [],
          "passes": [
            "e0b5feac-ef70-4650-9573-95ccc67435e7",
            "5f0229a9-3d44-441c-bb97-41e1608020f0",
            "1f2a81ef-e6b9-4941-a4f1-4690be1c2121",
            "a8299af1-ed04-4f56-881a-233420083d36",
            "602f4cd5-c52d-4454-9d75-92b19dce64f8"
          ],
          "failures": [],
          "pending": [],
          "skipped": [],
          "duration": 8910,
          "root": false,
          "rootEmpty": false,
          "_timeout": 2000
        }
      ],
      "passes": [],
      "failures": [],
      "pending": [],
      "skipped": [],
      "duration": 0,
      "root": true,
      "rootEmpty": true,
      "_timeout": 2000
    },
    {
      "uuid": "e26806c4-499b-419c-b441-3513b6381e76",
      "title": "",
      "fullFile": "cypress/e2e/widgets/cia-impact-summary-widget.cy.ts",
      "file": "cypress/e2e/widgets/cia-impact-summary-widget.cy.ts",
      "beforeHooks": [],
      "afterHooks": [],
      "tests": [],
      "suites": [
        {
          "uuid": "ba21fa39-ec6d-4267-8049-87d2f7b1509b",
          "title": "CIA Impact Summary Widget",
          "fullFile": "",
          "file": "",
          "beforeHooks": [],
          "afterHooks": [],
          "tests": [
            {
              "title": "cia-impact-summary widget should exist",
              "fullTitle": "CIA Impact Summary Widget cia-impact-summary widget should exist",
              "timedOut": null,
              "duration": 3604,
              "state": "passed",
              "speed": "fast",
              "pass": true,
              "fail": false,
              "pending": false,
              "context": null,
              "code": "cy.findWidget(widgetName).should(\"exist\").scrollIntoView();\ncy.findWidget(widgetName).then(($widget) => {\n  expect($widget.text().trim().length).to.be.greaterThan(0);\n});",
              "err": {},
              "uuid": "153514cd-817d-455c-9ffb-59f8d504c6e8",
              "parentUUID": "ba21fa39-ec6d-4267-8049-87d2f7b1509b",
              "isHook": false,
              "skipped": false
            },
            {
              "title": "updates content when security levels change",
              "fullTitle": "CIA Impact Summary Widget updates content when security levels change",
              "timedOut": null,
              "duration": 6911,
              "state": "passed",
              "speed": "medium",
              "pass": true,
              "fail": false,
              "pending": false,
              "context": null,
              "code": "testSecurityLevelChanges(\"cia-impact-summary\");",
              "err": {},
              "uuid": "bfea38f5-9f74-46d9-b9da-30d75cecf268",
              "parentUUID": "ba21fa39-ec6d-4267-8049-87d2f7b1509b",
              "isHook": false,
              "skipped": false
            },
            {
              "title": "shows comprehensive CIA impact summary at high security levels",
              "fullTitle": "CIA Impact Summary Widget shows comprehensive CIA impact summary at high security levels",
              "timedOut": null,
              "duration": 4887,
              "state": "passed",
              "speed": "fast",
              "pass": true,
              "fail": false,
              "pending": false,
              "context": null,
              "code": "cy.findWidget(\"cia-impact-summary\").scrollIntoView();\ncy.setSecurityLevels(\n  SECURITY_LEVELS.HIGH,\n  SECURITY_LEVELS.HIGH,\n  SECURITY_LEVELS.HIGH\n);\ncy.wait(1e3);\ncy.findWidget(\"cia-impact-summary\").then(($widget) => {\n  const text = $widget.text().toLowerCase();\n  const hasAvailabilityTerms = /availability|uptime|recovery|access/i.test(\n    text\n  );\n  const hasIntegrityTerms = /integrity|accuracy|valid|correct/i.test(text);\n  const hasConfidentialTerms = /confidential|privacy|sensitive|secret/i.test(text);\n  cy.log(`Found availability terms: ${hasAvailabilityTerms}`);\n  cy.log(`Found integrity terms: ${hasIntegrityTerms}`);\n  cy.log(`Found confidentiality terms: ${hasConfidentialTerms}`);\n  expect(hasAvailabilityTerms || hasIntegrityTerms || hasConfidentialTerms).to.be.true;\n});",
              "err": {},
              "uuid": "9432b7f5-8842-4ccb-a11c-aa40fcb3c166",
              "parentUUID": "ba21fa39-ec6d-4267-8049-87d2f7b1509b",
              "isHook": false,
              "skipped": false
            },
            {
              "title": "properly displays mixed security levels",
              "fullTitle": "CIA Impact Summary Widget properly displays mixed security levels",
              "timedOut": null,
              "duration": 6674,
              "state": "passed",
              "speed": "medium",
              "pass": true,
              "fail": false,
              "pending": false,
              "context": null,
              "code": "cy.findWidget(\"cia-impact-summary\").scrollIntoView();\ncy.setSecurityLevels(\n  SECURITY_LEVELS.HIGH,\n  SECURITY_LEVELS.LOW,\n  SECURITY_LEVELS.MODERATE\n);\ncy.wait(1e3);\ncy.findWidget(\"cia-impact-summary\").then(($widgetBefore) => {\n  const textBefore = $widgetBefore.text();\n  cy.setSecurityLevels(\n    SECURITY_LEVELS.LOW,\n    SECURITY_LEVELS.HIGH,\n    SECURITY_LEVELS.LOW\n  );\n  cy.wait(1e3);\n  cy.findWidget(\"cia-impact-summary\").then(($widgetAfter) => {\n    const textAfter = $widgetAfter.text();\n    expect(textAfter).not.to.equal(textBefore);\n  });\n});",
              "err": {},
              "uuid": "a0a2e2dd-1305-412c-8006-ed1987ae002f",
              "parentUUID": "ba21fa39-ec6d-4267-8049-87d2f7b1509b",
              "isHook": false,
              "skipped": false
            }
          ],
          "suites": [],
          "passes": [
            "153514cd-817d-455c-9ffb-59f8d504c6e8",
            "bfea38f5-9f74-46d9-b9da-30d75cecf268",
            "9432b7f5-8842-4ccb-a11c-aa40fcb3c166",
            "a0a2e2dd-1305-412c-8006-ed1987ae002f"
          ],
          "failures": [],
          "pending": [],
          "skipped": [],
          "duration": 22076,
          "root": false,
          "rootEmpty": false,
          "_timeout": 2000
        }
      ],
      "passes": [],
      "failures": [],
      "pending": [],
      "skipped": [],
      "duration": 0,
      "root": true,
      "rootEmpty": true,
      "_timeout": 2000
    },
    {
      "uuid": "699ce471-878d-4171-b662-74921ddf1c79",
      "title": "",
      "fullFile": "cypress/e2e/widgets/cia-impact-widgets.cy.ts",
      "file": "cypress/e2e/widgets/cia-impact-widgets.cy.ts",
      "beforeHooks": [],
      "afterHooks": [],
      "tests": [],
      "suites": [
        {
          "uuid": "b00e9114-4b70-4132-9f38-7c95b14b285e",
          "title": "Availability Impact Widget",
          "fullFile": "",
          "file": "",
          "beforeHooks": [],
          "afterHooks": [],
          "tests": [
            {
              "title": "availability-impact widget should exist",
              "fullTitle": "Availability Impact Widget availability-impact widget should exist",
              "timedOut": null,
              "duration": 3570,
              "state": "passed",
              "speed": "fast",
              "pass": true,
              "fail": false,
              "pending": false,
              "context": null,
              "code": "cy.findWidget(widgetName).should(\"exist\").scrollIntoView();\ncy.findWidget(widgetName).then(($widget) => {\n  expect($widget.text().trim().length).to.be.greaterThan(0);\n});",
              "err": {},
              "uuid": "a24eef9e-864b-41c7-87c3-488e0308207d",
              "parentUUID": "b00e9114-4b70-4132-9f38-7c95b14b285e",
              "isHook": false,
              "skipped": false
            },
            {
              "title": "updates impact assessments when security levels change",
              "fullTitle": "Availability Impact Widget updates impact assessments when security levels change",
              "timedOut": null,
              "duration": 6816,
              "state": "passed",
              "speed": "medium",
              "pass": true,
              "fail": false,
              "pending": false,
              "context": null,
              "code": "testSecurityLevelChanges(widget.id);",
              "err": {},
              "uuid": "962f5a61-f4b9-4509-a1f2-d6bec3cebfe6",
              "parentUUID": "b00e9114-4b70-4132-9f38-7c95b14b285e",
              "isHook": false,
              "skipped": false
            },
            {
              "title": "shows detailed ${widget.name.toLowerCase()} impact with high security",
              "fullTitle": "Availability Impact Widget shows detailed ${widget.name.toLowerCase()} impact with high security",
              "timedOut": null,
              "duration": 4858,
              "state": "passed",
              "speed": "fast",
              "pass": true,
              "fail": false,
              "pending": false,
              "context": null,
              "code": "cy.log(`Looking for widget ${widget.id}`);\ncy.findWidget(widget.id).then(($widget) => {\n  if ($widget.length === 0) {\n    cy.log(`⚠️ Widget ${widget.id} not found - skipping test`);\n    return;\n  }\n  cy.wrap($widget).scrollIntoView();\n  const availLevel = widget.id === \"availability-impact\" ? SECURITY_LEVELS.HIGH : SECURITY_LEVELS.MODERATE;\n  const intLevel = widget.id === \"integrity-impact\" ? SECURITY_LEVELS.HIGH : SECURITY_LEVELS.MODERATE;\n  const confLevel = widget.id === \"confidentiality-impact\" ? SECURITY_LEVELS.HIGH : SECURITY_LEVELS.MODERATE;\n  cy.setSecurityLevels(availLevel, intLevel, confLevel);\n  cy.wait(1e3);\n  cy.wrap($widget).then(($updatedWidget) => {\n    const widgetText = $updatedWidget.text().toLowerCase();\n    const hasImpactTerms = /impact|effect|influence|security|protection/i.test(widgetText);\n    let hasSpecificTerms = false;\n    if (Array.isArray(widget.pattern)) {\n      hasSpecificTerms = widget.pattern.some(\n        (pattern) => pattern.test(widgetText)\n      );\n    } else if (widget.pattern instanceof RegExp) {\n      hasSpecificTerms = widget.pattern.test(widgetText);\n    }\n    cy.log(`Widget has impact terms: ${hasImpactTerms}`);\n    cy.log(`Widget has specific terms: ${hasSpecificTerms}`);\n    expect(hasImpactTerms || hasSpecificTerms).to.be.true;\n  });\n});",
              "err": {},
              "uuid": "adbb3df1-52bc-48f4-bd07-15a6c9d1ce38",
              "parentUUID": "b00e9114-4b70-4132-9f38-7c95b14b285e",
              "isHook": false,
              "skipped": false
            },
            {
              "title": "displays appropriate recommendations",
              "fullTitle": "Availability Impact Widget displays appropriate recommendations",
              "timedOut": null,
              "duration": 4784,
              "state": "passed",
              "speed": "fast",
              "pass": true,
              "fail": false,
              "pending": false,
              "context": null,
              "code": "cy.findWidget(widget.id).then(($widget) => {\n  if ($widget.length === 0) {\n    cy.log(`⚠️ Widget ${widget.id} not found - skipping test`);\n    return;\n  }\n  cy.wrap($widget).scrollIntoView();\n  cy.setSecurityLevels(\n    SECURITY_LEVELS.HIGH,\n    SECURITY_LEVELS.HIGH,\n    SECURITY_LEVELS.HIGH\n  );\n  cy.wait(1e3);\n  cy.wrap($widget).then(($updatedWidget) => {\n    const widgetText = $updatedWidget.text().toLowerCase();\n    const hasRecommendationTerms = /recommend|suggest|should|implement|consider|best practice/i.test(\n      widgetText\n    );\n    cy.log(`Widget has recommendation terms: ${hasRecommendationTerms}`);\n    if (!hasRecommendationTerms) {\n      cy.log(`Widget text: ${widgetText.substring(0, 200)}...`);\n    }\n    cy.log(`Test completed for ${widget.name}`);\n  });\n});",
              "err": {},
              "uuid": "bf36572f-8a5f-465f-92de-c1b6fc5cdbbf",
              "parentUUID": "b00e9114-4b70-4132-9f38-7c95b14b285e",
              "isHook": false,
              "skipped": false
            }
          ],
          "suites": [],
          "passes": [
            "a24eef9e-864b-41c7-87c3-488e0308207d",
            "962f5a61-f4b9-4509-a1f2-d6bec3cebfe6",
            "adbb3df1-52bc-48f4-bd07-15a6c9d1ce38",
            "bf36572f-8a5f-465f-92de-c1b6fc5cdbbf"
          ],
          "failures": [],
          "pending": [],
          "skipped": [],
          "duration": 20028,
          "root": false,
          "rootEmpty": false,
          "_timeout": 2000
        },
        {
          "uuid": "184eec5c-7e4b-4a24-a484-73d80f20b6aa",
          "title": "Integrity Impact Widget",
          "fullFile": "",
          "file": "",
          "beforeHooks": [],
          "afterHooks": [],
          "tests": [
            {
              "title": "integrity-impact widget should exist",
              "fullTitle": "Integrity Impact Widget integrity-impact widget should exist",
              "timedOut": null,
              "duration": 3093,
              "state": "passed",
              "speed": "fast",
              "pass": true,
              "fail": false,
              "pending": false,
              "context": null,
              "code": "cy.findWidget(widgetName).should(\"exist\").scrollIntoView();\ncy.findWidget(widgetName).then(($widget) => {\n  expect($widget.text().trim().length).to.be.greaterThan(0);\n});",
              "err": {},
              "uuid": "4bb0b9e1-b41e-470d-9c0a-e0c5770c7e8f",
              "parentUUID": "184eec5c-7e4b-4a24-a484-73d80f20b6aa",
              "isHook": false,
              "skipped": false
            },
            {
              "title": "updates impact assessments when security levels change",
              "fullTitle": "Integrity Impact Widget updates impact assessments when security levels change",
              "timedOut": null,
              "duration": 6595,
              "state": "passed",
              "speed": "medium",
              "pass": true,
              "fail": false,
              "pending": false,
              "context": null,
              "code": "testSecurityLevelChanges(widget.id);",
              "err": {},
              "uuid": "520bd3ac-e724-4cae-9457-2dcd362b16d2",
              "parentUUID": "184eec5c-7e4b-4a24-a484-73d80f20b6aa",
              "isHook": false,
              "skipped": false
            },
            {
              "title": "shows detailed ${widget.name.toLowerCase()} impact with high security",
              "fullTitle": "Integrity Impact Widget shows detailed ${widget.name.toLowerCase()} impact with high security",
              "timedOut": null,
              "duration": 4875,
              "state": "passed",
              "speed": "fast",
              "pass": true,
              "fail": false,
              "pending": false,
              "context": null,
              "code": "cy.log(`Looking for widget ${widget.id}`);\ncy.findWidget(widget.id).then(($widget) => {\n  if ($widget.length === 0) {\n    cy.log(`⚠️ Widget ${widget.id} not found - skipping test`);\n    return;\n  }\n  cy.wrap($widget).scrollIntoView();\n  const availLevel = widget.id === \"availability-impact\" ? SECURITY_LEVELS.HIGH : SECURITY_LEVELS.MODERATE;\n  const intLevel = widget.id === \"integrity-impact\" ? SECURITY_LEVELS.HIGH : SECURITY_LEVELS.MODERATE;\n  const confLevel = widget.id === \"confidentiality-impact\" ? SECURITY_LEVELS.HIGH : SECURITY_LEVELS.MODERATE;\n  cy.setSecurityLevels(availLevel, intLevel, confLevel);\n  cy.wait(1e3);\n  cy.wrap($widget).then(($updatedWidget) => {\n    const widgetText = $updatedWidget.text().toLowerCase();\n    const hasImpactTerms = /impact|effect|influence|security|protection/i.test(widgetText);\n    let hasSpecificTerms = false;\n    if (Array.isArray(widget.pattern)) {\n      hasSpecificTerms = widget.pattern.some(\n        (pattern) => pattern.test(widgetText)\n      );\n    } else if (widget.pattern instanceof RegExp) {\n      hasSpecificTerms = widget.pattern.test(widgetText);\n    }\n    cy.log(`Widget has impact terms: ${hasImpactTerms}`);\n    cy.log(`Widget has specific terms: ${hasSpecificTerms}`);\n    expect(hasImpactTerms || hasSpecificTerms).to.be.true;\n  });\n});",
              "err": {},
              "uuid": "881eef4d-bade-48ec-aab2-7cf636e2bd18",
              "parentUUID": "184eec5c-7e4b-4a24-a484-73d80f20b6aa",
              "isHook": false,
              "skipped": false
            },
            {
              "title": "displays appropriate recommendations",
              "fullTitle": "Integrity Impact Widget displays appropriate recommendations",
              "timedOut": null,
              "duration": 4804,
              "state": "passed",
              "speed": "fast",
              "pass": true,
              "fail": false,
              "pending": false,
              "context": null,
              "code": "cy.findWidget(widget.id).then(($widget) => {\n  if ($widget.length === 0) {\n    cy.log(`⚠️ Widget ${widget.id} not found - skipping test`);\n    return;\n  }\n  cy.wrap($widget).scrollIntoView();\n  cy.setSecurityLevels(\n    SECURITY_LEVELS.HIGH,\n    SECURITY_LEVELS.HIGH,\n    SECURITY_LEVELS.HIGH\n  );\n  cy.wait(1e3);\n  cy.wrap($widget).then(($updatedWidget) => {\n    const widgetText = $updatedWidget.text().toLowerCase();\n    const hasRecommendationTerms = /recommend|suggest|should|implement|consider|best practice/i.test(\n      widgetText\n    );\n    cy.log(`Widget has recommendation terms: ${hasRecommendationTerms}`);\n    if (!hasRecommendationTerms) {\n      cy.log(`Widget text: ${widgetText.substring(0, 200)}...`);\n    }\n    cy.log(`Test completed for ${widget.name}`);\n  });\n});",
              "err": {},
              "uuid": "77980394-b4ba-40fc-9203-3a1c56c78c57",
              "parentUUID": "184eec5c-7e4b-4a24-a484-73d80f20b6aa",
              "isHook": false,
              "skipped": false
            }
          ],
          "suites": [],
          "passes": [
            "4bb0b9e1-b41e-470d-9c0a-e0c5770c7e8f",
            "520bd3ac-e724-4cae-9457-2dcd362b16d2",
            "881eef4d-bade-48ec-aab2-7cf636e2bd18",
            "77980394-b4ba-40fc-9203-3a1c56c78c57"
          ],
          "failures": [],
          "pending": [],
          "skipped": [],
          "duration": 19367,
          "root": false,
          "rootEmpty": false,
          "_timeout": 2000
        },
        {
          "uuid": "96dbff33-57bc-4af3-96a8-6ae2cb8b9952",
          "title": "Confidentiality Impact Widget",
          "fullFile": "",
          "file": "",
          "beforeHooks": [],
          "afterHooks": [],
          "tests": [
            {
              "title": "confidentiality-impact widget should exist",
              "fullTitle": "Confidentiality Impact Widget confidentiality-impact widget should exist",
              "timedOut": null,
              "duration": 3120,
              "state": "passed",
              "speed": "fast",
              "pass": true,
              "fail": false,
              "pending": false,
              "context": null,
              "code": "cy.findWidget(widgetName).should(\"exist\").scrollIntoView();\ncy.findWidget(widgetName).then(($widget) => {\n  expect($widget.text().trim().length).to.be.greaterThan(0);\n});",
              "err": {},
              "uuid": "d3a2f9d8-64a7-44c6-a3fa-56ac0fe1911a",
              "parentUUID": "96dbff33-57bc-4af3-96a8-6ae2cb8b9952",
              "isHook": false,
              "skipped": false
            },
            {
              "title": "updates impact assessments when security levels change",
              "fullTitle": "Confidentiality Impact Widget updates impact assessments when security levels change",
              "timedOut": null,
              "duration": 6638,
              "state": "passed",
              "speed": "medium",
              "pass": true,
              "fail": false,
              "pending": false,
              "context": null,
              "code": "testSecurityLevelChanges(widget.id);",
              "err": {},
              "uuid": "b28e5b68-2f5c-490e-9614-aa74ecaa628c",
              "parentUUID": "96dbff33-57bc-4af3-96a8-6ae2cb8b9952",
              "isHook": false,
              "skipped": false
            },
            {
              "title": "shows detailed ${widget.name.toLowerCase()} impact with high security",
              "fullTitle": "Confidentiality Impact Widget shows detailed ${widget.name.toLowerCase()} impact with high security",
              "timedOut": null,
              "duration": 4863,
              "state": "passed",
              "speed": "fast",
              "pass": true,
              "fail": false,
              "pending": false,
              "context": null,
              "code": "cy.log(`Looking for widget ${widget.id}`);\ncy.findWidget(widget.id).then(($widget) => {\n  if ($widget.length === 0) {\n    cy.log(`⚠️ Widget ${widget.id} not found - skipping test`);\n    return;\n  }\n  cy.wrap($widget).scrollIntoView();\n  const availLevel = widget.id === \"availability-impact\" ? SECURITY_LEVELS.HIGH : SECURITY_LEVELS.MODERATE;\n  const intLevel = widget.id === \"integrity-impact\" ? SECURITY_LEVELS.HIGH : SECURITY_LEVELS.MODERATE;\n  const confLevel = widget.id === \"confidentiality-impact\" ? SECURITY_LEVELS.HIGH : SECURITY_LEVELS.MODERATE;\n  cy.setSecurityLevels(availLevel, intLevel, confLevel);\n  cy.wait(1e3);\n  cy.wrap($widget).then(($updatedWidget) => {\n    const widgetText = $updatedWidget.text().toLowerCase();\n    const hasImpactTerms = /impact|effect|influence|security|protection/i.test(widgetText);\n    let hasSpecificTerms = false;\n    if (Array.isArray(widget.pattern)) {\n      hasSpecificTerms = widget.pattern.some(\n        (pattern) => pattern.test(widgetText)\n      );\n    } else if (widget.pattern instanceof RegExp) {\n      hasSpecificTerms = widget.pattern.test(widgetText);\n    }\n    cy.log(`Widget has impact terms: ${hasImpactTerms}`);\n    cy.log(`Widget has specific terms: ${hasSpecificTerms}`);\n    expect(hasImpactTerms || hasSpecificTerms).to.be.true;\n  });\n});",
              "err": {},
              "uuid": "faf5d0fc-6cf6-43a4-b0b7-023a45537b2e",
              "parentUUID": "96dbff33-57bc-4af3-96a8-6ae2cb8b9952",
              "isHook": false,
              "skipped": false
            },
            {
              "title": "displays appropriate recommendations",
              "fullTitle": "Confidentiality Impact Widget displays appropriate recommendations",
              "timedOut": null,
              "duration": 4748,
              "state": "passed",
              "speed": "fast",
              "pass": true,
              "fail": false,
              "pending": false,
              "context": null,
              "code": "cy.findWidget(widget.id).then(($widget) => {\n  if ($widget.length === 0) {\n    cy.log(`⚠️ Widget ${widget.id} not found - skipping test`);\n    return;\n  }\n  cy.wrap($widget).scrollIntoView();\n  cy.setSecurityLevels(\n    SECURITY_LEVELS.HIGH,\n    SECURITY_LEVELS.HIGH,\n    SECURITY_LEVELS.HIGH\n  );\n  cy.wait(1e3);\n  cy.wrap($widget).then(($updatedWidget) => {\n    const widgetText = $updatedWidget.text().toLowerCase();\n    const hasRecommendationTerms = /recommend|suggest|should|implement|consider|best practice/i.test(\n      widgetText\n    );\n    cy.log(`Widget has recommendation terms: ${hasRecommendationTerms}`);\n    if (!hasRecommendationTerms) {\n      cy.log(`Widget text: ${widgetText.substring(0, 200)}...`);\n    }\n    cy.log(`Test completed for ${widget.name}`);\n  });\n});",
              "err": {},
              "uuid": "9c430783-cc8f-4008-8a89-b7981164f41a",
              "parentUUID": "96dbff33-57bc-4af3-96a8-6ae2cb8b9952",
              "isHook": false,
              "skipped": false
            }
          ],
          "suites": [],
          "passes": [
            "d3a2f9d8-64a7-44c6-a3fa-56ac0fe1911a",
            "b28e5b68-2f5c-490e-9614-aa74ecaa628c",
            "faf5d0fc-6cf6-43a4-b0b7-023a45537b2e",
            "9c430783-cc8f-4008-8a89-b7981164f41a"
          ],
          "failures": [],
          "pending": [],
          "skipped": [],
          "duration": 19369,
          "root": false,
          "rootEmpty": false,
          "_timeout": 2000
        }
      ],
      "passes": [],
      "failures": [],
      "pending": [],
      "skipped": [],
      "duration": 0,
      "root": true,
      "rootEmpty": true,
      "_timeout": 2000
    },
    {
      "uuid": "f247966c-146b-476c-a827-7fe4cb9dec03",
      "title": "",
      "fullFile": "cypress/e2e/widgets/confidentiality-impact-widget.cy.ts",
      "file": "cypress/e2e/widgets/confidentiality-impact-widget.cy.ts",
      "beforeHooks": [],
      "afterHooks": [],
      "tests": [],
      "suites": [
        {
          "uuid": "e65a549d-bac3-4321-9f9d-83ccfd91706f",
          "title": "Confidentiality Impact Widget",
          "fullFile": "",
          "file": "",
          "beforeHooks": [],
          "afterHooks": [],
          "tests": [
            {
              "title": "confidentiality-impact widget should exist",
              "fullTitle": "Confidentiality Impact Widget confidentiality-impact widget should exist",
              "timedOut": null,
              "duration": 3462,
              "state": "passed",
              "speed": "fast",
              "pass": true,
              "fail": false,
              "pending": false,
              "context": null,
              "code": "cy.findWidget(widgetName).should(\"exist\").scrollIntoView();\ncy.findWidget(widgetName).then(($widget) => {\n  expect($widget.text().trim().length).to.be.greaterThan(0);\n});",
              "err": {},
              "uuid": "c3fe652d-db47-4b9a-b8da-1577fe2b9b15",
              "parentUUID": "e65a549d-bac3-4321-9f9d-83ccfd91706f",
              "isHook": false,
              "skipped": false
            },
            {
              "title": "updates content when security levels change",
              "fullTitle": "Confidentiality Impact Widget updates content when security levels change",
              "timedOut": null,
              "duration": 6670,
              "state": "passed",
              "speed": "medium",
              "pass": true,
              "fail": false,
              "pending": false,
              "context": null,
              "code": "testSecurityLevelChanges(\"confidentiality-impact\");",
              "err": {},
              "uuid": "41190567-6de6-4031-b203-807b3b60d515",
              "parentUUID": "e65a549d-bac3-4321-9f9d-83ccfd91706f",
              "isHook": false,
              "skipped": false
            },
            {
              "title": "displays detailed confidentiality impacts with high security",
              "fullTitle": "Confidentiality Impact Widget displays detailed confidentiality impacts with high security",
              "timedOut": null,
              "duration": 4933,
              "state": "passed",
              "speed": "fast",
              "pass": true,
              "fail": false,
              "pending": false,
              "context": null,
              "code": "cy.findWidget(\"confidentiality-impact\").scrollIntoView();\ncy.setSecurityLevels(\n  SECURITY_LEVELS.MODERATE,\n  SECURITY_LEVELS.MODERATE,\n  SECURITY_LEVELS.HIGH\n  // High confidentiality\n);\ncy.wait(1e3);\ncy.findWidget(\"confidentiality-impact\").within(() => {\n  cy.contains(\n    /privacy|data protection|sensitive|confidential|encrypt/i\n  ).should(\"exist\");\n});",
              "err": {},
              "uuid": "3d149ad0-1edf-4715-8c6f-6439b6b16620",
              "parentUUID": "e65a549d-bac3-4321-9f9d-83ccfd91706f",
              "isHook": false,
              "skipped": false
            },
            {
              "title": "provides appropriate confidentiality recommendations",
              "fullTitle": "Confidentiality Impact Widget provides appropriate confidentiality recommendations",
              "timedOut": null,
              "duration": 4798,
              "state": "passed",
              "speed": "fast",
              "pass": true,
              "fail": false,
              "pending": false,
              "context": null,
              "code": "cy.findWidget(\"confidentiality-impact\").scrollIntoView();\ncy.setSecurityLevels(\n  SECURITY_LEVELS.HIGH,\n  SECURITY_LEVELS.HIGH,\n  SECURITY_LEVELS.HIGH\n);\ncy.wait(1e3);\ncy.findWidget(\"confidentiality-impact\").within(() => {\n  cy.contains(/recommend|suggest|practice|implement/i).should(\"exist\");\n});",
              "err": {},
              "uuid": "3ccbb91b-60dd-41ee-a706-c8573cd77215",
              "parentUUID": "e65a549d-bac3-4321-9f9d-83ccfd91706f",
              "isHook": false,
              "skipped": false
            }
          ],
          "suites": [],
          "passes": [
            "c3fe652d-db47-4b9a-b8da-1577fe2b9b15",
            "41190567-6de6-4031-b203-807b3b60d515",
            "3d149ad0-1edf-4715-8c6f-6439b6b16620",
            "3ccbb91b-60dd-41ee-a706-c8573cd77215"
          ],
          "failures": [],
          "pending": [],
          "skipped": [],
          "duration": 19863,
          "root": false,
          "rootEmpty": false,
          "_timeout": 2000
        }
      ],
      "passes": [],
      "failures": [],
      "pending": [],
      "skipped": [],
      "duration": 0,
      "root": true,
      "rootEmpty": true,
      "_timeout": 2000
    },
    {
      "uuid": "6052ca66-bb39-4f63-ae65-2ceafcdcf488",
      "title": "",
      "fullFile": "cypress/e2e/widgets/integrity-impact-widget.cy.ts",
      "file": "cypress/e2e/widgets/integrity-impact-widget.cy.ts",
      "beforeHooks": [],
      "afterHooks": [],
      "tests": [],
      "suites": [
        {
          "uuid": "d4a63ad0-9d4c-4705-b17e-20d5915db8a2",
          "title": "Integrity Impact Widget",
          "fullFile": "",
          "file": "",
          "beforeHooks": [],
          "afterHooks": [],
          "tests": [
            {
              "title": "integrity-impact widget should exist",
              "fullTitle": "Integrity Impact Widget integrity-impact widget should exist",
              "timedOut": null,
              "duration": 3468,
              "state": "passed",
              "speed": "fast",
              "pass": true,
              "fail": false,
              "pending": false,
              "context": null,
              "code": "cy.findWidget(widgetName).should(\"exist\").scrollIntoView();\ncy.findWidget(widgetName).then(($widget) => {\n  expect($widget.text().trim().length).to.be.greaterThan(0);\n});",
              "err": {},
              "uuid": "ab9856ed-6921-4a23-bc9b-b1851eafced8",
              "parentUUID": "d4a63ad0-9d4c-4705-b17e-20d5915db8a2",
              "isHook": false,
              "skipped": false
            },
            {
              "title": "updates content when security levels change",
              "fullTitle": "Integrity Impact Widget updates content when security levels change",
              "timedOut": null,
              "duration": 6599,
              "state": "passed",
              "speed": "medium",
              "pass": true,
              "fail": false,
              "pending": false,
              "context": null,
              "code": "testSecurityLevelChanges(\"integrity-impact\");",
              "err": {},
              "uuid": "dcb3eca5-ad7c-450a-86ac-e078b2b42878",
              "parentUUID": "d4a63ad0-9d4c-4705-b17e-20d5915db8a2",
              "isHook": false,
              "skipped": false
            },
            {
              "title": "displays detailed integrity impacts with high security",
              "fullTitle": "Integrity Impact Widget displays detailed integrity impacts with high security",
              "timedOut": null,
              "duration": 4821,
              "state": "passed",
              "speed": "fast",
              "pass": true,
              "fail": false,
              "pending": false,
              "context": null,
              "code": "cy.findWidget(\"integrity-impact\").scrollIntoView();\ncy.setSecurityLevels(\n  SECURITY_LEVELS.MODERATE,\n  SECURITY_LEVELS.HIGH,\n  // High integrity\n  SECURITY_LEVELS.MODERATE\n);\ncy.wait(1e3);\ncy.findWidget(\"integrity-impact\").within(() => {\n  cy.contains(/accuracy|validation|authenticity|correct|trusted/i).should(\n    \"exist\"\n  );\n});",
              "err": {},
              "uuid": "c7ecfd78-2f5e-4cd8-997f-813a2355574d",
              "parentUUID": "d4a63ad0-9d4c-4705-b17e-20d5915db8a2",
              "isHook": false,
              "skipped": false
            },
            {
              "title": "provides appropriate integrity recommendations",
              "fullTitle": "Integrity Impact Widget provides appropriate integrity recommendations",
              "timedOut": null,
              "duration": 4826,
              "state": "passed",
              "speed": "fast",
              "pass": true,
              "fail": false,
              "pending": false,
              "context": null,
              "code": "cy.findWidget(\"integrity-impact\").scrollIntoView();\ncy.setSecurityLevels(\n  SECURITY_LEVELS.HIGH,\n  SECURITY_LEVELS.HIGH,\n  SECURITY_LEVELS.HIGH\n);\ncy.wait(1e3);\ncy.findWidget(\"integrity-impact\").within(() => {\n  cy.contains(/recommend|suggest|practice|implement/i).should(\"exist\");\n});",
              "err": {},
              "uuid": "de566e5c-1e35-47d7-88f8-a3861c33dbb1",
              "parentUUID": "d4a63ad0-9d4c-4705-b17e-20d5915db8a2",
              "isHook": false,
              "skipped": false
            }
          ],
          "suites": [],
          "passes": [
            "ab9856ed-6921-4a23-bc9b-b1851eafced8",
            "dcb3eca5-ad7c-450a-86ac-e078b2b42878",
            "c7ecfd78-2f5e-4cd8-997f-813a2355574d",
            "de566e5c-1e35-47d7-88f8-a3861c33dbb1"
          ],
          "failures": [],
          "pending": [],
          "skipped": [],
          "duration": 19714,
          "root": false,
          "rootEmpty": false,
          "_timeout": 2000
        }
      ],
      "passes": [],
      "failures": [],
      "pending": [],
      "skipped": [],
      "duration": 0,
      "root": true,
      "rootEmpty": true,
      "_timeout": 2000
    },
    {
      "uuid": "7edc5325-a459-4d6d-8082-b69b608d36a5",
      "title": "",
      "fullFile": "cypress/e2e/widgets/radar-chart-widget.cy.ts",
      "file": "cypress/e2e/widgets/radar-chart-widget.cy.ts",
      "beforeHooks": [],
      "afterHooks": [],
      "tests": [],
      "suites": [
        {
          "uuid": "3fecb6d1-e075-432f-94c6-ec5d28135962",
          "title": "Radar Chart Widget",
          "fullFile": "",
          "file": "",
          "beforeHooks": [],
          "afterHooks": [],
          "tests": [
            {
              "title": "radar-chart widget should exist",
              "fullTitle": "Radar Chart Widget radar-chart widget should exist",
              "timedOut": null,
              "duration": 3476,
              "state": "passed",
              "speed": "fast",
              "pass": true,
              "fail": false,
              "pending": false,
              "context": null,
              "code": "cy.findWidget(widgetName).should(\"exist\").scrollIntoView();\ncy.findWidget(widgetName).then(($widget) => {\n  expect($widget.text().trim().length).to.be.greaterThan(0);\n});",
              "err": {},
              "uuid": "855c004e-3f60-4500-b100-21a4124c3c8d",
              "parentUUID": "3fecb6d1-e075-432f-94c6-ec5d28135962",
              "isHook": false,
              "skipped": false
            },
            {
              "title": "updates chart visualization when security levels change",
              "fullTitle": "Radar Chart Widget updates chart visualization when security levels change",
              "timedOut": null,
              "duration": 6637,
              "state": "passed",
              "speed": "medium",
              "pass": true,
              "fail": false,
              "pending": false,
              "context": null,
              "code": "testSecurityLevelChanges(\"radar-chart\");",
              "err": {},
              "uuid": "0df2f293-2c9a-447d-a0c9-070aa161d9c6",
              "parentUUID": "3fecb6d1-e075-432f-94c6-ec5d28135962",
              "isHook": false,
              "skipped": false
            },
            {
              "title": "displays a radar chart with data points",
              "fullTitle": "Radar Chart Widget displays a radar chart with data points",
              "timedOut": null,
              "duration": 3898,
              "state": "passed",
              "speed": "fast",
              "pass": true,
              "fail": false,
              "pending": false,
              "context": null,
              "code": "cy.findWidget(\"radar-chart\").scrollIntoView();\ncy.setSecurityLevels(\n  SECURITY_LEVELS.MODERATE,\n  SECURITY_LEVELS.MODERATE,\n  SECURITY_LEVELS.MODERATE\n);\ncy.findWidget(\"radar-chart\").within(() => {\n  cy.get(\"svg, canvas, [data-testid*='chart'], [class*='chart']\").should(\n    \"exist\"\n  );\n  cy.contains(/availability|integrity|confidentiality/i).should(\"exist\");\n});",
              "err": {},
              "uuid": "43577398-2395-479d-982f-147e3268eb8c",
              "parentUUID": "3fecb6d1-e075-432f-94c6-ec5d28135962",
              "isHook": false,
              "skipped": false
            },
            {
              "title": "displays asymmetric chart with mixed security levels",
              "fullTitle": "Radar Chart Widget displays asymmetric chart with mixed security levels",
              "timedOut": null,
              "duration": 8271,
              "state": "passed",
              "speed": "medium",
              "pass": true,
              "fail": false,
              "pending": false,
              "context": null,
              "code": "cy.findWidget(\"radar-chart\").scrollIntoView();\ncy.setSecurityLevels(\n  SECURITY_LEVELS.HIGH,\n  SECURITY_LEVELS.LOW,\n  SECURITY_LEVELS.MODERATE\n);\ncy.findWidget(\"radar-chart\").screenshot(\"mixed-security-radar\");\ncy.setSecurityLevels(\n  SECURITY_LEVELS.MODERATE,\n  SECURITY_LEVELS.MODERATE,\n  SECURITY_LEVELS.MODERATE\n);\ncy.findWidget(\"radar-chart\").invoke(\"text\").should(\"not.be.empty\");",
              "err": {},
              "uuid": "59df9c07-a936-48c3-93c2-de488cf27266",
              "parentUUID": "3fecb6d1-e075-432f-94c6-ec5d28135962",
              "isHook": false,
              "skipped": false
            },
            {
              "title": "displays visual security level or risk indicators",
              "fullTitle": "Radar Chart Widget displays visual security level or risk indicators",
              "timedOut": null,
              "duration": 3915,
              "state": "passed",
              "speed": "fast",
              "pass": true,
              "fail": false,
              "pending": false,
              "context": null,
              "code": "cy.findWidget(\"radar-chart\").scrollIntoView();\ncy.setSecurityLevels(\n  SECURITY_LEVELS.HIGH,\n  SECURITY_LEVELS.HIGH,\n  SECURITY_LEVELS.HIGH\n);\ncy.findWidget(\"radar-chart\").within(() => {\n  cy.contains(/high|5|[4-5]\\/5|\\d+%|strong|robust/i).should(\"exist\");\n});",
              "err": {},
              "uuid": "99073f22-6881-482a-9e97-93e04badc8fb",
              "parentUUID": "3fecb6d1-e075-432f-94c6-ec5d28135962",
              "isHook": false,
              "skipped": false
            }
          ],
          "suites": [],
          "passes": [
            "855c004e-3f60-4500-b100-21a4124c3c8d",
            "0df2f293-2c9a-447d-a0c9-070aa161d9c6",
            "43577398-2395-479d-982f-147e3268eb8c",
            "59df9c07-a936-48c3-93c2-de488cf27266",
            "99073f22-6881-482a-9e97-93e04badc8fb"
          ],
          "failures": [],
          "pending": [],
          "skipped": [],
          "duration": 26197,
          "root": false,
          "rootEmpty": false,
          "_timeout": 2000
        }
      ],
      "passes": [],
      "failures": [],
      "pending": [],
      "skipped": [],
      "duration": 0,
      "root": true,
      "rootEmpty": true,
      "_timeout": 2000
    },
    {
      "uuid": "2b28a134-051d-4ca2-85c8-c56abcd8987d",
      "title": "",
      "fullFile": "cypress/e2e/widgets/technical-details-widget.cy.ts",
      "file": "cypress/e2e/widgets/technical-details-widget.cy.ts",
      "beforeHooks": [],
      "afterHooks": [],
      "tests": [],
      "suites": [
        {
          "uuid": "2ab462e5-40a9-465a-b6b5-a796596d2120",
          "title": "Technical Details Widget",
          "fullFile": "",
          "file": "",
          "beforeHooks": [],
          "afterHooks": [],
          "tests": [
            {
              "title": "technical-details widget should exist",
              "fullTitle": "Technical Details Widget technical-details widget should exist",
              "timedOut": null,
              "duration": 3514,
              "state": "passed",
              "speed": "fast",
              "pass": true,
              "fail": false,
              "pending": false,
              "context": null,
              "code": "cy.findWidget(widgetName).should(\"exist\").scrollIntoView();\ncy.findWidget(widgetName).then(($widget) => {\n  expect($widget.text().trim().length).to.be.greaterThan(0);\n});",
              "err": {},
              "uuid": "ad1abf55-348c-46a9-8d02-8bdb2c8dd99e",
              "parentUUID": "2ab462e5-40a9-465a-b6b5-a796596d2120",
              "isHook": false,
              "skipped": false
            },
            {
              "title": "updates technical details when security levels change",
              "fullTitle": "Technical Details Widget updates technical details when security levels change",
              "timedOut": null,
              "duration": 6689,
              "state": "passed",
              "speed": "medium",
              "pass": true,
              "fail": false,
              "pending": false,
              "context": null,
              "code": "testSecurityLevelChanges(\"technical-details\");",
              "err": {},
              "uuid": "ff95421a-db67-4072-b0b6-bb4614d513ba",
              "parentUUID": "2ab462e5-40a9-465a-b6b5-a796596d2120",
              "isHook": false,
              "skipped": false
            },
            {
              "title": "switches between CIA tabs if present",
              "fullTitle": "Technical Details Widget switches between CIA tabs if present",
              "timedOut": null,
              "duration": 4840,
              "state": "passed",
              "speed": "fast",
              "pass": true,
              "fail": false,
              "pending": false,
              "context": null,
              "code": "cy.findWidget(\"technical-details\").scrollIntoView();\ncy.findWidget(\"technical-details\").then(($widget) => {\n  const hasTabs = $widget.find(\n    '[role=\"tab\"], button:contains(\"Availability\"), button:contains(\"Integrity\")'\n  ).length > 0;\n  if (hasTabs) {\n    testWidgetTabSwitching(\"technical-details\");\n  } else {\n    cy.log(\"No tabs found in technical details widget - skipping tab test\");\n  }\n});",
              "err": {},
              "uuid": "1730afd0-79c6-49ee-9f1d-774eca9852fd",
              "parentUUID": "2ab462e5-40a9-465a-b6b5-a796596d2120",
              "isHook": false,
              "skipped": false
            },
            {
              "title": "displays implementation steps for selected security levels",
              "fullTitle": "Technical Details Widget displays implementation steps for selected security levels",
              "timedOut": null,
              "duration": 3955,
              "state": "passed",
              "speed": "fast",
              "pass": true,
              "fail": false,
              "pending": false,
              "context": null,
              "code": "cy.findWidget(\"technical-details\").scrollIntoView();\ncy.setSecurityLevels(\n  SECURITY_LEVELS.MODERATE,\n  SECURITY_LEVELS.MODERATE,\n  SECURITY_LEVELS.MODERATE\n);\ncy.findWidget(\"technical-details\").within(() => {\n  cy.contains(/implementation|step|instructions|how to|procedure/i).should(\n    \"exist\"\n  );\n  cy.get(\"ol li, ul li, [data-testid*='step'], [class*='step']\").should(\n    \"have.length.at.least\",\n    1\n  );\n});",
              "err": {},
              "uuid": "41dfae63-4938-4ac6-8a2e-d2cb2961d29a",
              "parentUUID": "2ab462e5-40a9-465a-b6b5-a796596d2120",
              "isHook": false,
              "skipped": false
            },
            {
              "title": "provides security-appropriate technical recommendations",
              "fullTitle": "Technical Details Widget provides security-appropriate technical recommendations",
              "timedOut": null,
              "duration": 4599,
              "state": "passed",
              "speed": "fast",
              "pass": true,
              "fail": false,
              "pending": false,
              "context": null,
              "code": "cy.findWidget(\"technical-details\").scrollIntoView();\ncy.setSecurityLevels(\n  SECURITY_LEVELS.HIGH,\n  SECURITY_LEVELS.HIGH,\n  SECURITY_LEVELS.HIGH\n);\ncy.findWidget(\"technical-details\").within(() => {\n  cy.contains(\n    /encryption|authentication|authorization|audit|monitoring|redundancy/i\n  ).should(\"exist\");\n});\ncy.setSecurityLevels(\n  SECURITY_LEVELS.LOW,\n  SECURITY_LEVELS.LOW,\n  SECURITY_LEVELS.LOW\n);\ncy.findWidget(\"technical-details\").within(() => {\n  cy.contains(/password|backup|update|patch|basic/i).should(\"exist\");\n});",
              "err": {},
              "uuid": "4d72c2f0-5794-454e-a39e-b9ae6aa6bb7e",
              "parentUUID": "2ab462e5-40a9-465a-b6b5-a796596d2120",
              "isHook": false,
              "skipped": false
            }
          ],
          "suites": [],
          "passes": [
            "ad1abf55-348c-46a9-8d02-8bdb2c8dd99e",
            "ff95421a-db67-4072-b0b6-bb4614d513ba",
            "1730afd0-79c6-49ee-9f1d-774eca9852fd",
            "41dfae63-4938-4ac6-8a2e-d2cb2961d29a",
            "4d72c2f0-5794-454e-a39e-b9ae6aa6bb7e"
          ],
          "failures": [],
          "pending": [],
          "skipped": [],
          "duration": 23597,
          "root": false,
          "rootEmpty": false,
          "_timeout": 2000
        }
      ],
      "passes": [],
      "failures": [],
      "pending": [],
      "skipped": [],
      "duration": 0,
      "root": true,
      "rootEmpty": true,
      "_timeout": 2000
    },
    {
      "uuid": "60102d94-b773-4536-8a6e-e8bf5287642a",
      "title": "",
      "fullFile": "cypress/e2e/widgets/technical-implementation-widget.cy.ts",
      "file": "cypress/e2e/widgets/technical-implementation-widget.cy.ts",
      "beforeHooks": [],
      "afterHooks": [],
      "tests": [],
      "suites": [
        {
          "uuid": "1cc6596c-b230-47b2-9f32-b7d081d9917f",
          "title": "Technical Implementation Widget Tests",
          "fullFile": "",
          "file": "",
          "beforeHooks": [],
          "afterHooks": [],
          "tests": [
            {
              "title": "shows technical implementation details for security levels",
              "fullTitle": "Technical Implementation Widget Tests shows technical implementation details for security levels",
              "timedOut": null,
              "duration": 1387,
              "state": "passed",
              "speed": "fast",
              "pass": true,
              "fail": false,
              "pending": false,
              "context": null,
              "code": "cy.setSecurityLevels(\n  SECURITY_LEVELS.MODERATE,\n  SECURITY_LEVELS.MODERATE,\n  SECURITY_LEVELS.MODERATE\n);\ncy.get('[data-testid=\"technical-details-widget\"]').should(\"exist\").scrollIntoView();\ncy.verifyContentPresent([/technical|implementation|detail/i]);",
              "err": {},
              "uuid": "ab8ac694-af00-4aa6-bcd1-12aca9a7a0de",
              "parentUUID": "1cc6596c-b230-47b2-9f32-b7d081d9917f",
              "isHook": false,
              "skipped": false
            },
            {
              "title": "updates implementation details when security levels change",
              "fullTitle": "Technical Implementation Widget Tests updates implementation details when security levels change",
              "timedOut": null,
              "duration": 2122,
              "state": "passed",
              "speed": "fast",
              "pass": true,
              "fail": false,
              "pending": false,
              "context": null,
              "code": "testWidgetUpdatesWithSecurityLevels(\n  '[data-testid=\"technical-details-widget\"]',\n  {\n    initialLevels: [\n      SECURITY_LEVELS.LOW,\n      SECURITY_LEVELS.LOW,\n      SECURITY_LEVELS.LOW\n    ],\n    newLevels: [\n      SECURITY_LEVELS.HIGH,\n      SECURITY_LEVELS.HIGH,\n      SECURITY_LEVELS.HIGH\n    ],\n    expectTextChange: true\n  }\n);",
              "err": {},
              "uuid": "3463a1ee-8acc-4e1e-b876-40870269f62a",
              "parentUUID": "1cc6596c-b230-47b2-9f32-b7d081d9917f",
              "isHook": false,
              "skipped": false
            },
            {
              "title": "allows switching between confidentiality, integrity, and availability sections",
              "fullTitle": "Technical Implementation Widget Tests allows switching between confidentiality, integrity, and availability sections",
              "timedOut": null,
              "duration": 2140,
              "state": "passed",
              "speed": "fast",
              "pass": true,
              "fail": false,
              "pending": false,
              "context": null,
              "code": "cy.setSecurityLevels(\n  SECURITY_LEVELS.MODERATE,\n  SECURITY_LEVELS.MODERATE,\n  SECURITY_LEVELS.MODERATE\n);\ncy.get('[data-testid=\"technical-details-widget\"]').scrollIntoView().within(() => {\n  cy.get('[data-testid=\"availability-tab-button\"]').click();\n  cy.wait(300);\n  cy.get('[data-testid=\"integrity-tab-button\"]').click();\n  cy.wait(300);\n  cy.get('[data-testid=\"confidentiality-tab-button\"]').click();\n  cy.wait(300);\n});\ncy.verifyContentPresent([\n  /confidentiality/i,\n  /protection|security|sensitive/i\n]);",
              "err": {},
              "uuid": "59669c4e-18a2-4cc7-86fc-e595cef29ba1",
              "parentUUID": "1cc6596c-b230-47b2-9f32-b7d081d9917f",
              "isHook": false,
              "skipped": false
            },
            {
              "title": "shows implementation requirements for different security levels",
              "fullTitle": "Technical Implementation Widget Tests shows implementation requirements for different security levels",
              "timedOut": null,
              "duration": 1014,
              "state": "passed",
              "speed": "fast",
              "pass": true,
              "fail": false,
              "pending": false,
              "context": null,
              "code": "cy.setSecurityLevels(\n  SECURITY_LEVELS.HIGH,\n  SECURITY_LEVELS.HIGH,\n  SECURITY_LEVELS.HIGH\n);\ncy.get('[data-testid=\"technical-details-widget\"]').scrollIntoView();\ncy.verifyContentPresent([\n  /requirement|implement|solution|approach/i,\n  /high|advanced|enhanced/i\n]);",
              "err": {},
              "uuid": "4db50c11-6f30-4ad0-b250-3043622f2483",
              "parentUUID": "1cc6596c-b230-47b2-9f32-b7d081d9917f",
              "isHook": false,
              "skipped": false
            }
          ],
          "suites": [],
          "passes": [
            "ab8ac694-af00-4aa6-bcd1-12aca9a7a0de",
            "3463a1ee-8acc-4e1e-b876-40870269f62a",
            "59669c4e-18a2-4cc7-86fc-e595cef29ba1",
            "4db50c11-6f30-4ad0-b250-3043622f2483"
          ],
          "failures": [],
          "pending": [],
          "skipped": [],
          "duration": 6663,
          "root": false,
          "rootEmpty": false,
          "_timeout": 2000
        }
      ],
      "passes": [],
      "failures": [],
      "pending": [],
      "skipped": [],
      "duration": 0,
      "root": true,
      "rootEmpty": true,
      "_timeout": 2000
    }
  ],
  "meta": {
    "mocha": {
      "version": "7.0.1"
    },
    "mochawesome": {
      "options": {
        "quiet": false,
        "reportFilename": "mochawesome",
        "saveHtml": true,
        "saveJson": true,
        "consoleReporter": "spec",
        "useInlineDiffs": false,
        "code": true
      },
      "version": "7.1.3"
    },
    "marge": {
      "options": {
        "id": "default",
        "reportDir": "docs/cypress/mochawesome",
        "overwrite": false,
        "html": true,
        "json": true,
        "code": true,
        "timestamp": "mmddyyyy_HHMMss",
        "charts": true,
        "showHooks": "failed",
        "embeddedScreenshots": true
      },
      "version": "6.2.0"
    }
  }
}