{
  "stats": {
    "suites": 15,
    "tests": 42,
    "passes": 42,
    "pending": 0,
    "failures": 0,
    "testsRegistered": 42,
    "passPercent": 100,
    "pendingPercent": 0,
    "other": 0,
    "hasOther": false,
    "skipped": 0,
    "hasSkipped": false,
    "start": "2025-07-02T23:01:10.644Z",
    "end": "2025-07-02T23:04:54.981Z",
    "duration": 224337
  },
  "results": [
    {
      "uuid": "220f3e8c-0b82-4b84-93c6-f7450440b000",
      "title": "",
      "fullFile": "cypress/e2e/business-outcomes/compliance-validation.cy.ts",
      "file": "cypress/e2e/business-outcomes/compliance-validation.cy.ts",
      "beforeHooks": [],
      "afterHooks": [],
      "tests": [],
      "suites": [
        {
          "uuid": "d9d28dc6-143e-46c5-981e-8418b63074fa",
          "title": "Compliance Status Validation",
          "fullFile": "",
          "file": "",
          "beforeHooks": [],
          "afterHooks": [],
          "tests": [
            {
              "title": "accurately reflects compliance status based on security levels",
              "fullTitle": "Compliance Status Validation accurately reflects compliance status based on security levels",
              "timedOut": null,
              "duration": 36922,
              "state": "passed",
              "speed": "slow",
              "pass": true,
              "fail": false,
              "pending": false,
              "context": null,
              "code": "const complianceScenarios = [\n  {\n    levels: [SECURITY_LEVELS.LOW, SECURITY_LEVELS.LOW, SECURITY_LEVELS.LOW],\n    expectedTextPatterns: [\n      /minimal|basic|non-compliant|low|partial|warning|caution/i,\n      /compliance|status|level|security/i\n    ],\n    name: \"low-security\"\n  },\n  {\n    levels: [\n      SECURITY_LEVELS.MODERATE,\n      SECURITY_LEVELS.MODERATE,\n      SECURITY_LEVELS.MODERATE\n    ],\n    expectedTextPatterns: [\n      /moderate|partial|medium|some|limited/i,\n      /compliance|status|framework|requirement/i\n    ],\n    name: \"moderate-security\"\n  },\n  {\n    levels: [\n      SECURITY_LEVELS.HIGH,\n      SECURITY_LEVELS.HIGH,\n      SECURITY_LEVELS.HIGH\n    ],\n    expectedTextPatterns: [\n      /compliant|meets requirements|high|full|complete|standard|advanced/i,\n      /compliance|status|framework|requirement/i\n    ],\n    name: \"high-security\"\n  }\n];\ncomplianceScenarios.forEach((scenario, index) => {\n  cy.log(`Testing compliance scenario ${index + 1}: ${scenario.name}`);\n  cy.screenshot(`compliance-scenario-start-${scenario.name}`);\n  cy.setSecurityLevels(...scenario.levels);\n  cy.wait(1e3);\n  cy.screenshot(`compliance-scenario-${scenario.name}`);\n  cy.get(\"body\").then(($body) => {\n    const bodyText = $body.text();\n    const allPatternsFound = scenario.expectedTextPatterns.every(\n      (pattern) => pattern.test(bodyText)\n    );\n    if (allPatternsFound) {\n      cy.log(\n        `✓ Found all expected compliance patterns for ${scenario.name}`\n      );\n    } else {\n      scenario.expectedTextPatterns.forEach((pattern) => {\n        if (!pattern.test(bodyText)) {\n          cy.log(\n            `⚠️ Could not find pattern: ${pattern} for ${scenario.name}`\n          );\n        }\n      });\n    }\n    cy.screenshot(`compliance-content-${scenario.name}`);\n  });\n});",
              "err": {},
              "uuid": "1259fc69-7f43-456c-83b9-a641d95ed998",
              "parentUUID": "d9d28dc6-143e-46c5-981e-8418b63074fa",
              "isHook": false,
              "skipped": false
            },
            {
              "title": "verifies compliance framework details visibility",
              "fullTitle": "Compliance Status Validation verifies compliance framework details visibility",
              "timedOut": null,
              "duration": 6253,
              "state": "passed",
              "speed": "medium",
              "pass": true,
              "fail": false,
              "pending": false,
              "context": null,
              "code": "cy.setSecurityLevels(\n  SECURITY_LEVELS.HIGH,\n  SECURITY_LEVELS.HIGH,\n  SECURITY_LEVELS.HIGH\n);\ncy.wait(1e3);\nconst complianceSelectors = [\n  '[data-testid*=\"compliance\"]',\n  '[class*=\"compliance\"]',\n  '[data-testid*=\"framework\"]',\n  '[class*=\"framework\"]'\n].join(\", \");\ncy.get(\"body\").then(($body) => {\n  if ($body.find(complianceSelectors).length > 0) {\n    cy.get(complianceSelectors).first().scrollIntoView();\n    cy.get(complianceSelectors).first().screenshot(\"compliance-element\");\n    const clickableSelectors = [\n      '[data-testid*=\"framework\"] button',\n      '[data-testid*=\"framework\"] a',\n      '[class*=\"framework\"] button',\n      '[class*=\"framework\"] a',\n      'li[class*=\"framework\"]',\n      'li[data-testid*=\"framework\"]'\n    ].join(\", \");\n    if ($body.find(clickableSelectors).length > 0) {\n      cy.get(clickableSelectors).first().click({ force: true });\n      cy.wait(500);\n      cy.screenshot(\"after-framework-click\");\n    } else {\n      cy.log(\"⚠️ No clickable framework items found\");\n      cy.screenshot(\"no-clickable-frameworks\");\n    }\n  } else {\n    cy.log(\"⚠️ No compliance elements found\");\n    cy.screenshot(\"no-compliance-elements\");\n  }\n});",
              "err": {},
              "uuid": "b96c4b4b-a560-4ebe-a564-6a9d6c62ce17",
              "parentUUID": "d9d28dc6-143e-46c5-981e-8418b63074fa",
              "isHook": false,
              "skipped": false
            },
            {
              "title": "shows appropriate compliance frameworks based on security levels",
              "fullTitle": "Compliance Status Validation shows appropriate compliance frameworks based on security levels",
              "timedOut": null,
              "duration": 2306,
              "state": "passed",
              "speed": "fast",
              "pass": true,
              "fail": false,
              "pending": false,
              "context": null,
              "code": "cy.setSecurityLevels(\n  SECURITY_LEVELS.HIGH,\n  SECURITY_LEVELS.HIGH,\n  SECURITY_LEVELS.HIGH\n);\ncy.wait(1e3);\ncy.get(\"body\").then(($body) => {\n  const frameworkPattern = /([A-Z0-9]+\\s*[A-Z0-9]*\\s*[0-9-]*)/g;\n  const bodyText = $body.text();\n  const possibleFrameworks = bodyText.match(frameworkPattern) || [];\n  const frameworks = possibleFrameworks.filter(\n    (f) => /^[A-Z0-9]{2,}/.test(f) && !f.includes(\"CIA\") && f.length > 2\n  );\n  const logMessage = `Found ${frameworks.length} compliance frameworks`;\n  cy.log(logMessage);\n  const typedLogArgs = [\n    `Frameworks: ${frameworks.join(\", \")}`\n  ];\n  cy.log(...typedLogArgs);\n  expect(frameworks.length).to.be.greaterThan(0);\n});",
              "err": {},
              "uuid": "55200a51-6235-4a16-8fae-1bbee7253ce0",
              "parentUUID": "d9d28dc6-143e-46c5-981e-8418b63074fa",
              "isHook": false,
              "skipped": false
            }
          ],
          "suites": [],
          "passes": [
            "1259fc69-7f43-456c-83b9-a641d95ed998",
            "b96c4b4b-a560-4ebe-a564-6a9d6c62ce17",
            "55200a51-6235-4a16-8fae-1bbee7253ce0"
          ],
          "failures": [],
          "pending": [],
          "skipped": [],
          "duration": 45481,
          "root": false,
          "rootEmpty": false,
          "_timeout": 2000
        }
      ],
      "passes": [],
      "failures": [],
      "pending": [],
      "skipped": [],
      "duration": 0,
      "root": true,
      "rootEmpty": true,
      "_timeout": 2000
    },
    {
      "uuid": "c59e6188-a25b-4404-8c9d-c0ec7aaa7cc3",
      "title": "",
      "fullFile": "cypress/e2e/screenshots/widget-screenshots.cy.ts",
      "file": "cypress/e2e/screenshots/widget-screenshots.cy.ts",
      "beforeHooks": [],
      "afterHooks": [],
      "tests": [],
      "suites": [
        {
          "uuid": "8f48413a-936c-40ee-9ba3-f6adaec4c0c6",
          "title": "Widget UI/UX Screenshots",
          "fullFile": "",
          "file": "",
          "beforeHooks": [],
          "afterHooks": [],
          "tests": [
            {
              "title": "captures full dashboard grid with widgets in light and dark mode",
              "fullTitle": "Widget UI/UX Screenshots captures full dashboard grid with widgets in light and dark mode",
              "timedOut": null,
              "duration": 3124,
              "state": "passed",
              "speed": "fast",
              "pass": true,
              "fail": false,
              "pending": false,
              "context": null,
              "code": "cy.viewport(2400, 1200);\ncy.get('[data-testid=\"dashboard-grid\"]').should(\"be.visible\");\ncaptureFullDashboardGrid(\"dashboard-grid\");",
              "err": {},
              "uuid": "4d39b2cd-1e17-4ddb-9ecb-71fd93543395",
              "parentUUID": "8f48413a-936c-40ee-9ba3-f6adaec4c0c6",
              "isHook": false,
              "skipped": false
            },
            {
              "title": "captures essential widgets in both light and dark themes",
              "fullTitle": "Widget UI/UX Screenshots captures essential widgets in both light and dark themes",
              "timedOut": null,
              "duration": 8658,
              "state": "passed",
              "speed": "medium",
              "pass": true,
              "fail": false,
              "pending": false,
              "context": null,
              "code": "essentialWidgets.forEach((widgetName) => {\n  cy.log(`Capturing themes for widget: ${widgetName}`);\n  captureSimpleWidgetThemes(widgetName);\n});",
              "err": {},
              "uuid": "f1595349-dce1-4d80-95af-430c8c647397",
              "parentUUID": "8f48413a-936c-40ee-9ba3-f6adaec4c0c6",
              "isHook": false,
              "skipped": false
            }
          ],
          "suites": [],
          "passes": [
            "4d39b2cd-1e17-4ddb-9ecb-71fd93543395",
            "f1595349-dce1-4d80-95af-430c8c647397"
          ],
          "failures": [],
          "pending": [],
          "skipped": [],
          "duration": 11782,
          "root": false,
          "rootEmpty": false,
          "_timeout": 2000
        }
      ],
      "passes": [],
      "failures": [],
      "pending": [],
      "skipped": [],
      "duration": 0,
      "root": true,
      "rootEmpty": true,
      "_timeout": 2000
    },
    {
      "uuid": "209c28dc-6603-4073-8262-b07397f805fb",
      "title": "",
      "fullFile": "cypress/e2e/security/security-level-transitions.cy.ts",
      "file": "cypress/e2e/security/security-level-transitions.cy.ts",
      "beforeHooks": [],
      "afterHooks": [],
      "tests": [],
      "suites": [
        {
          "uuid": "720be244-5ae1-4a70-91f1-ded9e92c5cde",
          "title": "Security Level Transitions",
          "fullFile": "",
          "file": "",
          "beforeHooks": [],
          "afterHooks": [],
          "tests": [
            {
              "title": "maintains application integrity during security level changes",
              "fullTitle": "Security Level Transitions maintains application integrity during security level changes",
              "timedOut": null,
              "duration": 11096,
              "state": "passed",
              "speed": "slow",
              "pass": true,
              "fail": false,
              "pending": false,
              "context": null,
              "code": "const securityTransitions = [\n  {\n    from: [\n      SECURITY_LEVELS.LOW,\n      SECURITY_LEVELS.LOW,\n      SECURITY_LEVELS.LOW\n    ],\n    to: [\n      SECURITY_LEVELS.HIGH,\n      SECURITY_LEVELS.HIGH,\n      SECURITY_LEVELS.HIGH\n    ],\n    name: \"low-to-high\"\n  },\n  {\n    from: [\n      SECURITY_LEVELS.HIGH,\n      SECURITY_LEVELS.HIGH,\n      SECURITY_LEVELS.HIGH\n    ],\n    to: [\n      SECURITY_LEVELS.HIGH,\n      SECURITY_LEVELS.LOW,\n      SECURITY_LEVELS.MODERATE\n    ],\n    name: \"high-to-mixed\"\n  }\n];\nsecurityTransitions.forEach((transition, index) => {\n  const logArgs = [\n    `Testing transition ${transition.name} (${index + 1}/${securityTransitions.length})`\n  ];\n  cy.log(logArgs[0]);\n  cy.setSecurityLevels(\n    transition.from[0],\n    transition.from[1],\n    transition.from[2]\n  );\n  cy.wait(1e3);\n  if (index === 0) {\n    cy.screenshot(`transition-initial-${transition.name}`);\n  }\n  findImportantWidgets().then((widgets) => {\n    captureWidgetStates(widgets).then((initialStates) => {\n      const changeLogArgs = [\n        `Changing to security levels: ${transition.to.join(\", \")}`\n      ];\n      cy.log(changeLogArgs[0]);\n      cy.setSecurityLevels(\n        transition.to[0],\n        transition.to[1],\n        transition.to[2]\n      );\n      cy.wait(1e3);\n      if (index === 0) {\n        cy.screenshot(`transition-after-${transition.name}`);\n      }\n      findImportantWidgets().then((newWidgets) => {\n        const foundLogArgs = [\n          `Found ${newWidgets.length} widgets after transition`\n        ];\n        cy.log(...foundLogArgs);\n        expect(newWidgets.length).to.be.at.least(\n          Math.max(1, widgets.length - 1),\n          \"Number of widgets shouldn't decrease significantly during transitions\"\n        );\n        cy.wrap(newWidgets).each(($widget, i) => {\n          const id = $widget.attr(\"data-testid\") || `widget-${i}`;\n          checkForProblematicContent($widget);\n          if (initialStates[id]) {\n            compareWidgetContent($widget, initialStates[id], id);\n          }\n        });\n      });\n    });\n  });\n});",
              "err": {},
              "uuid": "45108659-d428-40b5-b80c-50c82df3ba7a",
              "parentUUID": "720be244-5ae1-4a70-91f1-ded9e92c5cde",
              "isHook": false,
              "skipped": false
            }
          ],
          "suites": [],
          "passes": [
            "45108659-d428-40b5-b80c-50c82df3ba7a"
          ],
          "failures": [],
          "pending": [],
          "skipped": [],
          "duration": 11096,
          "root": false,
          "rootEmpty": false,
          "_timeout": 2000
        }
      ],
      "passes": [],
      "failures": [],
      "pending": [],
      "skipped": [],
      "duration": 0,
      "root": true,
      "rootEmpty": true,
      "_timeout": 2000
    },
    {
      "uuid": "8c43f540-cbac-4a95-bfde-b739143f6e78",
      "title": "",
      "fullFile": "cypress/e2e/widgets/assessmentcenter/business-impact.cy.ts",
      "file": "cypress/e2e/widgets/assessmentcenter/business-impact.cy.ts",
      "beforeHooks": [],
      "afterHooks": [],
      "tests": [],
      "suites": [
        {
          "uuid": "1abaa78f-f06e-43f8-9989-07fd79680848",
          "title": "Business Impact Widget Tests",
          "fullFile": "",
          "file": "",
          "beforeHooks": [],
          "afterHooks": [],
          "tests": [
            {
              "title": "is visible and contains expected content",
              "fullTitle": "Business Impact Widget Tests is visible and contains expected content",
              "timedOut": null,
              "duration": 3290,
              "state": "passed",
              "speed": "fast",
              "pass": true,
              "fail": false,
              "pending": false,
              "context": null,
              "code": "findWidgetFlexibly(widgetTestId).then(($widget) => {\n  if ($widget.length === 0) {\n    cy.log(`Widget ${widgetName} not found - test will be skipped`);\n    cy.screenshot(`missing-widget-${widgetTestId}`);\n    expect(true).to.equal(true);\n    return;\n  }\n  const widgetText = $widget.text();\n  let foundPattern = false;\n  let matchedPattern = \"\";\n  contentPatterns2.forEach((pattern) => {\n    if (typeof pattern === \"string\") {\n      if (widgetText.includes(pattern)) {\n        foundPattern = true;\n        matchedPattern = pattern;\n      }\n    } else if (pattern.test(widgetText)) {\n      foundPattern = true;\n      matchedPattern = pattern.toString();\n    }\n  });\n  if (foundPattern) {\n    cy.log(`Found expected content pattern: ${matchedPattern}`);\n  } else {\n    cy.log(\n      `No expected content patterns found in widget text: ${widgetText.substring(\n        0,\n        100\n      )}...`\n    );\n  }\n  expect(\n    foundPattern,\n    `Widget should contain at least one expected content pattern`\n  ).to.be.true;\n  captureWidgetScreenshot($widget.first(), `${widgetTestId}-baseline`);\n});",
              "err": {},
              "uuid": "967e5e27-0c52-4beb-b47e-54fee78923b6",
              "parentUUID": "1abaa78f-f06e-43f8-9989-07fd79680848",
              "isHook": false,
              "skipped": false
            },
            {
              "title": "updates content when security levels change",
              "fullTitle": "Business Impact Widget Tests updates content when security levels change",
              "timedOut": null,
              "duration": 5962,
              "state": "passed",
              "speed": "medium",
              "pass": true,
              "fail": false,
              "pending": false,
              "context": null,
              "code": "findWidgetFlexibly(widgetTestId).then(($widget) => {\n  if ($widget.length === 0) {\n    cy.log(`Widget ${widgetName} not found - test will be skipped`);\n    cy.screenshot(`missing-widget-${widgetTestId}-security-change`);\n    expect(true).to.equal(true);\n    return;\n  }\n  const initialContent = $widget.text();\n  if (initialContent.trim().length === 0) {\n    cy.log(\n      `Widget ${widgetName} has no initial content - test will be skipped`\n    );\n    expect(true).to.equal(true);\n    return;\n  }\n  cy.setSecurityLevels(\n    SECURITY_LEVELS.LOW,\n    SECURITY_LEVELS.LOW,\n    SECURITY_LEVELS.LOW\n  );\n  cy.wait(1e3);\n  findWidgetFlexibly(widgetTestId).then(($lowWidget) => {\n    if ($lowWidget.length === 0) {\n      cy.log(\n        `Widget ${widgetName} disappeared after security level change - test will be skipped`\n      );\n      expect(true).to.equal(true);\n      return;\n    }\n    const lowContent = $lowWidget.text();\n    cy.setSecurityLevels(\n      SECURITY_LEVELS.HIGH,\n      SECURITY_LEVELS.HIGH,\n      SECURITY_LEVELS.HIGH\n    );\n    cy.wait(1e3);\n    findWidgetFlexibly(widgetTestId).then(($highWidget) => {\n      if ($highWidget.length === 0) {\n        cy.log(\n          `Widget ${widgetName} disappeared after high security level change - test will be skipped`\n        );\n        expect(true).to.equal(true);\n        return;\n      }\n      const highContent = $highWidget.text();\n      if (lowContent === highContent) {\n        cy.log(\n          `Warning: Content did not change between low and high security levels`\n        );\n      }\n      const contentChanged = initialContent !== lowContent || lowContent !== highContent;\n      expect(contentChanged, \"Content should change with security levels\").to.be.true;\n    });\n  });\n});",
              "err": {},
              "uuid": "40c1bb02-dbe1-446c-a88d-64e5d28e5f39",
              "parentUUID": "1abaa78f-f06e-43f8-9989-07fd79680848",
              "isHook": false,
              "skipped": false
            },
            {
              "title": "supports widget-specific functionality",
              "fullTitle": "Business Impact Widget Tests supports widget-specific functionality",
              "timedOut": null,
              "duration": 2137,
              "state": "passed",
              "speed": "fast",
              "pass": true,
              "fail": false,
              "pending": false,
              "context": null,
              "code": "findWidgetFlexibly(widgetTestId).then(($widget) => {\n  if ($widget.length === 0) {\n    cy.log(\n      `Widget ${widgetName} not found - specific test will be skipped`\n    );\n    cy.screenshot(`missing-widget-${widgetTestId}-specific`);\n    expect(true).to.equal(true);\n    return;\n  }\n  cy.wrap($widget.first()).as(\"currentWidget\");\n  try {\n    additionalTests2();\n  } catch (e) {\n    const errorMessage = e instanceof Error ? e.message : String(e);\n    cy.log(\n      `Error in additional tests for ${widgetName}: ${errorMessage}`\n    );\n    cy.screenshot(`error-${widgetName}-specific-test`);\n  }\n});",
              "err": {},
              "uuid": "5f2d0c8b-cc53-4abf-baee-8c7382f63c31",
              "parentUUID": "1abaa78f-f06e-43f8-9989-07fd79680848",
              "isHook": false,
              "skipped": false
            }
          ],
          "suites": [],
          "passes": [
            "967e5e27-0c52-4beb-b47e-54fee78923b6",
            "40c1bb02-dbe1-446c-a88d-64e5d28e5f39",
            "5f2d0c8b-cc53-4abf-baee-8c7382f63c31"
          ],
          "failures": [],
          "pending": [],
          "skipped": [],
          "duration": 11389,
          "root": false,
          "rootEmpty": false,
          "_timeout": 2000
        }
      ],
      "passes": [],
      "failures": [],
      "pending": [],
      "skipped": [],
      "duration": 0,
      "root": true,
      "rootEmpty": true,
      "_timeout": 2000
    },
    {
      "uuid": "560495cb-ad64-44ae-a22d-a13ffd757c47",
      "title": "",
      "fullFile": "cypress/e2e/widgets/assessmentcenter/security-level.cy.ts",
      "file": "cypress/e2e/widgets/assessmentcenter/security-level.cy.ts",
      "beforeHooks": [],
      "afterHooks": [],
      "tests": [],
      "suites": [
        {
          "uuid": "ed213e6a-097c-4470-8861-16123b0e05ea",
          "title": "Security Level Widget Tests",
          "fullFile": "",
          "file": "",
          "beforeHooks": [],
          "afterHooks": [],
          "tests": [
            {
              "title": "is visible and contains expected content",
              "fullTitle": "Security Level Widget Tests is visible and contains expected content",
              "timedOut": null,
              "duration": 3232,
              "state": "passed",
              "speed": "fast",
              "pass": true,
              "fail": false,
              "pending": false,
              "context": null,
              "code": "findWidgetFlexibly(widgetTestId).then(($widget) => {\n  if ($widget.length === 0) {\n    cy.log(`Widget ${widgetName} not found - test will be skipped`);\n    cy.screenshot(`missing-widget-${widgetTestId}`);\n    expect(true).to.equal(true);\n    return;\n  }\n  const widgetText = $widget.text();\n  let foundPattern = false;\n  let matchedPattern = \"\";\n  contentPatterns2.forEach((pattern) => {\n    if (typeof pattern === \"string\") {\n      if (widgetText.includes(pattern)) {\n        foundPattern = true;\n        matchedPattern = pattern;\n      }\n    } else if (pattern.test(widgetText)) {\n      foundPattern = true;\n      matchedPattern = pattern.toString();\n    }\n  });\n  if (foundPattern) {\n    cy.log(`Found expected content pattern: ${matchedPattern}`);\n  } else {\n    cy.log(\n      `No expected content patterns found in widget text: ${widgetText.substring(\n        0,\n        100\n      )}...`\n    );\n  }\n  expect(\n    foundPattern,\n    `Widget should contain at least one expected content pattern`\n  ).to.be.true;\n  captureWidgetScreenshot($widget.first(), `${widgetTestId}-baseline`);\n});",
              "err": {},
              "uuid": "b117037d-77e3-484c-a8ae-f3b0824c6345",
              "parentUUID": "ed213e6a-097c-4470-8861-16123b0e05ea",
              "isHook": false,
              "skipped": false
            },
            {
              "title": "updates content when security levels change",
              "fullTitle": "Security Level Widget Tests updates content when security levels change",
              "timedOut": null,
              "duration": 5909,
              "state": "passed",
              "speed": "medium",
              "pass": true,
              "fail": false,
              "pending": false,
              "context": null,
              "code": "findWidgetFlexibly(widgetTestId).then(($widget) => {\n  if ($widget.length === 0) {\n    cy.log(`Widget ${widgetName} not found - test will be skipped`);\n    cy.screenshot(`missing-widget-${widgetTestId}-security-change`);\n    expect(true).to.equal(true);\n    return;\n  }\n  const initialContent = $widget.text();\n  if (initialContent.trim().length === 0) {\n    cy.log(\n      `Widget ${widgetName} has no initial content - test will be skipped`\n    );\n    expect(true).to.equal(true);\n    return;\n  }\n  cy.setSecurityLevels(\n    SECURITY_LEVELS.LOW,\n    SECURITY_LEVELS.LOW,\n    SECURITY_LEVELS.LOW\n  );\n  cy.wait(1e3);\n  findWidgetFlexibly(widgetTestId).then(($lowWidget) => {\n    if ($lowWidget.length === 0) {\n      cy.log(\n        `Widget ${widgetName} disappeared after security level change - test will be skipped`\n      );\n      expect(true).to.equal(true);\n      return;\n    }\n    const lowContent = $lowWidget.text();\n    cy.setSecurityLevels(\n      SECURITY_LEVELS.HIGH,\n      SECURITY_LEVELS.HIGH,\n      SECURITY_LEVELS.HIGH\n    );\n    cy.wait(1e3);\n    findWidgetFlexibly(widgetTestId).then(($highWidget) => {\n      if ($highWidget.length === 0) {\n        cy.log(\n          `Widget ${widgetName} disappeared after high security level change - test will be skipped`\n        );\n        expect(true).to.equal(true);\n        return;\n      }\n      const highContent = $highWidget.text();\n      if (lowContent === highContent) {\n        cy.log(\n          `Warning: Content did not change between low and high security levels`\n        );\n      }\n      const contentChanged = initialContent !== lowContent || lowContent !== highContent;\n      expect(contentChanged, \"Content should change with security levels\").to.be.true;\n    });\n  });\n});",
              "err": {},
              "uuid": "0d1a78d9-e704-4954-92fa-1719c39e3b49",
              "parentUUID": "ed213e6a-097c-4470-8861-16123b0e05ea",
              "isHook": false,
              "skipped": false
            },
            {
              "title": "supports widget-specific functionality",
              "fullTitle": "Security Level Widget Tests supports widget-specific functionality",
              "timedOut": null,
              "duration": 2109,
              "state": "passed",
              "speed": "fast",
              "pass": true,
              "fail": false,
              "pending": false,
              "context": null,
              "code": "findWidgetFlexibly(widgetTestId).then(($widget) => {\n  if ($widget.length === 0) {\n    cy.log(\n      `Widget ${widgetName} not found - specific test will be skipped`\n    );\n    cy.screenshot(`missing-widget-${widgetTestId}-specific`);\n    expect(true).to.equal(true);\n    return;\n  }\n  cy.wrap($widget.first()).as(\"currentWidget\");\n  try {\n    additionalTests2();\n  } catch (e) {\n    const errorMessage = e instanceof Error ? e.message : String(e);\n    cy.log(\n      `Error in additional tests for ${widgetName}: ${errorMessage}`\n    );\n    cy.screenshot(`error-${widgetName}-specific-test`);\n  }\n});",
              "err": {},
              "uuid": "ca0cb44e-f8d2-4315-9b3e-6627e8e26888",
              "parentUUID": "ed213e6a-097c-4470-8861-16123b0e05ea",
              "isHook": false,
              "skipped": false
            }
          ],
          "suites": [],
          "passes": [
            "b117037d-77e3-484c-a8ae-f3b0824c6345",
            "0d1a78d9-e704-4954-92fa-1719c39e3b49",
            "ca0cb44e-f8d2-4315-9b3e-6627e8e26888"
          ],
          "failures": [],
          "pending": [],
          "skipped": [],
          "duration": 11250,
          "root": false,
          "rootEmpty": false,
          "_timeout": 2000
        }
      ],
      "passes": [],
      "failures": [],
      "pending": [],
      "skipped": [],
      "duration": 0,
      "root": true,
      "rootEmpty": true,
      "_timeout": 2000
    },
    {
      "uuid": "6073cc00-1350-460f-b812-a3f7ba6cb032",
      "title": "",
      "fullFile": "cypress/e2e/widgets/assessmentcenter/security-summary.cy.ts",
      "file": "cypress/e2e/widgets/assessmentcenter/security-summary.cy.ts",
      "beforeHooks": [],
      "afterHooks": [],
      "tests": [],
      "suites": [
        {
          "uuid": "41a0806b-02c5-4ace-a6c4-d69ebf9b69b0",
          "title": "Security Summary Widget Tests",
          "fullFile": "",
          "file": "",
          "beforeHooks": [],
          "afterHooks": [],
          "tests": [
            {
              "title": "is visible and contains expected content",
              "fullTitle": "Security Summary Widget Tests is visible and contains expected content",
              "timedOut": null,
              "duration": 3170,
              "state": "passed",
              "speed": "fast",
              "pass": true,
              "fail": false,
              "pending": false,
              "context": null,
              "code": "findWidgetFlexibly(widgetTestId).then(($widget) => {\n  if ($widget.length === 0) {\n    cy.log(`Widget ${widgetName} not found - test will be skipped`);\n    cy.screenshot(`missing-widget-${widgetTestId}`);\n    expect(true).to.equal(true);\n    return;\n  }\n  const widgetText = $widget.text();\n  let foundPattern = false;\n  let matchedPattern = \"\";\n  contentPatterns2.forEach((pattern) => {\n    if (typeof pattern === \"string\") {\n      if (widgetText.includes(pattern)) {\n        foundPattern = true;\n        matchedPattern = pattern;\n      }\n    } else if (pattern.test(widgetText)) {\n      foundPattern = true;\n      matchedPattern = pattern.toString();\n    }\n  });\n  if (foundPattern) {\n    cy.log(`Found expected content pattern: ${matchedPattern}`);\n  } else {\n    cy.log(\n      `No expected content patterns found in widget text: ${widgetText.substring(\n        0,\n        100\n      )}...`\n    );\n  }\n  expect(\n    foundPattern,\n    `Widget should contain at least one expected content pattern`\n  ).to.be.true;\n  captureWidgetScreenshot($widget.first(), `${widgetTestId}-baseline`);\n});",
              "err": {},
              "uuid": "e4bc1608-d8df-4f2c-b3cf-0adc2ad39967",
              "parentUUID": "41a0806b-02c5-4ace-a6c4-d69ebf9b69b0",
              "isHook": false,
              "skipped": false
            },
            {
              "title": "updates content when security levels change",
              "fullTitle": "Security Summary Widget Tests updates content when security levels change",
              "timedOut": null,
              "duration": 5895,
              "state": "passed",
              "speed": "medium",
              "pass": true,
              "fail": false,
              "pending": false,
              "context": null,
              "code": "findWidgetFlexibly(widgetTestId).then(($widget) => {\n  if ($widget.length === 0) {\n    cy.log(`Widget ${widgetName} not found - test will be skipped`);\n    cy.screenshot(`missing-widget-${widgetTestId}-security-change`);\n    expect(true).to.equal(true);\n    return;\n  }\n  const initialContent = $widget.text();\n  if (initialContent.trim().length === 0) {\n    cy.log(\n      `Widget ${widgetName} has no initial content - test will be skipped`\n    );\n    expect(true).to.equal(true);\n    return;\n  }\n  cy.setSecurityLevels(\n    SECURITY_LEVELS.LOW,\n    SECURITY_LEVELS.LOW,\n    SECURITY_LEVELS.LOW\n  );\n  cy.wait(1e3);\n  findWidgetFlexibly(widgetTestId).then(($lowWidget) => {\n    if ($lowWidget.length === 0) {\n      cy.log(\n        `Widget ${widgetName} disappeared after security level change - test will be skipped`\n      );\n      expect(true).to.equal(true);\n      return;\n    }\n    const lowContent = $lowWidget.text();\n    cy.setSecurityLevels(\n      SECURITY_LEVELS.HIGH,\n      SECURITY_LEVELS.HIGH,\n      SECURITY_LEVELS.HIGH\n    );\n    cy.wait(1e3);\n    findWidgetFlexibly(widgetTestId).then(($highWidget) => {\n      if ($highWidget.length === 0) {\n        cy.log(\n          `Widget ${widgetName} disappeared after high security level change - test will be skipped`\n        );\n        expect(true).to.equal(true);\n        return;\n      }\n      const highContent = $highWidget.text();\n      if (lowContent === highContent) {\n        cy.log(\n          `Warning: Content did not change between low and high security levels`\n        );\n      }\n      const contentChanged = initialContent !== lowContent || lowContent !== highContent;\n      expect(contentChanged, \"Content should change with security levels\").to.be.true;\n    });\n  });\n});",
              "err": {},
              "uuid": "d7216c9c-40a2-4a59-895c-71fc94b6ddef",
              "parentUUID": "41a0806b-02c5-4ace-a6c4-d69ebf9b69b0",
              "isHook": false,
              "skipped": false
            },
            {
              "title": "supports widget-specific functionality",
              "fullTitle": "Security Summary Widget Tests supports widget-specific functionality",
              "timedOut": null,
              "duration": 2106,
              "state": "passed",
              "speed": "fast",
              "pass": true,
              "fail": false,
              "pending": false,
              "context": null,
              "code": "findWidgetFlexibly(widgetTestId).then(($widget) => {\n  if ($widget.length === 0) {\n    cy.log(\n      `Widget ${widgetName} not found - specific test will be skipped`\n    );\n    cy.screenshot(`missing-widget-${widgetTestId}-specific`);\n    expect(true).to.equal(true);\n    return;\n  }\n  cy.wrap($widget.first()).as(\"currentWidget\");\n  try {\n    additionalTests2();\n  } catch (e) {\n    const errorMessage = e instanceof Error ? e.message : String(e);\n    cy.log(\n      `Error in additional tests for ${widgetName}: ${errorMessage}`\n    );\n    cy.screenshot(`error-${widgetName}-specific-test`);\n  }\n});",
              "err": {},
              "uuid": "546e2d83-dfdc-479f-a3bb-03845643a0fe",
              "parentUUID": "41a0806b-02c5-4ace-a6c4-d69ebf9b69b0",
              "isHook": false,
              "skipped": false
            }
          ],
          "suites": [],
          "passes": [
            "e4bc1608-d8df-4f2c-b3cf-0adc2ad39967",
            "d7216c9c-40a2-4a59-895c-71fc94b6ddef",
            "546e2d83-dfdc-479f-a3bb-03845643a0fe"
          ],
          "failures": [],
          "pending": [],
          "skipped": [],
          "duration": 11171,
          "root": false,
          "rootEmpty": false,
          "_timeout": 2000
        }
      ],
      "passes": [],
      "failures": [],
      "pending": [],
      "skipped": [],
      "duration": 0,
      "root": true,
      "rootEmpty": true,
      "_timeout": 2000
    },
    {
      "uuid": "b54f87e0-f85e-426e-8979-22778e11af71",
      "title": "",
      "fullFile": "cypress/e2e/widgets/businessvalue/compliance-status.cy.ts",
      "file": "cypress/e2e/widgets/businessvalue/compliance-status.cy.ts",
      "beforeHooks": [],
      "afterHooks": [],
      "tests": [],
      "suites": [
        {
          "uuid": "b9b7b567-dca3-4b5f-b969-a4c9bfc8fa72",
          "title": "Compliance Status Widget Tests",
          "fullFile": "",
          "file": "",
          "beforeHooks": [],
          "afterHooks": [],
          "tests": [
            {
              "title": "is visible and contains expected content",
              "fullTitle": "Compliance Status Widget Tests is visible and contains expected content",
              "timedOut": null,
              "duration": 3202,
              "state": "passed",
              "speed": "fast",
              "pass": true,
              "fail": false,
              "pending": false,
              "context": null,
              "code": "findWidgetFlexibly(widgetTestId).then(($widget) => {\n  if ($widget.length === 0) {\n    cy.log(`Widget ${widgetName} not found - test will be skipped`);\n    cy.screenshot(`missing-widget-${widgetTestId}`);\n    expect(true).to.equal(true);\n    return;\n  }\n  const widgetText = $widget.text();\n  let foundPattern = false;\n  let matchedPattern = \"\";\n  contentPatterns2.forEach((pattern) => {\n    if (typeof pattern === \"string\") {\n      if (widgetText.includes(pattern)) {\n        foundPattern = true;\n        matchedPattern = pattern;\n      }\n    } else if (pattern.test(widgetText)) {\n      foundPattern = true;\n      matchedPattern = pattern.toString();\n    }\n  });\n  if (foundPattern) {\n    cy.log(`Found expected content pattern: ${matchedPattern}`);\n  } else {\n    cy.log(\n      `No expected content patterns found in widget text: ${widgetText.substring(\n        0,\n        100\n      )}...`\n    );\n  }\n  expect(\n    foundPattern,\n    `Widget should contain at least one expected content pattern`\n  ).to.be.true;\n  captureWidgetScreenshot($widget.first(), `${widgetTestId}-baseline`);\n});",
              "err": {},
              "uuid": "b365b921-503c-4144-8af8-e1b6ccc4661c",
              "parentUUID": "b9b7b567-dca3-4b5f-b969-a4c9bfc8fa72",
              "isHook": false,
              "skipped": false
            },
            {
              "title": "updates content when security levels change",
              "fullTitle": "Compliance Status Widget Tests updates content when security levels change",
              "timedOut": null,
              "duration": 5900,
              "state": "passed",
              "speed": "medium",
              "pass": true,
              "fail": false,
              "pending": false,
              "context": null,
              "code": "findWidgetFlexibly(widgetTestId).then(($widget) => {\n  if ($widget.length === 0) {\n    cy.log(`Widget ${widgetName} not found - test will be skipped`);\n    cy.screenshot(`missing-widget-${widgetTestId}-security-change`);\n    expect(true).to.equal(true);\n    return;\n  }\n  const initialContent = $widget.text();\n  if (initialContent.trim().length === 0) {\n    cy.log(\n      `Widget ${widgetName} has no initial content - test will be skipped`\n    );\n    expect(true).to.equal(true);\n    return;\n  }\n  cy.setSecurityLevels(\n    SECURITY_LEVELS.LOW,\n    SECURITY_LEVELS.LOW,\n    SECURITY_LEVELS.LOW\n  );\n  cy.wait(1e3);\n  findWidgetFlexibly(widgetTestId).then(($lowWidget) => {\n    if ($lowWidget.length === 0) {\n      cy.log(\n        `Widget ${widgetName} disappeared after security level change - test will be skipped`\n      );\n      expect(true).to.equal(true);\n      return;\n    }\n    const lowContent = $lowWidget.text();\n    cy.setSecurityLevels(\n      SECURITY_LEVELS.HIGH,\n      SECURITY_LEVELS.HIGH,\n      SECURITY_LEVELS.HIGH\n    );\n    cy.wait(1e3);\n    findWidgetFlexibly(widgetTestId).then(($highWidget) => {\n      if ($highWidget.length === 0) {\n        cy.log(\n          `Widget ${widgetName} disappeared after high security level change - test will be skipped`\n        );\n        expect(true).to.equal(true);\n        return;\n      }\n      const highContent = $highWidget.text();\n      if (lowContent === highContent) {\n        cy.log(\n          `Warning: Content did not change between low and high security levels`\n        );\n      }\n      const contentChanged = initialContent !== lowContent || lowContent !== highContent;\n      expect(contentChanged, \"Content should change with security levels\").to.be.true;\n    });\n  });\n});",
              "err": {},
              "uuid": "71930a73-879a-4d15-b7b8-a9a1046b6ac4",
              "parentUUID": "b9b7b567-dca3-4b5f-b969-a4c9bfc8fa72",
              "isHook": false,
              "skipped": false
            },
            {
              "title": "supports widget-specific functionality",
              "fullTitle": "Compliance Status Widget Tests supports widget-specific functionality",
              "timedOut": null,
              "duration": 2101,
              "state": "passed",
              "speed": "fast",
              "pass": true,
              "fail": false,
              "pending": false,
              "context": null,
              "code": "findWidgetFlexibly(widgetTestId).then(($widget) => {\n  if ($widget.length === 0) {\n    cy.log(\n      `Widget ${widgetName} not found - specific test will be skipped`\n    );\n    cy.screenshot(`missing-widget-${widgetTestId}-specific`);\n    expect(true).to.equal(true);\n    return;\n  }\n  cy.wrap($widget.first()).as(\"currentWidget\");\n  try {\n    additionalTests2();\n  } catch (e) {\n    const errorMessage = e instanceof Error ? e.message : String(e);\n    cy.log(\n      `Error in additional tests for ${widgetName}: ${errorMessage}`\n    );\n    cy.screenshot(`error-${widgetName}-specific-test`);\n  }\n});",
              "err": {},
              "uuid": "cd351d45-33bd-4e31-b97a-ffece3a95bda",
              "parentUUID": "b9b7b567-dca3-4b5f-b969-a4c9bfc8fa72",
              "isHook": false,
              "skipped": false
            }
          ],
          "suites": [],
          "passes": [
            "b365b921-503c-4144-8af8-e1b6ccc4661c",
            "71930a73-879a-4d15-b7b8-a9a1046b6ac4",
            "cd351d45-33bd-4e31-b97a-ffece3a95bda"
          ],
          "failures": [],
          "pending": [],
          "skipped": [],
          "duration": 11203,
          "root": false,
          "rootEmpty": false,
          "_timeout": 2000
        }
      ],
      "passes": [],
      "failures": [],
      "pending": [],
      "skipped": [],
      "duration": 0,
      "root": true,
      "rootEmpty": true,
      "_timeout": 2000
    },
    {
      "uuid": "4b107da9-413b-4287-b7a7-e758044c0196",
      "title": "",
      "fullFile": "cypress/e2e/widgets/businessvalue/cost-estimation.cy.ts",
      "file": "cypress/e2e/widgets/businessvalue/cost-estimation.cy.ts",
      "beforeHooks": [],
      "afterHooks": [],
      "tests": [],
      "suites": [
        {
          "uuid": "5a3d35ea-f683-427d-8b7f-e06ade71bf9b",
          "title": "Cost Estimation Widget Tests",
          "fullFile": "",
          "file": "",
          "beforeHooks": [],
          "afterHooks": [],
          "tests": [
            {
              "title": "is visible and contains expected content",
              "fullTitle": "Cost Estimation Widget Tests is visible and contains expected content",
              "timedOut": null,
              "duration": 3199,
              "state": "passed",
              "speed": "fast",
              "pass": true,
              "fail": false,
              "pending": false,
              "context": null,
              "code": "findWidgetFlexibly(widgetTestId).then(($widget) => {\n  if ($widget.length === 0) {\n    cy.log(`Widget ${widgetName} not found - test will be skipped`);\n    cy.screenshot(`missing-widget-${widgetTestId}`);\n    expect(true).to.equal(true);\n    return;\n  }\n  const widgetText = $widget.text();\n  let foundPattern = false;\n  let matchedPattern = \"\";\n  contentPatterns2.forEach((pattern) => {\n    if (typeof pattern === \"string\") {\n      if (widgetText.includes(pattern)) {\n        foundPattern = true;\n        matchedPattern = pattern;\n      }\n    } else if (pattern.test(widgetText)) {\n      foundPattern = true;\n      matchedPattern = pattern.toString();\n    }\n  });\n  if (foundPattern) {\n    cy.log(`Found expected content pattern: ${matchedPattern}`);\n  } else {\n    cy.log(\n      `No expected content patterns found in widget text: ${widgetText.substring(\n        0,\n        100\n      )}...`\n    );\n  }\n  expect(\n    foundPattern,\n    `Widget should contain at least one expected content pattern`\n  ).to.be.true;\n  captureWidgetScreenshot($widget.first(), `${widgetTestId}-baseline`);\n});",
              "err": {},
              "uuid": "c10aa68f-433b-4df8-963d-27fbde7da010",
              "parentUUID": "5a3d35ea-f683-427d-8b7f-e06ade71bf9b",
              "isHook": false,
              "skipped": false
            },
            {
              "title": "updates content when security levels change",
              "fullTitle": "Cost Estimation Widget Tests updates content when security levels change",
              "timedOut": null,
              "duration": 5906,
              "state": "passed",
              "speed": "medium",
              "pass": true,
              "fail": false,
              "pending": false,
              "context": null,
              "code": "findWidgetFlexibly(widgetTestId).then(($widget) => {\n  if ($widget.length === 0) {\n    cy.log(`Widget ${widgetName} not found - test will be skipped`);\n    cy.screenshot(`missing-widget-${widgetTestId}-security-change`);\n    expect(true).to.equal(true);\n    return;\n  }\n  const initialContent = $widget.text();\n  if (initialContent.trim().length === 0) {\n    cy.log(\n      `Widget ${widgetName} has no initial content - test will be skipped`\n    );\n    expect(true).to.equal(true);\n    return;\n  }\n  cy.setSecurityLevels(\n    SECURITY_LEVELS.LOW,\n    SECURITY_LEVELS.LOW,\n    SECURITY_LEVELS.LOW\n  );\n  cy.wait(1e3);\n  findWidgetFlexibly(widgetTestId).then(($lowWidget) => {\n    if ($lowWidget.length === 0) {\n      cy.log(\n        `Widget ${widgetName} disappeared after security level change - test will be skipped`\n      );\n      expect(true).to.equal(true);\n      return;\n    }\n    const lowContent = $lowWidget.text();\n    cy.setSecurityLevels(\n      SECURITY_LEVELS.HIGH,\n      SECURITY_LEVELS.HIGH,\n      SECURITY_LEVELS.HIGH\n    );\n    cy.wait(1e3);\n    findWidgetFlexibly(widgetTestId).then(($highWidget) => {\n      if ($highWidget.length === 0) {\n        cy.log(\n          `Widget ${widgetName} disappeared after high security level change - test will be skipped`\n        );\n        expect(true).to.equal(true);\n        return;\n      }\n      const highContent = $highWidget.text();\n      if (lowContent === highContent) {\n        cy.log(\n          `Warning: Content did not change between low and high security levels`\n        );\n      }\n      const contentChanged = initialContent !== lowContent || lowContent !== highContent;\n      expect(contentChanged, \"Content should change with security levels\").to.be.true;\n    });\n  });\n});",
              "err": {},
              "uuid": "f1578e47-ba4c-49cf-b741-463d10311b71",
              "parentUUID": "5a3d35ea-f683-427d-8b7f-e06ade71bf9b",
              "isHook": false,
              "skipped": false
            },
            {
              "title": "supports widget-specific functionality",
              "fullTitle": "Cost Estimation Widget Tests supports widget-specific functionality",
              "timedOut": null,
              "duration": 2105,
              "state": "passed",
              "speed": "fast",
              "pass": true,
              "fail": false,
              "pending": false,
              "context": null,
              "code": "findWidgetFlexibly(widgetTestId).then(($widget) => {\n  if ($widget.length === 0) {\n    cy.log(\n      `Widget ${widgetName} not found - specific test will be skipped`\n    );\n    cy.screenshot(`missing-widget-${widgetTestId}-specific`);\n    expect(true).to.equal(true);\n    return;\n  }\n  cy.wrap($widget.first()).as(\"currentWidget\");\n  try {\n    additionalTests2();\n  } catch (e) {\n    const errorMessage = e instanceof Error ? e.message : String(e);\n    cy.log(\n      `Error in additional tests for ${widgetName}: ${errorMessage}`\n    );\n    cy.screenshot(`error-${widgetName}-specific-test`);\n  }\n});",
              "err": {},
              "uuid": "eb84fe7e-f166-4520-bb24-fcaa313dbde8",
              "parentUUID": "5a3d35ea-f683-427d-8b7f-e06ade71bf9b",
              "isHook": false,
              "skipped": false
            }
          ],
          "suites": [],
          "passes": [
            "c10aa68f-433b-4df8-963d-27fbde7da010",
            "f1578e47-ba4c-49cf-b741-463d10311b71",
            "eb84fe7e-f166-4520-bb24-fcaa313dbde8"
          ],
          "failures": [],
          "pending": [],
          "skipped": [],
          "duration": 11210,
          "root": false,
          "rootEmpty": false,
          "_timeout": 2000
        }
      ],
      "passes": [],
      "failures": [],
      "pending": [],
      "skipped": [],
      "duration": 0,
      "root": true,
      "rootEmpty": true,
      "_timeout": 2000
    },
    {
      "uuid": "1f63c04e-b152-45e7-99f6-a5f3f458079b",
      "title": "",
      "fullFile": "cypress/e2e/widgets/businessvalue/value-creation.cy.ts",
      "file": "cypress/e2e/widgets/businessvalue/value-creation.cy.ts",
      "beforeHooks": [],
      "afterHooks": [],
      "tests": [],
      "suites": [
        {
          "uuid": "53cfa9d4-cfd1-4d74-bb19-fddcb0058fc4",
          "title": "Value Creation Widget Tests",
          "fullFile": "",
          "file": "",
          "beforeHooks": [],
          "afterHooks": [],
          "tests": [
            {
              "title": "is visible and contains expected content",
              "fullTitle": "Value Creation Widget Tests is visible and contains expected content",
              "timedOut": null,
              "duration": 3184,
              "state": "passed",
              "speed": "fast",
              "pass": true,
              "fail": false,
              "pending": false,
              "context": null,
              "code": "findWidgetFlexibly(widgetTestId).then(($widget) => {\n  if ($widget.length === 0) {\n    cy.log(`Widget ${widgetName} not found - test will be skipped`);\n    cy.screenshot(`missing-widget-${widgetTestId}`);\n    expect(true).to.equal(true);\n    return;\n  }\n  const widgetText = $widget.text();\n  let foundPattern = false;\n  let matchedPattern = \"\";\n  contentPatterns2.forEach((pattern) => {\n    if (typeof pattern === \"string\") {\n      if (widgetText.includes(pattern)) {\n        foundPattern = true;\n        matchedPattern = pattern;\n      }\n    } else if (pattern.test(widgetText)) {\n      foundPattern = true;\n      matchedPattern = pattern.toString();\n    }\n  });\n  if (foundPattern) {\n    cy.log(`Found expected content pattern: ${matchedPattern}`);\n  } else {\n    cy.log(\n      `No expected content patterns found in widget text: ${widgetText.substring(\n        0,\n        100\n      )}...`\n    );\n  }\n  expect(\n    foundPattern,\n    `Widget should contain at least one expected content pattern`\n  ).to.be.true;\n  captureWidgetScreenshot($widget.first(), `${widgetTestId}-baseline`);\n});",
              "err": {},
              "uuid": "b52f62f8-1438-48bf-8fa7-4ac9cb2eafc6",
              "parentUUID": "53cfa9d4-cfd1-4d74-bb19-fddcb0058fc4",
              "isHook": false,
              "skipped": false
            },
            {
              "title": "updates content when security levels change",
              "fullTitle": "Value Creation Widget Tests updates content when security levels change",
              "timedOut": null,
              "duration": 5882,
              "state": "passed",
              "speed": "medium",
              "pass": true,
              "fail": false,
              "pending": false,
              "context": null,
              "code": "findWidgetFlexibly(widgetTestId).then(($widget) => {\n  if ($widget.length === 0) {\n    cy.log(`Widget ${widgetName} not found - test will be skipped`);\n    cy.screenshot(`missing-widget-${widgetTestId}-security-change`);\n    expect(true).to.equal(true);\n    return;\n  }\n  const initialContent = $widget.text();\n  if (initialContent.trim().length === 0) {\n    cy.log(\n      `Widget ${widgetName} has no initial content - test will be skipped`\n    );\n    expect(true).to.equal(true);\n    return;\n  }\n  cy.setSecurityLevels(\n    SECURITY_LEVELS.LOW,\n    SECURITY_LEVELS.LOW,\n    SECURITY_LEVELS.LOW\n  );\n  cy.wait(1e3);\n  findWidgetFlexibly(widgetTestId).then(($lowWidget) => {\n    if ($lowWidget.length === 0) {\n      cy.log(\n        `Widget ${widgetName} disappeared after security level change - test will be skipped`\n      );\n      expect(true).to.equal(true);\n      return;\n    }\n    const lowContent = $lowWidget.text();\n    cy.setSecurityLevels(\n      SECURITY_LEVELS.HIGH,\n      SECURITY_LEVELS.HIGH,\n      SECURITY_LEVELS.HIGH\n    );\n    cy.wait(1e3);\n    findWidgetFlexibly(widgetTestId).then(($highWidget) => {\n      if ($highWidget.length === 0) {\n        cy.log(\n          `Widget ${widgetName} disappeared after high security level change - test will be skipped`\n        );\n        expect(true).to.equal(true);\n        return;\n      }\n      const highContent = $highWidget.text();\n      if (lowContent === highContent) {\n        cy.log(\n          `Warning: Content did not change between low and high security levels`\n        );\n      }\n      const contentChanged = initialContent !== lowContent || lowContent !== highContent;\n      expect(contentChanged, \"Content should change with security levels\").to.be.true;\n    });\n  });\n});",
              "err": {},
              "uuid": "0e9b5c2a-624f-4a5b-9c17-93a2e04bce55",
              "parentUUID": "53cfa9d4-cfd1-4d74-bb19-fddcb0058fc4",
              "isHook": false,
              "skipped": false
            },
            {
              "title": "supports widget-specific functionality",
              "fullTitle": "Value Creation Widget Tests supports widget-specific functionality",
              "timedOut": null,
              "duration": 2093,
              "state": "passed",
              "speed": "fast",
              "pass": true,
              "fail": false,
              "pending": false,
              "context": null,
              "code": "findWidgetFlexibly(widgetTestId).then(($widget) => {\n  if ($widget.length === 0) {\n    cy.log(\n      `Widget ${widgetName} not found - specific test will be skipped`\n    );\n    cy.screenshot(`missing-widget-${widgetTestId}-specific`);\n    expect(true).to.equal(true);\n    return;\n  }\n  cy.wrap($widget.first()).as(\"currentWidget\");\n  try {\n    additionalTests2();\n  } catch (e) {\n    const errorMessage = e instanceof Error ? e.message : String(e);\n    cy.log(\n      `Error in additional tests for ${widgetName}: ${errorMessage}`\n    );\n    cy.screenshot(`error-${widgetName}-specific-test`);\n  }\n});",
              "err": {},
              "uuid": "7cbbb2e2-d3e3-4596-bc53-75a9af19d938",
              "parentUUID": "53cfa9d4-cfd1-4d74-bb19-fddcb0058fc4",
              "isHook": false,
              "skipped": false
            }
          ],
          "suites": [],
          "passes": [
            "b52f62f8-1438-48bf-8fa7-4ac9cb2eafc6",
            "0e9b5c2a-624f-4a5b-9c17-93a2e04bce55",
            "7cbbb2e2-d3e3-4596-bc53-75a9af19d938"
          ],
          "failures": [],
          "pending": [],
          "skipped": [],
          "duration": 11159,
          "root": false,
          "rootEmpty": false,
          "_timeout": 2000
        }
      ],
      "passes": [],
      "failures": [],
      "pending": [],
      "skipped": [],
      "duration": 0,
      "root": true,
      "rootEmpty": true,
      "_timeout": 2000
    },
    {
      "uuid": "fe7b322a-0b2e-45df-9e83-b82979920200",
      "title": "",
      "fullFile": "cypress/e2e/widgets/impactanalysis/availability-impact.cy.ts",
      "file": "cypress/e2e/widgets/impactanalysis/availability-impact.cy.ts",
      "beforeHooks": [],
      "afterHooks": [],
      "tests": [],
      "suites": [
        {
          "uuid": "22050ff6-7640-4ced-adf1-70b29157a0b2",
          "title": "Availability Impact Widget Tests",
          "fullFile": "",
          "file": "",
          "beforeHooks": [],
          "afterHooks": [],
          "tests": [
            {
              "title": "is visible and contains expected content",
              "fullTitle": "Availability Impact Widget Tests is visible and contains expected content",
              "timedOut": null,
              "duration": 3204,
              "state": "passed",
              "speed": "fast",
              "pass": true,
              "fail": false,
              "pending": false,
              "context": null,
              "code": "findWidgetFlexibly(widgetTestId).then(($widget) => {\n  if ($widget.length === 0) {\n    cy.log(`Widget ${widgetName} not found - test will be skipped`);\n    cy.screenshot(`missing-widget-${widgetTestId}`);\n    expect(true).to.equal(true);\n    return;\n  }\n  const widgetText = $widget.text();\n  let foundPattern = false;\n  let matchedPattern = \"\";\n  contentPatterns2.forEach((pattern) => {\n    if (typeof pattern === \"string\") {\n      if (widgetText.includes(pattern)) {\n        foundPattern = true;\n        matchedPattern = pattern;\n      }\n    } else if (pattern.test(widgetText)) {\n      foundPattern = true;\n      matchedPattern = pattern.toString();\n    }\n  });\n  if (foundPattern) {\n    cy.log(`Found expected content pattern: ${matchedPattern}`);\n  } else {\n    cy.log(\n      `No expected content patterns found in widget text: ${widgetText.substring(\n        0,\n        100\n      )}...`\n    );\n  }\n  expect(\n    foundPattern,\n    `Widget should contain at least one expected content pattern`\n  ).to.be.true;\n  captureWidgetScreenshot($widget.first(), `${widgetTestId}-baseline`);\n});",
              "err": {},
              "uuid": "68a75cf5-625f-4309-9132-e5028aa91298",
              "parentUUID": "22050ff6-7640-4ced-adf1-70b29157a0b2",
              "isHook": false,
              "skipped": false
            },
            {
              "title": "updates content when security levels change",
              "fullTitle": "Availability Impact Widget Tests updates content when security levels change",
              "timedOut": null,
              "duration": 5913,
              "state": "passed",
              "speed": "medium",
              "pass": true,
              "fail": false,
              "pending": false,
              "context": null,
              "code": "findWidgetFlexibly(widgetTestId).then(($widget) => {\n  if ($widget.length === 0) {\n    cy.log(`Widget ${widgetName} not found - test will be skipped`);\n    cy.screenshot(`missing-widget-${widgetTestId}-security-change`);\n    expect(true).to.equal(true);\n    return;\n  }\n  const initialContent = $widget.text();\n  if (initialContent.trim().length === 0) {\n    cy.log(\n      `Widget ${widgetName} has no initial content - test will be skipped`\n    );\n    expect(true).to.equal(true);\n    return;\n  }\n  cy.setSecurityLevels(\n    SECURITY_LEVELS.LOW,\n    SECURITY_LEVELS.LOW,\n    SECURITY_LEVELS.LOW\n  );\n  cy.wait(1e3);\n  findWidgetFlexibly(widgetTestId).then(($lowWidget) => {\n    if ($lowWidget.length === 0) {\n      cy.log(\n        `Widget ${widgetName} disappeared after security level change - test will be skipped`\n      );\n      expect(true).to.equal(true);\n      return;\n    }\n    const lowContent = $lowWidget.text();\n    cy.setSecurityLevels(\n      SECURITY_LEVELS.HIGH,\n      SECURITY_LEVELS.HIGH,\n      SECURITY_LEVELS.HIGH\n    );\n    cy.wait(1e3);\n    findWidgetFlexibly(widgetTestId).then(($highWidget) => {\n      if ($highWidget.length === 0) {\n        cy.log(\n          `Widget ${widgetName} disappeared after high security level change - test will be skipped`\n        );\n        expect(true).to.equal(true);\n        return;\n      }\n      const highContent = $highWidget.text();\n      if (lowContent === highContent) {\n        cy.log(\n          `Warning: Content did not change between low and high security levels`\n        );\n      }\n      const contentChanged = initialContent !== lowContent || lowContent !== highContent;\n      expect(contentChanged, \"Content should change with security levels\").to.be.true;\n    });\n  });\n});",
              "err": {},
              "uuid": "6955aebe-47d5-400e-a811-ee4318fad374",
              "parentUUID": "22050ff6-7640-4ced-adf1-70b29157a0b2",
              "isHook": false,
              "skipped": false
            },
            {
              "title": "supports widget-specific functionality",
              "fullTitle": "Availability Impact Widget Tests supports widget-specific functionality",
              "timedOut": null,
              "duration": 2116,
              "state": "passed",
              "speed": "fast",
              "pass": true,
              "fail": false,
              "pending": false,
              "context": null,
              "code": "findWidgetFlexibly(widgetTestId).then(($widget) => {\n  if ($widget.length === 0) {\n    cy.log(\n      `Widget ${widgetName} not found - specific test will be skipped`\n    );\n    cy.screenshot(`missing-widget-${widgetTestId}-specific`);\n    expect(true).to.equal(true);\n    return;\n  }\n  cy.wrap($widget.first()).as(\"currentWidget\");\n  try {\n    additionalTests2();\n  } catch (e) {\n    const errorMessage = e instanceof Error ? e.message : String(e);\n    cy.log(\n      `Error in additional tests for ${widgetName}: ${errorMessage}`\n    );\n    cy.screenshot(`error-${widgetName}-specific-test`);\n  }\n});",
              "err": {},
              "uuid": "aebbfa3c-171e-4b2f-b281-847d9d58289e",
              "parentUUID": "22050ff6-7640-4ced-adf1-70b29157a0b2",
              "isHook": false,
              "skipped": false
            }
          ],
          "suites": [],
          "passes": [
            "68a75cf5-625f-4309-9132-e5028aa91298",
            "6955aebe-47d5-400e-a811-ee4318fad374",
            "aebbfa3c-171e-4b2f-b281-847d9d58289e"
          ],
          "failures": [],
          "pending": [],
          "skipped": [],
          "duration": 11233,
          "root": false,
          "rootEmpty": false,
          "_timeout": 2000
        }
      ],
      "passes": [],
      "failures": [],
      "pending": [],
      "skipped": [],
      "duration": 0,
      "root": true,
      "rootEmpty": true,
      "_timeout": 2000
    },
    {
      "uuid": "f497fb58-9f9b-4474-b39b-dac3f443d5c5",
      "title": "",
      "fullFile": "cypress/e2e/widgets/impactanalysis/confidentiality-impact.cy.ts",
      "file": "cypress/e2e/widgets/impactanalysis/confidentiality-impact.cy.ts",
      "beforeHooks": [],
      "afterHooks": [],
      "tests": [],
      "suites": [
        {
          "uuid": "fd710758-62d8-4dd8-a1f4-0924a08c26dd",
          "title": "Confidentiality Impact Widget Tests",
          "fullFile": "",
          "file": "",
          "beforeHooks": [],
          "afterHooks": [],
          "tests": [
            {
              "title": "is visible and contains expected content",
              "fullTitle": "Confidentiality Impact Widget Tests is visible and contains expected content",
              "timedOut": null,
              "duration": 3199,
              "state": "passed",
              "speed": "fast",
              "pass": true,
              "fail": false,
              "pending": false,
              "context": null,
              "code": "findWidgetFlexibly(widgetTestId).then(($widget) => {\n  if ($widget.length === 0) {\n    cy.log(`Widget ${widgetName} not found - test will be skipped`);\n    cy.screenshot(`missing-widget-${widgetTestId}`);\n    expect(true).to.equal(true);\n    return;\n  }\n  const widgetText = $widget.text();\n  let foundPattern = false;\n  let matchedPattern = \"\";\n  contentPatterns2.forEach((pattern) => {\n    if (typeof pattern === \"string\") {\n      if (widgetText.includes(pattern)) {\n        foundPattern = true;\n        matchedPattern = pattern;\n      }\n    } else if (pattern.test(widgetText)) {\n      foundPattern = true;\n      matchedPattern = pattern.toString();\n    }\n  });\n  if (foundPattern) {\n    cy.log(`Found expected content pattern: ${matchedPattern}`);\n  } else {\n    cy.log(\n      `No expected content patterns found in widget text: ${widgetText.substring(\n        0,\n        100\n      )}...`\n    );\n  }\n  expect(\n    foundPattern,\n    `Widget should contain at least one expected content pattern`\n  ).to.be.true;\n  captureWidgetScreenshot($widget.first(), `${widgetTestId}-baseline`);\n});",
              "err": {},
              "uuid": "3eb87561-7247-45a4-908a-b036c1697e92",
              "parentUUID": "fd710758-62d8-4dd8-a1f4-0924a08c26dd",
              "isHook": false,
              "skipped": false
            },
            {
              "title": "updates content when security levels change",
              "fullTitle": "Confidentiality Impact Widget Tests updates content when security levels change",
              "timedOut": null,
              "duration": 5919,
              "state": "passed",
              "speed": "medium",
              "pass": true,
              "fail": false,
              "pending": false,
              "context": null,
              "code": "findWidgetFlexibly(widgetTestId).then(($widget) => {\n  if ($widget.length === 0) {\n    cy.log(`Widget ${widgetName} not found - test will be skipped`);\n    cy.screenshot(`missing-widget-${widgetTestId}-security-change`);\n    expect(true).to.equal(true);\n    return;\n  }\n  const initialContent = $widget.text();\n  if (initialContent.trim().length === 0) {\n    cy.log(\n      `Widget ${widgetName} has no initial content - test will be skipped`\n    );\n    expect(true).to.equal(true);\n    return;\n  }\n  cy.setSecurityLevels(\n    SECURITY_LEVELS.LOW,\n    SECURITY_LEVELS.LOW,\n    SECURITY_LEVELS.LOW\n  );\n  cy.wait(1e3);\n  findWidgetFlexibly(widgetTestId).then(($lowWidget) => {\n    if ($lowWidget.length === 0) {\n      cy.log(\n        `Widget ${widgetName} disappeared after security level change - test will be skipped`\n      );\n      expect(true).to.equal(true);\n      return;\n    }\n    const lowContent = $lowWidget.text();\n    cy.setSecurityLevels(\n      SECURITY_LEVELS.HIGH,\n      SECURITY_LEVELS.HIGH,\n      SECURITY_LEVELS.HIGH\n    );\n    cy.wait(1e3);\n    findWidgetFlexibly(widgetTestId).then(($highWidget) => {\n      if ($highWidget.length === 0) {\n        cy.log(\n          `Widget ${widgetName} disappeared after high security level change - test will be skipped`\n        );\n        expect(true).to.equal(true);\n        return;\n      }\n      const highContent = $highWidget.text();\n      if (lowContent === highContent) {\n        cy.log(\n          `Warning: Content did not change between low and high security levels`\n        );\n      }\n      const contentChanged = initialContent !== lowContent || lowContent !== highContent;\n      expect(contentChanged, \"Content should change with security levels\").to.be.true;\n    });\n  });\n});",
              "err": {},
              "uuid": "3da8b9a0-85db-406b-8300-bffa577ba3c2",
              "parentUUID": "fd710758-62d8-4dd8-a1f4-0924a08c26dd",
              "isHook": false,
              "skipped": false
            },
            {
              "title": "supports widget-specific functionality",
              "fullTitle": "Confidentiality Impact Widget Tests supports widget-specific functionality",
              "timedOut": null,
              "duration": 2103,
              "state": "passed",
              "speed": "fast",
              "pass": true,
              "fail": false,
              "pending": false,
              "context": null,
              "code": "findWidgetFlexibly(widgetTestId).then(($widget) => {\n  if ($widget.length === 0) {\n    cy.log(\n      `Widget ${widgetName} not found - specific test will be skipped`\n    );\n    cy.screenshot(`missing-widget-${widgetTestId}-specific`);\n    expect(true).to.equal(true);\n    return;\n  }\n  cy.wrap($widget.first()).as(\"currentWidget\");\n  try {\n    additionalTests2();\n  } catch (e) {\n    const errorMessage = e instanceof Error ? e.message : String(e);\n    cy.log(\n      `Error in additional tests for ${widgetName}: ${errorMessage}`\n    );\n    cy.screenshot(`error-${widgetName}-specific-test`);\n  }\n});",
              "err": {},
              "uuid": "60687d04-d9b7-4219-9927-43814779180d",
              "parentUUID": "fd710758-62d8-4dd8-a1f4-0924a08c26dd",
              "isHook": false,
              "skipped": false
            }
          ],
          "suites": [],
          "passes": [
            "3eb87561-7247-45a4-908a-b036c1697e92",
            "3da8b9a0-85db-406b-8300-bffa577ba3c2",
            "60687d04-d9b7-4219-9927-43814779180d"
          ],
          "failures": [],
          "pending": [],
          "skipped": [],
          "duration": 11221,
          "root": false,
          "rootEmpty": false,
          "_timeout": 2000
        }
      ],
      "passes": [],
      "failures": [],
      "pending": [],
      "skipped": [],
      "duration": 0,
      "root": true,
      "rootEmpty": true,
      "_timeout": 2000
    },
    {
      "uuid": "9b7f066e-3cce-45cd-903e-4b2d8fdf8a30",
      "title": "",
      "fullFile": "cypress/e2e/widgets/impactanalysis/integrity-impact.cy.ts",
      "file": "cypress/e2e/widgets/impactanalysis/integrity-impact.cy.ts",
      "beforeHooks": [],
      "afterHooks": [],
      "tests": [],
      "suites": [
        {
          "uuid": "923b4500-a39b-4fd2-9c3d-25c029664bf0",
          "title": "Integrity Impact Widget Tests",
          "fullFile": "",
          "file": "",
          "beforeHooks": [],
          "afterHooks": [],
          "tests": [
            {
              "title": "is visible and contains expected content",
              "fullTitle": "Integrity Impact Widget Tests is visible and contains expected content",
              "timedOut": null,
              "duration": 3218,
              "state": "passed",
              "speed": "fast",
              "pass": true,
              "fail": false,
              "pending": false,
              "context": null,
              "code": "findWidgetFlexibly(widgetTestId).then(($widget) => {\n  if ($widget.length === 0) {\n    cy.log(`Widget ${widgetName} not found - test will be skipped`);\n    cy.screenshot(`missing-widget-${widgetTestId}`);\n    expect(true).to.equal(true);\n    return;\n  }\n  const widgetText = $widget.text();\n  let foundPattern = false;\n  let matchedPattern = \"\";\n  contentPatterns2.forEach((pattern) => {\n    if (typeof pattern === \"string\") {\n      if (widgetText.includes(pattern)) {\n        foundPattern = true;\n        matchedPattern = pattern;\n      }\n    } else if (pattern.test(widgetText)) {\n      foundPattern = true;\n      matchedPattern = pattern.toString();\n    }\n  });\n  if (foundPattern) {\n    cy.log(`Found expected content pattern: ${matchedPattern}`);\n  } else {\n    cy.log(\n      `No expected content patterns found in widget text: ${widgetText.substring(\n        0,\n        100\n      )}...`\n    );\n  }\n  expect(\n    foundPattern,\n    `Widget should contain at least one expected content pattern`\n  ).to.be.true;\n  captureWidgetScreenshot($widget.first(), `${widgetTestId}-baseline`);\n});",
              "err": {},
              "uuid": "5698a898-acd3-4715-8813-79257d825b5b",
              "parentUUID": "923b4500-a39b-4fd2-9c3d-25c029664bf0",
              "isHook": false,
              "skipped": false
            },
            {
              "title": "updates content when security levels change",
              "fullTitle": "Integrity Impact Widget Tests updates content when security levels change",
              "timedOut": null,
              "duration": 5923,
              "state": "passed",
              "speed": "medium",
              "pass": true,
              "fail": false,
              "pending": false,
              "context": null,
              "code": "findWidgetFlexibly(widgetTestId).then(($widget) => {\n  if ($widget.length === 0) {\n    cy.log(`Widget ${widgetName} not found - test will be skipped`);\n    cy.screenshot(`missing-widget-${widgetTestId}-security-change`);\n    expect(true).to.equal(true);\n    return;\n  }\n  const initialContent = $widget.text();\n  if (initialContent.trim().length === 0) {\n    cy.log(\n      `Widget ${widgetName} has no initial content - test will be skipped`\n    );\n    expect(true).to.equal(true);\n    return;\n  }\n  cy.setSecurityLevels(\n    SECURITY_LEVELS.LOW,\n    SECURITY_LEVELS.LOW,\n    SECURITY_LEVELS.LOW\n  );\n  cy.wait(1e3);\n  findWidgetFlexibly(widgetTestId).then(($lowWidget) => {\n    if ($lowWidget.length === 0) {\n      cy.log(\n        `Widget ${widgetName} disappeared after security level change - test will be skipped`\n      );\n      expect(true).to.equal(true);\n      return;\n    }\n    const lowContent = $lowWidget.text();\n    cy.setSecurityLevels(\n      SECURITY_LEVELS.HIGH,\n      SECURITY_LEVELS.HIGH,\n      SECURITY_LEVELS.HIGH\n    );\n    cy.wait(1e3);\n    findWidgetFlexibly(widgetTestId).then(($highWidget) => {\n      if ($highWidget.length === 0) {\n        cy.log(\n          `Widget ${widgetName} disappeared after high security level change - test will be skipped`\n        );\n        expect(true).to.equal(true);\n        return;\n      }\n      const highContent = $highWidget.text();\n      if (lowContent === highContent) {\n        cy.log(\n          `Warning: Content did not change between low and high security levels`\n        );\n      }\n      const contentChanged = initialContent !== lowContent || lowContent !== highContent;\n      expect(contentChanged, \"Content should change with security levels\").to.be.true;\n    });\n  });\n});",
              "err": {},
              "uuid": "a8dfe5aa-000a-441c-a914-6b4eb7e4f67a",
              "parentUUID": "923b4500-a39b-4fd2-9c3d-25c029664bf0",
              "isHook": false,
              "skipped": false
            },
            {
              "title": "supports widget-specific functionality",
              "fullTitle": "Integrity Impact Widget Tests supports widget-specific functionality",
              "timedOut": null,
              "duration": 2087,
              "state": "passed",
              "speed": "fast",
              "pass": true,
              "fail": false,
              "pending": false,
              "context": null,
              "code": "findWidgetFlexibly(widgetTestId).then(($widget) => {\n  if ($widget.length === 0) {\n    cy.log(\n      `Widget ${widgetName} not found - specific test will be skipped`\n    );\n    cy.screenshot(`missing-widget-${widgetTestId}-specific`);\n    expect(true).to.equal(true);\n    return;\n  }\n  cy.wrap($widget.first()).as(\"currentWidget\");\n  try {\n    additionalTests2();\n  } catch (e) {\n    const errorMessage = e instanceof Error ? e.message : String(e);\n    cy.log(\n      `Error in additional tests for ${widgetName}: ${errorMessage}`\n    );\n    cy.screenshot(`error-${widgetName}-specific-test`);\n  }\n});",
              "err": {},
              "uuid": "3cdf3ed6-4c55-4e0c-ac33-bacbae45bae1",
              "parentUUID": "923b4500-a39b-4fd2-9c3d-25c029664bf0",
              "isHook": false,
              "skipped": false
            }
          ],
          "suites": [],
          "passes": [
            "5698a898-acd3-4715-8813-79257d825b5b",
            "a8dfe5aa-000a-441c-a914-6b4eb7e4f67a",
            "3cdf3ed6-4c55-4e0c-ac33-bacbae45bae1"
          ],
          "failures": [],
          "pending": [],
          "skipped": [],
          "duration": 11228,
          "root": false,
          "rootEmpty": false,
          "_timeout": 2000
        }
      ],
      "passes": [],
      "failures": [],
      "pending": [],
      "skipped": [],
      "duration": 0,
      "root": true,
      "rootEmpty": true,
      "_timeout": 2000
    },
    {
      "uuid": "83b7e584-5100-447d-929a-bf6d806630a6",
      "title": "",
      "fullFile": "cypress/e2e/widgets/implementationguide/security-resources.cy.ts",
      "file": "cypress/e2e/widgets/implementationguide/security-resources.cy.ts",
      "beforeHooks": [],
      "afterHooks": [],
      "tests": [],
      "suites": [
        {
          "uuid": "2db21ece-b218-43df-98b6-d3c0a5d39d46",
          "title": "Security Resources Widget Tests",
          "fullFile": "",
          "file": "",
          "beforeHooks": [],
          "afterHooks": [],
          "tests": [
            {
              "title": "is visible and contains expected content",
              "fullTitle": "Security Resources Widget Tests is visible and contains expected content",
              "timedOut": null,
              "duration": 3183,
              "state": "passed",
              "speed": "fast",
              "pass": true,
              "fail": false,
              "pending": false,
              "context": null,
              "code": "findWidgetFlexibly(widgetTestId).then(($widget) => {\n  if ($widget.length === 0) {\n    cy.log(`Widget ${widgetName} not found - test will be skipped`);\n    cy.screenshot(`missing-widget-${widgetTestId}`);\n    expect(true).to.equal(true);\n    return;\n  }\n  const widgetText = $widget.text();\n  let foundPattern = false;\n  let matchedPattern = \"\";\n  contentPatterns2.forEach((pattern) => {\n    if (typeof pattern === \"string\") {\n      if (widgetText.includes(pattern)) {\n        foundPattern = true;\n        matchedPattern = pattern;\n      }\n    } else if (pattern.test(widgetText)) {\n      foundPattern = true;\n      matchedPattern = pattern.toString();\n    }\n  });\n  if (foundPattern) {\n    cy.log(`Found expected content pattern: ${matchedPattern}`);\n  } else {\n    cy.log(\n      `No expected content patterns found in widget text: ${widgetText.substring(\n        0,\n        100\n      )}...`\n    );\n  }\n  expect(\n    foundPattern,\n    `Widget should contain at least one expected content pattern`\n  ).to.be.true;\n  captureWidgetScreenshot($widget.first(), `${widgetTestId}-baseline`);\n});",
              "err": {},
              "uuid": "f6830b92-9b5a-45e1-92ef-267590d40210",
              "parentUUID": "2db21ece-b218-43df-98b6-d3c0a5d39d46",
              "isHook": false,
              "skipped": false
            },
            {
              "title": "updates content when security levels change",
              "fullTitle": "Security Resources Widget Tests updates content when security levels change",
              "timedOut": null,
              "duration": 5911,
              "state": "passed",
              "speed": "medium",
              "pass": true,
              "fail": false,
              "pending": false,
              "context": null,
              "code": "findWidgetFlexibly(widgetTestId).then(($widget) => {\n  if ($widget.length === 0) {\n    cy.log(`Widget ${widgetName} not found - test will be skipped`);\n    cy.screenshot(`missing-widget-${widgetTestId}-security-change`);\n    expect(true).to.equal(true);\n    return;\n  }\n  const initialContent = $widget.text();\n  if (initialContent.trim().length === 0) {\n    cy.log(\n      `Widget ${widgetName} has no initial content - test will be skipped`\n    );\n    expect(true).to.equal(true);\n    return;\n  }\n  cy.setSecurityLevels(\n    SECURITY_LEVELS.LOW,\n    SECURITY_LEVELS.LOW,\n    SECURITY_LEVELS.LOW\n  );\n  cy.wait(1e3);\n  findWidgetFlexibly(widgetTestId).then(($lowWidget) => {\n    if ($lowWidget.length === 0) {\n      cy.log(\n        `Widget ${widgetName} disappeared after security level change - test will be skipped`\n      );\n      expect(true).to.equal(true);\n      return;\n    }\n    const lowContent = $lowWidget.text();\n    cy.setSecurityLevels(\n      SECURITY_LEVELS.HIGH,\n      SECURITY_LEVELS.HIGH,\n      SECURITY_LEVELS.HIGH\n    );\n    cy.wait(1e3);\n    findWidgetFlexibly(widgetTestId).then(($highWidget) => {\n      if ($highWidget.length === 0) {\n        cy.log(\n          `Widget ${widgetName} disappeared after high security level change - test will be skipped`\n        );\n        expect(true).to.equal(true);\n        return;\n      }\n      const highContent = $highWidget.text();\n      if (lowContent === highContent) {\n        cy.log(\n          `Warning: Content did not change between low and high security levels`\n        );\n      }\n      const contentChanged = initialContent !== lowContent || lowContent !== highContent;\n      expect(contentChanged, \"Content should change with security levels\").to.be.true;\n    });\n  });\n});",
              "err": {},
              "uuid": "81361de4-a82a-48fe-8341-f6c1d2dc9bd9",
              "parentUUID": "2db21ece-b218-43df-98b6-d3c0a5d39d46",
              "isHook": false,
              "skipped": false
            },
            {
              "title": "supports widget-specific functionality",
              "fullTitle": "Security Resources Widget Tests supports widget-specific functionality",
              "timedOut": null,
              "duration": 2107,
              "state": "passed",
              "speed": "fast",
              "pass": true,
              "fail": false,
              "pending": false,
              "context": null,
              "code": "findWidgetFlexibly(widgetTestId).then(($widget) => {\n  if ($widget.length === 0) {\n    cy.log(\n      `Widget ${widgetName} not found - specific test will be skipped`\n    );\n    cy.screenshot(`missing-widget-${widgetTestId}-specific`);\n    expect(true).to.equal(true);\n    return;\n  }\n  cy.wrap($widget.first()).as(\"currentWidget\");\n  try {\n    additionalTests2();\n  } catch (e) {\n    const errorMessage = e instanceof Error ? e.message : String(e);\n    cy.log(\n      `Error in additional tests for ${widgetName}: ${errorMessage}`\n    );\n    cy.screenshot(`error-${widgetName}-specific-test`);\n  }\n});",
              "err": {},
              "uuid": "c60b1007-7d6e-42aa-b17a-46bc14d94360",
              "parentUUID": "2db21ece-b218-43df-98b6-d3c0a5d39d46",
              "isHook": false,
              "skipped": false
            }
          ],
          "suites": [],
          "passes": [
            "f6830b92-9b5a-45e1-92ef-267590d40210",
            "81361de4-a82a-48fe-8341-f6c1d2dc9bd9",
            "c60b1007-7d6e-42aa-b17a-46bc14d94360"
          ],
          "failures": [],
          "pending": [],
          "skipped": [],
          "duration": 11201,
          "root": false,
          "rootEmpty": false,
          "_timeout": 2000
        }
      ],
      "passes": [],
      "failures": [],
      "pending": [],
      "skipped": [],
      "duration": 0,
      "root": true,
      "rootEmpty": true,
      "_timeout": 2000
    },
    {
      "uuid": "42921660-e13e-4562-b54c-8c640df24204",
      "title": "",
      "fullFile": "cypress/e2e/widgets/implementationguide/security-visualization.cy.ts",
      "file": "cypress/e2e/widgets/implementationguide/security-visualization.cy.ts",
      "beforeHooks": [],
      "afterHooks": [],
      "tests": [],
      "suites": [
        {
          "uuid": "75032200-88bc-4513-85fe-7cd8223690ca",
          "title": "Security Visualization Widget Tests",
          "fullFile": "",
          "file": "",
          "beforeHooks": [],
          "afterHooks": [],
          "tests": [
            {
              "title": "is visible and contains expected content",
              "fullTitle": "Security Visualization Widget Tests is visible and contains expected content",
              "timedOut": null,
              "duration": 3200,
              "state": "passed",
              "speed": "fast",
              "pass": true,
              "fail": false,
              "pending": false,
              "context": null,
              "code": "findWidgetFlexibly(widgetTestId).then(($widget) => {\n  if ($widget.length === 0) {\n    cy.log(`Widget ${widgetName} not found - test will be skipped`);\n    cy.screenshot(`missing-widget-${widgetTestId}`);\n    expect(true).to.equal(true);\n    return;\n  }\n  const widgetText = $widget.text();\n  let foundPattern = false;\n  let matchedPattern = \"\";\n  contentPatterns2.forEach((pattern) => {\n    if (typeof pattern === \"string\") {\n      if (widgetText.includes(pattern)) {\n        foundPattern = true;\n        matchedPattern = pattern;\n      }\n    } else if (pattern.test(widgetText)) {\n      foundPattern = true;\n      matchedPattern = pattern.toString();\n    }\n  });\n  if (foundPattern) {\n    cy.log(`Found expected content pattern: ${matchedPattern}`);\n  } else {\n    cy.log(\n      `No expected content patterns found in widget text: ${widgetText.substring(\n        0,\n        100\n      )}...`\n    );\n  }\n  expect(\n    foundPattern,\n    `Widget should contain at least one expected content pattern`\n  ).to.be.true;\n  captureWidgetScreenshot($widget.first(), `${widgetTestId}-baseline`);\n});",
              "err": {},
              "uuid": "157a6dac-e68d-48b6-a1a6-4c8271ec5c4a",
              "parentUUID": "75032200-88bc-4513-85fe-7cd8223690ca",
              "isHook": false,
              "skipped": false
            },
            {
              "title": "updates content when security levels change",
              "fullTitle": "Security Visualization Widget Tests updates content when security levels change",
              "timedOut": null,
              "duration": 5878,
              "state": "passed",
              "speed": "medium",
              "pass": true,
              "fail": false,
              "pending": false,
              "context": null,
              "code": "findWidgetFlexibly(widgetTestId).then(($widget) => {\n  if ($widget.length === 0) {\n    cy.log(`Widget ${widgetName} not found - test will be skipped`);\n    cy.screenshot(`missing-widget-${widgetTestId}-security-change`);\n    expect(true).to.equal(true);\n    return;\n  }\n  const initialContent = $widget.text();\n  if (initialContent.trim().length === 0) {\n    cy.log(\n      `Widget ${widgetName} has no initial content - test will be skipped`\n    );\n    expect(true).to.equal(true);\n    return;\n  }\n  cy.setSecurityLevels(\n    SECURITY_LEVELS.LOW,\n    SECURITY_LEVELS.LOW,\n    SECURITY_LEVELS.LOW\n  );\n  cy.wait(1e3);\n  findWidgetFlexibly(widgetTestId).then(($lowWidget) => {\n    if ($lowWidget.length === 0) {\n      cy.log(\n        `Widget ${widgetName} disappeared after security level change - test will be skipped`\n      );\n      expect(true).to.equal(true);\n      return;\n    }\n    const lowContent = $lowWidget.text();\n    cy.setSecurityLevels(\n      SECURITY_LEVELS.HIGH,\n      SECURITY_LEVELS.HIGH,\n      SECURITY_LEVELS.HIGH\n    );\n    cy.wait(1e3);\n    findWidgetFlexibly(widgetTestId).then(($highWidget) => {\n      if ($highWidget.length === 0) {\n        cy.log(\n          `Widget ${widgetName} disappeared after high security level change - test will be skipped`\n        );\n        expect(true).to.equal(true);\n        return;\n      }\n      const highContent = $highWidget.text();\n      if (lowContent === highContent) {\n        cy.log(\n          `Warning: Content did not change between low and high security levels`\n        );\n      }\n      const contentChanged = initialContent !== lowContent || lowContent !== highContent;\n      expect(contentChanged, \"Content should change with security levels\").to.be.true;\n    });\n  });\n});",
              "err": {},
              "uuid": "15d65eab-5441-4387-b60a-ee28e354f372",
              "parentUUID": "75032200-88bc-4513-85fe-7cd8223690ca",
              "isHook": false,
              "skipped": false
            },
            {
              "title": "supports widget-specific functionality",
              "fullTitle": "Security Visualization Widget Tests supports widget-specific functionality",
              "timedOut": null,
              "duration": 2102,
              "state": "passed",
              "speed": "fast",
              "pass": true,
              "fail": false,
              "pending": false,
              "context": null,
              "code": "findWidgetFlexibly(widgetTestId).then(($widget) => {\n  if ($widget.length === 0) {\n    cy.log(\n      `Widget ${widgetName} not found - specific test will be skipped`\n    );\n    cy.screenshot(`missing-widget-${widgetTestId}-specific`);\n    expect(true).to.equal(true);\n    return;\n  }\n  cy.wrap($widget.first()).as(\"currentWidget\");\n  try {\n    additionalTests2();\n  } catch (e) {\n    const errorMessage = e instanceof Error ? e.message : String(e);\n    cy.log(\n      `Error in additional tests for ${widgetName}: ${errorMessage}`\n    );\n    cy.screenshot(`error-${widgetName}-specific-test`);\n  }\n});",
              "err": {},
              "uuid": "d5680ec0-3537-4590-9dad-9c4d8c1fa331",
              "parentUUID": "75032200-88bc-4513-85fe-7cd8223690ca",
              "isHook": false,
              "skipped": false
            }
          ],
          "suites": [],
          "passes": [
            "157a6dac-e68d-48b6-a1a6-4c8271ec5c4a",
            "15d65eab-5441-4387-b60a-ee28e354f372",
            "d5680ec0-3537-4590-9dad-9c4d8c1fa331"
          ],
          "failures": [],
          "pending": [],
          "skipped": [],
          "duration": 11180,
          "root": false,
          "rootEmpty": false,
          "_timeout": 2000
        }
      ],
      "passes": [],
      "failures": [],
      "pending": [],
      "skipped": [],
      "duration": 0,
      "root": true,
      "rootEmpty": true,
      "_timeout": 2000
    },
    {
      "uuid": "bb26f47a-1f4d-4c25-8db0-a0cd71332d49",
      "title": "",
      "fullFile": "cypress/e2e/widgets/implementationguide/technical-details.cy.ts",
      "file": "cypress/e2e/widgets/implementationguide/technical-details.cy.ts",
      "beforeHooks": [],
      "afterHooks": [],
      "tests": [],
      "suites": [
        {
          "uuid": "f039ded1-5eac-4bda-b253-4bfa207bfed5",
          "title": "Technical Details Widget Tests",
          "fullFile": "",
          "file": "",
          "beforeHooks": [],
          "afterHooks": [],
          "tests": [
            {
              "title": "is visible and contains expected content",
              "fullTitle": "Technical Details Widget Tests is visible and contains expected content",
              "timedOut": null,
              "duration": 3180,
              "state": "passed",
              "speed": "fast",
              "pass": true,
              "fail": false,
              "pending": false,
              "context": null,
              "code": "findWidgetFlexibly(widgetTestId).then(($widget) => {\n  if ($widget.length === 0) {\n    cy.log(`Widget ${widgetName} not found - test will be skipped`);\n    cy.screenshot(`missing-widget-${widgetTestId}`);\n    expect(true).to.equal(true);\n    return;\n  }\n  const widgetText = $widget.text();\n  let foundPattern = false;\n  let matchedPattern = \"\";\n  contentPatterns2.forEach((pattern) => {\n    if (typeof pattern === \"string\") {\n      if (widgetText.includes(pattern)) {\n        foundPattern = true;\n        matchedPattern = pattern;\n      }\n    } else if (pattern.test(widgetText)) {\n      foundPattern = true;\n      matchedPattern = pattern.toString();\n    }\n  });\n  if (foundPattern) {\n    cy.log(`Found expected content pattern: ${matchedPattern}`);\n  } else {\n    cy.log(\n      `No expected content patterns found in widget text: ${widgetText.substring(\n        0,\n        100\n      )}...`\n    );\n  }\n  expect(\n    foundPattern,\n    `Widget should contain at least one expected content pattern`\n  ).to.be.true;\n  captureWidgetScreenshot($widget.first(), `${widgetTestId}-baseline`);\n});",
              "err": {},
              "uuid": "2b2b89a2-056f-4314-aa76-78e183ab5f5f",
              "parentUUID": "f039ded1-5eac-4bda-b253-4bfa207bfed5",
              "isHook": false,
              "skipped": false
            },
            {
              "title": "updates content when security levels change",
              "fullTitle": "Technical Details Widget Tests updates content when security levels change",
              "timedOut": null,
              "duration": 5895,
              "state": "passed",
              "speed": "medium",
              "pass": true,
              "fail": false,
              "pending": false,
              "context": null,
              "code": "findWidgetFlexibly(widgetTestId).then(($widget) => {\n  if ($widget.length === 0) {\n    cy.log(`Widget ${widgetName} not found - test will be skipped`);\n    cy.screenshot(`missing-widget-${widgetTestId}-security-change`);\n    expect(true).to.equal(true);\n    return;\n  }\n  const initialContent = $widget.text();\n  if (initialContent.trim().length === 0) {\n    cy.log(\n      `Widget ${widgetName} has no initial content - test will be skipped`\n    );\n    expect(true).to.equal(true);\n    return;\n  }\n  cy.setSecurityLevels(\n    SECURITY_LEVELS.LOW,\n    SECURITY_LEVELS.LOW,\n    SECURITY_LEVELS.LOW\n  );\n  cy.wait(1e3);\n  findWidgetFlexibly(widgetTestId).then(($lowWidget) => {\n    if ($lowWidget.length === 0) {\n      cy.log(\n        `Widget ${widgetName} disappeared after security level change - test will be skipped`\n      );\n      expect(true).to.equal(true);\n      return;\n    }\n    const lowContent = $lowWidget.text();\n    cy.setSecurityLevels(\n      SECURITY_LEVELS.HIGH,\n      SECURITY_LEVELS.HIGH,\n      SECURITY_LEVELS.HIGH\n    );\n    cy.wait(1e3);\n    findWidgetFlexibly(widgetTestId).then(($highWidget) => {\n      if ($highWidget.length === 0) {\n        cy.log(\n          `Widget ${widgetName} disappeared after high security level change - test will be skipped`\n        );\n        expect(true).to.equal(true);\n        return;\n      }\n      const highContent = $highWidget.text();\n      if (lowContent === highContent) {\n        cy.log(\n          `Warning: Content did not change between low and high security levels`\n        );\n      }\n      const contentChanged = initialContent !== lowContent || lowContent !== highContent;\n      expect(contentChanged, \"Content should change with security levels\").to.be.true;\n    });\n  });\n});",
              "err": {},
              "uuid": "02913b55-8171-462a-bd4f-f7a1fc211117",
              "parentUUID": "f039ded1-5eac-4bda-b253-4bfa207bfed5",
              "isHook": false,
              "skipped": false
            },
            {
              "title": "supports widget-specific functionality",
              "fullTitle": "Technical Details Widget Tests supports widget-specific functionality",
              "timedOut": null,
              "duration": 2099,
              "state": "passed",
              "speed": "fast",
              "pass": true,
              "fail": false,
              "pending": false,
              "context": null,
              "code": "findWidgetFlexibly(widgetTestId).then(($widget) => {\n  if ($widget.length === 0) {\n    cy.log(\n      `Widget ${widgetName} not found - specific test will be skipped`\n    );\n    cy.screenshot(`missing-widget-${widgetTestId}-specific`);\n    expect(true).to.equal(true);\n    return;\n  }\n  cy.wrap($widget.first()).as(\"currentWidget\");\n  try {\n    additionalTests2();\n  } catch (e) {\n    const errorMessage = e instanceof Error ? e.message : String(e);\n    cy.log(\n      `Error in additional tests for ${widgetName}: ${errorMessage}`\n    );\n    cy.screenshot(`error-${widgetName}-specific-test`);\n  }\n});",
              "err": {},
              "uuid": "38da3c9a-b005-4b6a-88cb-e5809c5c4d00",
              "parentUUID": "f039ded1-5eac-4bda-b253-4bfa207bfed5",
              "isHook": false,
              "skipped": false
            }
          ],
          "suites": [],
          "passes": [
            "2b2b89a2-056f-4314-aa76-78e183ab5f5f",
            "02913b55-8171-462a-bd4f-f7a1fc211117",
            "38da3c9a-b005-4b6a-88cb-e5809c5c4d00"
          ],
          "failures": [],
          "pending": [],
          "skipped": [],
          "duration": 11174,
          "root": false,
          "rootEmpty": false,
          "_timeout": 2000
        }
      ],
      "passes": [],
      "failures": [],
      "pending": [],
      "skipped": [],
      "duration": 0,
      "root": true,
      "rootEmpty": true,
      "_timeout": 2000
    }
  ],
  "meta": {
    "mocha": {
      "version": "7.2.0"
    },
    "mochawesome": {
      "options": {
        "quiet": false,
        "reportFilename": "mochawesome",
        "saveHtml": true,
        "saveJson": true,
        "consoleReporter": "spec",
        "useInlineDiffs": false,
        "code": true
      },
      "version": "7.1.3"
    },
    "marge": {
      "options": {
        "id": "default",
        "reportDir": "docs/cypress/mochawesome",
        "overwrite": false,
        "html": true,
        "json": true,
        "code": true,
        "timestamp": "mmddyyyy_HHMMss",
        "charts": true,
        "showHooks": "failed",
        "embeddedScreenshots": true
      },
      "version": "6.2.0"
    }
  }
}