{
  "stats": {
    "suites": 17,
    "tests": 71,
    "passes": 71,
    "pending": 0,
    "failures": 0,
    "testsRegistered": 71,
    "passPercent": 100,
    "pendingPercent": 0,
    "other": 0,
    "hasOther": false,
    "skipped": 0,
    "hasSkipped": false,
    "start": "2025-12-16T16:30:41.670Z",
    "end": "2025-12-16T16:33:48.985Z",
    "duration": 187315
  },
  "results": [
    {
      "uuid": "edcd61a3-3f52-423b-8b8b-e3a206364fb8",
      "title": "",
      "fullFile": "cypress/e2e/security-assessment-flow.cy.ts",
      "file": "cypress/e2e/security-assessment-flow.cy.ts",
      "beforeHooks": [],
      "afterHooks": [],
      "tests": [],
      "suites": [
        {
          "uuid": "e1a59d95-0f00-48d9-8cac-a1dae769940b",
          "title": "Security Assessment Flow",
          "fullFile": "",
          "file": "",
          "beforeHooks": [],
          "afterHooks": [],
          "tests": [],
          "suites": [
            {
              "uuid": "d9c4e0c2-539f-4646-bb1d-256a2c39c067",
              "title": "Complete Assessment Workflow",
              "fullFile": "",
              "file": "",
              "beforeHooks": [],
              "afterHooks": [],
              "tests": [
                {
                  "title": "should complete full security assessment from start to finish",
                  "fullTitle": "Security Assessment Flow Complete Assessment Workflow should complete full security assessment from start to finish",
                  "timedOut": null,
                  "duration": 6415,
                  "state": "passed",
                  "speed": "medium",
                  "pass": true,
                  "fail": false,
                  "pending": false,
                  "context": null,
                  "code": "cy.log(\"🎯 Starting complete security assessment workflow\");\n// Step 1: Verify initial application state\ncy.log(\"Step 1: Verifying initial application state\");\ncy.get(\"body\").should(\"be.visible\");\ncy.get(\"select\").should(\"have.length.at.least\", 3);\n// Step 2-4: Configure CIA triad (Availability: Moderate, Integrity: High, Confidentiality: High)\ncy.log(\"Step 2-4: Configuring CIA triad levels\");\ncy.setSecurityLevels(_support_constants__WEBPACK_IMPORTED_MODULE_0__.SECURITY_LEVELS.MODERATE, _support_constants__WEBPACK_IMPORTED_MODULE_0__.SECURITY_LEVELS.HIGH, _support_constants__WEBPACK_IMPORTED_MODULE_0__.SECURITY_LEVELS.HIGH);\n// Verify security level selections\ncy.get(\"select\").eq(0).should(\"have.value\", _support_constants__WEBPACK_IMPORTED_MODULE_0__.SECURITY_LEVELS.MODERATE);\ncy.get(\"select\").eq(1).should(\"have.value\", _support_constants__WEBPACK_IMPORTED_MODULE_0__.SECURITY_LEVELS.HIGH);\ncy.get(\"select\").eq(2).should(\"have.value\", _support_constants__WEBPACK_IMPORTED_MODULE_0__.SECURITY_LEVELS.HIGH);\n// Verify security controls are detected\ncy.log(\"Verifying security controls in page content\");\ncy.get(\"body\").then(($body) => {\n    const text = $body.text().toLowerCase();\n    // Check for various security control indicators\n    const hasSecurityControls = text.includes(\"mfa\") ||\n        text.includes(\"multi-factor\") ||\n        text.includes(\"encryption\") ||\n        text.includes(\"access control\") ||\n        text.includes(\"blockchain\") ||\n        text.includes(\"checksum\") ||\n        text.includes(\"hash\") ||\n        text.includes(\"immutable\") ||\n        text.includes(\"audit\") ||\n        text.includes(\"pilot light\") ||\n        text.includes(\"warm standby\") ||\n        text.includes(\"backup\") ||\n        text.includes(\"recovery\");\n    if (hasSecurityControls) {\n        cy.log(\"✓ Security controls detected in page content\");\n    }\n});\n// Step 5: View cost estimation\ncy.log(\"Step 5: Verifying cost estimation\");\ncy.get(\"body\").then(($body) => {\n    // Look for cost-related elements\n    const costSelectors = [\n        '[data-testid*=\"cost\"]',\n        '[data-testid*=\"capex\"]',\n        '[data-testid*=\"opex\"]',\n        '[class*=\"cost\"]',\n    ].join(\", \");\n    if ($body.find(costSelectors).length > 0) {\n        cy.log(\"✓ Cost estimation widgets found\");\n        // Verify that cost values are present and numeric\n        cy.get(costSelectors)\n            .first()\n            .invoke(\"text\")\n            .then((text) => {\n            // Check for currency symbols or numeric patterns\n            const hasCostValue = text.includes(\"$\") ||\n                text.includes(\"€\") ||\n                text.includes(\"£\") ||\n                /\\d+/.test(text);\n            expect(hasCostValue, \"Cost estimation should contain numeric values\").to.be.true;\n            cy.log(`✓ Cost values detected: ${text.substring(0, 50)}`);\n        });\n    }\n    else {\n        cy.log(\"⚠️ No cost estimation widgets found\");\n    }\n});\n// Step 6: Check compliance status\ncy.log(\"Step 6: Checking compliance status\");\ncy.get(\"body\").then(($body) => {\n    // Look for compliance-related elements\n    const complianceSelectors = [\n        '[data-testid*=\"compliance\"]',\n        '[data-testid*=\"framework\"]',\n        '[class*=\"compliance\"]',\n        '[class*=\"framework\"]',\n    ].join(\", \");\n    if ($body.find(complianceSelectors).length > 0) {\n        cy.log(\"✓ Compliance widgets found\");\n        // Look for common compliance frameworks\n        const text = $body.text();\n        const frameworks = [\"NIST\", \"ISO\", \"GDPR\", \"HIPAA\", \"PCI\"];\n        const foundFrameworks = frameworks.filter((framework) => text.includes(framework));\n        if (foundFrameworks.length > 0) {\n            cy.log(`✓ Found compliance frameworks: ${foundFrameworks.join(\", \")}`);\n        }\n        else {\n            cy.log(\"⚠️ No specific compliance frameworks detected in text\");\n        }\n    }\n    else {\n        cy.log(\"⚠️ No compliance widgets found\");\n    }\n});\n// Step 7: Verify business impact analysis\ncy.log(\"Step 7: Verifying business impact analysis\");\ncy.get(\"body\").then(($body) => {\n    const impactSelectors = [\n        '[data-testid*=\"business-impact\"]',\n        '[data-testid*=\"impact\"]',\n        '[class*=\"business-impact\"]',\n        '[class*=\"impact\"]',\n    ].join(\", \");\n    if ($body.find(impactSelectors).length > 0) {\n        cy.log(\"✓ Business impact analysis widgets found\");\n        // Check for impact-related content\n        const text = $body.text().toLowerCase();\n        const hasImpactContent = text.includes(\"impact\") ||\n            text.includes(\"risk\") ||\n            text.includes(\"business\") ||\n            text.includes(\"financial\") ||\n            text.includes(\"operational\");\n        if (hasImpactContent) {\n            cy.log(\"✓ Business impact content detected\");\n        }\n    }\n    else {\n        cy.log(\"⚠️ No business impact widgets found\");\n    }\n});\n// Step 8: Take final screenshot for documentation\ncy.log(\"Step 8: Capturing final state\");\ncy.screenshot(\"complete-assessment-workflow-final-state\");\ncy.log(\"✅ Complete assessment workflow test passed\");",
                  "err": {},
                  "uuid": "4347e9a3-6a84-41a5-97a5-f97f04283d59",
                  "parentUUID": "d9c4e0c2-539f-4646-bb1d-256a2c39c067",
                  "isHook": false,
                  "skipped": false
                }
              ],
              "suites": [],
              "passes": [
                "4347e9a3-6a84-41a5-97a5-f97f04283d59"
              ],
              "failures": [],
              "pending": [],
              "skipped": [],
              "duration": 6415,
              "root": false,
              "rootEmpty": false,
              "_timeout": 2000
            },
            {
              "uuid": "b66f6727-7224-43f8-9669-7864905ad9f3",
              "title": "CIA Level Selection",
              "fullFile": "",
              "file": "",
              "beforeHooks": [],
              "afterHooks": [],
              "tests": [
                {
                  "title": "should update costs when changing confidentiality level",
                  "fullTitle": "Security Assessment Flow CIA Level Selection should update costs when changing confidentiality level",
                  "timedOut": null,
                  "duration": 1718,
                  "state": "passed",
                  "speed": "fast",
                  "pass": true,
                  "fail": false,
                  "pending": false,
                  "context": null,
                  "code": "cy.log(\"Testing confidentiality level impact on costs\");\n// Set initial low confidentiality\ncy.setSecurityLevels(undefined, undefined, _support_constants__WEBPACK_IMPORTED_MODULE_0__.SECURITY_LEVELS.LOW);\n// Capture initial cost values\ncy.get(\"body\")\n    .invoke(\"text\")\n    .then((initialText) => {\n    cy.log(\"Initial state captured\");\n    // Change to Very High confidentiality\n    cy.setSecurityLevels(undefined, undefined, _support_constants__WEBPACK_IMPORTED_MODULE_0__.SECURITY_LEVELS.VERY_HIGH);\n    // Verify costs changed\n    cy.get(\"body\")\n        .invoke(\"text\")\n        .then((newText) => {\n        // The page content should be different\n        expect(newText).to.not.equal(initialText);\n        cy.log(\"✓ Page content changed after security level update\");\n    });\n});",
                  "err": {},
                  "uuid": "8b366da1-e17b-4bfe-9662-d54936e338f5",
                  "parentUUID": "b66f6727-7224-43f8-9669-7864905ad9f3",
                  "isHook": false,
                  "skipped": false
                },
                {
                  "title": "should display appropriate technical details for each level",
                  "fullTitle": "Security Assessment Flow CIA Level Selection should display appropriate technical details for each level",
                  "timedOut": null,
                  "duration": 1668,
                  "state": "passed",
                  "speed": "fast",
                  "pass": true,
                  "fail": false,
                  "pending": false,
                  "context": null,
                  "code": "cy.log(\"Testing technical details display for each security level\");\n// Test High integrity level\ncy.setSecurityLevels(undefined, _support_constants__WEBPACK_IMPORTED_MODULE_0__.SECURITY_LEVELS.HIGH, undefined);\ncy.get(\"body\").then(($body) => {\n    const text = $body.text().toLowerCase();\n    // High integrity should have technical details about immutability and verification\n    const hasTechnicalDetails = text.includes(\"blockchain\") ||\n        text.includes(\"immutable\") ||\n        text.includes(\"hash\") ||\n        text.includes(\"checksum\") ||\n        text.includes(\"audit\") ||\n        text.includes(\"verification\");\n    if (hasTechnicalDetails) {\n        cy.log(\"✓ Technical details detected for High integrity\");\n    }\n    else {\n        cy.log(\"⚠️ Technical details not clearly visible\");\n    }\n});\n// Test Very High availability level\ncy.setSecurityLevels(_support_constants__WEBPACK_IMPORTED_MODULE_0__.SECURITY_LEVELS.VERY_HIGH, undefined, undefined);\ncy.get(\"body\").then(($body) => {\n    const text = $body.text().toLowerCase();\n    // Very High availability should have technical details about multi-region and hot standby\n    const hasTechnicalDetails = text.includes(\"multi-region\") ||\n        text.includes(\"hot standby\") ||\n        text.includes(\"active-active\") ||\n        text.includes(\"zero downtime\") ||\n        text.includes(\"redundancy\");\n    if (hasTechnicalDetails) {\n        cy.log(\"✓ Technical details detected for Very High availability\");\n    }\n    else {\n        cy.log(\"⚠️ Technical details not clearly visible\");\n    }\n});",
                  "err": {},
                  "uuid": "61ce4c29-6535-4af8-88e4-916686ed9891",
                  "parentUUID": "b66f6727-7224-43f8-9669-7864905ad9f3",
                  "isHook": false,
                  "skipped": false
                },
                {
                  "title": "should validate all CIA level combinations",
                  "fullTitle": "Security Assessment Flow CIA Level Selection should validate all CIA level combinations",
                  "timedOut": null,
                  "duration": 3397,
                  "state": "passed",
                  "speed": "fast",
                  "pass": true,
                  "fail": false,
                  "pending": false,
                  "context": null,
                  "code": "cy.log(\"Testing various CIA level combinations\");\nconst combinations = [\n    {\n        name: \"All Low\",\n        levels: [_support_constants__WEBPACK_IMPORTED_MODULE_0__.SECURITY_LEVELS.LOW, _support_constants__WEBPACK_IMPORTED_MODULE_0__.SECURITY_LEVELS.LOW, _support_constants__WEBPACK_IMPORTED_MODULE_0__.SECURITY_LEVELS.LOW],\n    },\n    {\n        name: \"All Moderate\",\n        levels: [\n            _support_constants__WEBPACK_IMPORTED_MODULE_0__.SECURITY_LEVELS.MODERATE,\n            _support_constants__WEBPACK_IMPORTED_MODULE_0__.SECURITY_LEVELS.MODERATE,\n            _support_constants__WEBPACK_IMPORTED_MODULE_0__.SECURITY_LEVELS.MODERATE,\n        ],\n    },\n    {\n        name: \"Mixed (High C, Moderate I, Low A)\",\n        levels: [_support_constants__WEBPACK_IMPORTED_MODULE_0__.SECURITY_LEVELS.LOW, _support_constants__WEBPACK_IMPORTED_MODULE_0__.SECURITY_LEVELS.MODERATE, _support_constants__WEBPACK_IMPORTED_MODULE_0__.SECURITY_LEVELS.HIGH],\n    },\n];\ncombinations.forEach((combo) => {\n    cy.log(`Testing combination: ${combo.name}`);\n    // Set security levels using custom command (availability, integrity, confidentiality)\n    cy.setSecurityLevels(combo.levels[0], combo.levels[1], combo.levels[2]);\n    // Verify selections are applied correctly\n    cy.get(\"select\").eq(0).should(\"have.value\", combo.levels[0]);\n    cy.get(\"select\").eq(1).should(\"have.value\", combo.levels[1]);\n    cy.get(\"select\").eq(2).should(\"have.value\", combo.levels[2]);\n    // Verify widgets are still present and responsive\n    cy.get(\"[data-testid^='widget-']\").should(\"have.length.at.least\", 1);\n    cy.log(`✓ ${combo.name} combination configured successfully`);\n});",
                  "err": {},
                  "uuid": "eade0fac-bd06-4a30-83e3-cca2bdc780c2",
                  "parentUUID": "b66f6727-7224-43f8-9669-7864905ad9f3",
                  "isHook": false,
                  "skipped": false
                }
              ],
              "suites": [],
              "passes": [
                "8b366da1-e17b-4bfe-9662-d54936e338f5",
                "61ce4c29-6535-4af8-88e4-916686ed9891",
                "eade0fac-bd06-4a30-83e3-cca2bdc780c2"
              ],
              "failures": [],
              "pending": [],
              "skipped": [],
              "duration": 6783,
              "root": false,
              "rootEmpty": false,
              "_timeout": 2000
            },
            {
              "uuid": "b9572d68-0b06-400c-9fca-246a7468752f",
              "title": "Framework Compliance Mapping",
              "fullFile": "",
              "file": "",
              "beforeHooks": [],
              "afterHooks": [],
              "tests": [
                {
                  "title": "should show compliance status for all supported frameworks",
                  "fullTitle": "Security Assessment Flow Framework Compliance Mapping should show compliance status for all supported frameworks",
                  "timedOut": null,
                  "duration": 1442,
                  "state": "passed",
                  "speed": "fast",
                  "pass": true,
                  "fail": false,
                  "pending": false,
                  "context": null,
                  "code": "cy.log(\"Testing framework compliance mapping\");\n// Set high security levels to maximize compliance\ncy.setSecurityLevels(_support_constants__WEBPACK_IMPORTED_MODULE_0__.SECURITY_LEVELS.HIGH, _support_constants__WEBPACK_IMPORTED_MODULE_0__.SECURITY_LEVELS.HIGH, _support_constants__WEBPACK_IMPORTED_MODULE_0__.SECURITY_LEVELS.HIGH);\n// Look for compliance framework information\ncy.get(\"body\").then(($body) => {\n    const text = $body.text();\n    const commonFrameworks = [\n        \"NIST\",\n        \"ISO\",\n        \"GDPR\",\n        \"HIPAA\",\n        \"PCI\",\n        \"SOC\",\n        \"FedRAMP\",\n    ];\n    const foundFrameworks = commonFrameworks.filter((framework) => text.includes(framework));\n    cy.log(`Found ${foundFrameworks.length} compliance frameworks`);\n    if (foundFrameworks.length > 0) {\n        cy.log(`✓ Compliance frameworks detected: ${foundFrameworks.join(\", \")}`);\n        expect(foundFrameworks.length).to.be.at.least(1, \"Should display at least one compliance framework\");\n    }\n    else {\n        cy.log(\"⚠️ No standard compliance frameworks explicitly detected\");\n    }\n});",
                  "err": {},
                  "uuid": "36757dfa-6f48-4ae0-a1a2-0e64883a3c5d",
                  "parentUUID": "b9572d68-0b06-400c-9fca-246a7468752f",
                  "isHook": false,
                  "skipped": false
                },
                {
                  "title": "should display framework-specific controls and requirements",
                  "fullTitle": "Security Assessment Flow Framework Compliance Mapping should display framework-specific controls and requirements",
                  "timedOut": null,
                  "duration": 1348,
                  "state": "passed",
                  "speed": "fast",
                  "pass": true,
                  "fail": false,
                  "pending": false,
                  "context": null,
                  "code": "cy.log(\"Testing framework-specific control display\");\n// Set high security configuration\ncy.setSecurityLevels(_support_constants__WEBPACK_IMPORTED_MODULE_0__.SECURITY_LEVELS.HIGH, _support_constants__WEBPACK_IMPORTED_MODULE_0__.SECURITY_LEVELS.HIGH, _support_constants__WEBPACK_IMPORTED_MODULE_0__.SECURITY_LEVELS.HIGH);\n// Look for control-related content\ncy.get(\"body\").then(($body) => {\n    const text = $body.text().toLowerCase();\n    // Check for common control terminology\n    const controlTerms = [\n        \"control\",\n        \"requirement\",\n        \"standard\",\n        \"compliant\",\n        \"compliance\",\n        \"policy\",\n        \"procedure\",\n    ];\n    const foundTerms = controlTerms.filter((term) => text.includes(term));\n    if (foundTerms.length >= 2) {\n        cy.log(`✓ Control-related content found: ${foundTerms.join(\", \")}`);\n    }\n    else {\n        cy.log(\"⚠️ Limited control-related content detected\");\n    }\n});",
                  "err": {},
                  "uuid": "0f38c1c0-bcde-4906-b594-d16272fda085",
                  "parentUUID": "b9572d68-0b06-400c-9fca-246a7468752f",
                  "isHook": false,
                  "skipped": false
                }
              ],
              "suites": [],
              "passes": [
                "36757dfa-6f48-4ae0-a1a2-0e64883a3c5d",
                "0f38c1c0-bcde-4906-b594-d16272fda085"
              ],
              "failures": [],
              "pending": [],
              "skipped": [],
              "duration": 2790,
              "root": false,
              "rootEmpty": false,
              "_timeout": 2000
            },
            {
              "uuid": "fdd8bc6b-dc2f-4a81-bd06-30f4043bbeb4",
              "title": "Error Handling",
              "fullFile": "",
              "file": "",
              "beforeHooks": [],
              "afterHooks": [],
              "tests": [
                {
                  "title": "should handle invalid level selections gracefully",
                  "fullTitle": "Security Assessment Flow Error Handling should handle invalid level selections gracefully",
                  "timedOut": null,
                  "duration": 1011,
                  "state": "passed",
                  "speed": "fast",
                  "pass": true,
                  "fail": false,
                  "pending": false,
                  "context": null,
                  "code": "cy.log(\"Testing error handling for invalid selections\");\n// Try to set invalid localStorage data\ncy.window().then((win) => {\n    win.localStorage.setItem(\"security-config\", \"invalid-json\");\n    cy.log(\"Set invalid localStorage data\");\n});\n// Reload page\ncy.reload();\ncy.ensureAppLoaded();\n// Application should still load\ncy.get(\"body\").should(\"exist\").and(\"be.visible\");\ncy.get(\"select\").should(\"have.length.at.least\", 3);\ncy.log(\"✓ Application recovered from invalid localStorage data\");\n// Clear invalid data\ncy.window().then((win) => {\n    win.localStorage.removeItem(\"security-config\");\n});",
                  "err": {},
                  "uuid": "9cb83944-1006-481e-9208-9832fed2359d",
                  "parentUUID": "fdd8bc6b-dc2f-4a81-bd06-30f4043bbeb4",
                  "isHook": false,
                  "skipped": false
                },
                {
                  "title": "should handle rapid level changes without errors",
                  "fullTitle": "Security Assessment Flow Error Handling should handle rapid level changes without errors",
                  "timedOut": null,
                  "duration": 3124,
                  "state": "passed",
                  "speed": "fast",
                  "pass": true,
                  "fail": false,
                  "pending": false,
                  "context": null,
                  "code": "cy.log(\"Testing rapid security level changes\");\n// Monitor console errors\ncy.window().then((win) => {\n    win.consoleErrors = [];\n    const originalError = win.console.error;\n    win.console.error = (...args) => {\n        win.consoleErrors.push(args.join(\" \"));\n        originalError.apply(win.console, args);\n    };\n});\n// Rapidly change security levels using custom command\ncy.setSecurityLevels(_support_constants__WEBPACK_IMPORTED_MODULE_0__.SECURITY_LEVELS.HIGH, _support_constants__WEBPACK_IMPORTED_MODULE_0__.SECURITY_LEVELS.HIGH, _support_constants__WEBPACK_IMPORTED_MODULE_0__.SECURITY_LEVELS.HIGH);\ncy.setSecurityLevels(_support_constants__WEBPACK_IMPORTED_MODULE_0__.SECURITY_LEVELS.LOW, _support_constants__WEBPACK_IMPORTED_MODULE_0__.SECURITY_LEVELS.LOW, _support_constants__WEBPACK_IMPORTED_MODULE_0__.SECURITY_LEVELS.LOW);\ncy.setSecurityLevels(_support_constants__WEBPACK_IMPORTED_MODULE_0__.SECURITY_LEVELS.MODERATE, _support_constants__WEBPACK_IMPORTED_MODULE_0__.SECURITY_LEVELS.MODERATE, _support_constants__WEBPACK_IMPORTED_MODULE_0__.SECURITY_LEVELS.MODERATE);\n// Check for critical console errors\ncy.window().then((win) => {\n    const criticalErrors = win.consoleErrors.filter((msg) => msg.includes(\"undefined\") ||\n        msg.includes(\"TypeError\") ||\n        msg.includes(\"ReferenceError\"));\n    expect(criticalErrors.length, \"No critical errors during rapid changes\").to.equal(0);\n    if (criticalErrors.length === 0) {\n        cy.log(\"✓ No critical errors during rapid security level changes\");\n    }\n});",
                  "err": {},
                  "uuid": "819b3d72-ce19-4f87-b08b-247774c1677f",
                  "parentUUID": "fdd8bc6b-dc2f-4a81-bd06-30f4043bbeb4",
                  "isHook": false,
                  "skipped": false
                },
                {
                  "title": "should display user-friendly messages for edge cases",
                  "fullTitle": "Security Assessment Flow Error Handling should display user-friendly messages for edge cases",
                  "timedOut": null,
                  "duration": 1342,
                  "state": "passed",
                  "speed": "fast",
                  "pass": true,
                  "fail": false,
                  "pending": false,
                  "context": null,
                  "code": "cy.log(\"Testing edge case handling\");\n// Test with all None/lowest levels\ncy.get(\"select\").then(($selects) => {\n    // Check if \"None\" is an option, otherwise use \"Low\"\n    const firstSelect = $selects.eq(0);\n    const hasNoneOption = firstSelect.find('option[value=\"None\"]').length > 0;\n    const lowestLevel = hasNoneOption ? \"None\" : _support_constants__WEBPACK_IMPORTED_MODULE_0__.SECURITY_LEVELS.LOW;\n    // Use custom command to set lowest levels\n    cy.setSecurityLevels(lowestLevel, lowestLevel, lowestLevel);\n    // Application should still function with lowest security levels\n    cy.get(\"body\").should(\"be.visible\");\n    cy.get(\"select\").should(\"have.length.at.least\", 3);\n    cy.log(`✓ Application handles ${lowestLevel} security levels gracefully`);\n});",
                  "err": {},
                  "uuid": "d865ca87-f5aa-44df-a683-0a888ebd0d74",
                  "parentUUID": "fdd8bc6b-dc2f-4a81-bd06-30f4043bbeb4",
                  "isHook": false,
                  "skipped": false
                }
              ],
              "suites": [],
              "passes": [
                "9cb83944-1006-481e-9208-9832fed2359d",
                "819b3d72-ce19-4f87-b08b-247774c1677f",
                "d865ca87-f5aa-44df-a683-0a888ebd0d74"
              ],
              "failures": [],
              "pending": [],
              "skipped": [],
              "duration": 5477,
              "root": false,
              "rootEmpty": false,
              "_timeout": 2000
            },
            {
              "uuid": "d5de7f70-cd65-4d54-b3db-b97c31198580",
              "title": "Accessibility",
              "fullFile": "",
              "file": "",
              "beforeHooks": [],
              "afterHooks": [],
              "tests": [
                {
                  "title": "should be keyboard navigable",
                  "fullTitle": "Security Assessment Flow Accessibility should be keyboard navigable",
                  "timedOut": null,
                  "duration": 686,
                  "state": "passed",
                  "speed": "fast",
                  "pass": true,
                  "fail": false,
                  "pending": false,
                  "context": null,
                  "code": "cy.log(\"Testing keyboard navigation\");\n// Test that all selects can receive focus\ncy.get(\"select\").eq(0).focus();\ncy.focused().should(\"match\", \"select\");\ncy.log(\"✓ First select is focusable\");\ncy.get(\"select\").eq(1).focus();\ncy.focused().should(\"match\", \"select\");\ncy.log(\"✓ Second select is focusable\");\ncy.get(\"select\").eq(2).focus();\ncy.focused().should(\"match\", \"select\");\ncy.log(\"✓ Third select is focusable\");\n// Test that selects can be changed with keyboard\ncy.get(\"select\").eq(0).invoke(\"val\").then((initialValue) => {\n    cy.get(\"select\").eq(0).focus().type(\"{downarrow}{enter}\");\n    cy.get(\"select\").eq(0).invoke(\"val\").then((newValue) => {\n        // Value should have changed after keyboard interaction\n        if (newValue !== initialValue) {\n            cy.log(\"✓ Select value changed with keyboard interaction\");\n        }\n    });\n});\ncy.log(\"✓ Security level selects are keyboard navigable\");",
                  "err": {},
                  "uuid": "c5f46b1c-5e89-4679-94c8-196d6a6e7272",
                  "parentUUID": "d5de7f70-cd65-4d54-b3db-b97c31198580",
                  "isHook": false,
                  "skipped": false
                },
                {
                  "title": "should have proper ARIA labels and semantic HTML",
                  "fullTitle": "Security Assessment Flow Accessibility should have proper ARIA labels and semantic HTML",
                  "timedOut": null,
                  "duration": 541,
                  "state": "passed",
                  "speed": "fast",
                  "pass": true,
                  "fail": false,
                  "pending": false,
                  "context": null,
                  "code": "cy.log(\"Testing ARIA labels and semantic HTML\");\n// Check that selects have labels or aria-labels\ncy.get(\"select\").each(($select) => {\n    const id = $select.attr(\"id\");\n    const ariaLabel = $select.attr(\"aria-label\");\n    const ariaLabelledBy = $select.attr(\"aria-labelledby\");\n    // Check if select has an associated label\n    let hasLabel = false;\n    if (id) {\n        cy.get(`label[for=\"${id}\"]`).then(($labels) => {\n            hasLabel = $labels.length > 0;\n        });\n    }\n    const hasAccessibilityLabel = !!(ariaLabel || ariaLabelledBy || hasLabel);\n    if (hasAccessibilityLabel) {\n        cy.log(\"✓ Select has accessibility label\");\n    }\n});",
                  "err": {},
                  "uuid": "8e1057cc-414f-46be-9c22-2afcc2e6967e",
                  "parentUUID": "d5de7f70-cd65-4d54-b3db-b97c31198580",
                  "isHook": false,
                  "skipped": false
                },
                {
                  "title": "should provide clear visual focus indicators",
                  "fullTitle": "Security Assessment Flow Accessibility should provide clear visual focus indicators",
                  "timedOut": null,
                  "duration": 520,
                  "state": "passed",
                  "speed": "fast",
                  "pass": true,
                  "fail": false,
                  "pending": false,
                  "context": null,
                  "code": "cy.log(\"Testing visual focus indicators\");\n// Focus on a select and check it's visually distinguishable\ncy.get(\"select\").eq(0).focus();\ncy.focused().then(($focused) => {\n    const focusedElement = $focused[0];\n    const computedStyle = window.getComputedStyle(focusedElement);\n    // Check for outline or other focus indicators\n    const hasOutline = computedStyle.outline !== \"none\" && computedStyle.outline !== \"\";\n    const hasBoxShadow = computedStyle.boxShadow !== \"none\" && computedStyle.boxShadow !== \"\";\n    const hasBorder = computedStyle.border !== \"none\" && computedStyle.border !== \"\";\n    const hasFocusIndicator = hasOutline || hasBoxShadow || hasBorder;\n    if (hasFocusIndicator) {\n        cy.log(\"✓ Focus indicator detected\");\n    }\n    else {\n        cy.log(\"⚠️ Focus indicator may need improvement\");\n    }\n});",
                  "err": {},
                  "uuid": "c0679dcd-d101-4fff-9067-88169932b723",
                  "parentUUID": "d5de7f70-cd65-4d54-b3db-b97c31198580",
                  "isHook": false,
                  "skipped": false
                }
              ],
              "suites": [],
              "passes": [
                "c5f46b1c-5e89-4679-94c8-196d6a6e7272",
                "8e1057cc-414f-46be-9c22-2afcc2e6967e",
                "c0679dcd-d101-4fff-9067-88169932b723"
              ],
              "failures": [],
              "pending": [],
              "skipped": [],
              "duration": 1747,
              "root": false,
              "rootEmpty": false,
              "_timeout": 2000
            },
            {
              "uuid": "798ada5f-2524-404a-91b6-9bae97e9e1eb",
              "title": "Business Impact Analysis",
              "fullFile": "",
              "file": "",
              "beforeHooks": [],
              "afterHooks": [],
              "tests": [
                {
                  "title": "should calculate and display business impact for different security levels",
                  "fullTitle": "Security Assessment Flow Business Impact Analysis should calculate and display business impact for different security levels",
                  "timedOut": null,
                  "duration": 9261,
                  "state": "passed",
                  "speed": "medium",
                  "pass": true,
                  "fail": false,
                  "pending": false,
                  "context": null,
                  "code": "cy.log(\"Testing business impact calculations\");\nconst scenarios = [\n    {\n        name: \"Low Security Impact\",\n        levels: [_support_constants__WEBPACK_IMPORTED_MODULE_0__.SECURITY_LEVELS.LOW, _support_constants__WEBPACK_IMPORTED_MODULE_0__.SECURITY_LEVELS.LOW, _support_constants__WEBPACK_IMPORTED_MODULE_0__.SECURITY_LEVELS.LOW],\n    },\n    {\n        name: \"High Security Impact\",\n        levels: [_support_constants__WEBPACK_IMPORTED_MODULE_0__.SECURITY_LEVELS.HIGH, _support_constants__WEBPACK_IMPORTED_MODULE_0__.SECURITY_LEVELS.HIGH, _support_constants__WEBPACK_IMPORTED_MODULE_0__.SECURITY_LEVELS.HIGH],\n    },\n];\nscenarios.forEach((scenario) => {\n    cy.log(`Testing ${scenario.name}`);\n    // Set security levels using custom command\n    cy.setSecurityLevels(scenario.levels[0], scenario.levels[1], scenario.levels[2]);\n    // Look for business impact content\n    cy.get(\"body\").then(($body) => {\n        const text = $body.text().toLowerCase();\n        const impactTerms = [\n            \"impact\",\n            \"risk\",\n            \"business\",\n            \"financial\",\n            \"operational\",\n            \"reputational\",\n            \"cost\",\n        ];\n        const foundTerms = impactTerms.filter((term) => text.includes(term));\n        if (foundTerms.length >= 2) {\n            cy.log(`✓ Business impact analysis displayed for ${scenario.name}`);\n        }\n    });\n    // Take screenshot for documentation\n    cy.screenshot(`business-impact-${scenario.name.toLowerCase().replace(/\\s+/g, \"-\")}`);\n});",
                  "err": {},
                  "uuid": "39b0065f-8923-409e-b5ef-e064aee99c56",
                  "parentUUID": "798ada5f-2524-404a-91b6-9bae97e9e1eb",
                  "isHook": false,
                  "skipped": false
                }
              ],
              "suites": [],
              "passes": [
                "39b0065f-8923-409e-b5ef-e064aee99c56"
              ],
              "failures": [],
              "pending": [],
              "skipped": [],
              "duration": 9261,
              "root": false,
              "rootEmpty": false,
              "_timeout": 2000
            },
            {
              "uuid": "a83ed740-d516-40c0-9876-63b6496c680b",
              "title": "Data Persistence",
              "fullFile": "",
              "file": "",
              "beforeHooks": [],
              "afterHooks": [],
              "tests": [
                {
                  "title": "should persist security level selections across page reloads",
                  "fullTitle": "Security Assessment Flow Data Persistence should persist security level selections across page reloads",
                  "timedOut": null,
                  "duration": 1797,
                  "state": "passed",
                  "speed": "fast",
                  "pass": true,
                  "fail": false,
                  "pending": false,
                  "context": null,
                  "code": "cy.log(\"Testing security level persistence\");\n// Set specific security levels\ncy.setSecurityLevels(_support_constants__WEBPACK_IMPORTED_MODULE_0__.SECURITY_LEVELS.MODERATE, _support_constants__WEBPACK_IMPORTED_MODULE_0__.SECURITY_LEVELS.HIGH, _support_constants__WEBPACK_IMPORTED_MODULE_0__.SECURITY_LEVELS.LOW);\n// Reload page\ncy.reload();\ncy.ensureAppLoaded();\n// Verify selections are preserved (if app implements persistence)\ncy.get(\"select\").then(($selects) => {\n    const availability = $selects.eq(0).val();\n    const integrity = $selects.eq(1).val();\n    const confidentiality = $selects.eq(2).val();\n    // Log current values\n    cy.log(`After reload - A: ${availability}, I: ${integrity}, C: ${confidentiality}`);\n    // Note: Persistence behavior depends on app implementation\n    // This test documents the current behavior\n    cy.log(\"✓ Security level state documented after reload\");\n});",
                  "err": {},
                  "uuid": "5732471d-923b-4818-b266-24b9f3af28a5",
                  "parentUUID": "a83ed740-d516-40c0-9876-63b6496c680b",
                  "isHook": false,
                  "skipped": false
                }
              ],
              "suites": [],
              "passes": [
                "5732471d-923b-4818-b266-24b9f3af28a5"
              ],
              "failures": [],
              "pending": [],
              "skipped": [],
              "duration": 1797,
              "root": false,
              "rootEmpty": false,
              "_timeout": 2000
            },
            {
              "uuid": "d5d94469-32f6-4cd6-9067-1fcf74706ad9",
              "title": "Widget Integration",
              "fullFile": "",
              "file": "",
              "beforeHooks": [],
              "afterHooks": [],
              "tests": [
                {
                  "title": "should ensure all widgets respond to security level changes",
                  "fullTitle": "Security Assessment Flow Widget Integration should ensure all widgets respond to security level changes",
                  "timedOut": null,
                  "duration": 1317,
                  "state": "passed",
                  "speed": "fast",
                  "pass": true,
                  "fail": false,
                  "pending": false,
                  "context": null,
                  "code": "cy.log(\"Testing widget integration and responsiveness\");\n// Count initial widgets\ncy.get(\"[data-testid^='widget-']\").then(($initialWidgets) => {\n    const initialCount = $initialWidgets.length;\n    cy.log(`Initial widget count: ${initialCount}`);\n    // Change security levels using custom command\n    cy.setSecurityLevels(_support_constants__WEBPACK_IMPORTED_MODULE_0__.SECURITY_LEVELS.HIGH, _support_constants__WEBPACK_IMPORTED_MODULE_0__.SECURITY_LEVELS.HIGH, _support_constants__WEBPACK_IMPORTED_MODULE_0__.SECURITY_LEVELS.HIGH);\n    // Verify widgets still present and responsive\n    cy.get(\"[data-testid^='widget-']\").then(($updatedWidgets) => {\n        const updatedCount = $updatedWidgets.length;\n        cy.log(`Updated widget count: ${updatedCount}`);\n        // Widget count should remain stable\n        expect(updatedCount).to.be.at.least(Math.max(1, initialCount - 1), \"Widget count should remain stable during security level changes\");\n        cy.log(\"✓ All widgets remained responsive to security level changes\");\n    });\n});",
                  "err": {},
                  "uuid": "f391dfa5-df37-4967-a6a3-60b8660cd672",
                  "parentUUID": "d5d94469-32f6-4cd6-9067-1fcf74706ad9",
                  "isHook": false,
                  "skipped": false
                }
              ],
              "suites": [],
              "passes": [
                "f391dfa5-df37-4967-a6a3-60b8660cd672"
              ],
              "failures": [],
              "pending": [],
              "skipped": [],
              "duration": 1317,
              "root": false,
              "rootEmpty": false,
              "_timeout": 2000
            }
          ],
          "passes": [],
          "failures": [],
          "pending": [],
          "skipped": [],
          "duration": 0,
          "root": false,
          "rootEmpty": false,
          "_timeout": 2000
        }
      ],
      "passes": [],
      "failures": [],
      "pending": [],
      "skipped": [],
      "duration": 0,
      "root": true,
      "rootEmpty": true,
      "_timeout": 2000
    },
    {
      "uuid": "3cccdeba-968a-4f5e-8678-45700440b316",
      "title": "",
      "fullFile": "cypress/e2e/business-outcomes/compliance-validation.cy.ts",
      "file": "cypress/e2e/business-outcomes/compliance-validation.cy.ts",
      "beforeHooks": [],
      "afterHooks": [],
      "tests": [],
      "suites": [
        {
          "uuid": "5ec3daca-6084-46ec-92f9-e613a6e24f8c",
          "title": "Compliance Status Validation",
          "fullFile": "",
          "file": "",
          "beforeHooks": [],
          "afterHooks": [],
          "tests": [
            {
              "title": "accurately reflects compliance status based on security levels",
              "fullTitle": "Compliance Status Validation accurately reflects compliance status based on security levels",
              "timedOut": null,
              "duration": 10938,
              "state": "passed",
              "speed": "slow",
              "pass": true,
              "fail": false,
              "pending": false,
              "context": null,
              "code": "// Reduced to 2 critical scenarios (low and high) - moderate is covered by beforeEach in other tests\nconst complianceScenarios = [\n    {\n        levels: [_support_constants__WEBPACK_IMPORTED_MODULE_0__.SECURITY_LEVELS.LOW, _support_constants__WEBPACK_IMPORTED_MODULE_0__.SECURITY_LEVELS.LOW, _support_constants__WEBPACK_IMPORTED_MODULE_0__.SECURITY_LEVELS.LOW],\n        expectedTextPatterns: [\n            /minimal|basic|non-compliant|low|partial|warning|caution/i,\n            /compliance|status|level|security/i,\n        ],\n        name: \"low-security\",\n    },\n    {\n        levels: [\n            _support_constants__WEBPACK_IMPORTED_MODULE_0__.SECURITY_LEVELS.HIGH,\n            _support_constants__WEBPACK_IMPORTED_MODULE_0__.SECURITY_LEVELS.HIGH,\n            _support_constants__WEBPACK_IMPORTED_MODULE_0__.SECURITY_LEVELS.HIGH,\n        ],\n        expectedTextPatterns: [\n            /compliant|meets requirements|high|full|complete|standard|advanced/i,\n            /compliance|status|framework|requirement/i,\n        ],\n        name: \"high-security\",\n    },\n];\n// Test each scenario with better error handling\ncomplianceScenarios.forEach((scenario, index) => {\n    cy.log(`Testing compliance scenario ${index + 1}: ${scenario.name}`);\n    // More reliable way to set security levels\n    cy.setSecurityLevels(...scenario.levels);\n    cy.wait(500); // Reduced wait time\n    // Take screenshot for debugging (only 2 screenshots now instead of 6)\n    cy.screenshot(`compliance-scenario-${scenario.name}`);\n    // Search for compliance information using multiple strategies\n    cy.get(\"body\").then(($body) => {\n        const bodyText = $body.text();\n        // Check if all expected text patterns appear somewhere on the page\n        const allPatternsFound = scenario.expectedTextPatterns.every((pattern) => pattern.test(bodyText));\n        if (allPatternsFound) {\n            cy.log(`✓ Found all expected compliance patterns for ${scenario.name}`);\n        }\n        else {\n            // Log which patterns were not found\n            scenario.expectedTextPatterns.forEach((pattern) => {\n                if (!pattern.test(bodyText)) {\n                    cy.log(`⚠️ Could not find pattern: ${pattern} for ${scenario.name}`);\n                }\n            });\n        }\n    });\n});",
              "err": {},
              "uuid": "d4e0975b-ea9a-4ecb-80c0-758fa4e431c6",
              "parentUUID": "5ec3daca-6084-46ec-92f9-e613a6e24f8c",
              "isHook": false,
              "skipped": false
            },
            {
              "title": "verifies compliance framework details visibility",
              "fullTitle": "Compliance Status Validation verifies compliance framework details visibility",
              "timedOut": null,
              "duration": 1979,
              "state": "passed",
              "speed": "fast",
              "pass": true,
              "fail": false,
              "pending": false,
              "context": null,
              "code": "// Set high security to maximize framework visibility\ncy.setSecurityLevels(_support_constants__WEBPACK_IMPORTED_MODULE_0__.SECURITY_LEVELS.HIGH, _support_constants__WEBPACK_IMPORTED_MODULE_0__.SECURITY_LEVELS.HIGH, _support_constants__WEBPACK_IMPORTED_MODULE_0__.SECURITY_LEVELS.HIGH);\ncy.wait(500); // Reduced wait time\n// Look for compliance-related elements using multiple selectors\nconst complianceSelectors = [\n    '[data-testid*=\"compliance\"]',\n    '[class*=\"compliance\"]',\n    '[data-testid*=\"framework\"]',\n    '[class*=\"framework\"]',\n].join(\", \");\n// Try to find compliance elements\ncy.get(\"body\").then(($body) => {\n    if ($body.find(complianceSelectors).length > 0) {\n        cy.get(complianceSelectors).first().scrollIntoView();\n        // Try to find clickable items\n        const clickableSelectors = [\n            '[data-testid*=\"framework\"] button',\n            '[data-testid*=\"framework\"] a',\n            '[class*=\"framework\"] button',\n            '[class*=\"framework\"] a',\n            'li[class*=\"framework\"]',\n            'li[data-testid*=\"framework\"]',\n        ].join(\", \");\n        if ($body.find(clickableSelectors).length > 0) {\n            cy.get(clickableSelectors).first().click({ force: true });\n            cy.wait(300); // Reduced wait time\n            cy.log(\"✓ Successfully clicked on framework item\");\n        }\n        else {\n            cy.log(\"⚠️ No clickable framework items found\");\n        }\n    }\n    else {\n        cy.log(\"⚠️ No compliance elements found\");\n    }\n});",
              "err": {},
              "uuid": "bed5f959-ef76-486b-a40c-24b6841cddc9",
              "parentUUID": "5ec3daca-6084-46ec-92f9-e613a6e24f8c",
              "isHook": false,
              "skipped": false
            },
            {
              "title": "shows appropriate compliance frameworks based on security levels",
              "fullTitle": "Compliance Status Validation shows appropriate compliance frameworks based on security levels",
              "timedOut": null,
              "duration": 2336,
              "state": "passed",
              "speed": "fast",
              "pass": true,
              "fail": false,
              "pending": false,
              "context": null,
              "code": "// Set high security to see maximum frameworks\ncy.setSecurityLevels(_support_constants__WEBPACK_IMPORTED_MODULE_0__.SECURITY_LEVELS.HIGH, _support_constants__WEBPACK_IMPORTED_MODULE_0__.SECURITY_LEVELS.HIGH, _support_constants__WEBPACK_IMPORTED_MODULE_0__.SECURITY_LEVELS.HIGH);\ncy.wait(1000);\n// Look for compliance frameworks section\ncy.get(\"body\").then(($body) => {\n    // Define a regex pattern to identify framework elements\n    const frameworkPattern = /([A-Z0-9]+\\s*[A-Z0-9]*\\s*[0-9-]*)/g;\n    // Extract frameworks from the DOM text\n    const bodyText = $body.text();\n    const possibleFrameworks = bodyText.match(frameworkPattern) || [];\n    // Filter to likely frameworks\n    const frameworks = possibleFrameworks.filter((f) => /^[A-Z0-9]{2,}/.test(f) && !f.includes(\"CIA\") && f.length > 2);\n    // Fix the spread argument error by using properly typed arguments\n    const logMessage = `Found ${frameworks.length} compliance frameworks`;\n    cy.log(logMessage);\n    // Use typed array for log args\n    const typedLogArgs = [\n        `Frameworks: ${frameworks.join(\", \")}`,\n    ];\n    cy.log(...typedLogArgs);\n    // Verify we found some frameworks\n    expect(frameworks.length).to.be.greaterThan(0);\n});",
              "err": {},
              "uuid": "501eddad-c9fd-4c64-8ef4-dc12e32dbd33",
              "parentUUID": "5ec3daca-6084-46ec-92f9-e613a6e24f8c",
              "isHook": false,
              "skipped": false
            }
          ],
          "suites": [],
          "passes": [
            "d4e0975b-ea9a-4ecb-80c0-758fa4e431c6",
            "bed5f959-ef76-486b-a40c-24b6841cddc9",
            "501eddad-c9fd-4c64-8ef4-dc12e32dbd33"
          ],
          "failures": [],
          "pending": [],
          "skipped": [],
          "duration": 15253,
          "root": false,
          "rootEmpty": false,
          "_timeout": 2000
        }
      ],
      "passes": [],
      "failures": [],
      "pending": [],
      "skipped": [],
      "duration": 0,
      "root": true,
      "rootEmpty": true,
      "_timeout": 2000
    },
    {
      "uuid": "cb0eeaa6-2f85-4f15-aa0f-2c625c657570",
      "title": "",
      "fullFile": "cypress/e2e/screenshots/widget-screenshots.cy.ts",
      "file": "cypress/e2e/screenshots/widget-screenshots.cy.ts",
      "beforeHooks": [],
      "afterHooks": [],
      "tests": [],
      "suites": [
        {
          "uuid": "0c7da9e0-5216-4137-ae20-cd41855a17bb",
          "title": "Widget UI/UX Screenshots",
          "fullFile": "",
          "file": "",
          "beforeHooks": [],
          "afterHooks": [],
          "tests": [
            {
              "title": "captures full dashboard grid in light mode only",
              "fullTitle": "Widget UI/UX Screenshots captures full dashboard grid in light mode only",
              "timedOut": null,
              "duration": 1394,
              "state": "passed",
              "speed": "fast",
              "pass": true,
              "fail": false,
              "pending": false,
              "context": null,
              "code": "// Set wider viewport to ensure all columns are visible\ncy.viewport(2400, 1200);\n// Ensure grid layout is properly displayed\ncy.get('[data-testid=\"dashboard-grid\"]').should(\"be.visible\");\n// Capture only light mode to reduce test time by 50%\ncy.screenshot(\"dashboard-grid-light\", { capture: \"viewport\" });",
              "err": {},
              "uuid": "86381f78-9a8b-4c66-889b-1554bb90eed4",
              "parentUUID": "0c7da9e0-5216-4137-ae20-cd41855a17bb",
              "isHook": false,
              "skipped": false
            },
            {
              "title": "captures essential widgets in light theme only",
              "fullTitle": "Widget UI/UX Screenshots captures essential widgets in light theme only",
              "timedOut": null,
              "duration": 1169,
              "state": "passed",
              "speed": "fast",
              "pass": true,
              "fail": false,
              "pending": false,
              "context": null,
              "code": "// Capture only light theme to reduce test time - dark theme can be tested separately if needed\nessentialWidgets.forEach((widgetName) => {\n    cy.log(`Capturing widget: ${widgetName}`);\n    // Simplified capture - just take a single screenshot\n    cy.findWidget(widgetName).then(($widget) => {\n        if ($widget.length > 0) {\n            cy.wrap($widget.first()).screenshot(`widget-${widgetName}-light`, {\n                overwrite: true,\n            });\n        }\n    });\n});",
              "err": {},
              "uuid": "87102989-7319-4b33-9bc9-b46e2dd124ef",
              "parentUUID": "0c7da9e0-5216-4137-ae20-cd41855a17bb",
              "isHook": false,
              "skipped": false
            }
          ],
          "suites": [],
          "passes": [
            "86381f78-9a8b-4c66-889b-1554bb90eed4",
            "87102989-7319-4b33-9bc9-b46e2dd124ef"
          ],
          "failures": [],
          "pending": [],
          "skipped": [],
          "duration": 2563,
          "root": false,
          "rootEmpty": false,
          "_timeout": 2000
        }
      ],
      "passes": [],
      "failures": [],
      "pending": [],
      "skipped": [],
      "duration": 0,
      "root": true,
      "rootEmpty": true,
      "_timeout": 2000
    },
    {
      "uuid": "1fc097b0-0b0d-4675-9d71-0d711c64ab2a",
      "title": "",
      "fullFile": "cypress/e2e/security/security-headers.cy.ts",
      "file": "cypress/e2e/security/security-headers.cy.ts",
      "beforeHooks": [],
      "afterHooks": [],
      "tests": [],
      "suites": [
        {
          "uuid": "1195d5f4-ef57-4687-83ff-1bd0be6d432b",
          "title": "Security Headers",
          "fullFile": "",
          "file": "",
          "beforeHooks": [],
          "afterHooks": [],
          "tests": [],
          "suites": [
            {
              "uuid": "5e6b61c5-b154-4b49-aac8-40c9229494e9",
              "title": "Content Security Policy (CSP)",
              "fullFile": "",
              "file": "",
              "beforeHooks": [],
              "afterHooks": [],
              "tests": [
                {
                  "title": "should have CSP meta tag configured",
                  "fullTitle": "Security Headers Content Security Policy (CSP) should have CSP meta tag configured",
                  "timedOut": null,
                  "duration": 1041,
                  "state": "passed",
                  "speed": "fast",
                  "pass": true,
                  "fail": false,
                  "pending": false,
                  "context": null,
                  "code": "cy.get(_support_constants__WEBPACK_IMPORTED_MODULE_0__.SECURITY_HEADER_SELECTORS.CSP)\n    .should(\"exist\")\n    .and(\"have.attr\", \"content\")\n    .and(\"not.be.empty\");",
                  "err": {},
                  "uuid": "a9c153a8-fc57-4445-8e85-79f7cc134ed9",
                  "parentUUID": "5e6b61c5-b154-4b49-aac8-40c9229494e9",
                  "isHook": false,
                  "skipped": false
                },
                {
                  "title": "should include required CSP directives",
                  "fullTitle": "Security Headers Content Security Policy (CSP) should include required CSP directives",
                  "timedOut": null,
                  "duration": 634,
                  "state": "passed",
                  "speed": "fast",
                  "pass": true,
                  "fail": false,
                  "pending": false,
                  "context": null,
                  "code": "cy.get(_support_constants__WEBPACK_IMPORTED_MODULE_0__.SECURITY_HEADER_SELECTORS.CSP)\n    .should(\"have.attr\", \"content\")\n    .then((content) => {\n    const cspContent = content;\n    // Verify critical CSP directives\n    expect(cspContent).to.include(\"default-src 'self'\", \"CSP should restrict default sources to same origin\");\n    expect(cspContent).to.include(\"script-src 'self'\", \"CSP should restrict scripts to same origin\");\n    expect(cspContent).to.include(\"object-src 'none'\", \"CSP should block all plugins (Flash, Java, etc.)\");\n    expect(cspContent).to.include(\"base-uri 'self'\", \"CSP should restrict base tag URLs to same origin\");\n    expect(cspContent).to.include(\"form-action 'self'\", \"CSP should restrict form submissions to same origin\");\n    expect(cspContent).to.include(\"frame-ancestors 'none'\", \"CSP should prevent site from being embedded in frames\");\n});",
                  "err": {},
                  "uuid": "46e59115-26ed-45ee-8c08-df3e151bbf27",
                  "parentUUID": "5e6b61c5-b154-4b49-aac8-40c9229494e9",
                  "isHook": false,
                  "skipped": false
                },
                {
                  "title": "should allow required font sources for Orbitron and Share Tech Mono",
                  "fullTitle": "Security Headers Content Security Policy (CSP) should allow required font sources for Orbitron and Share Tech Mono",
                  "timedOut": null,
                  "duration": 578,
                  "state": "passed",
                  "speed": "fast",
                  "pass": true,
                  "fail": false,
                  "pending": false,
                  "context": null,
                  "code": "cy.get(_support_constants__WEBPACK_IMPORTED_MODULE_0__.SECURITY_HEADER_SELECTORS.CSP)\n    .should(\"have.attr\", \"content\")\n    .then((content) => {\n    const cspContent = content;\n    // Verify font sources for Google Fonts\n    expect(cspContent).to.include(\"font-src\", \"CSP should include font-src directive\");\n    expect(cspContent).to.include(\"https://fonts.gstatic.com\", \"CSP should allow Google Fonts for typography\");\n});",
                  "err": {},
                  "uuid": "410402fc-09e1-4173-b2a0-28f39851a56f",
                  "parentUUID": "5e6b61c5-b154-4b49-aac8-40c9229494e9",
                  "isHook": false,
                  "skipped": false
                },
                {
                  "title": "should allow required style sources",
                  "fullTitle": "Security Headers Content Security Policy (CSP) should allow required style sources",
                  "timedOut": null,
                  "duration": 523,
                  "state": "passed",
                  "speed": "fast",
                  "pass": true,
                  "fail": false,
                  "pending": false,
                  "context": null,
                  "code": "cy.get(_support_constants__WEBPACK_IMPORTED_MODULE_0__.SECURITY_HEADER_SELECTORS.CSP)\n    .should(\"have.attr\", \"content\")\n    .then((content) => {\n    const cspContent = content;\n    // Verify style sources\n    expect(cspContent).to.include(\"style-src\", \"CSP should include style-src directive\");\n    expect(cspContent).to.include(\"'unsafe-inline'\", \"CSP should allow inline styles for TailwindCSS\");\n    expect(cspContent).to.include(\"https://fonts.googleapis.com\", \"CSP should allow Google Fonts stylesheets\");\n});",
                  "err": {},
                  "uuid": "3067fa5b-b225-4db1-aa3f-cc11af131765",
                  "parentUUID": "5e6b61c5-b154-4b49-aac8-40c9229494e9",
                  "isHook": false,
                  "skipped": false
                },
                {
                  "title": "should include upgrade-insecure-requests directive",
                  "fullTitle": "Security Headers Content Security Policy (CSP) should include upgrade-insecure-requests directive",
                  "timedOut": null,
                  "duration": 532,
                  "state": "passed",
                  "speed": "fast",
                  "pass": true,
                  "fail": false,
                  "pending": false,
                  "context": null,
                  "code": "cy.get(_support_constants__WEBPACK_IMPORTED_MODULE_0__.SECURITY_HEADER_SELECTORS.CSP)\n    .should(\"have.attr\", \"content\")\n    .and(\"include\", \"upgrade-insecure-requests\");",
                  "err": {},
                  "uuid": "d2e2cd0e-dc18-44a2-b26c-4ae712ea8eb0",
                  "parentUUID": "5e6b61c5-b154-4b49-aac8-40c9229494e9",
                  "isHook": false,
                  "skipped": false
                }
              ],
              "suites": [],
              "passes": [
                "a9c153a8-fc57-4445-8e85-79f7cc134ed9",
                "46e59115-26ed-45ee-8c08-df3e151bbf27",
                "410402fc-09e1-4173-b2a0-28f39851a56f",
                "3067fa5b-b225-4db1-aa3f-cc11af131765",
                "d2e2cd0e-dc18-44a2-b26c-4ae712ea8eb0"
              ],
              "failures": [],
              "pending": [],
              "skipped": [],
              "duration": 3308,
              "root": false,
              "rootEmpty": false,
              "_timeout": 2000
            },
            {
              "uuid": "a7eca3e7-f9cb-40b0-9937-73e7f009318c",
              "title": "X-Content-Type-Options",
              "fullFile": "",
              "file": "",
              "beforeHooks": [],
              "afterHooks": [],
              "tests": [
                {
                  "title": "should have X-Content-Type-Options meta tag set to nosniff",
                  "fullTitle": "Security Headers X-Content-Type-Options should have X-Content-Type-Options meta tag set to nosniff",
                  "timedOut": null,
                  "duration": 515,
                  "state": "passed",
                  "speed": "fast",
                  "pass": true,
                  "fail": false,
                  "pending": false,
                  "context": null,
                  "code": "cy.get(_support_constants__WEBPACK_IMPORTED_MODULE_0__.SECURITY_HEADER_SELECTORS.X_CONTENT_TYPE_OPTIONS)\n    .should(\"exist\")\n    .and(\"have.attr\", \"content\", \"nosniff\");",
                  "err": {},
                  "uuid": "8c6acece-165c-45af-9fb9-9b8cb214c30c",
                  "parentUUID": "a7eca3e7-f9cb-40b0-9937-73e7f009318c",
                  "isHook": false,
                  "skipped": false
                }
              ],
              "suites": [],
              "passes": [
                "8c6acece-165c-45af-9fb9-9b8cb214c30c"
              ],
              "failures": [],
              "pending": [],
              "skipped": [],
              "duration": 515,
              "root": false,
              "rootEmpty": false,
              "_timeout": 2000
            },
            {
              "uuid": "4f936d82-d6d1-4a2a-a217-f4a064adfef9",
              "title": "X-Frame-Options",
              "fullFile": "",
              "file": "",
              "beforeHooks": [],
              "afterHooks": [],
              "tests": [
                {
                  "title": "should have X-Frame-Options meta tag set to DENY",
                  "fullTitle": "Security Headers X-Frame-Options should have X-Frame-Options meta tag set to DENY",
                  "timedOut": null,
                  "duration": 537,
                  "state": "passed",
                  "speed": "fast",
                  "pass": true,
                  "fail": false,
                  "pending": false,
                  "context": null,
                  "code": "cy.get(_support_constants__WEBPACK_IMPORTED_MODULE_0__.SECURITY_HEADER_SELECTORS.X_FRAME_OPTIONS)\n    .should(\"exist\")\n    .and(\"have.attr\", \"content\", \"DENY\");",
                  "err": {},
                  "uuid": "3fc7933e-a615-43ae-b45d-a69f3e65d5c4",
                  "parentUUID": "4f936d82-d6d1-4a2a-a217-f4a064adfef9",
                  "isHook": false,
                  "skipped": false
                }
              ],
              "suites": [],
              "passes": [
                "3fc7933e-a615-43ae-b45d-a69f3e65d5c4"
              ],
              "failures": [],
              "pending": [],
              "skipped": [],
              "duration": 537,
              "root": false,
              "rootEmpty": false,
              "_timeout": 2000
            },
            {
              "uuid": "736b0463-e71a-4648-b065-2f27c65ff32f",
              "title": "Cross-Origin Policies",
              "fullFile": "",
              "file": "",
              "beforeHooks": [],
              "afterHooks": [],
              "tests": [
                {
                  "title": "should have Cross-Origin-Opener-Policy set to same-origin",
                  "fullTitle": "Security Headers Cross-Origin Policies should have Cross-Origin-Opener-Policy set to same-origin",
                  "timedOut": null,
                  "duration": 519,
                  "state": "passed",
                  "speed": "fast",
                  "pass": true,
                  "fail": false,
                  "pending": false,
                  "context": null,
                  "code": "cy.get(_support_constants__WEBPACK_IMPORTED_MODULE_0__.SECURITY_HEADER_SELECTORS.COOP)\n    .should(\"exist\")\n    .and(\"have.attr\", \"content\", \"same-origin\");",
                  "err": {},
                  "uuid": "aba679ec-4423-4e5f-8aae-f36124e8690a",
                  "parentUUID": "736b0463-e71a-4648-b065-2f27c65ff32f",
                  "isHook": false,
                  "skipped": false
                },
                {
                  "title": "should have Cross-Origin-Embedder-Policy set to require-corp",
                  "fullTitle": "Security Headers Cross-Origin Policies should have Cross-Origin-Embedder-Policy set to require-corp",
                  "timedOut": null,
                  "duration": 523,
                  "state": "passed",
                  "speed": "fast",
                  "pass": true,
                  "fail": false,
                  "pending": false,
                  "context": null,
                  "code": "cy.get(_support_constants__WEBPACK_IMPORTED_MODULE_0__.SECURITY_HEADER_SELECTORS.COEP)\n    .should(\"exist\")\n    .and(\"have.attr\", \"content\", \"require-corp\");",
                  "err": {},
                  "uuid": "c5431740-12e6-4b8f-b414-a2ab658d1f33",
                  "parentUUID": "736b0463-e71a-4648-b065-2f27c65ff32f",
                  "isHook": false,
                  "skipped": false
                }
              ],
              "suites": [],
              "passes": [
                "aba679ec-4423-4e5f-8aae-f36124e8690a",
                "c5431740-12e6-4b8f-b414-a2ab658d1f33"
              ],
              "failures": [],
              "pending": [],
              "skipped": [],
              "duration": 1042,
              "root": false,
              "rootEmpty": false,
              "_timeout": 2000
            },
            {
              "uuid": "91e273b1-8dfe-411a-b2d3-f0d1dd6987c1",
              "title": "Referrer Policy",
              "fullFile": "",
              "file": "",
              "beforeHooks": [],
              "afterHooks": [],
              "tests": [
                {
                  "title": "should have Referrer-Policy meta tag configured",
                  "fullTitle": "Security Headers Referrer Policy should have Referrer-Policy meta tag configured",
                  "timedOut": null,
                  "duration": 513,
                  "state": "passed",
                  "speed": "fast",
                  "pass": true,
                  "fail": false,
                  "pending": false,
                  "context": null,
                  "code": "cy.get(_support_constants__WEBPACK_IMPORTED_MODULE_0__.SECURITY_HEADER_SELECTORS.REFERRER)\n    .should(\"exist\")\n    .and(\"have.attr\", \"content\", \"strict-origin-when-cross-origin\");",
                  "err": {},
                  "uuid": "5ba05fe7-468f-41c6-b6f0-3d7884ddc400",
                  "parentUUID": "91e273b1-8dfe-411a-b2d3-f0d1dd6987c1",
                  "isHook": false,
                  "skipped": false
                }
              ],
              "suites": [],
              "passes": [
                "5ba05fe7-468f-41c6-b6f0-3d7884ddc400"
              ],
              "failures": [],
              "pending": [],
              "skipped": [],
              "duration": 513,
              "root": false,
              "rootEmpty": false,
              "_timeout": 2000
            },
            {
              "uuid": "1aad8bb6-6f27-4fb7-a502-709a8d399072",
              "title": "Security Headers Comprehensive Check",
              "fullFile": "",
              "file": "",
              "beforeHooks": [],
              "afterHooks": [],
              "tests": [
                {
                  "title": "should have all required security headers present",
                  "fullTitle": "Security Headers Security Headers Comprehensive Check should have all required security headers present",
                  "timedOut": null,
                  "duration": 534,
                  "state": "passed",
                  "speed": "fast",
                  "pass": true,
                  "fail": false,
                  "pending": false,
                  "context": null,
                  "code": "const requiredHeaders = [\n    _support_constants__WEBPACK_IMPORTED_MODULE_0__.SECURITY_HEADER_SELECTORS.CSP,\n    _support_constants__WEBPACK_IMPORTED_MODULE_0__.SECURITY_HEADER_SELECTORS.X_CONTENT_TYPE_OPTIONS,\n    _support_constants__WEBPACK_IMPORTED_MODULE_0__.SECURITY_HEADER_SELECTORS.X_FRAME_OPTIONS,\n    _support_constants__WEBPACK_IMPORTED_MODULE_0__.SECURITY_HEADER_SELECTORS.COOP,\n    _support_constants__WEBPACK_IMPORTED_MODULE_0__.SECURITY_HEADER_SELECTORS.COEP,\n    _support_constants__WEBPACK_IMPORTED_MODULE_0__.SECURITY_HEADER_SELECTORS.REFERRER,\n];\nrequiredHeaders.forEach((selector) => {\n    cy.get(selector).should(\"exist\");\n});",
                  "err": {},
                  "uuid": "ecb0145c-9db3-4cd7-8172-8dc25d7238ae",
                  "parentUUID": "1aad8bb6-6f27-4fb7-a502-709a8d399072",
                  "isHook": false,
                  "skipped": false
                },
                {
                  "title": "should not display any CSP violations in console",
                  "fullTitle": "Security Headers Security Headers Comprehensive Check should not display any CSP violations in console",
                  "timedOut": null,
                  "duration": 2086,
                  "state": "passed",
                  "speed": "fast",
                  "pass": true,
                  "fail": false,
                  "pending": false,
                  "context": null,
                  "code": "// This test needs to be run separately to capture violations during initial page load\ncy.visit(\"/\", {\n    onBeforeLoad(win) {\n        // Track CSP violations\n        let cspViolations = 0;\n        win.addEventListener(\"securitypolicyviolation\", (e) => {\n            cspViolations++;\n            // Log violation details for debugging\n            const { violatedDirective, blockedURI } = e;\n            cy.log(`CSP Violation: ${violatedDirective} - ${blockedURI || \"inline\"}`);\n        });\n        // Store reference for later assertion\n        win.cspViolations =\n            () => cspViolations;\n    },\n});\ncy.ensureAppLoaded();\n// Wait a moment for any violations to be reported\ncy.wait(1000);\n// Verify no violations occurred during page load\ncy.window().then((win) => {\n    const violations = win.cspViolations();\n    expect(violations).to.equal(0, \"No CSP violations detected\");\n});",
                  "err": {},
                  "uuid": "d6f57bde-2c27-47fe-92b1-142063baec30",
                  "parentUUID": "1aad8bb6-6f27-4fb7-a502-709a8d399072",
                  "isHook": false,
                  "skipped": false
                }
              ],
              "suites": [],
              "passes": [
                "ecb0145c-9db3-4cd7-8172-8dc25d7238ae",
                "d6f57bde-2c27-47fe-92b1-142063baec30"
              ],
              "failures": [],
              "pending": [],
              "skipped": [],
              "duration": 2620,
              "root": false,
              "rootEmpty": false,
              "_timeout": 2000
            },
            {
              "uuid": "bd1b6a07-ff4e-464d-b2ad-4948c0c795bc",
              "title": "ISMS Compliance Verification",
              "fullFile": "",
              "file": "",
              "beforeHooks": [],
              "afterHooks": [],
              "tests": [
                {
                  "title": "should meet Application Security Framework requirements",
                  "fullTitle": "Security Headers ISMS Compliance Verification should meet Application Security Framework requirements",
                  "timedOut": null,
                  "duration": 550,
                  "state": "passed",
                  "speed": "fast",
                  "pass": true,
                  "fail": false,
                  "pending": false,
                  "context": null,
                  "code": "// Verify all security headers are present as per ISMS requirements\ncy.get(\"head\")\n    .find(_support_constants__WEBPACK_IMPORTED_MODULE_0__.SECURITY_HEADER_SELECTORS.CSP)\n    .should(\"exist\");\ncy.get(\"head\")\n    .find(_support_constants__WEBPACK_IMPORTED_MODULE_0__.SECURITY_HEADER_SELECTORS.X_FRAME_OPTIONS)\n    .should(\"exist\");\ncy.get(\"head\")\n    .find(_support_constants__WEBPACK_IMPORTED_MODULE_0__.SECURITY_HEADER_SELECTORS.X_CONTENT_TYPE_OPTIONS)\n    .should(\"exist\");\ncy.log(\"✅ Application Security Framework requirements met\");",
                  "err": {},
                  "uuid": "b8c5b136-6d15-49f0-bab3-912abbf8597d",
                  "parentUUID": "bd1b6a07-ff4e-464d-b2ad-4948c0c795bc",
                  "isHook": false,
                  "skipped": false
                },
                {
                  "title": "should implement defense-in-depth security strategy",
                  "fullTitle": "Security Headers ISMS Compliance Verification should implement defense-in-depth security strategy",
                  "timedOut": null,
                  "duration": 611,
                  "state": "passed",
                  "speed": "fast",
                  "pass": true,
                  "fail": false,
                  "pending": false,
                  "context": null,
                  "code": "// Multiple layers of security controls using reusable constants\n_support_constants__WEBPACK_IMPORTED_MODULE_0__.SECURITY_LAYER_CONFIGS.forEach((layer) => {\n    cy.get(layer.selector).should(\"exist\", `${layer.name} should be implemented`);\n    cy.log(`✅ ${layer.name} implemented`);\n});",
                  "err": {},
                  "uuid": "349174f3-473e-477b-b01e-84c58376ed28",
                  "parentUUID": "bd1b6a07-ff4e-464d-b2ad-4948c0c795bc",
                  "isHook": false,
                  "skipped": false
                }
              ],
              "suites": [],
              "passes": [
                "b8c5b136-6d15-49f0-bab3-912abbf8597d",
                "349174f3-473e-477b-b01e-84c58376ed28"
              ],
              "failures": [],
              "pending": [],
              "skipped": [],
              "duration": 1161,
              "root": false,
              "rootEmpty": false,
              "_timeout": 2000
            }
          ],
          "passes": [],
          "failures": [],
          "pending": [],
          "skipped": [],
          "duration": 0,
          "root": false,
          "rootEmpty": false,
          "_timeout": 2000
        }
      ],
      "passes": [],
      "failures": [],
      "pending": [],
      "skipped": [],
      "duration": 0,
      "root": true,
      "rootEmpty": true,
      "_timeout": 2000
    },
    {
      "uuid": "1bff1e2d-5245-4e49-bc51-005b95ab05b3",
      "title": "",
      "fullFile": "cypress/e2e/security/security-level-transitions.cy.ts",
      "file": "cypress/e2e/security/security-level-transitions.cy.ts",
      "beforeHooks": [],
      "afterHooks": [],
      "tests": [],
      "suites": [
        {
          "uuid": "fa48c5ca-207f-453d-a63f-0ac9f7e43a01",
          "title": "Security Level Transitions",
          "fullFile": "",
          "file": "",
          "beforeHooks": [],
          "afterHooks": [],
          "tests": [
            {
              "title": "maintains application integrity during security level changes",
              "fullTitle": "Security Level Transitions maintains application integrity during security level changes",
              "timedOut": null,
              "duration": 11219,
              "state": "passed",
              "speed": "slow",
              "pass": true,
              "fail": false,
              "pending": false,
              "context": null,
              "code": "// Reduced to only the most critical transition to test (low to high covers edge cases)\nconst securityTransitions = [\n    {\n        from: [\n            _support_constants__WEBPACK_IMPORTED_MODULE_0__.SECURITY_LEVELS.LOW,\n            _support_constants__WEBPACK_IMPORTED_MODULE_0__.SECURITY_LEVELS.LOW,\n            _support_constants__WEBPACK_IMPORTED_MODULE_0__.SECURITY_LEVELS.LOW,\n        ],\n        to: [\n            _support_constants__WEBPACK_IMPORTED_MODULE_0__.SECURITY_LEVELS.HIGH,\n            _support_constants__WEBPACK_IMPORTED_MODULE_0__.SECURITY_LEVELS.HIGH,\n            _support_constants__WEBPACK_IMPORTED_MODULE_0__.SECURITY_LEVELS.HIGH,\n        ],\n        name: \"low-to-high\",\n    },\n];\n// Test each transition with better error handling\nsecurityTransitions.forEach((transition, index) => {\n    const logArgs = [\n        `Testing transition ${transition.name} (${index + 1}/${securityTransitions.length})`,\n    ];\n    cy.log(logArgs[0]);\n    // Set initial levels with type assertion\n    cy.setSecurityLevels(transition.from[0], transition.from[1], transition.from[2]);\n    cy.wait(500); // Reduced wait time\n    // Take screenshot only once\n    cy.screenshot(`transition-initial-${transition.name}`);\n    // Look for important widgets to verify initial state\n    findImportantWidgets().then((widgets) => {\n        // Capture initial content of each widget for comparison\n        captureWidgetStates(widgets).then((initialStates) => {\n            // Perform transition with type assertion\n            const changeLogArgs = [\n                `Changing to security levels: ${transition.to.join(\", \")}`,\n            ];\n            cy.log(changeLogArgs[0]);\n            cy.setSecurityLevels(transition.to[0], transition.to[1], transition.to[2]);\n            cy.wait(500); // Reduced wait time\n            // Take screenshot after transition\n            cy.screenshot(`transition-after-${transition.name}`);\n            // Check widgets after transition\n            findImportantWidgets().then((newWidgets) => {\n                const foundLogArgs = [\n                    `Found ${newWidgets.length} widgets after transition`,\n                ];\n                cy.log(...foundLogArgs);\n                // Verify number of widgets didn't decrease significantly\n                expect(newWidgets.length).to.be.at.least(Math.max(1, widgets.length - 1), \"Number of widgets shouldn't decrease significantly during transitions\");\n                // Process each widget after transition - reduced screenshot overhead\n                cy.wrap(newWidgets).each(($widget, i) => {\n                    const id = $widget.attr(\"data-testid\") || `widget-${i}`;\n                    // Check for problematic content\n                    checkForProblematicContent($widget);\n                    // Compare with initial state if available\n                    if (initialStates[id]) {\n                        compareWidgetContent($widget, initialStates[id], id);\n                    }\n                });\n            });\n        });\n    });\n});",
              "err": {},
              "uuid": "1ea96d2a-3b5f-4771-8e93-1a8a30f4a730",
              "parentUUID": "fa48c5ca-207f-453d-a63f-0ac9f7e43a01",
              "isHook": false,
              "skipped": false
            }
          ],
          "suites": [],
          "passes": [
            "1ea96d2a-3b5f-4771-8e93-1a8a30f4a730"
          ],
          "failures": [],
          "pending": [],
          "skipped": [],
          "duration": 11219,
          "root": false,
          "rootEmpty": false,
          "_timeout": 2000
        }
      ],
      "passes": [],
      "failures": [],
      "pending": [],
      "skipped": [],
      "duration": 0,
      "root": true,
      "rootEmpty": true,
      "_timeout": 2000
    },
    {
      "uuid": "a0640003-9864-401f-921f-77b3b471a848",
      "title": "",
      "fullFile": "cypress/e2e/widgets/businessvalue/compliance-status.cy.ts",
      "file": "cypress/e2e/widgets/businessvalue/compliance-status.cy.ts",
      "beforeHooks": [],
      "afterHooks": [],
      "tests": [],
      "suites": [
        {
          "uuid": "f81df39e-8da7-4690-914e-c08ad54a5517",
          "title": "Compliance Status Widget Tests",
          "fullFile": "",
          "file": "",
          "beforeHooks": [],
          "afterHooks": [],
          "tests": [
            {
              "title": "is visible and contains expected content",
              "fullTitle": "Compliance Status Widget Tests is visible and contains expected content",
              "timedOut": null,
              "duration": 2320,
              "state": "passed",
              "speed": "fast",
              "pass": true,
              "fail": false,
              "pending": false,
              "context": null,
[...]
              "err": {},
              "uuid": "1c7ca0cc-6a8b-4e4c-8737-b5eddd60902a",
              "parentUUID": "6477295a-5a55-4b3a-a4f5-7f7138055df1",
              "isHook": false,
              "skipped": false
            },
            {
              "title": "supports widget-specific functionality",
              "fullTitle": "Security Resources Widget Tests supports widget-specific functionality",
              "timedOut": null,
              "duration": 1688,
              "state": "passed",
              "speed": "fast",
              "pass": true,
              "fail": false,
              "pending": false,
              "context": null,
              "code": "// First check if widget exists\nfindWidgetFlexibly(widgetTestId).then(($widget) => {\n    if ($widget.length === 0) {\n        cy.log(`Widget ${widgetName} not found - specific test will be skipped`);\n        cy.screenshot(`missing-widget-${widgetTestId}-specific`);\n        expect(true).to.equal(true); // Soft-pass to avoid failing tests\n        return;\n    }\n    // Add widget to test context so additionalTests can use it\n    // Wrap the FIRST element when multiple are found to avoid errors in widget-specific tests\n    cy.wrap($widget.first()).as(\"currentWidget\");\n    // Run provided tests in try/catch to prevent cascading failures\n    try {\n        additionalTests();\n    }\n    catch (e) {\n        // Handle unknown error type safely\n        const errorMessage = e instanceof Error ? e.message : String(e);\n        cy.log(`Error in additional tests for ${widgetName}: ${errorMessage}`);\n        cy.screenshot(`error-${widgetName}-specific-test`);\n    }\n});",
              "err": {},
              "uuid": "8f473871-e30a-4c62-92ec-61120b1027b5",
              "parentUUID": "6477295a-5a55-4b3a-a4f5-7f7138055df1",
              "isHook": false,
              "skipped": false
            }
          ],
          "suites": [],
          "passes": [
            "0dcf205f-2fc6-44e3-8826-978edc82ae07",
            "1c7ca0cc-6a8b-4e4c-8737-b5eddd60902a",
            "8f473871-e30a-4c62-92ec-61120b1027b5"
          ],
          "failures": [],
          "pending": [],
          "skipped": [],
          "duration": 7042,
          "root": false,
          "rootEmpty": false,
          "_timeout": 2000
        }
      ],
      "passes": [],
      "failures": [],
      "pending": [],
      "skipped": [],
      "duration": 0,
      "root": true,
      "rootEmpty": true,
      "_timeout": 2000
    },
    {
      "uuid": "86e51a13-d620-45ff-b9b7-b86fef263051",
      "title": "",
      "fullFile": "cypress/e2e/widgets/implementationguide/security-visualization.cy.ts",
      "file": "cypress/e2e/widgets/implementationguide/security-visualization.cy.ts",
      "beforeHooks": [],
      "afterHooks": [],
      "tests": [],
      "suites": [
        {
          "uuid": "8f23616b-9a89-4cfc-b4e1-db79037a6ad9",
          "title": "Security Visualization Widget Tests",
          "fullFile": "",
          "file": "",
          "beforeHooks": [],
          "afterHooks": [],
          "tests": [
            {
              "title": "is visible and contains expected content",
              "fullTitle": "Security Visualization Widget Tests is visible and contains expected content",
              "timedOut": null,
              "duration": 2176,
              "state": "passed",
              "speed": "fast",
              "pass": true,
              "fail": false,
              "pending": false,
              "context": null,
              "code": "// This test uses more flexible widget finding\nfindWidgetFlexibly(widgetTestId).then(($widget) => {\n    if ($widget.length === 0) {\n        cy.log(`Widget ${widgetName} not found - test will be skipped`);\n        cy.screenshot(`missing-widget-${widgetTestId}`);\n        expect(true).to.equal(true); // Soft-pass to avoid failing tests\n        return;\n    }\n    // Check for at least one expected content pattern\n    const widgetText = $widget.text();\n    let foundPattern = false;\n    let matchedPattern = \"\";\n    contentPatterns.forEach((pattern) => {\n        if (typeof pattern === \"string\") {\n            if (widgetText.includes(pattern)) {\n                foundPattern = true;\n                matchedPattern = pattern;\n            }\n        }\n        else if (pattern.test(widgetText)) {\n            foundPattern = true;\n            matchedPattern = pattern.toString();\n        }\n    });\n    if (foundPattern) {\n        cy.log(`Found expected content pattern: ${matchedPattern}`);\n    }\n    else {\n        cy.log(`No expected content patterns found in widget text: ${widgetText.substring(0, 100)}...`);\n    }\n    expect(foundPattern, `Widget should contain at least one expected content pattern`).to.be.true;\n    // Screenshot only on CI or when explicitly enabled via env var\n    if (Cypress.env('CYPRESS_SCREENSHOTS') === true || Cypress.env('CYPRESS_SCREENSHOTS') === 'true' || Cypress.config('isInteractive') === false) {\n        (0,_screenshot_utils__WEBPACK_IMPORTED_MODULE_1__.captureWidgetScreenshot)($widget.first(), `${widgetTestId}-baseline`);\n    }\n});",
              "err": {},
              "uuid": "85bb5d4b-61f4-462e-97d7-0c7ed413f464",
              "parentUUID": "8f23616b-9a89-4cfc-b4e1-db79037a6ad9",
              "isHook": false,
              "skipped": false
            },
            {
              "title": "updates content when security levels change",
              "fullTitle": "Security Visualization Widget Tests updates content when security levels change",
              "timedOut": null,
              "duration": 3172,
              "state": "passed",
              "speed": "fast",
              "pass": true,
              "fail": false,
              "pending": false,
              "context": null,
              "code": "// First verify if widget exists to avoid cascading failures\nfindWidgetFlexibly(widgetTestId).then(($widget) => {\n    if ($widget.length === 0) {\n        cy.log(`Widget ${widgetName} not found - test will be skipped`);\n        cy.screenshot(`missing-widget-${widgetTestId}-security-change`);\n        expect(true).to.equal(true); // Soft-pass to avoid failing tests\n        return;\n    }\n    const initialContent = $widget.text();\n    // Only test this if we have content to compare against\n    if (initialContent.trim().length === 0) {\n        cy.log(`Widget ${widgetName} has no initial content - test will be skipped`);\n        expect(true).to.equal(true); // Soft-pass to avoid failing tests\n        return;\n    }\n    // Test only HIGH security level to reduce test time (low->high transition covered in security-level-transitions.cy.ts)\n    cy.setSecurityLevels(_constants__WEBPACK_IMPORTED_MODULE_0__.SECURITY_LEVELS.HIGH, _constants__WEBPACK_IMPORTED_MODULE_0__.SECURITY_LEVELS.HIGH, _constants__WEBPACK_IMPORTED_MODULE_0__.SECURITY_LEVELS.HIGH);\n    cy.wait(500); // Reduced wait time\n    // Verify widget still exists and content changed\n    findWidgetFlexibly(widgetTestId).then(($highWidget) => {\n        if ($highWidget.length === 0) {\n            cy.log(`Widget ${widgetName} disappeared after security level change - test will be skipped`);\n            expect(true).to.equal(true); // Soft-pass to avoid failing tests\n            return;\n        }\n        const highContent = $highWidget.text();\n        // Verify content changed from initial moderate level\n        const contentChanged = initialContent !== highContent;\n        if (!contentChanged) {\n            cy.log(`Note: Content did not change between moderate and high security levels for ${widgetName}`);\n        }\n        // Some widgets may not change content, so we just verify it's still rendered\n        expect($highWidget.length).to.be.greaterThan(0);\n    });\n});",
              "err": {},
              "uuid": "e9419251-f864-4bb4-b3ca-bc127b30f319",
              "parentUUID": "8f23616b-9a89-4cfc-b4e1-db79037a6ad9",
              "isHook": false,
              "skipped": false
            },
            {
              "title": "supports widget-specific functionality",
              "fullTitle": "Security Visualization Widget Tests supports widget-specific functionality",
              "timedOut": null,
              "duration": 1677,
              "state": "passed",
              "speed": "fast",
              "pass": true,
              "fail": false,
              "pending": false,
              "context": null,
              "code": "// First check if widget exists\nfindWidgetFlexibly(widgetTestId).then(($widget) => {\n    if ($widget.length === 0) {\n        cy.log(`Widget ${widgetName} not found - specific test will be skipped`);\n        cy.screenshot(`missing-widget-${widgetTestId}-specific`);\n        expect(true).to.equal(true); // Soft-pass to avoid failing tests\n        return;\n    }\n    // Add widget to test context so additionalTests can use it\n    // Wrap the FIRST element when multiple are found to avoid errors in widget-specific tests\n    cy.wrap($widget.first()).as(\"currentWidget\");\n    // Run provided tests in try/catch to prevent cascading failures\n    try {\n        additionalTests();\n    }\n    catch (e) {\n        // Handle unknown error type safely\n        const errorMessage = e instanceof Error ? e.message : String(e);\n        cy.log(`Error in additional tests for ${widgetName}: ${errorMessage}`);\n        cy.screenshot(`error-${widgetName}-specific-test`);\n    }\n});",
              "err": {},
              "uuid": "d681558c-2124-4862-9792-964ba2da31b4",
              "parentUUID": "8f23616b-9a89-4cfc-b4e1-db79037a6ad9",
              "isHook": false,
              "skipped": false
            }
          ],
          "suites": [],
          "passes": [
            "85bb5d4b-61f4-462e-97d7-0c7ed413f464",
            "e9419251-f864-4bb4-b3ca-bc127b30f319",
            "d681558c-2124-4862-9792-964ba2da31b4"
          ],
          "failures": [],
          "pending": [],
          "skipped": [],
          "duration": 7025,
          "root": false,
          "rootEmpty": false,
          "_timeout": 2000
        }
      ],
      "passes": [],
      "failures": [],
      "pending": [],
      "skipped": [],
      "duration": 0,
      "root": true,
      "rootEmpty": true,
      "_timeout": 2000
    },
    {
      "uuid": "dcfa6a7c-a5a9-4dea-851a-e49313814b63",
      "title": "",
      "fullFile": "cypress/e2e/widgets/implementationguide/technical-details.cy.ts",
      "file": "cypress/e2e/widgets/implementationguide/technical-details.cy.ts",
      "beforeHooks": [],
      "afterHooks": [],
      "tests": [],
      "suites": [
        {
          "uuid": "e6e38c0b-1177-4023-a829-a7080ed9986c",
          "title": "Technical Details Widget Tests",
          "fullFile": "",
          "file": "",
          "beforeHooks": [],
          "afterHooks": [],
          "tests": [
            {
              "title": "is visible and contains expected content",
              "fullTitle": "Technical Details Widget Tests is visible and contains expected content",
              "timedOut": null,
              "duration": 2195,
              "state": "passed",
              "speed": "fast",
              "pass": true,
              "fail": false,
              "pending": false,
              "context": null,
              "code": "// This test uses more flexible widget finding\nfindWidgetFlexibly(widgetTestId).then(($widget) => {\n    if ($widget.length === 0) {\n        cy.log(`Widget ${widgetName} not found - test will be skipped`);\n        cy.screenshot(`missing-widget-${widgetTestId}`);\n        expect(true).to.equal(true); // Soft-pass to avoid failing tests\n        return;\n    }\n    // Check for at least one expected content pattern\n    const widgetText = $widget.text();\n    let foundPattern = false;\n    let matchedPattern = \"\";\n    contentPatterns.forEach((pattern) => {\n        if (typeof pattern === \"string\") {\n            if (widgetText.includes(pattern)) {\n                foundPattern = true;\n                matchedPattern = pattern;\n            }\n        }\n        else if (pattern.test(widgetText)) {\n            foundPattern = true;\n            matchedPattern = pattern.toString();\n        }\n    });\n    if (foundPattern) {\n        cy.log(`Found expected content pattern: ${matchedPattern}`);\n    }\n    else {\n        cy.log(`No expected content patterns found in widget text: ${widgetText.substring(0, 100)}...`);\n    }\n    expect(foundPattern, `Widget should contain at least one expected content pattern`).to.be.true;\n    // Screenshot only on CI or when explicitly enabled via env var\n    if (Cypress.env('CYPRESS_SCREENSHOTS') === true || Cypress.env('CYPRESS_SCREENSHOTS') === 'true' || Cypress.config('isInteractive') === false) {\n        (0,_screenshot_utils__WEBPACK_IMPORTED_MODULE_1__.captureWidgetScreenshot)($widget.first(), `${widgetTestId}-baseline`);\n    }\n});",
              "err": {},
              "uuid": "90de422d-accd-437e-b009-1b16eea7e9bd",
              "parentUUID": "e6e38c0b-1177-4023-a829-a7080ed9986c",
              "isHook": false,
              "skipped": false
            },
            {
              "title": "updates content when security levels change",
              "fullTitle": "Technical Details Widget Tests updates content when security levels change",
              "timedOut": null,
              "duration": 3168,
              "state": "passed",
              "speed": "fast",
              "pass": true,
              "fail": false,
              "pending": false,
              "context": null,
              "code": "// First verify if widget exists to avoid cascading failures\nfindWidgetFlexibly(widgetTestId).then(($widget) => {\n    if ($widget.length === 0) {\n        cy.log(`Widget ${widgetName} not found - test will be skipped`);\n        cy.screenshot(`missing-widget-${widgetTestId}-security-change`);\n        expect(true).to.equal(true); // Soft-pass to avoid failing tests\n        return;\n    }\n    const initialContent = $widget.text();\n    // Only test this if we have content to compare against\n    if (initialContent.trim().length === 0) {\n        cy.log(`Widget ${widgetName} has no initial content - test will be skipped`);\n        expect(true).to.equal(true); // Soft-pass to avoid failing tests\n        return;\n    }\n    // Test only HIGH security level to reduce test time (low->high transition covered in security-level-transitions.cy.ts)\n    cy.setSecurityLevels(_constants__WEBPACK_IMPORTED_MODULE_0__.SECURITY_LEVELS.HIGH, _constants__WEBPACK_IMPORTED_MODULE_0__.SECURITY_LEVELS.HIGH, _constants__WEBPACK_IMPORTED_MODULE_0__.SECURITY_LEVELS.HIGH);\n    cy.wait(500); // Reduced wait time\n    // Verify widget still exists and content changed\n    findWidgetFlexibly(widgetTestId).then(($highWidget) => {\n        if ($highWidget.length === 0) {\n            cy.log(`Widget ${widgetName} disappeared after security level change - test will be skipped`);\n            expect(true).to.equal(true); // Soft-pass to avoid failing tests\n            return;\n        }\n        const highContent = $highWidget.text();\n        // Verify content changed from initial moderate level\n        const contentChanged = initialContent !== highContent;\n        if (!contentChanged) {\n            cy.log(`Note: Content did not change between moderate and high security levels for ${widgetName}`);\n        }\n        // Some widgets may not change content, so we just verify it's still rendered\n        expect($highWidget.length).to.be.greaterThan(0);\n    });\n});",
              "err": {},
              "uuid": "65a0bb22-9862-4a53-9b5e-6f7281c594b0",
              "parentUUID": "e6e38c0b-1177-4023-a829-a7080ed9986c",
              "isHook": false,
              "skipped": false
            },
            {
              "title": "supports widget-specific functionality",
              "fullTitle": "Technical Details Widget Tests supports widget-specific functionality",
              "timedOut": null,
              "duration": 1739,
              "state": "passed",
              "speed": "fast",
              "pass": true,
              "fail": false,
              "pending": false,
              "context": null,
              "code": "// First check if widget exists\nfindWidgetFlexibly(widgetTestId).then(($widget) => {\n    if ($widget.length === 0) {\n        cy.log(`Widget ${widgetName} not found - specific test will be skipped`);\n        cy.screenshot(`missing-widget-${widgetTestId}-specific`);\n        expect(true).to.equal(true); // Soft-pass to avoid failing tests\n        return;\n    }\n    // Add widget to test context so additionalTests can use it\n    // Wrap the FIRST element when multiple are found to avoid errors in widget-specific tests\n    cy.wrap($widget.first()).as(\"currentWidget\");\n    // Run provided tests in try/catch to prevent cascading failures\n    try {\n        additionalTests();\n    }\n    catch (e) {\n        // Handle unknown error type safely\n        const errorMessage = e instanceof Error ? e.message : String(e);\n        cy.log(`Error in additional tests for ${widgetName}: ${errorMessage}`);\n        cy.screenshot(`error-${widgetName}-specific-test`);\n    }\n});",
              "err": {},
              "uuid": "f576ff58-5ed5-4802-93ea-042b5b285a31",
              "parentUUID": "e6e38c0b-1177-4023-a829-a7080ed9986c",
              "isHook": false,
              "skipped": false
            }
          ],
          "suites": [],
          "passes": [
            "90de422d-accd-437e-b009-1b16eea7e9bd",
            "65a0bb22-9862-4a53-9b5e-6f7281c594b0",
            "f576ff58-5ed5-4802-93ea-042b5b285a31"
          ],
          "failures": [],
          "pending": [],
          "skipped": [],
          "duration": 7102,
          "root": false,
          "rootEmpty": false,
          "_timeout": 2000
        }
      ],
      "passes": [],
      "failures": [],
      "pending": [],
      "skipped": [],
      "duration": 0,
      "root": true,
      "rootEmpty": true,
      "_timeout": 2000
    }
  ],
  "meta": {
    "mocha": {
      "version": "7.2.0"
    },
    "mochawesome": {
      "options": {
        "quiet": false,
        "reportFilename": "mochawesome",
        "saveHtml": true,
        "saveJson": true,
        "consoleReporter": "spec",
        "useInlineDiffs": false,
        "code": true
      },
      "version": "7.1.4"
    },
    "marge": {
      "options": {
        "id": "default",
        "reportDir": "build/cypress/mochawesome",
        "overwrite": false,
        "html": true,
        "json": true,
        "code": true,
        "timestamp": "mmddyyyy_HHMMss",
        "charts": true,
        "showHooks": "failed",
        "embeddedScreenshots": true
      },
      "version": "6.3.2"
    }
  }
}