{
  "stats": {
    "suites": 12,
    "tests": 58,
    "passes": 58,
    "pending": 0,
    "failures": 0,
    "testsRegistered": 58,
    "passPercent": 100,
    "pendingPercent": 0,
    "other": 0,
    "hasOther": false,
    "skipped": 0,
    "hasSkipped": false,
    "start": "2025-03-16T04:17:53.603Z",
    "end": "2025-03-16T04:22:22.710Z",
    "duration": 269107
  },
  "results": [
    {
      "uuid": "43f8ff44-f5aa-4c44-9558-9bd46ea4a191",
      "title": "",
      "fullFile": "cypress/e2e/business-outcomes/compliance-validation.cy.ts",
      "file": "cypress/e2e/business-outcomes/compliance-validation.cy.ts",
      "beforeHooks": [],
      "afterHooks": [],
      "tests": [],
      "suites": [
        {
          "uuid": "e7f98096-453a-4237-9248-542389e61465",
          "title": "Compliance Status Validation",
          "fullFile": "",
          "file": "",
          "beforeHooks": [],
          "afterHooks": [],
          "tests": [
            {
              "title": "accurately reflects compliance status based on security levels",
              "fullTitle": "Compliance Status Validation accurately reflects compliance status based on security levels",
              "timedOut": null,
              "duration": 8558,
              "state": "passed",
              "speed": "medium",
              "pass": true,
              "fail": false,
              "pending": false,
              "context": null,
              "code": "cy.screenshot(\"compliance-validation-start\");\nconst complianceScenarios = [\n  {\n    levels: [SECURITY_LEVELS.LOW, SECURITY_LEVELS.LOW, SECURITY_LEVELS.LOW],\n    expectedStatus: /minimal|basic|non-compliant|low/i,\n    expectedFrameworks: 0\n  },\n  {\n    levels: [\n      SECURITY_LEVELS.HIGH,\n      SECURITY_LEVELS.HIGH,\n      SECURITY_LEVELS.HIGH\n    ],\n    expectedStatus: /compliant|meets requirements|high/i,\n    expectedFrameworks: 1\n    // Less strict - at least one framework\n  }\n];\ncomplianceScenarios.forEach((scenario, index) => {\n  cy.log(\n    `Testing compliance scenario ${index + 1} with levels: ${scenario.levels.join(\", \")}`\n  );\n  cy.get(\"body\").then(($body) => {\n    if ($body.find(\"select\").length >= 3) {\n      cy.get(\"select\").eq(0).select(scenario.levels[0], { force: true });\n      cy.wait(300);\n      cy.get(\"select\").eq(1).select(scenario.levels[1], { force: true });\n      cy.wait(300);\n      cy.get(\"select\").eq(2).select(scenario.levels[2], { force: true });\n    } else {\n      cy.setSecurityLevels(...scenario.levels);\n    }\n  });\n  cy.wait(1e3);\n  cy.screenshot(`compliance-scenario-${index + 1}`);\n  cy.get(\"body\").then(($body) => {\n    const selectors = [\n      '[data-testid=\"widget-compliance-status\"]',\n      '[data-testid=\"compliance-status\"]',\n      '[data-testid*=\"compliance\"]',\n      '[class*=\"compliance\"]'\n    ];\n    let foundSelector = \"\";\n    for (const selector of selectors) {\n      if ($body.find(selector).length > 0) {\n        foundSelector = selector;\n        break;\n      }\n    }\n    if (foundSelector) {\n      cy.log(`Found compliance widget with selector: ${foundSelector}`);\n      cy.get(foundSelector).within(() => {\n        cy.contains(scenario.expectedStatus).should(\"exist\");\n        if (scenario.expectedFrameworks > 0) {\n          cy.get(\n            'li, [data-testid*=\"framework-item\"], [data-testid*=\"compliance-item\"]'\n          ).should(\"have.length.at.least\", scenario.expectedFrameworks);\n        }\n      });\n    } else {\n      cy.log(\"⚠️ Compliance widget not found with standard selectors\");\n      cy.contains(scenario.expectedStatus).should(\"exist\");\n    }\n  });\n});",
              "err": {},
              "uuid": "f13d9e49-7b34-42ad-829b-d95dcee51eb4",
              "parentUUID": "e7f98096-453a-4237-9248-542389e61465",
              "isHook": false,
              "skipped": false
            }
          ],
          "suites": [],
          "passes": [
            "f13d9e49-7b34-42ad-829b-d95dcee51eb4"
          ],
          "failures": [],
          "pending": [],
          "skipped": [],
          "duration": 8558,
          "root": false,
          "rootEmpty": false,
          "_timeout": 2000
        }
      ],
      "passes": [],
      "failures": [],
      "pending": [],
      "skipped": [],
      "duration": 0,
      "root": true,
      "rootEmpty": true,
      "_timeout": 2000
    },
    {
      "uuid": "984e8dc5-44cc-4cb0-b1c7-ec65cf6dfc48",
      "title": "",
      "fullFile": "cypress/e2e/security/security-level-transitions.cy.ts",
      "file": "cypress/e2e/security/security-level-transitions.cy.ts",
      "beforeHooks": [],
      "afterHooks": [],
      "tests": [],
      "suites": [
        {
          "uuid": "0978e9a0-c251-492b-9c25-2b35e3bfd26c",
          "title": "Security Level Transitions",
          "fullFile": "",
          "file": "",
          "beforeHooks": [],
          "afterHooks": [],
          "tests": [
            {
              "title": "maintains application integrity during security level changes",
              "fullTitle": "Security Level Transitions maintains application integrity during security level changes",
              "timedOut": null,
              "duration": 10792,
              "state": "passed",
              "speed": "slow",
              "pass": true,
              "fail": false,
              "pending": false,
              "context": null,
              "code": "const securityTransitions = [\n  // Test dramatic change (low to high)\n  {\n    from: [SECURITY_LEVELS.LOW, SECURITY_LEVELS.LOW, SECURITY_LEVELS.LOW],\n    to: [SECURITY_LEVELS.HIGH, SECURITY_LEVELS.HIGH, SECURITY_LEVELS.HIGH]\n  },\n  // Test mixed security levels\n  {\n    from: [\n      SECURITY_LEVELS.HIGH,\n      SECURITY_LEVELS.HIGH,\n      SECURITY_LEVELS.HIGH\n    ],\n    to: [\n      SECURITY_LEVELS.HIGH,\n      SECURITY_LEVELS.LOW,\n      SECURITY_LEVELS.MODERATE\n    ]\n  }\n];\nfor (const transition of securityTransitions) {\n  cy.log(`Testing transition from ${transition.from} to ${transition.to}`);\n  cy.get(\"body\").then(($body) => {\n    if ($body.find(\"select\").length >= 3) {\n      cy.get(\"select\").eq(0).select(transition.from[0], { force: true });\n      cy.wait(300);\n      cy.get(\"select\").eq(1).select(transition.from[1], { force: true });\n      cy.wait(300);\n      cy.get(\"select\").eq(2).select(transition.from[2], { force: true });\n    } else {\n      cy.setSecurityLevels(...transition.from);\n    }\n  });\n  cy.wait(1e3);\n  cy.screenshot(`transition-initial-${transition.from.join(\"-\")}`);\n  cy.log(\"Verifying initial widget state\");\n  let initialWidgetFound = false;\n  cy.get(\"body\").then(($body) => {\n    const summarySelectors = [\n      '[data-testid=\"widget-security-summary\"]',\n      '[data-testid=\"security-summary\"]',\n      '[data-testid*=\"security\"][data-testid*=\"summary\"]'\n    ];\n    for (const selector of summarySelectors) {\n      if ($body.find(selector).length > 0) {\n        initialWidgetFound = true;\n        cy.log(`Found security summary with selector: ${selector}`);\n        cy.get(selector).should(\"exist\").as(\"securitySummary\");\n        break;\n      }\n    }\n    if (!initialWidgetFound) {\n      cy.log(\"⚠️ Could not find security summary widget\");\n      cy.get(\"body\").as(\"securitySummary\");\n    }\n  });\n  cy.get(\"body\").should(\"not.contain.text\", \"undefined\");\n  cy.get(\"body\").should(\"not.contain.text\", \"NaN\");\n  cy.get(\"body\").invoke(\"text\").as(\"initialBodyText\");\n  cy.log(`Changing to security levels: ${transition.to}`);\n  cy.get(\"body\").then(($body) => {\n    if ($body.find(\"select\").length >= 3) {\n      cy.get(\"select\").eq(0).select(transition.to[0], { force: true });\n      cy.wait(300);\n      cy.get(\"select\").eq(1).select(transition.to[1], { force: true });\n      cy.wait(300);\n      cy.get(\"select\").eq(2).select(transition.to[2], { force: true });\n    } else {\n      cy.setSecurityLevels(...transition.to);\n    }\n  });\n  cy.wait(1e3);\n  cy.screenshot(`transition-after-${transition.to.join(\"-\")}`);\n  if (initialWidgetFound) {\n    cy.get(\"@securitySummary\").should(\"exist\");\n  }\n  cy.get(\"body\").invoke(\"text\").then((newBodyText) => {\n    cy.get(\"@initialBodyText\").then((initialBodyText) => {\n      if (newBodyText !== initialBodyText) {\n        cy.log(\"✓ Page content changed after security level transition\");\n      } else {\n        cy.log(\"⚠️ Page content did not change after transition\");\n      }\n    });\n  });\n  cy.get(\"body\").should(\"not.contain.text\", \"undefined\");\n  cy.get(\"body\").should(\"not.contain.text\", \"NaN\");\n  cy.get(\"body\").should(\"not.contain.text\", \"Error\");\n  cy.window().then((win) => {\n    if (win.consoleErrors && win.consoleErrors.length > 0) {\n      cy.log(`⚠️ Console errors found: ${win.consoleErrors.length}`);\n      win.consoleErrors.forEach((err, i) => {\n        if (i < 3) {\n          cy.log(`Error ${i + 1}: ${err.substring(0, 100)}...`);\n        }\n      });\n    } else {\n      cy.log(\"✓ No console errors detected\");\n    }\n  });\n}",
              "err": {},
              "uuid": "c0d276ba-3f70-4c0b-80f9-5d4fc6b4a406",
              "parentUUID": "0978e9a0-c251-492b-9c25-2b35e3bfd26c",
              "isHook": false,
              "skipped": false
            }
          ],
          "suites": [],
          "passes": [
            "c0d276ba-3f70-4c0b-80f9-5d4fc6b4a406"
          ],
          "failures": [],
          "pending": [],
          "skipped": [],
          "duration": 10792,
          "root": false,
          "rootEmpty": false,
          "_timeout": 2000
        }
      ],
      "passes": [],
      "failures": [],
      "pending": [],
      "skipped": [],
      "duration": 0,
      "root": true,
      "rootEmpty": true,
      "_timeout": 2000
    },
    {
      "uuid": "c78acbbf-bfc6-49a8-a8f7-478b2595d485",
      "title": "",
      "fullFile": "cypress/e2e/widgets/all-widgets-security-test.cy.ts",
      "file": "cypress/e2e/widgets/all-widgets-security-test.cy.ts",
      "beforeHooks": [],
      "afterHooks": [],
      "tests": [],
      "suites": [
        {
          "uuid": "d6b2dfad-0823-47e4-8107-2317dfe6b768",
          "title": "All Widgets Security Level Tests",
          "fullFile": "",
          "file": "",
          "beforeHooks": [],
          "afterHooks": [],
          "tests": [
            {
              "title": "handles key security combinations for security-summary",
              "fullTitle": "All Widgets Security Level Tests handles key security combinations for security-summary",
              "timedOut": null,
              "duration": 5857,
              "state": "passed",
              "speed": "medium",
              "pass": true,
              "fail": false,
              "pending": false,
              "context": null,
              "code": "cy.get(\"body\").then(($body) => {\n  const widgetExists = $body.find(`[data-testid*=\"${widget}\"]`).length > 0;\n  if (!widgetExists) {\n    cy.log(\n      `⚠️ WARNING: Widget \"${widget}\" not found - skipping security level tests`\n    );\n    return;\n  }\n  cy.findWidget(widget).scrollIntoView();\n  const hasSelects = $body.find(\"select\").length >= 3;\n  if (!hasSelects) {\n    cy.log(\n      \"⚠️ WARNING: Not enough select elements found to set security levels\"\n    );\n    return;\n  }\n  criticalCombinations.forEach(([avail, integ, conf]) => {\n    cy.log(`Testing ${avail}-${integ}-${conf} combination`);\n    cy.get(\"body\").then(($updated) => {\n      const selects = $updated.find(\"select\");\n      if (selects.length >= 3) {\n        cy.get(\"select\").eq(0).select(avail, { force: true });\n        cy.get(\"select\").eq(1).select(integ, { force: true });\n        cy.get(\"select\").eq(2).select(conf, { force: true });\n      } else {\n        cy.setSecurityLevels(avail, integ, conf);\n      }\n    });\n    cy.wait(300);\n    cy.findWidget(widget).should(\"exist\").should(\"be.visible\").then(($widget) => {\n      expect($widget.text().trim().length).to.be.greaterThan(0);\n    });\n  });\n});",
              "err": {},
              "uuid": "cd858af3-bb66-407b-9fdb-f7b5ce06ebdd",
              "parentUUID": "d6b2dfad-0823-47e4-8107-2317dfe6b768",
              "isHook": false,
              "skipped": false
            },
            {
              "title": "handles key security combinations for business-impact",
              "fullTitle": "All Widgets Security Level Tests handles key security combinations for business-impact",
              "timedOut": null,
              "duration": 4889,
              "state": "passed",
              "speed": "fast",
              "pass": true,
              "fail": false,
              "pending": false,
              "context": null,
              "code": "cy.get(\"body\").then(($body) => {\n  const widgetExists = $body.find(`[data-testid*=\"${widget}\"]`).length > 0;\n  if (!widgetExists) {\n    cy.log(\n      `⚠️ WARNING: Widget \"${widget}\" not found - skipping security level tests`\n    );\n    return;\n  }\n  cy.findWidget(widget).scrollIntoView();\n  const hasSelects = $body.find(\"select\").length >= 3;\n  if (!hasSelects) {\n    cy.log(\n      \"⚠️ WARNING: Not enough select elements found to set security levels\"\n    );\n    return;\n  }\n  criticalCombinations.forEach(([avail, integ, conf]) => {\n    cy.log(`Testing ${avail}-${integ}-${conf} combination`);\n    cy.get(\"body\").then(($updated) => {\n      const selects = $updated.find(\"select\");\n      if (selects.length >= 3) {\n        cy.get(\"select\").eq(0).select(avail, { force: true });\n        cy.get(\"select\").eq(1).select(integ, { force: true });\n        cy.get(\"select\").eq(2).select(conf, { force: true });\n      } else {\n        cy.setSecurityLevels(avail, integ, conf);\n      }\n    });\n    cy.wait(300);\n    cy.findWidget(widget).should(\"exist\").should(\"be.visible\").then(($widget) => {\n      expect($widget.text().trim().length).to.be.greaterThan(0);\n    });\n  });\n});",
              "err": {},
              "uuid": "ca7fdedb-0ce3-4f4e-afdb-9c6a4d81081c",
              "parentUUID": "d6b2dfad-0823-47e4-8107-2317dfe6b768",
              "isHook": false,
              "skipped": false
            },
            {
              "title": "handles key security combinations for cost-estimation",
              "fullTitle": "All Widgets Security Level Tests handles key security combinations for cost-estimation",
              "timedOut": null,
              "duration": 4788,
              "state": "passed",
              "speed": "fast",
              "pass": true,
              "fail": false,
              "pending": false,
              "context": null,
              "code": "cy.get(\"body\").then(($body) => {\n  const widgetExists = $body.find(`[data-testid*=\"${widget}\"]`).length > 0;\n  if (!widgetExists) {\n    cy.log(\n      `⚠️ WARNING: Widget \"${widget}\" not found - skipping security level tests`\n    );\n    return;\n  }\n  cy.findWidget(widget).scrollIntoView();\n  const hasSelects = $body.find(\"select\").length >= 3;\n  if (!hasSelects) {\n    cy.log(\n      \"⚠️ WARNING: Not enough select elements found to set security levels\"\n    );\n    return;\n  }\n  criticalCombinations.forEach(([avail, integ, conf]) => {\n    cy.log(`Testing ${avail}-${integ}-${conf} combination`);\n    cy.get(\"body\").then(($updated) => {\n      const selects = $updated.find(\"select\");\n      if (selects.length >= 3) {\n        cy.get(\"select\").eq(0).select(avail, { force: true });\n        cy.get(\"select\").eq(1).select(integ, { force: true });\n        cy.get(\"select\").eq(2).select(conf, { force: true });\n      } else {\n        cy.setSecurityLevels(avail, integ, conf);\n      }\n    });\n    cy.wait(300);\n    cy.findWidget(widget).should(\"exist\").should(\"be.visible\").then(($widget) => {\n      expect($widget.text().trim().length).to.be.greaterThan(0);\n    });\n  });\n});",
              "err": {},
              "uuid": "8ba4d9ee-8476-49ce-a929-6970577d2a25",
              "parentUUID": "d6b2dfad-0823-47e4-8107-2317dfe6b768",
              "isHook": false,
              "skipped": false
            },
            {
              "title": "handles key security combinations for compliance-status",
              "fullTitle": "All Widgets Security Level Tests handles key security combinations for compliance-status",
              "timedOut": null,
              "duration": 4738,
              "state": "passed",
              "speed": "fast",
              "pass": true,
              "fail": false,
              "pending": false,
              "context": null,
              "code": "cy.get(\"body\").then(($body) => {\n  const widgetExists = $body.find(`[data-testid*=\"${widget}\"]`).length > 0;\n  if (!widgetExists) {\n    cy.log(\n      `⚠️ WARNING: Widget \"${widget}\" not found - skipping security level tests`\n    );\n    return;\n  }\n  cy.findWidget(widget).scrollIntoView();\n  const hasSelects = $body.find(\"select\").length >= 3;\n  if (!hasSelects) {\n    cy.log(\n      \"⚠️ WARNING: Not enough select elements found to set security levels\"\n    );\n    return;\n  }\n  criticalCombinations.forEach(([avail, integ, conf]) => {\n    cy.log(`Testing ${avail}-${integ}-${conf} combination`);\n    cy.get(\"body\").then(($updated) => {\n      const selects = $updated.find(\"select\");\n      if (selects.length >= 3) {\n        cy.get(\"select\").eq(0).select(avail, { force: true });\n        cy.get(\"select\").eq(1).select(integ, { force: true });\n        cy.get(\"select\").eq(2).select(conf, { force: true });\n      } else {\n        cy.setSecurityLevels(avail, integ, conf);\n      }\n    });\n    cy.wait(300);\n    cy.findWidget(widget).should(\"exist\").should(\"be.visible\").then(($widget) => {\n      expect($widget.text().trim().length).to.be.greaterThan(0);\n    });\n  });\n});",
              "err": {},
              "uuid": "803db41c-c602-47f0-beb0-faefe894e9fd",
              "parentUUID": "d6b2dfad-0823-47e4-8107-2317dfe6b768",
              "isHook": false,
              "skipped": false
            },
            {
              "title": "handles security level transitions smoothly for security-summary widget",
              "fullTitle": "All Widgets Security Level Tests handles security level transitions smoothly for security-summary widget",
              "timedOut": null,
              "duration": 3738,
              "state": "passed",
              "speed": "fast",
              "pass": true,
              "fail": false,
              "pending": false,
              "context": null,
              "code": "cy.findWidget(widgetName).scrollIntoView();\nconst transitionSequence = [\n  [SECURITY_LEVELS.LOW, SECURITY_LEVELS.LOW, SECURITY_LEVELS.LOW],\n  [SECURITY_LEVELS.HIGH, SECURITY_LEVELS.HIGH, SECURITY_LEVELS.HIGH],\n  [\n    SECURITY_LEVELS.MODERATE,\n    SECURITY_LEVELS.MODERATE,\n    SECURITY_LEVELS.MODERATE\n  ],\n  [SECURITY_LEVELS.LOW, SECURITY_LEVELS.HIGH, SECURITY_LEVELS.MODERATE]\n];\ntransitionSequence.forEach(([avail, integ, conf], index) => {\n  cy.log(`Testing transition ${index + 1}: ${avail}, ${integ}, ${conf}`);\n  cy.setSecurityLevels(avail, integ, conf);\n  cy.wait(100);\n  cy.findWidget(widgetName).should(\"exist\");\n});\ncy.findWidget(widgetName).should(\"be.visible\").invoke(\"text\").should(\"not.be.empty\");",
              "err": {},
              "uuid": "8d12f725-212f-4d7d-8e3b-2c5d4865713d",
              "parentUUID": "d6b2dfad-0823-47e4-8107-2317dfe6b768",
              "isHook": false,
              "skipped": false
            },
            {
              "title": "handles security level transitions smoothly for radar-chart widget",
              "fullTitle": "All Widgets Security Level Tests handles security level transitions smoothly for radar-chart widget",
              "timedOut": null,
              "duration": 3742,
              "state": "passed",
              "speed": "fast",
              "pass": true,
              "fail": false,
              "pending": false,
              "context": null,
              "code": "cy.findWidget(widgetName).scrollIntoView();\nconst transitionSequence = [\n  [SECURITY_LEVELS.LOW, SECURITY_LEVELS.LOW, SECURITY_LEVELS.LOW],\n  [SECURITY_LEVELS.HIGH, SECURITY_LEVELS.HIGH, SECURITY_LEVELS.HIGH],\n  [\n    SECURITY_LEVELS.MODERATE,\n    SECURITY_LEVELS.MODERATE,\n    SECURITY_LEVELS.MODERATE\n  ],\n  [SECURITY_LEVELS.LOW, SECURITY_LEVELS.HIGH, SECURITY_LEVELS.MODERATE]\n];\ntransitionSequence.forEach(([avail, integ, conf], index) => {\n  cy.log(`Testing transition ${index + 1}: ${avail}, ${integ}, ${conf}`);\n  cy.setSecurityLevels(avail, integ, conf);\n  cy.wait(100);\n  cy.findWidget(widgetName).should(\"exist\");\n});\ncy.findWidget(widgetName).should(\"be.visible\").invoke(\"text\").should(\"not.be.empty\");",
              "err": {},
              "uuid": "294721c2-a87b-4671-a42b-b44b88067508",
              "parentUUID": "d6b2dfad-0823-47e4-8107-2317dfe6b768",
              "isHook": false,
              "skipped": false
            },
            {
              "title": "handles security level transitions smoothly for compliance-status widget",
              "fullTitle": "All Widgets Security Level Tests handles security level transitions smoothly for compliance-status widget",
              "timedOut": null,
              "duration": 3733,
              "state": "passed",
              "speed": "fast",
              "pass": true,
              "fail": false,
              "pending": false,
              "context": null,
              "code": "cy.findWidget(widgetName).scrollIntoView();\nconst transitionSequence = [\n  [SECURITY_LEVELS.LOW, SECURITY_LEVELS.LOW, SECURITY_LEVELS.LOW],\n  [SECURITY_LEVELS.HIGH, SECURITY_LEVELS.HIGH, SECURITY_LEVELS.HIGH],\n  [\n    SECURITY_LEVELS.MODERATE,\n    SECURITY_LEVELS.MODERATE,\n    SECURITY_LEVELS.MODERATE\n  ],\n  [SECURITY_LEVELS.LOW, SECURITY_LEVELS.HIGH, SECURITY_LEVELS.MODERATE]\n];\ntransitionSequence.forEach(([avail, integ, conf], index) => {\n  cy.log(`Testing transition ${index + 1}: ${avail}, ${integ}, ${conf}`);\n  cy.setSecurityLevels(avail, integ, conf);\n  cy.wait(100);\n  cy.findWidget(widgetName).should(\"exist\");\n});\ncy.findWidget(widgetName).should(\"be.visible\").invoke(\"text\").should(\"not.be.empty\");",
              "err": {},
              "uuid": "d58e8d8b-87b4-468b-bd5c-aba90b0cf2a9",
              "parentUUID": "d6b2dfad-0823-47e4-8107-2317dfe6b768",
              "isHook": false,
              "skipped": false
            },
            {
              "title": "shows appropriate widgets for each security profile",
              "fullTitle": "All Widgets Security Level Tests shows appropriate widgets for each security profile",
              "timedOut": null,
              "duration": 2905,
              "state": "passed",
              "speed": "fast",
              "pass": true,
              "fail": false,
              "pending": false,
              "context": null,
              "code": "const securityProfiles = [\n  {\n    name: \"None/Low Security\",\n    levels: [SECURITY_LEVELS.LOW, SECURITY_LEVELS.LOW, SECURITY_LEVELS.LOW],\n    expectedWidgets: [\n      \"security-summary\",\n      \"security-level\",\n      \"cost-estimation\"\n    ],\n    unexpectedWidgets: [\"cia-impact-summary\", \"radar-chart\"]\n    // These might not be visible at low security\n  },\n  {\n    name: \"High Security\",\n    levels: [\n      SECURITY_LEVELS.HIGH,\n      SECURITY_LEVELS.HIGH,\n      SECURITY_LEVELS.HIGH\n    ],\n    expectedWidgets: [\n      \"security-summary\",\n      \"security-level\",\n      \"cost-estimation\",\n      \"value-creation\",\n      \"business-impact\",\n      \"compliance-status\"\n    ],\n    unexpectedWidgets: []\n    // At high security, most widgets should be visible\n  }\n];\nsecurityProfiles.forEach((profile) => {\n  cy.log(`Testing ${profile.name} profile`);\n  cy.setSecurityLevels(...profile.levels);\n  cy.wait(500);\n  profile.expectedWidgets.forEach((widgetId) => {\n    cy.findWidget(widgetId).should(\"exist\");\n  });\n  if (profile.unexpectedWidgets.length > 0) {\n    cy.log(\n      `Note: Some widgets may not be visible in ${profile.name} profile`\n    );\n  }\n});",
              "err": {},
              "uuid": "417a123c-4938-4afd-9836-f202fc9022ba",
              "parentUUID": "d6b2dfad-0823-47e4-8107-2317dfe6b768",
              "isHook": false,
              "skipped": false
            },
            {
              "title": "handles extreme security transitions without errors",
              "fullTitle": "All Widgets Security Level Tests handles extreme security transitions without errors",
              "timedOut": null,
              "duration": 2622,
              "state": "passed",
              "speed": "fast",
              "pass": true,
              "fail": false,
              "pending": false,
              "context": null,
              "code": "cy.setSecurityLevels(\n  SECURITY_LEVELS.NONE,\n  SECURITY_LEVELS.NONE,\n  SECURITY_LEVELS.NONE\n);\ncy.wait(300);\ncy.window().then((win) => {\n  win.consoleErrors = [];\n  cy.setSecurityLevels(\n    SECURITY_LEVELS.VERY_HIGH,\n    SECURITY_LEVELS.VERY_HIGH,\n    SECURITY_LEVELS.VERY_HIGH\n  );\n  cy.wait(500);\n  cy.wrap(win.consoleErrors || []).should(\"have.length.lessThan\", 3);\n});",
              "err": {},
              "uuid": "fa4f58bf-e1af-47b2-8e9c-fea247bad659",
              "parentUUID": "d6b2dfad-0823-47e4-8107-2317dfe6b768",
              "isHook": false,
              "skipped": false
            }
          ],
          "suites": [],
          "passes": [
            "cd858af3-bb66-407b-9fdb-f7b5ce06ebdd",
            "ca7fdedb-0ce3-4f4e-afdb-9c6a4d81081c",
            "8ba4d9ee-8476-49ce-a929-6970577d2a25",
            "803db41c-c602-47f0-beb0-faefe894e9fd",
            "8d12f725-212f-4d7d-8e3b-2c5d4865713d",
            "294721c2-a87b-4671-a42b-b44b88067508",
            "d58e8d8b-87b4-468b-bd5c-aba90b0cf2a9",
            "417a123c-4938-4afd-9836-f202fc9022ba",
            "fa4f58bf-e1af-47b2-8e9c-fea247bad659"
          ],
          "failures": [],
          "pending": [],
          "skipped": [],
          "duration": 37012,
          "root": false,
          "rootEmpty": false,
          "_timeout": 2000
        }
      ],
      "passes": [],
      "failures": [],
      "pending": [],
      "skipped": [],
      "duration": 0,
      "root": true,
      "rootEmpty": true,
      "_timeout": 2000
    },
    {
      "uuid": "82ca2680-0b2f-4d8d-975b-4a764cd7718b",
      "title": "",
      "fullFile": "cypress/e2e/widgets/availability-impact-widget.cy.ts",
      "file": "cypress/e2e/widgets/availability-impact-widget.cy.ts",
      "beforeHooks": [],
      "afterHooks": [],
      "tests": [],
      "suites": [
        {
          "uuid": "0ae63147-177c-4e8d-ac72-c976b777620d",
          "title": "Availability Impact Widget",
          "fullFile": "",
          "file": "",
          "beforeHooks": [],
          "afterHooks": [],
          "tests": [
            {
              "title": "displays availability impact analysis",
              "fullTitle": "Availability Impact Widget displays availability impact analysis",
              "timedOut": null,
              "duration": 1339,
              "state": "passed",
              "speed": "fast",
              "pass": true,
              "fail": false,
              "pending": false,
              "context": null,
              "code": "cy.get(\"body\").then(($body) => {\n  const selectors = [\n    '[data-testid*=\"availability-impact\"]',\n    '[data-testid=\"widget-availability-impact-container\"]',\n    '[data-testid=\"widget-availability-impact\"]',\n    '[class*=\"availability-impact\"]'\n  ];\n  let foundSelector = false;\n  for (const selector of selectors) {\n    if ($body.find(selector).length > 0) {\n      cy.log(`Found availability widget with selector: ${selector}`);\n      cy.get(selector).should(\"exist\").scrollIntoView().should(\"be.visible\");\n      foundSelector = true;\n      break;\n    }\n  }\n  if (!foundSelector) {\n    cy.log(\n      \"⚠️ Could not find availability impact widget with standard selectors\"\n    );\n    return;\n  }\n  cy.verifyContentPresent([\n    /availability|uptime|recovery/i,\n    /impact|effect|consequence/i\n  ]);\n});",
              "err": {},
              "uuid": "d24485e0-85bc-456b-ba0a-09805553ac13",
              "parentUUID": "0ae63147-177c-4e8d-ac72-c976b777620d",
              "isHook": false,
              "skipped": false
            },
            {
              "title": "updates content when security levels change",
              "fullTitle": "Availability Impact Widget updates content when security levels change",
              "timedOut": null,
              "duration": 2768,
              "state": "passed",
              "speed": "fast",
              "pass": true,
              "fail": false,
              "pending": false,
              "context": null,
              "code": "cy.findWidget(\"availability-impact\").then(($widget) => {\n  if ($widget.length === 0) {\n    cy.log(\"⚠️ Widget not found - skipping test\");\n    return;\n  }\n  const initialContent = $widget.text();\n  cy.get(\"body\").then(($body) => {\n    const selectCount = $body.find(\"select\").length;\n    if (selectCount >= 3) {\n      cy.get(\"select\").eq(0).select(SECURITY_LEVELS.LOW, { force: true });\n      cy.get(\"select\").eq(1).select(SECURITY_LEVELS.LOW, { force: true });\n      cy.get(\"select\").eq(2).select(SECURITY_LEVELS.LOW, { force: true });\n    } else {\n      cy.setSecurityLevels(\n        SECURITY_LEVELS.LOW,\n        SECURITY_LEVELS.LOW,\n        SECURITY_LEVELS.LOW\n      );\n    }\n  });\n  cy.wait(500);\n  cy.get(\"body\").then(($body) => {\n    const selectCount = $body.find(\"select\").length;\n    if (selectCount >= 3) {\n      cy.get(\"select\").eq(0).select(SECURITY_LEVELS.HIGH, { force: true });\n      cy.get(\"select\").eq(1).select(SECURITY_LEVELS.HIGH, { force: true });\n      cy.get(\"select\").eq(2).select(SECURITY_LEVELS.HIGH, { force: true });\n    } else {\n      cy.setSecurityLevels(\n        SECURITY_LEVELS.HIGH,\n        SECURITY_LEVELS.HIGH,\n        SECURITY_LEVELS.HIGH\n      );\n    }\n  });\n  cy.wait(500);\n  cy.findWidget(\"availability-impact\").invoke(\"text\").then((newContent) => {\n    cy.log(`Initial content length: ${initialContent.length}`);\n    cy.log(`New content length: ${newContent.length}`);\n  });\n});",
              "err": {},
              "uuid": "008718b5-dd27-4d53-966d-b98207e78e68",
              "parentUUID": "0ae63147-177c-4e8d-ac72-c976b777620d",
              "isHook": false,
              "skipped": false
            },
            {
              "title": "shows technical metrics and recommendations",
              "fullTitle": "Availability Impact Widget shows technical metrics and recommendations",
              "timedOut": null,
              "duration": 1861,
              "state": "passed",
              "speed": "fast",
              "pass": true,
              "fail": false,
              "pending": false,
              "context": null,
              "code": "cy.findWidget(\"availability-impact\").then(($widget) => {\n  if ($widget.length === 0) {\n    cy.log(\"⚠️ Widget not found - skipping test\");\n    return;\n  }\n  cy.wrap($widget).scrollIntoView();\n  cy.get(\"body\").then(($body) => {\n    const selectCount = $body.find(\"select\").length;\n    if (selectCount >= 3) {\n      cy.get(\"select\").eq(0).select(SECURITY_LEVELS.MODERATE, { force: true });\n      cy.get(\"select\").eq(1).select(SECURITY_LEVELS.MODERATE, { force: true });\n      cy.get(\"select\").eq(2).select(SECURITY_LEVELS.MODERATE, { force: true });\n    } else {\n      cy.setSecurityLevels(\n        SECURITY_LEVELS.MODERATE,\n        SECURITY_LEVELS.MODERATE,\n        SECURITY_LEVELS.MODERATE\n      );\n    }\n  });\n  cy.wait(500);\n  cy.log(\"Checking for availability metrics terminology\");\n  cy.get(\"body\").contains(/rto|rpo|mttr|uptime/i);\n  cy.log(\"Checking for recommendation terminology\");\n  cy.get(\"body\").contains(/recommend|suggest/i);\n});",
              "err": {},
              "uuid": "fdc84e42-2617-43e4-acd0-ff1cef291397",
              "parentUUID": "0ae63147-177c-4e8d-ac72-c976b777620d",
              "isHook": false,
              "skipped": false
            },
            {
              "title": "displays business impact information",
              "fullTitle": "Availability Impact Widget displays business impact information",
              "timedOut": null,
              "duration": 1819,
              "state": "passed",
              "speed": "fast",
              "pass": true,
              "fail": false,
              "pending": false,
              "context": null,
              "code": "cy.findWidget(\"availability-impact\").then(($widget) => {\n  if ($widget.length === 0) {\n    cy.log(\"⚠️ Widget not found - skipping test\");\n    return;\n  }\n  cy.wrap($widget).scrollIntoView();\n  cy.get(\"body\").then(($body) => {\n    const selectCount = $body.find(\"select\").length;\n    if (selectCount >= 3) {\n      cy.get(\"select\").eq(0).select(SECURITY_LEVELS.HIGH, { force: true });\n      cy.get(\"select\").eq(1).select(SECURITY_LEVELS.MODERATE, { force: true });\n      cy.get(\"select\").eq(2).select(SECURITY_LEVELS.LOW, { force: true });\n    } else {\n      cy.setSecurityLevels(\n        SECURITY_LEVELS.HIGH,\n        SECURITY_LEVELS.MODERATE,\n        SECURITY_LEVELS.LOW\n      );\n    }\n  });\n  cy.wait(500);\n  cy.contains(/business impact|effect on business|operational impact/i);\n});",
              "err": {},
              "uuid": "e017cc42-c586-4908-8844-cd13aabade2d",
              "parentUUID": "0ae63147-177c-4e8d-ac72-c976b777620d",
              "isHook": false,
              "skipped": false
            }
          ],
          "suites": [],
          "passes": [
            "d24485e0-85bc-456b-ba0a-09805553ac13",
            "008718b5-dd27-4d53-966d-b98207e78e68",
            "fdc84e42-2617-43e4-acd0-ff1cef291397",
            "e017cc42-c586-4908-8844-cd13aabade2d"
          ],
          "failures": [],
          "pending": [],
          "skipped": [],
          "duration": 7787,
          "root": false,
          "rootEmpty": false,
          "_timeout": 2000
        }
      ],
      "passes": [],
      "failures": [],
      "pending": [],
      "skipped": [],
      "duration": 0,
      "root": true,
      "rootEmpty": true,
      "_timeout": 2000
    },
    {
      "uuid": "997fb3e4-2e5d-4160-8ce4-4071b268426d",
      "title": "",
      "fullFile": "cypress/e2e/widgets/business-impact-widget.cy.ts",
      "file": "cypress/e2e/widgets/business-impact-widget.cy.ts",
      "beforeHooks": [],
      "afterHooks": [],
      "tests": [],
      "suites": [
        {
          "uuid": "c79ed200-18ef-4f3a-a92f-3870c0caf1b1",
          "title": "Business Impact Widget",
          "fullFile": "",
          "file": "",
          "beforeHooks": [],
          "afterHooks": [],
          "tests": [
            {
              "title": "should display the business impact widget",
              "fullTitle": "Business Impact Widget should display the business impact widget",
              "timedOut": null,
              "duration": 1292,
              "state": "passed",
              "speed": "fast",
              "pass": true,
              "fail": false,
              "pending": false,
              "context": null,
              "code": "cy.get(\"body\").then(($body) => {\n  const selectors = [\n    '[data-testid=\"widget-business-impact-container\"]',\n    '[data-testid=\"business-impact-widget\"]',\n    '[data-testid*=\"business-impact\"]',\n    '[class*=\"business-impact\"]'\n  ];\n  let found = false;\n  for (const selector of selectors) {\n    if ($body.find(selector).length > 0) {\n      cy.get(selector).should(\"exist\").and(\"be.visible\");\n      found = true;\n      break;\n    }\n  }\n  if (!found) {\n    cy.log(\"⚠️ Business impact widget not found with standard selectors\");\n  }\n});",
              "err": {},
              "uuid": "1f8ed3b6-8458-4489-9dda-a5f0b83dd69d",
              "parentUUID": "c79ed200-18ef-4f3a-a92f-3870c0caf1b1",
              "isHook": false,
              "skipped": false
            },
            {
              "title": "updates content when security levels change",
              "fullTitle": "Business Impact Widget updates content when security levels change",
              "timedOut": null,
              "duration": 2769,
              "state": "passed",
              "speed": "fast",
              "pass": true,
              "fail": false,
              "pending": false,
              "context": null,
              "code": "cy.findWidget(\"business-impact\").then(($widget) => {\n  if ($widget.length === 0) {\n    cy.log(\"⚠️ Widget not found - skipping test\");\n    return;\n  }\n  cy.wrap($widget).scrollIntoView();\n  const initialContent = $widget.text();\n  cy.get(\"body\").then(($body) => {\n    if ($body.find(\"select\").length >= 3) {\n      cy.get(\"select\").eq(0).select(SECURITY_LEVELS.LOW, { force: true });\n      cy.get(\"select\").eq(1).select(SECURITY_LEVELS.LOW, { force: true });\n      cy.get(\"select\").eq(2).select(SECURITY_LEVELS.LOW, { force: true });\n    } else {\n      cy.setSecurityLevels(\n        SECURITY_LEVELS.LOW,\n        SECURITY_LEVELS.LOW,\n        SECURITY_LEVELS.LOW\n      );\n    }\n  });\n  cy.wait(500);\n  cy.get(\"body\").then(($body) => {\n    if ($body.find(\"select\").length >= 3) {\n      cy.get(\"select\").eq(0).select(SECURITY_LEVELS.HIGH, { force: true });\n      cy.get(\"select\").eq(1).select(SECURITY_LEVELS.HIGH, { force: true });\n      cy.get(\"select\").eq(2).select(SECURITY_LEVELS.HIGH, { force: true });\n    } else {\n      cy.setSecurityLevels(\n        SECURITY_LEVELS.HIGH,\n        SECURITY_LEVELS.HIGH,\n        SECURITY_LEVELS.HIGH\n      );\n    }\n  });\n  cy.wait(500);\n  cy.findWidget(\"business-impact\").invoke(\"text\").then((newContent) => {\n    if (newContent !== initialContent) {\n      cy.log(\n        \"✅ Content changed as expected after security level change\"\n      );\n    } else {\n      cy.log(\"⚠️ Content did not change after security level change\");\n    }\n  });\n});",
              "err": {},
              "uuid": "9bb7bb5a-750f-422b-ad6d-955af4697ae9",
              "parentUUID": "c79ed200-18ef-4f3a-a92f-3870c0caf1b1",
              "isHook": false,
              "skipped": false
            },
            {
              "title": "has functioning CIA tab navigation",
              "fullTitle": "Business Impact Widget has functioning CIA tab navigation",
              "timedOut": null,
              "duration": 1559,
              "state": "passed",
              "speed": "fast",
              "pass": true,
              "fail": false,
              "pending": false,
              "context": null,
              "code": "cy.findWidget(\"business-impact\").then(($widget) => {\n  if ($widget.length === 0) {\n    cy.log(\"⚠️ Widget not found - skipping test\");\n    return;\n  }\n  cy.wrap($widget).scrollIntoView();\n  const tabSelectors = [\n    'button, [role=\"tab\"]',\n    'button:contains(\"Availability\"), button:contains(\"Integrity\"), button:contains(\"Confidentiality\")'\n  ];\n  let tabsFound = false;\n  for (const selector of tabSelectors) {\n    const $tabs = $widget.find(selector);\n    if ($tabs.length >= 2) {\n      tabsFound = true;\n      cy.log(`Found ${$tabs.length} tabs with selector: ${selector}`);\n      cy.wrap($widget).find(selector).each(($tab, index) => {\n        if (index > 0 && index < 3) {\n          cy.log(`Clicking tab ${index}`);\n          cy.wrap($tab).click({ force: true });\n          cy.wait(300);\n        }\n      });\n      break;\n    }\n  }\n  if (!tabsFound) {\n    cy.log(\n      \"⚠️ No tabs found in business impact widget - this might be expected if the widget doesn't use tabs\"\n    );\n  }\n});",
              "err": {},
              "uuid": "5d733ed6-e698-4f21-9a51-3471b19a1774",
              "parentUUID": "c79ed200-18ef-4f3a-a92f-3870c0caf1b1",
              "isHook": false,
              "skipped": false
            },
            {
              "title": "displays appropriate impact cards for high security",
              "fullTitle": "Business Impact Widget displays appropriate impact cards for high security",
              "timedOut": null,
              "duration": 1836,
              "state": "passed",
              "speed": "fast",
              "pass": true,
              "fail": false,
              "pending": false,
              "context": null,
              "code": "cy.findWidget(\"business-impact\").then(($widget) => {\n  if ($widget.length === 0) {\n    cy.log(\"⚠️ Widget not found - skipping test\");\n    return;\n  }\n  cy.wrap($widget).scrollIntoView();\n  cy.get(\"body\").then(($body) => {\n    if ($body.find(\"select\").length >= 3) {\n      cy.get(\"select\").eq(0).select(SECURITY_LEVELS.HIGH, { force: true });\n      cy.get(\"select\").eq(1).select(SECURITY_LEVELS.HIGH, { force: true });\n      cy.get(\"select\").eq(2).select(SECURITY_LEVELS.HIGH, { force: true });\n    } else {\n      cy.setSecurityLevels(\n        SECURITY_LEVELS.HIGH,\n        SECURITY_LEVELS.HIGH,\n        SECURITY_LEVELS.HIGH\n      );\n    }\n  });\n  cy.wait(500);\n  cy.wrap($widget).within(() => {\n    cy.contains(/impact|effect|consequence/i).should(\"exist\");\n    cy.contains(/financial|revenue|cost/i).should(\"exist\");\n    cy.contains(/operational|process|function/i).should(\"exist\");\n  });\n});",
              "err": {},
              "uuid": "7347abe2-7f62-4dc8-894c-352436ee8bd7",
              "parentUUID": "c79ed200-18ef-4f3a-a92f-3870c0caf1b1",
              "isHook": false,
              "skipped": false
            },
            {
              "title": "shows different impacts for mixed security levels",
              "fullTitle": "Business Impact Widget shows different impacts for mixed security levels",
              "timedOut": null,
              "duration": 1837,
              "state": "passed",
              "speed": "fast",
              "pass": true,
              "fail": false,
              "pending": false,
              "context": null,
              "code": "cy.findWidget(\"business-impact\").then(($widget) => {\n  if ($widget.length === 0) {\n    cy.log(\"⚠️ Widget not found - skipping test\");\n    return;\n  }\n  cy.wrap($widget).scrollIntoView();\n  cy.get(\"body\").then(($body) => {\n    if ($body.find(\"select\").length >= 3) {\n      cy.get(\"select\").eq(0).select(SECURITY_LEVELS.HIGH, { force: true });\n      cy.get(\"select\").eq(1).select(SECURITY_LEVELS.LOW, { force: true });\n      cy.get(\"select\").eq(2).select(SECURITY_LEVELS.MODERATE, { force: true });\n    } else {\n      cy.setSecurityLevels(\n        SECURITY_LEVELS.HIGH,\n        SECURITY_LEVELS.LOW,\n        SECURITY_LEVELS.MODERATE\n      );\n    }\n  });\n  cy.wait(500);\n  cy.wrap($widget).invoke(\"text\").then((text) => {\n    const patterns = [\n      /availability|integrity|confidentiality/i,\n      /impact|effect|consequence/i,\n      /business|operation|financial/i\n    ];\n    const matchingPatterns = patterns.filter(\n      (pattern) => pattern.test(text)\n    );\n    cy.log(\n      `Found ${matchingPatterns.length} matching patterns in widget`\n    );\n    expect(matchingPatterns.length).to.be.greaterThan(0);\n  });\n});",
              "err": {},
              "uuid": "640e26a8-8dfd-4655-911e-bc63b472ffca",
              "parentUUID": "c79ed200-18ef-4f3a-a92f-3870c0caf1b1",
              "isHook": false,
              "skipped": false
            }
          ],
          "suites": [],
          "passes": [
            "1f8ed3b6-8458-4489-9dda-a5f0b83dd69d",
            "9bb7bb5a-750f-422b-ad6d-955af4697ae9",
            "5d733ed6-e698-4f21-9a51-3471b19a1774",
            "7347abe2-7f62-4dc8-894c-352436ee8bd7",
            "640e26a8-8dfd-4655-911e-bc63b472ffca"
          ],
          "failures": [],
          "pending": [],
          "skipped": [],
          "duration": 9293,
          "root": false,
          "rootEmpty": false,
          "_timeout": 2000
        }
      ],
      "passes": [],
      "failures": [],
      "pending": [],
      "skipped": [],
      "duration": 0,
      "root": true,
      "rootEmpty": true,
      "_timeout": 2000
    },
    {
      "uuid": "4986f8d2-94da-4ae4-81ca-efde43b9c14e",
      "title": "",
      "fullFile": "cypress/e2e/widgets/cia-impact-summary-widget.cy.ts",
      "file": "cypress/e2e/widgets/cia-impact-summary-widget.cy.ts",
      "beforeHooks": [],
      "afterHooks": [],
      "tests": [],
      "suites": [
        {
          "uuid": "ae80deba-b4a5-4605-a534-85d24a75f267",
          "title": "CIA Impact Summary Widget",
          "fullFile": "",
          "file": "",
          "beforeHooks": [],
          "afterHooks": [],
          "tests": [
            {
              "title": "cia-impact-summary widget should exist",
              "fullTitle": "CIA Impact Summary Widget cia-impact-summary widget should exist",
              "timedOut": null,
              "duration": 3735,
              "state": "passed",
              "speed": "fast",
              "pass": true,
              "fail": false,
              "pending": false,
              "context": null,
              "code": "cy.findWidget(widgetName).should(\"exist\").scrollIntoView();\ncy.findWidget(widgetName).then(($widget) => {\n  expect($widget.text().trim().length).to.be.greaterThan(0);\n});",
              "err": {},
              "uuid": "c2487c2d-e0be-4c44-ad5e-6d53fb4a9c77",
              "parentUUID": "ae80deba-b4a5-4605-a534-85d24a75f267",
              "isHook": false,
              "skipped": false
            },
            {
              "title": "updates content when security levels change",
              "fullTitle": "CIA Impact Summary Widget updates content when security levels change",
              "timedOut": null,
              "duration": 6821,
              "state": "passed",
              "speed": "medium",
              "pass": true,
              "fail": false,
              "pending": false,
              "context": null,
              "code": "testSecurityLevelChanges(\"cia-impact-summary\");",
              "err": {},
              "uuid": "d257d8b5-4aeb-4f9a-9efc-3cf57ebfb33d",
              "parentUUID": "ae80deba-b4a5-4605-a534-85d24a75f267",
              "isHook": false,
              "skipped": false
            },
            {
              "title": "shows comprehensive CIA impact summary at high security levels",
              "fullTitle": "CIA Impact Summary Widget shows comprehensive CIA impact summary at high security levels",
              "timedOut": null,
              "duration": 4850,
              "state": "passed",
              "speed": "fast",
              "pass": true,
              "fail": false,
              "pending": false,
              "context": null,
              "code": "cy.findWidget(\"cia-impact-summary\").scrollIntoView();\ncy.setSecurityLevels(\n  SECURITY_LEVELS.HIGH,\n  SECURITY_LEVELS.HIGH,\n  SECURITY_LEVELS.HIGH\n);\ncy.wait(1e3);\ncy.findWidget(\"cia-impact-summary\").then(($widget) => {\n  const text = $widget.text().toLowerCase();\n  const hasAvailabilityTerms = /availability|uptime|recovery|access/i.test(\n    text\n  );\n  const hasIntegrityTerms = /integrity|accuracy|valid|correct/i.test(text);\n  const hasConfidentialTerms = /confidential|privacy|sensitive|secret/i.test(text);\n  cy.log(`Found availability terms: ${hasAvailabilityTerms}`);\n  cy.log(`Found integrity terms: ${hasIntegrityTerms}`);\n  cy.log(`Found confidentiality terms: ${hasConfidentialTerms}`);\n  expect(hasAvailabilityTerms || hasIntegrityTerms || hasConfidentialTerms).to.be.true;\n});",
              "err": {},
              "uuid": "efa877a3-52b2-45ae-9b5e-039c232d191d",
              "parentUUID": "ae80deba-b4a5-4605-a534-85d24a75f267",
              "isHook": false,
              "skipped": false
            },
            {
              "title": "properly displays mixed security levels",
              "fullTitle": "CIA Impact Summary Widget properly displays mixed security levels",
              "timedOut": null,
              "duration": 6642,
              "state": "passed",
              "speed": "medium",
              "pass": true,
              "fail": false,
              "pending": false,
              "context": null,
              "code": "cy.findWidget(\"cia-impact-summary\").scrollIntoView();\ncy.setSecurityLevels(\n  SECURITY_LEVELS.HIGH,\n  SECURITY_LEVELS.LOW,\n  SECURITY_LEVELS.MODERATE\n);\ncy.wait(1e3);\ncy.findWidget(\"cia-impact-summary\").then(($widgetBefore) => {\n  const textBefore = $widgetBefore.text();\n  cy.setSecurityLevels(\n    SECURITY_LEVELS.LOW,\n    SECURITY_LEVELS.HIGH,\n    SECURITY_LEVELS.LOW\n  );\n  cy.wait(1e3);\n  cy.findWidget(\"cia-impact-summary\").then(($widgetAfter) => {\n    const textAfter = $widgetAfter.text();\n    expect(textAfter).not.to.equal(textBefore);\n  });\n});",
              "err": {},
              "uuid": "9773d69a-262e-417d-a888-f02a23bce3c0",
              "parentUUID": "ae80deba-b4a5-4605-a534-85d24a75f267",
              "isHook": false,
              "skipped": false
            }
          ],
          "suites": [],
          "passes": [
            "c2487c2d-e0be-4c44-ad5e-6d53fb4a9c77",
            "d257d8b5-4aeb-4f9a-9efc-3cf57ebfb33d",
            "efa877a3-52b2-45ae-9b5e-039c232d191d",
            "9773d69a-262e-417d-a888-f02a23bce3c0"
          ],
          "failures": [],
          "pending": [],
          "skipped": [],
          "duration": 22048,
          "root": false,
          "rootEmpty": false,
          "_timeout": 2000
        }
      ],
      "passes": [],
      "failures": [],
      "pending": [],
      "skipped": [],
      "duration": 0,
      "root": true,
      "rootEmpty": true,
      "_timeout": 2000
    },
    {
      "uuid": "7951c39f-b470-49f8-90fc-2e06b51e7894",
      "title": "",
      "fullFile": "cypress/e2e/widgets/cia-impact-widgets.cy.ts",
      "file": "cypress/e2e/widgets/cia-impact-widgets.cy.ts",
      "beforeHooks": [],
      "afterHooks": [],
      "tests": [],
      "suites": [
        {
          "uuid": "b106437c-c58c-4be5-8d98-8a8cc538af27",
          "title": "Availability Impact Widget",
          "fullFile": "",
          "file": "",
          "beforeHooks": [],
          "afterHooks": [],
          "tests": [
            {
              "title": "availability-impact widget should exist",
              "fullTitle": "Availability Impact Widget availability-impact widget should exist",
              "timedOut": null,
              "duration": 3696,
              "state": "passed",
              "speed": "fast",
              "pass": true,
              "fail": false,
              "pending": false,
              "context": null,
              "code": "cy.findWidget(widgetName).should(\"exist\").scrollIntoView();\ncy.findWidget(widgetName).then(($widget) => {\n  expect($widget.text().trim().length).to.be.greaterThan(0);\n});",
              "err": {},
              "uuid": "1302ddd4-696d-4f37-8a23-5bda939fcb64",
              "parentUUID": "b106437c-c58c-4be5-8d98-8a8cc538af27",
              "isHook": false,
              "skipped": false
            },
            {
              "title": "updates impact assessments when security levels change",
              "fullTitle": "Availability Impact Widget updates impact assessments when security levels change",
              "timedOut": null,
              "duration": 6601,
              "state": "passed",
              "speed": "medium",
              "pass": true,
              "fail": false,
              "pending": false,
              "context": null,
              "code": "testSecurityLevelChanges(widget.id);",
              "err": {},
              "uuid": "ddd81606-6ef8-4df6-a13a-ca480428cd96",
              "parentUUID": "b106437c-c58c-4be5-8d98-8a8cc538af27",
              "isHook": false,
              "skipped": false
            },
            {
              "title": "shows detailed ${widget.name.toLowerCase()} impact with high security",
              "fullTitle": "Availability Impact Widget shows detailed ${widget.name.toLowerCase()} impact with high security",
              "timedOut": null,
              "duration": 4835,
              "state": "passed",
              "speed": "fast",
              "pass": true,
              "fail": false,
              "pending": false,
              "context": null,
              "code": "cy.log(`Looking for widget ${widget.id}`);\ncy.findWidget(widget.id).then(($widget) => {\n  if ($widget.length === 0) {\n    cy.log(`⚠️ Widget ${widget.id} not found - skipping test`);\n    return;\n  }\n  cy.wrap($widget).scrollIntoView();\n  const availLevel = widget.id === \"availability-impact\" ? SECURITY_LEVELS.HIGH : SECURITY_LEVELS.MODERATE;\n  const intLevel = widget.id === \"integrity-impact\" ? SECURITY_LEVELS.HIGH : SECURITY_LEVELS.MODERATE;\n  const confLevel = widget.id === \"confidentiality-impact\" ? SECURITY_LEVELS.HIGH : SECURITY_LEVELS.MODERATE;\n  cy.setSecurityLevels(availLevel, intLevel, confLevel);\n  cy.wait(1e3);\n  cy.wrap($widget).then(($updatedWidget) => {\n    const widgetText = $updatedWidget.text().toLowerCase();\n    const hasImpactTerms = /impact|effect|influence|security|protection/i.test(widgetText);\n    let hasSpecificTerms = false;\n    if (Array.isArray(widget.pattern)) {\n      hasSpecificTerms = widget.pattern.some(\n        (pattern) => pattern.test(widgetText)\n      );\n    } else if (widget.pattern instanceof RegExp) {\n      hasSpecificTerms = widget.pattern.test(widgetText);\n    }\n    cy.log(`Widget has impact terms: ${hasImpactTerms}`);\n    cy.log(`Widget has specific terms: ${hasSpecificTerms}`);\n    expect(hasImpactTerms || hasSpecificTerms).to.be.true;\n  });\n});",
              "err": {},
              "uuid": "7d4c6fa6-b00b-41ec-a8b0-29032f623710",
              "parentUUID": "b106437c-c58c-4be5-8d98-8a8cc538af27",
              "isHook": false,
              "skipped": false
            },
            {
              "title": "displays appropriate recommendations",
              "fullTitle": "Availability Impact Widget displays appropriate recommendations",
              "timedOut": null,
              "duration": 4881,
              "state": "passed",
              "speed": "fast",
              "pass": true,
              "fail": false,
              "pending": false,
              "context": null,
              "code": "cy.findWidget(widget.id).then(($widget) => {\n  if ($widget.length === 0) {\n    cy.log(`⚠️ Widget ${widget.id} not found - skipping test`);\n    return;\n  }\n  cy.wrap($widget).scrollIntoView();\n  cy.setSecurityLevels(\n    SECURITY_LEVELS.HIGH,\n    SECURITY_LEVELS.HIGH,\n    SECURITY_LEVELS.HIGH\n  );\n  cy.wait(1e3);\n  cy.wrap($widget).then(($updatedWidget) => {\n    const widgetText = $updatedWidget.text().toLowerCase();\n    const hasRecommendationTerms = /recommend|suggest|should|implement|consider|best practice/i.test(\n      widgetText\n    );\n    cy.log(`Widget has recommendation terms: ${hasRecommendationTerms}`);\n    if (!hasRecommendationTerms) {\n      cy.log(`Widget text: ${widgetText.substring(0, 200)}...`);\n    }\n    cy.log(`Test completed for ${widget.name}`);\n  });\n});",
              "err": {},
              "uuid": "5faa5631-e6cd-4e47-9aab-166469d47b8b",
              "parentUUID": "b106437c-c58c-4be5-8d98-8a8cc538af27",
              "isHook": false,
              "skipped": false
            }
          ],
          "suites": [],
          "passes": [
            "1302ddd4-696d-4f37-8a23-5bda939fcb64",
            "ddd81606-6ef8-4df6-a13a-ca480428cd96",
            "7d4c6fa6-b00b-41ec-a8b0-29032f623710",
            "5faa5631-e6cd-4e47-9aab-166469d47b8b"
          ],
          "failures": [],
          "pending": [],
          "skipped": [],
          "duration": 20013,
          "root": false,
          "rootEmpty": false,
          "_timeout": 2000
        },
        {
          "uuid": "85d17155-46af-43da-a9ab-f40d3939caed",
          "title": "Integrity Impact Widget",
          "fullFile": "",
          "file": "",
          "beforeHooks": [],
          "afterHooks": [],
          "tests": [
            {
              "title": "integrity-impact widget should exist",
              "fullTitle": "Integrity Impact Widget integrity-impact widget should exist",
              "timedOut": null,
              "duration": 3101,
              "state": "passed",
              "speed": "fast",
              "pass": true,
              "fail": false,
              "pending": false,
              "context": null,
              "code": "cy.findWidget(widgetName).should(\"exist\").scrollIntoView();\ncy.findWidget(widgetName).then(($widget) => {\n  expect($widget.text().trim().length).to.be.greaterThan(0);\n});",
              "err": {},
              "uuid": "9f289eaf-483c-4ae7-a57e-d64fd3ce552a",
              "parentUUID": "85d17155-46af-43da-a9ab-f40d3939caed",
              "isHook": false,
              "skipped": false
            },
            {
              "title": "updates impact assessments when security levels change",
              "fullTitle": "Integrity Impact Widget updates impact assessments when security levels change",
              "timedOut": null,
              "duration": 6597,
              "state": "passed",
              "speed": "medium",
              "pass": true,
              "fail": false,
              "pending": false,
              "context": null,
              "code": "testSecurityLevelChanges(widget.id);",
              "err": {},
              "uuid": "7bfd3e84-25c4-447a-8a67-3faa6646f31f",
              "parentUUID": "85d17155-46af-43da-a9ab-f40d3939caed",
              "isHook": false,
              "skipped": false
            },
            {
              "title": "shows detailed ${widget.name.toLowerCase()} impact with high security",
              "fullTitle": "Integrity Impact Widget shows detailed ${widget.name.toLowerCase()} impact with high security",
              "timedOut": null,
              "duration": 4841,
              "state": "passed",
              "speed": "fast",
              "pass": true,
              "fail": false,
              "pending": false,
              "context": null,
              "code": "cy.log(`Looking for widget ${widget.id}`);\ncy.findWidget(widget.id).then(($widget) => {\n  if ($widget.length === 0) {\n    cy.log(`⚠️ Widget ${widget.id} not found - skipping test`);\n    return;\n  }\n  cy.wrap($widget).scrollIntoView();\n  const availLevel = widget.id === \"availability-impact\" ? SECURITY_LEVELS.HIGH : SECURITY_LEVELS.MODERATE;\n  const intLevel = widget.id === \"integrity-impact\" ? SECURITY_LEVELS.HIGH : SECURITY_LEVELS.MODERATE;\n  const confLevel = widget.id === \"confidentiality-impact\" ? SECURITY_LEVELS.HIGH : SECURITY_LEVELS.MODERATE;\n  cy.setSecurityLevels(availLevel, intLevel, confLevel);\n  cy.wait(1e3);\n  cy.wrap($widget).then(($updatedWidget) => {\n    const widgetText = $updatedWidget.text().toLowerCase();\n    const hasImpactTerms = /impact|effect|influence|security|protection/i.test(widgetText);\n    let hasSpecificTerms = false;\n    if (Array.isArray(widget.pattern)) {\n      hasSpecificTerms = widget.pattern.some(\n        (pattern) => pattern.test(widgetText)\n      );\n    } else if (widget.pattern instanceof RegExp) {\n      hasSpecificTerms = widget.pattern.test(widgetText);\n    }\n    cy.log(`Widget has impact terms: ${hasImpactTerms}`);\n    cy.log(`Widget has specific terms: ${hasSpecificTerms}`);\n    expect(hasImpactTerms || hasSpecificTerms).to.be.true;\n  });\n});",
              "err": {},
              "uuid": "6ada2564-3734-40db-9284-3becb6de2c7e",
              "parentUUID": "85d17155-46af-43da-a9ab-f40d3939caed",
              "isHook": false,
              "skipped": false
            },
            {
              "title": "displays appropriate recommendations",
              "fullTitle": "Integrity Impact Widget displays appropriate recommendations",
              "timedOut": null,
              "duration": 4774,
              "state": "passed",
              "speed": "fast",
              "pass": true,
              "fail": false,
              "pending": false,
              "context": null,
              "code": "cy.findWidget(widget.id).then(($widget) => {\n  if ($widget.length === 0) {\n    cy.log(`⚠️ Widget ${widget.id} not found - skipping test`);\n    return;\n  }\n  cy.wrap($widget).scrollIntoView();\n  cy.setSecurityLevels(\n    SECURITY_LEVELS.HIGH,\n    SECURITY_LEVELS.HIGH,\n    SECURITY_LEVELS.HIGH\n  );\n  cy.wait(1e3);\n  cy.wrap($widget).then(($updatedWidget) => {\n    const widgetText = $updatedWidget.text().toLowerCase();\n    const hasRecommendationTerms = /recommend|suggest|should|implement|consider|best practice/i.test(\n      widgetText\n    );\n    cy.log(`Widget has recommendation terms: ${hasRecommendationTerms}`);\n    if (!hasRecommendationTerms) {\n      cy.log(`Widget text: ${widgetText.substring(0, 200)}...`);\n    }\n    cy.log(`Test completed for ${widget.name}`);\n  });\n});",
              "err": {},
              "uuid": "012e6511-2f32-4f53-8e99-e94c3c54e661",
              "parentUUID": "85d17155-46af-43da-a9ab-f40d3939caed",
              "isHook": false,
              "skipped": false
            }
          ],
          "suites": [],
          "passes": [
            "9f289eaf-483c-4ae7-a57e-d64fd3ce552a",
            "7bfd3e84-25c4-447a-8a67-3faa6646f31f",
            "6ada2564-3734-40db-9284-3becb6de2c7e",
            "012e6511-2f32-4f53-8e99-e94c3c54e661"
          ],
          "failures": [],
          "pending": [],
          "skipped": [],
          "duration": 19313,
          "root": false,
          "rootEmpty": false,
          "_timeout": 2000
        },
        {
          "uuid": "4e590dfd-5a2b-4f54-a9ee-76289d05a8f4",
          "title": "Confidentiality Impact Widget",
          "fullFile": "",
          "file": "",
          "beforeHooks": [],
          "afterHooks": [],
          "tests": [
            {
              "title": "confidentiality-impact widget should exist",
              "fullTitle": "Confidentiality Impact Widget confidentiality-impact widget should exist",
              "timedOut": null,
              "duration": 3166,
              "state": "passed",
              "speed": "fast",
              "pass": true,
              "fail": false,
              "pending": false,
              "context": null,
              "code": "cy.findWidget(widgetName).should(\"exist\").scrollIntoView();\ncy.findWidget(widgetName).then(($widget) => {\n  expect($widget.text().trim().length).to.be.greaterThan(0);\n});",
              "err": {},
              "uuid": "ce5705ef-eccb-4ab6-a1be-55449c0da162",
              "parentUUID": "4e590dfd-5a2b-4f54-a9ee-76289d05a8f4",
              "isHook": false,
              "skipped": false
            },
            {
              "title": "updates impact assessments when security levels change",
              "fullTitle": "Confidentiality Impact Widget updates impact assessments when security levels change",
              "timedOut": null,
              "duration": 6603,
              "state": "passed",
              "speed": "medium",
              "pass": true,
              "fail": false,
              "pending": false,
              "context": null,
              "code": "testSecurityLevelChanges(widget.id);",
              "err": {},
              "uuid": "a561b782-2470-4156-ba84-e7ee33768a5c",
              "parentUUID": "4e590dfd-5a2b-4f54-a9ee-76289d05a8f4",
              "isHook": false,
              "skipped": false
            },
            {
              "title": "shows detailed ${widget.name.toLowerCase()} impact with high security",
              "fullTitle": "Confidentiality Impact Widget shows detailed ${widget.name.toLowerCase()} impact with high security",
              "timedOut": null,
              "duration": 4834,
              "state": "passed",
              "speed": "fast",
              "pass": true,
              "fail": false,
              "pending": false,
              "context": null,
              "code": "cy.log(`Looking for widget ${widget.id}`);\ncy.findWidget(widget.id).then(($widget) => {\n  if ($widget.length === 0) {\n    cy.log(`⚠️ Widget ${widget.id} not found - skipping test`);\n    return;\n  }\n  cy.wrap($widget).scrollIntoView();\n  const availLevel = widget.id === \"availability-impact\" ? SECURITY_LEVELS.HIGH : SECURITY_LEVELS.MODERATE;\n  const intLevel = widget.id === \"integrity-impact\" ? SECURITY_LEVELS.HIGH : SECURITY_LEVELS.MODERATE;\n  const confLevel = widget.id === \"confidentiality-impact\" ? SECURITY_LEVELS.HIGH : SECURITY_LEVELS.MODERATE;\n  cy.setSecurityLevels(availLevel, intLevel, confLevel);\n  cy.wait(1e3);\n  cy.wrap($widget).then(($updatedWidget) => {\n    const widgetText = $updatedWidget.text().toLowerCase();\n    const hasImpactTerms = /impact|effect|influence|security|protection/i.test(widgetText);\n    let hasSpecificTerms = false;\n    if (Array.isArray(widget.pattern)) {\n      hasSpecificTerms = widget.pattern.some(\n        (pattern) => pattern.test(widgetText)\n      );\n    } else if (widget.pattern instanceof RegExp) {\n      hasSpecificTerms = widget.pattern.test(widgetText);\n    }\n    cy.log(`Widget has impact terms: ${hasImpactTerms}`);\n    cy.log(`Widget has specific terms: ${hasSpecificTerms}`);\n    expect(hasImpactTerms || hasSpecificTerms).to.be.true;\n  });\n});",
              "err": {},
              "uuid": "8c9a8771-db89-4ebc-994b-443de7331809",
              "parentUUID": "4e590dfd-5a2b-4f54-a9ee-76289d05a8f4",
              "isHook": false,
              "skipped": false
            },
            {
              "title": "displays appropriate recommendations",
              "fullTitle": "Confidentiality Impact Widget displays appropriate recommendations",
              "timedOut": null,
              "duration": 4838,
              "state": "passed",
              "speed": "fast",
              "pass": true,
              "fail": false,
              "pending": false,
              "context": null,
              "code": "cy.findWidget(widget.id).then(($widget) => {\n  if ($widget.length === 0) {\n    cy.log(`⚠️ Widget ${widget.id} not found - skipping test`);\n    return;\n  }\n  cy.wrap($widget).scrollIntoView();\n  cy.setSecurityLevels(\n    SECURITY_LEVELS.HIGH,\n    SECURITY_LEVELS.HIGH,\n    SECURITY_LEVELS.HIGH\n  );\n  cy.wait(1e3);\n  cy.wrap($widget).then(($updatedWidget) => {\n    const widgetText = $updatedWidget.text().toLowerCase();\n    const hasRecommendationTerms = /recommend|suggest|should|implement|consider|best practice/i.test(\n      widgetText\n    );\n    cy.log(`Widget has recommendation terms: ${hasRecommendationTerms}`);\n    if (!hasRecommendationTerms) {\n      cy.log(`Widget text: ${widgetText.substring(0, 200)}...`);\n    }\n    cy.log(`Test completed for ${widget.name}`);\n  });\n});",
              "err": {},
              "uuid": "ce0d4bb8-a22d-4d39-815e-e9cbdfe968aa",
              "parentUUID": "4e590dfd-5a2b-4f54-a9ee-76289d05a8f4",
              "isHook": false,
              "skipped": false
            }
          ],
          "suites": [],
          "passes": [
            "ce5705ef-eccb-4ab6-a1be-55449c0da162",
            "a561b782-2470-4156-ba84-e7ee33768a5c",
            "8c9a8771-db89-4ebc-994b-443de7331809",
            "ce0d4bb8-a22d-4d39-815e-e9cbdfe968aa"
          ],
          "failures": [],
          "pending": [],
          "skipped": [],
          "duration": 19441,
          "root": false,
          "rootEmpty": false,
          "_timeout": 2000
        }
      ],
      "passes": [],
      "failures": [],
      "pending": [],
      "skipped": [],
      "duration": 0,
      "root": true,
      "rootEmpty": true,
      "_timeout": 2000
    },
    {
      "uuid": "cee7c3ed-7ce4-4d97-9969-41b329f3b50e",
      "title": "",
      "fullFile": "cypress/e2e/widgets/confidentiality-impact-widget.cy.ts",
      "file": "cypress/e2e/widgets/confidentiality-impact-widget.cy.ts",
      "beforeHooks": [],
      "afterHooks": [],
      "tests": [],
      "suites": [
        {
          "uuid": "0986efff-4dee-4faa-8305-80228d4e434c",
          "title": "Confidentiality Impact Widget",
          "fullFile": "",
          "file": "",
          "beforeHooks": [],
          "afterHooks": [],
          "tests": [
            {
              "title": "confidentiality-impact widget should exist",
              "fullTitle": "Confidentiality Impact Widget confidentiality-impact widget should exist",
              "timedOut": null,
              "duration": 3631,
              "state": "passed",
              "speed": "fast",
              "pass": true,
              "fail": false,
              "pending": false,
              "context": null,
              "code": "cy.findWidget(widgetName).should(\"exist\").scrollIntoView();\ncy.findWidget(widgetName).then(($widget) => {\n  expect($widget.text().trim().length).to.be.greaterThan(0);\n});",
              "err": {},
              "uuid": "2f4eb1a3-6b60-4b65-8767-473354335a37",
              "parentUUID": "0986efff-4dee-4faa-8305-80228d4e434c",
              "isHook": false,
              "skipped": false
            },
            {
              "title": "updates content when security levels change",
              "fullTitle": "Confidentiality Impact Widget updates content when security levels change",
              "timedOut": null,
              "duration": 6587,
              "state": "passed",
              "speed": "medium",
              "pass": true,
              "fail": false,
              "pending": false,
              "context": null,
              "code": "testSecurityLevelChanges(\"confidentiality-impact\");",
              "err": {},
              "uuid": "0c9a6917-23c4-4e09-b55d-cbd037befa0a",
              "parentUUID": "0986efff-4dee-4faa-8305-80228d4e434c",
              "isHook": false,
              "skipped": false
            },
            {
              "title": "displays detailed confidentiality impacts with high security",
              "fullTitle": "Confidentiality Impact Widget displays detailed confidentiality impacts with high security",
              "timedOut": null,
              "duration": 4897,
              "state": "passed",
              "speed": "fast",
              "pass": true,
              "fail": false,
              "pending": false,
              "context": null,
              "code": "cy.findWidget(\"confidentiality-impact\").scrollIntoView();\ncy.setSecurityLevels(\n  SECURITY_LEVELS.MODERATE,\n  SECURITY_LEVELS.MODERATE,\n  SECURITY_LEVELS.HIGH\n  // High confidentiality\n);\ncy.wait(1e3);\ncy.findWidget(\"confidentiality-impact\").within(() => {\n  cy.contains(\n    /privacy|data protection|sensitive|confidential|encrypt/i\n  ).should(\"exist\");\n});",
              "err": {},
              "uuid": "4d6fc100-484e-47c4-8c8f-4b9315f2bedc",
              "parentUUID": "0986efff-4dee-4faa-8305-80228d4e434c",
              "isHook": false,
              "skipped": false
            },
            {
              "title": "provides appropriate confidentiality recommendations",
              "fullTitle": "Confidentiality Impact Widget provides appropriate confidentiality recommendations",
              "timedOut": null,
              "duration": 4817,
              "state": "passed",
              "speed": "fast",
              "pass": true,
              "fail": false,
              "pending": false,
              "context": null,
              "code": "cy.findWidget(\"confidentiality-impact\").scrollIntoView();\ncy.setSecurityLevels(\n  SECURITY_LEVELS.HIGH,\n  SECURITY_LEVELS.HIGH,\n  SECURITY_LEVELS.HIGH\n);\ncy.wait(1e3);\ncy.findWidget(\"confidentiality-impact\").within(() => {\n  cy.contains(/recommend|suggest|practice|implement/i).should(\"exist\");\n});",
              "err": {},
              "uuid": "fba6f608-2469-4136-9bce-843347323f71",
              "parentUUID": "0986efff-4dee-4faa-8305-80228d4e434c",
              "isHook": false,
              "skipped": false
            }
          ],
          "suites": [],
          "passes": [
            "2f4eb1a3-6b60-4b65-8767-473354335a37",
            "0c9a6917-23c4-4e09-b55d-cbd037befa0a",
            "4d6fc100-484e-47c4-8c8f-4b9315f2bedc",
            "fba6f608-2469-4136-9bce-843347323f71"
          ],
          "failures": [],
          "pending": [],
          "skipped": [],
          "duration": 19932,
          "root": false,
          "rootEmpty": false,
          "_timeout": 2000
        }
      ],
      "passes": [],
      "failures": [],
      "pending": [],
      "skipped": [],
      "duration": 0,
      "root": true,
      "rootEmpty": true,
      "_timeout": 2000
    },
    {
      "uuid": "1d3c286b-5b7b-4dea-af5a-816479031807",
      "title": "",
      "fullFile": "cypress/e2e/widgets/integrity-impact-widget.cy.ts",
      "file": "cypress/e2e/widgets/integrity-impact-widget.cy.ts",
      "beforeHooks": [],
      "afterHooks": [],
      "tests": [],
      "suites": [
        {
          "uuid": "d887832b-a452-4e24-8771-74af83ef5510",
          "title": "Integrity Impact Widget",
          "fullFile": "",
          "file": "",
          "beforeHooks": [],
          "afterHooks": [],
          "tests": [
            {
              "title": "integrity-impact widget should exist",
              "fullTitle": "Integrity Impact Widget integrity-impact widget should exist",
              "timedOut": null,
              "duration": 3606,
              "state": "passed",
              "speed": "fast",
              "pass": true,
              "fail": false,
              "pending": false,
              "context": null,
              "code": "cy.findWidget(widgetName).should(\"exist\").scrollIntoView();\ncy.findWidget(widgetName).then(($widget) => {\n  expect($widget.text().trim().length).to.be.greaterThan(0);\n});",
              "err": {},
              "uuid": "2139e87e-afa1-4b2a-bfb8-fd72e36096ee",
              "parentUUID": "d887832b-a452-4e24-8771-74af83ef5510",
              "isHook": false,
              "skipped": false
            },
            {
              "title": "updates content when security levels change",
              "fullTitle": "Integrity Impact Widget updates content when security levels change",
              "timedOut": null,
              "duration": 6632,
              "state": "passed",
              "speed": "medium",
              "pass": true,
              "fail": false,
              "pending": false,
              "context": null,
              "code": "testSecurityLevelChanges(\"integrity-impact\");",
              "err": {},
              "uuid": "a931cd28-0140-4a77-bc54-6bc7a58c7086",
              "parentUUID": "d887832b-a452-4e24-8771-74af83ef5510",
              "isHook": false,
              "skipped": false
            },
            {
              "title": "displays detailed integrity impacts with high security",
              "fullTitle": "Integrity Impact Widget displays detailed integrity impacts with high security",
              "timedOut": null,
              "duration": 4850,
              "state": "passed",
              "speed": "fast",
              "pass": true,
              "fail": false,
              "pending": false,
              "context": null,
              "code": "cy.findWidget(\"integrity-impact\").scrollIntoView();\ncy.setSecurityLevels(\n  SECURITY_LEVELS.MODERATE,\n  SECURITY_LEVELS.HIGH,\n  // High integrity\n  SECURITY_LEVELS.MODERATE\n);\ncy.wait(1e3);\ncy.findWidget(\"integrity-impact\").within(() => {\n  cy.contains(/accuracy|validation|authenticity|correct|trusted/i).should(\n    \"exist\"\n  );\n});",
              "err": {},
              "uuid": "095e205d-53ce-431a-bcfb-07af1f4c2b7a",
              "parentUUID": "d887832b-a452-4e24-8771-74af83ef5510",
              "isHook": false,
              "skipped": false
            },
            {
              "title": "provides appropriate integrity recommendations",
              "fullTitle": "Integrity Impact Widget provides appropriate integrity recommendations",
              "timedOut": null,
              "duration": 4850,
              "state": "passed",
              "speed": "fast",
              "pass": true,
              "fail": false,
              "pending": false,
              "context": null,
              "code": "cy.findWidget(\"integrity-impact\").scrollIntoView();\ncy.setSecurityLevels(\n  SECURITY_LEVELS.HIGH,\n  SECURITY_LEVELS.HIGH,\n  SECURITY_LEVELS.HIGH\n);\ncy.wait(1e3);\ncy.findWidget(\"integrity-impact\").within(() => {\n  cy.contains(/recommend|suggest|practice|implement/i).should(\"exist\");\n});",
              "err": {},
              "uuid": "046f2b32-3cff-4ce6-838f-9b191d0b8680",
              "parentUUID": "d887832b-a452-4e24-8771-74af83ef5510",
              "isHook": false,
              "skipped": false
            }
          ],
          "suites": [],
          "passes": [
            "2139e87e-afa1-4b2a-bfb8-fd72e36096ee",
            "a931cd28-0140-4a77-bc54-6bc7a58c7086",
            "095e205d-53ce-431a-bcfb-07af1f4c2b7a",
            "046f2b32-3cff-4ce6-838f-9b191d0b8680"
          ],
          "failures": [],
          "pending": [],
          "skipped": [],
          "duration": 19938,
          "root": false,
          "rootEmpty": false,
          "_timeout": 2000
        }
      ],
      "passes": [],
      "failures": [],
      "pending": [],
      "skipped": [],
      "duration": 0,
      "root": true,
      "rootEmpty": true,
      "_timeout": 2000
    },
    {
      "uuid": "a648e5f4-e3ba-4fea-9ed2-156dc3cce97f",
      "title": "",
      "fullFile": "cypress/e2e/widgets/radar-chart-widget.cy.ts",
      "file": "cypress/e2e/widgets/radar-chart-widget.cy.ts",
      "beforeHooks": [],
      "afterHooks": [],
      "tests": [],
      "suites": [
        {
          "uuid": "b12ecac2-9c28-473a-b225-4c2fc04a0bd9",
          "title": "Radar Chart Widget",
          "fullFile": "",
          "file": "",
          "beforeHooks": [],
          "afterHooks": [],
          "tests": [
            {
              "title": "radar-chart widget should exist",
              "fullTitle": "Radar Chart Widget radar-chart widget should exist",
              "timedOut": null,
              "duration": 3634,
              "state": "passed",
              "speed": "fast",
              "pass": true,
              "fail": false,
              "pending": false,
              "context": null,
              "code": "cy.findWidget(widgetName).should(\"exist\").scrollIntoView();\ncy.findWidget(widgetName).then(($widget) => {\n  expect($widget.text().trim().length).to.be.greaterThan(0);\n});",
              "err": {},
              "uuid": "26d906d3-e2c4-48a4-a7f9-81391dbbd255",
              "parentUUID": "b12ecac2-9c28-473a-b225-4c2fc04a0bd9",
              "isHook": false,
              "skipped": false
            },
            {
              "title": "updates chart visualization when security levels change",
              "fullTitle": "Radar Chart Widget updates chart visualization when security levels change",
              "timedOut": null,
              "duration": 6619,
              "state": "passed",
              "speed": "medium",
              "pass": true,
              "fail": false,
              "pending": false,
              "context": null,
              "code": "testSecurityLevelChanges(\"radar-chart\");",
              "err": {},
              "uuid": "020f246d-186c-4234-87d0-ff03f9286679",
              "parentUUID": "b12ecac2-9c28-473a-b225-4c2fc04a0bd9",
              "isHook": false,
              "skipped": false
            },
            {
              "title": "displays a radar chart with data points",
              "fullTitle": "Radar Chart Widget displays a radar chart with data points",
              "timedOut": null,
              "duration": 3942,
              "state": "passed",
              "speed": "fast",
              "pass": true,
              "fail": false,
              "pending": false,
              "context": null,
              "code": "cy.findWidget(\"radar-chart\").scrollIntoView();\ncy.setSecurityLevels(\n  SECURITY_LEVELS.MODERATE,\n  SECURITY_LEVELS.MODERATE,\n  SECURITY_LEVELS.MODERATE\n);\ncy.findWidget(\"radar-chart\").within(() => {\n  cy.get(\"svg, canvas, [data-testid*='chart'], [class*='chart']\").should(\n    \"exist\"\n  );\n  cy.contains(/availability|integrity|confidentiality/i).should(\"exist\");\n});",
              "err": {},
              "uuid": "b5d3395e-8579-42b4-9317-936e1b8f0525",
              "parentUUID": "b12ecac2-9c28-473a-b225-4c2fc04a0bd9",
              "isHook": false,
              "skipped": false
            },
            {
              "title": "displays asymmetric chart with mixed security levels",
              "fullTitle": "Radar Chart Widget displays asymmetric chart with mixed security levels",
              "timedOut": null,
              "duration": 8258,
              "state": "passed",
              "speed": "medium",
              "pass": true,
              "fail": false,
              "pending": false,
              "context": null,
              "code": "cy.findWidget(\"radar-chart\").scrollIntoView();\ncy.setSecurityLevels(\n  SECURITY_LEVELS.HIGH,\n  SECURITY_LEVELS.LOW,\n  SECURITY_LEVELS.MODERATE\n);\ncy.findWidget(\"radar-chart\").screenshot(\"mixed-security-radar\");\ncy.setSecurityLevels(\n  SECURITY_LEVELS.MODERATE,\n  SECURITY_LEVELS.MODERATE,\n  SECURITY_LEVELS.MODERATE\n);\ncy.findWidget(\"radar-chart\").invoke(\"text\").should(\"not.be.empty\");",
              "err": {},
              "uuid": "3e91dffc-482d-4eb2-ac6b-885b016c94bb",
              "parentUUID": "b12ecac2-9c28-473a-b225-4c2fc04a0bd9",
              "isHook": false,
              "skipped": false
            },
            {
              "title": "displays visual security level or risk indicators",
              "fullTitle": "Radar Chart Widget displays visual security level or risk indicators",
              "timedOut": null,
              "duration": 3852,
              "state": "passed",
              "speed": "fast",
              "pass": true,
              "fail": false,
              "pending": false,
              "context": null,
              "code": "cy.findWidget(\"radar-chart\").scrollIntoView();\ncy.setSecurityLevels(\n  SECURITY_LEVELS.HIGH,\n  SECURITY_LEVELS.HIGH,\n  SECURITY_LEVELS.HIGH\n);\ncy.findWidget(\"radar-chart\").within(() => {\n  cy.contains(/high|5|[4-5]\\/5|\\d+%|strong|robust/i).should(\"exist\");\n});",
              "err": {},
              "uuid": "04e6cc11-0795-448d-9e4d-15a610db9304",
              "parentUUID": "b12ecac2-9c28-473a-b225-4c2fc04a0bd9",
              "isHook": false,
              "skipped": false
            }
          ],
          "suites": [],
          "passes": [
            "26d906d3-e2c4-48a4-a7f9-81391dbbd255",
            "020f246d-186c-4234-87d0-ff03f9286679",
            "b5d3395e-8579-42b4-9317-936e1b8f0525",
            "3e91dffc-482d-4eb2-ac6b-885b016c94bb",
            "04e6cc11-0795-448d-9e4d-15a610db9304"
          ],
          "failures": [],
          "pending": [],
          "skipped": [],
          "duration": 26305,
          "root": false,
          "rootEmpty": false,
          "_timeout": 2000
        }
      ],
      "passes": [],
      "failures": [],
      "pending": [],
      "skipped": [],
      "duration": 0,
      "root": true,
      "rootEmpty": true,
      "_timeout": 2000
    },
    {
      "uuid": "78d25526-05d9-4454-9251-9116748471ae",
      "title": "",
      "fullFile": "cypress/e2e/widgets/technical-details-widget.cy.ts",
      "file": "cypress/e2e/widgets/technical-details-widget.cy.ts",
      "beforeHooks": [],
      "afterHooks": [],
      "tests": [],
      "suites": [
        {
          "uuid": "322fda3a-8e54-4c97-8277-22fa5fb4e41e",
          "title": "Technical Details Widget",
          "fullFile": "",
          "file": "",
          "beforeHooks": [],
          "afterHooks": [],
          "tests": [
            {
              "title": "technical-details widget should exist",
              "fullTitle": "Technical Details Widget technical-details widget should exist",
              "timedOut": null,
              "duration": 3625,
              "state": "passed",
              "speed": "fast",
              "pass": true,
              "fail": false,
              "pending": false,
              "context": null,
              "code": "cy.findWidget(widgetName).should(\"exist\").scrollIntoView();\ncy.findWidget(widgetName).then(($widget) => {\n  expect($widget.text().trim().length).to.be.greaterThan(0);\n});",
              "err": {},
              "uuid": "888c43ba-63a5-4d8b-809b-d865eefb2574",
              "parentUUID": "322fda3a-8e54-4c97-8277-22fa5fb4e41e",
              "isHook": false,
              "skipped": false
            },
            {
              "title": "updates technical details when security levels change",
              "fullTitle": "Technical Details Widget updates technical details when security levels change",
              "timedOut": null,
              "duration": 6577,
              "state": "passed",
              "speed": "medium",
              "pass": true,
              "fail": false,
              "pending": false,
              "context": null,
              "code": "testSecurityLevelChanges(\"technical-details\");",
              "err": {},
              "uuid": "e76e7141-2f5c-4a7d-b482-79b3e6e582ba",
              "parentUUID": "322fda3a-8e54-4c97-8277-22fa5fb4e41e",
              "isHook": false,
              "skipped": false
            },
            {
              "title": "switches between CIA tabs if present",
              "fullTitle": "Technical Details Widget switches between CIA tabs if present",
              "timedOut": null,
              "duration": 4811,
              "state": "passed",
              "speed": "fast",
              "pass": true,
              "fail": false,
              "pending": false,
              "context": null,
              "code": "cy.findWidget(\"technical-details\").scrollIntoView();\ncy.findWidget(\"technical-details\").then(($widget) => {\n  const hasTabs = $widget.find(\n    '[role=\"tab\"], button:contains(\"Availability\"), button:contains(\"Integrity\")'\n  ).length > 0;\n  if (hasTabs) {\n    testWidgetTabSwitching(\"technical-details\");\n  } else {\n    cy.log(\"No tabs found in technical details widget - skipping tab test\");\n  }\n});",
              "err": {},
              "uuid": "fb04ac01-30ac-44d3-ace3-42a61a9828d5",
              "parentUUID": "322fda3a-8e54-4c97-8277-22fa5fb4e41e",
              "isHook": false,
              "skipped": false
            },
            {
              "title": "displays implementation steps for selected security levels",
              "fullTitle": "Technical Details Widget displays implementation steps for selected security levels",
              "timedOut": null,
              "duration": 3861,
              "state": "passed",
              "speed": "fast",
              "pass": true,
              "fail": false,
              "pending": false,
              "context": null,
              "code": "cy.findWidget(\"technical-details\").scrollIntoView();\ncy.setSecurityLevels(\n  SECURITY_LEVELS.MODERATE,\n  SECURITY_LEVELS.MODERATE,\n  SECURITY_LEVELS.MODERATE\n);\ncy.findWidget(\"technical-details\").within(() => {\n  cy.contains(/implementation|step|instructions|how to|procedure/i).should(\n    \"exist\"\n  );\n  cy.get(\"ol li, ul li, [data-testid*='step'], [class*='step']\").should(\n    \"have.length.at.least\",\n    1\n  );\n});",
              "err": {},
              "uuid": "94788117-3bd7-4380-aa4c-2f1872be5cb2",
              "parentUUID": "322fda3a-8e54-4c97-8277-22fa5fb4e41e",
              "isHook": false,
              "skipped": false
            },
            {
              "title": "provides security-appropriate technical recommendations",
              "fullTitle": "Technical Details Widget provides security-appropriate technical recommendations",
              "timedOut": null,
              "duration": 4640,
              "state": "passed",
              "speed": "fast",
              "pass": true,
              "fail": false,
              "pending": false,
              "context": null,
              "code": "cy.findWidget(\"technical-details\").scrollIntoView();\ncy.setSecurityLevels(\n  SECURITY_LEVELS.HIGH,\n  SECURITY_LEVELS.HIGH,\n  SECURITY_LEVELS.HIGH\n);\ncy.findWidget(\"technical-details\").within(() => {\n  cy.contains(\n    /encryption|authentication|authorization|audit|monitoring|redundancy/i\n  ).should(\"exist\");\n});\ncy.setSecurityLevels(\n  SECURITY_LEVELS.LOW,\n  SECURITY_LEVELS.LOW,\n  SECURITY_LEVELS.LOW\n);\ncy.findWidget(\"technical-details\").within(() => {\n  cy.contains(/password|backup|update|patch|basic/i).should(\"exist\");\n});",
              "err": {},
              "uuid": "e7b44c78-0436-4e8a-b7ec-d20ffa66e908",
              "parentUUID": "322fda3a-8e54-4c97-8277-22fa5fb4e41e",
              "isHook": false,
              "skipped": false
            }
          ],
          "suites": [],
          "passes": [
            "888c43ba-63a5-4d8b-809b-d865eefb2574",
            "e76e7141-2f5c-4a7d-b482-79b3e6e582ba",
            "fb04ac01-30ac-44d3-ace3-42a61a9828d5",
            "94788117-3bd7-4380-aa4c-2f1872be5cb2",
            "e7b44c78-0436-4e8a-b7ec-d20ffa66e908"
          ],
          "failures": [],
          "pending": [],
          "skipped": [],
          "duration": 23514,
          "root": false,
          "rootEmpty": false,
          "_timeout": 2000
        }
      ],
      "passes": [],
      "failures": [],
      "pending": [],
      "skipped": [],
      "duration": 0,
      "root": true,
      "rootEmpty": true,
      "_timeout": 2000
    },
    {
      "uuid": "497adfa6-afef-4dde-bd7f-e448249c80c5",
      "title": "",
      "fullFile": "cypress/e2e/widgets/technical-implementation-widget.cy.ts",
      "file": "cypress/e2e/widgets/technical-implementation-widget.cy.ts",
      "beforeHooks": [],
      "afterHooks": [],
      "tests": [],
      "suites": [
        {
          "uuid": "4aaf1f3d-32cf-42c9-b681-9723f9e30375",
          "title": "Technical Implementation Widget Tests",
          "fullFile": "",
          "file": "",
          "beforeHooks": [],
          "afterHooks": [],
          "tests": [
            {
              "title": "shows technical implementation details for security levels",
              "fullTitle": "Technical Implementation Widget Tests shows technical implementation details for security levels",
              "timedOut": null,
              "duration": 1547,
              "state": "passed",
              "speed": "fast",
              "pass": true,
              "fail": false,
              "pending": false,
              "context": null,
              "code": "cy.setSecurityLevels(\n  SECURITY_LEVELS.MODERATE,\n  SECURITY_LEVELS.MODERATE,\n  SECURITY_LEVELS.MODERATE\n);\ncy.get('[data-testid=\"technical-details-widget\"]').should(\"exist\").scrollIntoView();\ncy.verifyContentPresent([/technical|implementation|detail/i]);",
              "err": {},
              "uuid": "3e032c5a-12c8-4fa6-98d6-d7c0b780caf7",
              "parentUUID": "4aaf1f3d-32cf-42c9-b681-9723f9e30375",
              "isHook": false,
              "skipped": false
            },
            {
              "title": "updates implementation details when security levels change",
              "fullTitle": "Technical Implementation Widget Tests updates implementation details when security levels change",
              "timedOut": null,
              "duration": 2236,
              "state": "passed",
              "speed": "fast",
              "pass": true,
              "fail": false,
              "pending": false,
              "context": null,
              "code": "testWidgetUpdatesWithSecurityLevels(\n  '[data-testid=\"technical-details-widget\"]',\n  {\n    initialLevels: [\n      SECURITY_LEVELS.LOW,\n      SECURITY_LEVELS.LOW,\n      SECURITY_LEVELS.LOW\n    ],\n    newLevels: [\n      SECURITY_LEVELS.HIGH,\n      SECURITY_LEVELS.HIGH,\n      SECURITY_LEVELS.HIGH\n    ],\n    expectTextChange: true\n  }\n);",
              "err": {},
              "uuid": "0169fce4-75c4-4053-9b25-31d44e71bdbb",
              "parentUUID": "4aaf1f3d-32cf-42c9-b681-9723f9e30375",
              "isHook": false,
              "skipped": false
            },
            {
              "title": "allows switching between confidentiality, integrity, and availability sections",
              "fullTitle": "Technical Implementation Widget Tests allows switching between confidentiality, integrity, and availability sections",
              "timedOut": null,
              "duration": 2160,
              "state": "passed",
              "speed": "fast",
              "pass": true,
              "fail": false,
              "pending": false,
              "context": null,
              "code": "cy.setSecurityLevels(\n  SECURITY_LEVELS.MODERATE,\n  SECURITY_LEVELS.MODERATE,\n  SECURITY_LEVELS.MODERATE\n);\ncy.get('[data-testid=\"technical-details-widget\"]').scrollIntoView().within(() => {\n  cy.get('[data-testid=\"availability-tab-button\"]').click();\n  cy.wait(300);\n  cy.get('[data-testid=\"integrity-tab-button\"]').click();\n  cy.wait(300);\n  cy.get('[data-testid=\"confidentiality-tab-button\"]').click();\n  cy.wait(300);\n});\ncy.verifyContentPresent([\n  /confidentiality/i,\n  /protection|security|sensitive/i\n]);",
              "err": {},
              "uuid": "a3db6b0e-b965-4e3e-a215-7c4d1a7b0072",
              "parentUUID": "4aaf1f3d-32cf-42c9-b681-9723f9e30375",
              "isHook": false,
              "skipped": false
            },
            {
              "title": "shows implementation requirements for different security levels",
              "fullTitle": "Technical Implementation Widget Tests shows implementation requirements for different security levels",
              "timedOut": null,
              "duration": 1064,
              "state": "passed",
              "speed": "fast",
              "pass": true,
              "fail": false,
              "pending": false,
              "context": null,
              "code": "cy.setSecurityLevels(\n  SECURITY_LEVELS.HIGH,\n  SECURITY_LEVELS.HIGH,\n  SECURITY_LEVELS.HIGH\n);\ncy.get('[data-testid=\"technical-details-widget\"]').scrollIntoView();\ncy.verifyContentPresent([\n  /requirement|implement|solution|approach/i,\n  /high|advanced|enhanced/i\n]);",
              "err": {},
              "uuid": "584d182a-6ac0-4064-b10b-353110650302",
              "parentUUID": "4aaf1f3d-32cf-42c9-b681-9723f9e30375",
              "isHook": false,
              "skipped": false
            }
          ],
          "suites": [],
          "passes": [
            "3e032c5a-12c8-4fa6-98d6-d7c0b780caf7",
            "0169fce4-75c4-4053-9b25-31d44e71bdbb",
            "a3db6b0e-b965-4e3e-a215-7c4d1a7b0072",
            "584d182a-6ac0-4064-b10b-353110650302"
          ],
          "failures": [],
          "pending": [],
          "skipped": [],
          "duration": 7007,
          "root": false,
          "rootEmpty": false,
          "_timeout": 2000
        }
      ],
      "passes": [],
      "failures": [],
      "pending": [],
      "skipped": [],
      "duration": 0,
      "root": true,
      "rootEmpty": true,
      "_timeout": 2000
    }
  ],
  "meta": {
    "mocha": {
      "version": "7.0.1"
    },
    "mochawesome": {
      "options": {
        "quiet": false,
        "reportFilename": "mochawesome",
        "saveHtml": true,
        "saveJson": true,
        "consoleReporter": "spec",
        "useInlineDiffs": false,
        "code": true
      },
      "version": "7.1.3"
    },
    "marge": {
      "options": {
        "id": "default",
        "reportDir": "docs/cypress/mochawesome",
        "overwrite": false,
        "html": true,
        "json": true,
        "code": true,
        "timestamp": "mmddyyyy_HHMMss",
        "charts": true,
        "showHooks": "failed",
        "embeddedScreenshots": true
      },
      "version": "6.2.0"
    }
  }
}