{
  "stats": {
    "suites": 12,
    "tests": 58,
    "passes": 58,
    "pending": 0,
    "failures": 0,
    "testsRegistered": 58,
    "passPercent": 100,
    "pendingPercent": 0,
    "other": 0,
    "hasOther": false,
    "skipped": 0,
    "hasSkipped": false,
    "start": "2025-03-16T03:14:14.360Z",
    "end": "2025-03-16T03:18:43.125Z",
    "duration": 268765
  },
  "results": [
    {
      "uuid": "c7dc9c2f-f17e-4d2a-bfea-0336c0c90321",
      "title": "",
      "fullFile": "cypress/e2e/business-outcomes/compliance-validation.cy.ts",
      "file": "cypress/e2e/business-outcomes/compliance-validation.cy.ts",
      "beforeHooks": [],
      "afterHooks": [],
      "tests": [],
      "suites": [
        {
          "uuid": "282a50af-c387-496e-a1ac-0b83b151debe",
          "title": "Compliance Status Validation",
          "fullFile": "",
          "file": "",
          "beforeHooks": [],
          "afterHooks": [],
          "tests": [
            {
              "title": "accurately reflects compliance status based on security levels",
              "fullTitle": "Compliance Status Validation accurately reflects compliance status based on security levels",
              "timedOut": null,
              "duration": 7230,
              "state": "passed",
              "speed": "medium",
              "pass": true,
              "fail": false,
              "pending": false,
              "context": null,
              "code": "cy.screenshot(\"compliance-validation-start\");\nconst complianceScenarios = [\n  {\n    levels: [SECURITY_LEVELS.LOW, SECURITY_LEVELS.LOW, SECURITY_LEVELS.LOW],\n    expectedStatus: /minimal|basic|non-compliant|low/i,\n    expectedFrameworks: 0\n  },\n  {\n    levels: [\n      SECURITY_LEVELS.HIGH,\n      SECURITY_LEVELS.HIGH,\n      SECURITY_LEVELS.HIGH\n    ],\n    expectedStatus: /compliant|meets requirements|high/i,\n    expectedFrameworks: 1\n    // Less strict - at least one framework\n  }\n];\ncomplianceScenarios.forEach((scenario, index) => {\n  cy.log(\n    `Testing compliance scenario ${index + 1} with levels: ${scenario.levels.join(\", \")}`\n  );\n  cy.get(\"body\").then(($body) => {\n    if ($body.find(\"select\").length >= 3) {\n      cy.get(\"select\").eq(0).select(scenario.levels[0], { force: true });\n      cy.wait(300);\n      cy.get(\"select\").eq(1).select(scenario.levels[1], { force: true });\n      cy.wait(300);\n      cy.get(\"select\").eq(2).select(scenario.levels[2], { force: true });\n    } else {\n      cy.setSecurityLevels(...scenario.levels);\n    }\n  });\n  cy.wait(1e3);\n  cy.screenshot(`compliance-scenario-${index + 1}`);\n  cy.get(\"body\").then(($body) => {\n    const selectors = [\n      '[data-testid=\"widget-compliance-status\"]',\n      '[data-testid=\"compliance-status\"]',\n      '[data-testid*=\"compliance\"]',\n      '[class*=\"compliance\"]'\n    ];\n    let foundSelector = \"\";\n    for (const selector of selectors) {\n      if ($body.find(selector).length > 0) {\n        foundSelector = selector;\n        break;\n      }\n    }\n    if (foundSelector) {\n      cy.log(`Found compliance widget with selector: ${foundSelector}`);\n      cy.get(foundSelector).within(() => {\n        cy.contains(scenario.expectedStatus).should(\"exist\");\n        if (scenario.expectedFrameworks > 0) {\n          cy.get(\n            'li, [data-testid*=\"framework-item\"], [data-testid*=\"compliance-item\"]'\n          ).should(\"have.length.at.least\", scenario.expectedFrameworks);\n        }\n      });\n    } else {\n      cy.log(\"⚠️ Compliance widget not found with standard selectors\");\n      cy.contains(scenario.expectedStatus).should(\"exist\");\n    }\n  });\n});",
              "err": {},
              "uuid": "b6e85e51-7ad5-408c-826b-0bb4a527dc83",
              "parentUUID": "282a50af-c387-496e-a1ac-0b83b151debe",
              "isHook": false,
              "skipped": false
            }
          ],
          "suites": [],
          "passes": [
            "b6e85e51-7ad5-408c-826b-0bb4a527dc83"
          ],
          "failures": [],
          "pending": [],
          "skipped": [],
          "duration": 7230,
          "root": false,
          "rootEmpty": false,
          "_timeout": 2000
        }
      ],
      "passes": [],
      "failures": [],
      "pending": [],
      "skipped": [],
      "duration": 0,
      "root": true,
      "rootEmpty": true,
      "_timeout": 2000
    },
    {
      "uuid": "662158de-053f-4a4b-b9a9-8c54f95415fb",
      "title": "",
      "fullFile": "cypress/e2e/security/security-level-transitions.cy.ts",
      "file": "cypress/e2e/security/security-level-transitions.cy.ts",
      "beforeHooks": [],
      "afterHooks": [],
      "tests": [],
      "suites": [
        {
          "uuid": "a8aecc65-1583-4747-aad3-a3eaea24f38d",
          "title": "Security Level Transitions",
          "fullFile": "",
          "file": "",
          "beforeHooks": [],
          "afterHooks": [],
          "tests": [
            {
              "title": "maintains application integrity during security level changes",
              "fullTitle": "Security Level Transitions maintains application integrity during security level changes",
              "timedOut": null,
              "duration": 11184,
              "state": "passed",
              "speed": "slow",
              "pass": true,
              "fail": false,
              "pending": false,
              "context": null,
              "code": "const securityTransitions = [\n  // Test dramatic change (low to high)\n  {\n    from: [SECURITY_LEVELS.LOW, SECURITY_LEVELS.LOW, SECURITY_LEVELS.LOW],\n    to: [SECURITY_LEVELS.HIGH, SECURITY_LEVELS.HIGH, SECURITY_LEVELS.HIGH]\n  },\n  // Test mixed security levels\n  {\n    from: [\n      SECURITY_LEVELS.HIGH,\n      SECURITY_LEVELS.HIGH,\n      SECURITY_LEVELS.HIGH\n    ],\n    to: [\n      SECURITY_LEVELS.HIGH,\n      SECURITY_LEVELS.LOW,\n      SECURITY_LEVELS.MODERATE\n    ]\n  }\n];\nfor (const transition of securityTransitions) {\n  cy.log(`Testing transition from ${transition.from} to ${transition.to}`);\n  cy.get(\"body\").then(($body) => {\n    if ($body.find(\"select\").length >= 3) {\n      cy.get(\"select\").eq(0).select(transition.from[0], { force: true });\n      cy.wait(300);\n      cy.get(\"select\").eq(1).select(transition.from[1], { force: true });\n      cy.wait(300);\n      cy.get(\"select\").eq(2).select(transition.from[2], { force: true });\n    } else {\n      cy.setSecurityLevels(...transition.from);\n    }\n  });\n  cy.wait(1e3);\n  cy.screenshot(`transition-initial-${transition.from.join(\"-\")}`);\n  cy.log(\"Verifying initial widget state\");\n  let initialWidgetFound = false;\n  cy.get(\"body\").then(($body) => {\n    const summarySelectors = [\n      '[data-testid=\"widget-security-summary\"]',\n      '[data-testid=\"security-summary\"]',\n      '[data-testid*=\"security\"][data-testid*=\"summary\"]'\n    ];\n    for (const selector of summarySelectors) {\n      if ($body.find(selector).length > 0) {\n        initialWidgetFound = true;\n        cy.log(`Found security summary with selector: ${selector}`);\n        cy.get(selector).should(\"exist\").as(\"securitySummary\");\n        break;\n      }\n    }\n    if (!initialWidgetFound) {\n      cy.log(\"⚠️ Could not find security summary widget\");\n      cy.get(\"body\").as(\"securitySummary\");\n    }\n  });\n  cy.get(\"body\").should(\"not.contain.text\", \"undefined\");\n  cy.get(\"body\").should(\"not.contain.text\", \"NaN\");\n  cy.get(\"body\").invoke(\"text\").as(\"initialBodyText\");\n  cy.log(`Changing to security levels: ${transition.to}`);\n  cy.get(\"body\").then(($body) => {\n    if ($body.find(\"select\").length >= 3) {\n      cy.get(\"select\").eq(0).select(transition.to[0], { force: true });\n      cy.wait(300);\n      cy.get(\"select\").eq(1).select(transition.to[1], { force: true });\n      cy.wait(300);\n      cy.get(\"select\").eq(2).select(transition.to[2], { force: true });\n    } else {\n      cy.setSecurityLevels(...transition.to);\n    }\n  });\n  cy.wait(1e3);\n  cy.screenshot(`transition-after-${transition.to.join(\"-\")}`);\n  if (initialWidgetFound) {\n    cy.get(\"@securitySummary\").should(\"exist\");\n  }\n  cy.get(\"body\").invoke(\"text\").then((newBodyText) => {\n    cy.get(\"@initialBodyText\").then((initialBodyText) => {\n      if (newBodyText !== initialBodyText) {\n        cy.log(\"✓ Page content changed after security level transition\");\n      } else {\n        cy.log(\"⚠️ Page content did not change after transition\");\n      }\n    });\n  });\n  cy.get(\"body\").should(\"not.contain.text\", \"undefined\");\n  cy.get(\"body\").should(\"not.contain.text\", \"NaN\");\n  cy.get(\"body\").should(\"not.contain.text\", \"Error\");\n  cy.window().then((win) => {\n    if (win.consoleErrors && win.consoleErrors.length > 0) {\n      cy.log(`⚠️ Console errors found: ${win.consoleErrors.length}`);\n      win.consoleErrors.forEach((err, i) => {\n        if (i < 3) {\n          cy.log(`Error ${i + 1}: ${err.substring(0, 100)}...`);\n        }\n      });\n    } else {\n      cy.log(\"✓ No console errors detected\");\n    }\n  });\n}",
              "err": {},
              "uuid": "fa3d8a98-de80-4b6f-a217-6dee65ae4920",
              "parentUUID": "a8aecc65-1583-4747-aad3-a3eaea24f38d",
              "isHook": false,
              "skipped": false
            }
          ],
          "suites": [],
          "passes": [
            "fa3d8a98-de80-4b6f-a217-6dee65ae4920"
          ],
          "failures": [],
          "pending": [],
          "skipped": [],
          "duration": 11184,
          "root": false,
          "rootEmpty": false,
          "_timeout": 2000
        }
      ],
      "passes": [],
      "failures": [],
      "pending": [],
      "skipped": [],
      "duration": 0,
      "root": true,
      "rootEmpty": true,
      "_timeout": 2000
    },
    {
      "uuid": "9dbfd285-fb16-432d-958e-6ed4afd0a94e",
      "title": "",
      "fullFile": "cypress/e2e/widgets/all-widgets-security-test.cy.ts",
      "file": "cypress/e2e/widgets/all-widgets-security-test.cy.ts",
      "beforeHooks": [],
      "afterHooks": [],
      "tests": [],
      "suites": [
        {
          "uuid": "b9155480-58c7-4c17-91dd-afad54045ede",
          "title": "All Widgets Security Level Tests",
          "fullFile": "",
          "file": "",
          "beforeHooks": [],
          "afterHooks": [],
          "tests": [
            {
              "title": "handles key security combinations for security-summary",
              "fullTitle": "All Widgets Security Level Tests handles key security combinations for security-summary",
              "timedOut": null,
              "duration": 5431,
              "state": "passed",
              "speed": "medium",
              "pass": true,
              "fail": false,
              "pending": false,
              "context": null,
              "code": "cy.get(\"body\").then(($body) => {\n  const widgetExists = $body.find(`[data-testid*=\"${widget}\"]`).length > 0;\n  if (!widgetExists) {\n    cy.log(\n      `⚠️ WARNING: Widget \"${widget}\" not found - skipping security level tests`\n    );\n    return;\n  }\n  cy.findWidget(widget).scrollIntoView();\n  const hasSelects = $body.find(\"select\").length >= 3;\n  if (!hasSelects) {\n    cy.log(\n      \"⚠️ WARNING: Not enough select elements found to set security levels\"\n    );\n    return;\n  }\n  criticalCombinations.forEach(([avail, integ, conf]) => {\n    cy.log(`Testing ${avail}-${integ}-${conf} combination`);\n    cy.get(\"body\").then(($updated) => {\n      const selects = $updated.find(\"select\");\n      if (selects.length >= 3) {\n        cy.get(\"select\").eq(0).select(avail, { force: true });\n        cy.get(\"select\").eq(1).select(integ, { force: true });\n        cy.get(\"select\").eq(2).select(conf, { force: true });\n      } else {\n        cy.setSecurityLevels(avail, integ, conf);\n      }\n    });\n    cy.wait(300);\n    cy.findWidget(widget).should(\"exist\").should(\"be.visible\").then(($widget) => {\n      expect($widget.text().trim().length).to.be.greaterThan(0);\n    });\n  });\n});",
              "err": {},
              "uuid": "27dd25cd-5172-409a-bb0d-a8a4dd3f9897",
              "parentUUID": "b9155480-58c7-4c17-91dd-afad54045ede",
              "isHook": false,
              "skipped": false
            },
            {
              "title": "handles key security combinations for business-impact",
              "fullTitle": "All Widgets Security Level Tests handles key security combinations for business-impact",
              "timedOut": null,
              "duration": 4779,
              "state": "passed",
              "speed": "fast",
              "pass": true,
              "fail": false,
              "pending": false,
              "context": null,
              "code": "cy.get(\"body\").then(($body) => {\n  const widgetExists = $body.find(`[data-testid*=\"${widget}\"]`).length > 0;\n  if (!widgetExists) {\n    cy.log(\n      `⚠️ WARNING: Widget \"${widget}\" not found - skipping security level tests`\n    );\n    return;\n  }\n  cy.findWidget(widget).scrollIntoView();\n  const hasSelects = $body.find(\"select\").length >= 3;\n  if (!hasSelects) {\n    cy.log(\n      \"⚠️ WARNING: Not enough select elements found to set security levels\"\n    );\n    return;\n  }\n  criticalCombinations.forEach(([avail, integ, conf]) => {\n    cy.log(`Testing ${avail}-${integ}-${conf} combination`);\n    cy.get(\"body\").then(($updated) => {\n      const selects = $updated.find(\"select\");\n      if (selects.length >= 3) {\n        cy.get(\"select\").eq(0).select(avail, { force: true });\n        cy.get(\"select\").eq(1).select(integ, { force: true });\n        cy.get(\"select\").eq(2).select(conf, { force: true });\n      } else {\n        cy.setSecurityLevels(avail, integ, conf);\n      }\n    });\n    cy.wait(300);\n    cy.findWidget(widget).should(\"exist\").should(\"be.visible\").then(($widget) => {\n      expect($widget.text().trim().length).to.be.greaterThan(0);\n    });\n  });\n});",
              "err": {},
              "uuid": "d022c8e9-f468-4623-a800-53cec55c1099",
              "parentUUID": "b9155480-58c7-4c17-91dd-afad54045ede",
              "isHook": false,
              "skipped": false
            },
            {
              "title": "handles key security combinations for cost-estimation",
              "fullTitle": "All Widgets Security Level Tests handles key security combinations for cost-estimation",
              "timedOut": null,
              "duration": 4845,
              "state": "passed",
              "speed": "fast",
              "pass": true,
              "fail": false,
              "pending": false,
              "context": null,
              "code": "cy.get(\"body\").then(($body) => {\n  const widgetExists = $body.find(`[data-testid*=\"${widget}\"]`).length > 0;\n  if (!widgetExists) {\n    cy.log(\n      `⚠️ WARNING: Widget \"${widget}\" not found - skipping security level tests`\n    );\n    return;\n  }\n  cy.findWidget(widget).scrollIntoView();\n  const hasSelects = $body.find(\"select\").length >= 3;\n  if (!hasSelects) {\n    cy.log(\n      \"⚠️ WARNING: Not enough select elements found to set security levels\"\n    );\n    return;\n  }\n  criticalCombinations.forEach(([avail, integ, conf]) => {\n    cy.log(`Testing ${avail}-${integ}-${conf} combination`);\n    cy.get(\"body\").then(($updated) => {\n      const selects = $updated.find(\"select\");\n      if (selects.length >= 3) {\n        cy.get(\"select\").eq(0).select(avail, { force: true });\n        cy.get(\"select\").eq(1).select(integ, { force: true });\n        cy.get(\"select\").eq(2).select(conf, { force: true });\n      } else {\n        cy.setSecurityLevels(avail, integ, conf);\n      }\n    });\n    cy.wait(300);\n    cy.findWidget(widget).should(\"exist\").should(\"be.visible\").then(($widget) => {\n      expect($widget.text().trim().length).to.be.greaterThan(0);\n    });\n  });\n});",
              "err": {},
              "uuid": "ccf32a7c-c30c-49ee-9fd7-9bf679b4d666",
              "parentUUID": "b9155480-58c7-4c17-91dd-afad54045ede",
              "isHook": false,
              "skipped": false
            },
            {
              "title": "handles key security combinations for compliance-status",
              "fullTitle": "All Widgets Security Level Tests handles key security combinations for compliance-status",
              "timedOut": null,
              "duration": 4828,
              "state": "passed",
              "speed": "fast",
              "pass": true,
              "fail": false,
              "pending": false,
              "context": null,
              "code": "cy.get(\"body\").then(($body) => {\n  const widgetExists = $body.find(`[data-testid*=\"${widget}\"]`).length > 0;\n  if (!widgetExists) {\n    cy.log(\n      `⚠️ WARNING: Widget \"${widget}\" not found - skipping security level tests`\n    );\n    return;\n  }\n  cy.findWidget(widget).scrollIntoView();\n  const hasSelects = $body.find(\"select\").length >= 3;\n  if (!hasSelects) {\n    cy.log(\n      \"⚠️ WARNING: Not enough select elements found to set security levels\"\n    );\n    return;\n  }\n  criticalCombinations.forEach(([avail, integ, conf]) => {\n    cy.log(`Testing ${avail}-${integ}-${conf} combination`);\n    cy.get(\"body\").then(($updated) => {\n      const selects = $updated.find(\"select\");\n      if (selects.length >= 3) {\n        cy.get(\"select\").eq(0).select(avail, { force: true });\n        cy.get(\"select\").eq(1).select(integ, { force: true });\n        cy.get(\"select\").eq(2).select(conf, { force: true });\n      } else {\n        cy.setSecurityLevels(avail, integ, conf);\n      }\n    });\n    cy.wait(300);\n    cy.findWidget(widget).should(\"exist\").should(\"be.visible\").then(($widget) => {\n      expect($widget.text().trim().length).to.be.greaterThan(0);\n    });\n  });\n});",
              "err": {},
              "uuid": "31217a65-7377-4edd-8259-e8dbab7981a7",
              "parentUUID": "b9155480-58c7-4c17-91dd-afad54045ede",
              "isHook": false,
              "skipped": false
            },
            {
              "title": "handles security level transitions smoothly for security-summary widget",
              "fullTitle": "All Widgets Security Level Tests handles security level transitions smoothly for security-summary widget",
              "timedOut": null,
              "duration": 3735,
              "state": "passed",
              "speed": "fast",
              "pass": true,
              "fail": false,
              "pending": false,
              "context": null,
              "code": "cy.findWidget(widgetName).scrollIntoView();\nconst transitionSequence = [\n  [SECURITY_LEVELS.LOW, SECURITY_LEVELS.LOW, SECURITY_LEVELS.LOW],\n  [SECURITY_LEVELS.HIGH, SECURITY_LEVELS.HIGH, SECURITY_LEVELS.HIGH],\n  [\n    SECURITY_LEVELS.MODERATE,\n    SECURITY_LEVELS.MODERATE,\n    SECURITY_LEVELS.MODERATE\n  ],\n  [SECURITY_LEVELS.LOW, SECURITY_LEVELS.HIGH, SECURITY_LEVELS.MODERATE]\n];\ntransitionSequence.forEach(([avail, integ, conf], index) => {\n  cy.log(`Testing transition ${index + 1}: ${avail}, ${integ}, ${conf}`);\n  cy.setSecurityLevels(avail, integ, conf);\n  cy.wait(100);\n  cy.findWidget(widgetName).should(\"exist\");\n});\ncy.findWidget(widgetName).should(\"be.visible\").invoke(\"text\").should(\"not.be.empty\");",
              "err": {},
              "uuid": "6d4bc2d0-e77c-419e-b99d-ffe5c079625b",
              "parentUUID": "b9155480-58c7-4c17-91dd-afad54045ede",
              "isHook": false,
              "skipped": false
            },
            {
              "title": "handles security level transitions smoothly for radar-chart widget",
              "fullTitle": "All Widgets Security Level Tests handles security level transitions smoothly for radar-chart widget",
              "timedOut": null,
              "duration": 3790,
              "state": "passed",
              "speed": "fast",
              "pass": true,
              "fail": false,
              "pending": false,
              "context": null,
              "code": "cy.findWidget(widgetName).scrollIntoView();\nconst transitionSequence = [\n  [SECURITY_LEVELS.LOW, SECURITY_LEVELS.LOW, SECURITY_LEVELS.LOW],\n  [SECURITY_LEVELS.HIGH, SECURITY_LEVELS.HIGH, SECURITY_LEVELS.HIGH],\n  [\n    SECURITY_LEVELS.MODERATE,\n    SECURITY_LEVELS.MODERATE,\n    SECURITY_LEVELS.MODERATE\n  ],\n  [SECURITY_LEVELS.LOW, SECURITY_LEVELS.HIGH, SECURITY_LEVELS.MODERATE]\n];\ntransitionSequence.forEach(([avail, integ, conf], index) => {\n  cy.log(`Testing transition ${index + 1}: ${avail}, ${integ}, ${conf}`);\n  cy.setSecurityLevels(avail, integ, conf);\n  cy.wait(100);\n  cy.findWidget(widgetName).should(\"exist\");\n});\ncy.findWidget(widgetName).should(\"be.visible\").invoke(\"text\").should(\"not.be.empty\");",
              "err": {},
              "uuid": "a159882d-0ea5-4ad9-9885-142cff8b6e35",
              "parentUUID": "b9155480-58c7-4c17-91dd-afad54045ede",
              "isHook": false,
              "skipped": false
            },
            {
              "title": "handles security level transitions smoothly for compliance-status widget",
              "fullTitle": "All Widgets Security Level Tests handles security level transitions smoothly for compliance-status widget",
              "timedOut": null,
              "duration": 3748,
              "state": "passed",
              "speed": "fast",
              "pass": true,
              "fail": false,
              "pending": false,
              "context": null,
              "code": "cy.findWidget(widgetName).scrollIntoView();\nconst transitionSequence = [\n  [SECURITY_LEVELS.LOW, SECURITY_LEVELS.LOW, SECURITY_LEVELS.LOW],\n  [SECURITY_LEVELS.HIGH, SECURITY_LEVELS.HIGH, SECURITY_LEVELS.HIGH],\n  [\n    SECURITY_LEVELS.MODERATE,\n    SECURITY_LEVELS.MODERATE,\n    SECURITY_LEVELS.MODERATE\n  ],\n  [SECURITY_LEVELS.LOW, SECURITY_LEVELS.HIGH, SECURITY_LEVELS.MODERATE]\n];\ntransitionSequence.forEach(([avail, integ, conf], index) => {\n  cy.log(`Testing transition ${index + 1}: ${avail}, ${integ}, ${conf}`);\n  cy.setSecurityLevels(avail, integ, conf);\n  cy.wait(100);\n  cy.findWidget(widgetName).should(\"exist\");\n});\ncy.findWidget(widgetName).should(\"be.visible\").invoke(\"text\").should(\"not.be.empty\");",
              "err": {},
              "uuid": "1186ad39-0f2d-4c72-8405-a2914bc5a5f6",
              "parentUUID": "b9155480-58c7-4c17-91dd-afad54045ede",
              "isHook": false,
              "skipped": false
            },
            {
              "title": "shows appropriate widgets for each security profile",
              "fullTitle": "All Widgets Security Level Tests shows appropriate widgets for each security profile",
              "timedOut": null,
              "duration": 2933,
              "state": "passed",
              "speed": "fast",
              "pass": true,
              "fail": false,
              "pending": false,
              "context": null,
              "code": "const securityProfiles = [\n  {\n    name: \"None/Low Security\",\n    levels: [SECURITY_LEVELS.LOW, SECURITY_LEVELS.LOW, SECURITY_LEVELS.LOW],\n    expectedWidgets: [\n      \"security-summary\",\n      \"security-level\",\n      \"cost-estimation\"\n    ],\n    unexpectedWidgets: [\"cia-impact-summary\", \"radar-chart\"]\n    // These might not be visible at low security\n  },\n  {\n    name: \"High Security\",\n    levels: [\n      SECURITY_LEVELS.HIGH,\n      SECURITY_LEVELS.HIGH,\n      SECURITY_LEVELS.HIGH\n    ],\n    expectedWidgets: [\n      \"security-summary\",\n      \"security-level\",\n      \"cost-estimation\",\n      \"value-creation\",\n      \"business-impact\",\n      \"compliance-status\"\n    ],\n    unexpectedWidgets: []\n    // At high security, most widgets should be visible\n  }\n];\nsecurityProfiles.forEach((profile) => {\n  cy.log(`Testing ${profile.name} profile`);\n  cy.setSecurityLevels(...profile.levels);\n  cy.wait(500);\n  profile.expectedWidgets.forEach((widgetId) => {\n    cy.findWidget(widgetId).should(\"exist\");\n  });\n  if (profile.unexpectedWidgets.length > 0) {\n    cy.log(\n      `Note: Some widgets may not be visible in ${profile.name} profile`\n    );\n  }\n});",
              "err": {},
              "uuid": "10c489c4-225f-466d-9ae1-d1083c35bc38",
              "parentUUID": "b9155480-58c7-4c17-91dd-afad54045ede",
              "isHook": false,
              "skipped": false
            },
            {
              "title": "handles extreme security transitions without errors",
              "fullTitle": "All Widgets Security Level Tests handles extreme security transitions without errors",
              "timedOut": null,
              "duration": 2636,
              "state": "passed",
              "speed": "fast",
              "pass": true,
              "fail": false,
              "pending": false,
              "context": null,
              "code": "cy.setSecurityLevels(\n  SECURITY_LEVELS.NONE,\n  SECURITY_LEVELS.NONE,\n  SECURITY_LEVELS.NONE\n);\ncy.wait(300);\ncy.window().then((win) => {\n  win.consoleErrors = [];\n  cy.setSecurityLevels(\n    SECURITY_LEVELS.VERY_HIGH,\n    SECURITY_LEVELS.VERY_HIGH,\n    SECURITY_LEVELS.VERY_HIGH\n  );\n  cy.wait(500);\n  cy.wrap(win.consoleErrors || []).should(\"have.length.lessThan\", 3);\n});",
              "err": {},
              "uuid": "26209e98-54da-461d-9db3-399f4d208854",
              "parentUUID": "b9155480-58c7-4c17-91dd-afad54045ede",
              "isHook": false,
              "skipped": false
            }
          ],
          "suites": [],
          "passes": [
            "27dd25cd-5172-409a-bb0d-a8a4dd3f9897",
            "d022c8e9-f468-4623-a800-53cec55c1099",
            "ccf32a7c-c30c-49ee-9fd7-9bf679b4d666",
            "31217a65-7377-4edd-8259-e8dbab7981a7",
            "6d4bc2d0-e77c-419e-b99d-ffe5c079625b",
            "a159882d-0ea5-4ad9-9885-142cff8b6e35",
            "1186ad39-0f2d-4c72-8405-a2914bc5a5f6",
            "10c489c4-225f-466d-9ae1-d1083c35bc38",
            "26209e98-54da-461d-9db3-399f4d208854"
          ],
          "failures": [],
          "pending": [],
          "skipped": [],
          "duration": 36725,
          "root": false,
          "rootEmpty": false,
          "_timeout": 2000
        }
      ],
      "passes": [],
      "failures": [],
      "pending": [],
      "skipped": [],
      "duration": 0,
      "root": true,
      "rootEmpty": true,
      "_timeout": 2000
    },
    {
      "uuid": "40bedbd6-7940-49b5-9d76-7946e94b920f",
      "title": "",
      "fullFile": "cypress/e2e/widgets/availability-impact-widget.cy.ts",
      "file": "cypress/e2e/widgets/availability-impact-widget.cy.ts",
      "beforeHooks": [],
      "afterHooks": [],
      "tests": [],
      "suites": [
        {
          "uuid": "6de7dbc8-16e2-4c63-ad70-b7f83e560baf",
          "title": "Availability Impact Widget",
          "fullFile": "",
          "file": "",
          "beforeHooks": [],
          "afterHooks": [],
          "tests": [
            {
              "title": "displays availability impact analysis",
              "fullTitle": "Availability Impact Widget displays availability impact analysis",
              "timedOut": null,
              "duration": 1333,
              "state": "passed",
              "speed": "fast",
              "pass": true,
              "fail": false,
              "pending": false,
              "context": null,
              "code": "cy.get(\"body\").then(($body) => {\n  const selectors = [\n    '[data-testid*=\"availability-impact\"]',\n    '[data-testid=\"widget-availability-impact-container\"]',\n    '[data-testid=\"widget-availability-impact\"]',\n    '[class*=\"availability-impact\"]'\n  ];\n  let foundSelector = false;\n  for (const selector of selectors) {\n    if ($body.find(selector).length > 0) {\n      cy.log(`Found availability widget with selector: ${selector}`);\n      cy.get(selector).should(\"exist\").scrollIntoView().should(\"be.visible\");\n      foundSelector = true;\n      break;\n    }\n  }\n  if (!foundSelector) {\n    cy.log(\n      \"⚠️ Could not find availability impact widget with standard selectors\"\n    );\n    return;\n  }\n  cy.verifyContentPresent([\n    /availability|uptime|recovery/i,\n    /impact|effect|consequence/i\n  ]);\n});",
              "err": {},
              "uuid": "83504770-a2ba-40e6-b01a-d76a8725589b",
              "parentUUID": "6de7dbc8-16e2-4c63-ad70-b7f83e560baf",
              "isHook": false,
              "skipped": false
            },
            {
              "title": "updates content when security levels change",
              "fullTitle": "Availability Impact Widget updates content when security levels change",
              "timedOut": null,
              "duration": 2784,
              "state": "passed",
              "speed": "fast",
              "pass": true,
              "fail": false,
              "pending": false,
              "context": null,
              "code": "cy.findWidget(\"availability-impact\").then(($widget) => {\n  if ($widget.length === 0) {\n    cy.log(\"⚠️ Widget not found - skipping test\");\n    return;\n  }\n  const initialContent = $widget.text();\n  cy.get(\"body\").then(($body) => {\n    const selectCount = $body.find(\"select\").length;\n    if (selectCount >= 3) {\n      cy.get(\"select\").eq(0).select(SECURITY_LEVELS.LOW, { force: true });\n      cy.get(\"select\").eq(1).select(SECURITY_LEVELS.LOW, { force: true });\n      cy.get(\"select\").eq(2).select(SECURITY_LEVELS.LOW, { force: true });\n    } else {\n      cy.setSecurityLevels(\n        SECURITY_LEVELS.LOW,\n        SECURITY_LEVELS.LOW,\n        SECURITY_LEVELS.LOW\n      );\n    }\n  });\n  cy.wait(500);\n  cy.get(\"body\").then(($body) => {\n    const selectCount = $body.find(\"select\").length;\n    if (selectCount >= 3) {\n      cy.get(\"select\").eq(0).select(SECURITY_LEVELS.HIGH, { force: true });\n      cy.get(\"select\").eq(1).select(SECURITY_LEVELS.HIGH, { force: true });\n      cy.get(\"select\").eq(2).select(SECURITY_LEVELS.HIGH, { force: true });\n    } else {\n      cy.setSecurityLevels(\n        SECURITY_LEVELS.HIGH,\n        SECURITY_LEVELS.HIGH,\n        SECURITY_LEVELS.HIGH\n      );\n    }\n  });\n  cy.wait(500);\n  cy.findWidget(\"availability-impact\").invoke(\"text\").then((newContent) => {\n    cy.log(`Initial content length: ${initialContent.length}`);\n    cy.log(`New content length: ${newContent.length}`);\n  });\n});",
              "err": {},
              "uuid": "65fc327e-63d6-40ec-ad62-82a98cd8cb19",
              "parentUUID": "6de7dbc8-16e2-4c63-ad70-b7f83e560baf",
              "isHook": false,
              "skipped": false
            },
            {
              "title": "shows technical metrics and recommendations",
              "fullTitle": "Availability Impact Widget shows technical metrics and recommendations",
              "timedOut": null,
              "duration": 1903,
              "state": "passed",
              "speed": "fast",
              "pass": true,
              "fail": false,
              "pending": false,
              "context": null,
              "code": "cy.findWidget(\"availability-impact\").then(($widget) => {\n  if ($widget.length === 0) {\n    cy.log(\"⚠️ Widget not found - skipping test\");\n    return;\n  }\n  cy.wrap($widget).scrollIntoView();\n  cy.get(\"body\").then(($body) => {\n    const selectCount = $body.find(\"select\").length;\n    if (selectCount >= 3) {\n      cy.get(\"select\").eq(0).select(SECURITY_LEVELS.MODERATE, { force: true });\n      cy.get(\"select\").eq(1).select(SECURITY_LEVELS.MODERATE, { force: true });\n      cy.get(\"select\").eq(2).select(SECURITY_LEVELS.MODERATE, { force: true });\n    } else {\n      cy.setSecurityLevels(\n        SECURITY_LEVELS.MODERATE,\n        SECURITY_LEVELS.MODERATE,\n        SECURITY_LEVELS.MODERATE\n      );\n    }\n  });\n  cy.wait(500);\n  cy.log(\"Checking for availability metrics terminology\");\n  cy.get(\"body\").contains(/rto|rpo|mttr|uptime/i);\n  cy.log(\"Checking for recommendation terminology\");\n  cy.get(\"body\").contains(/recommend|suggest/i);\n});",
              "err": {},
              "uuid": "7850fcbb-1ec6-4383-b08f-2352330b2670",
              "parentUUID": "6de7dbc8-16e2-4c63-ad70-b7f83e560baf",
              "isHook": false,
              "skipped": false
            },
            {
              "title": "displays business impact information",
              "fullTitle": "Availability Impact Widget displays business impact information",
              "timedOut": null,
              "duration": 1848,
              "state": "passed",
              "speed": "fast",
              "pass": true,
              "fail": false,
              "pending": false,
              "context": null,
              "code": "cy.findWidget(\"availability-impact\").then(($widget) => {\n  if ($widget.length === 0) {\n    cy.log(\"⚠️ Widget not found - skipping test\");\n    return;\n  }\n  cy.wrap($widget).scrollIntoView();\n  cy.get(\"body\").then(($body) => {\n    const selectCount = $body.find(\"select\").length;\n    if (selectCount >= 3) {\n      cy.get(\"select\").eq(0).select(SECURITY_LEVELS.HIGH, { force: true });\n      cy.get(\"select\").eq(1).select(SECURITY_LEVELS.MODERATE, { force: true });\n      cy.get(\"select\").eq(2).select(SECURITY_LEVELS.LOW, { force: true });\n    } else {\n      cy.setSecurityLevels(\n        SECURITY_LEVELS.HIGH,\n        SECURITY_LEVELS.MODERATE,\n        SECURITY_LEVELS.LOW\n      );\n    }\n  });\n  cy.wait(500);\n  cy.contains(/business impact|effect on business|operational impact/i);\n});",
              "err": {},
              "uuid": "d972b217-a732-412c-a638-33ebc9e157fe",
              "parentUUID": "6de7dbc8-16e2-4c63-ad70-b7f83e560baf",
              "isHook": false,
              "skipped": false
            }
          ],
          "suites": [],
          "passes": [
            "83504770-a2ba-40e6-b01a-d76a8725589b",
            "65fc327e-63d6-40ec-ad62-82a98cd8cb19",
            "7850fcbb-1ec6-4383-b08f-2352330b2670",
            "d972b217-a732-412c-a638-33ebc9e157fe"
          ],
          "failures": [],
          "pending": [],
          "skipped": [],
          "duration": 7868,
          "root": false,
          "rootEmpty": false,
          "_timeout": 2000
        }
      ],
      "passes": [],
      "failures": [],
      "pending": [],
      "skipped": [],
      "duration": 0,
      "root": true,
      "rootEmpty": true,
      "_timeout": 2000
    },
    {
      "uuid": "afd5daa8-819c-4234-b59b-f0a01574cdf2",
      "title": "",
      "fullFile": "cypress/e2e/widgets/business-impact-widget.cy.ts",
      "file": "cypress/e2e/widgets/business-impact-widget.cy.ts",
      "beforeHooks": [],
      "afterHooks": [],
      "tests": [],
      "suites": [
        {
          "uuid": "13230943-e698-41e9-bdb2-63bb449f34ac",
          "title": "Business Impact Widget",
          "fullFile": "",
          "file": "",
          "beforeHooks": [],
          "afterHooks": [],
          "tests": [
            {
              "title": "should display the business impact widget",
              "fullTitle": "Business Impact Widget should display the business impact widget",
              "timedOut": null,
              "duration": 1307,
              "state": "passed",
              "speed": "fast",
              "pass": true,
              "fail": false,
              "pending": false,
              "context": null,
              "code": "cy.get(\"body\").then(($body) => {\n  const selectors = [\n    '[data-testid=\"widget-business-impact-container\"]',\n    '[data-testid=\"business-impact-widget\"]',\n    '[data-testid*=\"business-impact\"]',\n    '[class*=\"business-impact\"]'\n  ];\n  let found = false;\n  for (const selector of selectors) {\n    if ($body.find(selector).length > 0) {\n      cy.get(selector).should(\"exist\").and(\"be.visible\");\n      found = true;\n      break;\n    }\n  }\n  if (!found) {\n    cy.log(\"⚠️ Business impact widget not found with standard selectors\");\n  }\n});",
              "err": {},
              "uuid": "f63f5eae-e215-413a-a59e-8d9d9b54a16b",
              "parentUUID": "13230943-e698-41e9-bdb2-63bb449f34ac",
              "isHook": false,
              "skipped": false
            },
            {
              "title": "updates content when security levels change",
              "fullTitle": "Business Impact Widget updates content when security levels change",
              "timedOut": null,
              "duration": 2787,
              "state": "passed",
              "speed": "fast",
              "pass": true,
              "fail": false,
              "pending": false,
              "context": null,
              "code": "cy.findWidget(\"business-impact\").then(($widget) => {\n  if ($widget.length === 0) {\n    cy.log(\"⚠️ Widget not found - skipping test\");\n    return;\n  }\n  cy.wrap($widget).scrollIntoView();\n  const initialContent = $widget.text();\n  cy.get(\"body\").then(($body) => {\n    if ($body.find(\"select\").length >= 3) {\n      cy.get(\"select\").eq(0).select(SECURITY_LEVELS.LOW, { force: true });\n      cy.get(\"select\").eq(1).select(SECURITY_LEVELS.LOW, { force: true });\n      cy.get(\"select\").eq(2).select(SECURITY_LEVELS.LOW, { force: true });\n    } else {\n      cy.setSecurityLevels(\n        SECURITY_LEVELS.LOW,\n        SECURITY_LEVELS.LOW,\n        SECURITY_LEVELS.LOW\n      );\n    }\n  });\n  cy.wait(500);\n  cy.get(\"body\").then(($body) => {\n    if ($body.find(\"select\").length >= 3) {\n      cy.get(\"select\").eq(0).select(SECURITY_LEVELS.HIGH, { force: true });\n      cy.get(\"select\").eq(1).select(SECURITY_LEVELS.HIGH, { force: true });\n      cy.get(\"select\").eq(2).select(SECURITY_LEVELS.HIGH, { force: true });\n    } else {\n      cy.setSecurityLevels(\n        SECURITY_LEVELS.HIGH,\n        SECURITY_LEVELS.HIGH,\n        SECURITY_LEVELS.HIGH\n      );\n    }\n  });\n  cy.wait(500);\n  cy.findWidget(\"business-impact\").invoke(\"text\").then((newContent) => {\n    if (newContent !== initialContent) {\n      cy.log(\n        \"✅ Content changed as expected after security level change\"\n      );\n    } else {\n      cy.log(\"⚠️ Content did not change after security level change\");\n    }\n  });\n});",
              "err": {},
              "uuid": "a890cb6d-b68d-4bda-b569-df62b5d0c56a",
              "parentUUID": "13230943-e698-41e9-bdb2-63bb449f34ac",
              "isHook": false,
              "skipped": false
            },
            {
              "title": "has functioning CIA tab navigation",
              "fullTitle": "Business Impact Widget has functioning CIA tab navigation",
              "timedOut": null,
              "duration": 1573,
              "state": "passed",
              "speed": "fast",
              "pass": true,
              "fail": false,
              "pending": false,
              "context": null,
              "code": "cy.findWidget(\"business-impact\").then(($widget) => {\n  if ($widget.length === 0) {\n    cy.log(\"⚠️ Widget not found - skipping test\");\n    return;\n  }\n  cy.wrap($widget).scrollIntoView();\n  const tabSelectors = [\n    'button, [role=\"tab\"]',\n    'button:contains(\"Availability\"), button:contains(\"Integrity\"), button:contains(\"Confidentiality\")'\n  ];\n  let tabsFound = false;\n  for (const selector of tabSelectors) {\n    const $tabs = $widget.find(selector);\n    if ($tabs.length >= 2) {\n      tabsFound = true;\n      cy.log(`Found ${$tabs.length} tabs with selector: ${selector}`);\n      cy.wrap($widget).find(selector).each(($tab, index) => {\n        if (index > 0 && index < 3) {\n          cy.log(`Clicking tab ${index}`);\n          cy.wrap($tab).click({ force: true });\n          cy.wait(300);\n        }\n      });\n      break;\n    }\n  }\n  if (!tabsFound) {\n    cy.log(\n      \"⚠️ No tabs found in business impact widget - this might be expected if the widget doesn't use tabs\"\n    );\n  }\n});",
              "err": {},
              "uuid": "d404dcbe-f481-4e89-b037-e780cf6d4ebc",
              "parentUUID": "13230943-e698-41e9-bdb2-63bb449f34ac",
              "isHook": false,
              "skipped": false
            },
            {
              "title": "displays appropriate impact cards for high security",
              "fullTitle": "Business Impact Widget displays appropriate impact cards for high security",
              "timedOut": null,
              "duration": 1853,
              "state": "passed",
              "speed": "fast",
              "pass": true,
              "fail": false,
              "pending": false,
              "context": null,
              "code": "cy.findWidget(\"business-impact\").then(($widget) => {\n  if ($widget.length === 0) {\n    cy.log(\"⚠️ Widget not found - skipping test\");\n    return;\n  }\n  cy.wrap($widget).scrollIntoView();\n  cy.get(\"body\").then(($body) => {\n    if ($body.find(\"select\").length >= 3) {\n      cy.get(\"select\").eq(0).select(SECURITY_LEVELS.HIGH, { force: true });\n      cy.get(\"select\").eq(1).select(SECURITY_LEVELS.HIGH, { force: true });\n      cy.get(\"select\").eq(2).select(SECURITY_LEVELS.HIGH, { force: true });\n    } else {\n      cy.setSecurityLevels(\n        SECURITY_LEVELS.HIGH,\n        SECURITY_LEVELS.HIGH,\n        SECURITY_LEVELS.HIGH\n      );\n    }\n  });\n  cy.wait(500);\n  cy.wrap($widget).within(() => {\n    cy.contains(/impact|effect|consequence/i).should(\"exist\");\n    cy.contains(/financial|revenue|cost/i).should(\"exist\");\n    cy.contains(/operational|process|function/i).should(\"exist\");\n  });\n});",
              "err": {},
              "uuid": "71186629-b603-4fca-8b5f-0840200ed654",
              "parentUUID": "13230943-e698-41e9-bdb2-63bb449f34ac",
              "isHook": false,
              "skipped": false
            },
            {
              "title": "shows different impacts for mixed security levels",
              "fullTitle": "Business Impact Widget shows different impacts for mixed security levels",
              "timedOut": null,
              "duration": 1921,
              "state": "passed",
              "speed": "fast",
              "pass": true,
              "fail": false,
              "pending": false,
              "context": null,
              "code": "cy.findWidget(\"business-impact\").then(($widget) => {\n  if ($widget.length === 0) {\n    cy.log(\"⚠️ Widget not found - skipping test\");\n    return;\n  }\n  cy.wrap($widget).scrollIntoView();\n  cy.get(\"body\").then(($body) => {\n    if ($body.find(\"select\").length >= 3) {\n      cy.get(\"select\").eq(0).select(SECURITY_LEVELS.HIGH, { force: true });\n      cy.get(\"select\").eq(1).select(SECURITY_LEVELS.LOW, { force: true });\n      cy.get(\"select\").eq(2).select(SECURITY_LEVELS.MODERATE, { force: true });\n    } else {\n      cy.setSecurityLevels(\n        SECURITY_LEVELS.HIGH,\n        SECURITY_LEVELS.LOW,\n        SECURITY_LEVELS.MODERATE\n      );\n    }\n  });\n  cy.wait(500);\n  cy.wrap($widget).invoke(\"text\").then((text) => {\n    const patterns = [\n      /availability|integrity|confidentiality/i,\n      /impact|effect|consequence/i,\n      /business|operation|financial/i\n    ];\n    const matchingPatterns = patterns.filter(\n      (pattern) => pattern.test(text)\n    );\n    cy.log(\n      `Found ${matchingPatterns.length} matching patterns in widget`\n    );\n    expect(matchingPatterns.length).to.be.greaterThan(0);\n  });\n});",
              "err": {},
              "uuid": "97618bbf-3e4f-46cd-805a-63e465a453fe",
              "parentUUID": "13230943-e698-41e9-bdb2-63bb449f34ac",
              "isHook": false,
              "skipped": false
            }
          ],
          "suites": [],
          "passes": [
            "f63f5eae-e215-413a-a59e-8d9d9b54a16b",
            "a890cb6d-b68d-4bda-b569-df62b5d0c56a",
            "d404dcbe-f481-4e89-b037-e780cf6d4ebc",
            "71186629-b603-4fca-8b5f-0840200ed654",
            "97618bbf-3e4f-46cd-805a-63e465a453fe"
          ],
          "failures": [],
          "pending": [],
          "skipped": [],
          "duration": 9441,
          "root": false,
          "rootEmpty": false,
          "_timeout": 2000
        }
      ],
      "passes": [],
      "failures": [],
      "pending": [],
      "skipped": [],
      "duration": 0,
      "root": true,
      "rootEmpty": true,
      "_timeout": 2000
    },
    {
      "uuid": "fd90bcfc-182c-4da2-afc9-5da819ab41e9",
      "title": "",
      "fullFile": "cypress/e2e/widgets/cia-impact-summary-widget.cy.ts",
      "file": "cypress/e2e/widgets/cia-impact-summary-widget.cy.ts",
      "beforeHooks": [],
      "afterHooks": [],
      "tests": [],
      "suites": [
        {
          "uuid": "cea1dfee-db29-4c44-89e7-4182aea88cff",
          "title": "CIA Impact Summary Widget",
          "fullFile": "",
          "file": "",
          "beforeHooks": [],
          "afterHooks": [],
          "tests": [
            {
              "title": "cia-impact-summary widget should exist",
              "fullTitle": "CIA Impact Summary Widget cia-impact-summary widget should exist",
              "timedOut": null,
              "duration": 3757,
              "state": "passed",
              "speed": "fast",
              "pass": true,
              "fail": false,
              "pending": false,
              "context": null,
              "code": "cy.findWidget(widgetName).should(\"exist\").scrollIntoView();\ncy.findWidget(widgetName).then(($widget) => {\n  expect($widget.text().trim().length).to.be.greaterThan(0);\n});",
              "err": {},
              "uuid": "ef0f22f0-7857-46bb-8810-a3078caa971e",
              "parentUUID": "cea1dfee-db29-4c44-89e7-4182aea88cff",
              "isHook": false,
              "skipped": false
            },
            {
              "title": "updates content when security levels change",
              "fullTitle": "CIA Impact Summary Widget updates content when security levels change",
              "timedOut": null,
              "duration": 6889,
              "state": "passed",
              "speed": "medium",
              "pass": true,
              "fail": false,
              "pending": false,
              "context": null,
              "code": "testSecurityLevelChanges(\"cia-impact-summary\");",
              "err": {},
              "uuid": "d49da1fc-2efe-4e01-a132-79004d672d76",
              "parentUUID": "cea1dfee-db29-4c44-89e7-4182aea88cff",
              "isHook": false,
              "skipped": false
            },
            {
              "title": "shows comprehensive CIA impact summary at high security levels",
              "fullTitle": "CIA Impact Summary Widget shows comprehensive CIA impact summary at high security levels",
              "timedOut": null,
              "duration": 4901,
              "state": "passed",
              "speed": "fast",
              "pass": true,
              "fail": false,
              "pending": false,
              "context": null,
              "code": "cy.findWidget(\"cia-impact-summary\").scrollIntoView();\ncy.setSecurityLevels(\n  SECURITY_LEVELS.HIGH,\n  SECURITY_LEVELS.HIGH,\n  SECURITY_LEVELS.HIGH\n);\ncy.wait(1e3);\ncy.findWidget(\"cia-impact-summary\").then(($widget) => {\n  const text = $widget.text().toLowerCase();\n  const hasAvailabilityTerms = /availability|uptime|recovery|access/i.test(\n    text\n  );\n  const hasIntegrityTerms = /integrity|accuracy|valid|correct/i.test(text);\n  const hasConfidentialTerms = /confidential|privacy|sensitive|secret/i.test(text);\n  cy.log(`Found availability terms: ${hasAvailabilityTerms}`);\n  cy.log(`Found integrity terms: ${hasIntegrityTerms}`);\n  cy.log(`Found confidentiality terms: ${hasConfidentialTerms}`);\n  expect(hasAvailabilityTerms || hasIntegrityTerms || hasConfidentialTerms).to.be.true;\n});",
              "err": {},
              "uuid": "151d5d40-ddab-403d-a7a2-c01c119ba5b1",
              "parentUUID": "cea1dfee-db29-4c44-89e7-4182aea88cff",
              "isHook": false,
              "skipped": false
            },
            {
              "title": "properly displays mixed security levels",
              "fullTitle": "CIA Impact Summary Widget properly displays mixed security levels",
              "timedOut": null,
              "duration": 6671,
              "state": "passed",
              "speed": "medium",
              "pass": true,
              "fail": false,
              "pending": false,
              "context": null,
              "code": "cy.findWidget(\"cia-impact-summary\").scrollIntoView();\ncy.setSecurityLevels(\n  SECURITY_LEVELS.HIGH,\n  SECURITY_LEVELS.LOW,\n  SECURITY_LEVELS.MODERATE\n);\ncy.wait(1e3);\ncy.findWidget(\"cia-impact-summary\").then(($widgetBefore) => {\n  const textBefore = $widgetBefore.text();\n  cy.setSecurityLevels(\n    SECURITY_LEVELS.LOW,\n    SECURITY_LEVELS.HIGH,\n    SECURITY_LEVELS.LOW\n  );\n  cy.wait(1e3);\n  cy.findWidget(\"cia-impact-summary\").then(($widgetAfter) => {\n    const textAfter = $widgetAfter.text();\n    expect(textAfter).not.to.equal(textBefore);\n  });\n});",
              "err": {},
              "uuid": "3fcac5bd-181b-4893-8164-77d569200e39",
              "parentUUID": "cea1dfee-db29-4c44-89e7-4182aea88cff",
              "isHook": false,
              "skipped": false
            }
          ],
          "suites": [],
          "passes": [
            "ef0f22f0-7857-46bb-8810-a3078caa971e",
            "d49da1fc-2efe-4e01-a132-79004d672d76",
            "151d5d40-ddab-403d-a7a2-c01c119ba5b1",
            "3fcac5bd-181b-4893-8164-77d569200e39"
          ],
          "failures": [],
          "pending": [],
          "skipped": [],
          "duration": 22218,
          "root": false,
          "rootEmpty": false,
          "_timeout": 2000
        }
      ],
      "passes": [],
      "failures": [],
      "pending": [],
      "skipped": [],
      "duration": 0,
      "root": true,
      "rootEmpty": true,
      "_timeout": 2000
    },
    {
      "uuid": "4f4e8833-745f-46d0-aaad-edec2802d880",
      "title": "",
      "fullFile": "cypress/e2e/widgets/cia-impact-widgets.cy.ts",
      "file": "cypress/e2e/widgets/cia-impact-widgets.cy.ts",
      "beforeHooks": [],
      "afterHooks": [],
      "tests": [],
      "suites": [
        {
          "uuid": "677e5d91-26ee-423f-afc3-c32c8cb7b067",
          "title": "Availability Impact Widget",
          "fullFile": "",
          "file": "",
          "beforeHooks": [],
          "afterHooks": [],
          "tests": [
            {
              "title": "availability-impact widget should exist",
              "fullTitle": "Availability Impact Widget availability-impact widget should exist",
              "timedOut": null,
              "duration": 3669,
              "state": "passed",
              "speed": "fast",
              "pass": true,
              "fail": false,
              "pending": false,
              "context": null,
              "code": "cy.findWidget(widgetName).should(\"exist\").scrollIntoView();\ncy.findWidget(widgetName).then(($widget) => {\n  expect($widget.text().trim().length).to.be.greaterThan(0);\n});",
              "err": {},
              "uuid": "3fde63c5-e2b0-473f-bb25-55b2639e8e2c",
              "parentUUID": "677e5d91-26ee-423f-afc3-c32c8cb7b067",
              "isHook": false,
              "skipped": false
            },
            {
              "title": "updates impact assessments when security levels change",
              "fullTitle": "Availability Impact Widget updates impact assessments when security levels change",
              "timedOut": null,
              "duration": 6640,
              "state": "passed",
              "speed": "medium",
              "pass": true,
              "fail": false,
              "pending": false,
              "context": null,
              "code": "testSecurityLevelChanges(widget.id);",
              "err": {},
              "uuid": "f9377575-4553-4568-b501-f2ed0a8e92c5",
              "parentUUID": "677e5d91-26ee-423f-afc3-c32c8cb7b067",
              "isHook": false,
              "skipped": false
            },
            {
              "title": "shows detailed ${widget.name.toLowerCase()} impact with high security",
              "fullTitle": "Availability Impact Widget shows detailed ${widget.name.toLowerCase()} impact with high security",
              "timedOut": null,
              "duration": 4859,
              "state": "passed",
              "speed": "fast",
              "pass": true,
              "fail": false,
              "pending": false,
              "context": null,
              "code": "cy.log(`Looking for widget ${widget.id}`);\ncy.findWidget(widget.id).then(($widget) => {\n  if ($widget.length === 0) {\n    cy.log(`⚠️ Widget ${widget.id} not found - skipping test`);\n    return;\n  }\n  cy.wrap($widget).scrollIntoView();\n  const availLevel = widget.id === \"availability-impact\" ? SECURITY_LEVELS.HIGH : SECURITY_LEVELS.MODERATE;\n  const intLevel = widget.id === \"integrity-impact\" ? SECURITY_LEVELS.HIGH : SECURITY_LEVELS.MODERATE;\n  const confLevel = widget.id === \"confidentiality-impact\" ? SECURITY_LEVELS.HIGH : SECURITY_LEVELS.MODERATE;\n  cy.setSecurityLevels(availLevel, intLevel, confLevel);\n  cy.wait(1e3);\n  cy.wrap($widget).then(($updatedWidget) => {\n    const widgetText = $updatedWidget.text().toLowerCase();\n    const hasImpactTerms = /impact|effect|influence|security|protection/i.test(widgetText);\n    let hasSpecificTerms = false;\n    if (Array.isArray(widget.pattern)) {\n      hasSpecificTerms = widget.pattern.some(\n        (pattern) => pattern.test(widgetText)\n      );\n    } else if (widget.pattern instanceof RegExp) {\n      hasSpecificTerms = widget.pattern.test(widgetText);\n    }\n    cy.log(`Widget has impact terms: ${hasImpactTerms}`);\n    cy.log(`Widget has specific terms: ${hasSpecificTerms}`);\n    expect(hasImpactTerms || hasSpecificTerms).to.be.true;\n  });\n});",
              "err": {},
              "uuid": "f409979e-e93f-401b-9c53-52ee49453ecc",
              "parentUUID": "677e5d91-26ee-423f-afc3-c32c8cb7b067",
              "isHook": false,
              "skipped": false
            },
            {
              "title": "displays appropriate recommendations",
              "fullTitle": "Availability Impact Widget displays appropriate recommendations",
              "timedOut": null,
              "duration": 4813,
              "state": "passed",
              "speed": "fast",
              "pass": true,
              "fail": false,
              "pending": false,
              "context": null,
              "code": "cy.findWidget(widget.id).then(($widget) => {\n  if ($widget.length === 0) {\n    cy.log(`⚠️ Widget ${widget.id} not found - skipping test`);\n    return;\n  }\n  cy.wrap($widget).scrollIntoView();\n  cy.setSecurityLevels(\n    SECURITY_LEVELS.HIGH,\n    SECURITY_LEVELS.HIGH,\n    SECURITY_LEVELS.HIGH\n  );\n  cy.wait(1e3);\n  cy.wrap($widget).then(($updatedWidget) => {\n    const widgetText = $updatedWidget.text().toLowerCase();\n    const hasRecommendationTerms = /recommend|suggest|should|implement|consider|best practice/i.test(\n      widgetText\n    );\n    cy.log(`Widget has recommendation terms: ${hasRecommendationTerms}`);\n    if (!hasRecommendationTerms) {\n      cy.log(`Widget text: ${widgetText.substring(0, 200)}...`);\n    }\n    cy.log(`Test completed for ${widget.name}`);\n  });\n});",
              "err": {},
              "uuid": "0fcb22b3-973b-461b-8199-21759c4b223f",
              "parentUUID": "677e5d91-26ee-423f-afc3-c32c8cb7b067",
              "isHook": false,
              "skipped": false
            }
          ],
          "suites": [],
          "passes": [
            "3fde63c5-e2b0-473f-bb25-55b2639e8e2c",
            "f9377575-4553-4568-b501-f2ed0a8e92c5",
            "f409979e-e93f-401b-9c53-52ee49453ecc",
            "0fcb22b3-973b-461b-8199-21759c4b223f"
          ],
          "failures": [],
          "pending": [],
          "skipped": [],
          "duration": 19981,
          "root": false,
          "rootEmpty": false,
          "_timeout": 2000
        },
        {
          "uuid": "20e8bcfa-a85c-4749-bc1b-2921995bb56d",
          "title": "Integrity Impact Widget",
          "fullFile": "",
          "file": "",
          "beforeHooks": [],
          "afterHooks": [],
          "tests": [
            {
              "title": "integrity-impact widget should exist",
              "fullTitle": "Integrity Impact Widget integrity-impact widget should exist",
              "timedOut": null,
              "duration": 3124,
              "state": "passed",
              "speed": "fast",
              "pass": true,
              "fail": false,
              "pending": false,
              "context": null,
              "code": "cy.findWidget(widgetName).should(\"exist\").scrollIntoView();\ncy.findWidget(widgetName).then(($widget) => {\n  expect($widget.text().trim().length).to.be.greaterThan(0);\n});",
              "err": {},
              "uuid": "80d14356-3a30-4ae0-af38-e453843618f5",
              "parentUUID": "20e8bcfa-a85c-4749-bc1b-2921995bb56d",
              "isHook": false,
              "skipped": false
            },
            {
              "title": "updates impact assessments when security levels change",
              "fullTitle": "Integrity Impact Widget updates impact assessments when security levels change",
              "timedOut": null,
              "duration": 6628,
              "state": "passed",
              "speed": "medium",
              "pass": true,
              "fail": false,
              "pending": false,
              "context": null,
              "code": "testSecurityLevelChanges(widget.id);",
              "err": {},
              "uuid": "9d698cb5-7467-4936-9354-d83363f6d7e0",
              "parentUUID": "20e8bcfa-a85c-4749-bc1b-2921995bb56d",
              "isHook": false,
              "skipped": false
            },
            {
              "title": "shows detailed ${widget.name.toLowerCase()} impact with high security",
              "fullTitle": "Integrity Impact Widget shows detailed ${widget.name.toLowerCase()} impact with high security",
              "timedOut": null,
              "duration": 4819,
              "state": "passed",
              "speed": "fast",
              "pass": true,
              "fail": false,
              "pending": false,
              "context": null,
              "code": "cy.log(`Looking for widget ${widget.id}`);\ncy.findWidget(widget.id).then(($widget) => {\n  if ($widget.length === 0) {\n    cy.log(`⚠️ Widget ${widget.id} not found - skipping test`);\n    return;\n  }\n  cy.wrap($widget).scrollIntoView();\n  const availLevel = widget.id === \"availability-impact\" ? SECURITY_LEVELS.HIGH : SECURITY_LEVELS.MODERATE;\n  const intLevel = widget.id === \"integrity-impact\" ? SECURITY_LEVELS.HIGH : SECURITY_LEVELS.MODERATE;\n  const confLevel = widget.id === \"confidentiality-impact\" ? SECURITY_LEVELS.HIGH : SECURITY_LEVELS.MODERATE;\n  cy.setSecurityLevels(availLevel, intLevel, confLevel);\n  cy.wait(1e3);\n  cy.wrap($widget).then(($updatedWidget) => {\n    const widgetText = $updatedWidget.text().toLowerCase();\n    const hasImpactTerms = /impact|effect|influence|security|protection/i.test(widgetText);\n    let hasSpecificTerms = false;\n    if (Array.isArray(widget.pattern)) {\n      hasSpecificTerms = widget.pattern.some(\n        (pattern) => pattern.test(widgetText)\n      );\n    } else if (widget.pattern instanceof RegExp) {\n      hasSpecificTerms = widget.pattern.test(widgetText);\n    }\n    cy.log(`Widget has impact terms: ${hasImpactTerms}`);\n    cy.log(`Widget has specific terms: ${hasSpecificTerms}`);\n    expect(hasImpactTerms || hasSpecificTerms).to.be.true;\n  });\n});",
              "err": {},
              "uuid": "f789b90c-79c8-4a68-908f-ae4da002ce1c",
              "parentUUID": "20e8bcfa-a85c-4749-bc1b-2921995bb56d",
              "isHook": false,
              "skipped": false
            },
            {
              "title": "displays appropriate recommendations",
              "fullTitle": "Integrity Impact Widget displays appropriate recommendations",
              "timedOut": null,
              "duration": 4805,
              "state": "passed",
              "speed": "fast",
              "pass": true,
              "fail": false,
              "pending": false,
              "context": null,
              "code": "cy.findWidget(widget.id).then(($widget) => {\n  if ($widget.length === 0) {\n    cy.log(`⚠️ Widget ${widget.id} not found - skipping test`);\n    return;\n  }\n  cy.wrap($widget).scrollIntoView();\n  cy.setSecurityLevels(\n    SECURITY_LEVELS.HIGH,\n    SECURITY_LEVELS.HIGH,\n    SECURITY_LEVELS.HIGH\n  );\n  cy.wait(1e3);\n  cy.wrap($widget).then(($updatedWidget) => {\n    const widgetText = $updatedWidget.text().toLowerCase();\n    const hasRecommendationTerms = /recommend|suggest|should|implement|consider|best practice/i.test(\n      widgetText\n    );\n    cy.log(`Widget has recommendation terms: ${hasRecommendationTerms}`);\n    if (!hasRecommendationTerms) {\n      cy.log(`Widget text: ${widgetText.substring(0, 200)}...`);\n    }\n    cy.log(`Test completed for ${widget.name}`);\n  });\n});",
              "err": {},
              "uuid": "acb1fba5-b241-46af-84de-831225eba672",
              "parentUUID": "20e8bcfa-a85c-4749-bc1b-2921995bb56d",
              "isHook": false,
              "skipped": false
            }
          ],
          "suites": [],
          "passes": [
            "80d14356-3a30-4ae0-af38-e453843618f5",
            "9d698cb5-7467-4936-9354-d83363f6d7e0",
            "f789b90c-79c8-4a68-908f-ae4da002ce1c",
            "acb1fba5-b241-46af-84de-831225eba672"
          ],
          "failures": [],
          "pending": [],
          "skipped": [],
          "duration": 19376,
          "root": false,
          "rootEmpty": false,
          "_timeout": 2000
        },
        {
          "uuid": "946d8f92-f32a-4e61-b0dd-8a3ed941521f",
          "title": "Confidentiality Impact Widget",
          "fullFile": "",
          "file": "",
          "beforeHooks": [],
          "afterHooks": [],
          "tests": [
            {
              "title": "confidentiality-impact widget should exist",
              "fullTitle": "Confidentiality Impact Widget confidentiality-impact widget should exist",
              "timedOut": null,
              "duration": 3130,
              "state": "passed",
              "speed": "fast",
              "pass": true,
              "fail": false,
              "pending": false,
              "context": null,
              "code": "cy.findWidget(widgetName).should(\"exist\").scrollIntoView();\ncy.findWidget(widgetName).then(($widget) => {\n  expect($widget.text().trim().length).to.be.greaterThan(0);\n});",
              "err": {},
              "uuid": "9f4a1392-c11c-4d97-813a-1d3af1008a71",
              "parentUUID": "946d8f92-f32a-4e61-b0dd-8a3ed941521f",
              "isHook": false,
              "skipped": false
            },
            {
              "title": "updates impact assessments when security levels change",
              "fullTitle": "Confidentiality Impact Widget updates impact assessments when security levels change",
              "timedOut": null,
              "duration": 6609,
              "state": "passed",
              "speed": "medium",
              "pass": true,
              "fail": false,
              "pending": false,
              "context": null,
              "code": "testSecurityLevelChanges(widget.id);",
              "err": {},
              "uuid": "a07f64a1-ace0-461e-88f3-bd780deae208",
              "parentUUID": "946d8f92-f32a-4e61-b0dd-8a3ed941521f",
              "isHook": false,
              "skipped": false
            },
            {
              "title": "shows detailed ${widget.name.toLowerCase()} impact with high security",
              "fullTitle": "Confidentiality Impact Widget shows detailed ${widget.name.toLowerCase()} impact with high security",
              "timedOut": null,
              "duration": 4846,
              "state": "passed",
              "speed": "fast",
              "pass": true,
              "fail": false,
              "pending": false,
              "context": null,
              "code": "cy.log(`Looking for widget ${widget.id}`);\ncy.findWidget(widget.id).then(($widget) => {\n  if ($widget.length === 0) {\n    cy.log(`⚠️ Widget ${widget.id} not found - skipping test`);\n    return;\n  }\n  cy.wrap($widget).scrollIntoView();\n  const availLevel = widget.id === \"availability-impact\" ? SECURITY_LEVELS.HIGH : SECURITY_LEVELS.MODERATE;\n  const intLevel = widget.id === \"integrity-impact\" ? SECURITY_LEVELS.HIGH : SECURITY_LEVELS.MODERATE;\n  const confLevel = widget.id === \"confidentiality-impact\" ? SECURITY_LEVELS.HIGH : SECURITY_LEVELS.MODERATE;\n  cy.setSecurityLevels(availLevel, intLevel, confLevel);\n  cy.wait(1e3);\n  cy.wrap($widget).then(($updatedWidget) => {\n    const widgetText = $updatedWidget.text().toLowerCase();\n    const hasImpactTerms = /impact|effect|influence|security|protection/i.test(widgetText);\n    let hasSpecificTerms = false;\n    if (Array.isArray(widget.pattern)) {\n      hasSpecificTerms = widget.pattern.some(\n        (pattern) => pattern.test(widgetText)\n      );\n    } else if (widget.pattern instanceof RegExp) {\n      hasSpecificTerms = widget.pattern.test(widgetText);\n    }\n    cy.log(`Widget has impact terms: ${hasImpactTerms}`);\n    cy.log(`Widget has specific terms: ${hasSpecificTerms}`);\n    expect(hasImpactTerms || hasSpecificTerms).to.be.true;\n  });\n});",
              "err": {},
              "uuid": "a3b1d50a-bb22-4593-be47-6cb250d4163c",
              "parentUUID": "946d8f92-f32a-4e61-b0dd-8a3ed941521f",
              "isHook": false,
              "skipped": false
            },
            {
              "title": "displays appropriate recommendations",
              "fullTitle": "Confidentiality Impact Widget displays appropriate recommendations",
              "timedOut": null,
              "duration": 4808,
              "state": "passed",
              "speed": "fast",
              "pass": true,
              "fail": false,
              "pending": false,
              "context": null,
              "code": "cy.findWidget(widget.id).then(($widget) => {\n  if ($widget.length === 0) {\n    cy.log(`⚠️ Widget ${widget.id} not found - skipping test`);\n    return;\n  }\n  cy.wrap($widget).scrollIntoView();\n  cy.setSecurityLevels(\n    SECURITY_LEVELS.HIGH,\n    SECURITY_LEVELS.HIGH,\n    SECURITY_LEVELS.HIGH\n  );\n  cy.wait(1e3);\n  cy.wrap($widget).then(($updatedWidget) => {\n    const widgetText = $updatedWidget.text().toLowerCase();\n    const hasRecommendationTerms = /recommend|suggest|should|implement|consider|best practice/i.test(\n      widgetText\n    );\n    cy.log(`Widget has recommendation terms: ${hasRecommendationTerms}`);\n    if (!hasRecommendationTerms) {\n      cy.log(`Widget text: ${widgetText.substring(0, 200)}...`);\n    }\n    cy.log(`Test completed for ${widget.name}`);\n  });\n});",
              "err": {},
              "uuid": "03c4ce8b-d106-4f4f-939f-d6baddb8640f",
              "parentUUID": "946d8f92-f32a-4e61-b0dd-8a3ed941521f",
              "isHook": false,
              "skipped": false
            }
          ],
          "suites": [],
          "passes": [
            "9f4a1392-c11c-4d97-813a-1d3af1008a71",
            "a07f64a1-ace0-461e-88f3-bd780deae208",
            "a3b1d50a-bb22-4593-be47-6cb250d4163c",
            "03c4ce8b-d106-4f4f-939f-d6baddb8640f"
          ],
          "failures": [],
          "pending": [],
          "skipped": [],
          "duration": 19393,
          "root": false,
          "rootEmpty": false,
          "_timeout": 2000
        }
      ],
      "passes": [],
      "failures": [],
      "pending": [],
      "skipped": [],
      "duration": 0,
      "root": true,
      "rootEmpty": true,
      "_timeout": 2000
    },
    {
      "uuid": "3ba70481-9652-4c62-95b0-baee450e3b35",
      "title": "",
      "fullFile": "cypress/e2e/widgets/confidentiality-impact-widget.cy.ts",
      "file": "cypress/e2e/widgets/confidentiality-impact-widget.cy.ts",
      "beforeHooks": [],
      "afterHooks": [],
      "tests": [],
      "suites": [
        {
          "uuid": "0c666e75-5ca0-4b12-889f-6fdcaff42913",
          "title": "Confidentiality Impact Widget",
          "fullFile": "",
          "file": "",
          "beforeHooks": [],
          "afterHooks": [],
          "tests": [
            {
              "title": "confidentiality-impact widget should exist",
              "fullTitle": "Confidentiality Impact Widget confidentiality-impact widget should exist",
              "timedOut": null,
              "duration": 3616,
              "state": "passed",
              "speed": "fast",
              "pass": true,
              "fail": false,
              "pending": false,
              "context": null,
              "code": "cy.findWidget(widgetName).should(\"exist\").scrollIntoView();\ncy.findWidget(widgetName).then(($widget) => {\n  expect($widget.text().trim().length).to.be.greaterThan(0);\n});",
              "err": {},
              "uuid": "ff657642-a5d2-4450-b446-954abb92c9b9",
              "parentUUID": "0c666e75-5ca0-4b12-889f-6fdcaff42913",
              "isHook": false,
              "skipped": false
            },
            {
              "title": "updates content when security levels change",
              "fullTitle": "Confidentiality Impact Widget updates content when security levels change",
              "timedOut": null,
              "duration": 6637,
              "state": "passed",
              "speed": "medium",
              "pass": true,
              "fail": false,
              "pending": false,
              "context": null,
              "code": "testSecurityLevelChanges(\"confidentiality-impact\");",
              "err": {},
              "uuid": "35fef1a9-1682-402f-be7d-7b7c5f3fc2cd",
              "parentUUID": "0c666e75-5ca0-4b12-889f-6fdcaff42913",
              "isHook": false,
              "skipped": false
            },
            {
              "title": "displays detailed confidentiality impacts with high security",
              "fullTitle": "Confidentiality Impact Widget displays detailed confidentiality impacts with high security",
              "timedOut": null,
              "duration": 4881,
              "state": "passed",
              "speed": "fast",
              "pass": true,
              "fail": false,
              "pending": false,
              "context": null,
              "code": "cy.findWidget(\"confidentiality-impact\").scrollIntoView();\ncy.setSecurityLevels(\n  SECURITY_LEVELS.MODERATE,\n  SECURITY_LEVELS.MODERATE,\n  SECURITY_LEVELS.HIGH\n  // High confidentiality\n);\ncy.wait(1e3);\ncy.findWidget(\"confidentiality-impact\").within(() => {\n  cy.contains(\n    /privacy|data protection|sensitive|confidential|encrypt/i\n  ).should(\"exist\");\n});",
              "err": {},
              "uuid": "acd3ad5d-e566-4e99-8b23-2d7bec1f39d7",
              "parentUUID": "0c666e75-5ca0-4b12-889f-6fdcaff42913",
              "isHook": false,
              "skipped": false
            },
            {
              "title": "provides appropriate confidentiality recommendations",
              "fullTitle": "Confidentiality Impact Widget provides appropriate confidentiality recommendations",
              "timedOut": null,
              "duration": 4877,
              "state": "passed",
              "speed": "fast",
              "pass": true,
              "fail": false,
              "pending": false,
              "context": null,
              "code": "cy.findWidget(\"confidentiality-impact\").scrollIntoView();\ncy.setSecurityLevels(\n  SECURITY_LEVELS.HIGH,\n  SECURITY_LEVELS.HIGH,\n  SECURITY_LEVELS.HIGH\n);\ncy.wait(1e3);\ncy.findWidget(\"confidentiality-impact\").within(() => {\n  cy.contains(/recommend|suggest|practice|implement/i).should(\"exist\");\n});",
              "err": {},
              "uuid": "b42830bb-2837-4314-b3f4-6f80987e2f1f",
              "parentUUID": "0c666e75-5ca0-4b12-889f-6fdcaff42913",
              "isHook": false,
              "skipped": false
            }
          ],
          "suites": [],
          "passes": [
            "ff657642-a5d2-4450-b446-954abb92c9b9",
            "35fef1a9-1682-402f-be7d-7b7c5f3fc2cd",
            "acd3ad5d-e566-4e99-8b23-2d7bec1f39d7",
            "b42830bb-2837-4314-b3f4-6f80987e2f1f"
          ],
          "failures": [],
          "pending": [],
          "skipped": [],
          "duration": 20011,
          "root": false,
          "rootEmpty": false,
          "_timeout": 2000
        }
      ],
      "passes": [],
      "failures": [],
      "pending": [],
      "skipped": [],
      "duration": 0,
      "root": true,
      "rootEmpty": true,
      "_timeout": 2000
    },
    {
      "uuid": "97d67c3d-30e9-4f96-919d-06ab20cf853c",
      "title": "",
      "fullFile": "cypress/e2e/widgets/integrity-impact-widget.cy.ts",
      "file": "cypress/e2e/widgets/integrity-impact-widget.cy.ts",
      "beforeHooks": [],
      "afterHooks": [],
      "tests": [],
      "suites": [
        {
          "uuid": "cbabfae8-4523-4aa5-aeaa-e4ed520780b8",
          "title": "Integrity Impact Widget",
          "fullFile": "",
          "file": "",
          "beforeHooks": [],
          "afterHooks": [],
          "tests": [
            {
              "title": "integrity-impact widget should exist",
              "fullTitle": "Integrity Impact Widget integrity-impact widget should exist",
              "timedOut": null,
              "duration": 3643,
              "state": "passed",
              "speed": "fast",
              "pass": true,
              "fail": false,
              "pending": false,
              "context": null,
              "code": "cy.findWidget(widgetName).should(\"exist\").scrollIntoView();\ncy.findWidget(widgetName).then(($widget) => {\n  expect($widget.text().trim().length).to.be.greaterThan(0);\n});",
              "err": {},
              "uuid": "da9a0743-224d-41a1-b220-5214177c03b9",
              "parentUUID": "cbabfae8-4523-4aa5-aeaa-e4ed520780b8",
              "isHook": false,
              "skipped": false
            },
            {
              "title": "updates content when security levels change",
              "fullTitle": "Integrity Impact Widget updates content when security levels change",
              "timedOut": null,
              "duration": 6622,
              "state": "passed",
              "speed": "medium",
              "pass": true,
              "fail": false,
              "pending": false,
              "context": null,
              "code": "testSecurityLevelChanges(\"integrity-impact\");",
              "err": {},
              "uuid": "64055d06-3799-4719-830c-134610be7118",
              "parentUUID": "cbabfae8-4523-4aa5-aeaa-e4ed520780b8",
              "isHook": false,
              "skipped": false
            },
            {
              "title": "displays detailed integrity impacts with high security",
              "fullTitle": "Integrity Impact Widget displays detailed integrity impacts with high security",
              "timedOut": null,
              "duration": 4908,
              "state": "passed",
              "speed": "fast",
              "pass": true,
              "fail": false,
              "pending": false,
              "context": null,
              "code": "cy.findWidget(\"integrity-impact\").scrollIntoView();\ncy.setSecurityLevels(\n  SECURITY_LEVELS.MODERATE,\n  SECURITY_LEVELS.HIGH,\n  // High integrity\n  SECURITY_LEVELS.MODERATE\n);\ncy.wait(1e3);\ncy.findWidget(\"integrity-impact\").within(() => {\n  cy.contains(/accuracy|validation|authenticity|correct|trusted/i).should(\n    \"exist\"\n  );\n});",
              "err": {},
              "uuid": "85e3cbce-cd4b-49e1-819c-a3990743cec5",
              "parentUUID": "cbabfae8-4523-4aa5-aeaa-e4ed520780b8",
              "isHook": false,
              "skipped": false
            },
            {
              "title": "provides appropriate integrity recommendations",
              "fullTitle": "Integrity Impact Widget provides appropriate integrity recommendations",
              "timedOut": null,
              "duration": 4835,
              "state": "passed",
              "speed": "fast",
              "pass": true,
              "fail": false,
              "pending": false,
              "context": null,
              "code": "cy.findWidget(\"integrity-impact\").scrollIntoView();\ncy.setSecurityLevels(\n  SECURITY_LEVELS.HIGH,\n  SECURITY_LEVELS.HIGH,\n  SECURITY_LEVELS.HIGH\n);\ncy.wait(1e3);\ncy.findWidget(\"integrity-impact\").within(() => {\n  cy.contains(/recommend|suggest|practice|implement/i).should(\"exist\");\n});",
              "err": {},
              "uuid": "332523c1-756f-4216-91ac-da58fd4ab2fd",
              "parentUUID": "cbabfae8-4523-4aa5-aeaa-e4ed520780b8",
              "isHook": false,
              "skipped": false
            }
          ],
          "suites": [],
          "passes": [
            "da9a0743-224d-41a1-b220-5214177c03b9",
            "64055d06-3799-4719-830c-134610be7118",
            "85e3cbce-cd4b-49e1-819c-a3990743cec5",
            "332523c1-756f-4216-91ac-da58fd4ab2fd"
          ],
          "failures": [],
          "pending": [],
          "skipped": [],
          "duration": 20008,
          "root": false,
          "rootEmpty": false,
          "_timeout": 2000
        }
      ],
      "passes": [],
      "failures": [],
      "pending": [],
      "skipped": [],
      "duration": 0,
      "root": true,
      "rootEmpty": true,
      "_timeout": 2000
    },
    {
      "uuid": "15e6b75b-57b1-410c-87c8-98754b0fa0e4",
      "title": "",
      "fullFile": "cypress/e2e/widgets/radar-chart-widget.cy.ts",
      "file": "cypress/e2e/widgets/radar-chart-widget.cy.ts",
      "beforeHooks": [],
      "afterHooks": [],
      "tests": [],
      "suites": [
        {
          "uuid": "a69cb16e-a4bb-44e1-9cf7-710eae116343",
          "title": "Radar Chart Widget",
          "fullFile": "",
          "file": "",
          "beforeHooks": [],
          "afterHooks": [],
          "tests": [
            {
              "title": "radar-chart widget should exist",
              "fullTitle": "Radar Chart Widget radar-chart widget should exist",
              "timedOut": null,
              "duration": 3637,
              "state": "passed",
              "speed": "fast",
              "pass": true,
              "fail": false,
              "pending": false,
              "context": null,
              "code": "cy.findWidget(widgetName).should(\"exist\").scrollIntoView();\ncy.findWidget(widgetName).then(($widget) => {\n  expect($widget.text().trim().length).to.be.greaterThan(0);\n});",
              "err": {},
              "uuid": "6fd7cc40-303a-4bc6-a789-508818a0b7f7",
              "parentUUID": "a69cb16e-a4bb-44e1-9cf7-710eae116343",
              "isHook": false,
              "skipped": false
            },
            {
              "title": "updates chart visualization when security levels change",
              "fullTitle": "Radar Chart Widget updates chart visualization when security levels change",
              "timedOut": null,
              "duration": 6632,
              "state": "passed",
              "speed": "medium",
              "pass": true,
              "fail": false,
              "pending": false,
              "context": null,
              "code": "testSecurityLevelChanges(\"radar-chart\");",
              "err": {},
              "uuid": "bbde8b63-a1f9-4090-9937-01db8d9529ee",
              "parentUUID": "a69cb16e-a4bb-44e1-9cf7-710eae116343",
              "isHook": false,
              "skipped": false
            },
            {
              "title": "displays a radar chart with data points",
              "fullTitle": "Radar Chart Widget displays a radar chart with data points",
              "timedOut": null,
              "duration": 3907,
              "state": "passed",
              "speed": "fast",
              "pass": true,
              "fail": false,
              "pending": false,
              "context": null,
              "code": "cy.findWidget(\"radar-chart\").scrollIntoView();\ncy.setSecurityLevels(\n  SECURITY_LEVELS.MODERATE,\n  SECURITY_LEVELS.MODERATE,\n  SECURITY_LEVELS.MODERATE\n);\ncy.findWidget(\"radar-chart\").within(() => {\n  cy.get(\"svg, canvas, [data-testid*='chart'], [class*='chart']\").should(\n    \"exist\"\n  );\n  cy.contains(/availability|integrity|confidentiality/i).should(\"exist\");\n});",
              "err": {},
              "uuid": "1381b69d-f95c-4f6f-98c8-0de47b5b2b93",
              "parentUUID": "a69cb16e-a4bb-44e1-9cf7-710eae116343",
              "isHook": false,
              "skipped": false
            },
            {
              "title": "displays asymmetric chart with mixed security levels",
              "fullTitle": "Radar Chart Widget displays asymmetric chart with mixed security levels",
              "timedOut": null,
              "duration": 8324,
              "state": "passed",
              "speed": "medium",
              "pass": true,
              "fail": false,
              "pending": false,
              "context": null,
              "code": "cy.findWidget(\"radar-chart\").scrollIntoView();\ncy.setSecurityLevels(\n  SECURITY_LEVELS.HIGH,\n  SECURITY_LEVELS.LOW,\n  SECURITY_LEVELS.MODERATE\n);\ncy.findWidget(\"radar-chart\").screenshot(\"mixed-security-radar\");\ncy.setSecurityLevels(\n  SECURITY_LEVELS.MODERATE,\n  SECURITY_LEVELS.MODERATE,\n  SECURITY_LEVELS.MODERATE\n);\ncy.findWidget(\"radar-chart\").invoke(\"text\").should(\"not.be.empty\");",
              "err": {},
              "uuid": "80dc8c1f-7f40-4c33-bd8c-7dd63c153c79",
              "parentUUID": "a69cb16e-a4bb-44e1-9cf7-710eae116343",
              "isHook": false,
              "skipped": false
            },
            {
              "title": "displays visual security level or risk indicators",
              "fullTitle": "Radar Chart Widget displays visual security level or risk indicators",
              "timedOut": null,
              "duration": 3883,
              "state": "passed",
              "speed": "fast",
              "pass": true,
              "fail": false,
              "pending": false,
              "context": null,
              "code": "cy.findWidget(\"radar-chart\").scrollIntoView();\ncy.setSecurityLevels(\n  SECURITY_LEVELS.HIGH,\n  SECURITY_LEVELS.HIGH,\n  SECURITY_LEVELS.HIGH\n);\ncy.findWidget(\"radar-chart\").within(() => {\n  cy.contains(/high|5|[4-5]\\/5|\\d+%|strong|robust/i).should(\"exist\");\n});",
              "err": {},
              "uuid": "cbccef8f-5732-4e51-927d-c252a34d825a",
              "parentUUID": "a69cb16e-a4bb-44e1-9cf7-710eae116343",
              "isHook": false,
              "skipped": false
            }
          ],
          "suites": [],
          "passes": [
            "6fd7cc40-303a-4bc6-a789-508818a0b7f7",
            "bbde8b63-a1f9-4090-9937-01db8d9529ee",
            "1381b69d-f95c-4f6f-98c8-0de47b5b2b93",
            "80dc8c1f-7f40-4c33-bd8c-7dd63c153c79",
            "cbccef8f-5732-4e51-927d-c252a34d825a"
          ],
          "failures": [],
          "pending": [],
          "skipped": [],
          "duration": 26383,
          "root": false,
          "rootEmpty": false,
          "_timeout": 2000
        }
      ],
      "passes": [],
      "failures": [],
      "pending": [],
      "skipped": [],
      "duration": 0,
      "root": true,
      "rootEmpty": true,
      "_timeout": 2000
    },
    {
      "uuid": "2c0c2b54-191c-4c68-b1a0-be4fd90e465b",
      "title": "",
      "fullFile": "cypress/e2e/widgets/technical-details-widget.cy.ts",
      "file": "cypress/e2e/widgets/technical-details-widget.cy.ts",
      "beforeHooks": [],
      "afterHooks": [],
      "tests": [],
      "suites": [
        {
          "uuid": "5a2974b6-c2fa-47b4-8177-76ac9e2dc0c9",
          "title": "Technical Details Widget",
          "fullFile": "",
          "file": "",
          "beforeHooks": [],
          "afterHooks": [],
          "tests": [
            {
              "title": "technical-details widget should exist",
              "fullTitle": "Technical Details Widget technical-details widget should exist",
              "timedOut": null,
              "duration": 3658,
              "state": "passed",
              "speed": "fast",
              "pass": true,
              "fail": false,
              "pending": false,
              "context": null,
              "code": "cy.findWidget(widgetName).should(\"exist\").scrollIntoView();\ncy.findWidget(widgetName).then(($widget) => {\n  expect($widget.text().trim().length).to.be.greaterThan(0);\n});",
              "err": {},
              "uuid": "15141dc5-470b-4b35-9725-05448e3b8ed6",
              "parentUUID": "5a2974b6-c2fa-47b4-8177-76ac9e2dc0c9",
              "isHook": false,
              "skipped": false
            },
            {
              "title": "updates technical details when security levels change",
              "fullTitle": "Technical Details Widget updates technical details when security levels change",
              "timedOut": null,
              "duration": 6622,
              "state": "passed",
              "speed": "medium",
              "pass": true,
              "fail": false,
              "pending": false,
              "context": null,
              "code": "testSecurityLevelChanges(\"technical-details\");",
              "err": {},
              "uuid": "efe0039f-16cf-4f1c-89d1-ef5c2a0189e8",
              "parentUUID": "5a2974b6-c2fa-47b4-8177-76ac9e2dc0c9",
              "isHook": false,
              "skipped": false
            },
            {
              "title": "switches between CIA tabs if present",
              "fullTitle": "Technical Details Widget switches between CIA tabs if present",
              "timedOut": null,
              "duration": 4871,
              "state": "passed",
              "speed": "fast",
              "pass": true,
              "fail": false,
              "pending": false,
              "context": null,
              "code": "cy.findWidget(\"technical-details\").scrollIntoView();\ncy.findWidget(\"technical-details\").then(($widget) => {\n  const hasTabs = $widget.find(\n    '[role=\"tab\"], button:contains(\"Availability\"), button:contains(\"Integrity\")'\n  ).length > 0;\n  if (hasTabs) {\n    testWidgetTabSwitching(\"technical-details\");\n  } else {\n    cy.log(\"No tabs found in technical details widget - skipping tab test\");\n  }\n});",
              "err": {},
              "uuid": "cfa37d92-1413-4ebc-913c-5474d8ad676a",
              "parentUUID": "5a2974b6-c2fa-47b4-8177-76ac9e2dc0c9",
              "isHook": false,
              "skipped": false
            },
            {
              "title": "displays implementation steps for selected security levels",
              "fullTitle": "Technical Details Widget displays implementation steps for selected security levels",
              "timedOut": null,
              "duration": 3909,
              "state": "passed",
              "speed": "fast",
              "pass": true,
              "fail": false,
              "pending": false,
              "context": null,
              "code": "cy.findWidget(\"technical-details\").scrollIntoView();\ncy.setSecurityLevels(\n  SECURITY_LEVELS.MODERATE,\n  SECURITY_LEVELS.MODERATE,\n  SECURITY_LEVELS.MODERATE\n);\ncy.findWidget(\"technical-details\").within(() => {\n  cy.contains(/implementation|step|instructions|how to|procedure/i).should(\n    \"exist\"\n  );\n  cy.get(\"ol li, ul li, [data-testid*='step'], [class*='step']\").should(\n    \"have.length.at.least\",\n    1\n  );\n});",
              "err": {},
              "uuid": "49c02b47-ed8e-4299-bf90-7df29ae994d9",
              "parentUUID": "5a2974b6-c2fa-47b4-8177-76ac9e2dc0c9",
              "isHook": false,
              "skipped": false
            },
            {
              "title": "provides security-appropriate technical recommendations",
              "fullTitle": "Technical Details Widget provides security-appropriate technical recommendations",
              "timedOut": null,
              "duration": 4633,
              "state": "passed",
              "speed": "fast",
              "pass": true,
              "fail": false,
              "pending": false,
              "context": null,
              "code": "cy.findWidget(\"technical-details\").scrollIntoView();\ncy.setSecurityLevels(\n  SECURITY_LEVELS.HIGH,\n  SECURITY_LEVELS.HIGH,\n  SECURITY_LEVELS.HIGH\n);\ncy.findWidget(\"technical-details\").within(() => {\n  cy.contains(\n    /encryption|authentication|authorization|audit|monitoring|redundancy/i\n  ).should(\"exist\");\n});\ncy.setSecurityLevels(\n  SECURITY_LEVELS.LOW,\n  SECURITY_LEVELS.LOW,\n  SECURITY_LEVELS.LOW\n);\ncy.findWidget(\"technical-details\").within(() => {\n  cy.contains(/password|backup|update|patch|basic/i).should(\"exist\");\n});",
              "err": {},
              "uuid": "c1608d91-e26d-4aa6-9e34-8dcf1730712c",
              "parentUUID": "5a2974b6-c2fa-47b4-8177-76ac9e2dc0c9",
              "isHook": false,
              "skipped": false
            }
          ],
          "suites": [],
          "passes": [
            "15141dc5-470b-4b35-9725-05448e3b8ed6",
            "efe0039f-16cf-4f1c-89d1-ef5c2a0189e8",
            "cfa37d92-1413-4ebc-913c-5474d8ad676a",
            "49c02b47-ed8e-4299-bf90-7df29ae994d9",
            "c1608d91-e26d-4aa6-9e34-8dcf1730712c"
          ],
          "failures": [],
          "pending": [],
          "skipped": [],
          "duration": 23693,
          "root": false,
          "rootEmpty": false,
          "_timeout": 2000
        }
      ],
      "passes": [],
      "failures": [],
      "pending": [],
      "skipped": [],
      "duration": 0,
      "root": true,
      "rootEmpty": true,
      "_timeout": 2000
    },
    {
      "uuid": "7dff99ea-7827-4feb-9905-c49799c644ad",
      "title": "",
      "fullFile": "cypress/e2e/widgets/technical-implementation-widget.cy.ts",
      "file": "cypress/e2e/widgets/technical-implementation-widget.cy.ts",
      "beforeHooks": [],
      "afterHooks": [],
      "tests": [],
      "suites": [
        {
          "uuid": "2941075a-fb5f-424d-8ac2-25cb7a5ddd1c",
          "title": "Technical Implementation Widget Tests",
          "fullFile": "",
          "file": "",
          "beforeHooks": [],
          "afterHooks": [],
          "tests": [
            {
              "title": "shows technical implementation details for security levels",
              "fullTitle": "Technical Implementation Widget Tests shows technical implementation details for security levels",
              "timedOut": null,
              "duration": 1559,
              "state": "passed",
              "speed": "fast",
              "pass": true,
              "fail": false,
              "pending": false,
              "context": null,
              "code": "cy.setSecurityLevels(\n  SECURITY_LEVELS.MODERATE,\n  SECURITY_LEVELS.MODERATE,\n  SECURITY_LEVELS.MODERATE\n);\ncy.get('[data-testid=\"technical-details-widget\"]').should(\"exist\").scrollIntoView();\ncy.verifyContentPresent([/technical|implementation|detail/i]);",
              "err": {},
              "uuid": "4a9bbb47-1388-44ad-8500-fe4b6615edde",
              "parentUUID": "2941075a-fb5f-424d-8ac2-25cb7a5ddd1c",
              "isHook": false,
              "skipped": false
            },
            {
              "title": "updates implementation details when security levels change",
              "fullTitle": "Technical Implementation Widget Tests updates implementation details when security levels change",
              "timedOut": null,
              "duration": 2283,
              "state": "passed",
              "speed": "fast",
              "pass": true,
              "fail": false,
              "pending": false,
              "context": null,
              "code": "testWidgetUpdatesWithSecurityLevels(\n  '[data-testid=\"technical-details-widget\"]',\n  {\n    initialLevels: [\n      SECURITY_LEVELS.LOW,\n      SECURITY_LEVELS.LOW,\n      SECURITY_LEVELS.LOW\n    ],\n    newLevels: [\n      SECURITY_LEVELS.HIGH,\n      SECURITY_LEVELS.HIGH,\n      SECURITY_LEVELS.HIGH\n    ],\n    expectTextChange: true\n  }\n);",
              "err": {},
              "uuid": "6463d43c-348f-4708-b58a-0d8e158f64e8",
              "parentUUID": "2941075a-fb5f-424d-8ac2-25cb7a5ddd1c",
              "isHook": false,
              "skipped": false
            },
            {
              "title": "allows switching between confidentiality, integrity, and availability sections",
              "fullTitle": "Technical Implementation Widget Tests allows switching between confidentiality, integrity, and availability sections",
              "timedOut": null,
              "duration": 2181,
              "state": "passed",
              "speed": "fast",
              "pass": true,
              "fail": false,
              "pending": false,
              "context": null,
              "code": "cy.setSecurityLevels(\n  SECURITY_LEVELS.MODERATE,\n  SECURITY_LEVELS.MODERATE,\n  SECURITY_LEVELS.MODERATE\n);\ncy.get('[data-testid=\"technical-details-widget\"]').scrollIntoView().within(() => {\n  cy.get('[data-testid=\"availability-tab-button\"]').click();\n  cy.wait(300);\n  cy.get('[data-testid=\"integrity-tab-button\"]').click();\n  cy.wait(300);\n  cy.get('[data-testid=\"confidentiality-tab-button\"]').click();\n  cy.wait(300);\n});\ncy.verifyContentPresent([\n  /confidentiality/i,\n  /protection|security|sensitive/i\n]);",
              "err": {},
              "uuid": "b03a4327-43c9-4cff-b336-5a49ff278c5e",
              "parentUUID": "2941075a-fb5f-424d-8ac2-25cb7a5ddd1c",
              "isHook": false,
              "skipped": false
            },
            {
              "title": "shows implementation requirements for different security levels",
              "fullTitle": "Technical Implementation Widget Tests shows implementation requirements for different security levels",
              "timedOut": null,
              "duration": 1058,
              "state": "passed",
              "speed": "fast",
              "pass": true,
              "fail": false,
              "pending": false,
              "context": null,
              "code": "cy.setSecurityLevels(\n  SECURITY_LEVELS.HIGH,\n  SECURITY_LEVELS.HIGH,\n  SECURITY_LEVELS.HIGH\n);\ncy.get('[data-testid=\"technical-details-widget\"]').scrollIntoView();\ncy.verifyContentPresent([\n  /requirement|implement|solution|approach/i,\n  /high|advanced|enhanced/i\n]);",
              "err": {},
              "uuid": "38687220-7483-4e48-80a5-e08669884a65",
              "parentUUID": "2941075a-fb5f-424d-8ac2-25cb7a5ddd1c",
              "isHook": false,
              "skipped": false
            }
          ],
          "suites": [],
          "passes": [
            "4a9bbb47-1388-44ad-8500-fe4b6615edde",
            "6463d43c-348f-4708-b58a-0d8e158f64e8",
            "b03a4327-43c9-4cff-b336-5a49ff278c5e",
            "38687220-7483-4e48-80a5-e08669884a65"
          ],
          "failures": [],
          "pending": [],
          "skipped": [],
          "duration": 7081,
          "root": false,
          "rootEmpty": false,
          "_timeout": 2000
        }
      ],
      "passes": [],
      "failures": [],
      "pending": [],
      "skipped": [],
      "duration": 0,
      "root": true,
      "rootEmpty": true,
      "_timeout": 2000
    }
  ],
  "meta": {
    "mocha": {
      "version": "7.0.1"
    },
    "mochawesome": {
      "options": {
        "quiet": false,
        "reportFilename": "mochawesome",
        "saveHtml": true,
        "saveJson": true,
        "consoleReporter": "spec",
        "useInlineDiffs": false,
        "code": true
      },
      "version": "7.1.3"
    },
    "marge": {
      "options": {
        "id": "default",
        "reportDir": "docs/cypress/mochawesome",
        "overwrite": false,
        "html": true,
        "json": true,
        "code": true,
        "timestamp": "mmddyyyy_HHMMss",
        "charts": true,
        "showHooks": "failed",
        "embeddedScreenshots": true
      },
      "version": "6.2.0"
    }
  }
}