{
  "stats": {
    "suites": 15,
    "tests": 42,
    "passes": 42,
    "pending": 0,
    "failures": 0,
    "testsRegistered": 42,
    "passPercent": 100,
    "pendingPercent": 0,
    "other": 0,
    "hasOther": false,
    "skipped": 0,
    "hasSkipped": false,
    "start": "2025-06-12T10:22:44.607Z",
    "end": "2025-06-12T10:26:28.626Z",
    "duration": 224019
  },
  "results": [
    {
      "uuid": "4ced4b93-3870-413b-b016-9a5cb6a931ef",
      "title": "",
      "fullFile": "cypress/e2e/business-outcomes/compliance-validation.cy.ts",
      "file": "cypress/e2e/business-outcomes/compliance-validation.cy.ts",
      "beforeHooks": [],
      "afterHooks": [],
      "tests": [],
      "suites": [
        {
          "uuid": "c5872c0f-d240-45cc-8d0a-2e751d6395ca",
          "title": "Compliance Status Validation",
          "fullFile": "",
          "file": "",
          "beforeHooks": [],
          "afterHooks": [],
          "tests": [
            {
              "title": "accurately reflects compliance status based on security levels",
              "fullTitle": "Compliance Status Validation accurately reflects compliance status based on security levels",
              "timedOut": null,
              "duration": 36930,
              "state": "passed",
              "speed": "slow",
              "pass": true,
              "fail": false,
              "pending": false,
              "context": null,
              "code": "const complianceScenarios = [\n  {\n    levels: [SECURITY_LEVELS.LOW, SECURITY_LEVELS.LOW, SECURITY_LEVELS.LOW],\n    expectedTextPatterns: [\n      /minimal|basic|non-compliant|low|partial|warning|caution/i,\n      /compliance|status|level|security/i\n    ],\n    name: \"low-security\"\n  },\n  {\n    levels: [\n      SECURITY_LEVELS.MODERATE,\n      SECURITY_LEVELS.MODERATE,\n      SECURITY_LEVELS.MODERATE\n    ],\n    expectedTextPatterns: [\n      /moderate|partial|medium|some|limited/i,\n      /compliance|status|framework|requirement/i\n    ],\n    name: \"moderate-security\"\n  },\n  {\n    levels: [\n      SECURITY_LEVELS.HIGH,\n      SECURITY_LEVELS.HIGH,\n      SECURITY_LEVELS.HIGH\n    ],\n    expectedTextPatterns: [\n      /compliant|meets requirements|high|full|complete|standard|advanced/i,\n      /compliance|status|framework|requirement/i\n    ],\n    name: \"high-security\"\n  }\n];\ncomplianceScenarios.forEach((scenario, index) => {\n  cy.log(`Testing compliance scenario ${index + 1}: ${scenario.name}`);\n  cy.screenshot(`compliance-scenario-start-${scenario.name}`);\n  cy.setSecurityLevels(...scenario.levels);\n  cy.wait(1e3);\n  cy.screenshot(`compliance-scenario-${scenario.name}`);\n  cy.get(\"body\").then(($body) => {\n    const bodyText = $body.text();\n    const allPatternsFound = scenario.expectedTextPatterns.every(\n      (pattern) => pattern.test(bodyText)\n    );\n    if (allPatternsFound) {\n      cy.log(\n        `✓ Found all expected compliance patterns for ${scenario.name}`\n      );\n    } else {\n      scenario.expectedTextPatterns.forEach((pattern) => {\n        if (!pattern.test(bodyText)) {\n          cy.log(\n            `⚠️ Could not find pattern: ${pattern} for ${scenario.name}`\n          );\n        }\n      });\n    }\n    cy.screenshot(`compliance-content-${scenario.name}`);\n  });\n});",
              "err": {},
              "uuid": "2b830a11-40de-48fb-ba7b-d54fb64c274a",
              "parentUUID": "c5872c0f-d240-45cc-8d0a-2e751d6395ca",
              "isHook": false,
              "skipped": false
            },
            {
              "title": "verifies compliance framework details visibility",
              "fullTitle": "Compliance Status Validation verifies compliance framework details visibility",
              "timedOut": null,
              "duration": 6343,
              "state": "passed",
              "speed": "medium",
              "pass": true,
              "fail": false,
              "pending": false,
              "context": null,
              "code": "cy.setSecurityLevels(\n  SECURITY_LEVELS.HIGH,\n  SECURITY_LEVELS.HIGH,\n  SECURITY_LEVELS.HIGH\n);\ncy.wait(1e3);\nconst complianceSelectors = [\n  '[data-testid*=\"compliance\"]',\n  '[class*=\"compliance\"]',\n  '[data-testid*=\"framework\"]',\n  '[class*=\"framework\"]'\n].join(\", \");\ncy.get(\"body\").then(($body) => {\n  if ($body.find(complianceSelectors).length > 0) {\n    cy.get(complianceSelectors).first().scrollIntoView();\n    cy.get(complianceSelectors).first().screenshot(\"compliance-element\");\n    const clickableSelectors = [\n      '[data-testid*=\"framework\"] button',\n      '[data-testid*=\"framework\"] a',\n      '[class*=\"framework\"] button',\n      '[class*=\"framework\"] a',\n      'li[class*=\"framework\"]',\n      'li[data-testid*=\"framework\"]'\n    ].join(\", \");\n    if ($body.find(clickableSelectors).length > 0) {\n      cy.get(clickableSelectors).first().click({ force: true });\n      cy.wait(500);\n      cy.screenshot(\"after-framework-click\");\n    } else {\n      cy.log(\"⚠️ No clickable framework items found\");\n      cy.screenshot(\"no-clickable-frameworks\");\n    }\n  } else {\n    cy.log(\"⚠️ No compliance elements found\");\n    cy.screenshot(\"no-compliance-elements\");\n  }\n});",
              "err": {},
              "uuid": "72ce7576-da58-4f7d-9870-918b78346303",
              "parentUUID": "c5872c0f-d240-45cc-8d0a-2e751d6395ca",
              "isHook": false,
              "skipped": false
            },
            {
              "title": "shows appropriate compliance frameworks based on security levels",
              "fullTitle": "Compliance Status Validation shows appropriate compliance frameworks based on security levels",
              "timedOut": null,
              "duration": 2300,
              "state": "passed",
              "speed": "fast",
              "pass": true,
              "fail": false,
              "pending": false,
              "context": null,
              "code": "cy.setSecurityLevels(\n  SECURITY_LEVELS.HIGH,\n  SECURITY_LEVELS.HIGH,\n  SECURITY_LEVELS.HIGH\n);\ncy.wait(1e3);\ncy.get(\"body\").then(($body) => {\n  const frameworkPattern = /([A-Z0-9]+\\s*[A-Z0-9]*\\s*[0-9-]*)/g;\n  const bodyText = $body.text();\n  const possibleFrameworks = bodyText.match(frameworkPattern) || [];\n  const frameworks = possibleFrameworks.filter(\n    (f) => /^[A-Z0-9]{2,}/.test(f) && !f.includes(\"CIA\") && f.length > 2\n  );\n  const logMessage = `Found ${frameworks.length} compliance frameworks`;\n  cy.log(logMessage);\n  const typedLogArgs = [\n    `Frameworks: ${frameworks.join(\", \")}`\n  ];\n  cy.log(...typedLogArgs);\n  expect(frameworks.length).to.be.greaterThan(0);\n});",
              "err": {},
              "uuid": "8dddded9-8874-43d3-a393-464aaa598e2b",
              "parentUUID": "c5872c0f-d240-45cc-8d0a-2e751d6395ca",
              "isHook": false,
              "skipped": false
            }
          ],
          "suites": [],
          "passes": [
            "2b830a11-40de-48fb-ba7b-d54fb64c274a",
            "72ce7576-da58-4f7d-9870-918b78346303",
            "8dddded9-8874-43d3-a393-464aaa598e2b"
          ],
          "failures": [],
          "pending": [],
          "skipped": [],
          "duration": 45573,
          "root": false,
          "rootEmpty": false,
          "_timeout": 2000
        }
      ],
      "passes": [],
      "failures": [],
      "pending": [],
      "skipped": [],
      "duration": 0,
      "root": true,
      "rootEmpty": true,
      "_timeout": 2000
    },
    {
      "uuid": "8a957269-8682-4bc9-918d-49f4f3a336d5",
      "title": "",
      "fullFile": "cypress/e2e/screenshots/widget-screenshots.cy.ts",
      "file": "cypress/e2e/screenshots/widget-screenshots.cy.ts",
      "beforeHooks": [],
      "afterHooks": [],
      "tests": [],
      "suites": [
        {
          "uuid": "c4c70c7f-587a-4bc0-9a89-5d4fc261d5b9",
          "title": "Widget UI/UX Screenshots",
          "fullFile": "",
          "file": "",
          "beforeHooks": [],
          "afterHooks": [],
          "tests": [
            {
              "title": "captures full dashboard grid with widgets in light and dark mode",
              "fullTitle": "Widget UI/UX Screenshots captures full dashboard grid with widgets in light and dark mode",
              "timedOut": null,
              "duration": 3127,
              "state": "passed",
              "speed": "fast",
              "pass": true,
              "fail": false,
              "pending": false,
              "context": null,
              "code": "cy.viewport(2400, 1200);\ncy.get('[data-testid=\"dashboard-grid\"]').should(\"be.visible\");\ncaptureFullDashboardGrid(\"dashboard-grid\");",
              "err": {},
              "uuid": "562dfb77-cd8c-4fe4-b5dd-6f71c4eb8ba4",
              "parentUUID": "c4c70c7f-587a-4bc0-9a89-5d4fc261d5b9",
              "isHook": false,
              "skipped": false
            },
            {
              "title": "captures essential widgets in both light and dark themes",
              "fullTitle": "Widget UI/UX Screenshots captures essential widgets in both light and dark themes",
              "timedOut": null,
              "duration": 8822,
              "state": "passed",
              "speed": "medium",
              "pass": true,
              "fail": false,
              "pending": false,
              "context": null,
              "code": "essentialWidgets.forEach((widgetName) => {\n  cy.log(`Capturing themes for widget: ${widgetName}`);\n  captureSimpleWidgetThemes(widgetName);\n});",
              "err": {},
              "uuid": "09789f38-a546-49a5-9117-174376a4877f",
              "parentUUID": "c4c70c7f-587a-4bc0-9a89-5d4fc261d5b9",
              "isHook": false,
              "skipped": false
            }
          ],
          "suites": [],
          "passes": [
            "562dfb77-cd8c-4fe4-b5dd-6f71c4eb8ba4",
            "09789f38-a546-49a5-9117-174376a4877f"
          ],
          "failures": [],
          "pending": [],
          "skipped": [],
          "duration": 11949,
          "root": false,
          "rootEmpty": false,
          "_timeout": 2000
        }
      ],
      "passes": [],
      "failures": [],
      "pending": [],
      "skipped": [],
      "duration": 0,
      "root": true,
      "rootEmpty": true,
      "_timeout": 2000
    },
    {
      "uuid": "d7a830e2-1b10-49c8-971c-5914b951894d",
      "title": "",
      "fullFile": "cypress/e2e/security/security-level-transitions.cy.ts",
      "file": "cypress/e2e/security/security-level-transitions.cy.ts",
      "beforeHooks": [],
      "afterHooks": [],
      "tests": [],
      "suites": [
        {
          "uuid": "86d51fc9-8462-43c5-86d9-dbbfaab1811b",
          "title": "Security Level Transitions",
          "fullFile": "",
          "file": "",
          "beforeHooks": [],
          "afterHooks": [],
          "tests": [
            {
              "title": "maintains application integrity during security level changes",
              "fullTitle": "Security Level Transitions maintains application integrity during security level changes",
              "timedOut": null,
              "duration": 11031,
              "state": "passed",
              "speed": "slow",
              "pass": true,
              "fail": false,
              "pending": false,
              "context": null,
              "code": "const securityTransitions = [\n  {\n    from: [\n      SECURITY_LEVELS.LOW,\n      SECURITY_LEVELS.LOW,\n      SECURITY_LEVELS.LOW\n    ],\n    to: [\n      SECURITY_LEVELS.HIGH,\n      SECURITY_LEVELS.HIGH,\n      SECURITY_LEVELS.HIGH\n    ],\n    name: \"low-to-high\"\n  },\n  {\n    from: [\n      SECURITY_LEVELS.HIGH,\n      SECURITY_LEVELS.HIGH,\n      SECURITY_LEVELS.HIGH\n    ],\n    to: [\n      SECURITY_LEVELS.HIGH,\n      SECURITY_LEVELS.LOW,\n      SECURITY_LEVELS.MODERATE\n    ],\n    name: \"high-to-mixed\"\n  }\n];\nsecurityTransitions.forEach((transition, index) => {\n  const logArgs = [\n    `Testing transition ${transition.name} (${index + 1}/${securityTransitions.length})`\n  ];\n  cy.log(logArgs[0]);\n  cy.setSecurityLevels(\n    transition.from[0],\n    transition.from[1],\n    transition.from[2]\n  );\n  cy.wait(1e3);\n  if (index === 0) {\n    cy.screenshot(`transition-initial-${transition.name}`);\n  }\n  findImportantWidgets().then((widgets) => {\n    captureWidgetStates(widgets).then((initialStates) => {\n      const changeLogArgs = [\n        `Changing to security levels: ${transition.to.join(\", \")}`\n      ];\n      cy.log(changeLogArgs[0]);\n      cy.setSecurityLevels(\n        transition.to[0],\n        transition.to[1],\n        transition.to[2]\n      );\n      cy.wait(1e3);\n      if (index === 0) {\n        cy.screenshot(`transition-after-${transition.name}`);\n      }\n      findImportantWidgets().then((newWidgets) => {\n        const foundLogArgs = [\n          `Found ${newWidgets.length} widgets after transition`\n        ];\n        cy.log(...foundLogArgs);\n        expect(newWidgets.length).to.be.at.least(\n          Math.max(1, widgets.length - 1),\n          \"Number of widgets shouldn't decrease significantly during transitions\"\n        );\n        cy.wrap(newWidgets).each(($widget, i) => {\n          const id = $widget.attr(\"data-testid\") || `widget-${i}`;\n          checkForProblematicContent($widget);\n          if (initialStates[id]) {\n            compareWidgetContent($widget, initialStates[id], id);\n          }\n        });\n      });\n    });\n  });\n});",
              "err": {},
              "uuid": "115e865d-b772-48db-8111-841bf4585a2a",
              "parentUUID": "86d51fc9-8462-43c5-86d9-dbbfaab1811b",
              "isHook": false,
              "skipped": false
            }
          ],
          "suites": [],
          "passes": [
            "115e865d-b772-48db-8111-841bf4585a2a"
          ],
          "failures": [],
          "pending": [],
          "skipped": [],
          "duration": 11031,
          "root": false,
          "rootEmpty": false,
          "_timeout": 2000
        }
      ],
      "passes": [],
      "failures": [],
      "pending": [],
      "skipped": [],
      "duration": 0,
      "root": true,
      "rootEmpty": true,
      "_timeout": 2000
    },
    {
      "uuid": "0ac0f33a-3146-4435-b4e5-78f9acac0275",
      "title": "",
      "fullFile": "cypress/e2e/widgets/assessmentcenter/business-impact.cy.ts",
      "file": "cypress/e2e/widgets/assessmentcenter/business-impact.cy.ts",
      "beforeHooks": [],
      "afterHooks": [],
      "tests": [],
      "suites": [
        {
          "uuid": "9c3c1668-c4de-4e0e-977f-7bd7481bad82",
          "title": "Business Impact Widget Tests",
          "fullFile": "",
          "file": "",
          "beforeHooks": [],
          "afterHooks": [],
          "tests": [
            {
              "title": "is visible and contains expected content",
              "fullTitle": "Business Impact Widget Tests is visible and contains expected content",
              "timedOut": null,
              "duration": 3268,
              "state": "passed",
              "speed": "fast",
              "pass": true,
              "fail": false,
              "pending": false,
              "context": null,
              "code": "findWidgetFlexibly(widgetTestId).then(($widget) => {\n  if ($widget.length === 0) {\n    cy.log(`Widget ${widgetName} not found - test will be skipped`);\n    cy.screenshot(`missing-widget-${widgetTestId}`);\n    expect(true).to.equal(true);\n    return;\n  }\n  const widgetText = $widget.text();\n  let foundPattern = false;\n  let matchedPattern = \"\";\n  contentPatterns2.forEach((pattern) => {\n    if (typeof pattern === \"string\") {\n      if (widgetText.includes(pattern)) {\n        foundPattern = true;\n        matchedPattern = pattern;\n      }\n    } else if (pattern.test(widgetText)) {\n      foundPattern = true;\n      matchedPattern = pattern.toString();\n    }\n  });\n  if (foundPattern) {\n    cy.log(`Found expected content pattern: ${matchedPattern}`);\n  } else {\n    cy.log(\n      `No expected content patterns found in widget text: ${widgetText.substring(\n        0,\n        100\n      )}...`\n    );\n  }\n  expect(\n    foundPattern,\n    `Widget should contain at least one expected content pattern`\n  ).to.be.true;\n  captureWidgetScreenshot($widget.first(), `${widgetTestId}-baseline`);\n});",
              "err": {},
              "uuid": "8b0b2895-a8c3-4620-a6f3-f08c4c55517f",
              "parentUUID": "9c3c1668-c4de-4e0e-977f-7bd7481bad82",
              "isHook": false,
              "skipped": false
            },
            {
              "title": "updates content when security levels change",
              "fullTitle": "Business Impact Widget Tests updates content when security levels change",
              "timedOut": null,
              "duration": 5937,
              "state": "passed",
              "speed": "medium",
              "pass": true,
              "fail": false,
              "pending": false,
              "context": null,
              "code": "findWidgetFlexibly(widgetTestId).then(($widget) => {\n  if ($widget.length === 0) {\n    cy.log(`Widget ${widgetName} not found - test will be skipped`);\n    cy.screenshot(`missing-widget-${widgetTestId}-security-change`);\n    expect(true).to.equal(true);\n    return;\n  }\n  const initialContent = $widget.text();\n  if (initialContent.trim().length === 0) {\n    cy.log(\n      `Widget ${widgetName} has no initial content - test will be skipped`\n    );\n    expect(true).to.equal(true);\n    return;\n  }\n  cy.setSecurityLevels(\n    SECURITY_LEVELS.LOW,\n    SECURITY_LEVELS.LOW,\n    SECURITY_LEVELS.LOW\n  );\n  cy.wait(1e3);\n  findWidgetFlexibly(widgetTestId).then(($lowWidget) => {\n    if ($lowWidget.length === 0) {\n      cy.log(\n        `Widget ${widgetName} disappeared after security level change - test will be skipped`\n      );\n      expect(true).to.equal(true);\n      return;\n    }\n    const lowContent = $lowWidget.text();\n    cy.setSecurityLevels(\n      SECURITY_LEVELS.HIGH,\n      SECURITY_LEVELS.HIGH,\n      SECURITY_LEVELS.HIGH\n    );\n    cy.wait(1e3);\n    findWidgetFlexibly(widgetTestId).then(($highWidget) => {\n      if ($highWidget.length === 0) {\n        cy.log(\n          `Widget ${widgetName} disappeared after high security level change - test will be skipped`\n        );\n        expect(true).to.equal(true);\n        return;\n      }\n      const highContent = $highWidget.text();\n      if (lowContent === highContent) {\n        cy.log(\n          `Warning: Content did not change between low and high security levels`\n        );\n      }\n      const contentChanged = initialContent !== lowContent || lowContent !== highContent;\n      expect(contentChanged, \"Content should change with security levels\").to.be.true;\n    });\n  });\n});",
              "err": {},
              "uuid": "9c30fcef-73cc-44a3-a7e2-146c92b1b14a",
              "parentUUID": "9c3c1668-c4de-4e0e-977f-7bd7481bad82",
              "isHook": false,
              "skipped": false
            },
            {
              "title": "supports widget-specific functionality",
              "fullTitle": "Business Impact Widget Tests supports widget-specific functionality",
              "timedOut": null,
              "duration": 2129,
              "state": "passed",
              "speed": "fast",
              "pass": true,
              "fail": false,
              "pending": false,
              "context": null,
              "code": "findWidgetFlexibly(widgetTestId).then(($widget) => {\n  if ($widget.length === 0) {\n    cy.log(\n      `Widget ${widgetName} not found - specific test will be skipped`\n    );\n    cy.screenshot(`missing-widget-${widgetTestId}-specific`);\n    expect(true).to.equal(true);\n    return;\n  }\n  cy.wrap($widget.first()).as(\"currentWidget\");\n  try {\n    additionalTests2();\n  } catch (e) {\n    const errorMessage = e instanceof Error ? e.message : String(e);\n    cy.log(\n      `Error in additional tests for ${widgetName}: ${errorMessage}`\n    );\n    cy.screenshot(`error-${widgetName}-specific-test`);\n  }\n});",
              "err": {},
              "uuid": "94f32558-87af-4b70-a2a6-8315cb7e53d7",
              "parentUUID": "9c3c1668-c4de-4e0e-977f-7bd7481bad82",
              "isHook": false,
              "skipped": false
            }
          ],
          "suites": [],
          "passes": [
            "8b0b2895-a8c3-4620-a6f3-f08c4c55517f",
            "9c30fcef-73cc-44a3-a7e2-146c92b1b14a",
            "94f32558-87af-4b70-a2a6-8315cb7e53d7"
          ],
          "failures": [],
          "pending": [],
          "skipped": [],
          "duration": 11334,
          "root": false,
          "rootEmpty": false,
          "_timeout": 2000
        }
      ],
      "passes": [],
      "failures": [],
      "pending": [],
      "skipped": [],
      "duration": 0,
      "root": true,
      "rootEmpty": true,
      "_timeout": 2000
    },
    {
      "uuid": "87624511-aa29-4773-931b-7d04e48824ab",
      "title": "",
      "fullFile": "cypress/e2e/widgets/assessmentcenter/security-level.cy.ts",
      "file": "cypress/e2e/widgets/assessmentcenter/security-level.cy.ts",
      "beforeHooks": [],
      "afterHooks": [],
      "tests": [],
      "suites": [
        {
          "uuid": "c50d3430-41ed-4dba-babf-55fc031e3600",
          "title": "Security Level Widget Tests",
          "fullFile": "",
          "file": "",
          "beforeHooks": [],
          "afterHooks": [],
          "tests": [
            {
              "title": "is visible and contains expected content",
              "fullTitle": "Security Level Widget Tests is visible and contains expected content",
              "timedOut": null,
              "duration": 3238,
              "state": "passed",
              "speed": "fast",
              "pass": true,
              "fail": false,
              "pending": false,
              "context": null,
              "code": "findWidgetFlexibly(widgetTestId).then(($widget) => {\n  if ($widget.length === 0) {\n    cy.log(`Widget ${widgetName} not found - test will be skipped`);\n    cy.screenshot(`missing-widget-${widgetTestId}`);\n    expect(true).to.equal(true);\n    return;\n  }\n  const widgetText = $widget.text();\n  let foundPattern = false;\n  let matchedPattern = \"\";\n  contentPatterns2.forEach((pattern) => {\n    if (typeof pattern === \"string\") {\n      if (widgetText.includes(pattern)) {\n        foundPattern = true;\n        matchedPattern = pattern;\n      }\n    } else if (pattern.test(widgetText)) {\n      foundPattern = true;\n      matchedPattern = pattern.toString();\n    }\n  });\n  if (foundPattern) {\n    cy.log(`Found expected content pattern: ${matchedPattern}`);\n  } else {\n    cy.log(\n      `No expected content patterns found in widget text: ${widgetText.substring(\n        0,\n        100\n      )}...`\n    );\n  }\n  expect(\n    foundPattern,\n    `Widget should contain at least one expected content pattern`\n  ).to.be.true;\n  captureWidgetScreenshot($widget.first(), `${widgetTestId}-baseline`);\n});",
              "err": {},
              "uuid": "c756919b-1fee-462a-93c1-348c403b9b78",
              "parentUUID": "c50d3430-41ed-4dba-babf-55fc031e3600",
              "isHook": false,
              "skipped": false
            },
            {
              "title": "updates content when security levels change",
              "fullTitle": "Security Level Widget Tests updates content when security levels change",
              "timedOut": null,
              "duration": 5896,
              "state": "passed",
              "speed": "medium",
              "pass": true,
              "fail": false,
              "pending": false,
              "context": null,
              "code": "findWidgetFlexibly(widgetTestId).then(($widget) => {\n  if ($widget.length === 0) {\n    cy.log(`Widget ${widgetName} not found - test will be skipped`);\n    cy.screenshot(`missing-widget-${widgetTestId}-security-change`);\n    expect(true).to.equal(true);\n    return;\n  }\n  const initialContent = $widget.text();\n  if (initialContent.trim().length === 0) {\n    cy.log(\n      `Widget ${widgetName} has no initial content - test will be skipped`\n    );\n    expect(true).to.equal(true);\n    return;\n  }\n  cy.setSecurityLevels(\n    SECURITY_LEVELS.LOW,\n    SECURITY_LEVELS.LOW,\n    SECURITY_LEVELS.LOW\n  );\n  cy.wait(1e3);\n  findWidgetFlexibly(widgetTestId).then(($lowWidget) => {\n    if ($lowWidget.length === 0) {\n      cy.log(\n        `Widget ${widgetName} disappeared after security level change - test will be skipped`\n      );\n      expect(true).to.equal(true);\n      return;\n    }\n    const lowContent = $lowWidget.text();\n    cy.setSecurityLevels(\n      SECURITY_LEVELS.HIGH,\n      SECURITY_LEVELS.HIGH,\n      SECURITY_LEVELS.HIGH\n    );\n    cy.wait(1e3);\n    findWidgetFlexibly(widgetTestId).then(($highWidget) => {\n      if ($highWidget.length === 0) {\n        cy.log(\n          `Widget ${widgetName} disappeared after high security level change - test will be skipped`\n        );\n        expect(true).to.equal(true);\n        return;\n      }\n      const highContent = $highWidget.text();\n      if (lowContent === highContent) {\n        cy.log(\n          `Warning: Content did not change between low and high security levels`\n        );\n      }\n      const contentChanged = initialContent !== lowContent || lowContent !== highContent;\n      expect(contentChanged, \"Content should change with security levels\").to.be.true;\n    });\n  });\n});",
              "err": {},
              "uuid": "ed616cff-61a1-42a1-b052-64d338f43ce9",
              "parentUUID": "c50d3430-41ed-4dba-babf-55fc031e3600",
              "isHook": false,
              "skipped": false
            },
            {
              "title": "supports widget-specific functionality",
              "fullTitle": "Security Level Widget Tests supports widget-specific functionality",
              "timedOut": null,
              "duration": 2119,
              "state": "passed",
              "speed": "fast",
              "pass": true,
              "fail": false,
              "pending": false,
              "context": null,
              "code": "findWidgetFlexibly(widgetTestId).then(($widget) => {\n  if ($widget.length === 0) {\n    cy.log(\n      `Widget ${widgetName} not found - specific test will be skipped`\n    );\n    cy.screenshot(`missing-widget-${widgetTestId}-specific`);\n    expect(true).to.equal(true);\n    return;\n  }\n  cy.wrap($widget.first()).as(\"currentWidget\");\n  try {\n    additionalTests2();\n  } catch (e) {\n    const errorMessage = e instanceof Error ? e.message : String(e);\n    cy.log(\n      `Error in additional tests for ${widgetName}: ${errorMessage}`\n    );\n    cy.screenshot(`error-${widgetName}-specific-test`);\n  }\n});",
              "err": {},
              "uuid": "fc723bc2-20b6-451e-8e1e-d7ddea7121e7",
              "parentUUID": "c50d3430-41ed-4dba-babf-55fc031e3600",
              "isHook": false,
              "skipped": false
            }
          ],
          "suites": [],
          "passes": [
            "c756919b-1fee-462a-93c1-348c403b9b78",
            "ed616cff-61a1-42a1-b052-64d338f43ce9",
            "fc723bc2-20b6-451e-8e1e-d7ddea7121e7"
          ],
          "failures": [],
          "pending": [],
          "skipped": [],
          "duration": 11253,
          "root": false,
          "rootEmpty": false,
          "_timeout": 2000
        }
      ],
      "passes": [],
      "failures": [],
      "pending": [],
      "skipped": [],
      "duration": 0,
      "root": true,
      "rootEmpty": true,
      "_timeout": 2000
    },
    {
      "uuid": "6bca086b-eaab-4804-baa9-5dff5e42cd9d",
      "title": "",
      "fullFile": "cypress/e2e/widgets/assessmentcenter/security-summary.cy.ts",
      "file": "cypress/e2e/widgets/assessmentcenter/security-summary.cy.ts",
      "beforeHooks": [],
      "afterHooks": [],
      "tests": [],
      "suites": [
        {
          "uuid": "1c5667ed-edf8-4bcf-ae4e-6752ef3da8a5",
          "title": "Security Summary Widget Tests",
          "fullFile": "",
          "file": "",
          "beforeHooks": [],
          "afterHooks": [],
          "tests": [
            {
              "title": "is visible and contains expected content",
              "fullTitle": "Security Summary Widget Tests is visible and contains expected content",
              "timedOut": null,
              "duration": 3164,
              "state": "passed",
              "speed": "fast",
              "pass": true,
              "fail": false,
              "pending": false,
              "context": null,
              "code": "findWidgetFlexibly(widgetTestId).then(($widget) => {\n  if ($widget.length === 0) {\n    cy.log(`Widget ${widgetName} not found - test will be skipped`);\n    cy.screenshot(`missing-widget-${widgetTestId}`);\n    expect(true).to.equal(true);\n    return;\n  }\n  const widgetText = $widget.text();\n  let foundPattern = false;\n  let matchedPattern = \"\";\n  contentPatterns2.forEach((pattern) => {\n    if (typeof pattern === \"string\") {\n      if (widgetText.includes(pattern)) {\n        foundPattern = true;\n        matchedPattern = pattern;\n      }\n    } else if (pattern.test(widgetText)) {\n      foundPattern = true;\n      matchedPattern = pattern.toString();\n    }\n  });\n  if (foundPattern) {\n    cy.log(`Found expected content pattern: ${matchedPattern}`);\n  } else {\n    cy.log(\n      `No expected content patterns found in widget text: ${widgetText.substring(\n        0,\n        100\n      )}...`\n    );\n  }\n  expect(\n    foundPattern,\n    `Widget should contain at least one expected content pattern`\n  ).to.be.true;\n  captureWidgetScreenshot($widget.first(), `${widgetTestId}-baseline`);\n});",
              "err": {},
              "uuid": "3949fab7-8834-40ec-a897-6b0f1edf6467",
              "parentUUID": "1c5667ed-edf8-4bcf-ae4e-6752ef3da8a5",
              "isHook": false,
              "skipped": false
            },
            {
              "title": "updates content when security levels change",
              "fullTitle": "Security Summary Widget Tests updates content when security levels change",
              "timedOut": null,
              "duration": 5895,
              "state": "passed",
              "speed": "medium",
              "pass": true,
              "fail": false,
              "pending": false,
              "context": null,
              "code": "findWidgetFlexibly(widgetTestId).then(($widget) => {\n  if ($widget.length === 0) {\n    cy.log(`Widget ${widgetName} not found - test will be skipped`);\n    cy.screenshot(`missing-widget-${widgetTestId}-security-change`);\n    expect(true).to.equal(true);\n    return;\n  }\n  const initialContent = $widget.text();\n  if (initialContent.trim().length === 0) {\n    cy.log(\n      `Widget ${widgetName} has no initial content - test will be skipped`\n    );\n    expect(true).to.equal(true);\n    return;\n  }\n  cy.setSecurityLevels(\n    SECURITY_LEVELS.LOW,\n    SECURITY_LEVELS.LOW,\n    SECURITY_LEVELS.LOW\n  );\n  cy.wait(1e3);\n  findWidgetFlexibly(widgetTestId).then(($lowWidget) => {\n    if ($lowWidget.length === 0) {\n      cy.log(\n        `Widget ${widgetName} disappeared after security level change - test will be skipped`\n      );\n      expect(true).to.equal(true);\n      return;\n    }\n    const lowContent = $lowWidget.text();\n    cy.setSecurityLevels(\n      SECURITY_LEVELS.HIGH,\n      SECURITY_LEVELS.HIGH,\n      SECURITY_LEVELS.HIGH\n    );\n    cy.wait(1e3);\n    findWidgetFlexibly(widgetTestId).then(($highWidget) => {\n      if ($highWidget.length === 0) {\n        cy.log(\n          `Widget ${widgetName} disappeared after high security level change - test will be skipped`\n        );\n        expect(true).to.equal(true);\n        return;\n      }\n      const highContent = $highWidget.text();\n      if (lowContent === highContent) {\n        cy.log(\n          `Warning: Content did not change between low and high security levels`\n        );\n      }\n      const contentChanged = initialContent !== lowContent || lowContent !== highContent;\n      expect(contentChanged, \"Content should change with security levels\").to.be.true;\n    });\n  });\n});",
              "err": {},
              "uuid": "d3156bea-55f1-4a45-a52f-4fa6041403c4",
              "parentUUID": "1c5667ed-edf8-4bcf-ae4e-6752ef3da8a5",
              "isHook": false,
              "skipped": false
            },
            {
              "title": "supports widget-specific functionality",
              "fullTitle": "Security Summary Widget Tests supports widget-specific functionality",
              "timedOut": null,
              "duration": 2102,
              "state": "passed",
              "speed": "fast",
              "pass": true,
              "fail": false,
              "pending": false,
              "context": null,
              "code": "findWidgetFlexibly(widgetTestId).then(($widget) => {\n  if ($widget.length === 0) {\n    cy.log(\n      `Widget ${widgetName} not found - specific test will be skipped`\n    );\n    cy.screenshot(`missing-widget-${widgetTestId}-specific`);\n    expect(true).to.equal(true);\n    return;\n  }\n  cy.wrap($widget.first()).as(\"currentWidget\");\n  try {\n    additionalTests2();\n  } catch (e) {\n    const errorMessage = e instanceof Error ? e.message : String(e);\n    cy.log(\n      `Error in additional tests for ${widgetName}: ${errorMessage}`\n    );\n    cy.screenshot(`error-${widgetName}-specific-test`);\n  }\n});",
              "err": {},
              "uuid": "c28f4851-c189-485d-b611-17206beee97d",
              "parentUUID": "1c5667ed-edf8-4bcf-ae4e-6752ef3da8a5",
              "isHook": false,
              "skipped": false
            }
          ],
          "suites": [],
          "passes": [
            "3949fab7-8834-40ec-a897-6b0f1edf6467",
            "d3156bea-55f1-4a45-a52f-4fa6041403c4",
            "c28f4851-c189-485d-b611-17206beee97d"
          ],
          "failures": [],
          "pending": [],
          "skipped": [],
          "duration": 11161,
          "root": false,
          "rootEmpty": false,
          "_timeout": 2000
        }
      ],
      "passes": [],
      "failures": [],
      "pending": [],
      "skipped": [],
      "duration": 0,
      "root": true,
      "rootEmpty": true,
      "_timeout": 2000
    },
    {
      "uuid": "06935249-7603-4a58-b95d-8037ace96f4b",
      "title": "",
      "fullFile": "cypress/e2e/widgets/businessvalue/compliance-status.cy.ts",
      "file": "cypress/e2e/widgets/businessvalue/compliance-status.cy.ts",
      "beforeHooks": [],
      "afterHooks": [],
      "tests": [],
      "suites": [
        {
          "uuid": "e7a85661-4b8c-479a-82b4-1fc8de553c19",
          "title": "Compliance Status Widget Tests",
          "fullFile": "",
          "file": "",
          "beforeHooks": [],
          "afterHooks": [],
          "tests": [
            {
              "title": "is visible and contains expected content",
              "fullTitle": "Compliance Status Widget Tests is visible and contains expected content",
              "timedOut": null,
              "duration": 3215,
              "state": "passed",
              "speed": "fast",
              "pass": true,
              "fail": false,
              "pending": false,
              "context": null,
              "code": "findWidgetFlexibly(widgetTestId).then(($widget) => {\n  if ($widget.length === 0) {\n    cy.log(`Widget ${widgetName} not found - test will be skipped`);\n    cy.screenshot(`missing-widget-${widgetTestId}`);\n    expect(true).to.equal(true);\n    return;\n  }\n  const widgetText = $widget.text();\n  let foundPattern = false;\n  let matchedPattern = \"\";\n  contentPatterns2.forEach((pattern) => {\n    if (typeof pattern === \"string\") {\n      if (widgetText.includes(pattern)) {\n        foundPattern = true;\n        matchedPattern = pattern;\n      }\n    } else if (pattern.test(widgetText)) {\n      foundPattern = true;\n      matchedPattern = pattern.toString();\n    }\n  });\n  if (foundPattern) {\n    cy.log(`Found expected content pattern: ${matchedPattern}`);\n  } else {\n    cy.log(\n      `No expected content patterns found in widget text: ${widgetText.substring(\n        0,\n        100\n      )}...`\n    );\n  }\n  expect(\n    foundPattern,\n    `Widget should contain at least one expected content pattern`\n  ).to.be.true;\n  captureWidgetScreenshot($widget.first(), `${widgetTestId}-baseline`);\n});",
              "err": {},
              "uuid": "0f4a151a-a109-4beb-9398-ae702e285bb2",
              "parentUUID": "e7a85661-4b8c-479a-82b4-1fc8de553c19",
              "isHook": false,
              "skipped": false
            },
            {
              "title": "updates content when security levels change",
              "fullTitle": "Compliance Status Widget Tests updates content when security levels change",
              "timedOut": null,
              "duration": 5874,
              "state": "passed",
              "speed": "medium",
              "pass": true,
              "fail": false,
              "pending": false,
              "context": null,
              "code": "findWidgetFlexibly(widgetTestId).then(($widget) => {\n  if ($widget.length === 0) {\n    cy.log(`Widget ${widgetName} not found - test will be skipped`);\n    cy.screenshot(`missing-widget-${widgetTestId}-security-change`);\n    expect(true).to.equal(true);\n    return;\n  }\n  const initialContent = $widget.text();\n  if (initialContent.trim().length === 0) {\n    cy.log(\n      `Widget ${widgetName} has no initial content - test will be skipped`\n    );\n    expect(true).to.equal(true);\n    return;\n  }\n  cy.setSecurityLevels(\n    SECURITY_LEVELS.LOW,\n    SECURITY_LEVELS.LOW,\n    SECURITY_LEVELS.LOW\n  );\n  cy.wait(1e3);\n  findWidgetFlexibly(widgetTestId).then(($lowWidget) => {\n    if ($lowWidget.length === 0) {\n      cy.log(\n        `Widget ${widgetName} disappeared after security level change - test will be skipped`\n      );\n      expect(true).to.equal(true);\n      return;\n    }\n    const lowContent = $lowWidget.text();\n    cy.setSecurityLevels(\n      SECURITY_LEVELS.HIGH,\n      SECURITY_LEVELS.HIGH,\n      SECURITY_LEVELS.HIGH\n    );\n    cy.wait(1e3);\n    findWidgetFlexibly(widgetTestId).then(($highWidget) => {\n      if ($highWidget.length === 0) {\n        cy.log(\n          `Widget ${widgetName} disappeared after high security level change - test will be skipped`\n        );\n        expect(true).to.equal(true);\n        return;\n      }\n      const highContent = $highWidget.text();\n      if (lowContent === highContent) {\n        cy.log(\n          `Warning: Content did not change between low and high security levels`\n        );\n      }\n      const contentChanged = initialContent !== lowContent || lowContent !== highContent;\n      expect(contentChanged, \"Content should change with security levels\").to.be.true;\n    });\n  });\n});",
              "err": {},
              "uuid": "ea1993ed-35bb-46c3-b3da-ce31d3d097c2",
              "parentUUID": "e7a85661-4b8c-479a-82b4-1fc8de553c19",
              "isHook": false,
              "skipped": false
            },
            {
              "title": "supports widget-specific functionality",
              "fullTitle": "Compliance Status Widget Tests supports widget-specific functionality",
              "timedOut": null,
              "duration": 2085,
              "state": "passed",
              "speed": "fast",
              "pass": true,
              "fail": false,
              "pending": false,
              "context": null,
              "code": "findWidgetFlexibly(widgetTestId).then(($widget) => {\n  if ($widget.length === 0) {\n    cy.log(\n      `Widget ${widgetName} not found - specific test will be skipped`\n    );\n    cy.screenshot(`missing-widget-${widgetTestId}-specific`);\n    expect(true).to.equal(true);\n    return;\n  }\n  cy.wrap($widget.first()).as(\"currentWidget\");\n  try {\n    additionalTests2();\n  } catch (e) {\n    const errorMessage = e instanceof Error ? e.message : String(e);\n    cy.log(\n      `Error in additional tests for ${widgetName}: ${errorMessage}`\n    );\n    cy.screenshot(`error-${widgetName}-specific-test`);\n  }\n});",
              "err": {},
              "uuid": "66340d33-2971-42be-9773-a66018e18912",
              "parentUUID": "e7a85661-4b8c-479a-82b4-1fc8de553c19",
              "isHook": false,
              "skipped": false
            }
          ],
          "suites": [],
          "passes": [
            "0f4a151a-a109-4beb-9398-ae702e285bb2",
            "ea1993ed-35bb-46c3-b3da-ce31d3d097c2",
            "66340d33-2971-42be-9773-a66018e18912"
          ],
          "failures": [],
          "pending": [],
          "skipped": [],
          "duration": 11174,
          "root": false,
          "rootEmpty": false,
          "_timeout": 2000
        }
      ],
      "passes": [],
      "failures": [],
      "pending": [],
      "skipped": [],
      "duration": 0,
      "root": true,
      "rootEmpty": true,
      "_timeout": 2000
    },
    {
      "uuid": "5be83264-274d-44c7-b037-70daf7eaeac7",
      "title": "",
      "fullFile": "cypress/e2e/widgets/businessvalue/cost-estimation.cy.ts",
      "file": "cypress/e2e/widgets/businessvalue/cost-estimation.cy.ts",
      "beforeHooks": [],
      "afterHooks": [],
      "tests": [],
      "suites": [
        {
          "uuid": "d7f68c07-71de-4097-b81a-66b21397193d",
          "title": "Cost Estimation Widget Tests",
          "fullFile": "",
          "file": "",
          "beforeHooks": [],
          "afterHooks": [],
          "tests": [
            {
              "title": "is visible and contains expected content",
              "fullTitle": "Cost Estimation Widget Tests is visible and contains expected content",
              "timedOut": null,
              "duration": 3124,
              "state": "passed",
              "speed": "fast",
              "pass": true,
              "fail": false,
              "pending": false,
              "context": null,
              "code": "findWidgetFlexibly(widgetTestId).then(($widget) => {\n  if ($widget.length === 0) {\n    cy.log(`Widget ${widgetName} not found - test will be skipped`);\n    cy.screenshot(`missing-widget-${widgetTestId}`);\n    expect(true).to.equal(true);\n    return;\n  }\n  const widgetText = $widget.text();\n  let foundPattern = false;\n  let matchedPattern = \"\";\n  contentPatterns2.forEach((pattern) => {\n    if (typeof pattern === \"string\") {\n      if (widgetText.includes(pattern)) {\n        foundPattern = true;\n        matchedPattern = pattern;\n      }\n    } else if (pattern.test(widgetText)) {\n      foundPattern = true;\n      matchedPattern = pattern.toString();\n    }\n  });\n  if (foundPattern) {\n    cy.log(`Found expected content pattern: ${matchedPattern}`);\n  } else {\n    cy.log(\n      `No expected content patterns found in widget text: ${widgetText.substring(\n        0,\n        100\n      )}...`\n    );\n  }\n  expect(\n    foundPattern,\n    `Widget should contain at least one expected content pattern`\n  ).to.be.true;\n  captureWidgetScreenshot($widget.first(), `${widgetTestId}-baseline`);\n});",
              "err": {},
              "uuid": "bd04901d-0d9d-499a-a0c9-6421b33b09e6",
              "parentUUID": "d7f68c07-71de-4097-b81a-66b21397193d",
              "isHook": false,
              "skipped": false
            },
            {
              "title": "updates content when security levels change",
              "fullTitle": "Cost Estimation Widget Tests updates content when security levels change",
              "timedOut": null,
              "duration": 5886,
              "state": "passed",
              "speed": "medium",
              "pass": true,
              "fail": false,
              "pending": false,
              "context": null,
              "code": "findWidgetFlexibly(widgetTestId).then(($widget) => {\n  if ($widget.length === 0) {\n    cy.log(`Widget ${widgetName} not found - test will be skipped`);\n    cy.screenshot(`missing-widget-${widgetTestId}-security-change`);\n    expect(true).to.equal(true);\n    return;\n  }\n  const initialContent = $widget.text();\n  if (initialContent.trim().length === 0) {\n    cy.log(\n      `Widget ${widgetName} has no initial content - test will be skipped`\n    );\n    expect(true).to.equal(true);\n    return;\n  }\n  cy.setSecurityLevels(\n    SECURITY_LEVELS.LOW,\n    SECURITY_LEVELS.LOW,\n    SECURITY_LEVELS.LOW\n  );\n  cy.wait(1e3);\n  findWidgetFlexibly(widgetTestId).then(($lowWidget) => {\n    if ($lowWidget.length === 0) {\n      cy.log(\n        `Widget ${widgetName} disappeared after security level change - test will be skipped`\n      );\n      expect(true).to.equal(true);\n      return;\n    }\n    const lowContent = $lowWidget.text();\n    cy.setSecurityLevels(\n      SECURITY_LEVELS.HIGH,\n      SECURITY_LEVELS.HIGH,\n      SECURITY_LEVELS.HIGH\n    );\n    cy.wait(1e3);\n    findWidgetFlexibly(widgetTestId).then(($highWidget) => {\n      if ($highWidget.length === 0) {\n        cy.log(\n          `Widget ${widgetName} disappeared after high security level change - test will be skipped`\n        );\n        expect(true).to.equal(true);\n        return;\n      }\n      const highContent = $highWidget.text();\n      if (lowContent === highContent) {\n        cy.log(\n          `Warning: Content did not change between low and high security levels`\n        );\n      }\n      const contentChanged = initialContent !== lowContent || lowContent !== highContent;\n      expect(contentChanged, \"Content should change with security levels\").to.be.true;\n    });\n  });\n});",
              "err": {},
              "uuid": "58824f70-ad31-4abd-ae78-0b11c3c195ef",
              "parentUUID": "d7f68c07-71de-4097-b81a-66b21397193d",
              "isHook": false,
              "skipped": false
            },
            {
              "title": "supports widget-specific functionality",
              "fullTitle": "Cost Estimation Widget Tests supports widget-specific functionality",
              "timedOut": null,
              "duration": 2082,
              "state": "passed",
              "speed": "fast",
              "pass": true,
              "fail": false,
              "pending": false,
              "context": null,
              "code": "findWidgetFlexibly(widgetTestId).then(($widget) => {\n  if ($widget.length === 0) {\n    cy.log(\n      `Widget ${widgetName} not found - specific test will be skipped`\n    );\n    cy.screenshot(`missing-widget-${widgetTestId}-specific`);\n    expect(true).to.equal(true);\n    return;\n  }\n  cy.wrap($widget.first()).as(\"currentWidget\");\n  try {\n    additionalTests2();\n  } catch (e) {\n    const errorMessage = e instanceof Error ? e.message : String(e);\n    cy.log(\n      `Error in additional tests for ${widgetName}: ${errorMessage}`\n    );\n    cy.screenshot(`error-${widgetName}-specific-test`);\n  }\n});",
              "err": {},
              "uuid": "42f16ab1-55b5-447c-a1da-40cc950f6365",
              "parentUUID": "d7f68c07-71de-4097-b81a-66b21397193d",
              "isHook": false,
              "skipped": false
            }
          ],
          "suites": [],
          "passes": [
            "bd04901d-0d9d-499a-a0c9-6421b33b09e6",
            "58824f70-ad31-4abd-ae78-0b11c3c195ef",
            "42f16ab1-55b5-447c-a1da-40cc950f6365"
          ],
          "failures": [],
          "pending": [],
          "skipped": [],
          "duration": 11092,
          "root": false,
          "rootEmpty": false,
          "_timeout": 2000
        }
      ],
      "passes": [],
      "failures": [],
      "pending": [],
      "skipped": [],
      "duration": 0,
      "root": true,
      "rootEmpty": true,
      "_timeout": 2000
    },
    {
      "uuid": "cea85dab-052f-4917-8a0e-77dcaf117d59",
      "title": "",
      "fullFile": "cypress/e2e/widgets/businessvalue/value-creation.cy.ts",
      "file": "cypress/e2e/widgets/businessvalue/value-creation.cy.ts",
      "beforeHooks": [],
      "afterHooks": [],
      "tests": [],
      "suites": [
        {
          "uuid": "5ab1f618-e77a-4b10-9f9f-8717cc13b28b",
          "title": "Value Creation Widget Tests",
          "fullFile": "",
          "file": "",
          "beforeHooks": [],
          "afterHooks": [],
          "tests": [
            {
              "title": "is visible and contains expected content",
              "fullTitle": "Value Creation Widget Tests is visible and contains expected content",
              "timedOut": null,
              "duration": 3234,
              "state": "passed",
              "speed": "fast",
              "pass": true,
              "fail": false,
              "pending": false,
              "context": null,
              "code": "findWidgetFlexibly(widgetTestId).then(($widget) => {\n  if ($widget.length === 0) {\n    cy.log(`Widget ${widgetName} not found - test will be skipped`);\n    cy.screenshot(`missing-widget-${widgetTestId}`);\n    expect(true).to.equal(true);\n    return;\n  }\n  const widgetText = $widget.text();\n  let foundPattern = false;\n  let matchedPattern = \"\";\n  contentPatterns2.forEach((pattern) => {\n    if (typeof pattern === \"string\") {\n      if (widgetText.includes(pattern)) {\n        foundPattern = true;\n        matchedPattern = pattern;\n      }\n    } else if (pattern.test(widgetText)) {\n      foundPattern = true;\n      matchedPattern = pattern.toString();\n    }\n  });\n  if (foundPattern) {\n    cy.log(`Found expected content pattern: ${matchedPattern}`);\n  } else {\n    cy.log(\n      `No expected content patterns found in widget text: ${widgetText.substring(\n        0,\n        100\n      )}...`\n    );\n  }\n  expect(\n    foundPattern,\n    `Widget should contain at least one expected content pattern`\n  ).to.be.true;\n  captureWidgetScreenshot($widget.first(), `${widgetTestId}-baseline`);\n});",
              "err": {},
              "uuid": "776e7710-c906-443b-978f-c68c4621cd24",
              "parentUUID": "5ab1f618-e77a-4b10-9f9f-8717cc13b28b",
              "isHook": false,
              "skipped": false
            },
            {
              "title": "updates content when security levels change",
              "fullTitle": "Value Creation Widget Tests updates content when security levels change",
              "timedOut": null,
              "duration": 5892,
              "state": "passed",
              "speed": "medium",
              "pass": true,
              "fail": false,
              "pending": false,
              "context": null,
              "code": "findWidgetFlexibly(widgetTestId).then(($widget) => {\n  if ($widget.length === 0) {\n    cy.log(`Widget ${widgetName} not found - test will be skipped`);\n    cy.screenshot(`missing-widget-${widgetTestId}-security-change`);\n    expect(true).to.equal(true);\n    return;\n  }\n  const initialContent = $widget.text();\n  if (initialContent.trim().length === 0) {\n    cy.log(\n      `Widget ${widgetName} has no initial content - test will be skipped`\n    );\n    expect(true).to.equal(true);\n    return;\n  }\n  cy.setSecurityLevels(\n    SECURITY_LEVELS.LOW,\n    SECURITY_LEVELS.LOW,\n    SECURITY_LEVELS.LOW\n  );\n  cy.wait(1e3);\n  findWidgetFlexibly(widgetTestId).then(($lowWidget) => {\n    if ($lowWidget.length === 0) {\n      cy.log(\n        `Widget ${widgetName} disappeared after security level change - test will be skipped`\n      );\n      expect(true).to.equal(true);\n      return;\n    }\n    const lowContent = $lowWidget.text();\n    cy.setSecurityLevels(\n      SECURITY_LEVELS.HIGH,\n      SECURITY_LEVELS.HIGH,\n      SECURITY_LEVELS.HIGH\n    );\n    cy.wait(1e3);\n    findWidgetFlexibly(widgetTestId).then(($highWidget) => {\n      if ($highWidget.length === 0) {\n        cy.log(\n          `Widget ${widgetName} disappeared after high security level change - test will be skipped`\n        );\n        expect(true).to.equal(true);\n        return;\n      }\n      const highContent = $highWidget.text();\n      if (lowContent === highContent) {\n        cy.log(\n          `Warning: Content did not change between low and high security levels`\n        );\n      }\n      const contentChanged = initialContent !== lowContent || lowContent !== highContent;\n      expect(contentChanged, \"Content should change with security levels\").to.be.true;\n    });\n  });\n});",
              "err": {},
              "uuid": "bfecf8f3-f494-4747-8d5a-33242648507c",
              "parentUUID": "5ab1f618-e77a-4b10-9f9f-8717cc13b28b",
              "isHook": false,
              "skipped": false
            },
            {
              "title": "supports widget-specific functionality",
              "fullTitle": "Value Creation Widget Tests supports widget-specific functionality",
              "timedOut": null,
              "duration": 2075,
              "state": "passed",
              "speed": "fast",
              "pass": true,
              "fail": false,
              "pending": false,
              "context": null,
              "code": "findWidgetFlexibly(widgetTestId).then(($widget) => {\n  if ($widget.length === 0) {\n    cy.log(\n      `Widget ${widgetName} not found - specific test will be skipped`\n    );\n    cy.screenshot(`missing-widget-${widgetTestId}-specific`);\n    expect(true).to.equal(true);\n    return;\n  }\n  cy.wrap($widget.first()).as(\"currentWidget\");\n  try {\n    additionalTests2();\n  } catch (e) {\n    const errorMessage = e instanceof Error ? e.message : String(e);\n    cy.log(\n      `Error in additional tests for ${widgetName}: ${errorMessage}`\n    );\n    cy.screenshot(`error-${widgetName}-specific-test`);\n  }\n});",
              "err": {},
              "uuid": "d6f83cf9-ef2d-4378-9896-089b1ec498de",
              "parentUUID": "5ab1f618-e77a-4b10-9f9f-8717cc13b28b",
              "isHook": false,
              "skipped": false
            }
          ],
          "suites": [],
          "passes": [
            "776e7710-c906-443b-978f-c68c4621cd24",
            "bfecf8f3-f494-4747-8d5a-33242648507c",
            "d6f83cf9-ef2d-4378-9896-089b1ec498de"
          ],
          "failures": [],
          "pending": [],
          "skipped": [],
          "duration": 11201,
          "root": false,
          "rootEmpty": false,
          "_timeout": 2000
        }
      ],
      "passes": [],
      "failures": [],
      "pending": [],
      "skipped": [],
      "duration": 0,
      "root": true,
      "rootEmpty": true,
      "_timeout": 2000
    },
    {
      "uuid": "3fdea341-a161-4fd1-ad5f-3e31186a34d3",
      "title": "",
      "fullFile": "cypress/e2e/widgets/impactanalysis/availability-impact.cy.ts",
      "file": "cypress/e2e/widgets/impactanalysis/availability-impact.cy.ts",
      "beforeHooks": [],
      "afterHooks": [],
      "tests": [],
      "suites": [
        {
          "uuid": "0d125e76-36be-4524-9bad-0c5927087b71",
          "title": "Availability Impact Widget Tests",
          "fullFile": "",
          "file": "",
          "beforeHooks": [],
          "afterHooks": [],
          "tests": [
            {
              "title": "is visible and contains expected content",
              "fullTitle": "Availability Impact Widget Tests is visible and contains expected content",
              "timedOut": null,
              "duration": 3164,
              "state": "passed",
              "speed": "fast",
              "pass": true,
              "fail": false,
              "pending": false,
              "context": null,
              "code": "findWidgetFlexibly(widgetTestId).then(($widget) => {\n  if ($widget.length === 0) {\n    cy.log(`Widget ${widgetName} not found - test will be skipped`);\n    cy.screenshot(`missing-widget-${widgetTestId}`);\n    expect(true).to.equal(true);\n    return;\n  }\n  const widgetText = $widget.text();\n  let foundPattern = false;\n  let matchedPattern = \"\";\n  contentPatterns2.forEach((pattern) => {\n    if (typeof pattern === \"string\") {\n      if (widgetText.includes(pattern)) {\n        foundPattern = true;\n        matchedPattern = pattern;\n      }\n    } else if (pattern.test(widgetText)) {\n      foundPattern = true;\n      matchedPattern = pattern.toString();\n    }\n  });\n  if (foundPattern) {\n    cy.log(`Found expected content pattern: ${matchedPattern}`);\n  } else {\n    cy.log(\n      `No expected content patterns found in widget text: ${widgetText.substring(\n        0,\n        100\n      )}...`\n    );\n  }\n  expect(\n    foundPattern,\n    `Widget should contain at least one expected content pattern`\n  ).to.be.true;\n  captureWidgetScreenshot($widget.first(), `${widgetTestId}-baseline`);\n});",
              "err": {},
              "uuid": "c05cb81c-7692-4744-88e4-c79f3e1a3011",
              "parentUUID": "0d125e76-36be-4524-9bad-0c5927087b71",
              "isHook": false,
              "skipped": false
            },
            {
              "title": "updates content when security levels change",
              "fullTitle": "Availability Impact Widget Tests updates content when security levels change",
              "timedOut": null,
              "duration": 5883,
              "state": "passed",
              "speed": "medium",
              "pass": true,
              "fail": false,
              "pending": false,
              "context": null,
              "code": "findWidgetFlexibly(widgetTestId).then(($widget) => {\n  if ($widget.length === 0) {\n    cy.log(`Widget ${widgetName} not found - test will be skipped`);\n    cy.screenshot(`missing-widget-${widgetTestId}-security-change`);\n    expect(true).to.equal(true);\n    return;\n  }\n  const initialContent = $widget.text();\n  if (initialContent.trim().length === 0) {\n    cy.log(\n      `Widget ${widgetName} has no initial content - test will be skipped`\n    );\n    expect(true).to.equal(true);\n    return;\n  }\n  cy.setSecurityLevels(\n    SECURITY_LEVELS.LOW,\n    SECURITY_LEVELS.LOW,\n    SECURITY_LEVELS.LOW\n  );\n  cy.wait(1e3);\n  findWidgetFlexibly(widgetTestId).then(($lowWidget) => {\n    if ($lowWidget.length === 0) {\n      cy.log(\n        `Widget ${widgetName} disappeared after security level change - test will be skipped`\n      );\n      expect(true).to.equal(true);\n      return;\n    }\n    const lowContent = $lowWidget.text();\n    cy.setSecurityLevels(\n      SECURITY_LEVELS.HIGH,\n      SECURITY_LEVELS.HIGH,\n      SECURITY_LEVELS.HIGH\n    );\n    cy.wait(1e3);\n    findWidgetFlexibly(widgetTestId).then(($highWidget) => {\n      if ($highWidget.length === 0) {\n        cy.log(\n          `Widget ${widgetName} disappeared after high security level change - test will be skipped`\n        );\n        expect(true).to.equal(true);\n        return;\n      }\n      const highContent = $highWidget.text();\n      if (lowContent === highContent) {\n        cy.log(\n          `Warning: Content did not change between low and high security levels`\n        );\n      }\n      const contentChanged = initialContent !== lowContent || lowContent !== highContent;\n      expect(contentChanged, \"Content should change with security levels\").to.be.true;\n    });\n  });\n});",
              "err": {},
              "uuid": "85be6f33-8479-497a-b668-080d0835eef5",
              "parentUUID": "0d125e76-36be-4524-9bad-0c5927087b71",
              "isHook": false,
              "skipped": false
            },
            {
              "title": "supports widget-specific functionality",
              "fullTitle": "Availability Impact Widget Tests supports widget-specific functionality",
              "timedOut": null,
              "duration": 2094,
              "state": "passed",
              "speed": "fast",
              "pass": true,
              "fail": false,
              "pending": false,
              "context": null,
              "code": "findWidgetFlexibly(widgetTestId).then(($widget) => {\n  if ($widget.length === 0) {\n    cy.log(\n      `Widget ${widgetName} not found - specific test will be skipped`\n    );\n    cy.screenshot(`missing-widget-${widgetTestId}-specific`);\n    expect(true).to.equal(true);\n    return;\n  }\n  cy.wrap($widget.first()).as(\"currentWidget\");\n  try {\n    additionalTests2();\n  } catch (e) {\n    const errorMessage = e instanceof Error ? e.message : String(e);\n    cy.log(\n      `Error in additional tests for ${widgetName}: ${errorMessage}`\n    );\n    cy.screenshot(`error-${widgetName}-specific-test`);\n  }\n});",
              "err": {},
              "uuid": "e5c5d93a-917c-4aaf-999c-1d8b9228168a",
              "parentUUID": "0d125e76-36be-4524-9bad-0c5927087b71",
              "isHook": false,
              "skipped": false
            }
          ],
          "suites": [],
          "passes": [
            "c05cb81c-7692-4744-88e4-c79f3e1a3011",
            "85be6f33-8479-497a-b668-080d0835eef5",
            "e5c5d93a-917c-4aaf-999c-1d8b9228168a"
          ],
          "failures": [],
          "pending": [],
          "skipped": [],
          "duration": 11141,
          "root": false,
          "rootEmpty": false,
          "_timeout": 2000
        }
      ],
      "passes": [],
      "failures": [],
      "pending": [],
      "skipped": [],
      "duration": 0,
      "root": true,
      "rootEmpty": true,
      "_timeout": 2000
    },
    {
      "uuid": "3f8be163-cfe5-473c-9c66-0a2208336ecd",
      "title": "",
      "fullFile": "cypress/e2e/widgets/impactanalysis/confidentiality-impact.cy.ts",
      "file": "cypress/e2e/widgets/impactanalysis/confidentiality-impact.cy.ts",
      "beforeHooks": [],
      "afterHooks": [],
      "tests": [],
      "suites": [
        {
          "uuid": "d0b0e6d6-a200-49db-9743-5f1c5c8bb956",
          "title": "Confidentiality Impact Widget Tests",
          "fullFile": "",
          "file": "",
          "beforeHooks": [],
          "afterHooks": [],
          "tests": [
            {
              "title": "is visible and contains expected content",
              "fullTitle": "Confidentiality Impact Widget Tests is visible and contains expected content",
              "timedOut": null,
              "duration": 3130,
              "state": "passed",
              "speed": "fast",
              "pass": true,
              "fail": false,
              "pending": false,
              "context": null,
              "code": "findWidgetFlexibly(widgetTestId).then(($widget) => {\n  if ($widget.length === 0) {\n    cy.log(`Widget ${widgetName} not found - test will be skipped`);\n    cy.screenshot(`missing-widget-${widgetTestId}`);\n    expect(true).to.equal(true);\n    return;\n  }\n  const widgetText = $widget.text();\n  let foundPattern = false;\n  let matchedPattern = \"\";\n  contentPatterns2.forEach((pattern) => {\n    if (typeof pattern === \"string\") {\n      if (widgetText.includes(pattern)) {\n        foundPattern = true;\n        matchedPattern = pattern;\n      }\n    } else if (pattern.test(widgetText)) {\n      foundPattern = true;\n      matchedPattern = pattern.toString();\n    }\n  });\n  if (foundPattern) {\n    cy.log(`Found expected content pattern: ${matchedPattern}`);\n  } else {\n    cy.log(\n      `No expected content patterns found in widget text: ${widgetText.substring(\n        0,\n        100\n      )}...`\n    );\n  }\n  expect(\n    foundPattern,\n    `Widget should contain at least one expected content pattern`\n  ).to.be.true;\n  captureWidgetScreenshot($widget.first(), `${widgetTestId}-baseline`);\n});",
              "err": {},
              "uuid": "e4f5fef4-e450-4439-a25e-8abe883dcde7",
              "parentUUID": "d0b0e6d6-a200-49db-9743-5f1c5c8bb956",
              "isHook": false,
              "skipped": false
            },
            {
              "title": "updates content when security levels change",
              "fullTitle": "Confidentiality Impact Widget Tests updates content when security levels change",
              "timedOut": null,
              "duration": 5890,
              "state": "passed",
              "speed": "medium",
              "pass": true,
              "fail": false,
              "pending": false,
              "context": null,
              "code": "findWidgetFlexibly(widgetTestId).then(($widget) => {\n  if ($widget.length === 0) {\n    cy.log(`Widget ${widgetName} not found - test will be skipped`);\n    cy.screenshot(`missing-widget-${widgetTestId}-security-change`);\n    expect(true).to.equal(true);\n    return;\n  }\n  const initialContent = $widget.text();\n  if (initialContent.trim().length === 0) {\n    cy.log(\n      `Widget ${widgetName} has no initial content - test will be skipped`\n    );\n    expect(true).to.equal(true);\n    return;\n  }\n  cy.setSecurityLevels(\n    SECURITY_LEVELS.LOW,\n    SECURITY_LEVELS.LOW,\n    SECURITY_LEVELS.LOW\n  );\n  cy.wait(1e3);\n  findWidgetFlexibly(widgetTestId).then(($lowWidget) => {\n    if ($lowWidget.length === 0) {\n      cy.log(\n        `Widget ${widgetName} disappeared after security level change - test will be skipped`\n      );\n      expect(true).to.equal(true);\n      return;\n    }\n    const lowContent = $lowWidget.text();\n    cy.setSecurityLevels(\n      SECURITY_LEVELS.HIGH,\n      SECURITY_LEVELS.HIGH,\n      SECURITY_LEVELS.HIGH\n    );\n    cy.wait(1e3);\n    findWidgetFlexibly(widgetTestId).then(($highWidget) => {\n      if ($highWidget.length === 0) {\n        cy.log(\n          `Widget ${widgetName} disappeared after high security level change - test will be skipped`\n        );\n        expect(true).to.equal(true);\n        return;\n      }\n      const highContent = $highWidget.text();\n      if (lowContent === highContent) {\n        cy.log(\n          `Warning: Content did not change between low and high security levels`\n        );\n      }\n      const contentChanged = initialContent !== lowContent || lowContent !== highContent;\n      expect(contentChanged, \"Content should change with security levels\").to.be.true;\n    });\n  });\n});",
              "err": {},
              "uuid": "997f0174-4767-4252-9ff7-9e900e071e9a",
              "parentUUID": "d0b0e6d6-a200-49db-9743-5f1c5c8bb956",
              "isHook": false,
              "skipped": false
            },
            {
              "title": "supports widget-specific functionality",
              "fullTitle": "Confidentiality Impact Widget Tests supports widget-specific functionality",
              "timedOut": null,
              "duration": 2078,
              "state": "passed",
              "speed": "fast",
              "pass": true,
              "fail": false,
              "pending": false,
              "context": null,
              "code": "findWidgetFlexibly(widgetTestId).then(($widget) => {\n  if ($widget.length === 0) {\n    cy.log(\n      `Widget ${widgetName} not found - specific test will be skipped`\n    );\n    cy.screenshot(`missing-widget-${widgetTestId}-specific`);\n    expect(true).to.equal(true);\n    return;\n  }\n  cy.wrap($widget.first()).as(\"currentWidget\");\n  try {\n    additionalTests2();\n  } catch (e) {\n    const errorMessage = e instanceof Error ? e.message : String(e);\n    cy.log(\n      `Error in additional tests for ${widgetName}: ${errorMessage}`\n    );\n    cy.screenshot(`error-${widgetName}-specific-test`);\n  }\n});",
              "err": {},
              "uuid": "df6c4b01-97c6-4c24-bc34-694031eb7e95",
              "parentUUID": "d0b0e6d6-a200-49db-9743-5f1c5c8bb956",
              "isHook": false,
              "skipped": false
            }
          ],
          "suites": [],
          "passes": [
            "e4f5fef4-e450-4439-a25e-8abe883dcde7",
            "997f0174-4767-4252-9ff7-9e900e071e9a",
            "df6c4b01-97c6-4c24-bc34-694031eb7e95"
          ],
          "failures": [],
          "pending": [],
          "skipped": [],
          "duration": 11098,
          "root": false,
          "rootEmpty": false,
          "_timeout": 2000
        }
      ],
      "passes": [],
      "failures": [],
      "pending": [],
      "skipped": [],
      "duration": 0,
      "root": true,
      "rootEmpty": true,
      "_timeout": 2000
    },
    {
      "uuid": "1c1f4217-5b32-4941-9807-edb3f91b1b2b",
      "title": "",
      "fullFile": "cypress/e2e/widgets/impactanalysis/integrity-impact.cy.ts",
      "file": "cypress/e2e/widgets/impactanalysis/integrity-impact.cy.ts",
      "beforeHooks": [],
      "afterHooks": [],
      "tests": [],
      "suites": [
        {
          "uuid": "bc0e4d18-640b-4dfb-8a81-0c3c0bc509b5",
          "title": "Integrity Impact Widget Tests",
          "fullFile": "",
          "file": "",
          "beforeHooks": [],
          "afterHooks": [],
          "tests": [
            {
              "title": "is visible and contains expected content",
              "fullTitle": "Integrity Impact Widget Tests is visible and contains expected content",
              "timedOut": null,
              "duration": 3212,
              "state": "passed",
              "speed": "fast",
              "pass": true,
              "fail": false,
              "pending": false,
              "context": null,
              "code": "findWidgetFlexibly(widgetTestId).then(($widget) => {\n  if ($widget.length === 0) {\n    cy.log(`Widget ${widgetName} not found - test will be skipped`);\n    cy.screenshot(`missing-widget-${widgetTestId}`);\n    expect(true).to.equal(true);\n    return;\n  }\n  const widgetText = $widget.text();\n  let foundPattern = false;\n  let matchedPattern = \"\";\n  contentPatterns2.forEach((pattern) => {\n    if (typeof pattern === \"string\") {\n      if (widgetText.includes(pattern)) {\n        foundPattern = true;\n        matchedPattern = pattern;\n      }\n    } else if (pattern.test(widgetText)) {\n      foundPattern = true;\n      matchedPattern = pattern.toString();\n    }\n  });\n  if (foundPattern) {\n    cy.log(`Found expected content pattern: ${matchedPattern}`);\n  } else {\n    cy.log(\n      `No expected content patterns found in widget text: ${widgetText.substring(\n        0,\n        100\n      )}...`\n    );\n  }\n  expect(\n    foundPattern,\n    `Widget should contain at least one expected content pattern`\n  ).to.be.true;\n  captureWidgetScreenshot($widget.first(), `${widgetTestId}-baseline`);\n});",
              "err": {},
              "uuid": "0c480fb3-f608-406d-bbc4-e8df71b1801d",
              "parentUUID": "bc0e4d18-640b-4dfb-8a81-0c3c0bc509b5",
              "isHook": false,
              "skipped": false
            },
            {
              "title": "updates content when security levels change",
              "fullTitle": "Integrity Impact Widget Tests updates content when security levels change",
              "timedOut": null,
              "duration": 5872,
              "state": "passed",
              "speed": "medium",
              "pass": true,
              "fail": false,
              "pending": false,
              "context": null,
              "code": "findWidgetFlexibly(widgetTestId).then(($widget) => {\n  if ($widget.length === 0) {\n    cy.log(`Widget ${widgetName} not found - test will be skipped`);\n    cy.screenshot(`missing-widget-${widgetTestId}-security-change`);\n    expect(true).to.equal(true);\n    return;\n  }\n  const initialContent = $widget.text();\n  if (initialContent.trim().length === 0) {\n    cy.log(\n      `Widget ${widgetName} has no initial content - test will be skipped`\n    );\n    expect(true).to.equal(true);\n    return;\n  }\n  cy.setSecurityLevels(\n    SECURITY_LEVELS.LOW,\n    SECURITY_LEVELS.LOW,\n    SECURITY_LEVELS.LOW\n  );\n  cy.wait(1e3);\n  findWidgetFlexibly(widgetTestId).then(($lowWidget) => {\n    if ($lowWidget.length === 0) {\n      cy.log(\n        `Widget ${widgetName} disappeared after security level change - test will be skipped`\n      );\n      expect(true).to.equal(true);\n      return;\n    }\n    const lowContent = $lowWidget.text();\n    cy.setSecurityLevels(\n      SECURITY_LEVELS.HIGH,\n      SECURITY_LEVELS.HIGH,\n      SECURITY_LEVELS.HIGH\n    );\n    cy.wait(1e3);\n    findWidgetFlexibly(widgetTestId).then(($highWidget) => {\n      if ($highWidget.length === 0) {\n        cy.log(\n          `Widget ${widgetName} disappeared after high security level change - test will be skipped`\n        );\n        expect(true).to.equal(true);\n        return;\n      }\n      const highContent = $highWidget.text();\n      if (lowContent === highContent) {\n        cy.log(\n          `Warning: Content did not change between low and high security levels`\n        );\n      }\n      const contentChanged = initialContent !== lowContent || lowContent !== highContent;\n      expect(contentChanged, \"Content should change with security levels\").to.be.true;\n    });\n  });\n});",
              "err": {},
              "uuid": "7f9ca2c3-8a9c-4f0d-acf3-447481c5c765",
              "parentUUID": "bc0e4d18-640b-4dfb-8a81-0c3c0bc509b5",
              "isHook": false,
              "skipped": false
            },
            {
              "title": "supports widget-specific functionality",
              "fullTitle": "Integrity Impact Widget Tests supports widget-specific functionality",
              "timedOut": null,
              "duration": 2093,
              "state": "passed",
              "speed": "fast",
              "pass": true,
              "fail": false,
              "pending": false,
              "context": null,
              "code": "findWidgetFlexibly(widgetTestId).then(($widget) => {\n  if ($widget.length === 0) {\n    cy.log(\n      `Widget ${widgetName} not found - specific test will be skipped`\n    );\n    cy.screenshot(`missing-widget-${widgetTestId}-specific`);\n    expect(true).to.equal(true);\n    return;\n  }\n  cy.wrap($widget.first()).as(\"currentWidget\");\n  try {\n    additionalTests2();\n  } catch (e) {\n    const errorMessage = e instanceof Error ? e.message : String(e);\n    cy.log(\n      `Error in additional tests for ${widgetName}: ${errorMessage}`\n    );\n    cy.screenshot(`error-${widgetName}-specific-test`);\n  }\n});",
              "err": {},
              "uuid": "d32bb8da-a496-4ce3-a259-036846801ecc",
              "parentUUID": "bc0e4d18-640b-4dfb-8a81-0c3c0bc509b5",
              "isHook": false,
              "skipped": false
            }
          ],
          "suites": [],
          "passes": [
            "0c480fb3-f608-406d-bbc4-e8df71b1801d",
            "7f9ca2c3-8a9c-4f0d-acf3-447481c5c765",
            "d32bb8da-a496-4ce3-a259-036846801ecc"
          ],
          "failures": [],
          "pending": [],
          "skipped": [],
          "duration": 11177,
          "root": false,
          "rootEmpty": false,
          "_timeout": 2000
        }
      ],
      "passes": [],
      "failures": [],
      "pending": [],
      "skipped": [],
      "duration": 0,
      "root": true,
      "rootEmpty": true,
      "_timeout": 2000
    },
    {
      "uuid": "32a69e4a-ba65-4ead-adb9-4c6f863fe2fe",
      "title": "",
      "fullFile": "cypress/e2e/widgets/implementationguide/security-resources.cy.ts",
      "file": "cypress/e2e/widgets/implementationguide/security-resources.cy.ts",
      "beforeHooks": [],
      "afterHooks": [],
      "tests": [],
      "suites": [
        {
          "uuid": "c881fdd7-a4b1-4053-bf0c-68228ca3a69a",
          "title": "Security Resources Widget Tests",
          "fullFile": "",
          "file": "",
          "beforeHooks": [],
          "afterHooks": [],
          "tests": [
            {
              "title": "is visible and contains expected content",
              "fullTitle": "Security Resources Widget Tests is visible and contains expected content",
              "timedOut": null,
              "duration": 3208,
              "state": "passed",
              "speed": "fast",
              "pass": true,
              "fail": false,
              "pending": false,
              "context": null,
              "code": "findWidgetFlexibly(widgetTestId).then(($widget) => {\n  if ($widget.length === 0) {\n    cy.log(`Widget ${widgetName} not found - test will be skipped`);\n    cy.screenshot(`missing-widget-${widgetTestId}`);\n    expect(true).to.equal(true);\n    return;\n  }\n  const widgetText = $widget.text();\n  let foundPattern = false;\n  let matchedPattern = \"\";\n  contentPatterns2.forEach((pattern) => {\n    if (typeof pattern === \"string\") {\n      if (widgetText.includes(pattern)) {\n        foundPattern = true;\n        matchedPattern = pattern;\n      }\n    } else if (pattern.test(widgetText)) {\n      foundPattern = true;\n      matchedPattern = pattern.toString();\n    }\n  });\n  if (foundPattern) {\n    cy.log(`Found expected content pattern: ${matchedPattern}`);\n  } else {\n    cy.log(\n      `No expected content patterns found in widget text: ${widgetText.substring(\n        0,\n        100\n      )}...`\n    );\n  }\n  expect(\n    foundPattern,\n    `Widget should contain at least one expected content pattern`\n  ).to.be.true;\n  captureWidgetScreenshot($widget.first(), `${widgetTestId}-baseline`);\n});",
              "err": {},
              "uuid": "12b0af75-85b2-45af-bc9d-0b97a4e794ec",
              "parentUUID": "c881fdd7-a4b1-4053-bf0c-68228ca3a69a",
              "isHook": false,
              "skipped": false
            },
            {
              "title": "updates content when security levels change",
              "fullTitle": "Security Resources Widget Tests updates content when security levels change",
              "timedOut": null,
              "duration": 5878,
              "state": "passed",
              "speed": "medium",
              "pass": true,
              "fail": false,
              "pending": false,
              "context": null,
              "code": "findWidgetFlexibly(widgetTestId).then(($widget) => {\n  if ($widget.length === 0) {\n    cy.log(`Widget ${widgetName} not found - test will be skipped`);\n    cy.screenshot(`missing-widget-${widgetTestId}-security-change`);\n    expect(true).to.equal(true);\n    return;\n  }\n  const initialContent = $widget.text();\n  if (initialContent.trim().length === 0) {\n    cy.log(\n      `Widget ${widgetName} has no initial content - test will be skipped`\n    );\n    expect(true).to.equal(true);\n    return;\n  }\n  cy.setSecurityLevels(\n    SECURITY_LEVELS.LOW,\n    SECURITY_LEVELS.LOW,\n    SECURITY_LEVELS.LOW\n  );\n  cy.wait(1e3);\n  findWidgetFlexibly(widgetTestId).then(($lowWidget) => {\n    if ($lowWidget.length === 0) {\n      cy.log(\n        `Widget ${widgetName} disappeared after security level change - test will be skipped`\n      );\n      expect(true).to.equal(true);\n      return;\n    }\n    const lowContent = $lowWidget.text();\n    cy.setSecurityLevels(\n      SECURITY_LEVELS.HIGH,\n      SECURITY_LEVELS.HIGH,\n      SECURITY_LEVELS.HIGH\n    );\n    cy.wait(1e3);\n    findWidgetFlexibly(widgetTestId).then(($highWidget) => {\n      if ($highWidget.length === 0) {\n        cy.log(\n          `Widget ${widgetName} disappeared after high security level change - test will be skipped`\n        );\n        expect(true).to.equal(true);\n        return;\n      }\n      const highContent = $highWidget.text();\n      if (lowContent === highContent) {\n        cy.log(\n          `Warning: Content did not change between low and high security levels`\n        );\n      }\n      const contentChanged = initialContent !== lowContent || lowContent !== highContent;\n      expect(contentChanged, \"Content should change with security levels\").to.be.true;\n    });\n  });\n});",
              "err": {},
              "uuid": "2070a251-1ea3-4ef1-bd4e-7290193c566f",
              "parentUUID": "c881fdd7-a4b1-4053-bf0c-68228ca3a69a",
              "isHook": false,
              "skipped": false
            },
            {
              "title": "supports widget-specific functionality",
              "fullTitle": "Security Resources Widget Tests supports widget-specific functionality",
              "timedOut": null,
              "duration": 2093,
              "state": "passed",
              "speed": "fast",
              "pass": true,
              "fail": false,
              "pending": false,
              "context": null,
              "code": "findWidgetFlexibly(widgetTestId).then(($widget) => {\n  if ($widget.length === 0) {\n    cy.log(\n      `Widget ${widgetName} not found - specific test will be skipped`\n    );\n    cy.screenshot(`missing-widget-${widgetTestId}-specific`);\n    expect(true).to.equal(true);\n    return;\n  }\n  cy.wrap($widget.first()).as(\"currentWidget\");\n  try {\n    additionalTests2();\n  } catch (e) {\n    const errorMessage = e instanceof Error ? e.message : String(e);\n    cy.log(\n      `Error in additional tests for ${widgetName}: ${errorMessage}`\n    );\n    cy.screenshot(`error-${widgetName}-specific-test`);\n  }\n});",
              "err": {},
              "uuid": "caf6ea89-89db-439b-92ec-937946ab5504",
              "parentUUID": "c881fdd7-a4b1-4053-bf0c-68228ca3a69a",
              "isHook": false,
              "skipped": false
            }
          ],
          "suites": [],
          "passes": [
            "12b0af75-85b2-45af-bc9d-0b97a4e794ec",
            "2070a251-1ea3-4ef1-bd4e-7290193c566f",
            "caf6ea89-89db-439b-92ec-937946ab5504"
          ],
          "failures": [],
          "pending": [],
          "skipped": [],
          "duration": 11179,
          "root": false,
          "rootEmpty": false,
          "_timeout": 2000
        }
      ],
      "passes": [],
      "failures": [],
      "pending": [],
      "skipped": [],
      "duration": 0,
      "root": true,
      "rootEmpty": true,
      "_timeout": 2000
    },
    {
      "uuid": "e0164490-77f9-4611-b9cb-e560bef53964",
      "title": "",
      "fullFile": "cypress/e2e/widgets/implementationguide/security-visualization.cy.ts",
      "file": "cypress/e2e/widgets/implementationguide/security-visualization.cy.ts",
      "beforeHooks": [],
      "afterHooks": [],
      "tests": [],
      "suites": [
        {
          "uuid": "72030200-c42d-43ec-9a9a-dd77e3803fa7",
          "title": "Security Visualization Widget Tests",
          "fullFile": "",
          "file": "",
          "beforeHooks": [],
          "afterHooks": [],
          "tests": [
            {
              "title": "is visible and contains expected content",
              "fullTitle": "Security Visualization Widget Tests is visible and contains expected content",
              "timedOut": null,
              "duration": 3180,
              "state": "passed",
              "speed": "fast",
              "pass": true,
              "fail": false,
              "pending": false,
              "context": null,
              "code": "findWidgetFlexibly(widgetTestId).then(($widget) => {\n  if ($widget.length === 0) {\n    cy.log(`Widget ${widgetName} not found - test will be skipped`);\n    cy.screenshot(`missing-widget-${widgetTestId}`);\n    expect(true).to.equal(true);\n    return;\n  }\n  const widgetText = $widget.text();\n  let foundPattern = false;\n  let matchedPattern = \"\";\n  contentPatterns2.forEach((pattern) => {\n    if (typeof pattern === \"string\") {\n      if (widgetText.includes(pattern)) {\n        foundPattern = true;\n        matchedPattern = pattern;\n      }\n    } else if (pattern.test(widgetText)) {\n      foundPattern = true;\n      matchedPattern = pattern.toString();\n    }\n  });\n  if (foundPattern) {\n    cy.log(`Found expected content pattern: ${matchedPattern}`);\n  } else {\n    cy.log(\n      `No expected content patterns found in widget text: ${widgetText.substring(\n        0,\n        100\n      )}...`\n    );\n  }\n  expect(\n    foundPattern,\n    `Widget should contain at least one expected content pattern`\n  ).to.be.true;\n  captureWidgetScreenshot($widget.first(), `${widgetTestId}-baseline`);\n});",
              "err": {},
              "uuid": "c1e319f5-74d1-455b-af53-9e5582433476",
              "parentUUID": "72030200-c42d-43ec-9a9a-dd77e3803fa7",
              "isHook": false,
              "skipped": false
            },
            {
              "title": "updates content when security levels change",
              "fullTitle": "Security Visualization Widget Tests updates content when security levels change",
              "timedOut": null,
              "duration": 5877,
              "state": "passed",
              "speed": "medium",
              "pass": true,
              "fail": false,
              "pending": false,
              "context": null,
              "code": "findWidgetFlexibly(widgetTestId).then(($widget) => {\n  if ($widget.length === 0) {\n    cy.log(`Widget ${widgetName} not found - test will be skipped`);\n    cy.screenshot(`missing-widget-${widgetTestId}-security-change`);\n    expect(true).to.equal(true);\n    return;\n  }\n  const initialContent = $widget.text();\n  if (initialContent.trim().length === 0) {\n    cy.log(\n      `Widget ${widgetName} has no initial content - test will be skipped`\n    );\n    expect(true).to.equal(true);\n    return;\n  }\n  cy.setSecurityLevels(\n    SECURITY_LEVELS.LOW,\n    SECURITY_LEVELS.LOW,\n    SECURITY_LEVELS.LOW\n  );\n  cy.wait(1e3);\n  findWidgetFlexibly(widgetTestId).then(($lowWidget) => {\n    if ($lowWidget.length === 0) {\n      cy.log(\n        `Widget ${widgetName} disappeared after security level change - test will be skipped`\n      );\n      expect(true).to.equal(true);\n      return;\n    }\n    const lowContent = $lowWidget.text();\n    cy.setSecurityLevels(\n      SECURITY_LEVELS.HIGH,\n      SECURITY_LEVELS.HIGH,\n      SECURITY_LEVELS.HIGH\n    );\n    cy.wait(1e3);\n    findWidgetFlexibly(widgetTestId).then(($highWidget) => {\n      if ($highWidget.length === 0) {\n        cy.log(\n          `Widget ${widgetName} disappeared after high security level change - test will be skipped`\n        );\n        expect(true).to.equal(true);\n        return;\n      }\n      const highContent = $highWidget.text();\n      if (lowContent === highContent) {\n        cy.log(\n          `Warning: Content did not change between low and high security levels`\n        );\n      }\n      const contentChanged = initialContent !== lowContent || lowContent !== highContent;\n      expect(contentChanged, \"Content should change with security levels\").to.be.true;\n    });\n  });\n});",
              "err": {},
              "uuid": "3b89a28f-ce7e-4d4e-894b-cd8deaff5d04",
              "parentUUID": "72030200-c42d-43ec-9a9a-dd77e3803fa7",
              "isHook": false,
              "skipped": false
            },
            {
              "title": "supports widget-specific functionality",
              "fullTitle": "Security Visualization Widget Tests supports widget-specific functionality",
              "timedOut": null,
              "duration": 2081,
              "state": "passed",
              "speed": "fast",
              "pass": true,
              "fail": false,
              "pending": false,
              "context": null,
              "code": "findWidgetFlexibly(widgetTestId).then(($widget) => {\n  if ($widget.length === 0) {\n    cy.log(\n      `Widget ${widgetName} not found - specific test will be skipped`\n    );\n    cy.screenshot(`missing-widget-${widgetTestId}-specific`);\n    expect(true).to.equal(true);\n    return;\n  }\n  cy.wrap($widget.first()).as(\"currentWidget\");\n  try {\n    additionalTests2();\n  } catch (e) {\n    const errorMessage = e instanceof Error ? e.message : String(e);\n    cy.log(\n      `Error in additional tests for ${widgetName}: ${errorMessage}`\n    );\n    cy.screenshot(`error-${widgetName}-specific-test`);\n  }\n});",
              "err": {},
              "uuid": "79c85988-9b1f-4ea3-b2b3-c71bf84dd53f",
              "parentUUID": "72030200-c42d-43ec-9a9a-dd77e3803fa7",
              "isHook": false,
              "skipped": false
            }
          ],
          "suites": [],
          "passes": [
            "c1e319f5-74d1-455b-af53-9e5582433476",
            "3b89a28f-ce7e-4d4e-894b-cd8deaff5d04",
            "79c85988-9b1f-4ea3-b2b3-c71bf84dd53f"
          ],
          "failures": [],
          "pending": [],
          "skipped": [],
          "duration": 11138,
          "root": false,
          "rootEmpty": false,
          "_timeout": 2000
        }
      ],
      "passes": [],
      "failures": [],
      "pending": [],
      "skipped": [],
      "duration": 0,
      "root": true,
      "rootEmpty": true,
      "_timeout": 2000
    },
    {
      "uuid": "b5c04f65-f537-4576-811a-0d3c71fe8e5e",
      "title": "",
      "fullFile": "cypress/e2e/widgets/implementationguide/technical-details.cy.ts",
      "file": "cypress/e2e/widgets/implementationguide/technical-details.cy.ts",
      "beforeHooks": [],
      "afterHooks": [],
      "tests": [],
      "suites": [
        {
          "uuid": "03288df8-a3da-4fec-babc-10fb010d0c92",
          "title": "Technical Details Widget Tests",
          "fullFile": "",
          "file": "",
          "beforeHooks": [],
          "afterHooks": [],
          "tests": [
            {
              "title": "is visible and contains expected content",
              "fullTitle": "Technical Details Widget Tests is visible and contains expected content",
              "timedOut": null,
              "duration": 3178,
              "state": "passed",
              "speed": "fast",
              "pass": true,
              "fail": false,
              "pending": false,
              "context": null,
              "code": "findWidgetFlexibly(widgetTestId).then(($widget) => {\n  if ($widget.length === 0) {\n    cy.log(`Widget ${widgetName} not found - test will be skipped`);\n    cy.screenshot(`missing-widget-${widgetTestId}`);\n    expect(true).to.equal(true);\n    return;\n  }\n  const widgetText = $widget.text();\n  let foundPattern = false;\n  let matchedPattern = \"\";\n  contentPatterns2.forEach((pattern) => {\n    if (typeof pattern === \"string\") {\n      if (widgetText.includes(pattern)) {\n        foundPattern = true;\n        matchedPattern = pattern;\n      }\n    } else if (pattern.test(widgetText)) {\n      foundPattern = true;\n      matchedPattern = pattern.toString();\n    }\n  });\n  if (foundPattern) {\n    cy.log(`Found expected content pattern: ${matchedPattern}`);\n  } else {\n    cy.log(\n      `No expected content patterns found in widget text: ${widgetText.substring(\n        0,\n        100\n      )}...`\n    );\n  }\n  expect(\n    foundPattern,\n    `Widget should contain at least one expected content pattern`\n  ).to.be.true;\n  captureWidgetScreenshot($widget.first(), `${widgetTestId}-baseline`);\n});",
              "err": {},
              "uuid": "4c70bc5d-1f6e-4cdb-bc16-a97611af92c9",
              "parentUUID": "03288df8-a3da-4fec-babc-10fb010d0c92",
              "isHook": false,
              "skipped": false
            },
            {
              "title": "updates content when security levels change",
              "fullTitle": "Technical Details Widget Tests updates content when security levels change",
              "timedOut": null,
              "duration": 5897,
              "state": "passed",
              "speed": "medium",
              "pass": true,
              "fail": false,
              "pending": false,
              "context": null,
              "code": "findWidgetFlexibly(widgetTestId).then(($widget) => {\n  if ($widget.length === 0) {\n    cy.log(`Widget ${widgetName} not found - test will be skipped`);\n    cy.screenshot(`missing-widget-${widgetTestId}-security-change`);\n    expect(true).to.equal(true);\n    return;\n  }\n  const initialContent = $widget.text();\n  if (initialContent.trim().length === 0) {\n    cy.log(\n      `Widget ${widgetName} has no initial content - test will be skipped`\n    );\n    expect(true).to.equal(true);\n    return;\n  }\n  cy.setSecurityLevels(\n    SECURITY_LEVELS.LOW,\n    SECURITY_LEVELS.LOW,\n    SECURITY_LEVELS.LOW\n  );\n  cy.wait(1e3);\n  findWidgetFlexibly(widgetTestId).then(($lowWidget) => {\n    if ($lowWidget.length === 0) {\n      cy.log(\n        `Widget ${widgetName} disappeared after security level change - test will be skipped`\n      );\n      expect(true).to.equal(true);\n      return;\n    }\n    const lowContent = $lowWidget.text();\n    cy.setSecurityLevels(\n      SECURITY_LEVELS.HIGH,\n      SECURITY_LEVELS.HIGH,\n      SECURITY_LEVELS.HIGH\n    );\n    cy.wait(1e3);\n    findWidgetFlexibly(widgetTestId).then(($highWidget) => {\n      if ($highWidget.length === 0) {\n        cy.log(\n          `Widget ${widgetName} disappeared after high security level change - test will be skipped`\n        );\n        expect(true).to.equal(true);\n        return;\n      }\n      const highContent = $highWidget.text();\n      if (lowContent === highContent) {\n        cy.log(\n          `Warning: Content did not change between low and high security levels`\n        );\n      }\n      const contentChanged = initialContent !== lowContent || lowContent !== highContent;\n      expect(contentChanged, \"Content should change with security levels\").to.be.true;\n    });\n  });\n});",
              "err": {},
              "uuid": "14b49afb-70b5-41b9-bde9-cf8dc98a6a26",
              "parentUUID": "03288df8-a3da-4fec-babc-10fb010d0c92",
              "isHook": false,
              "skipped": false
            },
            {
              "title": "supports widget-specific functionality",
              "fullTitle": "Technical Details Widget Tests supports widget-specific functionality",
              "timedOut": null,
              "duration": 2080,
              "state": "passed",
              "speed": "fast",
              "pass": true,
              "fail": false,
              "pending": false,
              "context": null,
              "code": "findWidgetFlexibly(widgetTestId).then(($widget) => {\n  if ($widget.length === 0) {\n    cy.log(\n      `Widget ${widgetName} not found - specific test will be skipped`\n    );\n    cy.screenshot(`missing-widget-${widgetTestId}-specific`);\n    expect(true).to.equal(true);\n    return;\n  }\n  cy.wrap($widget.first()).as(\"currentWidget\");\n  try {\n    additionalTests2();\n  } catch (e) {\n    const errorMessage = e instanceof Error ? e.message : String(e);\n    cy.log(\n      `Error in additional tests for ${widgetName}: ${errorMessage}`\n    );\n    cy.screenshot(`error-${widgetName}-specific-test`);\n  }\n});",
              "err": {},
              "uuid": "67ba96be-ddad-40c8-baf6-5d26af6c03f3",
              "parentUUID": "03288df8-a3da-4fec-babc-10fb010d0c92",
              "isHook": false,
              "skipped": false
            }
          ],
          "suites": [],
          "passes": [
            "4c70bc5d-1f6e-4cdb-bc16-a97611af92c9",
            "14b49afb-70b5-41b9-bde9-cf8dc98a6a26",
            "67ba96be-ddad-40c8-baf6-5d26af6c03f3"
          ],
          "failures": [],
          "pending": [],
          "skipped": [],
          "duration": 11155,
          "root": false,
          "rootEmpty": false,
          "_timeout": 2000
        }
      ],
      "passes": [],
      "failures": [],
      "pending": [],
      "skipped": [],
      "duration": 0,
      "root": true,
      "rootEmpty": true,
      "_timeout": 2000
    }
  ],
  "meta": {
    "mocha": {
      "version": "7.2.0"
    },
    "mochawesome": {
      "options": {
        "quiet": false,
        "reportFilename": "mochawesome",
        "saveHtml": true,
        "saveJson": true,
        "consoleReporter": "spec",
        "useInlineDiffs": false,
        "code": true
      },
      "version": "7.1.3"
    },
    "marge": {
      "options": {
        "id": "default",
        "reportDir": "docs/cypress/mochawesome",
        "overwrite": false,
        "html": true,
        "json": true,
        "code": true,
        "timestamp": "mmddyyyy_HHMMss",
        "charts": true,
        "showHooks": "failed",
        "embeddedScreenshots": true
      },
      "version": "6.2.0"
    }
  }
}