{
  "stats": {
    "suites": 25,
    "tests": 227,
    "passes": 227,
    "pending": 0,
    "failures": 0,
    "testsRegistered": 227,
    "passPercent": 100,
    "pendingPercent": 0,
    "other": 0,
    "hasOther": false,
    "skipped": 0,
    "hasSkipped": false,
    "start": "2026-08-26T20:52:56.038Z",
    "end": "2026-08-26T21:02:50.288Z",
    "duration": 594250
  },
  "results": [
    {
      "uuid": "c9592a20-de1c-4adf-a9f2-a19c1e7af9ee",
      "title": "",
      "fullFile": "cypress/e2e/accessibility.cy.ts",
      "file": "cypress/e2e/accessibility.cy.ts",
      "beforeHooks": [],
      "afterHooks": [],
      "tests": [],
      "suites": [
        {
          "uuid": "94f881e5-d6b7-4a96-a11a-6691c2389a51",
          "title": "Accessibility - WCAG 2.1 AA Compliance",
          "fullFile": "",
          "file": "",
          "beforeHooks": [],
          "afterHooks": [],
          "tests": [],
          "suites": [
            {
              "uuid": "ab8a5d7c-ce30-4099-a1cb-9db0f13bb1f1",
              "title": "Page Structure and Landmarks",
              "fullFile": "",
              "file": "",
              "beforeHooks": [],
              "afterHooks": [],
              "tests": [
                {
                  "title": "should have a valid HTML document structure",
                  "fullTitle": "Accessibility - WCAG 2.1 AA Compliance Page Structure and Landmarks should have a valid HTML document structure",
                  "timedOut": null,
                  "duration": 2046,
                  "state": "passed",
                  "speed": "fast",
                  "pass": true,
                  "fail": false,
                  "pending": false,
                  "context": null,
                  "code": "// Check for html lang attribute\ncy.get('html').should('have.attr', 'lang');\n// Verify document has a title\ncy.title().should('not.be.empty');",
                  "err": {},
                  "uuid": "3b4c4543-dba4-4a05-8202-ee86a4b6e197",
                  "parentUUID": "ab8a5d7c-ce30-4099-a1cb-9db0f13bb1f1",
                  "isHook": false,
                  "skipped": false
                },
                {
                  "title": "should have proper landmark regions",
                  "fullTitle": "Accessibility - WCAG 2.1 AA Compliance Page Structure and Landmarks should have proper landmark regions",
                  "timedOut": null,
                  "duration": 783,
                  "state": "passed",
                  "speed": "fast",
                  "pass": true,
                  "fail": false,
                  "pending": false,
                  "context": null,
                  "code": "// Main content should be present\ncy.get('body').then(($body) => {\n    const hasMain = $body.find('main, [role=\"main\"]').length > 0;\n    if (hasMain) {\n        cy.get('main, [role=\"main\"]').should('exist');\n        cy.log('Found main landmark region');\n    }\n    else {\n        // If no main element, at least check page rendered\n        cy.get('body').should('not.be.empty');\n        cy.log('No main landmark - page rendered without main element');\n    }\n});",
                  "err": {},
                  "uuid": "4d7964db-af26-4e78-a68d-a6ef5a2ef2a9",
                  "parentUUID": "ab8a5d7c-ce30-4099-a1cb-9db0f13bb1f1",
                  "isHook": false,
                  "skipped": false
                },
                {
                  "title": "should have a logical heading hierarchy",
                  "fullTitle": "Accessibility - WCAG 2.1 AA Compliance Page Structure and Landmarks should have a logical heading hierarchy",
                  "timedOut": null,
                  "duration": 643,
                  "state": "passed",
                  "speed": "fast",
                  "pass": true,
                  "fail": false,
                  "pending": false,
                  "context": null,
                  "code": "// Check if any headings exist\ncy.get('body').then(($body) => {\n    const headings = $body.find('h1, h2, h3, h4, h5, h6');\n    if (headings.length > 0) {\n        // Verify heading hierarchy follows WCAG guidelines\n        // - Should start with h1 (if present)\n        // - When increasing depth, should not skip levels (e.g., h1 to h3 is invalid)\n        // - Can decrease to any previous level (e.g., h4 back to h2 is valid)\n        const headingLevels = headings.toArray().map(h => parseInt(h.tagName.charAt(1)));\n        // Check if first heading is h1 (recommended but not required)\n        if (headingLevels[0] > 1) {\n            cy.log(`Warning: First heading is h${headingLevels[0]}, recommend starting with h1`);\n        }\n        // Check for skipped levels when increasing depth\n        for (let i = 1; i < headingLevels.length; i++) {\n            const prev = headingLevels[i - 1];\n            const curr = headingLevels[i];\n            const diff = curr - prev;\n            // Only validate when going deeper (increasing heading number)\n            if (diff > 1) {\n                // This violates WCAG - you can't skip heading levels going deeper\n                cy.log(`Warning: Heading hierarchy skips from h${prev} to h${curr} at index ${i}`);\n                // Don't fail the test, just warn - allows for flexible page structures\n            }\n        }\n        cy.log(`Heading hierarchy check complete - found ${headingLevels.length} headings`);\n    }\n    else {\n        // Skip if no headings found (app may not have loaded)\n        cy.log('No headings found - skipping hierarchy check');\n    }\n});",
                  "err": {},
                  "uuid": "3024f934-3887-4840-bb0b-1641439bdb2d",
                  "parentUUID": "ab8a5d7c-ce30-4099-a1cb-9db0f13bb1f1",
                  "isHook": false,
                  "skipped": false
                }
              ],
              "suites": [],
              "passes": [
                "3b4c4543-dba4-4a05-8202-ee86a4b6e197",
                "4d7964db-af26-4e78-a68d-a6ef5a2ef2a9",
                "3024f934-3887-4840-bb0b-1641439bdb2d"
              ],
              "failures": [],
              "pending": [],
              "skipped": [],
              "duration": 3472,
              "root": false,
              "rootEmpty": false,
              "_timeout": 2000
            },
            {
              "uuid": "859da9ac-ee1d-4884-9c80-5ac8d12d6463",
              "title": "Keyboard Navigation - Global",
              "fullFile": "",
              "file": "",
              "beforeHooks": [],
              "afterHooks": [],
              "tests": [
                {
                  "title": "should allow tabbing through all interactive elements",
                  "fullTitle": "Accessibility - WCAG 2.1 AA Compliance Keyboard Navigation - Global should allow tabbing through all interactive elements",
                  "timedOut": null,
                  "duration": 1125,
                  "state": "passed",
                  "speed": "fast",
                  "pass": true,
                  "fail": false,
                  "pending": false,
                  "context": null,
                  "code": "// Get all focusable elements\nconst focusableSelectors = 'a, button, input, select, textarea, [tabindex]:not([tabindex=\"-1\"])';\ncy.get(focusableSelectors).first().focus();\ncy.focused().should('exist');\n// Tab through some elements\ncy.realPress('Tab');\ncy.focused().should('exist');\ncy.realPress('Tab');\ncy.focused().should('exist');",
                  "err": {},
                  "uuid": "2e6ca340-9cf0-43f2-93c4-a8eb5c45d816",
                  "parentUUID": "859da9ac-ee1d-4884-9c80-5ac8d12d6463",
                  "isHook": false,
                  "skipped": false
                },
                {
                  "title": "should show visible focus indicators",
                  "fullTitle": "Accessibility - WCAG 2.1 AA Compliance Keyboard Navigation - Global should show visible focus indicators",
                  "timedOut": null,
                  "duration": 701,
                  "state": "passed",
                  "speed": "fast",
                  "pass": true,
                  "fail": false,
                  "pending": false,
                  "context": null,
                  "code": "// Focus first interactive element\ncy.get('button').first().focus();\n// Check that focused element has visible styling\ncy.focused().should('be.visible');\ncy.focused().should('have.css', 'outline').and('not.equal', 'none');",
                  "err": {},
                  "uuid": "82447370-fa4f-4b08-b892-4667b64c58aa",
                  "parentUUID": "859da9ac-ee1d-4884-9c80-5ac8d12d6463",
                  "isHook": false,
                  "skipped": false
                },
                {
                  "title": "should support Shift+Tab for backward navigation",
                  "fullTitle": "Accessibility - WCAG 2.1 AA Compliance Keyboard Navigation - Global should support Shift+Tab for backward navigation",
                  "timedOut": null,
                  "duration": 938,
                  "state": "passed",
                  "speed": "fast",
                  "pass": true,
                  "fail": false,
                  "pending": false,
                  "context": null,
                  "code": "// Focus on an element in the middle\ncy.get('button').eq(2).focus();\nconst initialElement = cy.focused();\n// Press Shift+Tab\ncy.realPress(['Shift', 'Tab']);\n// Should focus previous element\ncy.focused().should('not.equal', initialElement);",
                  "err": {},
                  "uuid": "f6956581-634d-42aa-ad4d-6d83ce4b4a22",
                  "parentUUID": "859da9ac-ee1d-4884-9c80-5ac8d12d6463",
                  "isHook": false,
                  "skipped": false
                }
              ],
              "suites": [],
              "passes": [
                "2e6ca340-9cf0-43f2-93c4-a8eb5c45d816",
                "82447370-fa4f-4b08-b892-4667b64c58aa",
                "f6956581-634d-42aa-ad4d-6d83ce4b4a22"
              ],
              "failures": [],
              "pending": [],
              "skipped": [],
              "duration": 2764,
              "root": false,
              "rootEmpty": false,
              "_timeout": 2000
            },
            {
              "uuid": "fe419abd-0f0f-4b63-9a38-72e03413a99c",
              "title": "SecuritySummaryWidget - Accessibility",
              "fullFile": "",
              "file": "",
              "beforeHooks": [],
              "afterHooks": [],
              "tests": [
                {
                  "title": "should have accessible tab navigation with ARIA attributes",
                  "fullTitle": "Accessibility - WCAG 2.1 AA Compliance SecuritySummaryWidget - Accessibility should have accessible tab navigation with ARIA attributes",
                  "timedOut": null,
                  "duration": 753,
                  "state": "passed",
                  "speed": "fast",
                  "pass": true,
                  "fail": false,
                  "pending": false,
                  "context": null,
                  "code": "// Check if widget exists, otherwise skip\ncy.get('body').then(($body) => {\n    if ($body.find('[role=\"tablist\"]').length > 0) {\n        cy.get('[role=\"tablist\"]').first().within(() => {\n            // Verify tabs have proper ARIA attributes\n            cy.get('[role=\"tab\"]').each(($tab) => {\n                // Each tab should have aria-selected\n                cy.wrap($tab).should('have.attr', 'aria-selected');\n                // Each tab should control a panel\n                cy.wrap($tab).should('have.attr', 'aria-controls');\n            });\n            // Verify exactly one tab is selected\n            cy.get('[role=\"tab\"][aria-selected=\"true\"]').should('have.length.at.least', 1);\n        });\n        // Verify tab panels exist\n        cy.get('[role=\"tabpanel\"]').should('exist');\n    }\n    else {\n        cy.log('No tab widgets found - skipping tab ARIA check');\n    }\n});",
                  "err": {},
                  "uuid": "ae7ab979-fccf-4a14-97da-c6be7767199d",
                  "parentUUID": "fe419abd-0f0f-4b63-9a38-72e03413a99c",
                  "isHook": false,
                  "skipped": false
                },
                {
                  "title": "should support keyboard navigation through tabs",
                  "fullTitle": "Accessibility - WCAG 2.1 AA Compliance SecuritySummaryWidget - Accessibility should support keyboard navigation through tabs",
                  "timedOut": null,
                  "duration": 608,
                  "state": "passed",
                  "speed": "fast",
                  "pass": true,
                  "fail": false,
                  "pending": false,
                  "context": null,
                  "code": "// Check if tabs exist\ncy.get('body').then(($body) => {\n    if ($body.find('[role=\"tab\"]').length > 1) {\n        // Focus first tab\n        cy.get('[role=\"tab\"]').first().focus();\n        cy.focused().should('exist');\n        // Test basic arrow key navigation exists (implementation may vary)\n        cy.focused().trigger('keydown', { key: 'ArrowRight' });\n        cy.focused().should('exist');\n    }\n    else {\n        cy.log('Not enough tabs found for keyboard navigation test');\n    }\n});",
                  "err": {},
                  "uuid": "4fa8096b-9e94-4959-82c3-5a543a7ccffb",
                  "parentUUID": "fe419abd-0f0f-4b63-9a38-72e03413a99c",
                  "isHook": false,
                  "skipped": false
                },
                {
                  "title": "should have accessible labels and descriptions",
                  "fullTitle": "Accessibility - WCAG 2.1 AA Compliance SecuritySummaryWidget - Accessibility should have accessible labels and descriptions",
                  "timedOut": null,
                  "duration": 671,
                  "state": "passed",
                  "speed": "fast",
                  "pass": true,
                  "fail": false,
                  "pending": false,
                  "context": null,
                  "code": "// Check for any widgets with ARIA labels/regions\ncy.get('body').then(($body) => {\n    const hasRegions = $body.find('[role=\"region\"]').length > 0;\n    const hasAriaAttrs = $body.find('[aria-label], [aria-labelledby], [aria-describedby]').length > 0;\n    if (hasRegions) {\n        cy.get('[role=\"region\"]').should('exist');\n        cy.log('Found ARIA regions with proper accessibility');\n    }\n    else if (hasAriaAttrs) {\n        cy.get('[aria-label], [aria-labelledby], [aria-describedby]').should('exist');\n        cy.log('Found elements with ARIA labels/descriptions');\n    }\n    else {\n        cy.log('No ARIA regions or labels found - page may be in loading state');\n    }\n});",
                  "err": {},
                  "uuid": "1ab3cfe2-3f47-4e7b-8379-db352af4464d",
                  "parentUUID": "fe419abd-0f0f-4b63-9a38-72e03413a99c",
                  "isHook": false,
                  "skipped": false
                },
                {
                  "title": "should announce dynamic changes to screen readers",
                  "fullTitle": "Accessibility - WCAG 2.1 AA Compliance SecuritySummaryWidget - Accessibility should announce dynamic changes to screen readers",
                  "timedOut": null,
                  "duration": 696,
                  "state": "passed",
                  "speed": "fast",
                  "pass": true,
                  "fail": false,
                  "pending": false,
                  "context": null,
                  "code": "// Check for live regions in the page\ncy.get('body').then(($body) => {\n    const hasLiveRegions = $body.find('[aria-live], [role=\"status\"], [role=\"alert\"]').length > 0;\n    if (hasLiveRegions) {\n        cy.get('[aria-live], [role=\"status\"], [role=\"alert\"]').should('exist');\n    }\n    else {\n        cy.log('No live regions found - may not be needed for current page state');\n    }\n});",
                  "err": {},
                  "uuid": "4c8586bb-7b81-4ee1-b31d-53fe58478b49",
                  "parentUUID": "fe419abd-0f0f-4b63-9a38-72e03413a99c",
                  "isHook": false,
                  "skipped": false
                },
                {
                  "title": "should hide decorative elements from screen readers",
                  "fullTitle": "Accessibility - WCAG 2.1 AA Compliance SecuritySummaryWidget - Accessibility should hide decorative elements from screen readers",
                  "timedOut": null,
                  "duration": 809,
                  "state": "passed",
                  "speed": "fast",
                  "pass": true,
                  "fail": false,
                  "pending": false,
                  "context": null,
                  "code": "// Check if any decorative elements are properly hidden\ncy.get('body').then(($body) => {\n    const decorative = $body.find('[aria-hidden=\"true\"]');\n    if (decorative.length > 0) {\n        cy.get('[aria-hidden=\"true\"]').should('exist');\n        cy.log(`Found ${decorative.length} decorative elements properly hidden`);\n    }\n    else {\n        cy.log('No explicitly decorative elements found (or none marked)');\n    }\n});",
                  "err": {},
                  "uuid": "7079a064-6096-4a8b-8794-306c3e63da89",
                  "parentUUID": "fe419abd-0f0f-4b63-9a38-72e03413a99c",
                  "isHook": false,
                  "skipped": false
                }
              ],
              "suites": [],
              "passes": [
                "ae7ab979-fccf-4a14-97da-c6be7767199d",
                "4fa8096b-9e94-4959-82c3-5a543a7ccffb",
                "1ab3cfe2-3f47-4e7b-8379-db352af4464d",
                "4c8586bb-7b81-4ee1-b31d-53fe58478b49",
                "7079a064-6096-4a8b-8794-306c3e63da89"
              ],
              "failures": [],
              "pending": [],
              "skipped": [],
              "duration": 3537,
              "root": false,
              "rootEmpty": false,
              "_timeout": 2000
            },
            {
              "uuid": "692adf37-ba4d-4b02-b8d8-6fa531e28067",
              "title": "Form Elements - Accessibility",
              "fullFile": "",
              "file": "",
              "beforeHooks": [],
              "afterHooks": [],
              "tests": [
                {
                  "title": "should have labels for all form inputs",
                  "fullTitle": "Accessibility - WCAG 2.1 AA Compliance Form Elements - Accessibility should have labels for all form inputs",
                  "timedOut": null,
                  "duration": 780,
                  "state": "passed",
                  "speed": "fast",
                  "pass": true,
                  "fail": false,
                  "pending": false,
                  "context": null,
                  "code": "// Find all inputs\ncy.get('input, select, textarea').each(($input) => {\n    const id = $input.attr('id');\n    const ariaLabel = $input.attr('aria-label');\n    const ariaLabelledby = $input.attr('aria-labelledby');\n    // Input should have either: id with label, aria-label, or aria-labelledby\n    expect((id && cy.get(`label[for=\"${id}\"]`).should('exist')) ||\n        ariaLabel ||\n        ariaLabelledby).to.exist;\n});",
                  "err": {},
                  "uuid": "6c76987e-be10-447d-8bdd-9674f2f2266c",
                  "parentUUID": "692adf37-ba4d-4b02-b8d8-6fa531e28067",
                  "isHook": false,
                  "skipped": false
                },
                {
                  "title": "should mark required fields appropriately",
                  "fullTitle": "Accessibility - WCAG 2.1 AA Compliance Form Elements - Accessibility should mark required fields appropriately",
                  "timedOut": null,
                  "duration": 823,
                  "state": "passed",
                  "speed": "fast",
                  "pass": true,
                  "fail": false,
                  "pending": false,
                  "context": null,
                  "code": "// Check if there are any required fields\ncy.get('body').then(($body) => {\n    const requiredFields = $body.find('input[required], select[required], textarea[required]');\n    if (requiredFields.length > 0) {\n        requiredFields.each((index, field) => {\n            // Required fields should have aria-required or required attribute\n            const hasAriaRequired = field.getAttribute('aria-required') === 'true';\n            const hasRequired = field.hasAttribute('required');\n            expect(hasAriaRequired || hasRequired).to.be.true;\n        });\n    }\n    else {\n        cy.log('No required form fields found on page');\n    }\n});",
                  "err": {},
                  "uuid": "38418b20-9fdb-4c2b-b8ea-df29444ff579",
                  "parentUUID": "692adf37-ba4d-4b02-b8d8-6fa531e28067",
                  "isHook": false,
                  "skipped": false
                }
              ],
              "suites": [],
              "passes": [
                "6c76987e-be10-447d-8bdd-9674f2f2266c",
                "38418b20-9fdb-4c2b-b8ea-df29444ff579"
              ],
              "failures": [],
              "pending": [],
              "skipped": [],
              "duration": 1603,
              "root": false,
              "rootEmpty": false,
              "_timeout": 2000
            },
            {
              "uuid": "f17f821d-6060-4af1-be4a-0123b014933c",
              "title": "Interactive Elements - Keyboard Accessibility",
              "fullFile": "",
              "file": "",
              "beforeHooks": [],
              "afterHooks": [],
              "tests": [
                {
                  "title": "should activate buttons with Enter key",
                  "fullTitle": "Accessibility - WCAG 2.1 AA Compliance Interactive Elements - Keyboard Accessibility should activate buttons with Enter key",
                  "timedOut": null,
                  "duration": 1017,
                  "state": "passed",
                  "speed": "fast",
                  "pass": true,
                  "fail": false,
                  "pending": false,
                  "context": null,
                  "code": "// Check if buttons exist\ncy.get('body').then(($body) => {\n    if ($body.find('button').length > 0) {\n        cy.get('button').first().focus();\n        cy.focused().trigger('keydown', { key: 'Enter' });\n        cy.log('Button activated with Enter key');\n    }\n    else {\n        cy.log('No buttons found for keyboard test');\n    }\n});",
                  "err": {},
                  "uuid": "fdbb5a06-163d-493e-8b37-2c0e41b530ab",
                  "parentUUID": "f17f821d-6060-4af1-be4a-0123b014933c",
                  "isHook": false,
                  "skipped": false
                },
                {
                  "title": "should activate buttons with Space key",
                  "fullTitle": "Accessibility - WCAG 2.1 AA Compliance Interactive Elements - Keyboard Accessibility should activate buttons with Space key",
                  "timedOut": null,
                  "duration": 860,
                  "state": "passed",
                  "speed": "fast",
                  "pass": true,
                  "fail": false,
                  "pending": false,
                  "context": null,
                  "code": "cy.get('body').then(($body) => {\n    if ($body.find('button').length > 0) {\n        cy.get('button').first().focus();\n        cy.focused().trigger('keydown', { key: ' ' });\n        cy.log('Button activated with Space key');\n    }\n    else {\n        cy.log('No buttons found for keyboard test');\n    }\n});",
                  "err": {},
                  "uuid": "eed32b1e-a03d-4e08-934b-9351fb65930b",
                  "parentUUID": "f17f821d-6060-4af1-be4a-0123b014933c",
                  "isHook": false,
                  "skipped": false
                },
                {
                  "title": "should have proper button roles and accessible names",
                  "fullTitle": "Accessibility - WCAG 2.1 AA Compliance Interactive Elements - Keyboard Accessibility should have proper button roles and accessible names",
                  "timedOut": null,
                  "duration": 873,
                  "state": "passed",
                  "speed": "fast",
                  "pass": true,
                  "fail": false,
                  "pending": false,
                  "context": null,
                  "code": "cy.get('body').then(($body) => {\n    const buttons = $body.find('button');\n    if (buttons.length > 0) {\n        buttons.each((index, button) => {\n            // Each button should have accessible text or aria-label\n            const text = button.textContent?.trim();\n            const ariaLabel = button.getAttribute('aria-label');\n            const ariaLabelledby = button.getAttribute('aria-labelledby');\n            expect(text || ariaLabel || ariaLabelledby, `Button ${index} should have accessible name`).to.exist;\n        });\n    }\n    else {\n        cy.log('No buttons found for accessibility name check');\n    }\n});",
                  "err": {},
                  "uuid": "13876dde-bd4f-4e69-8934-1afb0ea0b525",
                  "parentUUID": "f17f821d-6060-4af1-be4a-0123b014933c",
                  "isHook": false,
                  "skipped": false
                }
              ],
              "suites": [],
              "passes": [
                "fdbb5a06-163d-493e-8b37-2c0e41b530ab",
                "eed32b1e-a03d-4e08-934b-9351fb65930b",
                "13876dde-bd4f-4e69-8934-1afb0ea0b525"
              ],
              "failures": [],
              "pending": [],
              "skipped": [],
              "duration": 2750,
              "root": false,
              "rootEmpty": false,
              "_timeout": 2000
            },
            {
              "uuid": "14f58c30-2d5b-4805-9320-65b0bb48bd69",
              "title": "Color Contrast - WCAG AA Compliance",
              "fullFile": "",
              "file": "",
              "beforeHooks": [],
              "afterHooks": [],
              "tests": [
                {
                  "title": "should have sufficient contrast for normal text",
                  "fullTitle": "Accessibility - WCAG 2.1 AA Compliance Color Contrast - WCAG AA Compliance should have sufficient contrast for normal text",
                  "timedOut": null,
                  "duration": 774,
                  "state": "passed",
                  "speed": "fast",
                  "pass": true,
                  "fail": false,
                  "pending": false,
                  "context": null,
                  "code": "// WITH CYPRESS-AXE: Uncomment to check with axe-core\n// cy.checkA11y(null, {\n//   rules: {\n//     'color-contrast': { enabled: true }\n//   }\n// });\n// Manual check: verify text is readable and visible\ncy.get('body').should('be.visible');\ncy.log('Visual contrast check passed - text appears readable');",
                  "err": {},
                  "uuid": "13118230-b252-4118-a7ad-6b4f912d88e9",
                  "parentUUID": "14f58c30-2d5b-4805-9320-65b0bb48bd69",
                  "isHook": false,
                  "skipped": false
                },
                {
                  "title": "should have sufficient contrast for interactive elements",
                  "fullTitle": "Accessibility - WCAG 2.1 AA Compliance Color Contrast - WCAG AA Compliance should have sufficient contrast for interactive elements",
                  "timedOut": null,
                  "duration": 1232,
                  "state": "passed",
                  "speed": "fast",
                  "pass": true,
                  "fail": false,
                  "pending": false,
                  "context": null,
                  "code": "// Verify buttons and links exist and are visible\ncy.get('body').then(($body) => {\n    const interactive = $body.find('button:visible, a:visible');\n    if (interactive.length > 0) {\n        cy.log(`Found ${interactive.length} visible interactive elements`);\n    }\n    else {\n        cy.log('No visible interactive elements found (page may still be loading)');\n    }\n});",
                  "err": {},
                  "uuid": "b68b9083-2593-43e4-a724-3e05207017f1",
                  "parentUUID": "14f58c30-2d5b-4805-9320-65b0bb48bd69",
                  "isHook": false,
                  "skipped": false
                }
              ],
              "suites": [],
              "passes": [
                "13118230-b252-4118-a7ad-6b4f912d88e9",
                "b68b9083-2593-43e4-a724-3e05207017f1"
              ],
              "failures": [],
              "pending": [],
              "skipped": [],
              "duration": 2006,
              "root": false,
              "rootEmpty": false,
              "_timeout": 2000
            },
            {
              "uuid": "6314c715-4a88-4e9c-a710-75abe791684e",
              "title": "Images and Media - Alternative Text",
              "fullFile": "",
              "file": "",
              "beforeHooks": [],
              "afterHooks": [],
              "tests": [
                {
                  "title": "should have alt text for all informative images",
                  "fullTitle": "Accessibility - WCAG 2.1 AA Compliance Images and Media - Alternative Text should have alt text for all informative images",
                  "timedOut": null,
                  "duration": 887,
                  "state": "passed",
                  "speed": "fast",
                  "pass": true,
                  "fail": false,
                  "pending": false,
                  "context": null,
                  "code": "cy.get('body').then(($body) => {\n    const images = $body.find('img');\n    if (images.length > 0) {\n        images.each((index, img) => {\n            const alt = img.getAttribute('alt');\n            const role = img.getAttribute('role');\n            // Informative images should have alt text\n            // Decorative images should have empty alt or role=\"presentation\"\n            expect(alt !== null ||\n                role === 'presentation' ||\n                role === 'none', `Image ${index} should have alt attribute or be marked as decorative`).to.be.true;\n        });\n    }\n    else {\n        cy.log('No images found on page');\n    }\n});",
                  "err": {},
                  "uuid": "4c489390-926e-4896-8059-37fc3cd8b9e2",
                  "parentUUID": "6314c715-4a88-4e9c-a710-75abe791684e",
                  "isHook": false,
                  "skipped": false
                }
              ],
              "suites": [],
              "passes": [
                "4c489390-926e-4896-8059-37fc3cd8b9e2"
              ],
              "failures": [],
              "pending": [],
              "skipped": [],
              "duration": 887,
              "root": false,
              "rootEmpty": false,
              "_timeout": 2000
            },
            {
              "uuid": "e08ebd06-4a1a-4a0b-b102-c82d5e87365e",
              "title": "ARIA - Proper Usage",
              "fullFile": "",
              "file": "",
              "beforeHooks": [],
              "afterHooks": [],
              "tests": [
                {
                  "title": "should not use invalid ARIA attributes",
                  "fullTitle": "Accessibility - WCAG 2.1 AA Compliance ARIA - Proper Usage should not use invalid ARIA attributes",
                  "timedOut": null,
                  "duration": 833,
                  "state": "passed",
                  "speed": "fast",
                  "pass": true,
                  "fail": false,
                  "pending": false,
                  "context": null,
                  "code": "// Check that ARIA attributes are used correctly\ncy.get('body').then(($body) => {\n    const elementsWithRole = $body.find('[role]');\n    if (elementsWithRole.length > 0) {\n        elementsWithRole.each((index, el) => {\n            const role = el.getAttribute('role');\n            // Verify role is a valid ARIA role (not exhaustive, but common ones)\n            const validRoles = [\n                'button', 'link', 'navigation', 'main', 'complementary', 'banner',\n                'contentinfo', 'region', 'article', 'tab', 'tabpanel', 'tablist',\n                'status', 'alert', 'dialog', 'menu', 'menuitem', 'list', 'listitem',\n                'img', 'progressbar', 'checkbox', 'radio', 'textbox', 'group', 'search',\n                'form', 'heading', 'row', 'cell', 'grid', 'gridcell', 'table'\n            ];\n            expect(validRoles, `Element with role=\"${role}\" should use valid ARIA role`).to.include(role);\n        });\n    }\n    else {\n        cy.log('No ARIA roles found - may use native HTML semantics');\n    }\n});",
                  "err": {},
                  "uuid": "9cf55763-83fc-44fd-aeab-c8309ce37fbd",
                  "parentUUID": "e08ebd06-4a1a-4a0b-b102-c82d5e87365e",
                  "isHook": false,
                  "skipped": false
                },
                {
                  "title": "should have proper ARIA relationships",
                  "fullTitle": "Accessibility - WCAG 2.1 AA Compliance ARIA - Proper Usage should have proper ARIA relationships",
                  "timedOut": null,
                  "duration": 895,
                  "state": "passed",
                  "speed": "fast",
                  "pass": true,
                  "fail": false,
                  "pending": false,
                  "context": null,
                  "code": "cy.get('body').then(($body) => {\n    // Check aria-labelledby references\n    const labelledbyElements = $body.find('[aria-labelledby]');\n    if (labelledbyElements.length > 0) {\n        labelledbyElements.each((index, el) => {\n            const labelIds = el.getAttribute('aria-labelledby')?.split(' ') || [];\n            labelIds.forEach(labelId => {\n                const labelExists = $body.find(`#${CSS.escape(labelId)}`).length > 0;\n                expect(labelExists, `aria-labelledby references ID \"${labelId}\" which should exist`).to.be.true;\n            });\n        });\n    }\n    // Check aria-describedby references\n    const describedbyElements = $body.find('[aria-describedby]');\n    if (describedbyElements.length > 0) {\n        describedbyElements.each((index, el) => {\n            const descIds = el.getAttribute('aria-describedby')?.split(' ') || [];\n            descIds.forEach(descId => {\n                const descExists = $body.find(`#${CSS.escape(descId)}`).length > 0;\n                expect(descExists, `aria-describedby references ID \"${descId}\" which should exist`).to.be.true;\n            });\n        });\n    }\n    // Check aria-controls references\n    const controlsElements = $body.find('[aria-controls]');\n    if (controlsElements.length > 0) {\n        controlsElements.each((index, el) => {\n            const controlIds = el.getAttribute('aria-controls')?.split(' ') || [];\n            controlIds.forEach(controlId => {\n                const controlExists = $body.find(`#${CSS.escape(controlId)}`).length > 0;\n                expect(controlExists, `aria-controls references ID \"${controlId}\" which should exist`).to.be.true;\n            });\n        });\n    }\n    if (labelledbyElements.length === 0 && describedbyElements.length === 0 && controlsElements.length === 0) {\n        cy.log('No ARIA relationship attributes found');\n    }\n});",
                  "err": {},
                  "uuid": "d0d14136-8fb1-4ded-9e22-3db1d650943e",
                  "parentUUID": "e08ebd06-4a1a-4a0b-b102-c82d5e87365e",
                  "isHook": false,
                  "skipped": false
                }
              ],
              "suites": [],
              "passes": [
                "9cf55763-83fc-44fd-aeab-c8309ce37fbd",
                "d0d14136-8fb1-4ded-9e22-3db1d650943e"
              ],
              "failures": [],
              "pending": [],
              "skipped": [],
              "duration": 1728,
              "root": false,
              "rootEmpty": false,
              "_timeout": 2000
            },
            {
              "uuid": "751776e2-6b41-4cc5-9f81-792cf891641c",
              "title": "Screen Reader - Semantic HTML",
              "fullFile": "",
              "file": "",
              "beforeHooks": [],
              "afterHooks": [],
              "tests": [
                {
                  "title": "should use semantic HTML elements",
                  "fullTitle": "Accessibility - WCAG 2.1 AA Compliance Screen Reader - Semantic HTML should use semantic HTML elements",
                  "timedOut": null,
                  "duration": 610,
                  "state": "passed",
                  "speed": "fast",
                  "pass": true,
                  "fail": false,
                  "pending": false,
                  "context": null,
                  "code": "// Check that page has some semantic structure\ncy.get('body').then(($body) => {\n    const semanticElements = $body.find('header, nav, main, section, article, aside, footer, [role=\"banner\"], [role=\"navigation\"], [role=\"main\"], [role=\"region\"]');\n    if (semanticElements.length > 0) {\n        cy.log(`Found ${semanticElements.length} semantic elements`);\n    }\n    else {\n        cy.log('No semantic HTML elements found - consider adding for better accessibility');\n    }\n});",
                  "err": {},
                  "uuid": "2a2564fb-36e8-4ef2-a9e3-cc765ab5ad62",
                  "parentUUID": "751776e2-6b41-4cc5-9f81-792cf891641c",
                  "isHook": false,
                  "skipped": false
                },
                {
                  "title": "should not have empty links or buttons",
                  "fullTitle": "Accessibility - WCAG 2.1 AA Compliance Screen Reader - Semantic HTML should not have empty links or buttons",
                  "timedOut": null,
                  "duration": 619,
                  "state": "passed",
                  "speed": "fast",
                  "pass": true,
                  "fail": false,
                  "pending": false,
                  "context": null,
                  "code": "cy.get('body').then(($body) => {\n    const interactive = $body.find('a, button');\n    if (interactive.length > 0) {\n        interactive.each((index, el) => {\n            const text = el.textContent?.trim();\n            const ariaLabel = el.getAttribute('aria-label');\n            const ariaLabelledby = el.getAttribute('aria-labelledby');\n            const title = el.getAttribute('title');\n            // Interactive elements should have some form of accessible text\n            expect((text && text.length > 0) ||\n                ariaLabel ||\n                ariaLabelledby ||\n                title, `Interactive element ${index} should have accessible text`).to.be.true;\n        });\n    }\n    else {\n        cy.log('No interactive elements (links/buttons) found');\n    }\n});",
                  "err": {},
                  "uuid": "79399382-e2b4-4226-84b3-7f42f569ecb0",
                  "parentUUID": "751776e2-6b41-4cc5-9f81-792cf891641c",
                  "isHook": false,
                  "skipped": false
                }
              ],
              "suites": [],
              "passes": [
                "2a2564fb-36e8-4ef2-a9e3-cc765ab5ad62",
                "79399382-e2b4-4226-84b3-7f42f569ecb0"
              ],
              "failures": [],
              "pending": [],
              "skipped": [],
              "duration": 1229,
              "root": false,
              "rootEmpty": false,
              "_timeout": 2000
            },
            {
              "uuid": "58a69f70-c60b-4716-86e2-4ff69d18d8e9",
              "title": "Focus Management",
              "fullFile": "",
              "file": "",
              "beforeHooks": [],
              "afterHooks": [],
              "tests": [
                {
                  "title": "should trap focus in modal dialogs",
                  "fullTitle": "Accessibility - WCAG 2.1 AA Compliance Focus Management should trap focus in modal dialogs",
                  "timedOut": null,
                  "duration": 663,
                  "state": "passed",
                  "speed": "fast",
                  "pass": true,
                  "fail": false,
                  "pending": false,
                  "context": null,
                  "code": "// This test would need to be updated based on actual modal implementation\n// Check if any modals exist\ncy.get('body').then(($body) => {\n    const modals = $body.find('[role=\"dialog\"], [role=\"alertdialog\"], .modal');\n    if (modals.length > 0) {\n        cy.log(`Found ${modals.length} modal dialogs`);\n    }\n    else {\n        cy.log('No modal dialogs found - test skipped');\n    }\n});",
                  "err": {},
                  "uuid": "a0e7a4da-e210-471a-84ac-3397387cda59",
                  "parentUUID": "58a69f70-c60b-4716-86e2-4ff69d18d8e9",
                  "isHook": false,
                  "skipped": false
                },
                {
                  "title": "should restore focus when modal closes",
                  "fullTitle": "Accessibility - WCAG 2.1 AA Compliance Focus Management should restore focus when modal closes",
                  "timedOut": null,
                  "duration": 693,
                  "state": "passed",
                  "speed": "fast",
                  "pass": true,
                  "fail": false,
                  "pending": false,
                  "context": null,
                  "code": "// Verify focus returns to trigger element when modal closes\n// This would be tested with actual modal interaction\ncy.log('Focus restoration test - requires modal interaction implementation');",
                  "err": {},
                  "uuid": "6da8495d-d1e7-4632-82d7-185c79b4ff6c",
                  "parentUUID": "58a69f70-c60b-4716-86e2-4ff69d18d8e9",
                  "isHook": false,
                  "skipped": false
                },
                {
                  "title": "should not lose focus during navigation",
                  "fullTitle": "Accessibility - WCAG 2.1 AA Compliance Focus Management should not lose focus during navigation",
                  "timedOut": null,
                  "duration": 1756,
                  "state": "passed",
                  "speed": "fast",
                  "pass": true,
                  "fail": false,
                  "pending": false,
                  "context": null,
                  "code": "// Tab through several elements\ncy.get('body').then(($body) => {\n    const focusable = $body.find('button:visible, a:visible, input:visible');\n    if (focusable.length >= 2) {\n        cy.get('button:visible, a:visible, input:visible').first().focus();\n        cy.focused().should('exist');\n        cy.focused().trigger('keydown', { key: 'Tab' });\n        // Focus should still exist somewhere\n        cy.get(':focus').should('exist');\n    }\n    else {\n        cy.log('Not enough focusable elements for navigation test');\n    }\n});",
                  "err": {},
                  "uuid": "05a5085d-1198-4c2f-ae54-9b905f954ed7",
                  "parentUUID": "58a69f70-c60b-4716-86e2-4ff69d18d8e9",
                  "isHook": false,
                  "skipped": false
                }
              ],
              "suites": [],
              "passes": [
                "a0e7a4da-e210-471a-84ac-3397387cda59",
                "6da8495d-d1e7-4632-82d7-185c79b4ff6c",
                "05a5085d-1198-4c2f-ae54-9b905f954ed7"
              ],
              "failures": [],
              "pending": [],
              "skipped": [],
              "duration": 3112,
              "root": false,
              "rootEmpty": false,
              "_timeout": 2000
            }
          ],
          "passes": [],
          "failures": [],
          "pending": [],
          "skipped": [],
          "duration": 0,
          "root": false,
          "rootEmpty": false,
          "_timeout": 2000
        }
      ],
      "passes": [],
      "failures": [],
      "pending": [],
      "skipped": [],
      "duration": 0,
      "root": true,
      "rootEmpty": true,
      "_timeout": 2000
    },
    {
      "uuid": "e6d49ba5-d19a-449f-9ed8-45df84dc7a4f",
      "title": "",
      "fullFile": "cypress/e2e/security-assessment-flow.cy.ts",
      "file": "cypress/e2e/security-assessment-flow.cy.ts",
      "beforeHooks": [],
      "afterHooks": [],
      "tests": [],
      "suites": [
        {
          "uuid": "b0fc7f8f-dc60-4dd3-a2e9-09f2262899e1",
          "title": "Security Assessment Flow",
          "fullFile": "",
          "file": "",
          "beforeHooks": [],
          "afterHooks": [],
          "tests": [],
          "suites": [
            {
              "uuid": "66a918af-733e-46ab-abb6-62ab6954b64c",
              "title": "Complete Assessment Workflow",
              "fullFile": "",
              "file": "",
              "beforeHooks": [],
              "afterHooks": [],
              "tests": [
                {
                  "title": "should complete full security assessment from start to finish",
                  "fullTitle": "Security Assessment Flow Complete Assessment Workflow should complete full security assessment from start to finish",
                  "timedOut": null,
                  "duration": 5484,
                  "state": "passed",
                  "speed": "medium",
                  "pass": true,
                  "fail": false,
                  "pending": false,
                  "context": null,
                  "code": "cy.log(\"🎯 Starting complete security assessment workflow\");\n// Step 1: Verify initial application state\ncy.log(\"Step 1: Verifying initial application state\");\ncy.get(\"body\").should(\"be.visible\");\ncy.get(\"select\").should(\"have.length.at.least\", 3);\n// Step 2-4: Configure CIA triad (Availability: Moderate, Integrity: High, Confidentiality: High)\ncy.log(\"Step 2-4: Configuring CIA triad levels\");\ncy.setSecurityLevels(_support_constants__WEBPACK_IMPORTED_MODULE_0__.SECURITY_LEVELS.MODERATE, _support_constants__WEBPACK_IMPORTED_MODULE_0__.SECURITY_LEVELS.HIGH, _support_constants__WEBPACK_IMPORTED_MODULE_0__.SECURITY_LEVELS.HIGH);\n// Verify security level selections\ncy.get(\"select\").eq(0).should(\"have.value\", _support_constants__WEBPACK_IMPORTED_MODULE_0__.SECURITY_LEVELS.MODERATE);\ncy.get(\"select\").eq(1).should(\"have.value\", _support_constants__WEBPACK_IMPORTED_MODULE_0__.SECURITY_LEVELS.HIGH);\ncy.get(\"select\").eq(2).should(\"have.value\", _support_constants__WEBPACK_IMPORTED_MODULE_0__.SECURITY_LEVELS.HIGH);\n// Verify security controls are detected\ncy.log(\"Verifying security controls in page content\");\ncy.get(\"body\").then(($body) => {\n    const text = $body.text().toLowerCase();\n    // Check for various security control indicators\n    const hasSecurityControls = text.includes(\"mfa\") ||\n        text.includes(\"multi-factor\") ||\n        text.includes(\"encryption\") ||\n        text.includes(\"access control\") ||\n        text.includes(\"blockchain\") ||\n        text.includes(\"checksum\") ||\n        text.includes(\"hash\") ||\n        text.includes(\"immutable\") ||\n        text.includes(\"audit\") ||\n        text.includes(\"pilot light\") ||\n        text.includes(\"warm standby\") ||\n        text.includes(\"backup\") ||\n        text.includes(\"recovery\");\n    if (hasSecurityControls) {\n        cy.log(\"✓ Security controls detected in page content\");\n    }\n});\n// Step 5: View cost estimation\ncy.log(\"Step 5: Verifying cost estimation\");\ncy.get(\"body\").then(($body) => {\n    // Look for cost-related elements\n    const costSelectors = [\n        '[data-testid*=\"cost\"]',\n        '[data-testid*=\"capex\"]',\n        '[data-testid*=\"opex\"]',\n        '[class*=\"cost\"]',\n    ].join(\", \");\n    if ($body.find(costSelectors).length > 0) {\n        cy.log(\"✓ Cost estimation widgets found\");\n        // Verify that cost values are present and numeric\n        cy.get(costSelectors)\n            .first()\n            .invoke(\"text\")\n            .then((text) => {\n            // Check for currency symbols or numeric patterns\n            const hasCostValue = text.includes(\"$\") ||\n                text.includes(\"€\") ||\n                text.includes(\"£\") ||\n                /\\d+/.test(text);\n            expect(hasCostValue, \"Cost estimation should contain numeric values\").to.be.true;\n            cy.log(`✓ Cost values detected: ${text.substring(0, 50)}`);\n        });\n    }\n    else {\n        cy.log(\"⚠️ No cost estimation widgets found\");\n    }\n});\n// Step 6: Check compliance status\ncy.log(\"Step 6: Checking compliance status\");\ncy.get(\"body\").then(($body) => {\n    // Look for compliance-related elements\n    const complianceSelectors = [\n        '[data-testid*=\"compliance\"]',\n        '[data-testid*=\"framework\"]',\n        '[class*=\"compliance\"]',\n        '[class*=\"framework\"]',\n    ].join(\", \");\n    if ($body.find(complianceSelectors).length > 0) {\n        cy.log(\"✓ Compliance widgets found\");\n        // Look for common compliance frameworks\n        const text = $body.text();\n        const frameworks = [\"NIST\", \"ISO\", \"GDPR\", \"HIPAA\", \"PCI\"];\n        const foundFrameworks = frameworks.filter((framework) => text.includes(framework));\n        if (foundFrameworks.length > 0) {\n            cy.log(`✓ Found compliance frameworks: ${foundFrameworks.join(\", \")}`);\n        }\n        else {\n            cy.log(\"⚠️ No specific compliance frameworks detected in text\");\n        }\n    }\n    else {\n        cy.log(\"⚠️ No compliance widgets found\");\n    }\n});\n// Step 7: Verify business impact analysis\ncy.log(\"Step 7: Verifying business impact analysis\");\ncy.get(\"body\").then(($body) => {\n    const impactSelectors = [\n        '[data-testid*=\"business-impact\"]',\n        '[data-testid*=\"impact\"]',\n        '[class*=\"business-impact\"]',\n        '[class*=\"impact\"]',\n    ].join(\", \");\n    if ($body.find(impactSelectors).length > 0) {\n        cy.log(\"✓ Business impact analysis widgets found\");\n        // Check for impact-related content\n        const text = $body.text().toLowerCase();\n        const hasImpactContent = text.includes(\"impact\") ||\n            text.includes(\"risk\") ||\n            text.includes(\"business\") ||\n            text.includes(\"financial\") ||\n            text.includes(\"operational\");\n        if (hasImpactContent) {\n            cy.log(\"✓ Business impact content detected\");\n        }\n    }\n    else {\n        cy.log(\"⚠️ No business impact widgets found\");\n    }\n});\n// Step 8: Take final screenshot for documentation\ncy.log(\"Step 8: Capturing final state\");\ncy.screenshot(\"complete-assessment-workflow-final-state\");\ncy.log(\"✅ Complete assessment workflow test passed\");",
                  "err": {},
                  "uuid": "fe584f3b-18d0-464a-9c1e-21d45d4fe79e",
                  "parentUUID": "66a918af-733e-46ab-abb6-62ab6954b64c",
                  "isHook": false,
                  "skipped": false
                }
              ],
              "suites": [],
              "passes": [
                "fe584f3b-18d0-464a-9c1e-21d45d4fe79e"
              ],
              "failures": [],
              "pending": [],
              "skipped": [],
              "duration": 5484,
              "root": false,
              "rootEmpty": false,
              "_timeout": 2000
            },
            {
              "uuid": "2b9b6411-f70b-48cb-8db0-9ad778064bd7",
              "title": "CIA Level Selection",
              "fullFile": "",
              "file": "",
              "beforeHooks": [],
              "afterHooks": [],
              "tests": [
                {
                  "title": "should update costs when changing confidentiality level",
                  "fullTitle": "Security Assessment Flow CIA Level Selection should update costs when changing confidentiality level",
                  "timedOut": null,
                  "duration": 2671,
                  "state": "passed",
                  "speed": "fast",
                  "pass": true,
                  "fail": false,
                  "pending": false,
                  "context": null,
                  "code": "cy.log(\"Testing confidentiality level impact on costs\");\n// Set initial low confidentiality\ncy.setSecurityLevels(undefined, undefined, _support_constants__WEBPACK_IMPORTED_MODULE_0__.SECURITY_LEVELS.LOW);\n// Capture initial cost values\ncy.get(\"body\")\n    .invoke(\"text\")\n    .then((initialText) => {\n    cy.log(\"Initial state captured\");\n    // Change to Very High confidentiality\n    cy.setSecurityLevels(undefined, undefined, _support_constants__WEBPACK_IMPORTED_MODULE_0__.SECURITY_LEVELS.VERY_HIGH);\n    // Verify costs changed\n    cy.get(\"body\")\n        .invoke(\"text\")\n        .then((newText) => {\n        // The page content should be different\n        expect(newText).to.not.equal(initialText);\n        cy.log(\"✓ Page content changed after security level update\");\n    });\n});",
                  "err": {},
                  "uuid": "2f47b4f5-e05b-462e-825e-c83325e87ff9",
                  "parentUUID": "2b9b6411-f70b-48cb-8db0-9ad778064bd7",
                  "isHook": false,
                  "skipped": false
                },
                {
                  "title": "should display appropriate technical details for each level",
                  "fullTitle": "Security Assessment Flow CIA Level Selection should display appropriate technical details for each level",
                  "timedOut": null,
                  "duration": 2600,
                  "state": "passed",
                  "speed": "fast",
                  "pass": true,
                  "fail": false,
                  "pending": false,
                  "context": null,
                  "code": "cy.log(\"Testing technical details display for each security level\");\n// Test High integrity level\ncy.setSecurityLevels(undefined, _support_constants__WEBPACK_IMPORTED_MODULE_0__.SECURITY_LEVELS.HIGH, undefined);\ncy.get(\"body\").then(($body) => {\n    const text = $body.text().toLowerCase();\n    // High integrity should have technical details about immutability and verification\n    const hasTechnicalDetails = text.includes(\"blockchain\") ||\n        text.includes(\"immutable\") ||\n        text.includes(\"hash\") ||\n        text.includes(\"checksum\") ||\n        text.includes(\"audit\") ||\n        text.includes(\"verification\");\n    if (hasTechnicalDetails) {\n        cy.log(\"✓ Technical details detected for High integrity\");\n    }\n    else {\n        cy.log(\"⚠️ Technical details not clearly visible\");\n    }\n});\n// Test Very High availability level\ncy.setSecurityLevels(_support_constants__WEBPACK_IMPORTED_MODULE_0__.SECURITY_LEVELS.VERY_HIGH, undefined, undefined);\ncy.get(\"body\").then(($body) => {\n    const text = $body.text().toLowerCase();\n    // Very High availability should have technical details about multi-region and hot standby\n    const hasTechnicalDetails = text.includes(\"multi-region\") ||\n        text.includes(\"hot standby\") ||\n        text.includes(\"active-active\") ||\n        text.includes(\"zero downtime\") ||\n        text.includes(\"redundancy\");\n    if (hasTechnicalDetails) {\n        cy.log(\"✓ Technical details detected for Very High availability\");\n    }\n    else {\n        cy.log(\"⚠️ Technical details not clearly visible\");\n    }\n});",
                  "err": {},
                  "uuid": "8c032998-e15c-43d2-a204-38b358af88ce",
                  "parentUUID": "2b9b6411-f70b-48cb-8db0-9ad778064bd7",
                  "isHook": false,
                  "skipped": false
                },
                {
                  "title": "should validate all CIA level combinations",
                  "fullTitle": "Security Assessment Flow CIA Level Selection should validate all CIA level combinations",
                  "timedOut": null,
                  "duration": 6648,
                  "state": "passed",
                  "speed": "medium",
                  "pass": true,
                  "fail": false,
                  "pending": false,
                  "context": null,
                  "code": "cy.log(\"Testing various CIA level combinations\");\nconst combinations = [\n    {\n        name: \"All Low\",\n        levels: [_support_constants__WEBPACK_IMPORTED_MODULE_0__.SECURITY_LEVELS.LOW, _support_constants__WEBPACK_IMPORTED_MODULE_0__.SECURITY_LEVELS.LOW, _support_constants__WEBPACK_IMPORTED_MODULE_0__.SECURITY_LEVELS.LOW],\n    },\n    {\n        name: \"All Moderate\",\n        levels: [\n            _support_constants__WEBPACK_IMPORTED_MODULE_0__.SECURITY_LEVELS.MODERATE,\n            _support_constants__WEBPACK_IMPORTED_MODULE_0__.SECURITY_LEVELS.MODERATE,\n            _support_constants__WEBPACK_IMPORTED_MODULE_0__.SECURITY_LEVELS.MODERATE,\n        ],\n    },\n    {\n        name: \"Mixed (High C, Moderate I, Low A)\",\n        levels: [_support_constants__WEBPACK_IMPORTED_MODULE_0__.SECURITY_LEVELS.LOW, _support_constants__WEBPACK_IMPORTED_MODULE_0__.SECURITY_LEVELS.MODERATE, _support_constants__WEBPACK_IMPORTED_MODULE_0__.SECURITY_LEVELS.HIGH],\n    },\n];\ncombinations.forEach((combo) => {\n    cy.log(`Testing combination: ${combo.name}`);\n    // Set security levels using custom command (availability, integrity, confidentiality)\n    cy.setSecurityLevels(combo.levels[0], combo.levels[1], combo.levels[2]);\n    // Verify selections are applied correctly\n    cy.get(\"select\").eq(0).should(\"have.value\", combo.levels[0]);\n    cy.get(\"select\").eq(1).should(\"have.value\", combo.levels[1]);\n    cy.get(\"select\").eq(2).should(\"have.value\", combo.levels[2]);\n    // Verify widgets are still present and responsive\n    cy.get(\"[data-testid^='widget-']\").should(\"have.length.at.least\", 1);\n    cy.log(`✓ ${combo.name} combination configured successfully`);\n});",
                  "err": {},
                  "uuid": "69ae655c-2836-4f53-876f-3cc019b2b77d",
                  "parentUUID": "2b9b6411-f70b-48cb-8db0-9ad778064bd7",
                  "isHook": false,
                  "skipped": false
                }
              ],
              "suites": [],
              "passes": [
                "2f47b4f5-e05b-462e-825e-c83325e87ff9",
                "8c032998-e15c-43d2-a204-38b358af88ce",
                "69ae655c-2836-4f53-876f-3cc019b2b77d"
              ],
              "failures": [],
              "pending": [],
              "skipped": [],
              "duration": 11919,
              "root": false,
              "rootEmpty": false,
              "_timeout": 2000
            },
            {
              "uuid": "bcd18669-8987-4e1f-9bbb-24b2d9b2a51c",
              "title": "Framework Compliance Mapping",
              "fullFile": "",
              "file": "",
              "beforeHooks": [],
              "afterHooks": [],
              "tests": [
                {
                  "title": "should show compliance status for all supported frameworks",
                  "fullTitle": "Security Assessment Flow Framework Compliance Mapping should show compliance status for all supported frameworks",
                  "timedOut": null,
                  "duration": 2727,
                  "state": "passed",
                  "speed": "fast",
                  "pass": true,
                  "fail": false,
                  "pending": false,
                  "context": null,
                  "code": "cy.log(\"Testing framework compliance mapping\");\n// Set high security levels to maximize compliance\ncy.setSecurityLevels(_support_constants__WEBPACK_IMPORTED_MODULE_0__.SECURITY_LEVELS.HIGH, _support_constants__WEBPACK_IMPORTED_MODULE_0__.SECURITY_LEVELS.HIGH, _support_constants__WEBPACK_IMPORTED_MODULE_0__.SECURITY_LEVELS.HIGH);\n// Look for compliance framework information\ncy.get(\"body\").then(($body) => {\n    const text = $body.text();\n    const commonFrameworks = [\n        \"NIST\",\n        \"ISO\",\n        \"GDPR\",\n        \"HIPAA\",\n        \"PCI\",\n        \"SOC\",\n        \"FedRAMP\",\n    ];\n    const foundFrameworks = commonFrameworks.filter((framework) => text.includes(framework));\n    cy.log(`Found ${foundFrameworks.length} compliance frameworks`);\n    if (foundFrameworks.length > 0) {\n        cy.log(`✓ Compliance frameworks detected: ${foundFrameworks.join(\", \")}`);\n        expect(foundFrameworks.length).to.be.at.least(1, \"Should display at least one compliance framework\");\n    }\n    else {\n        cy.log(\"⚠️ No standard compliance frameworks explicitly detected\");\n    }\n});",
                  "err": {},
                  "uuid": "74d048e7-773c-448c-9330-28b6e1b2408c",
                  "parentUUID": "bcd18669-8987-4e1f-9bbb-24b2d9b2a51c",
                  "isHook": false,
                  "skipped": false
                },
                {
                  "title": "should display framework-specific controls and requirements",
                  "fullTitle": "Security Assessment Flow Framework Compliance Mapping should display framework-specific controls and requirements",
                  "timedOut": null,
                  "duration": 2786,
                  "state": "passed",
                  "speed": "fast",
                  "pass": true,
                  "fail": false,
                  "pending": false,
                  "context": null,
                  "code": "cy.log(\"Testing framework-specific control display\");\n// Set high security configuration\ncy.setSecurityLevels(_support_constants__WEBPACK_IMPORTED_MODULE_0__.SECURITY_LEVELS.HIGH, _support_constants__WEBPACK_IMPORTED_MODULE_0__.SECURITY_LEVELS.HIGH, _support_constants__WEBPACK_IMPORTED_MODULE_0__.SECURITY_LEVELS.HIGH);\n// Look for control-related content\ncy.get(\"body\").then(($body) => {\n    const text = $body.text().toLowerCase();\n    // Check for common control terminology\n    const controlTerms = [\n        \"control\",\n        \"requirement\",\n        \"standard\",\n        \"compliant\",\n        \"compliance\",\n        \"policy\",\n        \"procedure\",\n    ];\n    const foundTerms = controlTerms.filter((term) => text.includes(term));\n    if (foundTerms.length >= 2) {\n        cy.log(`✓ Control-related content found: ${foundTerms.join(\", \")}`);\n    }\n    else {\n        cy.log(\"⚠️ Limited control-related content detected\");\n    }\n});",
                  "err": {},
                  "uuid": "6d956291-67ea-43b9-ab35-c7f1c06dc1c0",
                  "parentUUID": "bcd18669-8987-4e1f-9bbb-24b2d9b2a51c",
                  "isHook": false,
                  "skipped": false
                }
              ],
              "suites": [],
              "passes": [
                "74d048e7-773c-448c-9330-28b6e1b2408c",
                "6d956291-67ea-43b9-ab35-c7f1c06dc1c0"
              ],
              "failures": [],
              "pending": [],
              "skipped": [],
              "duration": 5513,
              "root": false,
              "rootEmpty": false,
              "_timeout": 2000
            },
            {
              "uuid": "b4c11a38-aca5-4557-8da6-773e78b145a0",
              "title": "Error Handling",
              "fullFile": "",
              "file": "",
              "beforeHooks": [],
              "afterHooks": [],
              "tests": [
                {
                  "title": "should handle invalid level selections gracefully",
                  "fullTitle": "Security Assessment Flow Error Handling should handle invalid level selections gracefully",
                  "timedOut": null,
                  "duration": 1439,
                  "state": "passed",
                  "speed": "fast",
                  "pass": true,
                  "fail": false,
                  "pending": false,
                  "context": null,
                  "code": "cy.log(\"Testing error handling for invalid selections\");\n// Try to set invalid localStorage data\ncy.window().then((win) => {\n    win.localStorage.setItem(\"security-config\", \"invalid-json\");\n    cy.log(\"Set invalid localStorage data\");\n});\n// Reload page\ncy.reload();\ncy.ensureAppLoaded();\n// Application should still load\ncy.get(\"body\").should(\"exist\").and(\"be.visible\");\ncy.get(\"select\").should(\"have.length.at.least\", 3);\ncy.log(\"✓ Application recovered from invalid localStorage data\");\n// Clear invalid data\ncy.window().then((win) => {\n    win.localStorage.removeItem(\"security-config\");\n});",
                  "err": {},
                  "uuid": "eb1c81da-7b94-42e8-9751-56052390a65e",
                  "parentUUID": "b4c11a38-aca5-4557-8da6-773e78b145a0",
                  "isHook": false,
                  "skipped": false
                },
                {
                  "title": "should handle rapid level changes without errors",
                  "fullTitle": "Security Assessment Flow Error Handling should handle rapid level changes without errors",
                  "timedOut": null,
                  "duration": 6671,
                  "state": "passed",
                  "speed": "medium",
                  "pass": true,
                  "fail": false,
                  "pending": false,
                  "context": null,
                  "code": "cy.log(\"Testing rapid security level changes\");\n// Monitor console errors\ncy.window().then((win) => {\n    win.consoleErrors = [];\n    const originalError = win.console.error;\n    win.console.error = (...args) => {\n        win.consoleErrors.push(args.join(\" \"));\n        originalError.apply(win.console, args);\n    };\n});\n// Rapidly change security levels using custom command\ncy.setSecurityLevels(_support_constants__WEBPACK_IMPORTED_MODULE_0__.SECURITY_LEVELS.HIGH, _support_constants__WEBPACK_IMPORTED_MODULE_0__.SECURITY_LEVELS.HIGH, _support_constants__WEBPACK_IMPORTED_MODULE_0__.SECURITY_LEVELS.HIGH);\ncy.setSecurityLevels(_support_constants__WEBPACK_IMPORTED_MODULE_0__.SECURITY_LEVELS.LOW, _support_constants__WEBPACK_IMPORTED_MODULE_0__.SECURITY_LEVELS.LOW, _support_constants__WEBPACK_IMPORTED_MODULE_0__.SECURITY_LEVELS.LOW);\ncy.setSecurityLevels(_support_constants__WEBPACK_IMPORTED_MODULE_0__.SECURITY_LEVELS.MODERATE, _support_constants__WEBPACK_IMPORTED_MODULE_0__.SECURITY_LEVELS.MODERATE, _support_constants__WEBPACK_IMPORTED_MODULE_0__.SECURITY_LEVELS.MODERATE);\n// Check for critical console errors\ncy.window().then((win) => {\n    const criticalErrors = win.consoleErrors.filter((msg) => msg.includes(\"undefined\") ||\n        msg.includes(\"TypeError\") ||\n        msg.includes(\"ReferenceError\"));\n    expect(criticalErrors.length, \"No critical errors during rapid changes\").to.equal(0);\n    if (criticalErrors.length === 0) {\n        cy.log(\"✓ No critical errors during rapid security level changes\");\n    }\n});",
                  "err": {},
                  "uuid": "c11c4060-bda3-4626-9fff-473f434b6ac4",
                  "parentUUID": "b4c11a38-aca5-4557-8da6-773e78b145a0",
                  "isHook": false,
                  "skipped": false
                },
                {
                  "title": "should display user-friendly messages for edge cases",
                  "fullTitle": "Security Assessment Flow Error Handling should display user-friendly messages for edge cases",
                  "timedOut": null,
                  "duration": 2686,
                  "state": "passed",
                  "speed": "fast",
                  "pass": true,
                  "fail": false,
                  "pending": false,
                  "context": null,
                  "code": "cy.log(\"Testing edge case handling\");\n// Test with all None/lowest levels\ncy.get(\"select\").then(($selects) => {\n    // Check if \"None\" is an option, otherwise use \"Low\"\n    const firstSelect = $selects.eq(0);\n    const hasNoneOption = firstSelect.find('option[value=\"None\"]').length > 0;\n    const lowestLevel = hasNoneOption ? \"None\" : _support_constants__WEBPACK_IMPORTED_MODULE_0__.SECURITY_LEVELS.LOW;\n    // Use custom command to set lowest levels\n    cy.setSecurityLevels(lowestLevel, lowestLevel, lowestLevel);\n    // Application should still function with lowest security levels\n    cy.get(\"body\").should(\"be.visible\");\n    cy.get(\"select\").should(\"have.length.at.least\", 3);\n    cy.log(`✓ Application handles ${lowestLevel} security levels gracefully`);\n});",
                  "err": {},
                  "uuid": "299574e3-18f1-43f1-9598-7517f6f2dce1",
                  "parentUUID": "b4c11a38-aca5-4557-8da6-773e78b145a0",
                  "isHook": false,
                  "skipped": false
                }
              ],
              "suites": [],
              "passes": [
                "eb1c81da-7b94-42e8-9751-56052390a65e",
                "c11c4060-bda3-4626-9fff-473f434b6ac4",
                "299574e3-18f1-43f1-9598-7517f6f2dce1"
              ],
              "failures": [],
              "pending": [],
              "skipped": [],
              "duration": 10796,
              "root": false,
              "rootEmpty": false,
              "_timeout": 2000
            },
            {
              "uuid": "b958e168-2fc5-4b9c-9f59-24d893d96849",
              "title": "Accessibility",
              "fullFile": "",
              "file": "",
              "beforeHooks": [],
              "afterHooks": [],
              "tests": [
                {
                  "title": "should be keyboard navigable",
                  "fullTitle": "Security Assessment Flow Accessibility should be keyboard navigable",
                  "timedOut": null,
                  "duration": 801,
                  "state": "passed",
                  "speed": "fast",
                  "pass": true,
                  "fail": false,
                  "pending": false,
                  "context": null,
                  "code": "cy.log(\"Testing keyboard navigation\");\n// Test that all selects can receive focus\ncy.get(\"select\").eq(0).focus();\ncy.focused().should(\"match\", \"select\");\ncy.log(\"✓ First select is focusable\");\ncy.get(\"select\").eq(1).focus();\ncy.focused().should(\"match\", \"select\");\ncy.log(\"✓ Second select is focusable\");\ncy.get(\"select\").eq(2).focus();\ncy.focused().should(\"match\", \"select\");\ncy.log(\"✓ Third select is focusable\");\n// Test that selects can be changed with keyboard\ncy.get(\"select\").eq(0).invoke(\"val\").then((initialValue) => {\n    cy.get(\"select\").eq(0).focus().type(\"{downarrow}{enter}\");\n    cy.get(\"select\").eq(0).invoke(\"val\").then((newValue) => {\n        // Value should have changed after keyboard interaction\n        if (newValue !== initialValue) {\n            cy.log(\"✓ Select value changed with keyboard interaction\");\n        }\n    });\n});\ncy.log(\"✓ Security level selects are keyboard navigable\");",
                  "err": {},
                  "uuid": "03b9d672-4347-455f-a348-1f112fbb1c6f",
                  "parentUUID": "b958e168-2fc5-4b9c-9f59-24d893d96849",
                  "isHook": false,
                  "skipped": false
                },
                {
                  "title": "should have proper ARIA labels and semantic HTML",
                  "fullTitle": "Security Assessment Flow Accessibility should have proper ARIA labels and semantic HTML",
                  "timedOut": null,
                  "duration": 527,
                  "state": "passed",
                  "speed": "fast",
                  "pass": true,
                  "fail": false,
                  "pending": false,
                  "context": null,
                  "code": "cy.log(\"Testing ARIA labels and semantic HTML\");\n// Check that selects have labels or aria-labels\ncy.get(\"select\").each(($select) => {\n    const id = $select.attr(\"id\");\n    const ariaLabel = $select.attr(\"aria-label\");\n    const ariaLabelledBy = $select.attr(\"aria-labelledby\");\n    // Check if select has an associated label\n    let hasLabel = false;\n    if (id) {\n        cy.get(`label[for=\"${id}\"]`).then(($labels) => {\n            hasLabel = $labels.length > 0;\n        });\n    }\n    const hasAccessibilityLabel = !!(ariaLabel || ariaLabelledBy || hasLabel);\n    if (hasAccessibilityLabel) {\n        cy.log(\"✓ Select has accessibility label\");\n    }\n});",
                  "err": {},
                  "uuid": "15b48807-103a-4b2c-8b70-4d5837c470c6",
                  "parentUUID": "b958e168-2fc5-4b9c-9f59-24d893d96849",
                  "isHook": false,
                  "skipped": false
                },
                {
                  "title": "should provide clear visual focus indicators",
                  "fullTitle": "Security Assessment Flow Accessibility should provide clear visual focus indicators",
                  "timedOut": null,
                  "duration": 622,
                  "state": "passed",
                  "speed": "fast",
                  "pass": true,
                  "fail": false,
                  "pending": false,
                  "context": null,
                  "code": "cy.log(\"Testing visual focus indicators\");\n// Focus on a select and check it's visually distinguishable\ncy.get(\"select\").eq(0).focus();\ncy.focused().then(($focused) => {\n    const focusedElement = $focused[0];\n    const computedStyle = window.getComputedStyle(focusedElement);\n    // Check for outline or other focus indicators\n    const hasOutline = computedStyle.outline !== \"none\" && computedStyle.outline !== \"\";\n    const hasBoxShadow = computedStyle.boxShadow !== \"none\" && computedStyle.boxShadow !== \"\";\n    const hasBorder = computedStyle.border !== \"none\" && computedStyle.border !== \"\";\n    const hasFocusIndicator = hasOutline || hasBoxShadow || hasBorder;\n    if (hasFocusIndicator) {\n        cy.log(\"✓ Focus indicator detected\");\n    }\n    else {\n        cy.log(\"⚠️ Focus indicator may need improvement\");\n    }\n});",
                  "err": {},
                  "uuid": "d484d241-d6db-4bd2-985f-85c3cfed17a7",
                  "parentUUID": "b958e168-2fc5-4b9c-9f59-24d893d96849",
                  "isHook": false,
                  "skipped": false
                }
              ],
              "suites": [],
              "passes": [
                "03b9d672-4347-455f-a348-1f112fbb1c6f",
                "15b48807-103a-4b2c-8b70-4d5837c470c6",
                "d484d241-d6db-4bd2-985f-85c3cfed17a7"
              ],
              "failures": [],
              "pending": [],
              "skipped": [],
              "duration": 1950,
              "root": false,
              "rootEmpty": false,
              "_timeout": 2000
            },
            {
              "uuid": "444278a4-a67d-42f8-8356-55935de67e68",
              "title": "Business Impact Analysis",
              "fullFile": "",
              "file": "",
              "beforeHooks": [],
              "afterHooks": [],
              "tests": [
                {
                  "title": "should calculate and display business impact for different security levels",
                  "fullTitle": "Security Assessment Flow Business Impact Analysis should calculate and display business impact for different security levels",
                  "timedOut": null,
                  "duration": 7180,
                  "state": "passed",
                  "speed": "medium",
                  "pass": true,
                  "fail": false,
                  "pending": false,
                  "context": null,
                  "code": "cy.log(\"Testing business impact calculations\");\nconst scenarios = [\n    {\n        name: \"Low Security Impact\",\n        levels: [_support_constants__WEBPACK_IMPORTED_MODULE_0__.SECURITY_LEVELS.LOW, _support_constants__WEBPACK_IMPORTED_MODULE_0__.SECURITY_LEVELS.LOW, _support_constants__WEBPACK_IMPORTED_MODULE_0__.SECURITY_LEVELS.LOW],\n    },\n    {\n        name: \"High Security Impact\",\n        levels: [_support_constants__WEBPACK_IMPORTED_MODULE_0__.SECURITY_LEVELS.HIGH, _support_constants__WEBPACK_IMPORTED_MODULE_0__.SECURITY_LEVELS.HIGH, _support_constants__WEBPACK_IMPORTED_MODULE_0__.SECURITY_LEVELS.HIGH],\n    },\n];\nscenarios.forEach((scenario) => {\n    cy.log(`Testing ${scenario.name}`);\n    // Set security levels using custom command\n    cy.setSecurityLevels(scenario.levels[0], scenario.levels[1], scenario.levels[2]);\n    // Look for business impact content\n    cy.get(\"body\").then(($body) => {\n        const text = $body.text().toLowerCase();\n        const impactTerms = [\n            \"impact\",\n            \"risk\",\n            \"business\",\n            \"financial\",\n            \"operational\",\n            \"reputational\",\n            \"cost\",\n        ];\n        const foundTerms = impactTerms.filter((term) => text.includes(term));\n        if (foundTerms.length >= 2) {\n            cy.log(`✓ Business impact analysis displayed for ${scenario.name}`);\n        }\n    });\n    // Take screenshot for documentation\n    cy.screenshot(`business-impact-${scenario.name.toLowerCase().replace(/\\s+/g, \"-\")}`);\n});",
                  "err": {},
                  "uuid": "243964f9-2245-469e-9d1d-df778f5a4804",
                  "parentUUID": "444278a4-a67d-42f8-8356-55935de67e68",
                  "isHook": false,
                  "skipped": false
                }
              ],
              "suites": [],
              "passes": [
                "243964f9-2245-469e-9d1d-df778f5a4804"
              ],
              "failures": [],
              "pending": [],
              "skipped": [],
              "duration": 7180,
              "root": false,
              "rootEmpty": false,
              "_timeout": 2000
            },
            {
              "uuid": "1603f744-af31-47ea-a7d0-991c82d86772",
              "title": "Data Persistence",
              "fullFile": "",
              "file": "",
              "beforeHooks": [],
              "afterHooks": [],
              "tests": [
                {
                  "title": "should persist security level selections across page reloads",
                  "fullTitle": "Security Assessment Flow Data Persistence should persist security level selections across page reloads",
                  "timedOut": null,
                  "duration": 3024,
                  "state": "passed",
                  "speed": "fast",
                  "pass": true,
                  "fail": false,
                  "pending": false,
                  "context": null,
[...]
              "err": {},
              "uuid": "835d9948-9cc5-4966-bc5f-55dd94508f3f",
              "parentUUID": "893090dd-8c90-4893-8350-ab04c99f0136",
              "isHook": false,
              "skipped": false
            },
            {
              "title": "supports widget-specific functionality",
              "fullTitle": "Security Resources Widget Tests supports widget-specific functionality",
              "timedOut": null,
              "duration": 1504,
              "state": "passed",
              "speed": "fast",
              "pass": true,
              "fail": false,
              "pending": false,
              "context": null,
              "code": "// First check if widget exists\nfindWidgetFlexibly(widgetTestId).then(($widget) => {\n    if ($widget.length === 0) {\n        cy.log(`Widget ${widgetName} not found - specific test will be skipped`);\n        cy.screenshot(`missing-widget-${widgetTestId}-specific`);\n        expect(true).to.equal(true); // Soft-pass to avoid failing tests\n        return;\n    }\n    // Add widget to test context so additionalTests can use it\n    // Wrap the FIRST element when multiple are found to avoid errors in widget-specific tests\n    cy.wrap($widget.first()).as(\"currentWidget\");\n    // Run provided tests in try/catch to prevent cascading failures\n    try {\n        additionalTests();\n    }\n    catch (e) {\n        // Handle unknown error type safely\n        const errorMessage = e instanceof Error ? e.message : String(e);\n        cy.log(`Error in additional tests for ${widgetName}: ${errorMessage}`);\n        cy.screenshot(`error-${widgetName}-specific-test`);\n    }\n});",
              "err": {},
              "uuid": "b89e2e62-5b76-4cc3-a6df-c88e50fbc3fb",
              "parentUUID": "893090dd-8c90-4893-8350-ab04c99f0136",
              "isHook": false,
              "skipped": false
            }
          ],
          "suites": [],
          "passes": [
            "3b80423b-5d7f-415e-ae7f-e20fa55cd45f",
            "835d9948-9cc5-4966-bc5f-55dd94508f3f",
            "b89e2e62-5b76-4cc3-a6df-c88e50fbc3fb"
          ],
          "failures": [],
          "pending": [],
          "skipped": [],
          "duration": 8410,
          "root": false,
          "rootEmpty": false,
          "_timeout": 2000
        }
      ],
      "passes": [],
      "failures": [],
      "pending": [],
      "skipped": [],
      "duration": 0,
      "root": true,
      "rootEmpty": true,
      "_timeout": 2000
    },
    {
      "uuid": "d45cad63-b1fa-4629-8dc1-46b911eac34f",
      "title": "",
      "fullFile": "cypress/e2e/widgets/implementationguide/security-visualization.cy.ts",
      "file": "cypress/e2e/widgets/implementationguide/security-visualization.cy.ts",
      "beforeHooks": [],
      "afterHooks": [],
      "tests": [],
      "suites": [
        {
          "uuid": "edd385a1-908a-424b-b092-212fefb56ffd",
          "title": "Security Visualization Widget Tests",
          "fullFile": "",
          "file": "",
          "beforeHooks": [],
          "afterHooks": [],
          "tests": [
            {
              "title": "is visible and contains expected content",
              "fullTitle": "Security Visualization Widget Tests is visible and contains expected content",
              "timedOut": null,
              "duration": 2393,
              "state": "passed",
              "speed": "fast",
              "pass": true,
              "fail": false,
              "pending": false,
              "context": null,
              "code": "// This test uses more flexible widget finding\nfindWidgetFlexibly(widgetTestId).then(($widget) => {\n    if ($widget.length === 0) {\n        cy.log(`Widget ${widgetName} not found - test will be skipped`);\n        cy.screenshot(`missing-widget-${widgetTestId}`);\n        expect(true).to.equal(true); // Soft-pass to avoid failing tests\n        return;\n    }\n    // Check for at least one expected content pattern\n    const widgetText = $widget.text();\n    let foundPattern = false;\n    let matchedPattern = \"\";\n    contentPatterns.forEach((pattern) => {\n        if (typeof pattern === \"string\") {\n            if (widgetText.includes(pattern)) {\n                foundPattern = true;\n                matchedPattern = pattern;\n            }\n        }\n        else if (pattern.test(widgetText)) {\n            foundPattern = true;\n            matchedPattern = pattern.toString();\n        }\n    });\n    if (foundPattern) {\n        cy.log(`Found expected content pattern: ${matchedPattern}`);\n    }\n    else {\n        cy.log(`No expected content patterns found in widget text: ${widgetText.substring(0, 100)}...`);\n    }\n    expect(foundPattern, `Widget should contain at least one expected content pattern`).to.be.true;\n    // Screenshot only on CI or when explicitly enabled via env var\n    if (Cypress.env('CYPRESS_SCREENSHOTS') === true || Cypress.env('CYPRESS_SCREENSHOTS') === 'true' || Cypress.config('isInteractive') === false) {\n        (0,_screenshot_utils__WEBPACK_IMPORTED_MODULE_2__.captureWidgetScreenshot)($widget.first(), `${widgetTestId}-baseline`);\n    }\n});",
              "err": {},
              "uuid": "87b1f73f-03d7-4bf1-ad39-d14caae56af4",
              "parentUUID": "edd385a1-908a-424b-b092-212fefb56ffd",
              "isHook": false,
              "skipped": false
            },
            {
              "title": "updates content when security levels change",
              "fullTitle": "Security Visualization Widget Tests updates content when security levels change",
              "timedOut": null,
              "duration": 4066,
              "state": "passed",
              "speed": "fast",
              "pass": true,
              "fail": false,
              "pending": false,
              "context": null,
              "code": "// First verify if widget exists to avoid cascading failures\nfindWidgetFlexibly(widgetTestId).then(($widget) => {\n    if ($widget.length === 0) {\n        cy.log(`Widget ${widgetName} not found - test will be skipped`);\n        cy.screenshot(`missing-widget-${widgetTestId}-security-change`);\n        expect(true).to.equal(true); // Soft-pass to avoid failing tests\n        return;\n    }\n    const initialContent = $widget.text();\n    // Only test this if we have content to compare against\n    if (initialContent.trim().length === 0) {\n        cy.log(`Widget ${widgetName} has no initial content - test will be skipped`);\n        expect(true).to.equal(true); // Soft-pass to avoid failing tests\n        return;\n    }\n    // Test only HIGH security level to reduce test time (low->high transition covered in security-level-transitions.cy.ts)\n    cy.setSecurityLevels(_constants__WEBPACK_IMPORTED_MODULE_1__.SECURITY_LEVELS.HIGH, _constants__WEBPACK_IMPORTED_MODULE_1__.SECURITY_LEVELS.HIGH, _constants__WEBPACK_IMPORTED_MODULE_1__.SECURITY_LEVELS.HIGH);\n    cy.wait(500); // Reduced wait time\n    // Verify widget still exists and content changed\n    findWidgetFlexibly(widgetTestId).then(($highWidget) => {\n        if ($highWidget.length === 0) {\n            cy.log(`Widget ${widgetName} disappeared after security level change - test will be skipped`);\n            expect(true).to.equal(true); // Soft-pass to avoid failing tests\n            return;\n        }\n        const highContent = $highWidget.text();\n        // Verify content changed from initial moderate level\n        const contentChanged = initialContent !== highContent;\n        if (!contentChanged) {\n            cy.log(`Note: Content did not change between moderate and high security levels for ${widgetName}`);\n        }\n        // Some widgets may not change content, so we just verify it's still rendered\n        expect($highWidget.length).to.be.greaterThan(0);\n    });\n});",
              "err": {},
              "uuid": "6e54140d-e4b6-4988-b82f-64d20bc7dc0c",
              "parentUUID": "edd385a1-908a-424b-b092-212fefb56ffd",
              "isHook": false,
              "skipped": false
            },
            {
              "title": "supports widget-specific functionality",
              "fullTitle": "Security Visualization Widget Tests supports widget-specific functionality",
              "timedOut": null,
              "duration": 1515,
              "state": "passed",
              "speed": "fast",
              "pass": true,
              "fail": false,
              "pending": false,
              "context": null,
              "code": "// First check if widget exists\nfindWidgetFlexibly(widgetTestId).then(($widget) => {\n    if ($widget.length === 0) {\n        cy.log(`Widget ${widgetName} not found - specific test will be skipped`);\n        cy.screenshot(`missing-widget-${widgetTestId}-specific`);\n        expect(true).to.equal(true); // Soft-pass to avoid failing tests\n        return;\n    }\n    // Add widget to test context so additionalTests can use it\n    // Wrap the FIRST element when multiple are found to avoid errors in widget-specific tests\n    cy.wrap($widget.first()).as(\"currentWidget\");\n    // Run provided tests in try/catch to prevent cascading failures\n    try {\n        additionalTests();\n    }\n    catch (e) {\n        // Handle unknown error type safely\n        const errorMessage = e instanceof Error ? e.message : String(e);\n        cy.log(`Error in additional tests for ${widgetName}: ${errorMessage}`);\n        cy.screenshot(`error-${widgetName}-specific-test`);\n    }\n});",
              "err": {},
              "uuid": "e9346e5f-c732-48c4-9959-dd92676f1946",
              "parentUUID": "edd385a1-908a-424b-b092-212fefb56ffd",
              "isHook": false,
              "skipped": false
            }
          ],
          "suites": [],
          "passes": [
            "87b1f73f-03d7-4bf1-ad39-d14caae56af4",
            "6e54140d-e4b6-4988-b82f-64d20bc7dc0c",
            "e9346e5f-c732-48c4-9959-dd92676f1946"
          ],
          "failures": [],
          "pending": [],
          "skipped": [],
          "duration": 7974,
          "root": false,
          "rootEmpty": false,
          "_timeout": 2000
        }
      ],
      "passes": [],
      "failures": [],
      "pending": [],
      "skipped": [],
      "duration": 0,
      "root": true,
      "rootEmpty": true,
      "_timeout": 2000
    },
    {
      "uuid": "d2b6148e-a895-4794-b136-3d3364bef627",
      "title": "",
      "fullFile": "cypress/e2e/widgets/implementationguide/technical-details.cy.ts",
      "file": "cypress/e2e/widgets/implementationguide/technical-details.cy.ts",
      "beforeHooks": [],
      "afterHooks": [],
      "tests": [],
      "suites": [
        {
          "uuid": "97ae6d35-c965-48c9-8916-c727b89c068c",
          "title": "Technical Details Widget Tests",
          "fullFile": "",
          "file": "",
          "beforeHooks": [],
          "afterHooks": [],
          "tests": [
            {
              "title": "is visible and contains expected content",
              "fullTitle": "Technical Details Widget Tests is visible and contains expected content",
              "timedOut": null,
              "duration": 2413,
              "state": "passed",
              "speed": "fast",
              "pass": true,
              "fail": false,
              "pending": false,
              "context": null,
              "code": "// This test uses more flexible widget finding\nfindWidgetFlexibly(widgetTestId).then(($widget) => {\n    if ($widget.length === 0) {\n        cy.log(`Widget ${widgetName} not found - test will be skipped`);\n        cy.screenshot(`missing-widget-${widgetTestId}`);\n        expect(true).to.equal(true); // Soft-pass to avoid failing tests\n        return;\n    }\n    // Check for at least one expected content pattern\n    const widgetText = $widget.text();\n    let foundPattern = false;\n    let matchedPattern = \"\";\n    contentPatterns.forEach((pattern) => {\n        if (typeof pattern === \"string\") {\n            if (widgetText.includes(pattern)) {\n                foundPattern = true;\n                matchedPattern = pattern;\n            }\n        }\n        else if (pattern.test(widgetText)) {\n            foundPattern = true;\n            matchedPattern = pattern.toString();\n        }\n    });\n    if (foundPattern) {\n        cy.log(`Found expected content pattern: ${matchedPattern}`);\n    }\n    else {\n        cy.log(`No expected content patterns found in widget text: ${widgetText.substring(0, 100)}...`);\n    }\n    expect(foundPattern, `Widget should contain at least one expected content pattern`).to.be.true;\n    // Screenshot only on CI or when explicitly enabled via env var\n    if (Cypress.env('CYPRESS_SCREENSHOTS') === true || Cypress.env('CYPRESS_SCREENSHOTS') === 'true' || Cypress.config('isInteractive') === false) {\n        (0,_screenshot_utils__WEBPACK_IMPORTED_MODULE_2__.captureWidgetScreenshot)($widget.first(), `${widgetTestId}-baseline`);\n    }\n});",
              "err": {},
              "uuid": "a98cb075-f12b-4faf-b5a4-10f19aa7720f",
              "parentUUID": "97ae6d35-c965-48c9-8916-c727b89c068c",
              "isHook": false,
              "skipped": false
            },
            {
              "title": "updates content when security levels change",
              "fullTitle": "Technical Details Widget Tests updates content when security levels change",
              "timedOut": null,
              "duration": 4075,
              "state": "passed",
              "speed": "fast",
              "pass": true,
              "fail": false,
              "pending": false,
              "context": null,
              "code": "// First verify if widget exists to avoid cascading failures\nfindWidgetFlexibly(widgetTestId).then(($widget) => {\n    if ($widget.length === 0) {\n        cy.log(`Widget ${widgetName} not found - test will be skipped`);\n        cy.screenshot(`missing-widget-${widgetTestId}-security-change`);\n        expect(true).to.equal(true); // Soft-pass to avoid failing tests\n        return;\n    }\n    const initialContent = $widget.text();\n    // Only test this if we have content to compare against\n    if (initialContent.trim().length === 0) {\n        cy.log(`Widget ${widgetName} has no initial content - test will be skipped`);\n        expect(true).to.equal(true); // Soft-pass to avoid failing tests\n        return;\n    }\n    // Test only HIGH security level to reduce test time (low->high transition covered in security-level-transitions.cy.ts)\n    cy.setSecurityLevels(_constants__WEBPACK_IMPORTED_MODULE_1__.SECURITY_LEVELS.HIGH, _constants__WEBPACK_IMPORTED_MODULE_1__.SECURITY_LEVELS.HIGH, _constants__WEBPACK_IMPORTED_MODULE_1__.SECURITY_LEVELS.HIGH);\n    cy.wait(500); // Reduced wait time\n    // Verify widget still exists and content changed\n    findWidgetFlexibly(widgetTestId).then(($highWidget) => {\n        if ($highWidget.length === 0) {\n            cy.log(`Widget ${widgetName} disappeared after security level change - test will be skipped`);\n            expect(true).to.equal(true); // Soft-pass to avoid failing tests\n            return;\n        }\n        const highContent = $highWidget.text();\n        // Verify content changed from initial moderate level\n        const contentChanged = initialContent !== highContent;\n        if (!contentChanged) {\n            cy.log(`Note: Content did not change between moderate and high security levels for ${widgetName}`);\n        }\n        // Some widgets may not change content, so we just verify it's still rendered\n        expect($highWidget.length).to.be.greaterThan(0);\n    });\n});",
              "err": {},
              "uuid": "7b500180-df22-46a8-87e4-77c5621ae48f",
              "parentUUID": "97ae6d35-c965-48c9-8916-c727b89c068c",
              "isHook": false,
              "skipped": false
            },
            {
              "title": "supports widget-specific functionality",
              "fullTitle": "Technical Details Widget Tests supports widget-specific functionality",
              "timedOut": null,
              "duration": 1931,
              "state": "passed",
              "speed": "fast",
              "pass": true,
              "fail": false,
              "pending": false,
              "context": null,
              "code": "// First check if widget exists\nfindWidgetFlexibly(widgetTestId).then(($widget) => {\n    if ($widget.length === 0) {\n        cy.log(`Widget ${widgetName} not found - specific test will be skipped`);\n        cy.screenshot(`missing-widget-${widgetTestId}-specific`);\n        expect(true).to.equal(true); // Soft-pass to avoid failing tests\n        return;\n    }\n    // Add widget to test context so additionalTests can use it\n    // Wrap the FIRST element when multiple are found to avoid errors in widget-specific tests\n    cy.wrap($widget.first()).as(\"currentWidget\");\n    // Run provided tests in try/catch to prevent cascading failures\n    try {\n        additionalTests();\n    }\n    catch (e) {\n        // Handle unknown error type safely\n        const errorMessage = e instanceof Error ? e.message : String(e);\n        cy.log(`Error in additional tests for ${widgetName}: ${errorMessage}`);\n        cy.screenshot(`error-${widgetName}-specific-test`);\n    }\n});",
              "err": {},
              "uuid": "9e54dabd-3f89-49e8-b97f-e20b53ba5b02",
              "parentUUID": "97ae6d35-c965-48c9-8916-c727b89c068c",
              "isHook": false,
              "skipped": false
            }
          ],
          "suites": [],
          "passes": [
            "a98cb075-f12b-4faf-b5a4-10f19aa7720f",
            "7b500180-df22-46a8-87e4-77c5621ae48f",
            "9e54dabd-3f89-49e8-b97f-e20b53ba5b02"
          ],
          "failures": [],
          "pending": [],
          "skipped": [],
          "duration": 8419,
          "root": false,
          "rootEmpty": false,
          "_timeout": 2000
        }
      ],
      "passes": [],
      "failures": [],
      "pending": [],
      "skipped": [],
      "duration": 0,
      "root": true,
      "rootEmpty": true,
      "_timeout": 2000
    }
  ],
  "meta": {
    "mocha": {
      "version": "7.2.0"
    },
    "mochawesome": {
      "options": {
        "quiet": false,
        "reportFilename": "mochawesome",
        "saveHtml": true,
        "saveJson": true,
        "consoleReporter": "spec",
        "useInlineDiffs": false,
        "code": true
      },
      "version": "8.0.1"
    },
    "marge": {
      "options": {
        "id": "default",
        "reportDir": "build/cypress/mochawesome",
        "overwrite": false,
        "html": true,
        "json": true,
        "code": true,
        "timestamp": "mmddyyyy_HHMMss",
        "charts": true,
        "showHooks": "failed",
        "embeddedScreenshots": true
      },
      "version": "6.3.2"
    }
  }
}