{
  "stats": {
    "suites": 25,
    "tests": 226,
    "passes": 226,
    "pending": 0,
    "failures": 0,
    "testsRegistered": 226,
    "passPercent": 100,
    "pendingPercent": 0,
    "other": 0,
    "hasOther": false,
    "skipped": 0,
    "hasSkipped": false,
    "start": "2026-01-30T14:45:10.062Z",
    "end": "2026-01-30T14:52:06.588Z",
    "duration": 416526
  },
  "results": [
    {
      "uuid": "4a72198d-ac80-4d84-88ca-90dcbf3c8eba",
      "title": "",
      "fullFile": "cypress/e2e/accessibility.cy.ts",
      "file": "cypress/e2e/accessibility.cy.ts",
      "beforeHooks": [],
      "afterHooks": [],
      "tests": [],
      "suites": [
        {
          "uuid": "1d1cb9cb-87ff-4ea6-9885-49b5e80bdb60",
          "title": "Accessibility - WCAG 2.1 AA Compliance",
          "fullFile": "",
          "file": "",
          "beforeHooks": [],
          "afterHooks": [],
          "tests": [],
          "suites": [
            {
              "uuid": "4f79f9ea-5a09-46e1-94a1-04dc944a8c15",
              "title": "Page Structure and Landmarks",
              "fullFile": "",
              "file": "",
              "beforeHooks": [],
              "afterHooks": [],
              "tests": [
                {
                  "title": "should have a valid HTML document structure",
                  "fullTitle": "Accessibility - WCAG 2.1 AA Compliance Page Structure and Landmarks should have a valid HTML document structure",
                  "timedOut": null,
                  "duration": 1481,
                  "state": "passed",
                  "speed": "fast",
                  "pass": true,
                  "fail": false,
                  "pending": false,
                  "context": null,
                  "code": "// Check for html lang attribute\ncy.get('html').should('have.attr', 'lang');\n// Verify document has a title\ncy.title().should('not.be.empty');",
                  "err": {},
                  "uuid": "d3eb6edc-140d-4fe6-b673-ef061393b299",
                  "parentUUID": "4f79f9ea-5a09-46e1-94a1-04dc944a8c15",
                  "isHook": false,
                  "skipped": false
                },
                {
                  "title": "should have proper landmark regions",
                  "fullTitle": "Accessibility - WCAG 2.1 AA Compliance Page Structure and Landmarks should have proper landmark regions",
                  "timedOut": null,
                  "duration": 606,
                  "state": "passed",
                  "speed": "fast",
                  "pass": true,
                  "fail": false,
                  "pending": false,
                  "context": null,
                  "code": "// Main content should be present\ncy.get('body').then(($body) => {\n    const hasMain = $body.find('main, [role=\"main\"]').length > 0;\n    if (hasMain) {\n        cy.get('main, [role=\"main\"]').should('exist');\n        cy.log('Found main landmark region');\n    }\n    else {\n        // If no main element, at least check page rendered\n        cy.get('body').should('not.be.empty');\n        cy.log('No main landmark - page rendered without main element');\n    }\n});",
                  "err": {},
                  "uuid": "da9de162-42e5-42aa-81fa-f5b625ef0ff2",
                  "parentUUID": "4f79f9ea-5a09-46e1-94a1-04dc944a8c15",
                  "isHook": false,
                  "skipped": false
                },
                {
                  "title": "should have a logical heading hierarchy",
                  "fullTitle": "Accessibility - WCAG 2.1 AA Compliance Page Structure and Landmarks should have a logical heading hierarchy",
                  "timedOut": null,
                  "duration": 544,
                  "state": "passed",
                  "speed": "fast",
                  "pass": true,
                  "fail": false,
                  "pending": false,
                  "context": null,
                  "code": "// Check if any headings exist\ncy.get('body').then(($body) => {\n    const headings = $body.find('h1, h2, h3, h4, h5, h6');\n    if (headings.length > 0) {\n        // Verify heading hierarchy follows WCAG guidelines\n        // - Should start with h1 (if present)\n        // - When increasing depth, should not skip levels (e.g., h1 to h3 is invalid)\n        // - Can decrease to any previous level (e.g., h4 back to h2 is valid)\n        const headingLevels = headings.toArray().map(h => parseInt(h.tagName.charAt(1)));\n        // Check if first heading is h1 (recommended but not required)\n        if (headingLevels[0] > 1) {\n            cy.log(`Warning: First heading is h${headingLevels[0]}, recommend starting with h1`);\n        }\n        // Check for skipped levels when increasing depth\n        for (let i = 1; i < headingLevels.length; i++) {\n            const prev = headingLevels[i - 1];\n            const curr = headingLevels[i];\n            const diff = curr - prev;\n            // Only validate when going deeper (increasing heading number)\n            if (diff > 1) {\n                // This violates WCAG - you can't skip heading levels going deeper\n                cy.log(`Warning: Heading hierarchy skips from h${prev} to h${curr} at index ${i}`);\n                // Don't fail the test, just warn - allows for flexible page structures\n            }\n        }\n        cy.log(`Heading hierarchy check complete - found ${headingLevels.length} headings`);\n    }\n    else {\n        // Skip if no headings found (app may not have loaded)\n        cy.log('No headings found - skipping hierarchy check');\n    }\n});",
                  "err": {},
                  "uuid": "cbd3c418-b50c-4f1c-8dfd-98e32479e509",
                  "parentUUID": "4f79f9ea-5a09-46e1-94a1-04dc944a8c15",
                  "isHook": false,
                  "skipped": false
                }
              ],
              "suites": [],
              "passes": [
                "d3eb6edc-140d-4fe6-b673-ef061393b299",
                "da9de162-42e5-42aa-81fa-f5b625ef0ff2",
                "cbd3c418-b50c-4f1c-8dfd-98e32479e509"
              ],
              "failures": [],
              "pending": [],
              "skipped": [],
              "duration": 2631,
              "root": false,
              "rootEmpty": false,
              "_timeout": 2000
            },
            {
              "uuid": "3178e39a-27a8-4baa-981c-915930eb756a",
              "title": "Keyboard Navigation - Global",
              "fullFile": "",
              "file": "",
              "beforeHooks": [],
              "afterHooks": [],
              "tests": [
                {
                  "title": "should allow tabbing through all interactive elements",
                  "fullTitle": "Accessibility - WCAG 2.1 AA Compliance Keyboard Navigation - Global should allow tabbing through all interactive elements",
                  "timedOut": null,
                  "duration": 676,
                  "state": "passed",
                  "speed": "fast",
                  "pass": true,
                  "fail": false,
                  "pending": false,
                  "context": null,
                  "code": "// Get all focusable elements\nconst focusableSelectors = 'a, button, input, select, textarea, [tabindex]:not([tabindex=\"-1\"])';\ncy.get(focusableSelectors).first().focus();\ncy.focused().should('exist');\n// Tab through some elements\ncy.realPress('Tab');\ncy.focused().should('exist');\ncy.realPress('Tab');\ncy.focused().should('exist');",
                  "err": {},
                  "uuid": "1304546e-c8fa-4ef8-931a-6788a8db4f5b",
                  "parentUUID": "3178e39a-27a8-4baa-981c-915930eb756a",
                  "isHook": false,
                  "skipped": false
                },
                {
                  "title": "should show visible focus indicators",
                  "fullTitle": "Accessibility - WCAG 2.1 AA Compliance Keyboard Navigation - Global should show visible focus indicators",
                  "timedOut": null,
                  "duration": 449,
                  "state": "passed",
                  "speed": "fast",
                  "pass": true,
                  "fail": false,
                  "pending": false,
                  "context": null,
                  "code": "// Focus first interactive element\ncy.get('button').first().focus();\n// Check that focused element has visible styling\ncy.focused().should('be.visible');\ncy.focused().should('have.css', 'outline').and('not.equal', 'none');",
                  "err": {},
                  "uuid": "fe007fa6-ffce-48ca-b348-4b61872595e7",
                  "parentUUID": "3178e39a-27a8-4baa-981c-915930eb756a",
                  "isHook": false,
                  "skipped": false
                },
                {
                  "title": "should support Shift+Tab for backward navigation",
                  "fullTitle": "Accessibility - WCAG 2.1 AA Compliance Keyboard Navigation - Global should support Shift+Tab for backward navigation",
                  "timedOut": null,
                  "duration": 597,
                  "state": "passed",
                  "speed": "fast",
                  "pass": true,
                  "fail": false,
                  "pending": false,
                  "context": null,
                  "code": "// Focus on an element in the middle\ncy.get('button').eq(2).focus();\nconst initialElement = cy.focused();\n// Press Shift+Tab\ncy.realPress(['Shift', 'Tab']);\n// Should focus previous element\ncy.focused().should('not.equal', initialElement);",
                  "err": {},
                  "uuid": "71a60829-9948-4482-af61-8c4d816fd35c",
                  "parentUUID": "3178e39a-27a8-4baa-981c-915930eb756a",
                  "isHook": false,
                  "skipped": false
                }
              ],
              "suites": [],
              "passes": [
                "1304546e-c8fa-4ef8-931a-6788a8db4f5b",
                "fe007fa6-ffce-48ca-b348-4b61872595e7",
                "71a60829-9948-4482-af61-8c4d816fd35c"
              ],
              "failures": [],
              "pending": [],
              "skipped": [],
              "duration": 1722,
              "root": false,
              "rootEmpty": false,
              "_timeout": 2000
            },
            {
              "uuid": "02941ca8-734c-4d7e-9b1c-cf0d62342cbe",
              "title": "SecuritySummaryWidget - Accessibility",
              "fullFile": "",
              "file": "",
              "beforeHooks": [],
              "afterHooks": [],
              "tests": [
                {
                  "title": "should have accessible tab navigation with ARIA attributes",
                  "fullTitle": "Accessibility - WCAG 2.1 AA Compliance SecuritySummaryWidget - Accessibility should have accessible tab navigation with ARIA attributes",
                  "timedOut": null,
                  "duration": 376,
                  "state": "passed",
                  "speed": "fast",
                  "pass": true,
                  "fail": false,
                  "pending": false,
                  "context": null,
                  "code": "// Check if widget exists, otherwise skip\ncy.get('body').then(($body) => {\n    if ($body.find('[role=\"tablist\"]').length > 0) {\n        cy.get('[role=\"tablist\"]').first().within(() => {\n            // Verify tabs have proper ARIA attributes\n            cy.get('[role=\"tab\"]').each(($tab) => {\n                // Each tab should have aria-selected\n                cy.wrap($tab).should('have.attr', 'aria-selected');\n                // Each tab should control a panel\n                cy.wrap($tab).should('have.attr', 'aria-controls');\n            });\n            // Verify exactly one tab is selected\n            cy.get('[role=\"tab\"][aria-selected=\"true\"]').should('have.length.at.least', 1);\n        });\n        // Verify tab panels exist\n        cy.get('[role=\"tabpanel\"]').should('exist');\n    }\n    else {\n        cy.log('No tab widgets found - skipping tab ARIA check');\n    }\n});",
                  "err": {},
                  "uuid": "36bbae06-6589-4579-bf29-08a1b9e61352",
                  "parentUUID": "02941ca8-734c-4d7e-9b1c-cf0d62342cbe",
                  "isHook": false,
                  "skipped": false
                },
                {
                  "title": "should support keyboard navigation through tabs",
                  "fullTitle": "Accessibility - WCAG 2.1 AA Compliance SecuritySummaryWidget - Accessibility should support keyboard navigation through tabs",
                  "timedOut": null,
                  "duration": 382,
                  "state": "passed",
                  "speed": "fast",
                  "pass": true,
                  "fail": false,
                  "pending": false,
                  "context": null,
                  "code": "// Check if tabs exist\ncy.get('body').then(($body) => {\n    if ($body.find('[role=\"tab\"]').length > 1) {\n        // Focus first tab\n        cy.get('[role=\"tab\"]').first().focus();\n        cy.focused().should('exist');\n        // Test basic arrow key navigation exists (implementation may vary)\n        cy.focused().trigger('keydown', { key: 'ArrowRight' });\n        cy.focused().should('exist');\n    }\n    else {\n        cy.log('Not enough tabs found for keyboard navigation test');\n    }\n});",
                  "err": {},
                  "uuid": "196ce1e4-947d-4237-b176-bccbfeede7b4",
                  "parentUUID": "02941ca8-734c-4d7e-9b1c-cf0d62342cbe",
                  "isHook": false,
                  "skipped": false
                },
                {
                  "title": "should have accessible labels and descriptions",
                  "fullTitle": "Accessibility - WCAG 2.1 AA Compliance SecuritySummaryWidget - Accessibility should have accessible labels and descriptions",
                  "timedOut": null,
                  "duration": 435,
                  "state": "passed",
                  "speed": "fast",
                  "pass": true,
                  "fail": false,
                  "pending": false,
                  "context": null,
                  "code": "// Check for any widgets with ARIA labels/regions\ncy.get('body').then(($body) => {\n    const hasRegions = $body.find('[role=\"region\"]').length > 0;\n    const hasAriaAttrs = $body.find('[aria-label], [aria-labelledby], [aria-describedby]').length > 0;\n    if (hasRegions) {\n        cy.get('[role=\"region\"]').should('exist');\n        cy.log('Found ARIA regions with proper accessibility');\n    }\n    else if (hasAriaAttrs) {\n        cy.get('[aria-label], [aria-labelledby], [aria-describedby]').should('exist');\n        cy.log('Found elements with ARIA labels/descriptions');\n    }\n    else {\n        cy.log('No ARIA regions or labels found - page may be in loading state');\n    }\n});",
                  "err": {},
                  "uuid": "b307511f-b772-4604-8260-3b8d6979e9d2",
                  "parentUUID": "02941ca8-734c-4d7e-9b1c-cf0d62342cbe",
                  "isHook": false,
                  "skipped": false
                },
                {
                  "title": "should announce dynamic changes to screen readers",
                  "fullTitle": "Accessibility - WCAG 2.1 AA Compliance SecuritySummaryWidget - Accessibility should announce dynamic changes to screen readers",
                  "timedOut": null,
                  "duration": 399,
                  "state": "passed",
                  "speed": "fast",
                  "pass": true,
                  "fail": false,
                  "pending": false,
                  "context": null,
                  "code": "// Check for live regions in the page\ncy.get('body').then(($body) => {\n    const hasLiveRegions = $body.find('[aria-live], [role=\"status\"], [role=\"alert\"]').length > 0;\n    if (hasLiveRegions) {\n        cy.get('[aria-live], [role=\"status\"], [role=\"alert\"]').should('exist');\n    }\n    else {\n        cy.log('No live regions found - may not be needed for current page state');\n    }\n});",
                  "err": {},
                  "uuid": "bb2a0fa8-697d-49ad-932f-5017576ad9c3",
                  "parentUUID": "02941ca8-734c-4d7e-9b1c-cf0d62342cbe",
                  "isHook": false,
                  "skipped": false
                },
                {
                  "title": "should hide decorative elements from screen readers",
                  "fullTitle": "Accessibility - WCAG 2.1 AA Compliance SecuritySummaryWidget - Accessibility should hide decorative elements from screen readers",
                  "timedOut": null,
                  "duration": 414,
                  "state": "passed",
                  "speed": "fast",
                  "pass": true,
                  "fail": false,
                  "pending": false,
                  "context": null,
                  "code": "// Check if any decorative elements are properly hidden\ncy.get('body').then(($body) => {\n    const decorative = $body.find('[aria-hidden=\"true\"]');\n    if (decorative.length > 0) {\n        cy.get('[aria-hidden=\"true\"]').should('exist');\n        cy.log(`Found ${decorative.length} decorative elements properly hidden`);\n    }\n    else {\n        cy.log('No explicitly decorative elements found (or none marked)');\n    }\n});",
                  "err": {},
                  "uuid": "3803fa59-0507-4b08-9a31-25ee408ae1c8",
                  "parentUUID": "02941ca8-734c-4d7e-9b1c-cf0d62342cbe",
                  "isHook": false,
                  "skipped": false
                }
              ],
              "suites": [],
              "passes": [
                "36bbae06-6589-4579-bf29-08a1b9e61352",
                "196ce1e4-947d-4237-b176-bccbfeede7b4",
                "b307511f-b772-4604-8260-3b8d6979e9d2",
                "bb2a0fa8-697d-49ad-932f-5017576ad9c3",
                "3803fa59-0507-4b08-9a31-25ee408ae1c8"
              ],
              "failures": [],
              "pending": [],
              "skipped": [],
              "duration": 2006,
              "root": false,
              "rootEmpty": false,
              "_timeout": 2000
            },
            {
              "uuid": "7cb025a7-5145-443d-b92d-79be1aad55f5",
              "title": "Form Elements - Accessibility",
              "fullFile": "",
              "file": "",
              "beforeHooks": [],
              "afterHooks": [],
              "tests": [
                {
                  "title": "should have labels for all form inputs",
                  "fullTitle": "Accessibility - WCAG 2.1 AA Compliance Form Elements - Accessibility should have labels for all form inputs",
                  "timedOut": null,
                  "duration": 424,
                  "state": "passed",
                  "speed": "fast",
                  "pass": true,
                  "fail": false,
                  "pending": false,
                  "context": null,
                  "code": "// Find all inputs\ncy.get('input, select, textarea').each(($input) => {\n    const id = $input.attr('id');\n    const ariaLabel = $input.attr('aria-label');\n    const ariaLabelledby = $input.attr('aria-labelledby');\n    // Input should have either: id with label, aria-label, or aria-labelledby\n    expect((id && cy.get(`label[for=\"${id}\"]`).should('exist')) ||\n        ariaLabel ||\n        ariaLabelledby).to.exist;\n});",
                  "err": {},
                  "uuid": "08aa9d19-8ec1-468d-8d46-94bc4cbc1067",
                  "parentUUID": "7cb025a7-5145-443d-b92d-79be1aad55f5",
                  "isHook": false,
                  "skipped": false
                },
                {
                  "title": "should mark required fields appropriately",
                  "fullTitle": "Accessibility - WCAG 2.1 AA Compliance Form Elements - Accessibility should mark required fields appropriately",
                  "timedOut": null,
                  "duration": 354,
                  "state": "passed",
                  "speed": "fast",
                  "pass": true,
                  "fail": false,
                  "pending": false,
                  "context": null,
                  "code": "// Check if there are any required fields\ncy.get('body').then(($body) => {\n    const requiredFields = $body.find('input[required], select[required], textarea[required]');\n    if (requiredFields.length > 0) {\n        requiredFields.each((index, field) => {\n            // Required fields should have aria-required or required attribute\n            const hasAriaRequired = field.getAttribute('aria-required') === 'true';\n            const hasRequired = field.hasAttribute('required');\n            expect(hasAriaRequired || hasRequired).to.be.true;\n        });\n    }\n    else {\n        cy.log('No required form fields found on page');\n    }\n});",
                  "err": {},
                  "uuid": "55504abf-6289-439d-ad67-7d9426304b6e",
                  "parentUUID": "7cb025a7-5145-443d-b92d-79be1aad55f5",
                  "isHook": false,
                  "skipped": false
                }
              ],
              "suites": [],
              "passes": [
                "08aa9d19-8ec1-468d-8d46-94bc4cbc1067",
                "55504abf-6289-439d-ad67-7d9426304b6e"
              ],
              "failures": [],
              "pending": [],
              "skipped": [],
              "duration": 778,
              "root": false,
              "rootEmpty": false,
              "_timeout": 2000
            },
            {
              "uuid": "53b3c3d5-1800-48fe-b49a-ce9c573997f2",
              "title": "Interactive Elements - Keyboard Accessibility",
              "fullFile": "",
              "file": "",
              "beforeHooks": [],
              "afterHooks": [],
              "tests": [
                {
                  "title": "should activate buttons with Enter key",
                  "fullTitle": "Accessibility - WCAG 2.1 AA Compliance Interactive Elements - Keyboard Accessibility should activate buttons with Enter key",
                  "timedOut": null,
                  "duration": 445,
                  "state": "passed",
                  "speed": "fast",
                  "pass": true,
                  "fail": false,
                  "pending": false,
                  "context": null,
                  "code": "// Check if buttons exist\ncy.get('body').then(($body) => {\n    if ($body.find('button').length > 0) {\n        cy.get('button').first().focus();\n        cy.focused().trigger('keydown', { key: 'Enter' });\n        cy.log('Button activated with Enter key');\n    }\n    else {\n        cy.log('No buttons found for keyboard test');\n    }\n});",
                  "err": {},
                  "uuid": "6347d63f-3f4d-4680-b0bc-c5e6ba1b1cc5",
                  "parentUUID": "53b3c3d5-1800-48fe-b49a-ce9c573997f2",
                  "isHook": false,
                  "skipped": false
                },
                {
                  "title": "should activate buttons with Space key",
                  "fullTitle": "Accessibility - WCAG 2.1 AA Compliance Interactive Elements - Keyboard Accessibility should activate buttons with Space key",
                  "timedOut": null,
                  "duration": 458,
                  "state": "passed",
                  "speed": "fast",
                  "pass": true,
                  "fail": false,
                  "pending": false,
                  "context": null,
                  "code": "cy.get('body').then(($body) => {\n    if ($body.find('button').length > 0) {\n        cy.get('button').first().focus();\n        cy.focused().trigger('keydown', { key: ' ' });\n        cy.log('Button activated with Space key');\n    }\n    else {\n        cy.log('No buttons found for keyboard test');\n    }\n});",
                  "err": {},
                  "uuid": "de9234ff-47d9-45ad-8111-87fc0acd93ab",
                  "parentUUID": "53b3c3d5-1800-48fe-b49a-ce9c573997f2",
                  "isHook": false,
                  "skipped": false
                },
                {
                  "title": "should have proper button roles and accessible names",
                  "fullTitle": "Accessibility - WCAG 2.1 AA Compliance Interactive Elements - Keyboard Accessibility should have proper button roles and accessible names",
                  "timedOut": null,
                  "duration": 447,
                  "state": "passed",
                  "speed": "fast",
                  "pass": true,
                  "fail": false,
                  "pending": false,
                  "context": null,
                  "code": "cy.get('body').then(($body) => {\n    const buttons = $body.find('button');\n    if (buttons.length > 0) {\n        buttons.each((index, button) => {\n            var _a;\n            // Each button should have accessible text or aria-label\n            const text = (_a = button.textContent) === null || _a === void 0 ? void 0 : _a.trim();\n            const ariaLabel = button.getAttribute('aria-label');\n            const ariaLabelledby = button.getAttribute('aria-labelledby');\n            expect(text || ariaLabel || ariaLabelledby, `Button ${index} should have accessible name`).to.exist;\n        });\n    }\n    else {\n        cy.log('No buttons found for accessibility name check');\n    }\n});",
                  "err": {},
                  "uuid": "2db01ab8-8230-44f8-b3c8-ba392a4141c5",
                  "parentUUID": "53b3c3d5-1800-48fe-b49a-ce9c573997f2",
                  "isHook": false,
                  "skipped": false
                }
              ],
              "suites": [],
              "passes": [
                "6347d63f-3f4d-4680-b0bc-c5e6ba1b1cc5",
                "de9234ff-47d9-45ad-8111-87fc0acd93ab",
                "2db01ab8-8230-44f8-b3c8-ba392a4141c5"
              ],
              "failures": [],
              "pending": [],
              "skipped": [],
              "duration": 1350,
              "root": false,
              "rootEmpty": false,
              "_timeout": 2000
            },
            {
              "uuid": "d6da274d-c318-4ad3-874c-10d33c7374e7",
              "title": "Color Contrast - WCAG AA Compliance",
              "fullFile": "",
              "file": "",
              "beforeHooks": [],
              "afterHooks": [],
              "tests": [
                {
                  "title": "should have sufficient contrast for normal text",
                  "fullTitle": "Accessibility - WCAG 2.1 AA Compliance Color Contrast - WCAG AA Compliance should have sufficient contrast for normal text",
                  "timedOut": null,
                  "duration": 444,
                  "state": "passed",
                  "speed": "fast",
                  "pass": true,
                  "fail": false,
                  "pending": false,
                  "context": null,
                  "code": "// WITH CYPRESS-AXE: Uncomment to check with axe-core\n// cy.checkA11y(null, {\n//   rules: {\n//     'color-contrast': { enabled: true }\n//   }\n// });\n// Manual check: verify text is readable and visible\ncy.get('body').should('be.visible');\ncy.log('Visual contrast check passed - text appears readable');",
                  "err": {},
                  "uuid": "1d2f454b-d23c-47eb-b3d5-41b77e5be08b",
                  "parentUUID": "d6da274d-c318-4ad3-874c-10d33c7374e7",
                  "isHook": false,
                  "skipped": false
                },
                {
                  "title": "should have sufficient contrast for interactive elements",
                  "fullTitle": "Accessibility - WCAG 2.1 AA Compliance Color Contrast - WCAG AA Compliance should have sufficient contrast for interactive elements",
                  "timedOut": null,
                  "duration": 614,
                  "state": "passed",
                  "speed": "fast",
                  "pass": true,
                  "fail": false,
                  "pending": false,
                  "context": null,
                  "code": "// Verify buttons and links exist and are visible\ncy.get('body').then(($body) => {\n    const interactive = $body.find('button:visible, a:visible');\n    if (interactive.length > 0) {\n        cy.log(`Found ${interactive.length} visible interactive elements`);\n    }\n    else {\n        cy.log('No visible interactive elements found (page may still be loading)');\n    }\n});",
                  "err": {},
                  "uuid": "dcb40b0c-26b7-40a4-9bc0-d3a9ec01750f",
                  "parentUUID": "d6da274d-c318-4ad3-874c-10d33c7374e7",
                  "isHook": false,
                  "skipped": false
                }
              ],
              "suites": [],
              "passes": [
                "1d2f454b-d23c-47eb-b3d5-41b77e5be08b",
                "dcb40b0c-26b7-40a4-9bc0-d3a9ec01750f"
              ],
              "failures": [],
              "pending": [],
              "skipped": [],
              "duration": 1058,
              "root": false,
              "rootEmpty": false,
              "_timeout": 2000
            },
            {
              "uuid": "b529f7dd-9c2e-475c-b1d5-e0efc61d659c",
              "title": "Images and Media - Alternative Text",
              "fullFile": "",
              "file": "",
              "beforeHooks": [],
              "afterHooks": [],
              "tests": [
                {
                  "title": "should have alt text for all informative images",
                  "fullTitle": "Accessibility - WCAG 2.1 AA Compliance Images and Media - Alternative Text should have alt text for all informative images",
                  "timedOut": null,
                  "duration": 426,
                  "state": "passed",
                  "speed": "fast",
                  "pass": true,
                  "fail": false,
                  "pending": false,
                  "context": null,
                  "code": "cy.get('body').then(($body) => {\n    const images = $body.find('img');\n    if (images.length > 0) {\n        images.each((index, img) => {\n            const alt = img.getAttribute('alt');\n            const role = img.getAttribute('role');\n            // Informative images should have alt text\n            // Decorative images should have empty alt or role=\"presentation\"\n            expect(alt !== null ||\n                role === 'presentation' ||\n                role === 'none', `Image ${index} should have alt attribute or be marked as decorative`).to.be.true;\n        });\n    }\n    else {\n        cy.log('No images found on page');\n    }\n});",
                  "err": {},
                  "uuid": "5db7fd49-545c-41c9-8356-349fd5e5156d",
                  "parentUUID": "b529f7dd-9c2e-475c-b1d5-e0efc61d659c",
                  "isHook": false,
                  "skipped": false
                }
              ],
              "suites": [],
              "passes": [
                "5db7fd49-545c-41c9-8356-349fd5e5156d"
              ],
              "failures": [],
              "pending": [],
              "skipped": [],
              "duration": 426,
              "root": false,
              "rootEmpty": false,
              "_timeout": 2000
            },
            {
              "uuid": "55235ed0-368c-4fcd-8d94-ed10467fb37e",
              "title": "ARIA - Proper Usage",
              "fullFile": "",
              "file": "",
              "beforeHooks": [],
              "afterHooks": [],
              "tests": [
                {
                  "title": "should not use invalid ARIA attributes",
                  "fullTitle": "Accessibility - WCAG 2.1 AA Compliance ARIA - Proper Usage should not use invalid ARIA attributes",
                  "timedOut": null,
                  "duration": 465,
                  "state": "passed",
                  "speed": "fast",
                  "pass": true,
                  "fail": false,
                  "pending": false,
                  "context": null,
                  "code": "// Check that ARIA attributes are used correctly\ncy.get('body').then(($body) => {\n    const elementsWithRole = $body.find('[role]');\n    if (elementsWithRole.length > 0) {\n        elementsWithRole.each((index, el) => {\n            const role = el.getAttribute('role');\n            // Verify role is a valid ARIA role (not exhaustive, but common ones)\n            const validRoles = [\n                'button', 'link', 'navigation', 'main', 'complementary', 'banner',\n                'contentinfo', 'region', 'article', 'tab', 'tabpanel', 'tablist',\n                'status', 'alert', 'dialog', 'menu', 'menuitem', 'list', 'listitem',\n                'img', 'progressbar', 'checkbox', 'radio', 'textbox', 'group', 'search',\n                'form', 'heading', 'row', 'cell', 'grid', 'gridcell', 'table'\n            ];\n            expect(validRoles, `Element with role=\"${role}\" should use valid ARIA role`).to.include(role);\n        });\n    }\n    else {\n        cy.log('No ARIA roles found - may use native HTML semantics');\n    }\n});",
                  "err": {},
                  "uuid": "3c8c7d64-3dbd-4b80-933b-e3b877de0f75",
                  "parentUUID": "55235ed0-368c-4fcd-8d94-ed10467fb37e",
                  "isHook": false,
                  "skipped": false
                },
                {
                  "title": "should have proper ARIA relationships",
                  "fullTitle": "Accessibility - WCAG 2.1 AA Compliance ARIA - Proper Usage should have proper ARIA relationships",
                  "timedOut": null,
                  "duration": 427,
                  "state": "passed",
                  "speed": "fast",
                  "pass": true,
                  "fail": false,
                  "pending": false,
                  "context": null,
                  "code": "cy.get('body').then(($body) => {\n    // Check aria-labelledby references\n    const labelledbyElements = $body.find('[aria-labelledby]');\n    if (labelledbyElements.length > 0) {\n        labelledbyElements.each((index, el) => {\n            var _a;\n            const labelIds = ((_a = el.getAttribute('aria-labelledby')) === null || _a === void 0 ? void 0 : _a.split(' ')) || [];\n            labelIds.forEach(labelId => {\n                const labelExists = $body.find(`#${CSS.escape(labelId)}`).length > 0;\n                expect(labelExists, `aria-labelledby references ID \"${labelId}\" which should exist`).to.be.true;\n            });\n        });\n    }\n    // Check aria-describedby references\n    const describedbyElements = $body.find('[aria-describedby]');\n    if (describedbyElements.length > 0) {\n        describedbyElements.each((index, el) => {\n            var _a;\n            const descIds = ((_a = el.getAttribute('aria-describedby')) === null || _a === void 0 ? void 0 : _a.split(' ')) || [];\n            descIds.forEach(descId => {\n                const descExists = $body.find(`#${CSS.escape(descId)}`).length > 0;\n                expect(descExists, `aria-describedby references ID \"${descId}\" which should exist`).to.be.true;\n            });\n        });\n    }\n    // Check aria-controls references\n    const controlsElements = $body.find('[aria-controls]');\n    if (controlsElements.length > 0) {\n        controlsElements.each((index, el) => {\n            var _a;\n            const controlIds = ((_a = el.getAttribute('aria-controls')) === null || _a === void 0 ? void 0 : _a.split(' ')) || [];\n            controlIds.forEach(controlId => {\n                const controlExists = $body.find(`#${CSS.escape(controlId)}`).length > 0;\n                expect(controlExists, `aria-controls references ID \"${controlId}\" which should exist`).to.be.true;\n            });\n        });\n    }\n    if (labelledbyElements.length === 0 && describedbyElements.length === 0 && controlsElements.length === 0) {\n        cy.log('No ARIA relationship attributes found');\n    }\n});",
                  "err": {},
                  "uuid": "e5a4dd1d-faf8-43d5-aba3-f511b3ad9ed2",
                  "parentUUID": "55235ed0-368c-4fcd-8d94-ed10467fb37e",
                  "isHook": false,
                  "skipped": false
                }
              ],
              "suites": [],
              "passes": [
                "3c8c7d64-3dbd-4b80-933b-e3b877de0f75",
                "e5a4dd1d-faf8-43d5-aba3-f511b3ad9ed2"
              ],
              "failures": [],
              "pending": [],
              "skipped": [],
              "duration": 892,
              "root": false,
              "rootEmpty": false,
              "_timeout": 2000
            },
            {
              "uuid": "0b6cf3e7-c3c5-4deb-94a2-801f5328a5ae",
              "title": "Screen Reader - Semantic HTML",
              "fullFile": "",
              "file": "",
              "beforeHooks": [],
              "afterHooks": [],
              "tests": [
                {
                  "title": "should use semantic HTML elements",
                  "fullTitle": "Accessibility - WCAG 2.1 AA Compliance Screen Reader - Semantic HTML should use semantic HTML elements",
                  "timedOut": null,
                  "duration": 421,
                  "state": "passed",
                  "speed": "fast",
                  "pass": true,
                  "fail": false,
                  "pending": false,
                  "context": null,
                  "code": "// Check that page has some semantic structure\ncy.get('body').then(($body) => {\n    const semanticElements = $body.find('header, nav, main, section, article, aside, footer, [role=\"banner\"], [role=\"navigation\"], [role=\"main\"], [role=\"region\"]');\n    if (semanticElements.length > 0) {\n        cy.log(`Found ${semanticElements.length} semantic elements`);\n    }\n    else {\n        cy.log('No semantic HTML elements found - consider adding for better accessibility');\n    }\n});",
                  "err": {},
                  "uuid": "ed9a6cd8-8a16-4c04-b94b-db874d4dd842",
                  "parentUUID": "0b6cf3e7-c3c5-4deb-94a2-801f5328a5ae",
                  "isHook": false,
                  "skipped": false
                },
                {
                  "title": "should not have empty links or buttons",
                  "fullTitle": "Accessibility - WCAG 2.1 AA Compliance Screen Reader - Semantic HTML should not have empty links or buttons",
                  "timedOut": null,
                  "duration": 426,
                  "state": "passed",
                  "speed": "fast",
                  "pass": true,
                  "fail": false,
                  "pending": false,
                  "context": null,
                  "code": "cy.get('body').then(($body) => {\n    const interactive = $body.find('a, button');\n    if (interactive.length > 0) {\n        interactive.each((index, el) => {\n            var _a;\n            const text = (_a = el.textContent) === null || _a === void 0 ? void 0 : _a.trim();\n            const ariaLabel = el.getAttribute('aria-label');\n            const ariaLabelledby = el.getAttribute('aria-labelledby');\n            const title = el.getAttribute('title');\n            // Interactive elements should have some form of accessible text\n            expect((text && text.length > 0) ||\n                ariaLabel ||\n                ariaLabelledby ||\n                title, `Interactive element ${index} should have accessible text`).to.be.true;\n        });\n    }\n    else {\n        cy.log('No interactive elements (links/buttons) found');\n    }\n});",
                  "err": {},
                  "uuid": "dfaeca08-169f-47d6-879b-8eb49afd4198",
                  "parentUUID": "0b6cf3e7-c3c5-4deb-94a2-801f5328a5ae",
                  "isHook": false,
                  "skipped": false
                }
              ],
              "suites": [],
              "passes": [
                "ed9a6cd8-8a16-4c04-b94b-db874d4dd842",
                "dfaeca08-169f-47d6-879b-8eb49afd4198"
              ],
              "failures": [],
              "pending": [],
              "skipped": [],
              "duration": 847,
              "root": false,
              "rootEmpty": false,
              "_timeout": 2000
            },
            {
              "uuid": "eaaccf7d-a2f4-40a1-b644-d2038135932a",
              "title": "Focus Management",
              "fullFile": "",
              "file": "",
              "beforeHooks": [],
              "afterHooks": [],
              "tests": [
                {
                  "title": "should trap focus in modal dialogs",
                  "fullTitle": "Accessibility - WCAG 2.1 AA Compliance Focus Management should trap focus in modal dialogs",
                  "timedOut": null,
                  "duration": 444,
                  "state": "passed",
                  "speed": "fast",
                  "pass": true,
                  "fail": false,
                  "pending": false,
                  "context": null,
                  "code": "// This test would need to be updated based on actual modal implementation\n// Check if any modals exist\ncy.get('body').then(($body) => {\n    const modals = $body.find('[role=\"dialog\"], [role=\"alertdialog\"], .modal');\n    if (modals.length > 0) {\n        cy.log(`Found ${modals.length} modal dialogs`);\n    }\n    else {\n        cy.log('No modal dialogs found - test skipped');\n    }\n});",
                  "err": {},
                  "uuid": "e3318125-d5d0-4a26-a791-c55c90d930af",
                  "parentUUID": "eaaccf7d-a2f4-40a1-b644-d2038135932a",
                  "isHook": false,
                  "skipped": false
                },
                {
                  "title": "should restore focus when modal closes",
                  "fullTitle": "Accessibility - WCAG 2.1 AA Compliance Focus Management should restore focus when modal closes",
                  "timedOut": null,
                  "duration": 447,
                  "state": "passed",
                  "speed": "fast",
                  "pass": true,
                  "fail": false,
                  "pending": false,
                  "context": null,
                  "code": "// Verify focus returns to trigger element when modal closes\n// This would be tested with actual modal interaction\ncy.log('Focus restoration test - requires modal interaction implementation');",
                  "err": {},
                  "uuid": "75cd1706-dee8-43c6-98dd-31834af2884a",
                  "parentUUID": "eaaccf7d-a2f4-40a1-b644-d2038135932a",
                  "isHook": false,
                  "skipped": false
                },
                {
                  "title": "should not lose focus during navigation",
                  "fullTitle": "Accessibility - WCAG 2.1 AA Compliance Focus Management should not lose focus during navigation",
                  "timedOut": null,
                  "duration": 1416,
                  "state": "passed",
                  "speed": "fast",
                  "pass": true,
                  "fail": false,
                  "pending": false,
                  "context": null,
                  "code": "// Tab through several elements\ncy.get('body').then(($body) => {\n    const focusable = $body.find('button:visible, a:visible, input:visible');\n    if (focusable.length >= 2) {\n        cy.get('button:visible, a:visible, input:visible').first().focus();\n        cy.focused().should('exist');\n        cy.focused().trigger('keydown', { key: 'Tab' });\n        // Focus should still exist somewhere\n        cy.get(':focus').should('exist');\n    }\n    else {\n        cy.log('Not enough focusable elements for navigation test');\n    }\n});",
                  "err": {},
                  "uuid": "449cbb76-831b-450c-9e5a-a90a069a0a06",
                  "parentUUID": "eaaccf7d-a2f4-40a1-b644-d2038135932a",
                  "isHook": false,
                  "skipped": false
                }
              ],
              "suites": [],
              "passes": [
                "e3318125-d5d0-4a26-a791-c55c90d930af",
                "75cd1706-dee8-43c6-98dd-31834af2884a",
                "449cbb76-831b-450c-9e5a-a90a069a0a06"
              ],
              "failures": [],
              "pending": [],
              "skipped": [],
              "duration": 2307,
              "root": false,
              "rootEmpty": false,
              "_timeout": 2000
            }
          ],
          "passes": [],
          "failures": [],
          "pending": [],
          "skipped": [],
          "duration": 0,
          "root": false,
          "rootEmpty": false,
          "_timeout": 2000
        }
      ],
      "passes": [],
      "failures": [],
      "pending": [],
      "skipped": [],
      "duration": 0,
      "root": true,
      "rootEmpty": true,
      "_timeout": 2000
    },
    {
      "uuid": "588ac8cd-2d37-44f6-ac7e-6f142674baca",
      "title": "",
      "fullFile": "cypress/e2e/security-assessment-flow.cy.ts",
      "file": "cypress/e2e/security-assessment-flow.cy.ts",
      "beforeHooks": [],
      "afterHooks": [],
      "tests": [],
      "suites": [
        {
          "uuid": "67c94717-0afb-4f06-a2fc-b584b6b4a78d",
          "title": "Security Assessment Flow",
          "fullFile": "",
          "file": "",
          "beforeHooks": [],
          "afterHooks": [],
          "tests": [],
          "suites": [
            {
              "uuid": "2049e9dd-7577-4178-8966-112978cf57ff",
              "title": "Complete Assessment Workflow",
              "fullFile": "",
              "file": "",
              "beforeHooks": [],
              "afterHooks": [],
              "tests": [
                {
                  "title": "should complete full security assessment from start to finish",
                  "fullTitle": "Security Assessment Flow Complete Assessment Workflow should complete full security assessment from start to finish",
                  "timedOut": null,
                  "duration": 5141,
                  "state": "passed",
                  "speed": "medium",
                  "pass": true,
                  "fail": false,
                  "pending": false,
                  "context": null,
                  "code": "cy.log(\"🎯 Starting complete security assessment workflow\");\n// Step 1: Verify initial application state\ncy.log(\"Step 1: Verifying initial application state\");\ncy.get(\"body\").should(\"be.visible\");\ncy.get(\"select\").should(\"have.length.at.least\", 3);\n// Step 2-4: Configure CIA triad (Availability: Moderate, Integrity: High, Confidentiality: High)\ncy.log(\"Step 2-4: Configuring CIA triad levels\");\ncy.setSecurityLevels(_support_constants__WEBPACK_IMPORTED_MODULE_0__.SECURITY_LEVELS.MODERATE, _support_constants__WEBPACK_IMPORTED_MODULE_0__.SECURITY_LEVELS.HIGH, _support_constants__WEBPACK_IMPORTED_MODULE_0__.SECURITY_LEVELS.HIGH);\n// Verify security level selections\ncy.get(\"select\").eq(0).should(\"have.value\", _support_constants__WEBPACK_IMPORTED_MODULE_0__.SECURITY_LEVELS.MODERATE);\ncy.get(\"select\").eq(1).should(\"have.value\", _support_constants__WEBPACK_IMPORTED_MODULE_0__.SECURITY_LEVELS.HIGH);\ncy.get(\"select\").eq(2).should(\"have.value\", _support_constants__WEBPACK_IMPORTED_MODULE_0__.SECURITY_LEVELS.HIGH);\n// Verify security controls are detected\ncy.log(\"Verifying security controls in page content\");\ncy.get(\"body\").then(($body) => {\n    const text = $body.text().toLowerCase();\n    // Check for various security control indicators\n    const hasSecurityControls = text.includes(\"mfa\") ||\n        text.includes(\"multi-factor\") ||\n        text.includes(\"encryption\") ||\n        text.includes(\"access control\") ||\n        text.includes(\"blockchain\") ||\n        text.includes(\"checksum\") ||\n        text.includes(\"hash\") ||\n        text.includes(\"immutable\") ||\n        text.includes(\"audit\") ||\n        text.includes(\"pilot light\") ||\n        text.includes(\"warm standby\") ||\n        text.includes(\"backup\") ||\n        text.includes(\"recovery\");\n    if (hasSecurityControls) {\n        cy.log(\"✓ Security controls detected in page content\");\n    }\n});\n// Step 5: View cost estimation\ncy.log(\"Step 5: Verifying cost estimation\");\ncy.get(\"body\").then(($body) => {\n    // Look for cost-related elements\n    const costSelectors = [\n        '[data-testid*=\"cost\"]',\n        '[data-testid*=\"capex\"]',\n        '[data-testid*=\"opex\"]',\n        '[class*=\"cost\"]',\n    ].join(\", \");\n    if ($body.find(costSelectors).length > 0) {\n        cy.log(\"✓ Cost estimation widgets found\");\n        // Verify that cost values are present and numeric\n        cy.get(costSelectors)\n            .first()\n            .invoke(\"text\")\n            .then((text) => {\n            // Check for currency symbols or numeric patterns\n            const hasCostValue = text.includes(\"$\") ||\n                text.includes(\"€\") ||\n                text.includes(\"£\") ||\n                /\\d+/.test(text);\n            expect(hasCostValue, \"Cost estimation should contain numeric values\").to.be.true;\n            cy.log(`✓ Cost values detected: ${text.substring(0, 50)}`);\n        });\n    }\n    else {\n        cy.log(\"⚠️ No cost estimation widgets found\");\n    }\n});\n// Step 6: Check compliance status\ncy.log(\"Step 6: Checking compliance status\");\ncy.get(\"body\").then(($body) => {\n    // Look for compliance-related elements\n    const complianceSelectors = [\n        '[data-testid*=\"compliance\"]',\n        '[data-testid*=\"framework\"]',\n        '[class*=\"compliance\"]',\n        '[class*=\"framework\"]',\n    ].join(\", \");\n    if ($body.find(complianceSelectors).length > 0) {\n        cy.log(\"✓ Compliance widgets found\");\n        // Look for common compliance frameworks\n        const text = $body.text();\n        const frameworks = [\"NIST\", \"ISO\", \"GDPR\", \"HIPAA\", \"PCI\"];\n        const foundFrameworks = frameworks.filter((framework) => text.includes(framework));\n        if (foundFrameworks.length > 0) {\n            cy.log(`✓ Found compliance frameworks: ${foundFrameworks.join(\", \")}`);\n        }\n        else {\n            cy.log(\"⚠️ No specific compliance frameworks detected in text\");\n        }\n    }\n    else {\n        cy.log(\"⚠️ No compliance widgets found\");\n    }\n});\n// Step 7: Verify business impact analysis\ncy.log(\"Step 7: Verifying business impact analysis\");\ncy.get(\"body\").then(($body) => {\n    const impactSelectors = [\n        '[data-testid*=\"business-impact\"]',\n        '[data-testid*=\"impact\"]',\n        '[class*=\"business-impact\"]',\n        '[class*=\"impact\"]',\n    ].join(\", \");\n    if ($body.find(impactSelectors).length > 0) {\n        cy.log(\"✓ Business impact analysis widgets found\");\n        // Check for impact-related content\n        const text = $body.text().toLowerCase();\n        const hasImpactContent = text.includes(\"impact\") ||\n            text.includes(\"risk\") ||\n            text.includes(\"business\") ||\n            text.includes(\"financial\") ||\n            text.includes(\"operational\");\n        if (hasImpactContent) {\n            cy.log(\"✓ Business impact content detected\");\n        }\n    }\n    else {\n        cy.log(\"⚠️ No business impact widgets found\");\n    }\n});\n// Step 8: Take final screenshot for documentation\ncy.log(\"Step 8: Capturing final state\");\ncy.screenshot(\"complete-assessment-workflow-final-state\");\ncy.log(\"✅ Complete assessment workflow test passed\");",
                  "err": {},
                  "uuid": "fd685a1c-1e17-4fad-8349-fd5ee434bf50",
                  "parentUUID": "2049e9dd-7577-4178-8966-112978cf57ff",
                  "isHook": false,
                  "skipped": false
                }
              ],
              "suites": [],
              "passes": [
                "fd685a1c-1e17-4fad-8349-fd5ee434bf50"
              ],
              "failures": [],
              "pending": [],
              "skipped": [],
              "duration": 5141,
              "root": false,
              "rootEmpty": false,
              "_timeout": 2000
            },
            {
              "uuid": "49adf500-a767-4ed7-9035-fcd8a583ba7d",
              "title": "CIA Level Selection",
              "fullFile": "",
              "file": "",
              "beforeHooks": [],
              "afterHooks": [],
              "tests": [
                {
                  "title": "should update costs when changing confidentiality level",
                  "fullTitle": "Security Assessment Flow CIA Level Selection should update costs when changing confidentiality level",
                  "timedOut": null,
                  "duration": 1468,
                  "state": "passed",
                  "speed": "fast",
                  "pass": true,
                  "fail": false,
                  "pending": false,
                  "context": null,
                  "code": "cy.log(\"Testing confidentiality level impact on costs\");\n// Set initial low confidentiality\ncy.setSecurityLevels(undefined, undefined, _support_constants__WEBPACK_IMPORTED_MODULE_0__.SECURITY_LEVELS.LOW);\n// Capture initial cost values\ncy.get(\"body\")\n    .invoke(\"text\")\n    .then((initialText) => {\n    cy.log(\"Initial state captured\");\n    // Change to Very High confidentiality\n    cy.setSecurityLevels(undefined, undefined, _support_constants__WEBPACK_IMPORTED_MODULE_0__.SECURITY_LEVELS.VERY_HIGH);\n    // Verify costs changed\n    cy.get(\"body\")\n        .invoke(\"text\")\n        .then((newText) => {\n        // The page content should be different\n        expect(newText).to.not.equal(initialText);\n        cy.log(\"✓ Page content changed after security level update\");\n    });\n});",
                  "err": {},
                  "uuid": "fdfcfb53-c02f-4596-9684-ab4fbd945d9b",
                  "parentUUID": "49adf500-a767-4ed7-9035-fcd8a583ba7d",
                  "isHook": false,
                  "skipped": false
                },
                {
                  "title": "should display appropriate technical details for each level",
                  "fullTitle": "Security Assessment Flow CIA Level Selection should display appropriate technical details for each level",
                  "timedOut": null,
                  "duration": 1423,
                  "state": "passed",
                  "speed": "fast",
                  "pass": true,
                  "fail": false,
                  "pending": false,
                  "context": null,
                  "code": "cy.log(\"Testing technical details display for each security level\");\n// Test High integrity level\ncy.setSecurityLevels(undefined, _support_constants__WEBPACK_IMPORTED_MODULE_0__.SECURITY_LEVELS.HIGH, undefined);\ncy.get(\"body\").then(($body) => {\n    const text = $body.text().toLowerCase();\n    // High integrity should have technical details about immutability and verification\n    const hasTechnicalDetails = text.includes(\"blockchain\") ||\n        text.includes(\"immutable\") ||\n        text.includes(\"hash\") ||\n        text.includes(\"checksum\") ||\n        text.includes(\"audit\") ||\n        text.includes(\"verification\");\n    if (hasTechnicalDetails) {\n        cy.log(\"✓ Technical details detected for High integrity\");\n    }\n    else {\n        cy.log(\"⚠️ Technical details not clearly visible\");\n    }\n});\n// Test Very High availability level\ncy.setSecurityLevels(_support_constants__WEBPACK_IMPORTED_MODULE_0__.SECURITY_LEVELS.VERY_HIGH, undefined, undefined);\ncy.get(\"body\").then(($body) => {\n    const text = $body.text().toLowerCase();\n    // Very High availability should have technical details about multi-region and hot standby\n    const hasTechnicalDetails = text.includes(\"multi-region\") ||\n        text.includes(\"hot standby\") ||\n        text.includes(\"active-active\") ||\n        text.includes(\"zero downtime\") ||\n        text.includes(\"redundancy\");\n    if (hasTechnicalDetails) {\n        cy.log(\"✓ Technical details detected for Very High availability\");\n    }\n    else {\n        cy.log(\"⚠️ Technical details not clearly visible\");\n    }\n});",
                  "err": {},
                  "uuid": "b0b834fc-d115-438a-9dee-c03e519b44a6",
                  "parentUUID": "49adf500-a767-4ed7-9035-fcd8a583ba7d",
                  "isHook": false,
                  "skipped": false
                },
                {
                  "title": "should validate all CIA level combinations",
                  "fullTitle": "Security Assessment Flow CIA Level Selection should validate all CIA level combinations",
                  "timedOut": null,
                  "duration": 3112,
                  "state": "passed",
                  "speed": "fast",
                  "pass": true,
                  "fail": false,
                  "pending": false,
                  "context": null,
                  "code": "cy.log(\"Testing various CIA level combinations\");\nconst combinations = [\n    {\n        name: \"All Low\",\n        levels: [_support_constants__WEBPACK_IMPORTED_MODULE_0__.SECURITY_LEVELS.LOW, _support_constants__WEBPACK_IMPORTED_MODULE_0__.SECURITY_LEVELS.LOW, _support_constants__WEBPACK_IMPORTED_MODULE_0__.SECURITY_LEVELS.LOW],\n    },\n    {\n        name: \"All Moderate\",\n        levels: [\n            _support_constants__WEBPACK_IMPORTED_MODULE_0__.SECURITY_LEVELS.MODERATE,\n            _support_constants__WEBPACK_IMPORTED_MODULE_0__.SECURITY_LEVELS.MODERATE,\n            _support_constants__WEBPACK_IMPORTED_MODULE_0__.SECURITY_LEVELS.MODERATE,\n        ],\n    },\n    {\n        name: \"Mixed (High C, Moderate I, Low A)\",\n        levels: [_support_constants__WEBPACK_IMPORTED_MODULE_0__.SECURITY_LEVELS.LOW, _support_constants__WEBPACK_IMPORTED_MODULE_0__.SECURITY_LEVELS.MODERATE, _support_constants__WEBPACK_IMPORTED_MODULE_0__.SECURITY_LEVELS.HIGH],\n    },\n];\ncombinations.forEach((combo) => {\n    cy.log(`Testing combination: ${combo.name}`);\n    // Set security levels using custom command (availability, integrity, confidentiality)\n    cy.setSecurityLevels(combo.levels[0], combo.levels[1], combo.levels[2]);\n    // Verify selections are applied correctly\n    cy.get(\"select\").eq(0).should(\"have.value\", combo.levels[0]);\n    cy.get(\"select\").eq(1).should(\"have.value\", combo.levels[1]);\n    cy.get(\"select\").eq(2).should(\"have.value\", combo.levels[2]);\n    // Verify widgets are still present and responsive\n    cy.get(\"[data-testid^='widget-']\").should(\"have.length.at.least\", 1);\n    cy.log(`✓ ${combo.name} combination configured successfully`);\n});",
                  "err": {},
                  "uuid": "96090b72-2274-41a4-9d8c-e97897b79cbd",
                  "parentUUID": "49adf500-a767-4ed7-9035-fcd8a583ba7d",
                  "isHook": false,
                  "skipped": false
                }
              ],
              "suites": [],
              "passes": [
                "fdfcfb53-c02f-4596-9684-ab4fbd945d9b",
                "b0b834fc-d115-438a-9dee-c03e519b44a6",
                "96090b72-2274-41a4-9d8c-e97897b79cbd"
              ],
              "failures": [],
              "pending": [],
              "skipped": [],
              "duration": 6003,
              "root": false,
              "rootEmpty": false,
              "_timeout": 2000
            },
            {
              "uuid": "008770f9-80fa-47a4-bb44-c90e2dd5f0c4",
              "title": "Framework Compliance Mapping",
              "fullFile": "",
              "file": "",
              "beforeHooks": [],
              "afterHooks": [],
              "tests": [
                {
                  "title": "should show compliance status for all supported frameworks",
                  "fullTitle": "Security Assessment Flow Framework Compliance Mapping should show compliance status for all supported frameworks",
                  "timedOut": null,
                  "duration": 1339,
                  "state": "passed",
                  "speed": "fast",
                  "pass": true,
                  "fail": false,
                  "pending": false,
                  "context": null,
                  "code": "cy.log(\"Testing framework compliance mapping\");\n// Set high security levels to maximize compliance\ncy.setSecurityLevels(_support_constants__WEBPACK_IMPORTED_MODULE_0__.SECURITY_LEVELS.HIGH, _support_constants__WEBPACK_IMPORTED_MODULE_0__.SECURITY_LEVELS.HIGH, _support_constants__WEBPACK_IMPORTED_MODULE_0__.SECURITY_LEVELS.HIGH);\n// Look for compliance framework information\ncy.get(\"body\").then(($body) => {\n    const text = $body.text();\n    const commonFrameworks = [\n        \"NIST\",\n        \"ISO\",\n        \"GDPR\",\n        \"HIPAA\",\n        \"PCI\",\n        \"SOC\",\n        \"FedRAMP\",\n    ];\n    const foundFrameworks = commonFrameworks.filter((framework) => text.includes(framework));\n    cy.log(`Found ${foundFrameworks.length} compliance frameworks`);\n    if (foundFrameworks.length > 0) {\n        cy.log(`✓ Compliance frameworks detected: ${foundFrameworks.join(\", \")}`);\n        expect(foundFrameworks.length).to.be.at.least(1, \"Should display at least one compliance framework\");\n    }\n    else {\n        cy.log(\"⚠️ No standard compliance frameworks explicitly detected\");\n    }\n});",
                  "err": {},
                  "uuid": "ad346037-f37c-4bbf-bbda-76365fc99375",
                  "parentUUID": "008770f9-80fa-47a4-bb44-c90e2dd5f0c4",
                  "isHook": false,
                  "skipped": false
                },
                {
                  "title": "should display framework-specific controls and requirements",
                  "fullTitle": "Security Assessment Flow Framework Compliance Mapping should display framework-specific controls and requirements",
                  "timedOut": null,
                  "duration": 1286,
                  "state": "passed",
                  "speed": "fast",
                  "pass": true,
                  "fail": false,
                  "pending": false,
                  "context": null,
                  "code": "cy.log(\"Testing framework-specific control display\");\n// Set high security configuration\ncy.setSecurityLevels(_support_constants__WEBPACK_IMPORTED_MODULE_0__.SECURITY_LEVELS.HIGH, _support_constants__WEBPACK_IMPORTED_MODULE_0__.SECURITY_LEVELS.HIGH, _support_constants__WEBPACK_IMPORTED_MODULE_0__.SECURITY_LEVELS.HIGH);\n// Look for control-related content\ncy.get(\"body\").then(($body) => {\n    const text = $body.text().toLowerCase();\n    // Check for common control terminology\n    const controlTerms = [\n        \"control\",\n        \"requirement\",\n        \"standard\",\n        \"compliant\",\n        \"compliance\",\n        \"policy\",\n        \"procedure\",\n    ];\n    const foundTerms = controlTerms.filter((term) => text.includes(term));\n    if (foundTerms.length >= 2) {\n        cy.log(`✓ Control-related content found: ${foundTerms.join(\", \")}`);\n    }\n    else {\n        cy.log(\"⚠️ Limited control-related content detected\");\n    }\n});",
                  "err": {},
                  "uuid": "acf8a38a-bd91-4177-955c-e4b9a8c1216b",
                  "parentUUID": "008770f9-80fa-47a4-bb44-c90e2dd5f0c4",
                  "isHook": false,
                  "skipped": false
                }
              ],
              "suites": [],
              "passes": [
                "ad346037-f37c-4bbf-bbda-76365fc99375",
                "acf8a38a-bd91-4177-955c-e4b9a8c1216b"
              ],
              "failures": [],
              "pending": [],
              "skipped": [],
              "duration": 2625,
              "root": false,
              "rootEmpty": false,
              "_timeout": 2000
            },
            {
              "uuid": "f7f9980f-d32b-4a6b-9466-1c42ce99ec8c",
              "title": "Error Handling",
              "fullFile": "",
              "file": "",
              "beforeHooks": [],
              "afterHooks": [],
              "tests": [
                {
                  "title": "should handle invalid level selections gracefully",
                  "fullTitle": "Security Assessment Flow Error Handling should handle invalid level selections gracefully",
                  "timedOut": null,
                  "duration": 837,
                  "state": "passed",
                  "speed": "fast",
                  "pass": true,
                  "fail": false,
                  "pending": false,
                  "context": null,
                  "code": "cy.log(\"Testing error handling for invalid selections\");\n// Try to set invalid localStorage data\ncy.window().then((win) => {\n    win.localStorage.setItem(\"security-config\", \"invalid-json\");\n    cy.log(\"Set invalid localStorage data\");\n});\n// Reload page\ncy.reload();\ncy.ensureAppLoaded();\n// Application should still load\ncy.get(\"body\").should(\"exist\").and(\"be.visible\");\ncy.get(\"select\").should(\"have.length.at.least\", 3);\ncy.log(\"✓ Application recovered from invalid localStorage data\");\n// Clear invalid data\ncy.window().then((win) => {\n    win.localStorage.removeItem(\"security-config\");\n});",
                  "err": {},
                  "uuid": "b18853e1-cdf7-442d-bf90-a0e950a871f3",
                  "parentUUID": "f7f9980f-d32b-4a6b-9466-1c42ce99ec8c",
                  "isHook": false,
                  "skipped": false
                },
                {
                  "title": "should handle rapid level changes without errors",
                  "fullTitle": "Security Assessment Flow Error Handling should handle rapid level changes without errors",
                  "timedOut": null,
                  "duration": 3022,
                  "state": "passed",
                  "speed": "fast",
                  "pass": true,
                  "fail": false,
                  "pending": false,
                  "context": null,
                  "code": "cy.log(\"Testing rapid security level changes\");\n// Monitor console errors\ncy.window().then((win) => {\n    win.consoleErrors = [];\n    const originalError = win.console.error;\n    win.console.error = (...args) => {\n        win.consoleErrors.push(args.join(\" \"));\n        originalError.apply(win.console, args);\n    };\n});\n// Rapidly change security levels using custom command\ncy.setSecurityLevels(_support_constants__WEBPACK_IMPORTED_MODULE_0__.SECURITY_LEVELS.HIGH, _support_constants__WEBPACK_IMPORTED_MODULE_0__.SECURITY_LEVELS.HIGH, _support_constants__WEBPACK_IMPORTED_MODULE_0__.SECURITY_LEVELS.HIGH);\ncy.setSecurityLevels(_support_constants__WEBPACK_IMPORTED_MODULE_0__.SECURITY_LEVELS.LOW, _support_constants__WEBPACK_IMPORTED_MODULE_0__.SECURITY_LEVELS.LOW, _support_constants__WEBPACK_IMPORTED_MODULE_0__.SECURITY_LEVELS.LOW);\ncy.setSecurityLevels(_support_constants__WEBPACK_IMPORTED_MODULE_0__.SECURITY_LEVELS.MODERATE, _support_constants__WEBPACK_IMPORTED_MODULE_0__.SECURITY_LEVELS.MODERATE, _support_constants__WEBPACK_IMPORTED_MODULE_0__.SECURITY_LEVELS.MODERATE);\n// Check for critical console errors\ncy.window().then((win) => {\n    const criticalErrors = win.consoleErrors.filter((msg) => msg.includes(\"undefined\") ||\n        msg.includes(\"TypeError\") ||\n        msg.includes(\"ReferenceError\"));\n    expect(criticalErrors.length, \"No critical errors during rapid changes\").to.equal(0);\n    if (criticalErrors.length === 0) {\n        cy.log(\"✓ No critical errors during rapid security level changes\");\n    }\n});",
                  "err": {},
                  "uuid": "1033e138-eded-4386-857a-c421a845e996",
                  "parentUUID": "f7f9980f-d32b-4a6b-9466-1c42ce99ec8c",
                  "isHook": false,
                  "skipped": false
                },
                {
                  "title": "should display user-friendly messages for edge cases",
                  "fullTitle": "Security Assessment Flow Error Handling should display user-friendly messages for edge cases",
                  "timedOut": null,
                  "duration": 1310,
                  "state": "passed",
                  "speed": "fast",
                  "pass": true,
                  "fail": false,
                  "pending": false,
                  "context": null,
                  "code": "cy.log(\"Testing edge case handling\");\n// Test with all None/lowest levels\ncy.get(\"select\").then(($selects) => {\n    // Check if \"None\" is an option, otherwise use \"Low\"\n    const firstSelect = $selects.eq(0);\n    const hasNoneOption = firstSelect.find('option[value=\"None\"]').length > 0;\n    const lowestLevel = hasNoneOption ? \"None\" : _support_constants__WEBPACK_IMPORTED_MODULE_0__.SECURITY_LEVELS.LOW;\n    // Use custom command to set lowest levels\n    cy.setSecurityLevels(lowestLevel, lowestLevel, lowestLevel);\n    // Application should still function with lowest security levels\n    cy.get(\"body\").should(\"be.visible\");\n    cy.get(\"select\").should(\"have.length.at.least\", 3);\n    cy.log(`✓ Application handles ${lowestLevel} security levels gracefully`);\n});",
                  "err": {},
                  "uuid": "effd9010-fad2-41ed-9829-c08b3580f4b0",
                  "parentUUID": "f7f9980f-d32b-4a6b-9466-1c42ce99ec8c",
                  "isHook": false,
                  "skipped": false
                }
              ],
              "suites": [],
              "passes": [
                "b18853e1-cdf7-442d-bf90-a0e950a871f3",
                "1033e138-eded-4386-857a-c421a845e996",
                "effd9010-fad2-41ed-9829-c08b3580f4b0"
              ],
              "failures": [],
              "pending": [],
              "skipped": [],
              "duration": 5169,
              "root": false,
              "rootEmpty": false,
              "_timeout": 2000
            },
            {
              "uuid": "9edb9b85-855d-4571-af2e-b667ca3036f2",
              "title": "Accessibility",
              "fullFile": "",
              "file": "",
              "beforeHooks": [],
              "afterHooks": [],
              "tests": [
                {
                  "title": "should be keyboard navigable",
                  "fullTitle": "Security Assessment Flow Accessibility should be keyboard navigable",
                  "timedOut": null,
                  "duration": 563,
                  "state": "passed",
                  "speed": "fast",
                  "pass": true,
                  "fail": false,
                  "pending": false,
                  "context": null,
                  "code": "cy.log(\"Testing keyboard navigation\");\n// Test that all selects can receive focus\ncy.get(\"select\").eq(0).focus();\ncy.focused().should(\"match\", \"select\");\ncy.log(\"✓ First select is focusable\");\ncy.get(\"select\").eq(1).focus();\ncy.focused().should(\"match\", \"select\");\ncy.log(\"✓ Second select is focusable\");\ncy.get(\"select\").eq(2).focus();\ncy.focused().should(\"match\", \"select\");\ncy.log(\"✓ Third select is focusable\");\n// Test that selects can be changed with keyboard\ncy.get(\"select\").eq(0).invoke(\"val\").then((initialValue) => {\n    cy.get(\"select\").eq(0).focus().type(\"{downarrow}{enter}\");\n    cy.get(\"select\").eq(0).invoke(\"val\").then((newValue) => {\n        // Value should have changed after keyboard interaction\n        if (newValue !== initialValue) {\n            cy.log(\"✓ Select value changed with keyboard interaction\");\n        }\n    });\n});\ncy.log(\"✓ Security level selects are keyboard navigable\");",
                  "err": {},
                  "uuid": "e369c70a-6a28-4bc5-b1dd-fae8a9be4232",
                  "parentUUID": "9edb9b85-855d-4571-af2e-b667ca3036f2",
                  "isHook": false,
                  "skipped": false
                },
                {
                  "title": "should have proper ARIA labels and semantic HTML",
                  "fullTitle": "Security Assessment Flow Accessibility should have proper ARIA labels and semantic HTML",
                  "timedOut": null,
                  "duration": 394,
                  "state": "passed",
                  "speed": "fast",
                  "pass": true,
                  "fail": false,
                  "pending": false,
                  "context": null,
                  "code": "cy.log(\"Testing ARIA labels and semantic HTML\");\n// Check that selects have labels or aria-labels\ncy.get(\"select\").each(($select) => {\n    const id = $select.attr(\"id\");\n    const ariaLabel = $select.attr(\"aria-label\");\n    const ariaLabelledBy = $select.attr(\"aria-labelledby\");\n    // Check if select has an associated label\n    let hasLabel = false;\n    if (id) {\n        cy.get(`label[for=\"${id}\"]`).then(($labels) => {\n            hasLabel = $labels.length > 0;\n        });\n    }\n    const hasAccessibilityLabel = !!(ariaLabel || ariaLabelledBy || hasLabel);\n    if (hasAccessibilityLabel) {\n        cy.log(\"✓ Select has accessibility label\");\n    }\n});",
                  "err": {},
                  "uuid": "35f62fab-a89d-49b1-8372-3c4653180b0c",
                  "parentUUID": "9edb9b85-855d-4571-af2e-b667ca3036f2",
                  "isHook": false,
                  "skipped": false
                },
                {
                  "title": "should provide clear visual focus indicators",
                  "fullTitle": "Security Assessment Flow Accessibility should provide clear visual focus indicators",
                  "timedOut": null,
                  "duration": 390,
                  "state": "passed",
                  "speed": "fast",
                  "pass": true,
                  "fail": false,
                  "pending": false,
                  "context": null,
                  "code": "cy.log(\"Testing visual focus indicators\");\n// Focus on a select and check it's visually distinguishable\ncy.get(\"select\").eq(0).focus();\ncy.focused().then(($focused) => {\n    const focusedElement = $focused[0];\n    const computedStyle = window.getComputedStyle(focusedElement);\n    // Check for outline or other focus indicators\n    const hasOutline = computedStyle.outline !== \"none\" && computedStyle.outline !== \"\";\n    const hasBoxShadow = computedStyle.boxShadow !== \"none\" && computedStyle.boxShadow !== \"\";\n    const hasBorder = computedStyle.border !== \"none\" && computedStyle.border !== \"\";\n    const hasFocusIndicator = hasOutline || hasBoxShadow || hasBorder;\n    if (hasFocusIndicator) {\n        cy.log(\"✓ Focus indicator detected\");\n    }\n    else {\n        cy.log(\"⚠️ Focus indicator may need improvement\");\n    }\n});",
                  "err": {},
                  "uuid": "8ff4f995-f9d1-4bf8-a7e7-64ddfd79a59d",
                  "parentUUID": "9edb9b85-855d-4571-af2e-b667ca3036f2",
                  "isHook": false,
                  "skipped": false
                }
              ],
              "suites": [],
              "passes": [
                "e369c70a-6a28-4bc5-b1dd-fae8a9be4232",
                "35f62fab-a89d-49b1-8372-3c4653180b0c",
                "8ff4f995-f9d1-4bf8-a7e7-64ddfd79a59d"
              ],
              "failures": [],
              "pending": [],
              "skipped": [],
              "duration": 1347,
              "root": false,
              "rootEmpty": false,
              "_timeout": 2000
            },
            {
              "uuid": "5c995923-2767-4904-9a5c-5dbb3499d194",
              "title": "Business Impact Analysis",
              "fullFile": "",
              "file": "",
              "beforeHooks": [],
              "afterHooks": [],
              "tests": [
                {
                  "title": "should calculate and display business impact for different security levels",
                  "fullTitle": "Security Assessment Flow Business Impact Analysis should calculate and display business impact for different security levels",
                  "timedOut": null,
                  "duration": 8130,
                  "state": "passed",
                  "speed": "medium",
                  "pass": true,
                  "fail": false,
                  "pending": false,
                  "context": null,
                  "code": "cy.log(\"Testing business impact calculations\");\nconst scenarios = [\n    {\n        name: \"Low Security Impact\",\n        levels: [_support_constants__WEBPACK_IMPORTED_MODULE_0__.SECURITY_LEVELS.LOW, _support_constants__WEBPACK_IMPORTED_MODULE_0__.SECURITY_LEVELS.LOW, _support_constants__WEBPACK_IMPORTED_MODULE_0__.SECURITY_LEVELS.LOW],\n    },\n    {\n        name: \"High Security Impact\",\n        levels: [_support_constants__WEBPACK_IMPORTED_MODULE_0__.SECURITY_LEVELS.HIGH, _support_constants__WEBPACK_IMPORTED_MODULE_0__.SECURITY_LEVELS.HIGH, _support_constants__WEBPACK_IMPORTED_MODULE_0__.SECURITY_LEVELS.HIGH],\n    },\n];\nscenarios.forEach((scenario) => {\n    cy.log(`Testing ${scenario.name}`);\n    // Set security levels using custom command\n    cy.setSecurityLevels(scenario.levels[0], scenario.levels[1], scenario.levels[2]);\n    // Look for business impact content\n    cy.get(\"body\").then(($body) => {\n        const text = $body.text().toLowerCase();\n        const impactTerms = [\n            \"impact\",\n            \"risk\",\n            \"business\",\n            \"financial\",\n            \"operational\",\n            \"reputational\",\n            \"cost\",\n        ];\n        const foundTerms = impactTerms.filter((term) => text.includes(term));\n        if (foundTerms.length >= 2) {\n            cy.log(`✓ Business impact analysis displayed for ${scenario.name}`);\n        }\n    });\n    // Take screenshot for documentation\n    cy.screenshot(`business-impact-${scenario.name.toLowerCase().replace(/\\s+/g, \"-\")}`);\n});",
                  "err": {},
                  "uuid": "d80348a0-b722-4358-8ab4-c036bed353f4",
                  "parentUUID": "5c995923-2767-4904-9a5c-5dbb3499d194",
                  "isHook": false,
                  "skipped": false
                }
              ],
              "suites": [],
              "passes": [
                "d80348a0-b722-4358-8ab4-c036bed353f4"
              ],
              "failures": [],
              "pending": [],
              "skipped": [],
              "duration": 8130,
              "root": false,
              "rootEmpty": false,
              "_timeout": 2000
            },
            {
              "uuid": "f7710e5c-8d32-4ccb-b297-9a7a4644a1a1",
              "title": "Data Persistence",
              "fullFile": "",
              "file": "",
              "beforeHooks": [],
              "afterHooks": [],
              "tests": [
                {
                  "title": "should persist security level selections across page reloads",
                  "fullTitle": "Security Assessment Flow Data Persistence should persist security level selections across page reloads",
                  "timedOut": null,
                  "duration": 1671,
                  "state": "passed",
                  "speed": "fast",
                  "pass": true,
                  "fail": false,
                  "pending": false,
                  "context": null,
[...]
              "err": {},
              "uuid": "f4cd2894-80ba-4f0d-aa06-d93eacf7288a",
              "parentUUID": "e11cff7a-3f71-4370-bbb6-120e6ebc8cfe",
              "isHook": false,
              "skipped": false
            },
            {
              "title": "supports widget-specific functionality",
              "fullTitle": "Security Resources Widget Tests supports widget-specific functionality",
              "timedOut": null,
              "duration": 1708,
              "state": "passed",
              "speed": "fast",
              "pass": true,
              "fail": false,
              "pending": false,
              "context": null,
              "code": "// First check if widget exists\nfindWidgetFlexibly(widgetTestId).then(($widget) => {\n    if ($widget.length === 0) {\n        cy.log(`Widget ${widgetName} not found - specific test will be skipped`);\n        cy.screenshot(`missing-widget-${widgetTestId}-specific`);\n        expect(true).to.equal(true); // Soft-pass to avoid failing tests\n        return;\n    }\n    // Add widget to test context so additionalTests can use it\n    // Wrap the FIRST element when multiple are found to avoid errors in widget-specific tests\n    cy.wrap($widget.first()).as(\"currentWidget\");\n    // Run provided tests in try/catch to prevent cascading failures\n    try {\n        additionalTests();\n    }\n    catch (e) {\n        // Handle unknown error type safely\n        const errorMessage = e instanceof Error ? e.message : String(e);\n        cy.log(`Error in additional tests for ${widgetName}: ${errorMessage}`);\n        cy.screenshot(`error-${widgetName}-specific-test`);\n    }\n});",
              "err": {},
              "uuid": "169c1f87-1e0c-4096-94bf-27a5575ab14c",
              "parentUUID": "e11cff7a-3f71-4370-bbb6-120e6ebc8cfe",
              "isHook": false,
              "skipped": false
            }
          ],
          "suites": [],
          "passes": [
            "ab0b8544-1679-48b9-8afe-188a8bb3d653",
            "f4cd2894-80ba-4f0d-aa06-d93eacf7288a",
            "169c1f87-1e0c-4096-94bf-27a5575ab14c"
          ],
          "failures": [],
          "pending": [],
          "skipped": [],
          "duration": 7029,
          "root": false,
          "rootEmpty": false,
          "_timeout": 2000
        }
      ],
      "passes": [],
      "failures": [],
      "pending": [],
      "skipped": [],
      "duration": 0,
      "root": true,
      "rootEmpty": true,
      "_timeout": 2000
    },
    {
      "uuid": "20406033-5627-41fd-914f-3f19e0b16b70",
      "title": "",
      "fullFile": "cypress/e2e/widgets/implementationguide/security-visualization.cy.ts",
      "file": "cypress/e2e/widgets/implementationguide/security-visualization.cy.ts",
      "beforeHooks": [],
      "afterHooks": [],
      "tests": [],
      "suites": [
        {
          "uuid": "968937e3-e89e-4acd-bf4b-ff0b40df02cd",
          "title": "Security Visualization Widget Tests",
          "fullFile": "",
          "file": "",
          "beforeHooks": [],
          "afterHooks": [],
          "tests": [
            {
              "title": "is visible and contains expected content",
              "fullTitle": "Security Visualization Widget Tests is visible and contains expected content",
              "timedOut": null,
              "duration": 2087,
              "state": "passed",
              "speed": "fast",
              "pass": true,
              "fail": false,
              "pending": false,
              "context": null,
              "code": "// This test uses more flexible widget finding\nfindWidgetFlexibly(widgetTestId).then(($widget) => {\n    if ($widget.length === 0) {\n        cy.log(`Widget ${widgetName} not found - test will be skipped`);\n        cy.screenshot(`missing-widget-${widgetTestId}`);\n        expect(true).to.equal(true); // Soft-pass to avoid failing tests\n        return;\n    }\n    // Check for at least one expected content pattern\n    const widgetText = $widget.text();\n    let foundPattern = false;\n    let matchedPattern = \"\";\n    contentPatterns.forEach((pattern) => {\n        if (typeof pattern === \"string\") {\n            if (widgetText.includes(pattern)) {\n                foundPattern = true;\n                matchedPattern = pattern;\n            }\n        }\n        else if (pattern.test(widgetText)) {\n            foundPattern = true;\n            matchedPattern = pattern.toString();\n        }\n    });\n    if (foundPattern) {\n        cy.log(`Found expected content pattern: ${matchedPattern}`);\n    }\n    else {\n        cy.log(`No expected content patterns found in widget text: ${widgetText.substring(0, 100)}...`);\n    }\n    expect(foundPattern, `Widget should contain at least one expected content pattern`).to.be.true;\n    // Screenshot only on CI or when explicitly enabled via env var\n    if (Cypress.env('CYPRESS_SCREENSHOTS') === true || Cypress.env('CYPRESS_SCREENSHOTS') === 'true' || Cypress.config('isInteractive') === false) {\n        (0,_screenshot_utils__WEBPACK_IMPORTED_MODULE_1__.captureWidgetScreenshot)($widget.first(), `${widgetTestId}-baseline`);\n    }\n});",
              "err": {},
              "uuid": "2254f8cf-b964-434d-8ea7-e27e8c52565a",
              "parentUUID": "968937e3-e89e-4acd-bf4b-ff0b40df02cd",
              "isHook": false,
              "skipped": false
            },
            {
              "title": "updates content when security levels change",
              "fullTitle": "Security Visualization Widget Tests updates content when security levels change",
              "timedOut": null,
              "duration": 3175,
              "state": "passed",
              "speed": "fast",
              "pass": true,
              "fail": false,
              "pending": false,
              "context": null,
              "code": "// First verify if widget exists to avoid cascading failures\nfindWidgetFlexibly(widgetTestId).then(($widget) => {\n    if ($widget.length === 0) {\n        cy.log(`Widget ${widgetName} not found - test will be skipped`);\n        cy.screenshot(`missing-widget-${widgetTestId}-security-change`);\n        expect(true).to.equal(true); // Soft-pass to avoid failing tests\n        return;\n    }\n    const initialContent = $widget.text();\n    // Only test this if we have content to compare against\n    if (initialContent.trim().length === 0) {\n        cy.log(`Widget ${widgetName} has no initial content - test will be skipped`);\n        expect(true).to.equal(true); // Soft-pass to avoid failing tests\n        return;\n    }\n    // Test only HIGH security level to reduce test time (low->high transition covered in security-level-transitions.cy.ts)\n    cy.setSecurityLevels(_constants__WEBPACK_IMPORTED_MODULE_0__.SECURITY_LEVELS.HIGH, _constants__WEBPACK_IMPORTED_MODULE_0__.SECURITY_LEVELS.HIGH, _constants__WEBPACK_IMPORTED_MODULE_0__.SECURITY_LEVELS.HIGH);\n    cy.wait(500); // Reduced wait time\n    // Verify widget still exists and content changed\n    findWidgetFlexibly(widgetTestId).then(($highWidget) => {\n        if ($highWidget.length === 0) {\n            cy.log(`Widget ${widgetName} disappeared after security level change - test will be skipped`);\n            expect(true).to.equal(true); // Soft-pass to avoid failing tests\n            return;\n        }\n        const highContent = $highWidget.text();\n        // Verify content changed from initial moderate level\n        const contentChanged = initialContent !== highContent;\n        if (!contentChanged) {\n            cy.log(`Note: Content did not change between moderate and high security levels for ${widgetName}`);\n        }\n        // Some widgets may not change content, so we just verify it's still rendered\n        expect($highWidget.length).to.be.greaterThan(0);\n    });\n});",
              "err": {},
              "uuid": "a9c7da43-87d1-4c59-9f52-277c57383da7",
              "parentUUID": "968937e3-e89e-4acd-bf4b-ff0b40df02cd",
              "isHook": false,
              "skipped": false
            },
            {
              "title": "supports widget-specific functionality",
              "fullTitle": "Security Visualization Widget Tests supports widget-specific functionality",
              "timedOut": null,
              "duration": 1704,
              "state": "passed",
              "speed": "fast",
              "pass": true,
              "fail": false,
              "pending": false,
              "context": null,
              "code": "// First check if widget exists\nfindWidgetFlexibly(widgetTestId).then(($widget) => {\n    if ($widget.length === 0) {\n        cy.log(`Widget ${widgetName} not found - specific test will be skipped`);\n        cy.screenshot(`missing-widget-${widgetTestId}-specific`);\n        expect(true).to.equal(true); // Soft-pass to avoid failing tests\n        return;\n    }\n    // Add widget to test context so additionalTests can use it\n    // Wrap the FIRST element when multiple are found to avoid errors in widget-specific tests\n    cy.wrap($widget.first()).as(\"currentWidget\");\n    // Run provided tests in try/catch to prevent cascading failures\n    try {\n        additionalTests();\n    }\n    catch (e) {\n        // Handle unknown error type safely\n        const errorMessage = e instanceof Error ? e.message : String(e);\n        cy.log(`Error in additional tests for ${widgetName}: ${errorMessage}`);\n        cy.screenshot(`error-${widgetName}-specific-test`);\n    }\n});",
              "err": {},
              "uuid": "a96ce293-30f6-43b3-9d32-5ed752f2d1d5",
              "parentUUID": "968937e3-e89e-4acd-bf4b-ff0b40df02cd",
              "isHook": false,
              "skipped": false
            }
          ],
          "suites": [],
          "passes": [
            "2254f8cf-b964-434d-8ea7-e27e8c52565a",
            "a9c7da43-87d1-4c59-9f52-277c57383da7",
            "a96ce293-30f6-43b3-9d32-5ed752f2d1d5"
          ],
          "failures": [],
          "pending": [],
          "skipped": [],
          "duration": 6966,
          "root": false,
          "rootEmpty": false,
          "_timeout": 2000
        }
      ],
      "passes": [],
      "failures": [],
      "pending": [],
      "skipped": [],
      "duration": 0,
      "root": true,
      "rootEmpty": true,
      "_timeout": 2000
    },
    {
      "uuid": "8b5fd62a-4fa4-485b-be85-44bb44a7c469",
      "title": "",
      "fullFile": "cypress/e2e/widgets/implementationguide/technical-details.cy.ts",
      "file": "cypress/e2e/widgets/implementationguide/technical-details.cy.ts",
      "beforeHooks": [],
      "afterHooks": [],
      "tests": [],
      "suites": [
        {
          "uuid": "238db5b9-6e4e-401b-9fa9-c09e3fbfda21",
          "title": "Technical Details Widget Tests",
          "fullFile": "",
          "file": "",
          "beforeHooks": [],
          "afterHooks": [],
          "tests": [
            {
              "title": "is visible and contains expected content",
              "fullTitle": "Technical Details Widget Tests is visible and contains expected content",
              "timedOut": null,
              "duration": 2116,
              "state": "passed",
              "speed": "fast",
              "pass": true,
              "fail": false,
              "pending": false,
              "context": null,
              "code": "// This test uses more flexible widget finding\nfindWidgetFlexibly(widgetTestId).then(($widget) => {\n    if ($widget.length === 0) {\n        cy.log(`Widget ${widgetName} not found - test will be skipped`);\n        cy.screenshot(`missing-widget-${widgetTestId}`);\n        expect(true).to.equal(true); // Soft-pass to avoid failing tests\n        return;\n    }\n    // Check for at least one expected content pattern\n    const widgetText = $widget.text();\n    let foundPattern = false;\n    let matchedPattern = \"\";\n    contentPatterns.forEach((pattern) => {\n        if (typeof pattern === \"string\") {\n            if (widgetText.includes(pattern)) {\n                foundPattern = true;\n                matchedPattern = pattern;\n            }\n        }\n        else if (pattern.test(widgetText)) {\n            foundPattern = true;\n            matchedPattern = pattern.toString();\n        }\n    });\n    if (foundPattern) {\n        cy.log(`Found expected content pattern: ${matchedPattern}`);\n    }\n    else {\n        cy.log(`No expected content patterns found in widget text: ${widgetText.substring(0, 100)}...`);\n    }\n    expect(foundPattern, `Widget should contain at least one expected content pattern`).to.be.true;\n    // Screenshot only on CI or when explicitly enabled via env var\n    if (Cypress.env('CYPRESS_SCREENSHOTS') === true || Cypress.env('CYPRESS_SCREENSHOTS') === 'true' || Cypress.config('isInteractive') === false) {\n        (0,_screenshot_utils__WEBPACK_IMPORTED_MODULE_1__.captureWidgetScreenshot)($widget.first(), `${widgetTestId}-baseline`);\n    }\n});",
              "err": {},
              "uuid": "d4a41f8c-14c3-4bb0-823c-beb25fe46a19",
              "parentUUID": "238db5b9-6e4e-401b-9fa9-c09e3fbfda21",
              "isHook": false,
              "skipped": false
            },
            {
              "title": "updates content when security levels change",
              "fullTitle": "Technical Details Widget Tests updates content when security levels change",
              "timedOut": null,
              "duration": 3176,
              "state": "passed",
              "speed": "fast",
              "pass": true,
              "fail": false,
              "pending": false,
              "context": null,
              "code": "// First verify if widget exists to avoid cascading failures\nfindWidgetFlexibly(widgetTestId).then(($widget) => {\n    if ($widget.length === 0) {\n        cy.log(`Widget ${widgetName} not found - test will be skipped`);\n        cy.screenshot(`missing-widget-${widgetTestId}-security-change`);\n        expect(true).to.equal(true); // Soft-pass to avoid failing tests\n        return;\n    }\n    const initialContent = $widget.text();\n    // Only test this if we have content to compare against\n    if (initialContent.trim().length === 0) {\n        cy.log(`Widget ${widgetName} has no initial content - test will be skipped`);\n        expect(true).to.equal(true); // Soft-pass to avoid failing tests\n        return;\n    }\n    // Test only HIGH security level to reduce test time (low->high transition covered in security-level-transitions.cy.ts)\n    cy.setSecurityLevels(_constants__WEBPACK_IMPORTED_MODULE_0__.SECURITY_LEVELS.HIGH, _constants__WEBPACK_IMPORTED_MODULE_0__.SECURITY_LEVELS.HIGH, _constants__WEBPACK_IMPORTED_MODULE_0__.SECURITY_LEVELS.HIGH);\n    cy.wait(500); // Reduced wait time\n    // Verify widget still exists and content changed\n    findWidgetFlexibly(widgetTestId).then(($highWidget) => {\n        if ($highWidget.length === 0) {\n            cy.log(`Widget ${widgetName} disappeared after security level change - test will be skipped`);\n            expect(true).to.equal(true); // Soft-pass to avoid failing tests\n            return;\n        }\n        const highContent = $highWidget.text();\n        // Verify content changed from initial moderate level\n        const contentChanged = initialContent !== highContent;\n        if (!contentChanged) {\n            cy.log(`Note: Content did not change between moderate and high security levels for ${widgetName}`);\n        }\n        // Some widgets may not change content, so we just verify it's still rendered\n        expect($highWidget.length).to.be.greaterThan(0);\n    });\n});",
              "err": {},
              "uuid": "9eb5e645-eadc-418a-9e99-ecd28cbe6f35",
              "parentUUID": "238db5b9-6e4e-401b-9fa9-c09e3fbfda21",
              "isHook": false,
              "skipped": false
            },
            {
              "title": "supports widget-specific functionality",
              "fullTitle": "Technical Details Widget Tests supports widget-specific functionality",
              "timedOut": null,
              "duration": 1649,
              "state": "passed",
              "speed": "fast",
              "pass": true,
              "fail": false,
              "pending": false,
              "context": null,
              "code": "// First check if widget exists\nfindWidgetFlexibly(widgetTestId).then(($widget) => {\n    if ($widget.length === 0) {\n        cy.log(`Widget ${widgetName} not found - specific test will be skipped`);\n        cy.screenshot(`missing-widget-${widgetTestId}-specific`);\n        expect(true).to.equal(true); // Soft-pass to avoid failing tests\n        return;\n    }\n    // Add widget to test context so additionalTests can use it\n    // Wrap the FIRST element when multiple are found to avoid errors in widget-specific tests\n    cy.wrap($widget.first()).as(\"currentWidget\");\n    // Run provided tests in try/catch to prevent cascading failures\n    try {\n        additionalTests();\n    }\n    catch (e) {\n        // Handle unknown error type safely\n        const errorMessage = e instanceof Error ? e.message : String(e);\n        cy.log(`Error in additional tests for ${widgetName}: ${errorMessage}`);\n        cy.screenshot(`error-${widgetName}-specific-test`);\n    }\n});",
              "err": {},
              "uuid": "1ae7114d-0887-479c-b952-eef03cc3265e",
              "parentUUID": "238db5b9-6e4e-401b-9fa9-c09e3fbfda21",
              "isHook": false,
              "skipped": false
            }
          ],
          "suites": [],
          "passes": [
            "d4a41f8c-14c3-4bb0-823c-beb25fe46a19",
            "9eb5e645-eadc-418a-9e99-ecd28cbe6f35",
            "1ae7114d-0887-479c-b952-eef03cc3265e"
          ],
          "failures": [],
          "pending": [],
          "skipped": [],
          "duration": 6941,
          "root": false,
          "rootEmpty": false,
          "_timeout": 2000
        }
      ],
      "passes": [],
      "failures": [],
      "pending": [],
      "skipped": [],
      "duration": 0,
      "root": true,
      "rootEmpty": true,
      "_timeout": 2000
    }
  ],
  "meta": {
    "mocha": {
      "version": "7.2.0"
    },
    "mochawesome": {
      "options": {
        "quiet": false,
        "reportFilename": "mochawesome",
        "saveHtml": true,
        "saveJson": true,
        "consoleReporter": "spec",
        "useInlineDiffs": false,
        "code": true
      },
      "version": "7.1.4"
    },
    "marge": {
      "options": {
        "id": "default",
        "reportDir": "build/cypress/mochawesome",
        "overwrite": false,
        "html": true,
        "json": true,
        "code": true,
        "timestamp": "mmddyyyy_HHMMss",
        "charts": true,
        "showHooks": "failed",
        "embeddedScreenshots": true
      },
      "version": "6.3.2"
    }
  }
}