{
  "stats": {
    "suites": 15,
    "tests": 42,
    "passes": 42,
    "pending": 0,
    "failures": 0,
    "testsRegistered": 42,
    "passPercent": 100,
    "pendingPercent": 0,
    "other": 0,
    "hasOther": false,
    "skipped": 0,
    "hasSkipped": false,
    "start": "2025-06-08T08:41:09.447Z",
    "end": "2025-06-08T08:44:52.967Z",
    "duration": 223520
  },
  "results": [
    {
      "uuid": "1ad9cfdf-1822-44b1-9d82-bb9cf640704f",
      "title": "",
      "fullFile": "cypress/e2e/business-outcomes/compliance-validation.cy.ts",
      "file": "cypress/e2e/business-outcomes/compliance-validation.cy.ts",
      "beforeHooks": [],
      "afterHooks": [],
      "tests": [],
      "suites": [
        {
          "uuid": "e51101ab-6abc-414a-a138-8de4eb25c0d1",
          "title": "Compliance Status Validation",
          "fullFile": "",
          "file": "",
          "beforeHooks": [],
          "afterHooks": [],
          "tests": [
            {
              "title": "accurately reflects compliance status based on security levels",
              "fullTitle": "Compliance Status Validation accurately reflects compliance status based on security levels",
              "timedOut": null,
              "duration": 37105,
              "state": "passed",
              "speed": "slow",
              "pass": true,
              "fail": false,
              "pending": false,
              "context": null,
              "code": "const complianceScenarios = [\n  {\n    levels: [SECURITY_LEVELS.LOW, SECURITY_LEVELS.LOW, SECURITY_LEVELS.LOW],\n    expectedTextPatterns: [\n      /minimal|basic|non-compliant|low|partial|warning|caution/i,\n      /compliance|status|level|security/i\n    ],\n    name: \"low-security\"\n  },\n  {\n    levels: [\n      SECURITY_LEVELS.MODERATE,\n      SECURITY_LEVELS.MODERATE,\n      SECURITY_LEVELS.MODERATE\n    ],\n    expectedTextPatterns: [\n      /moderate|partial|medium|some|limited/i,\n      /compliance|status|framework|requirement/i\n    ],\n    name: \"moderate-security\"\n  },\n  {\n    levels: [\n      SECURITY_LEVELS.HIGH,\n      SECURITY_LEVELS.HIGH,\n      SECURITY_LEVELS.HIGH\n    ],\n    expectedTextPatterns: [\n      /compliant|meets requirements|high|full|complete|standard|advanced/i,\n      /compliance|status|framework|requirement/i\n    ],\n    name: \"high-security\"\n  }\n];\ncomplianceScenarios.forEach((scenario, index) => {\n  cy.log(`Testing compliance scenario ${index + 1}: ${scenario.name}`);\n  cy.screenshot(`compliance-scenario-start-${scenario.name}`);\n  cy.setSecurityLevels(...scenario.levels);\n  cy.wait(1e3);\n  cy.screenshot(`compliance-scenario-${scenario.name}`);\n  cy.get(\"body\").then(($body) => {\n    const bodyText = $body.text();\n    const allPatternsFound = scenario.expectedTextPatterns.every(\n      (pattern) => pattern.test(bodyText)\n    );\n    if (allPatternsFound) {\n      cy.log(\n        `✓ Found all expected compliance patterns for ${scenario.name}`\n      );\n    } else {\n      scenario.expectedTextPatterns.forEach((pattern) => {\n        if (!pattern.test(bodyText)) {\n          cy.log(\n            `⚠️ Could not find pattern: ${pattern} for ${scenario.name}`\n          );\n        }\n      });\n    }\n    cy.screenshot(`compliance-content-${scenario.name}`);\n  });\n});",
              "err": {},
              "uuid": "a9ecfc3e-280d-4230-989a-06c03eca24f0",
              "parentUUID": "e51101ab-6abc-414a-a138-8de4eb25c0d1",
              "isHook": false,
              "skipped": false
            },
            {
              "title": "verifies compliance framework details visibility",
              "fullTitle": "Compliance Status Validation verifies compliance framework details visibility",
              "timedOut": null,
              "duration": 6261,
              "state": "passed",
              "speed": "medium",
              "pass": true,
              "fail": false,
              "pending": false,
              "context": null,
              "code": "cy.setSecurityLevels(\n  SECURITY_LEVELS.HIGH,\n  SECURITY_LEVELS.HIGH,\n  SECURITY_LEVELS.HIGH\n);\ncy.wait(1e3);\nconst complianceSelectors = [\n  '[data-testid*=\"compliance\"]',\n  '[class*=\"compliance\"]',\n  '[data-testid*=\"framework\"]',\n  '[class*=\"framework\"]'\n].join(\", \");\ncy.get(\"body\").then(($body) => {\n  if ($body.find(complianceSelectors).length > 0) {\n    cy.get(complianceSelectors).first().scrollIntoView();\n    cy.get(complianceSelectors).first().screenshot(\"compliance-element\");\n    const clickableSelectors = [\n      '[data-testid*=\"framework\"] button',\n      '[data-testid*=\"framework\"] a',\n      '[class*=\"framework\"] button',\n      '[class*=\"framework\"] a',\n      'li[class*=\"framework\"]',\n      'li[data-testid*=\"framework\"]'\n    ].join(\", \");\n    if ($body.find(clickableSelectors).length > 0) {\n      cy.get(clickableSelectors).first().click({ force: true });\n      cy.wait(500);\n      cy.screenshot(\"after-framework-click\");\n    } else {\n      cy.log(\"⚠️ No clickable framework items found\");\n      cy.screenshot(\"no-clickable-frameworks\");\n    }\n  } else {\n    cy.log(\"⚠️ No compliance elements found\");\n    cy.screenshot(\"no-compliance-elements\");\n  }\n});",
              "err": {},
              "uuid": "bf298884-c5bd-4e46-ab40-5efe573c271d",
              "parentUUID": "e51101ab-6abc-414a-a138-8de4eb25c0d1",
              "isHook": false,
              "skipped": false
            },
            {
              "title": "shows appropriate compliance frameworks based on security levels",
              "fullTitle": "Compliance Status Validation shows appropriate compliance frameworks based on security levels",
              "timedOut": null,
              "duration": 2298,
              "state": "passed",
              "speed": "fast",
              "pass": true,
              "fail": false,
              "pending": false,
              "context": null,
              "code": "cy.setSecurityLevels(\n  SECURITY_LEVELS.HIGH,\n  SECURITY_LEVELS.HIGH,\n  SECURITY_LEVELS.HIGH\n);\ncy.wait(1e3);\ncy.get(\"body\").then(($body) => {\n  const frameworkPattern = /([A-Z0-9]+\\s*[A-Z0-9]*\\s*[0-9-]*)/g;\n  const bodyText = $body.text();\n  const possibleFrameworks = bodyText.match(frameworkPattern) || [];\n  const frameworks = possibleFrameworks.filter(\n    (f) => /^[A-Z0-9]{2,}/.test(f) && !f.includes(\"CIA\") && f.length > 2\n  );\n  const logMessage = `Found ${frameworks.length} compliance frameworks`;\n  cy.log(logMessage);\n  const typedLogArgs = [\n    `Frameworks: ${frameworks.join(\", \")}`\n  ];\n  cy.log(...typedLogArgs);\n  expect(frameworks.length).to.be.greaterThan(0);\n});",
              "err": {},
              "uuid": "5414e2bd-fe1e-4a11-ad8e-1bf8f642726d",
              "parentUUID": "e51101ab-6abc-414a-a138-8de4eb25c0d1",
              "isHook": false,
              "skipped": false
            }
          ],
          "suites": [],
          "passes": [
            "a9ecfc3e-280d-4230-989a-06c03eca24f0",
            "bf298884-c5bd-4e46-ab40-5efe573c271d",
            "5414e2bd-fe1e-4a11-ad8e-1bf8f642726d"
          ],
          "failures": [],
          "pending": [],
          "skipped": [],
          "duration": 45664,
          "root": false,
          "rootEmpty": false,
          "_timeout": 2000
        }
      ],
      "passes": [],
      "failures": [],
      "pending": [],
      "skipped": [],
      "duration": 0,
      "root": true,
      "rootEmpty": true,
      "_timeout": 2000
    },
    {
      "uuid": "5468d839-449c-43fd-b2f4-cd627c381678",
      "title": "",
      "fullFile": "cypress/e2e/screenshots/widget-screenshots.cy.ts",
      "file": "cypress/e2e/screenshots/widget-screenshots.cy.ts",
      "beforeHooks": [],
      "afterHooks": [],
      "tests": [],
      "suites": [
        {
          "uuid": "c7cc4b3a-8741-4e45-a0f5-333f1a4e6e4c",
          "title": "Widget UI/UX Screenshots",
          "fullFile": "",
          "file": "",
          "beforeHooks": [],
          "afterHooks": [],
          "tests": [
            {
              "title": "captures full dashboard grid with widgets in light and dark mode",
              "fullTitle": "Widget UI/UX Screenshots captures full dashboard grid with widgets in light and dark mode",
              "timedOut": null,
              "duration": 3094,
              "state": "passed",
              "speed": "fast",
              "pass": true,
              "fail": false,
              "pending": false,
              "context": null,
              "code": "cy.viewport(2400, 1200);\ncy.get('[data-testid=\"dashboard-grid\"]').should(\"be.visible\");\ncaptureFullDashboardGrid(\"dashboard-grid\");",
              "err": {},
              "uuid": "6b6f471f-b43f-405e-b034-246daddba4b4",
              "parentUUID": "c7cc4b3a-8741-4e45-a0f5-333f1a4e6e4c",
              "isHook": false,
              "skipped": false
            },
            {
              "title": "captures essential widgets in both light and dark themes",
              "fullTitle": "Widget UI/UX Screenshots captures essential widgets in both light and dark themes",
              "timedOut": null,
              "duration": 8335,
              "state": "passed",
              "speed": "medium",
              "pass": true,
              "fail": false,
              "pending": false,
              "context": null,
              "code": "essentialWidgets.forEach((widgetName) => {\n  cy.log(`Capturing themes for widget: ${widgetName}`);\n  captureSimpleWidgetThemes(widgetName);\n});",
              "err": {},
              "uuid": "5d1cfdab-200d-4733-bf42-3ff50a4b2f61",
              "parentUUID": "c7cc4b3a-8741-4e45-a0f5-333f1a4e6e4c",
              "isHook": false,
              "skipped": false
            }
          ],
          "suites": [],
          "passes": [
            "6b6f471f-b43f-405e-b034-246daddba4b4",
            "5d1cfdab-200d-4733-bf42-3ff50a4b2f61"
          ],
          "failures": [],
          "pending": [],
          "skipped": [],
          "duration": 11429,
          "root": false,
          "rootEmpty": false,
          "_timeout": 2000
        }
      ],
      "passes": [],
      "failures": [],
      "pending": [],
      "skipped": [],
      "duration": 0,
      "root": true,
      "rootEmpty": true,
      "_timeout": 2000
    },
    {
      "uuid": "aee7b9ac-836a-409d-a9ce-b7b44fb3cb08",
      "title": "",
      "fullFile": "cypress/e2e/security/security-level-transitions.cy.ts",
      "file": "cypress/e2e/security/security-level-transitions.cy.ts",
      "beforeHooks": [],
      "afterHooks": [],
      "tests": [],
      "suites": [
        {
          "uuid": "6f820488-aeb5-4125-a968-c2aad1845f3c",
          "title": "Security Level Transitions",
          "fullFile": "",
          "file": "",
          "beforeHooks": [],
          "afterHooks": [],
          "tests": [
            {
              "title": "maintains application integrity during security level changes",
              "fullTitle": "Security Level Transitions maintains application integrity during security level changes",
              "timedOut": null,
              "duration": 11039,
              "state": "passed",
              "speed": "slow",
              "pass": true,
              "fail": false,
              "pending": false,
              "context": null,
              "code": "const securityTransitions = [\n  {\n    from: [\n      SECURITY_LEVELS.LOW,\n      SECURITY_LEVELS.LOW,\n      SECURITY_LEVELS.LOW\n    ],\n    to: [\n      SECURITY_LEVELS.HIGH,\n      SECURITY_LEVELS.HIGH,\n      SECURITY_LEVELS.HIGH\n    ],\n    name: \"low-to-high\"\n  },\n  {\n    from: [\n      SECURITY_LEVELS.HIGH,\n      SECURITY_LEVELS.HIGH,\n      SECURITY_LEVELS.HIGH\n    ],\n    to: [\n      SECURITY_LEVELS.HIGH,\n      SECURITY_LEVELS.LOW,\n      SECURITY_LEVELS.MODERATE\n    ],\n    name: \"high-to-mixed\"\n  }\n];\nsecurityTransitions.forEach((transition, index) => {\n  const logArgs = [\n    `Testing transition ${transition.name} (${index + 1}/${securityTransitions.length})`\n  ];\n  cy.log(logArgs[0]);\n  cy.setSecurityLevels(\n    transition.from[0],\n    transition.from[1],\n    transition.from[2]\n  );\n  cy.wait(1e3);\n  if (index === 0) {\n    cy.screenshot(`transition-initial-${transition.name}`);\n  }\n  findImportantWidgets().then((widgets) => {\n    captureWidgetStates(widgets).then((initialStates) => {\n      const changeLogArgs = [\n        `Changing to security levels: ${transition.to.join(\", \")}`\n      ];\n      cy.log(changeLogArgs[0]);\n      cy.setSecurityLevels(\n        transition.to[0],\n        transition.to[1],\n        transition.to[2]\n      );\n      cy.wait(1e3);\n      if (index === 0) {\n        cy.screenshot(`transition-after-${transition.name}`);\n      }\n      findImportantWidgets().then((newWidgets) => {\n        const foundLogArgs = [\n          `Found ${newWidgets.length} widgets after transition`\n        ];\n        cy.log(...foundLogArgs);\n        expect(newWidgets.length).to.be.at.least(\n          Math.max(1, widgets.length - 1),\n          \"Number of widgets shouldn't decrease significantly during transitions\"\n        );\n        cy.wrap(newWidgets).each(($widget, i) => {\n          const id = $widget.attr(\"data-testid\") || `widget-${i}`;\n          checkForProblematicContent($widget);\n          if (initialStates[id]) {\n            compareWidgetContent($widget, initialStates[id], id);\n          }\n        });\n      });\n    });\n  });\n});",
              "err": {},
              "uuid": "2595b9a4-4113-4a17-abc7-8c39777a796d",
              "parentUUID": "6f820488-aeb5-4125-a968-c2aad1845f3c",
              "isHook": false,
              "skipped": false
            }
          ],
          "suites": [],
          "passes": [
            "2595b9a4-4113-4a17-abc7-8c39777a796d"
          ],
          "failures": [],
          "pending": [],
          "skipped": [],
          "duration": 11039,
          "root": false,
          "rootEmpty": false,
          "_timeout": 2000
        }
      ],
      "passes": [],
      "failures": [],
      "pending": [],
      "skipped": [],
      "duration": 0,
      "root": true,
      "rootEmpty": true,
      "_timeout": 2000
    },
    {
      "uuid": "ebf9f8e0-4d6a-4f57-85c5-aa29d272beb1",
      "title": "",
      "fullFile": "cypress/e2e/widgets/assessmentcenter/business-impact.cy.ts",
      "file": "cypress/e2e/widgets/assessmentcenter/business-impact.cy.ts",
      "beforeHooks": [],
      "afterHooks": [],
      "tests": [],
      "suites": [
        {
          "uuid": "60013bbc-7699-451f-96dd-1a8da322a117",
          "title": "Business Impact Widget Tests",
          "fullFile": "",
          "file": "",
          "beforeHooks": [],
          "afterHooks": [],
          "tests": [
            {
              "title": "is visible and contains expected content",
              "fullTitle": "Business Impact Widget Tests is visible and contains expected content",
              "timedOut": null,
              "duration": 3287,
              "state": "passed",
              "speed": "fast",
              "pass": true,
              "fail": false,
              "pending": false,
              "context": null,
              "code": "findWidgetFlexibly(widgetTestId).then(($widget) => {\n  if ($widget.length === 0) {\n    cy.log(`Widget ${widgetName} not found - test will be skipped`);\n    cy.screenshot(`missing-widget-${widgetTestId}`);\n    expect(true).to.equal(true);\n    return;\n  }\n  const widgetText = $widget.text();\n  let foundPattern = false;\n  let matchedPattern = \"\";\n  contentPatterns2.forEach((pattern) => {\n    if (typeof pattern === \"string\") {\n      if (widgetText.includes(pattern)) {\n        foundPattern = true;\n        matchedPattern = pattern;\n      }\n    } else if (pattern.test(widgetText)) {\n      foundPattern = true;\n      matchedPattern = pattern.toString();\n    }\n  });\n  if (foundPattern) {\n    cy.log(`Found expected content pattern: ${matchedPattern}`);\n  } else {\n    cy.log(\n      `No expected content patterns found in widget text: ${widgetText.substring(\n        0,\n        100\n      )}...`\n    );\n  }\n  expect(\n    foundPattern,\n    `Widget should contain at least one expected content pattern`\n  ).to.be.true;\n  captureWidgetScreenshot($widget.first(), `${widgetTestId}-baseline`);\n});",
              "err": {},
              "uuid": "8683a501-0023-4c2a-9502-0b650ecc9315",
              "parentUUID": "60013bbc-7699-451f-96dd-1a8da322a117",
              "isHook": false,
              "skipped": false
            },
            {
              "title": "updates content when security levels change",
              "fullTitle": "Business Impact Widget Tests updates content when security levels change",
              "timedOut": null,
              "duration": 5938,
              "state": "passed",
              "speed": "medium",
              "pass": true,
              "fail": false,
              "pending": false,
              "context": null,
              "code": "findWidgetFlexibly(widgetTestId).then(($widget) => {\n  if ($widget.length === 0) {\n    cy.log(`Widget ${widgetName} not found - test will be skipped`);\n    cy.screenshot(`missing-widget-${widgetTestId}-security-change`);\n    expect(true).to.equal(true);\n    return;\n  }\n  const initialContent = $widget.text();\n  if (initialContent.trim().length === 0) {\n    cy.log(\n      `Widget ${widgetName} has no initial content - test will be skipped`\n    );\n    expect(true).to.equal(true);\n    return;\n  }\n  cy.setSecurityLevels(\n    SECURITY_LEVELS.LOW,\n    SECURITY_LEVELS.LOW,\n    SECURITY_LEVELS.LOW\n  );\n  cy.wait(1e3);\n  findWidgetFlexibly(widgetTestId).then(($lowWidget) => {\n    if ($lowWidget.length === 0) {\n      cy.log(\n        `Widget ${widgetName} disappeared after security level change - test will be skipped`\n      );\n      expect(true).to.equal(true);\n      return;\n    }\n    const lowContent = $lowWidget.text();\n    cy.setSecurityLevels(\n      SECURITY_LEVELS.HIGH,\n      SECURITY_LEVELS.HIGH,\n      SECURITY_LEVELS.HIGH\n    );\n    cy.wait(1e3);\n    findWidgetFlexibly(widgetTestId).then(($highWidget) => {\n      if ($highWidget.length === 0) {\n        cy.log(\n          `Widget ${widgetName} disappeared after high security level change - test will be skipped`\n        );\n        expect(true).to.equal(true);\n        return;\n      }\n      const highContent = $highWidget.text();\n      if (lowContent === highContent) {\n        cy.log(\n          `Warning: Content did not change between low and high security levels`\n        );\n      }\n      const contentChanged = initialContent !== lowContent || lowContent !== highContent;\n      expect(contentChanged, \"Content should change with security levels\").to.be.true;\n    });\n  });\n});",
              "err": {},
              "uuid": "3f80aa28-b77c-4a77-a36d-1d573e341d83",
              "parentUUID": "60013bbc-7699-451f-96dd-1a8da322a117",
              "isHook": false,
              "skipped": false
            },
            {
              "title": "supports widget-specific functionality",
              "fullTitle": "Business Impact Widget Tests supports widget-specific functionality",
              "timedOut": null,
              "duration": 2112,
              "state": "passed",
              "speed": "fast",
              "pass": true,
              "fail": false,
              "pending": false,
              "context": null,
              "code": "findWidgetFlexibly(widgetTestId).then(($widget) => {\n  if ($widget.length === 0) {\n    cy.log(\n      `Widget ${widgetName} not found - specific test will be skipped`\n    );\n    cy.screenshot(`missing-widget-${widgetTestId}-specific`);\n    expect(true).to.equal(true);\n    return;\n  }\n  cy.wrap($widget.first()).as(\"currentWidget\");\n  try {\n    additionalTests2();\n  } catch (e) {\n    const errorMessage = e instanceof Error ? e.message : String(e);\n    cy.log(\n      `Error in additional tests for ${widgetName}: ${errorMessage}`\n    );\n    cy.screenshot(`error-${widgetName}-specific-test`);\n  }\n});",
              "err": {},
              "uuid": "c39d4414-02d7-4c27-a80c-90faf726d8a5",
              "parentUUID": "60013bbc-7699-451f-96dd-1a8da322a117",
              "isHook": false,
              "skipped": false
            }
          ],
          "suites": [],
          "passes": [
            "8683a501-0023-4c2a-9502-0b650ecc9315",
            "3f80aa28-b77c-4a77-a36d-1d573e341d83",
            "c39d4414-02d7-4c27-a80c-90faf726d8a5"
          ],
          "failures": [],
          "pending": [],
          "skipped": [],
          "duration": 11337,
          "root": false,
          "rootEmpty": false,
          "_timeout": 2000
        }
      ],
      "passes": [],
      "failures": [],
      "pending": [],
      "skipped": [],
      "duration": 0,
      "root": true,
      "rootEmpty": true,
      "_timeout": 2000
    },
    {
      "uuid": "b4d5b7e4-7260-453b-85be-cd5894c4a705",
      "title": "",
      "fullFile": "cypress/e2e/widgets/assessmentcenter/security-level.cy.ts",
      "file": "cypress/e2e/widgets/assessmentcenter/security-level.cy.ts",
      "beforeHooks": [],
      "afterHooks": [],
      "tests": [],
      "suites": [
        {
          "uuid": "e5e8d884-f6b1-4491-8654-cef1b6574af8",
          "title": "Security Level Widget Tests",
          "fullFile": "",
          "file": "",
          "beforeHooks": [],
          "afterHooks": [],
          "tests": [
            {
              "title": "is visible and contains expected content",
              "fullTitle": "Security Level Widget Tests is visible and contains expected content",
              "timedOut": null,
              "duration": 3255,
              "state": "passed",
              "speed": "fast",
              "pass": true,
              "fail": false,
              "pending": false,
              "context": null,
              "code": "findWidgetFlexibly(widgetTestId).then(($widget) => {\n  if ($widget.length === 0) {\n    cy.log(`Widget ${widgetName} not found - test will be skipped`);\n    cy.screenshot(`missing-widget-${widgetTestId}`);\n    expect(true).to.equal(true);\n    return;\n  }\n  const widgetText = $widget.text();\n  let foundPattern = false;\n  let matchedPattern = \"\";\n  contentPatterns2.forEach((pattern) => {\n    if (typeof pattern === \"string\") {\n      if (widgetText.includes(pattern)) {\n        foundPattern = true;\n        matchedPattern = pattern;\n      }\n    } else if (pattern.test(widgetText)) {\n      foundPattern = true;\n      matchedPattern = pattern.toString();\n    }\n  });\n  if (foundPattern) {\n    cy.log(`Found expected content pattern: ${matchedPattern}`);\n  } else {\n    cy.log(\n      `No expected content patterns found in widget text: ${widgetText.substring(\n        0,\n        100\n      )}...`\n    );\n  }\n  expect(\n    foundPattern,\n    `Widget should contain at least one expected content pattern`\n  ).to.be.true;\n  captureWidgetScreenshot($widget.first(), `${widgetTestId}-baseline`);\n});",
              "err": {},
              "uuid": "91aedee9-bd0a-4b03-8383-6e41eb9b38dc",
              "parentUUID": "e5e8d884-f6b1-4491-8654-cef1b6574af8",
              "isHook": false,
              "skipped": false
            },
            {
              "title": "updates content when security levels change",
              "fullTitle": "Security Level Widget Tests updates content when security levels change",
              "timedOut": null,
              "duration": 5903,
              "state": "passed",
              "speed": "medium",
              "pass": true,
              "fail": false,
              "pending": false,
              "context": null,
              "code": "findWidgetFlexibly(widgetTestId).then(($widget) => {\n  if ($widget.length === 0) {\n    cy.log(`Widget ${widgetName} not found - test will be skipped`);\n    cy.screenshot(`missing-widget-${widgetTestId}-security-change`);\n    expect(true).to.equal(true);\n    return;\n  }\n  const initialContent = $widget.text();\n  if (initialContent.trim().length === 0) {\n    cy.log(\n      `Widget ${widgetName} has no initial content - test will be skipped`\n    );\n    expect(true).to.equal(true);\n    return;\n  }\n  cy.setSecurityLevels(\n    SECURITY_LEVELS.LOW,\n    SECURITY_LEVELS.LOW,\n    SECURITY_LEVELS.LOW\n  );\n  cy.wait(1e3);\n  findWidgetFlexibly(widgetTestId).then(($lowWidget) => {\n    if ($lowWidget.length === 0) {\n      cy.log(\n        `Widget ${widgetName} disappeared after security level change - test will be skipped`\n      );\n      expect(true).to.equal(true);\n      return;\n    }\n    const lowContent = $lowWidget.text();\n    cy.setSecurityLevels(\n      SECURITY_LEVELS.HIGH,\n      SECURITY_LEVELS.HIGH,\n      SECURITY_LEVELS.HIGH\n    );\n    cy.wait(1e3);\n    findWidgetFlexibly(widgetTestId).then(($highWidget) => {\n      if ($highWidget.length === 0) {\n        cy.log(\n          `Widget ${widgetName} disappeared after high security level change - test will be skipped`\n        );\n        expect(true).to.equal(true);\n        return;\n      }\n      const highContent = $highWidget.text();\n      if (lowContent === highContent) {\n        cy.log(\n          `Warning: Content did not change between low and high security levels`\n        );\n      }\n      const contentChanged = initialContent !== lowContent || lowContent !== highContent;\n      expect(contentChanged, \"Content should change with security levels\").to.be.true;\n    });\n  });\n});",
              "err": {},
              "uuid": "96f78f5c-d4cf-454b-b9a5-b77ca6263caa",
              "parentUUID": "e5e8d884-f6b1-4491-8654-cef1b6574af8",
              "isHook": false,
              "skipped": false
            },
            {
              "title": "supports widget-specific functionality",
              "fullTitle": "Security Level Widget Tests supports widget-specific functionality",
              "timedOut": null,
              "duration": 2103,
              "state": "passed",
              "speed": "fast",
              "pass": true,
              "fail": false,
              "pending": false,
              "context": null,
              "code": "findWidgetFlexibly(widgetTestId).then(($widget) => {\n  if ($widget.length === 0) {\n    cy.log(\n      `Widget ${widgetName} not found - specific test will be skipped`\n    );\n    cy.screenshot(`missing-widget-${widgetTestId}-specific`);\n    expect(true).to.equal(true);\n    return;\n  }\n  cy.wrap($widget.first()).as(\"currentWidget\");\n  try {\n    additionalTests2();\n  } catch (e) {\n    const errorMessage = e instanceof Error ? e.message : String(e);\n    cy.log(\n      `Error in additional tests for ${widgetName}: ${errorMessage}`\n    );\n    cy.screenshot(`error-${widgetName}-specific-test`);\n  }\n});",
              "err": {},
              "uuid": "644cac9e-f073-484b-810c-84dccca7a205",
              "parentUUID": "e5e8d884-f6b1-4491-8654-cef1b6574af8",
              "isHook": false,
              "skipped": false
            }
          ],
          "suites": [],
          "passes": [
            "91aedee9-bd0a-4b03-8383-6e41eb9b38dc",
            "96f78f5c-d4cf-454b-b9a5-b77ca6263caa",
            "644cac9e-f073-484b-810c-84dccca7a205"
          ],
          "failures": [],
          "pending": [],
          "skipped": [],
          "duration": 11261,
          "root": false,
          "rootEmpty": false,
          "_timeout": 2000
        }
      ],
      "passes": [],
      "failures": [],
      "pending": [],
      "skipped": [],
      "duration": 0,
      "root": true,
      "rootEmpty": true,
      "_timeout": 2000
    },
    {
      "uuid": "d6099e2e-aec0-4cf2-b66c-0a548bf6116c",
      "title": "",
      "fullFile": "cypress/e2e/widgets/assessmentcenter/security-summary.cy.ts",
      "file": "cypress/e2e/widgets/assessmentcenter/security-summary.cy.ts",
      "beforeHooks": [],
      "afterHooks": [],
      "tests": [],
      "suites": [
        {
          "uuid": "eb7e0f32-a502-49ab-bc55-afe2789d479f",
          "title": "Security Summary Widget Tests",
          "fullFile": "",
          "file": "",
          "beforeHooks": [],
          "afterHooks": [],
          "tests": [
            {
              "title": "is visible and contains expected content",
              "fullTitle": "Security Summary Widget Tests is visible and contains expected content",
              "timedOut": null,
              "duration": 3189,
              "state": "passed",
              "speed": "fast",
              "pass": true,
              "fail": false,
              "pending": false,
              "context": null,
              "code": "findWidgetFlexibly(widgetTestId).then(($widget) => {\n  if ($widget.length === 0) {\n    cy.log(`Widget ${widgetName} not found - test will be skipped`);\n    cy.screenshot(`missing-widget-${widgetTestId}`);\n    expect(true).to.equal(true);\n    return;\n  }\n  const widgetText = $widget.text();\n  let foundPattern = false;\n  let matchedPattern = \"\";\n  contentPatterns2.forEach((pattern) => {\n    if (typeof pattern === \"string\") {\n      if (widgetText.includes(pattern)) {\n        foundPattern = true;\n        matchedPattern = pattern;\n      }\n    } else if (pattern.test(widgetText)) {\n      foundPattern = true;\n      matchedPattern = pattern.toString();\n    }\n  });\n  if (foundPattern) {\n    cy.log(`Found expected content pattern: ${matchedPattern}`);\n  } else {\n    cy.log(\n      `No expected content patterns found in widget text: ${widgetText.substring(\n        0,\n        100\n      )}...`\n    );\n  }\n  expect(\n    foundPattern,\n    `Widget should contain at least one expected content pattern`\n  ).to.be.true;\n  captureWidgetScreenshot($widget.first(), `${widgetTestId}-baseline`);\n});",
              "err": {},
              "uuid": "5d27ba10-3fad-4968-a4e2-b2bd028f1475",
              "parentUUID": "eb7e0f32-a502-49ab-bc55-afe2789d479f",
              "isHook": false,
              "skipped": false
            },
            {
              "title": "updates content when security levels change",
              "fullTitle": "Security Summary Widget Tests updates content when security levels change",
              "timedOut": null,
              "duration": 5907,
              "state": "passed",
              "speed": "medium",
              "pass": true,
              "fail": false,
              "pending": false,
              "context": null,
              "code": "findWidgetFlexibly(widgetTestId).then(($widget) => {\n  if ($widget.length === 0) {\n    cy.log(`Widget ${widgetName} not found - test will be skipped`);\n    cy.screenshot(`missing-widget-${widgetTestId}-security-change`);\n    expect(true).to.equal(true);\n    return;\n  }\n  const initialContent = $widget.text();\n  if (initialContent.trim().length === 0) {\n    cy.log(\n      `Widget ${widgetName} has no initial content - test will be skipped`\n    );\n    expect(true).to.equal(true);\n    return;\n  }\n  cy.setSecurityLevels(\n    SECURITY_LEVELS.LOW,\n    SECURITY_LEVELS.LOW,\n    SECURITY_LEVELS.LOW\n  );\n  cy.wait(1e3);\n  findWidgetFlexibly(widgetTestId).then(($lowWidget) => {\n    if ($lowWidget.length === 0) {\n      cy.log(\n        `Widget ${widgetName} disappeared after security level change - test will be skipped`\n      );\n      expect(true).to.equal(true);\n      return;\n    }\n    const lowContent = $lowWidget.text();\n    cy.setSecurityLevels(\n      SECURITY_LEVELS.HIGH,\n      SECURITY_LEVELS.HIGH,\n      SECURITY_LEVELS.HIGH\n    );\n    cy.wait(1e3);\n    findWidgetFlexibly(widgetTestId).then(($highWidget) => {\n      if ($highWidget.length === 0) {\n        cy.log(\n          `Widget ${widgetName} disappeared after high security level change - test will be skipped`\n        );\n        expect(true).to.equal(true);\n        return;\n      }\n      const highContent = $highWidget.text();\n      if (lowContent === highContent) {\n        cy.log(\n          `Warning: Content did not change between low and high security levels`\n        );\n      }\n      const contentChanged = initialContent !== lowContent || lowContent !== highContent;\n      expect(contentChanged, \"Content should change with security levels\").to.be.true;\n    });\n  });\n});",
              "err": {},
              "uuid": "8a2e0abe-4263-45db-ae7a-372bfb97b8f0",
              "parentUUID": "eb7e0f32-a502-49ab-bc55-afe2789d479f",
              "isHook": false,
              "skipped": false
            },
            {
              "title": "supports widget-specific functionality",
              "fullTitle": "Security Summary Widget Tests supports widget-specific functionality",
              "timedOut": null,
              "duration": 2097,
              "state": "passed",
              "speed": "fast",
              "pass": true,
              "fail": false,
              "pending": false,
              "context": null,
              "code": "findWidgetFlexibly(widgetTestId).then(($widget) => {\n  if ($widget.length === 0) {\n    cy.log(\n      `Widget ${widgetName} not found - specific test will be skipped`\n    );\n    cy.screenshot(`missing-widget-${widgetTestId}-specific`);\n    expect(true).to.equal(true);\n    return;\n  }\n  cy.wrap($widget.first()).as(\"currentWidget\");\n  try {\n    additionalTests2();\n  } catch (e) {\n    const errorMessage = e instanceof Error ? e.message : String(e);\n    cy.log(\n      `Error in additional tests for ${widgetName}: ${errorMessage}`\n    );\n    cy.screenshot(`error-${widgetName}-specific-test`);\n  }\n});",
              "err": {},
              "uuid": "cf0d14af-f934-4806-a33e-17c13cb83c23",
              "parentUUID": "eb7e0f32-a502-49ab-bc55-afe2789d479f",
              "isHook": false,
              "skipped": false
            }
          ],
          "suites": [],
          "passes": [
            "5d27ba10-3fad-4968-a4e2-b2bd028f1475",
            "8a2e0abe-4263-45db-ae7a-372bfb97b8f0",
            "cf0d14af-f934-4806-a33e-17c13cb83c23"
          ],
          "failures": [],
          "pending": [],
          "skipped": [],
          "duration": 11193,
          "root": false,
          "rootEmpty": false,
          "_timeout": 2000
        }
      ],
      "passes": [],
      "failures": [],
      "pending": [],
      "skipped": [],
      "duration": 0,
      "root": true,
      "rootEmpty": true,
      "_timeout": 2000
    },
    {
      "uuid": "7f2d69af-e0e8-4bc0-8a53-e2ebf6838569",
      "title": "",
      "fullFile": "cypress/e2e/widgets/businessvalue/compliance-status.cy.ts",
      "file": "cypress/e2e/widgets/businessvalue/compliance-status.cy.ts",
      "beforeHooks": [],
      "afterHooks": [],
      "tests": [],
      "suites": [
        {
          "uuid": "a8424598-7362-4ce1-ba1d-b0149619c87b",
          "title": "Compliance Status Widget Tests",
          "fullFile": "",
          "file": "",
          "beforeHooks": [],
          "afterHooks": [],
          "tests": [
            {
              "title": "is visible and contains expected content",
              "fullTitle": "Compliance Status Widget Tests is visible and contains expected content",
              "timedOut": null,
              "duration": 3157,
              "state": "passed",
              "speed": "fast",
              "pass": true,
              "fail": false,
              "pending": false,
              "context": null,
              "code": "findWidgetFlexibly(widgetTestId).then(($widget) => {\n  if ($widget.length === 0) {\n    cy.log(`Widget ${widgetName} not found - test will be skipped`);\n    cy.screenshot(`missing-widget-${widgetTestId}`);\n    expect(true).to.equal(true);\n    return;\n  }\n  const widgetText = $widget.text();\n  let foundPattern = false;\n  let matchedPattern = \"\";\n  contentPatterns2.forEach((pattern) => {\n    if (typeof pattern === \"string\") {\n      if (widgetText.includes(pattern)) {\n        foundPattern = true;\n        matchedPattern = pattern;\n      }\n    } else if (pattern.test(widgetText)) {\n      foundPattern = true;\n      matchedPattern = pattern.toString();\n    }\n  });\n  if (foundPattern) {\n    cy.log(`Found expected content pattern: ${matchedPattern}`);\n  } else {\n    cy.log(\n      `No expected content patterns found in widget text: ${widgetText.substring(\n        0,\n        100\n      )}...`\n    );\n  }\n  expect(\n    foundPattern,\n    `Widget should contain at least one expected content pattern`\n  ).to.be.true;\n  captureWidgetScreenshot($widget.first(), `${widgetTestId}-baseline`);\n});",
              "err": {},
              "uuid": "e6bdcc27-90ff-46fd-a2f5-3c4aa8fc3710",
              "parentUUID": "a8424598-7362-4ce1-ba1d-b0149619c87b",
              "isHook": false,
              "skipped": false
            },
            {
              "title": "updates content when security levels change",
              "fullTitle": "Compliance Status Widget Tests updates content when security levels change",
              "timedOut": null,
              "duration": 5903,
              "state": "passed",
              "speed": "medium",
              "pass": true,
              "fail": false,
              "pending": false,
              "context": null,
              "code": "findWidgetFlexibly(widgetTestId).then(($widget) => {\n  if ($widget.length === 0) {\n    cy.log(`Widget ${widgetName} not found - test will be skipped`);\n    cy.screenshot(`missing-widget-${widgetTestId}-security-change`);\n    expect(true).to.equal(true);\n    return;\n  }\n  const initialContent = $widget.text();\n  if (initialContent.trim().length === 0) {\n    cy.log(\n      `Widget ${widgetName} has no initial content - test will be skipped`\n    );\n    expect(true).to.equal(true);\n    return;\n  }\n  cy.setSecurityLevels(\n    SECURITY_LEVELS.LOW,\n    SECURITY_LEVELS.LOW,\n    SECURITY_LEVELS.LOW\n  );\n  cy.wait(1e3);\n  findWidgetFlexibly(widgetTestId).then(($lowWidget) => {\n    if ($lowWidget.length === 0) {\n      cy.log(\n        `Widget ${widgetName} disappeared after security level change - test will be skipped`\n      );\n      expect(true).to.equal(true);\n      return;\n    }\n    const lowContent = $lowWidget.text();\n    cy.setSecurityLevels(\n      SECURITY_LEVELS.HIGH,\n      SECURITY_LEVELS.HIGH,\n      SECURITY_LEVELS.HIGH\n    );\n    cy.wait(1e3);\n    findWidgetFlexibly(widgetTestId).then(($highWidget) => {\n      if ($highWidget.length === 0) {\n        cy.log(\n          `Widget ${widgetName} disappeared after high security level change - test will be skipped`\n        );\n        expect(true).to.equal(true);\n        return;\n      }\n      const highContent = $highWidget.text();\n      if (lowContent === highContent) {\n        cy.log(\n          `Warning: Content did not change between low and high security levels`\n        );\n      }\n      const contentChanged = initialContent !== lowContent || lowContent !== highContent;\n      expect(contentChanged, \"Content should change with security levels\").to.be.true;\n    });\n  });\n});",
              "err": {},
              "uuid": "3d517975-e48d-4edf-80f4-d3097fccc0ab",
              "parentUUID": "a8424598-7362-4ce1-ba1d-b0149619c87b",
              "isHook": false,
              "skipped": false
            },
            {
              "title": "supports widget-specific functionality",
              "fullTitle": "Compliance Status Widget Tests supports widget-specific functionality",
              "timedOut": null,
              "duration": 2083,
              "state": "passed",
              "speed": "fast",
              "pass": true,
              "fail": false,
              "pending": false,
              "context": null,
              "code": "findWidgetFlexibly(widgetTestId).then(($widget) => {\n  if ($widget.length === 0) {\n    cy.log(\n      `Widget ${widgetName} not found - specific test will be skipped`\n    );\n    cy.screenshot(`missing-widget-${widgetTestId}-specific`);\n    expect(true).to.equal(true);\n    return;\n  }\n  cy.wrap($widget.first()).as(\"currentWidget\");\n  try {\n    additionalTests2();\n  } catch (e) {\n    const errorMessage = e instanceof Error ? e.message : String(e);\n    cy.log(\n      `Error in additional tests for ${widgetName}: ${errorMessage}`\n    );\n    cy.screenshot(`error-${widgetName}-specific-test`);\n  }\n});",
              "err": {},
              "uuid": "8c9a277f-413a-4946-84f7-cc4cf34dea01",
              "parentUUID": "a8424598-7362-4ce1-ba1d-b0149619c87b",
              "isHook": false,
              "skipped": false
            }
          ],
          "suites": [],
          "passes": [
            "e6bdcc27-90ff-46fd-a2f5-3c4aa8fc3710",
            "3d517975-e48d-4edf-80f4-d3097fccc0ab",
            "8c9a277f-413a-4946-84f7-cc4cf34dea01"
          ],
          "failures": [],
          "pending": [],
          "skipped": [],
          "duration": 11143,
          "root": false,
          "rootEmpty": false,
          "_timeout": 2000
        }
      ],
      "passes": [],
      "failures": [],
      "pending": [],
      "skipped": [],
      "duration": 0,
      "root": true,
      "rootEmpty": true,
      "_timeout": 2000
    },
    {
      "uuid": "f1a27d71-aebf-42d6-82f0-bf30952afe5c",
      "title": "",
      "fullFile": "cypress/e2e/widgets/businessvalue/cost-estimation.cy.ts",
      "file": "cypress/e2e/widgets/businessvalue/cost-estimation.cy.ts",
      "beforeHooks": [],
      "afterHooks": [],
      "tests": [],
      "suites": [
        {
          "uuid": "8c659f16-ec4e-4eb7-819e-3ef44dc89030",
          "title": "Cost Estimation Widget Tests",
          "fullFile": "",
          "file": "",
          "beforeHooks": [],
          "afterHooks": [],
          "tests": [
            {
              "title": "is visible and contains expected content",
              "fullTitle": "Cost Estimation Widget Tests is visible and contains expected content",
              "timedOut": null,
              "duration": 3218,
              "state": "passed",
              "speed": "fast",
              "pass": true,
              "fail": false,
              "pending": false,
              "context": null,
              "code": "findWidgetFlexibly(widgetTestId).then(($widget) => {\n  if ($widget.length === 0) {\n    cy.log(`Widget ${widgetName} not found - test will be skipped`);\n    cy.screenshot(`missing-widget-${widgetTestId}`);\n    expect(true).to.equal(true);\n    return;\n  }\n  const widgetText = $widget.text();\n  let foundPattern = false;\n  let matchedPattern = \"\";\n  contentPatterns2.forEach((pattern) => {\n    if (typeof pattern === \"string\") {\n      if (widgetText.includes(pattern)) {\n        foundPattern = true;\n        matchedPattern = pattern;\n      }\n    } else if (pattern.test(widgetText)) {\n      foundPattern = true;\n      matchedPattern = pattern.toString();\n    }\n  });\n  if (foundPattern) {\n    cy.log(`Found expected content pattern: ${matchedPattern}`);\n  } else {\n    cy.log(\n      `No expected content patterns found in widget text: ${widgetText.substring(\n        0,\n        100\n      )}...`\n    );\n  }\n  expect(\n    foundPattern,\n    `Widget should contain at least one expected content pattern`\n  ).to.be.true;\n  captureWidgetScreenshot($widget.first(), `${widgetTestId}-baseline`);\n});",
              "err": {},
              "uuid": "dfd0f1e1-cce1-4c33-a287-a3a62daabfc6",
              "parentUUID": "8c659f16-ec4e-4eb7-819e-3ef44dc89030",
              "isHook": false,
              "skipped": false
            },
            {
              "title": "updates content when security levels change",
              "fullTitle": "Cost Estimation Widget Tests updates content when security levels change",
              "timedOut": null,
              "duration": 5893,
              "state": "passed",
              "speed": "medium",
              "pass": true,
              "fail": false,
              "pending": false,
              "context": null,
              "code": "findWidgetFlexibly(widgetTestId).then(($widget) => {\n  if ($widget.length === 0) {\n    cy.log(`Widget ${widgetName} not found - test will be skipped`);\n    cy.screenshot(`missing-widget-${widgetTestId}-security-change`);\n    expect(true).to.equal(true);\n    return;\n  }\n  const initialContent = $widget.text();\n  if (initialContent.trim().length === 0) {\n    cy.log(\n      `Widget ${widgetName} has no initial content - test will be skipped`\n    );\n    expect(true).to.equal(true);\n    return;\n  }\n  cy.setSecurityLevels(\n    SECURITY_LEVELS.LOW,\n    SECURITY_LEVELS.LOW,\n    SECURITY_LEVELS.LOW\n  );\n  cy.wait(1e3);\n  findWidgetFlexibly(widgetTestId).then(($lowWidget) => {\n    if ($lowWidget.length === 0) {\n      cy.log(\n        `Widget ${widgetName} disappeared after security level change - test will be skipped`\n      );\n      expect(true).to.equal(true);\n      return;\n    }\n    const lowContent = $lowWidget.text();\n    cy.setSecurityLevels(\n      SECURITY_LEVELS.HIGH,\n      SECURITY_LEVELS.HIGH,\n      SECURITY_LEVELS.HIGH\n    );\n    cy.wait(1e3);\n    findWidgetFlexibly(widgetTestId).then(($highWidget) => {\n      if ($highWidget.length === 0) {\n        cy.log(\n          `Widget ${widgetName} disappeared after high security level change - test will be skipped`\n        );\n        expect(true).to.equal(true);\n        return;\n      }\n      const highContent = $highWidget.text();\n      if (lowContent === highContent) {\n        cy.log(\n          `Warning: Content did not change between low and high security levels`\n        );\n      }\n      const contentChanged = initialContent !== lowContent || lowContent !== highContent;\n      expect(contentChanged, \"Content should change with security levels\").to.be.true;\n    });\n  });\n});",
              "err": {},
              "uuid": "53609338-d00b-418e-a579-ef7b99b8a81d",
              "parentUUID": "8c659f16-ec4e-4eb7-819e-3ef44dc89030",
              "isHook": false,
              "skipped": false
            },
            {
              "title": "supports widget-specific functionality",
              "fullTitle": "Cost Estimation Widget Tests supports widget-specific functionality",
              "timedOut": null,
              "duration": 2084,
              "state": "passed",
              "speed": "fast",
              "pass": true,
              "fail": false,
              "pending": false,
              "context": null,
              "code": "findWidgetFlexibly(widgetTestId).then(($widget) => {\n  if ($widget.length === 0) {\n    cy.log(\n      `Widget ${widgetName} not found - specific test will be skipped`\n    );\n    cy.screenshot(`missing-widget-${widgetTestId}-specific`);\n    expect(true).to.equal(true);\n    return;\n  }\n  cy.wrap($widget.first()).as(\"currentWidget\");\n  try {\n    additionalTests2();\n  } catch (e) {\n    const errorMessage = e instanceof Error ? e.message : String(e);\n    cy.log(\n      `Error in additional tests for ${widgetName}: ${errorMessage}`\n    );\n    cy.screenshot(`error-${widgetName}-specific-test`);\n  }\n});",
              "err": {},
              "uuid": "7f86ba04-a482-4ed0-91a8-4b1467bc3dde",
              "parentUUID": "8c659f16-ec4e-4eb7-819e-3ef44dc89030",
              "isHook": false,
              "skipped": false
            }
          ],
          "suites": [],
          "passes": [
            "dfd0f1e1-cce1-4c33-a287-a3a62daabfc6",
            "53609338-d00b-418e-a579-ef7b99b8a81d",
            "7f86ba04-a482-4ed0-91a8-4b1467bc3dde"
          ],
          "failures": [],
          "pending": [],
          "skipped": [],
          "duration": 11195,
          "root": false,
          "rootEmpty": false,
          "_timeout": 2000
        }
      ],
      "passes": [],
      "failures": [],
      "pending": [],
      "skipped": [],
      "duration": 0,
      "root": true,
      "rootEmpty": true,
      "_timeout": 2000
    },
    {
      "uuid": "fd303d80-b749-4070-9777-2b9c4740f0b4",
      "title": "",
      "fullFile": "cypress/e2e/widgets/businessvalue/value-creation.cy.ts",
      "file": "cypress/e2e/widgets/businessvalue/value-creation.cy.ts",
      "beforeHooks": [],
      "afterHooks": [],
      "tests": [],
      "suites": [
        {
          "uuid": "6bd71ad0-f37b-4d2c-8edf-a0a5e6df61d0",
          "title": "Value Creation Widget Tests",
          "fullFile": "",
          "file": "",
          "beforeHooks": [],
          "afterHooks": [],
          "tests": [
            {
              "title": "is visible and contains expected content",
              "fullTitle": "Value Creation Widget Tests is visible and contains expected content",
              "timedOut": null,
              "duration": 3175,
              "state": "passed",
              "speed": "fast",
              "pass": true,
              "fail": false,
              "pending": false,
              "context": null,
              "code": "findWidgetFlexibly(widgetTestId).then(($widget) => {\n  if ($widget.length === 0) {\n    cy.log(`Widget ${widgetName} not found - test will be skipped`);\n    cy.screenshot(`missing-widget-${widgetTestId}`);\n    expect(true).to.equal(true);\n    return;\n  }\n  const widgetText = $widget.text();\n  let foundPattern = false;\n  let matchedPattern = \"\";\n  contentPatterns2.forEach((pattern) => {\n    if (typeof pattern === \"string\") {\n      if (widgetText.includes(pattern)) {\n        foundPattern = true;\n        matchedPattern = pattern;\n      }\n    } else if (pattern.test(widgetText)) {\n      foundPattern = true;\n      matchedPattern = pattern.toString();\n    }\n  });\n  if (foundPattern) {\n    cy.log(`Found expected content pattern: ${matchedPattern}`);\n  } else {\n    cy.log(\n      `No expected content patterns found in widget text: ${widgetText.substring(\n        0,\n        100\n      )}...`\n    );\n  }\n  expect(\n    foundPattern,\n    `Widget should contain at least one expected content pattern`\n  ).to.be.true;\n  captureWidgetScreenshot($widget.first(), `${widgetTestId}-baseline`);\n});",
              "err": {},
              "uuid": "ed6fcad2-436a-48df-817c-f017af0f1d67",
              "parentUUID": "6bd71ad0-f37b-4d2c-8edf-a0a5e6df61d0",
              "isHook": false,
              "skipped": false
            },
            {
              "title": "updates content when security levels change",
              "fullTitle": "Value Creation Widget Tests updates content when security levels change",
              "timedOut": null,
              "duration": 5884,
              "state": "passed",
              "speed": "medium",
              "pass": true,
              "fail": false,
              "pending": false,
              "context": null,
              "code": "findWidgetFlexibly(widgetTestId).then(($widget) => {\n  if ($widget.length === 0) {\n    cy.log(`Widget ${widgetName} not found - test will be skipped`);\n    cy.screenshot(`missing-widget-${widgetTestId}-security-change`);\n    expect(true).to.equal(true);\n    return;\n  }\n  const initialContent = $widget.text();\n  if (initialContent.trim().length === 0) {\n    cy.log(\n      `Widget ${widgetName} has no initial content - test will be skipped`\n    );\n    expect(true).to.equal(true);\n    return;\n  }\n  cy.setSecurityLevels(\n    SECURITY_LEVELS.LOW,\n    SECURITY_LEVELS.LOW,\n    SECURITY_LEVELS.LOW\n  );\n  cy.wait(1e3);\n  findWidgetFlexibly(widgetTestId).then(($lowWidget) => {\n    if ($lowWidget.length === 0) {\n      cy.log(\n        `Widget ${widgetName} disappeared after security level change - test will be skipped`\n      );\n      expect(true).to.equal(true);\n      return;\n    }\n    const lowContent = $lowWidget.text();\n    cy.setSecurityLevels(\n      SECURITY_LEVELS.HIGH,\n      SECURITY_LEVELS.HIGH,\n      SECURITY_LEVELS.HIGH\n    );\n    cy.wait(1e3);\n    findWidgetFlexibly(widgetTestId).then(($highWidget) => {\n      if ($highWidget.length === 0) {\n        cy.log(\n          `Widget ${widgetName} disappeared after high security level change - test will be skipped`\n        );\n        expect(true).to.equal(true);\n        return;\n      }\n      const highContent = $highWidget.text();\n      if (lowContent === highContent) {\n        cy.log(\n          `Warning: Content did not change between low and high security levels`\n        );\n      }\n      const contentChanged = initialContent !== lowContent || lowContent !== highContent;\n      expect(contentChanged, \"Content should change with security levels\").to.be.true;\n    });\n  });\n});",
              "err": {},
              "uuid": "5e8e818d-70d4-4d7b-a42d-818b2594c898",
              "parentUUID": "6bd71ad0-f37b-4d2c-8edf-a0a5e6df61d0",
              "isHook": false,
              "skipped": false
            },
            {
              "title": "supports widget-specific functionality",
              "fullTitle": "Value Creation Widget Tests supports widget-specific functionality",
              "timedOut": null,
              "duration": 2089,
              "state": "passed",
              "speed": "fast",
              "pass": true,
              "fail": false,
              "pending": false,
              "context": null,
              "code": "findWidgetFlexibly(widgetTestId).then(($widget) => {\n  if ($widget.length === 0) {\n    cy.log(\n      `Widget ${widgetName} not found - specific test will be skipped`\n    );\n    cy.screenshot(`missing-widget-${widgetTestId}-specific`);\n    expect(true).to.equal(true);\n    return;\n  }\n  cy.wrap($widget.first()).as(\"currentWidget\");\n  try {\n    additionalTests2();\n  } catch (e) {\n    const errorMessage = e instanceof Error ? e.message : String(e);\n    cy.log(\n      `Error in additional tests for ${widgetName}: ${errorMessage}`\n    );\n    cy.screenshot(`error-${widgetName}-specific-test`);\n  }\n});",
              "err": {},
              "uuid": "0e892cbe-dd97-49d3-840f-00cd9752b5b3",
              "parentUUID": "6bd71ad0-f37b-4d2c-8edf-a0a5e6df61d0",
              "isHook": false,
              "skipped": false
            }
          ],
          "suites": [],
          "passes": [
            "ed6fcad2-436a-48df-817c-f017af0f1d67",
            "5e8e818d-70d4-4d7b-a42d-818b2594c898",
            "0e892cbe-dd97-49d3-840f-00cd9752b5b3"
          ],
          "failures": [],
          "pending": [],
          "skipped": [],
          "duration": 11148,
          "root": false,
          "rootEmpty": false,
          "_timeout": 2000
        }
      ],
      "passes": [],
      "failures": [],
      "pending": [],
      "skipped": [],
      "duration": 0,
      "root": true,
      "rootEmpty": true,
      "_timeout": 2000
    },
    {
      "uuid": "c141544d-f9e0-4fe4-8a4b-feb6276887fa",
      "title": "",
      "fullFile": "cypress/e2e/widgets/impactanalysis/availability-impact.cy.ts",
      "file": "cypress/e2e/widgets/impactanalysis/availability-impact.cy.ts",
      "beforeHooks": [],
      "afterHooks": [],
      "tests": [],
      "suites": [
        {
          "uuid": "9af67e1f-3949-4cf6-9be0-73750b5bcf47",
          "title": "Availability Impact Widget Tests",
          "fullFile": "",
          "file": "",
          "beforeHooks": [],
          "afterHooks": [],
          "tests": [
            {
              "title": "is visible and contains expected content",
              "fullTitle": "Availability Impact Widget Tests is visible and contains expected content",
              "timedOut": null,
              "duration": 3166,
              "state": "passed",
              "speed": "fast",
              "pass": true,
              "fail": false,
              "pending": false,
              "context": null,
              "code": "findWidgetFlexibly(widgetTestId).then(($widget) => {\n  if ($widget.length === 0) {\n    cy.log(`Widget ${widgetName} not found - test will be skipped`);\n    cy.screenshot(`missing-widget-${widgetTestId}`);\n    expect(true).to.equal(true);\n    return;\n  }\n  const widgetText = $widget.text();\n  let foundPattern = false;\n  let matchedPattern = \"\";\n  contentPatterns2.forEach((pattern) => {\n    if (typeof pattern === \"string\") {\n      if (widgetText.includes(pattern)) {\n        foundPattern = true;\n        matchedPattern = pattern;\n      }\n    } else if (pattern.test(widgetText)) {\n      foundPattern = true;\n      matchedPattern = pattern.toString();\n    }\n  });\n  if (foundPattern) {\n    cy.log(`Found expected content pattern: ${matchedPattern}`);\n  } else {\n    cy.log(\n      `No expected content patterns found in widget text: ${widgetText.substring(\n        0,\n        100\n      )}...`\n    );\n  }\n  expect(\n    foundPattern,\n    `Widget should contain at least one expected content pattern`\n  ).to.be.true;\n  captureWidgetScreenshot($widget.first(), `${widgetTestId}-baseline`);\n});",
              "err": {},
              "uuid": "7bbc811c-5fea-4eb2-a656-2d5410e1ec33",
              "parentUUID": "9af67e1f-3949-4cf6-9be0-73750b5bcf47",
              "isHook": false,
              "skipped": false
            },
            {
              "title": "updates content when security levels change",
              "fullTitle": "Availability Impact Widget Tests updates content when security levels change",
              "timedOut": null,
              "duration": 5888,
              "state": "passed",
              "speed": "medium",
              "pass": true,
              "fail": false,
              "pending": false,
              "context": null,
              "code": "findWidgetFlexibly(widgetTestId).then(($widget) => {\n  if ($widget.length === 0) {\n    cy.log(`Widget ${widgetName} not found - test will be skipped`);\n    cy.screenshot(`missing-widget-${widgetTestId}-security-change`);\n    expect(true).to.equal(true);\n    return;\n  }\n  const initialContent = $widget.text();\n  if (initialContent.trim().length === 0) {\n    cy.log(\n      `Widget ${widgetName} has no initial content - test will be skipped`\n    );\n    expect(true).to.equal(true);\n    return;\n  }\n  cy.setSecurityLevels(\n    SECURITY_LEVELS.LOW,\n    SECURITY_LEVELS.LOW,\n    SECURITY_LEVELS.LOW\n  );\n  cy.wait(1e3);\n  findWidgetFlexibly(widgetTestId).then(($lowWidget) => {\n    if ($lowWidget.length === 0) {\n      cy.log(\n        `Widget ${widgetName} disappeared after security level change - test will be skipped`\n      );\n      expect(true).to.equal(true);\n      return;\n    }\n    const lowContent = $lowWidget.text();\n    cy.setSecurityLevels(\n      SECURITY_LEVELS.HIGH,\n      SECURITY_LEVELS.HIGH,\n      SECURITY_LEVELS.HIGH\n    );\n    cy.wait(1e3);\n    findWidgetFlexibly(widgetTestId).then(($highWidget) => {\n      if ($highWidget.length === 0) {\n        cy.log(\n          `Widget ${widgetName} disappeared after high security level change - test will be skipped`\n        );\n        expect(true).to.equal(true);\n        return;\n      }\n      const highContent = $highWidget.text();\n      if (lowContent === highContent) {\n        cy.log(\n          `Warning: Content did not change between low and high security levels`\n        );\n      }\n      const contentChanged = initialContent !== lowContent || lowContent !== highContent;\n      expect(contentChanged, \"Content should change with security levels\").to.be.true;\n    });\n  });\n});",
              "err": {},
              "uuid": "1449caa6-8a13-4540-b32c-d1bf895c8bc9",
              "parentUUID": "9af67e1f-3949-4cf6-9be0-73750b5bcf47",
              "isHook": false,
              "skipped": false
            },
            {
              "title": "supports widget-specific functionality",
              "fullTitle": "Availability Impact Widget Tests supports widget-specific functionality",
              "timedOut": null,
              "duration": 2091,
              "state": "passed",
              "speed": "fast",
              "pass": true,
              "fail": false,
              "pending": false,
              "context": null,
              "code": "findWidgetFlexibly(widgetTestId).then(($widget) => {\n  if ($widget.length === 0) {\n    cy.log(\n      `Widget ${widgetName} not found - specific test will be skipped`\n    );\n    cy.screenshot(`missing-widget-${widgetTestId}-specific`);\n    expect(true).to.equal(true);\n    return;\n  }\n  cy.wrap($widget.first()).as(\"currentWidget\");\n  try {\n    additionalTests2();\n  } catch (e) {\n    const errorMessage = e instanceof Error ? e.message : String(e);\n    cy.log(\n      `Error in additional tests for ${widgetName}: ${errorMessage}`\n    );\n    cy.screenshot(`error-${widgetName}-specific-test`);\n  }\n});",
              "err": {},
              "uuid": "a6bb4f46-8047-4632-b967-43a56e008a81",
              "parentUUID": "9af67e1f-3949-4cf6-9be0-73750b5bcf47",
              "isHook": false,
              "skipped": false
            }
          ],
          "suites": [],
          "passes": [
            "7bbc811c-5fea-4eb2-a656-2d5410e1ec33",
            "1449caa6-8a13-4540-b32c-d1bf895c8bc9",
            "a6bb4f46-8047-4632-b967-43a56e008a81"
          ],
          "failures": [],
          "pending": [],
          "skipped": [],
          "duration": 11145,
          "root": false,
          "rootEmpty": false,
          "_timeout": 2000
        }
      ],
      "passes": [],
      "failures": [],
      "pending": [],
      "skipped": [],
      "duration": 0,
      "root": true,
      "rootEmpty": true,
      "_timeout": 2000
    },
    {
      "uuid": "fc08b755-8bf5-4da6-8203-6f975825965d",
      "title": "",
      "fullFile": "cypress/e2e/widgets/impactanalysis/confidentiality-impact.cy.ts",
      "file": "cypress/e2e/widgets/impactanalysis/confidentiality-impact.cy.ts",
      "beforeHooks": [],
      "afterHooks": [],
      "tests": [],
      "suites": [
        {
          "uuid": "c84f5aab-4ff5-4d57-8934-e76b285017d2",
          "title": "Confidentiality Impact Widget Tests",
          "fullFile": "",
          "file": "",
          "beforeHooks": [],
          "afterHooks": [],
          "tests": [
            {
              "title": "is visible and contains expected content",
              "fullTitle": "Confidentiality Impact Widget Tests is visible and contains expected content",
              "timedOut": null,
              "duration": 3204,
              "state": "passed",
              "speed": "fast",
              "pass": true,
              "fail": false,
              "pending": false,
              "context": null,
              "code": "findWidgetFlexibly(widgetTestId).then(($widget) => {\n  if ($widget.length === 0) {\n    cy.log(`Widget ${widgetName} not found - test will be skipped`);\n    cy.screenshot(`missing-widget-${widgetTestId}`);\n    expect(true).to.equal(true);\n    return;\n  }\n  const widgetText = $widget.text();\n  let foundPattern = false;\n  let matchedPattern = \"\";\n  contentPatterns2.forEach((pattern) => {\n    if (typeof pattern === \"string\") {\n      if (widgetText.includes(pattern)) {\n        foundPattern = true;\n        matchedPattern = pattern;\n      }\n    } else if (pattern.test(widgetText)) {\n      foundPattern = true;\n      matchedPattern = pattern.toString();\n    }\n  });\n  if (foundPattern) {\n    cy.log(`Found expected content pattern: ${matchedPattern}`);\n  } else {\n    cy.log(\n      `No expected content patterns found in widget text: ${widgetText.substring(\n        0,\n        100\n      )}...`\n    );\n  }\n  expect(\n    foundPattern,\n    `Widget should contain at least one expected content pattern`\n  ).to.be.true;\n  captureWidgetScreenshot($widget.first(), `${widgetTestId}-baseline`);\n});",
              "err": {},
              "uuid": "818525f4-12df-4ff4-a7c1-da4b8aebaf42",
              "parentUUID": "c84f5aab-4ff5-4d57-8934-e76b285017d2",
              "isHook": false,
              "skipped": false
            },
            {
              "title": "updates content when security levels change",
              "fullTitle": "Confidentiality Impact Widget Tests updates content when security levels change",
              "timedOut": null,
              "duration": 5886,
              "state": "passed",
              "speed": "medium",
              "pass": true,
              "fail": false,
              "pending": false,
              "context": null,
              "code": "findWidgetFlexibly(widgetTestId).then(($widget) => {\n  if ($widget.length === 0) {\n    cy.log(`Widget ${widgetName} not found - test will be skipped`);\n    cy.screenshot(`missing-widget-${widgetTestId}-security-change`);\n    expect(true).to.equal(true);\n    return;\n  }\n  const initialContent = $widget.text();\n  if (initialContent.trim().length === 0) {\n    cy.log(\n      `Widget ${widgetName} has no initial content - test will be skipped`\n    );\n    expect(true).to.equal(true);\n    return;\n  }\n  cy.setSecurityLevels(\n    SECURITY_LEVELS.LOW,\n    SECURITY_LEVELS.LOW,\n    SECURITY_LEVELS.LOW\n  );\n  cy.wait(1e3);\n  findWidgetFlexibly(widgetTestId).then(($lowWidget) => {\n    if ($lowWidget.length === 0) {\n      cy.log(\n        `Widget ${widgetName} disappeared after security level change - test will be skipped`\n      );\n      expect(true).to.equal(true);\n      return;\n    }\n    const lowContent = $lowWidget.text();\n    cy.setSecurityLevels(\n      SECURITY_LEVELS.HIGH,\n      SECURITY_LEVELS.HIGH,\n      SECURITY_LEVELS.HIGH\n    );\n    cy.wait(1e3);\n    findWidgetFlexibly(widgetTestId).then(($highWidget) => {\n      if ($highWidget.length === 0) {\n        cy.log(\n          `Widget ${widgetName} disappeared after high security level change - test will be skipped`\n        );\n        expect(true).to.equal(true);\n        return;\n      }\n      const highContent = $highWidget.text();\n      if (lowContent === highContent) {\n        cy.log(\n          `Warning: Content did not change between low and high security levels`\n        );\n      }\n      const contentChanged = initialContent !== lowContent || lowContent !== highContent;\n      expect(contentChanged, \"Content should change with security levels\").to.be.true;\n    });\n  });\n});",
              "err": {},
              "uuid": "75696407-dea4-4160-a2bd-42aac60eb68c",
              "parentUUID": "c84f5aab-4ff5-4d57-8934-e76b285017d2",
              "isHook": false,
              "skipped": false
            },
            {
              "title": "supports widget-specific functionality",
              "fullTitle": "Confidentiality Impact Widget Tests supports widget-specific functionality",
              "timedOut": null,
              "duration": 2087,
              "state": "passed",
              "speed": "fast",
              "pass": true,
              "fail": false,
              "pending": false,
              "context": null,
              "code": "findWidgetFlexibly(widgetTestId).then(($widget) => {\n  if ($widget.length === 0) {\n    cy.log(\n      `Widget ${widgetName} not found - specific test will be skipped`\n    );\n    cy.screenshot(`missing-widget-${widgetTestId}-specific`);\n    expect(true).to.equal(true);\n    return;\n  }\n  cy.wrap($widget.first()).as(\"currentWidget\");\n  try {\n    additionalTests2();\n  } catch (e) {\n    const errorMessage = e instanceof Error ? e.message : String(e);\n    cy.log(\n      `Error in additional tests for ${widgetName}: ${errorMessage}`\n    );\n    cy.screenshot(`error-${widgetName}-specific-test`);\n  }\n});",
              "err": {},
              "uuid": "facf786a-8f8a-40f0-8b14-08d357f754b3",
              "parentUUID": "c84f5aab-4ff5-4d57-8934-e76b285017d2",
              "isHook": false,
              "skipped": false
            }
          ],
          "suites": [],
          "passes": [
            "818525f4-12df-4ff4-a7c1-da4b8aebaf42",
            "75696407-dea4-4160-a2bd-42aac60eb68c",
            "facf786a-8f8a-40f0-8b14-08d357f754b3"
          ],
          "failures": [],
          "pending": [],
          "skipped": [],
          "duration": 11177,
          "root": false,
          "rootEmpty": false,
          "_timeout": 2000
        }
      ],
      "passes": [],
      "failures": [],
      "pending": [],
      "skipped": [],
      "duration": 0,
      "root": true,
      "rootEmpty": true,
      "_timeout": 2000
    },
    {
      "uuid": "aff2bf4d-1a1d-446b-b25d-9b3cc2bcd55a",
      "title": "",
      "fullFile": "cypress/e2e/widgets/impactanalysis/integrity-impact.cy.ts",
      "file": "cypress/e2e/widgets/impactanalysis/integrity-impact.cy.ts",
      "beforeHooks": [],
      "afterHooks": [],
      "tests": [],
      "suites": [
        {
          "uuid": "744a0bf8-1ddd-4f86-b810-fb72181b4658",
          "title": "Integrity Impact Widget Tests",
          "fullFile": "",
          "file": "",
          "beforeHooks": [],
          "afterHooks": [],
          "tests": [
            {
              "title": "is visible and contains expected content",
              "fullTitle": "Integrity Impact Widget Tests is visible and contains expected content",
              "timedOut": null,
              "duration": 3195,
              "state": "passed",
              "speed": "fast",
              "pass": true,
              "fail": false,
              "pending": false,
              "context": null,
              "code": "findWidgetFlexibly(widgetTestId).then(($widget) => {\n  if ($widget.length === 0) {\n    cy.log(`Widget ${widgetName} not found - test will be skipped`);\n    cy.screenshot(`missing-widget-${widgetTestId}`);\n    expect(true).to.equal(true);\n    return;\n  }\n  const widgetText = $widget.text();\n  let foundPattern = false;\n  let matchedPattern = \"\";\n  contentPatterns2.forEach((pattern) => {\n    if (typeof pattern === \"string\") {\n      if (widgetText.includes(pattern)) {\n        foundPattern = true;\n        matchedPattern = pattern;\n      }\n    } else if (pattern.test(widgetText)) {\n      foundPattern = true;\n      matchedPattern = pattern.toString();\n    }\n  });\n  if (foundPattern) {\n    cy.log(`Found expected content pattern: ${matchedPattern}`);\n  } else {\n    cy.log(\n      `No expected content patterns found in widget text: ${widgetText.substring(\n        0,\n        100\n      )}...`\n    );\n  }\n  expect(\n    foundPattern,\n    `Widget should contain at least one expected content pattern`\n  ).to.be.true;\n  captureWidgetScreenshot($widget.first(), `${widgetTestId}-baseline`);\n});",
              "err": {},
              "uuid": "7939693d-b5d7-408c-a34a-51ac07c955c7",
              "parentUUID": "744a0bf8-1ddd-4f86-b810-fb72181b4658",
              "isHook": false,
              "skipped": false
            },
            {
              "title": "updates content when security levels change",
              "fullTitle": "Integrity Impact Widget Tests updates content when security levels change",
              "timedOut": null,
              "duration": 5874,
              "state": "passed",
              "speed": "medium",
              "pass": true,
              "fail": false,
              "pending": false,
              "context": null,
              "code": "findWidgetFlexibly(widgetTestId).then(($widget) => {\n  if ($widget.length === 0) {\n    cy.log(`Widget ${widgetName} not found - test will be skipped`);\n    cy.screenshot(`missing-widget-${widgetTestId}-security-change`);\n    expect(true).to.equal(true);\n    return;\n  }\n  const initialContent = $widget.text();\n  if (initialContent.trim().length === 0) {\n    cy.log(\n      `Widget ${widgetName} has no initial content - test will be skipped`\n    );\n    expect(true).to.equal(true);\n    return;\n  }\n  cy.setSecurityLevels(\n    SECURITY_LEVELS.LOW,\n    SECURITY_LEVELS.LOW,\n    SECURITY_LEVELS.LOW\n  );\n  cy.wait(1e3);\n  findWidgetFlexibly(widgetTestId).then(($lowWidget) => {\n    if ($lowWidget.length === 0) {\n      cy.log(\n        `Widget ${widgetName} disappeared after security level change - test will be skipped`\n      );\n      expect(true).to.equal(true);\n      return;\n    }\n    const lowContent = $lowWidget.text();\n    cy.setSecurityLevels(\n      SECURITY_LEVELS.HIGH,\n      SECURITY_LEVELS.HIGH,\n      SECURITY_LEVELS.HIGH\n    );\n    cy.wait(1e3);\n    findWidgetFlexibly(widgetTestId).then(($highWidget) => {\n      if ($highWidget.length === 0) {\n        cy.log(\n          `Widget ${widgetName} disappeared after high security level change - test will be skipped`\n        );\n        expect(true).to.equal(true);\n        return;\n      }\n      const highContent = $highWidget.text();\n      if (lowContent === highContent) {\n        cy.log(\n          `Warning: Content did not change between low and high security levels`\n        );\n      }\n      const contentChanged = initialContent !== lowContent || lowContent !== highContent;\n      expect(contentChanged, \"Content should change with security levels\").to.be.true;\n    });\n  });\n});",
              "err": {},
              "uuid": "ec39f448-bd97-4848-8cf6-3b36f9564ab2",
              "parentUUID": "744a0bf8-1ddd-4f86-b810-fb72181b4658",
              "isHook": false,
              "skipped": false
            },
            {
              "title": "supports widget-specific functionality",
              "fullTitle": "Integrity Impact Widget Tests supports widget-specific functionality",
              "timedOut": null,
              "duration": 2093,
              "state": "passed",
              "speed": "fast",
              "pass": true,
              "fail": false,
              "pending": false,
              "context": null,
              "code": "findWidgetFlexibly(widgetTestId).then(($widget) => {\n  if ($widget.length === 0) {\n    cy.log(\n      `Widget ${widgetName} not found - specific test will be skipped`\n    );\n    cy.screenshot(`missing-widget-${widgetTestId}-specific`);\n    expect(true).to.equal(true);\n    return;\n  }\n  cy.wrap($widget.first()).as(\"currentWidget\");\n  try {\n    additionalTests2();\n  } catch (e) {\n    const errorMessage = e instanceof Error ? e.message : String(e);\n    cy.log(\n      `Error in additional tests for ${widgetName}: ${errorMessage}`\n    );\n    cy.screenshot(`error-${widgetName}-specific-test`);\n  }\n});",
              "err": {},
              "uuid": "053832d6-bfb5-444e-95cc-123acf76543d",
              "parentUUID": "744a0bf8-1ddd-4f86-b810-fb72181b4658",
              "isHook": false,
              "skipped": false
            }
          ],
          "suites": [],
          "passes": [
            "7939693d-b5d7-408c-a34a-51ac07c955c7",
            "ec39f448-bd97-4848-8cf6-3b36f9564ab2",
            "053832d6-bfb5-444e-95cc-123acf76543d"
          ],
          "failures": [],
          "pending": [],
          "skipped": [],
          "duration": 11162,
          "root": false,
          "rootEmpty": false,
          "_timeout": 2000
        }
      ],
      "passes": [],
      "failures": [],
      "pending": [],
      "skipped": [],
      "duration": 0,
      "root": true,
      "rootEmpty": true,
      "_timeout": 2000
    },
    {
      "uuid": "cbd9a6a8-f31d-42c9-a2f9-59b6c14ecefd",
      "title": "",
      "fullFile": "cypress/e2e/widgets/implementationguide/security-resources.cy.ts",
      "file": "cypress/e2e/widgets/implementationguide/security-resources.cy.ts",
      "beforeHooks": [],
      "afterHooks": [],
      "tests": [],
      "suites": [
        {
          "uuid": "70534d9d-8fa1-464b-bb55-74a9efb16198",
          "title": "Security Resources Widget Tests",
          "fullFile": "",
          "file": "",
          "beforeHooks": [],
          "afterHooks": [],
          "tests": [
            {
              "title": "is visible and contains expected content",
              "fullTitle": "Security Resources Widget Tests is visible and contains expected content",
              "timedOut": null,
              "duration": 3330,
              "state": "passed",
              "speed": "fast",
              "pass": true,
              "fail": false,
              "pending": false,
              "context": null,
              "code": "findWidgetFlexibly(widgetTestId).then(($widget) => {\n  if ($widget.length === 0) {\n    cy.log(`Widget ${widgetName} not found - test will be skipped`);\n    cy.screenshot(`missing-widget-${widgetTestId}`);\n    expect(true).to.equal(true);\n    return;\n  }\n  const widgetText = $widget.text();\n  let foundPattern = false;\n  let matchedPattern = \"\";\n  contentPatterns2.forEach((pattern) => {\n    if (typeof pattern === \"string\") {\n      if (widgetText.includes(pattern)) {\n        foundPattern = true;\n        matchedPattern = pattern;\n      }\n    } else if (pattern.test(widgetText)) {\n      foundPattern = true;\n      matchedPattern = pattern.toString();\n    }\n  });\n  if (foundPattern) {\n    cy.log(`Found expected content pattern: ${matchedPattern}`);\n  } else {\n    cy.log(\n      `No expected content patterns found in widget text: ${widgetText.substring(\n        0,\n        100\n      )}...`\n    );\n  }\n  expect(\n    foundPattern,\n    `Widget should contain at least one expected content pattern`\n  ).to.be.true;\n  captureWidgetScreenshot($widget.first(), `${widgetTestId}-baseline`);\n});",
              "err": {},
              "uuid": "e3f8518b-2ca2-44ea-90f5-5b2fb5738aed",
              "parentUUID": "70534d9d-8fa1-464b-bb55-74a9efb16198",
              "isHook": false,
              "skipped": false
            },
            {
              "title": "updates content when security levels change",
              "fullTitle": "Security Resources Widget Tests updates content when security levels change",
              "timedOut": null,
              "duration": 5892,
              "state": "passed",
              "speed": "medium",
              "pass": true,
              "fail": false,
              "pending": false,
              "context": null,
              "code": "findWidgetFlexibly(widgetTestId).then(($widget) => {\n  if ($widget.length === 0) {\n    cy.log(`Widget ${widgetName} not found - test will be skipped`);\n    cy.screenshot(`missing-widget-${widgetTestId}-security-change`);\n    expect(true).to.equal(true);\n    return;\n  }\n  const initialContent = $widget.text();\n  if (initialContent.trim().length === 0) {\n    cy.log(\n      `Widget ${widgetName} has no initial content - test will be skipped`\n    );\n    expect(true).to.equal(true);\n    return;\n  }\n  cy.setSecurityLevels(\n    SECURITY_LEVELS.LOW,\n    SECURITY_LEVELS.LOW,\n    SECURITY_LEVELS.LOW\n  );\n  cy.wait(1e3);\n  findWidgetFlexibly(widgetTestId).then(($lowWidget) => {\n    if ($lowWidget.length === 0) {\n      cy.log(\n        `Widget ${widgetName} disappeared after security level change - test will be skipped`\n      );\n      expect(true).to.equal(true);\n      return;\n    }\n    const lowContent = $lowWidget.text();\n    cy.setSecurityLevels(\n      SECURITY_LEVELS.HIGH,\n      SECURITY_LEVELS.HIGH,\n      SECURITY_LEVELS.HIGH\n    );\n    cy.wait(1e3);\n    findWidgetFlexibly(widgetTestId).then(($highWidget) => {\n      if ($highWidget.length === 0) {\n        cy.log(\n          `Widget ${widgetName} disappeared after high security level change - test will be skipped`\n        );\n        expect(true).to.equal(true);\n        return;\n      }\n      const highContent = $highWidget.text();\n      if (lowContent === highContent) {\n        cy.log(\n          `Warning: Content did not change between low and high security levels`\n        );\n      }\n      const contentChanged = initialContent !== lowContent || lowContent !== highContent;\n      expect(contentChanged, \"Content should change with security levels\").to.be.true;\n    });\n  });\n});",
              "err": {},
              "uuid": "b5a83ea5-9c4d-408c-aecd-0055de1a194e",
              "parentUUID": "70534d9d-8fa1-464b-bb55-74a9efb16198",
              "isHook": false,
              "skipped": false
            },
            {
              "title": "supports widget-specific functionality",
              "fullTitle": "Security Resources Widget Tests supports widget-specific functionality",
              "timedOut": null,
              "duration": 2083,
              "state": "passed",
              "speed": "fast",
              "pass": true,
              "fail": false,
              "pending": false,
              "context": null,
              "code": "findWidgetFlexibly(widgetTestId).then(($widget) => {\n  if ($widget.length === 0) {\n    cy.log(\n      `Widget ${widgetName} not found - specific test will be skipped`\n    );\n    cy.screenshot(`missing-widget-${widgetTestId}-specific`);\n    expect(true).to.equal(true);\n    return;\n  }\n  cy.wrap($widget.first()).as(\"currentWidget\");\n  try {\n    additionalTests2();\n  } catch (e) {\n    const errorMessage = e instanceof Error ? e.message : String(e);\n    cy.log(\n      `Error in additional tests for ${widgetName}: ${errorMessage}`\n    );\n    cy.screenshot(`error-${widgetName}-specific-test`);\n  }\n});",
              "err": {},
              "uuid": "fc9403d2-b926-412b-93a4-0baa4947dc1d",
              "parentUUID": "70534d9d-8fa1-464b-bb55-74a9efb16198",
              "isHook": false,
              "skipped": false
            }
          ],
          "suites": [],
          "passes": [
            "e3f8518b-2ca2-44ea-90f5-5b2fb5738aed",
            "b5a83ea5-9c4d-408c-aecd-0055de1a194e",
            "fc9403d2-b926-412b-93a4-0baa4947dc1d"
          ],
          "failures": [],
          "pending": [],
          "skipped": [],
          "duration": 11305,
          "root": false,
          "rootEmpty": false,
          "_timeout": 2000
        }
      ],
      "passes": [],
      "failures": [],
      "pending": [],
      "skipped": [],
      "duration": 0,
      "root": true,
      "rootEmpty": true,
      "_timeout": 2000
    },
    {
      "uuid": "5dd688c3-0f9d-4920-84b5-fc10351e7954",
      "title": "",
      "fullFile": "cypress/e2e/widgets/implementationguide/security-visualization.cy.ts",
      "file": "cypress/e2e/widgets/implementationguide/security-visualization.cy.ts",
      "beforeHooks": [],
      "afterHooks": [],
      "tests": [],
      "suites": [
        {
          "uuid": "914bdf09-6411-4277-8559-e572d6c5070c",
          "title": "Security Visualization Widget Tests",
          "fullFile": "",
          "file": "",
          "beforeHooks": [],
          "afterHooks": [],
          "tests": [
            {
              "title": "is visible and contains expected content",
              "fullTitle": "Security Visualization Widget Tests is visible and contains expected content",
              "timedOut": null,
              "duration": 3176,
              "state": "passed",
              "speed": "fast",
              "pass": true,
              "fail": false,
              "pending": false,
              "context": null,
              "code": "findWidgetFlexibly(widgetTestId).then(($widget) => {\n  if ($widget.length === 0) {\n    cy.log(`Widget ${widgetName} not found - test will be skipped`);\n    cy.screenshot(`missing-widget-${widgetTestId}`);\n    expect(true).to.equal(true);\n    return;\n  }\n  const widgetText = $widget.text();\n  let foundPattern = false;\n  let matchedPattern = \"\";\n  contentPatterns2.forEach((pattern) => {\n    if (typeof pattern === \"string\") {\n      if (widgetText.includes(pattern)) {\n        foundPattern = true;\n        matchedPattern = pattern;\n      }\n    } else if (pattern.test(widgetText)) {\n      foundPattern = true;\n      matchedPattern = pattern.toString();\n    }\n  });\n  if (foundPattern) {\n    cy.log(`Found expected content pattern: ${matchedPattern}`);\n  } else {\n    cy.log(\n      `No expected content patterns found in widget text: ${widgetText.substring(\n        0,\n        100\n      )}...`\n    );\n  }\n  expect(\n    foundPattern,\n    `Widget should contain at least one expected content pattern`\n  ).to.be.true;\n  captureWidgetScreenshot($widget.first(), `${widgetTestId}-baseline`);\n});",
              "err": {},
              "uuid": "6b52b585-99c7-46dc-bd42-50cf72663bcd",
              "parentUUID": "914bdf09-6411-4277-8559-e572d6c5070c",
              "isHook": false,
              "skipped": false
            },
            {
              "title": "updates content when security levels change",
              "fullTitle": "Security Visualization Widget Tests updates content when security levels change",
              "timedOut": null,
              "duration": 5898,
              "state": "passed",
              "speed": "medium",
              "pass": true,
              "fail": false,
              "pending": false,
              "context": null,
              "code": "findWidgetFlexibly(widgetTestId).then(($widget) => {\n  if ($widget.length === 0) {\n    cy.log(`Widget ${widgetName} not found - test will be skipped`);\n    cy.screenshot(`missing-widget-${widgetTestId}-security-change`);\n    expect(true).to.equal(true);\n    return;\n  }\n  const initialContent = $widget.text();\n  if (initialContent.trim().length === 0) {\n    cy.log(\n      `Widget ${widgetName} has no initial content - test will be skipped`\n    );\n    expect(true).to.equal(true);\n    return;\n  }\n  cy.setSecurityLevels(\n    SECURITY_LEVELS.LOW,\n    SECURITY_LEVELS.LOW,\n    SECURITY_LEVELS.LOW\n  );\n  cy.wait(1e3);\n  findWidgetFlexibly(widgetTestId).then(($lowWidget) => {\n    if ($lowWidget.length === 0) {\n      cy.log(\n        `Widget ${widgetName} disappeared after security level change - test will be skipped`\n      );\n      expect(true).to.equal(true);\n      return;\n    }\n    const lowContent = $lowWidget.text();\n    cy.setSecurityLevels(\n      SECURITY_LEVELS.HIGH,\n      SECURITY_LEVELS.HIGH,\n      SECURITY_LEVELS.HIGH\n    );\n    cy.wait(1e3);\n    findWidgetFlexibly(widgetTestId).then(($highWidget) => {\n      if ($highWidget.length === 0) {\n        cy.log(\n          `Widget ${widgetName} disappeared after high security level change - test will be skipped`\n        );\n        expect(true).to.equal(true);\n        return;\n      }\n      const highContent = $highWidget.text();\n      if (lowContent === highContent) {\n        cy.log(\n          `Warning: Content did not change between low and high security levels`\n        );\n      }\n      const contentChanged = initialContent !== lowContent || lowContent !== highContent;\n      expect(contentChanged, \"Content should change with security levels\").to.be.true;\n    });\n  });\n});",
              "err": {},
              "uuid": "5b78886b-0260-43e9-bc82-82cbefcb413b",
              "parentUUID": "914bdf09-6411-4277-8559-e572d6c5070c",
              "isHook": false,
              "skipped": false
            },
            {
              "title": "supports widget-specific functionality",
              "fullTitle": "Security Visualization Widget Tests supports widget-specific functionality",
              "timedOut": null,
              "duration": 2090,
              "state": "passed",
              "speed": "fast",
              "pass": true,
              "fail": false,
              "pending": false,
              "context": null,
              "code": "findWidgetFlexibly(widgetTestId).then(($widget) => {\n  if ($widget.length === 0) {\n    cy.log(\n      `Widget ${widgetName} not found - specific test will be skipped`\n    );\n    cy.screenshot(`missing-widget-${widgetTestId}-specific`);\n    expect(true).to.equal(true);\n    return;\n  }\n  cy.wrap($widget.first()).as(\"currentWidget\");\n  try {\n    additionalTests2();\n  } catch (e) {\n    const errorMessage = e instanceof Error ? e.message : String(e);\n    cy.log(\n      `Error in additional tests for ${widgetName}: ${errorMessage}`\n    );\n    cy.screenshot(`error-${widgetName}-specific-test`);\n  }\n});",
              "err": {},
              "uuid": "fbc051c0-1738-44d0-afcc-70f3495b3974",
              "parentUUID": "914bdf09-6411-4277-8559-e572d6c5070c",
              "isHook": false,
              "skipped": false
            }
          ],
          "suites": [],
          "passes": [
            "6b52b585-99c7-46dc-bd42-50cf72663bcd",
            "5b78886b-0260-43e9-bc82-82cbefcb413b",
            "fbc051c0-1738-44d0-afcc-70f3495b3974"
          ],
          "failures": [],
          "pending": [],
          "skipped": [],
          "duration": 11164,
          "root": false,
          "rootEmpty": false,
          "_timeout": 2000
        }
      ],
      "passes": [],
      "failures": [],
      "pending": [],
      "skipped": [],
      "duration": 0,
      "root": true,
      "rootEmpty": true,
      "_timeout": 2000
    },
    {
      "uuid": "a09693e6-981d-48a7-9f7b-6bf911ba163d",
      "title": "",
      "fullFile": "cypress/e2e/widgets/implementationguide/technical-details.cy.ts",
      "file": "cypress/e2e/widgets/implementationguide/technical-details.cy.ts",
      "beforeHooks": [],
      "afterHooks": [],
      "tests": [],
      "suites": [
        {
          "uuid": "05fc812b-6e5b-42c8-a8d8-f8b32b21bdba",
          "title": "Technical Details Widget Tests",
          "fullFile": "",
          "file": "",
          "beforeHooks": [],
          "afterHooks": [],
          "tests": [
            {
              "title": "is visible and contains expected content",
              "fullTitle": "Technical Details Widget Tests is visible and contains expected content",
              "timedOut": null,
              "duration": 3119,
              "state": "passed",
              "speed": "fast",
              "pass": true,
              "fail": false,
              "pending": false,
              "context": null,
              "code": "findWidgetFlexibly(widgetTestId).then(($widget) => {\n  if ($widget.length === 0) {\n    cy.log(`Widget ${widgetName} not found - test will be skipped`);\n    cy.screenshot(`missing-widget-${widgetTestId}`);\n    expect(true).to.equal(true);\n    return;\n  }\n  const widgetText = $widget.text();\n  let foundPattern = false;\n  let matchedPattern = \"\";\n  contentPatterns2.forEach((pattern) => {\n    if (typeof pattern === \"string\") {\n      if (widgetText.includes(pattern)) {\n        foundPattern = true;\n        matchedPattern = pattern;\n      }\n    } else if (pattern.test(widgetText)) {\n      foundPattern = true;\n      matchedPattern = pattern.toString();\n    }\n  });\n  if (foundPattern) {\n    cy.log(`Found expected content pattern: ${matchedPattern}`);\n  } else {\n    cy.log(\n      `No expected content patterns found in widget text: ${widgetText.substring(\n        0,\n        100\n      )}...`\n    );\n  }\n  expect(\n    foundPattern,\n    `Widget should contain at least one expected content pattern`\n  ).to.be.true;\n  captureWidgetScreenshot($widget.first(), `${widgetTestId}-baseline`);\n});",
              "err": {},
              "uuid": "be2da1e0-d186-434a-9645-f68595904324",
              "parentUUID": "05fc812b-6e5b-42c8-a8d8-f8b32b21bdba",
              "isHook": false,
              "skipped": false
            },
            {
              "title": "updates content when security levels change",
              "fullTitle": "Technical Details Widget Tests updates content when security levels change",
              "timedOut": null,
              "duration": 5855,
              "state": "passed",
              "speed": "medium",
              "pass": true,
              "fail": false,
              "pending": false,
              "context": null,
              "code": "findWidgetFlexibly(widgetTestId).then(($widget) => {\n  if ($widget.length === 0) {\n    cy.log(`Widget ${widgetName} not found - test will be skipped`);\n    cy.screenshot(`missing-widget-${widgetTestId}-security-change`);\n    expect(true).to.equal(true);\n    return;\n  }\n  const initialContent = $widget.text();\n  if (initialContent.trim().length === 0) {\n    cy.log(\n      `Widget ${widgetName} has no initial content - test will be skipped`\n    );\n    expect(true).to.equal(true);\n    return;\n  }\n  cy.setSecurityLevels(\n    SECURITY_LEVELS.LOW,\n    SECURITY_LEVELS.LOW,\n    SECURITY_LEVELS.LOW\n  );\n  cy.wait(1e3);\n  findWidgetFlexibly(widgetTestId).then(($lowWidget) => {\n    if ($lowWidget.length === 0) {\n      cy.log(\n        `Widget ${widgetName} disappeared after security level change - test will be skipped`\n      );\n      expect(true).to.equal(true);\n      return;\n    }\n    const lowContent = $lowWidget.text();\n    cy.setSecurityLevels(\n      SECURITY_LEVELS.HIGH,\n      SECURITY_LEVELS.HIGH,\n      SECURITY_LEVELS.HIGH\n    );\n    cy.wait(1e3);\n    findWidgetFlexibly(widgetTestId).then(($highWidget) => {\n      if ($highWidget.length === 0) {\n        cy.log(\n          `Widget ${widgetName} disappeared after high security level change - test will be skipped`\n        );\n        expect(true).to.equal(true);\n        return;\n      }\n      const highContent = $highWidget.text();\n      if (lowContent === highContent) {\n        cy.log(\n          `Warning: Content did not change between low and high security levels`\n        );\n      }\n      const contentChanged = initialContent !== lowContent || lowContent !== highContent;\n      expect(contentChanged, \"Content should change with security levels\").to.be.true;\n    });\n  });\n});",
              "err": {},
              "uuid": "2cbd03cd-b4e3-4ff0-afe3-ec4421657f60",
              "parentUUID": "05fc812b-6e5b-42c8-a8d8-f8b32b21bdba",
              "isHook": false,
              "skipped": false
            },
            {
              "title": "supports widget-specific functionality",
              "fullTitle": "Technical Details Widget Tests supports widget-specific functionality",
              "timedOut": null,
              "duration": 2083,
              "state": "passed",
              "speed": "fast",
              "pass": true,
              "fail": false,
              "pending": false,
              "context": null,
              "code": "findWidgetFlexibly(widgetTestId).then(($widget) => {\n  if ($widget.length === 0) {\n    cy.log(\n      `Widget ${widgetName} not found - specific test will be skipped`\n    );\n    cy.screenshot(`missing-widget-${widgetTestId}-specific`);\n    expect(true).to.equal(true);\n    return;\n  }\n  cy.wrap($widget.first()).as(\"currentWidget\");\n  try {\n    additionalTests2();\n  } catch (e) {\n    const errorMessage = e instanceof Error ? e.message : String(e);\n    cy.log(\n      `Error in additional tests for ${widgetName}: ${errorMessage}`\n    );\n    cy.screenshot(`error-${widgetName}-specific-test`);\n  }\n});",
              "err": {},
              "uuid": "50ffd5e3-7557-4f50-897b-e0dfbf707f21",
              "parentUUID": "05fc812b-6e5b-42c8-a8d8-f8b32b21bdba",
              "isHook": false,
              "skipped": false
            }
          ],
          "suites": [],
          "passes": [
            "be2da1e0-d186-434a-9645-f68595904324",
            "2cbd03cd-b4e3-4ff0-afe3-ec4421657f60",
            "50ffd5e3-7557-4f50-897b-e0dfbf707f21"
          ],
          "failures": [],
          "pending": [],
          "skipped": [],
          "duration": 11057,
          "root": false,
          "rootEmpty": false,
          "_timeout": 2000
        }
      ],
      "passes": [],
      "failures": [],
      "pending": [],
      "skipped": [],
      "duration": 0,
      "root": true,
      "rootEmpty": true,
      "_timeout": 2000
    }
  ],
  "meta": {
    "mocha": {
      "version": "7.2.0"
    },
    "mochawesome": {
      "options": {
        "quiet": false,
        "reportFilename": "mochawesome",
        "saveHtml": true,
        "saveJson": true,
        "consoleReporter": "spec",
        "useInlineDiffs": false,
        "code": true
      },
      "version": "7.1.3"
    },
    "marge": {
      "options": {
        "id": "default",
        "reportDir": "docs/cypress/mochawesome",
        "overwrite": false,
        "html": true,
        "json": true,
        "code": true,
        "timestamp": "mmddyyyy_HHMMss",
        "charts": true,
        "showHooks": "failed",
        "embeddedScreenshots": true
      },
      "version": "6.2.0"
    }
  }
}