{
  "stats": {
    "suites": 12,
    "tests": 58,
    "passes": 58,
    "pending": 0,
    "failures": 0,
    "testsRegistered": 58,
    "passPercent": 100,
    "pendingPercent": 0,
    "other": 0,
    "hasOther": false,
    "skipped": 0,
    "hasSkipped": false,
    "start": "2025-03-16T03:40:09.454Z",
    "end": "2025-03-16T03:44:39.328Z",
    "duration": 269874
  },
  "results": [
    {
      "uuid": "6435e23a-e0b8-49ed-8042-0ece09e31fbb",
      "title": "",
      "fullFile": "cypress/e2e/business-outcomes/compliance-validation.cy.ts",
      "file": "cypress/e2e/business-outcomes/compliance-validation.cy.ts",
      "beforeHooks": [],
      "afterHooks": [],
      "tests": [],
      "suites": [
        {
          "uuid": "90c6ce76-e724-4691-9f28-02a98b410405",
          "title": "Compliance Status Validation",
          "fullFile": "",
          "file": "",
          "beforeHooks": [],
          "afterHooks": [],
          "tests": [
            {
              "title": "accurately reflects compliance status based on security levels",
              "fullTitle": "Compliance Status Validation accurately reflects compliance status based on security levels",
              "timedOut": null,
              "duration": 7167,
              "state": "passed",
              "speed": "medium",
              "pass": true,
              "fail": false,
              "pending": false,
              "context": null,
              "code": "cy.screenshot(\"compliance-validation-start\");\nconst complianceScenarios = [\n  {\n    levels: [SECURITY_LEVELS.LOW, SECURITY_LEVELS.LOW, SECURITY_LEVELS.LOW],\n    expectedStatus: /minimal|basic|non-compliant|low/i,\n    expectedFrameworks: 0\n  },\n  {\n    levels: [\n      SECURITY_LEVELS.HIGH,\n      SECURITY_LEVELS.HIGH,\n      SECURITY_LEVELS.HIGH\n    ],\n    expectedStatus: /compliant|meets requirements|high/i,\n    expectedFrameworks: 1\n    // Less strict - at least one framework\n  }\n];\ncomplianceScenarios.forEach((scenario, index) => {\n  cy.log(\n    `Testing compliance scenario ${index + 1} with levels: ${scenario.levels.join(\", \")}`\n  );\n  cy.get(\"body\").then(($body) => {\n    if ($body.find(\"select\").length >= 3) {\n      cy.get(\"select\").eq(0).select(scenario.levels[0], { force: true });\n      cy.wait(300);\n      cy.get(\"select\").eq(1).select(scenario.levels[1], { force: true });\n      cy.wait(300);\n      cy.get(\"select\").eq(2).select(scenario.levels[2], { force: true });\n    } else {\n      cy.setSecurityLevels(...scenario.levels);\n    }\n  });\n  cy.wait(1e3);\n  cy.screenshot(`compliance-scenario-${index + 1}`);\n  cy.get(\"body\").then(($body) => {\n    const selectors = [\n      '[data-testid=\"widget-compliance-status\"]',\n      '[data-testid=\"compliance-status\"]',\n      '[data-testid*=\"compliance\"]',\n      '[class*=\"compliance\"]'\n    ];\n    let foundSelector = \"\";\n    for (const selector of selectors) {\n      if ($body.find(selector).length > 0) {\n        foundSelector = selector;\n        break;\n      }\n    }\n    if (foundSelector) {\n      cy.log(`Found compliance widget with selector: ${foundSelector}`);\n      cy.get(foundSelector).within(() => {\n        cy.contains(scenario.expectedStatus).should(\"exist\");\n        if (scenario.expectedFrameworks > 0) {\n          cy.get(\n            'li, [data-testid*=\"framework-item\"], [data-testid*=\"compliance-item\"]'\n          ).should(\"have.length.at.least\", scenario.expectedFrameworks);\n        }\n      });\n    } else {\n      cy.log(\"⚠️ Compliance widget not found with standard selectors\");\n      cy.contains(scenario.expectedStatus).should(\"exist\");\n    }\n  });\n});",
              "err": {},
              "uuid": "627d5099-2087-4568-af93-df70bdbccd59",
              "parentUUID": "90c6ce76-e724-4691-9f28-02a98b410405",
              "isHook": false,
              "skipped": false
            }
          ],
          "suites": [],
          "passes": [
            "627d5099-2087-4568-af93-df70bdbccd59"
          ],
          "failures": [],
          "pending": [],
          "skipped": [],
          "duration": 7167,
          "root": false,
          "rootEmpty": false,
          "_timeout": 2000
        }
      ],
      "passes": [],
      "failures": [],
      "pending": [],
      "skipped": [],
      "duration": 0,
      "root": true,
      "rootEmpty": true,
      "_timeout": 2000
    },
    {
      "uuid": "40dc2921-6520-45a5-a822-93af8cea1d77",
      "title": "",
      "fullFile": "cypress/e2e/security/security-level-transitions.cy.ts",
      "file": "cypress/e2e/security/security-level-transitions.cy.ts",
      "beforeHooks": [],
      "afterHooks": [],
      "tests": [],
      "suites": [
        {
          "uuid": "ecacb0e4-24f9-44f0-9949-b5ceea23daa4",
          "title": "Security Level Transitions",
          "fullFile": "",
          "file": "",
          "beforeHooks": [],
          "afterHooks": [],
          "tests": [
            {
              "title": "maintains application integrity during security level changes",
              "fullTitle": "Security Level Transitions maintains application integrity during security level changes",
              "timedOut": null,
              "duration": 11151,
              "state": "passed",
              "speed": "slow",
              "pass": true,
              "fail": false,
              "pending": false,
              "context": null,
              "code": "const securityTransitions = [\n  // Test dramatic change (low to high)\n  {\n    from: [SECURITY_LEVELS.LOW, SECURITY_LEVELS.LOW, SECURITY_LEVELS.LOW],\n    to: [SECURITY_LEVELS.HIGH, SECURITY_LEVELS.HIGH, SECURITY_LEVELS.HIGH]\n  },\n  // Test mixed security levels\n  {\n    from: [\n      SECURITY_LEVELS.HIGH,\n      SECURITY_LEVELS.HIGH,\n      SECURITY_LEVELS.HIGH\n    ],\n    to: [\n      SECURITY_LEVELS.HIGH,\n      SECURITY_LEVELS.LOW,\n      SECURITY_LEVELS.MODERATE\n    ]\n  }\n];\nfor (const transition of securityTransitions) {\n  cy.log(`Testing transition from ${transition.from} to ${transition.to}`);\n  cy.get(\"body\").then(($body) => {\n    if ($body.find(\"select\").length >= 3) {\n      cy.get(\"select\").eq(0).select(transition.from[0], { force: true });\n      cy.wait(300);\n      cy.get(\"select\").eq(1).select(transition.from[1], { force: true });\n      cy.wait(300);\n      cy.get(\"select\").eq(2).select(transition.from[2], { force: true });\n    } else {\n      cy.setSecurityLevels(...transition.from);\n    }\n  });\n  cy.wait(1e3);\n  cy.screenshot(`transition-initial-${transition.from.join(\"-\")}`);\n  cy.log(\"Verifying initial widget state\");\n  let initialWidgetFound = false;\n  cy.get(\"body\").then(($body) => {\n    const summarySelectors = [\n      '[data-testid=\"widget-security-summary\"]',\n      '[data-testid=\"security-summary\"]',\n      '[data-testid*=\"security\"][data-testid*=\"summary\"]'\n    ];\n    for (const selector of summarySelectors) {\n      if ($body.find(selector).length > 0) {\n        initialWidgetFound = true;\n        cy.log(`Found security summary with selector: ${selector}`);\n        cy.get(selector).should(\"exist\").as(\"securitySummary\");\n        break;\n      }\n    }\n    if (!initialWidgetFound) {\n      cy.log(\"⚠️ Could not find security summary widget\");\n      cy.get(\"body\").as(\"securitySummary\");\n    }\n  });\n  cy.get(\"body\").should(\"not.contain.text\", \"undefined\");\n  cy.get(\"body\").should(\"not.contain.text\", \"NaN\");\n  cy.get(\"body\").invoke(\"text\").as(\"initialBodyText\");\n  cy.log(`Changing to security levels: ${transition.to}`);\n  cy.get(\"body\").then(($body) => {\n    if ($body.find(\"select\").length >= 3) {\n      cy.get(\"select\").eq(0).select(transition.to[0], { force: true });\n      cy.wait(300);\n      cy.get(\"select\").eq(1).select(transition.to[1], { force: true });\n      cy.wait(300);\n      cy.get(\"select\").eq(2).select(transition.to[2], { force: true });\n    } else {\n      cy.setSecurityLevels(...transition.to);\n    }\n  });\n  cy.wait(1e3);\n  cy.screenshot(`transition-after-${transition.to.join(\"-\")}`);\n  if (initialWidgetFound) {\n    cy.get(\"@securitySummary\").should(\"exist\");\n  }\n  cy.get(\"body\").invoke(\"text\").then((newBodyText) => {\n    cy.get(\"@initialBodyText\").then((initialBodyText) => {\n      if (newBodyText !== initialBodyText) {\n        cy.log(\"✓ Page content changed after security level transition\");\n      } else {\n        cy.log(\"⚠️ Page content did not change after transition\");\n      }\n    });\n  });\n  cy.get(\"body\").should(\"not.contain.text\", \"undefined\");\n  cy.get(\"body\").should(\"not.contain.text\", \"NaN\");\n  cy.get(\"body\").should(\"not.contain.text\", \"Error\");\n  cy.window().then((win) => {\n    if (win.consoleErrors && win.consoleErrors.length > 0) {\n      cy.log(`⚠️ Console errors found: ${win.consoleErrors.length}`);\n      win.consoleErrors.forEach((err, i) => {\n        if (i < 3) {\n          cy.log(`Error ${i + 1}: ${err.substring(0, 100)}...`);\n        }\n      });\n    } else {\n      cy.log(\"✓ No console errors detected\");\n    }\n  });\n}",
              "err": {},
              "uuid": "e45c0be7-0310-4bfe-b812-e7f38d8b5848",
              "parentUUID": "ecacb0e4-24f9-44f0-9949-b5ceea23daa4",
              "isHook": false,
              "skipped": false
            }
          ],
          "suites": [],
          "passes": [
            "e45c0be7-0310-4bfe-b812-e7f38d8b5848"
          ],
          "failures": [],
          "pending": [],
          "skipped": [],
          "duration": 11151,
          "root": false,
          "rootEmpty": false,
          "_timeout": 2000
        }
      ],
      "passes": [],
      "failures": [],
      "pending": [],
      "skipped": [],
      "duration": 0,
      "root": true,
      "rootEmpty": true,
      "_timeout": 2000
    },
    {
      "uuid": "d325dc88-b621-4a32-b5d2-fdd54a49323f",
      "title": "",
      "fullFile": "cypress/e2e/widgets/all-widgets-security-test.cy.ts",
      "file": "cypress/e2e/widgets/all-widgets-security-test.cy.ts",
      "beforeHooks": [],
      "afterHooks": [],
      "tests": [],
      "suites": [
        {
          "uuid": "51036b8f-ee54-4409-a5c5-32541f7c1d34",
          "title": "All Widgets Security Level Tests",
          "fullFile": "",
          "file": "",
          "beforeHooks": [],
          "afterHooks": [],
          "tests": [
            {
              "title": "handles key security combinations for security-summary",
              "fullTitle": "All Widgets Security Level Tests handles key security combinations for security-summary",
              "timedOut": null,
              "duration": 5501,
              "state": "passed",
              "speed": "medium",
              "pass": true,
              "fail": false,
              "pending": false,
              "context": null,
              "code": "cy.get(\"body\").then(($body) => {\n  const widgetExists = $body.find(`[data-testid*=\"${widget}\"]`).length > 0;\n  if (!widgetExists) {\n    cy.log(\n      `⚠️ WARNING: Widget \"${widget}\" not found - skipping security level tests`\n    );\n    return;\n  }\n  cy.findWidget(widget).scrollIntoView();\n  const hasSelects = $body.find(\"select\").length >= 3;\n  if (!hasSelects) {\n    cy.log(\n      \"⚠️ WARNING: Not enough select elements found to set security levels\"\n    );\n    return;\n  }\n  criticalCombinations.forEach(([avail, integ, conf]) => {\n    cy.log(`Testing ${avail}-${integ}-${conf} combination`);\n    cy.get(\"body\").then(($updated) => {\n      const selects = $updated.find(\"select\");\n      if (selects.length >= 3) {\n        cy.get(\"select\").eq(0).select(avail, { force: true });\n        cy.get(\"select\").eq(1).select(integ, { force: true });\n        cy.get(\"select\").eq(2).select(conf, { force: true });\n      } else {\n        cy.setSecurityLevels(avail, integ, conf);\n      }\n    });\n    cy.wait(300);\n    cy.findWidget(widget).should(\"exist\").should(\"be.visible\").then(($widget) => {\n      expect($widget.text().trim().length).to.be.greaterThan(0);\n    });\n  });\n});",
              "err": {},
              "uuid": "08a79380-0145-45fc-9665-25d2cd398504",
              "parentUUID": "51036b8f-ee54-4409-a5c5-32541f7c1d34",
              "isHook": false,
              "skipped": false
            },
            {
              "title": "handles key security combinations for business-impact",
              "fullTitle": "All Widgets Security Level Tests handles key security combinations for business-impact",
              "timedOut": null,
              "duration": 4834,
              "state": "passed",
              "speed": "fast",
              "pass": true,
              "fail": false,
              "pending": false,
              "context": null,
              "code": "cy.get(\"body\").then(($body) => {\n  const widgetExists = $body.find(`[data-testid*=\"${widget}\"]`).length > 0;\n  if (!widgetExists) {\n    cy.log(\n      `⚠️ WARNING: Widget \"${widget}\" not found - skipping security level tests`\n    );\n    return;\n  }\n  cy.findWidget(widget).scrollIntoView();\n  const hasSelects = $body.find(\"select\").length >= 3;\n  if (!hasSelects) {\n    cy.log(\n      \"⚠️ WARNING: Not enough select elements found to set security levels\"\n    );\n    return;\n  }\n  criticalCombinations.forEach(([avail, integ, conf]) => {\n    cy.log(`Testing ${avail}-${integ}-${conf} combination`);\n    cy.get(\"body\").then(($updated) => {\n      const selects = $updated.find(\"select\");\n      if (selects.length >= 3) {\n        cy.get(\"select\").eq(0).select(avail, { force: true });\n        cy.get(\"select\").eq(1).select(integ, { force: true });\n        cy.get(\"select\").eq(2).select(conf, { force: true });\n      } else {\n        cy.setSecurityLevels(avail, integ, conf);\n      }\n    });\n    cy.wait(300);\n    cy.findWidget(widget).should(\"exist\").should(\"be.visible\").then(($widget) => {\n      expect($widget.text().trim().length).to.be.greaterThan(0);\n    });\n  });\n});",
              "err": {},
              "uuid": "94cb2b9f-fbec-4f0e-8611-f2554d13c49e",
              "parentUUID": "51036b8f-ee54-4409-a5c5-32541f7c1d34",
              "isHook": false,
              "skipped": false
            },
            {
              "title": "handles key security combinations for cost-estimation",
              "fullTitle": "All Widgets Security Level Tests handles key security combinations for cost-estimation",
              "timedOut": null,
              "duration": 4818,
              "state": "passed",
              "speed": "fast",
              "pass": true,
              "fail": false,
              "pending": false,
              "context": null,
              "code": "cy.get(\"body\").then(($body) => {\n  const widgetExists = $body.find(`[data-testid*=\"${widget}\"]`).length > 0;\n  if (!widgetExists) {\n    cy.log(\n      `⚠️ WARNING: Widget \"${widget}\" not found - skipping security level tests`\n    );\n    return;\n  }\n  cy.findWidget(widget).scrollIntoView();\n  const hasSelects = $body.find(\"select\").length >= 3;\n  if (!hasSelects) {\n    cy.log(\n      \"⚠️ WARNING: Not enough select elements found to set security levels\"\n    );\n    return;\n  }\n  criticalCombinations.forEach(([avail, integ, conf]) => {\n    cy.log(`Testing ${avail}-${integ}-${conf} combination`);\n    cy.get(\"body\").then(($updated) => {\n      const selects = $updated.find(\"select\");\n      if (selects.length >= 3) {\n        cy.get(\"select\").eq(0).select(avail, { force: true });\n        cy.get(\"select\").eq(1).select(integ, { force: true });\n        cy.get(\"select\").eq(2).select(conf, { force: true });\n      } else {\n        cy.setSecurityLevels(avail, integ, conf);\n      }\n    });\n    cy.wait(300);\n    cy.findWidget(widget).should(\"exist\").should(\"be.visible\").then(($widget) => {\n      expect($widget.text().trim().length).to.be.greaterThan(0);\n    });\n  });\n});",
              "err": {},
              "uuid": "ee5b33f8-4bd3-4623-ae3b-0ae2b9e664aa",
              "parentUUID": "51036b8f-ee54-4409-a5c5-32541f7c1d34",
              "isHook": false,
              "skipped": false
            },
            {
              "title": "handles key security combinations for compliance-status",
              "fullTitle": "All Widgets Security Level Tests handles key security combinations for compliance-status",
              "timedOut": null,
              "duration": 4772,
              "state": "passed",
              "speed": "fast",
              "pass": true,
              "fail": false,
              "pending": false,
              "context": null,
              "code": "cy.get(\"body\").then(($body) => {\n  const widgetExists = $body.find(`[data-testid*=\"${widget}\"]`).length > 0;\n  if (!widgetExists) {\n    cy.log(\n      `⚠️ WARNING: Widget \"${widget}\" not found - skipping security level tests`\n    );\n    return;\n  }\n  cy.findWidget(widget).scrollIntoView();\n  const hasSelects = $body.find(\"select\").length >= 3;\n  if (!hasSelects) {\n    cy.log(\n      \"⚠️ WARNING: Not enough select elements found to set security levels\"\n    );\n    return;\n  }\n  criticalCombinations.forEach(([avail, integ, conf]) => {\n    cy.log(`Testing ${avail}-${integ}-${conf} combination`);\n    cy.get(\"body\").then(($updated) => {\n      const selects = $updated.find(\"select\");\n      if (selects.length >= 3) {\n        cy.get(\"select\").eq(0).select(avail, { force: true });\n        cy.get(\"select\").eq(1).select(integ, { force: true });\n        cy.get(\"select\").eq(2).select(conf, { force: true });\n      } else {\n        cy.setSecurityLevels(avail, integ, conf);\n      }\n    });\n    cy.wait(300);\n    cy.findWidget(widget).should(\"exist\").should(\"be.visible\").then(($widget) => {\n      expect($widget.text().trim().length).to.be.greaterThan(0);\n    });\n  });\n});",
              "err": {},
              "uuid": "eba03800-a0ca-4b2a-ab89-bf917772be01",
              "parentUUID": "51036b8f-ee54-4409-a5c5-32541f7c1d34",
              "isHook": false,
              "skipped": false
            },
            {
              "title": "handles security level transitions smoothly for security-summary widget",
              "fullTitle": "All Widgets Security Level Tests handles security level transitions smoothly for security-summary widget",
              "timedOut": null,
              "duration": 3725,
              "state": "passed",
              "speed": "fast",
              "pass": true,
              "fail": false,
              "pending": false,
              "context": null,
              "code": "cy.findWidget(widgetName).scrollIntoView();\nconst transitionSequence = [\n  [SECURITY_LEVELS.LOW, SECURITY_LEVELS.LOW, SECURITY_LEVELS.LOW],\n  [SECURITY_LEVELS.HIGH, SECURITY_LEVELS.HIGH, SECURITY_LEVELS.HIGH],\n  [\n    SECURITY_LEVELS.MODERATE,\n    SECURITY_LEVELS.MODERATE,\n    SECURITY_LEVELS.MODERATE\n  ],\n  [SECURITY_LEVELS.LOW, SECURITY_LEVELS.HIGH, SECURITY_LEVELS.MODERATE]\n];\ntransitionSequence.forEach(([avail, integ, conf], index) => {\n  cy.log(`Testing transition ${index + 1}: ${avail}, ${integ}, ${conf}`);\n  cy.setSecurityLevels(avail, integ, conf);\n  cy.wait(100);\n  cy.findWidget(widgetName).should(\"exist\");\n});\ncy.findWidget(widgetName).should(\"be.visible\").invoke(\"text\").should(\"not.be.empty\");",
              "err": {},
              "uuid": "16a8d1bf-08da-428c-bbfb-e93379e2e63d",
              "parentUUID": "51036b8f-ee54-4409-a5c5-32541f7c1d34",
              "isHook": false,
              "skipped": false
            },
            {
              "title": "handles security level transitions smoothly for radar-chart widget",
              "fullTitle": "All Widgets Security Level Tests handles security level transitions smoothly for radar-chart widget",
              "timedOut": null,
              "duration": 3750,
              "state": "passed",
              "speed": "fast",
              "pass": true,
              "fail": false,
              "pending": false,
              "context": null,
              "code": "cy.findWidget(widgetName).scrollIntoView();\nconst transitionSequence = [\n  [SECURITY_LEVELS.LOW, SECURITY_LEVELS.LOW, SECURITY_LEVELS.LOW],\n  [SECURITY_LEVELS.HIGH, SECURITY_LEVELS.HIGH, SECURITY_LEVELS.HIGH],\n  [\n    SECURITY_LEVELS.MODERATE,\n    SECURITY_LEVELS.MODERATE,\n    SECURITY_LEVELS.MODERATE\n  ],\n  [SECURITY_LEVELS.LOW, SECURITY_LEVELS.HIGH, SECURITY_LEVELS.MODERATE]\n];\ntransitionSequence.forEach(([avail, integ, conf], index) => {\n  cy.log(`Testing transition ${index + 1}: ${avail}, ${integ}, ${conf}`);\n  cy.setSecurityLevels(avail, integ, conf);\n  cy.wait(100);\n  cy.findWidget(widgetName).should(\"exist\");\n});\ncy.findWidget(widgetName).should(\"be.visible\").invoke(\"text\").should(\"not.be.empty\");",
              "err": {},
              "uuid": "fbdd0b35-b2ff-446f-a4be-3975435c3ac5",
              "parentUUID": "51036b8f-ee54-4409-a5c5-32541f7c1d34",
              "isHook": false,
              "skipped": false
            },
            {
              "title": "handles security level transitions smoothly for compliance-status widget",
              "fullTitle": "All Widgets Security Level Tests handles security level transitions smoothly for compliance-status widget",
              "timedOut": null,
              "duration": 3761,
              "state": "passed",
              "speed": "fast",
              "pass": true,
              "fail": false,
              "pending": false,
              "context": null,
              "code": "cy.findWidget(widgetName).scrollIntoView();\nconst transitionSequence = [\n  [SECURITY_LEVELS.LOW, SECURITY_LEVELS.LOW, SECURITY_LEVELS.LOW],\n  [SECURITY_LEVELS.HIGH, SECURITY_LEVELS.HIGH, SECURITY_LEVELS.HIGH],\n  [\n    SECURITY_LEVELS.MODERATE,\n    SECURITY_LEVELS.MODERATE,\n    SECURITY_LEVELS.MODERATE\n  ],\n  [SECURITY_LEVELS.LOW, SECURITY_LEVELS.HIGH, SECURITY_LEVELS.MODERATE]\n];\ntransitionSequence.forEach(([avail, integ, conf], index) => {\n  cy.log(`Testing transition ${index + 1}: ${avail}, ${integ}, ${conf}`);\n  cy.setSecurityLevels(avail, integ, conf);\n  cy.wait(100);\n  cy.findWidget(widgetName).should(\"exist\");\n});\ncy.findWidget(widgetName).should(\"be.visible\").invoke(\"text\").should(\"not.be.empty\");",
              "err": {},
              "uuid": "8b98baa7-1eec-422e-a669-f2f4f94a6130",
              "parentUUID": "51036b8f-ee54-4409-a5c5-32541f7c1d34",
              "isHook": false,
              "skipped": false
            },
            {
              "title": "shows appropriate widgets for each security profile",
              "fullTitle": "All Widgets Security Level Tests shows appropriate widgets for each security profile",
              "timedOut": null,
              "duration": 2988,
              "state": "passed",
              "speed": "fast",
              "pass": true,
              "fail": false,
              "pending": false,
              "context": null,
              "code": "const securityProfiles = [\n  {\n    name: \"None/Low Security\",\n    levels: [SECURITY_LEVELS.LOW, SECURITY_LEVELS.LOW, SECURITY_LEVELS.LOW],\n    expectedWidgets: [\n      \"security-summary\",\n      \"security-level\",\n      \"cost-estimation\"\n    ],\n    unexpectedWidgets: [\"cia-impact-summary\", \"radar-chart\"]\n    // These might not be visible at low security\n  },\n  {\n    name: \"High Security\",\n    levels: [\n      SECURITY_LEVELS.HIGH,\n      SECURITY_LEVELS.HIGH,\n      SECURITY_LEVELS.HIGH\n    ],\n    expectedWidgets: [\n      \"security-summary\",\n      \"security-level\",\n      \"cost-estimation\",\n      \"value-creation\",\n      \"business-impact\",\n      \"compliance-status\"\n    ],\n    unexpectedWidgets: []\n    // At high security, most widgets should be visible\n  }\n];\nsecurityProfiles.forEach((profile) => {\n  cy.log(`Testing ${profile.name} profile`);\n  cy.setSecurityLevels(...profile.levels);\n  cy.wait(500);\n  profile.expectedWidgets.forEach((widgetId) => {\n    cy.findWidget(widgetId).should(\"exist\");\n  });\n  if (profile.unexpectedWidgets.length > 0) {\n    cy.log(\n      `Note: Some widgets may not be visible in ${profile.name} profile`\n    );\n  }\n});",
              "err": {},
              "uuid": "44932e3a-80c4-4494-9e03-6a3ececc7e3d",
              "parentUUID": "51036b8f-ee54-4409-a5c5-32541f7c1d34",
              "isHook": false,
              "skipped": false
            },
            {
              "title": "handles extreme security transitions without errors",
              "fullTitle": "All Widgets Security Level Tests handles extreme security transitions without errors",
              "timedOut": null,
              "duration": 2633,
              "state": "passed",
              "speed": "fast",
              "pass": true,
              "fail": false,
              "pending": false,
              "context": null,
              "code": "cy.setSecurityLevels(\n  SECURITY_LEVELS.NONE,\n  SECURITY_LEVELS.NONE,\n  SECURITY_LEVELS.NONE\n);\ncy.wait(300);\ncy.window().then((win) => {\n  win.consoleErrors = [];\n  cy.setSecurityLevels(\n    SECURITY_LEVELS.VERY_HIGH,\n    SECURITY_LEVELS.VERY_HIGH,\n    SECURITY_LEVELS.VERY_HIGH\n  );\n  cy.wait(500);\n  cy.wrap(win.consoleErrors || []).should(\"have.length.lessThan\", 3);\n});",
              "err": {},
              "uuid": "1f0210b0-bc5f-4bde-abe4-8b0177883652",
              "parentUUID": "51036b8f-ee54-4409-a5c5-32541f7c1d34",
              "isHook": false,
              "skipped": false
            }
          ],
          "suites": [],
          "passes": [
            "08a79380-0145-45fc-9665-25d2cd398504",
            "94cb2b9f-fbec-4f0e-8611-f2554d13c49e",
            "ee5b33f8-4bd3-4623-ae3b-0ae2b9e664aa",
            "eba03800-a0ca-4b2a-ab89-bf917772be01",
            "16a8d1bf-08da-428c-bbfb-e93379e2e63d",
            "fbdd0b35-b2ff-446f-a4be-3975435c3ac5",
            "8b98baa7-1eec-422e-a669-f2f4f94a6130",
            "44932e3a-80c4-4494-9e03-6a3ececc7e3d",
            "1f0210b0-bc5f-4bde-abe4-8b0177883652"
          ],
          "failures": [],
          "pending": [],
          "skipped": [],
          "duration": 36782,
          "root": false,
          "rootEmpty": false,
          "_timeout": 2000
        }
      ],
      "passes": [],
      "failures": [],
      "pending": [],
      "skipped": [],
      "duration": 0,
      "root": true,
      "rootEmpty": true,
      "_timeout": 2000
    },
    {
      "uuid": "f7b2de5c-47bc-438b-860b-c22b13cecbaa",
      "title": "",
      "fullFile": "cypress/e2e/widgets/availability-impact-widget.cy.ts",
      "file": "cypress/e2e/widgets/availability-impact-widget.cy.ts",
      "beforeHooks": [],
      "afterHooks": [],
      "tests": [],
      "suites": [
        {
          "uuid": "232662b0-8ff7-4230-81b6-87aedaab5d63",
          "title": "Availability Impact Widget",
          "fullFile": "",
          "file": "",
          "beforeHooks": [],
          "afterHooks": [],
          "tests": [
            {
              "title": "displays availability impact analysis",
              "fullTitle": "Availability Impact Widget displays availability impact analysis",
              "timedOut": null,
              "duration": 1337,
              "state": "passed",
              "speed": "fast",
              "pass": true,
              "fail": false,
              "pending": false,
              "context": null,
              "code": "cy.get(\"body\").then(($body) => {\n  const selectors = [\n    '[data-testid*=\"availability-impact\"]',\n    '[data-testid=\"widget-availability-impact-container\"]',\n    '[data-testid=\"widget-availability-impact\"]',\n    '[class*=\"availability-impact\"]'\n  ];\n  let foundSelector = false;\n  for (const selector of selectors) {\n    if ($body.find(selector).length > 0) {\n      cy.log(`Found availability widget with selector: ${selector}`);\n      cy.get(selector).should(\"exist\").scrollIntoView().should(\"be.visible\");\n      foundSelector = true;\n      break;\n    }\n  }\n  if (!foundSelector) {\n    cy.log(\n      \"⚠️ Could not find availability impact widget with standard selectors\"\n    );\n    return;\n  }\n  cy.verifyContentPresent([\n    /availability|uptime|recovery/i,\n    /impact|effect|consequence/i\n  ]);\n});",
              "err": {},
              "uuid": "9ffbb41e-08b4-4eef-b172-31db7d079208",
              "parentUUID": "232662b0-8ff7-4230-81b6-87aedaab5d63",
              "isHook": false,
              "skipped": false
            },
            {
              "title": "updates content when security levels change",
              "fullTitle": "Availability Impact Widget updates content when security levels change",
              "timedOut": null,
              "duration": 2782,
              "state": "passed",
              "speed": "fast",
              "pass": true,
              "fail": false,
              "pending": false,
              "context": null,
              "code": "cy.findWidget(\"availability-impact\").then(($widget) => {\n  if ($widget.length === 0) {\n    cy.log(\"⚠️ Widget not found - skipping test\");\n    return;\n  }\n  const initialContent = $widget.text();\n  cy.get(\"body\").then(($body) => {\n    const selectCount = $body.find(\"select\").length;\n    if (selectCount >= 3) {\n      cy.get(\"select\").eq(0).select(SECURITY_LEVELS.LOW, { force: true });\n      cy.get(\"select\").eq(1).select(SECURITY_LEVELS.LOW, { force: true });\n      cy.get(\"select\").eq(2).select(SECURITY_LEVELS.LOW, { force: true });\n    } else {\n      cy.setSecurityLevels(\n        SECURITY_LEVELS.LOW,\n        SECURITY_LEVELS.LOW,\n        SECURITY_LEVELS.LOW\n      );\n    }\n  });\n  cy.wait(500);\n  cy.get(\"body\").then(($body) => {\n    const selectCount = $body.find(\"select\").length;\n    if (selectCount >= 3) {\n      cy.get(\"select\").eq(0).select(SECURITY_LEVELS.HIGH, { force: true });\n      cy.get(\"select\").eq(1).select(SECURITY_LEVELS.HIGH, { force: true });\n      cy.get(\"select\").eq(2).select(SECURITY_LEVELS.HIGH, { force: true });\n    } else {\n      cy.setSecurityLevels(\n        SECURITY_LEVELS.HIGH,\n        SECURITY_LEVELS.HIGH,\n        SECURITY_LEVELS.HIGH\n      );\n    }\n  });\n  cy.wait(500);\n  cy.findWidget(\"availability-impact\").invoke(\"text\").then((newContent) => {\n    cy.log(`Initial content length: ${initialContent.length}`);\n    cy.log(`New content length: ${newContent.length}`);\n  });\n});",
              "err": {},
              "uuid": "8f307068-7ae0-4d06-a23d-eb283bb8cc9d",
              "parentUUID": "232662b0-8ff7-4230-81b6-87aedaab5d63",
              "isHook": false,
              "skipped": false
            },
            {
              "title": "shows technical metrics and recommendations",
              "fullTitle": "Availability Impact Widget shows technical metrics and recommendations",
              "timedOut": null,
              "duration": 1890,
              "state": "passed",
              "speed": "fast",
              "pass": true,
              "fail": false,
              "pending": false,
              "context": null,
              "code": "cy.findWidget(\"availability-impact\").then(($widget) => {\n  if ($widget.length === 0) {\n    cy.log(\"⚠️ Widget not found - skipping test\");\n    return;\n  }\n  cy.wrap($widget).scrollIntoView();\n  cy.get(\"body\").then(($body) => {\n    const selectCount = $body.find(\"select\").length;\n    if (selectCount >= 3) {\n      cy.get(\"select\").eq(0).select(SECURITY_LEVELS.MODERATE, { force: true });\n      cy.get(\"select\").eq(1).select(SECURITY_LEVELS.MODERATE, { force: true });\n      cy.get(\"select\").eq(2).select(SECURITY_LEVELS.MODERATE, { force: true });\n    } else {\n      cy.setSecurityLevels(\n        SECURITY_LEVELS.MODERATE,\n        SECURITY_LEVELS.MODERATE,\n        SECURITY_LEVELS.MODERATE\n      );\n    }\n  });\n  cy.wait(500);\n  cy.log(\"Checking for availability metrics terminology\");\n  cy.get(\"body\").contains(/rto|rpo|mttr|uptime/i);\n  cy.log(\"Checking for recommendation terminology\");\n  cy.get(\"body\").contains(/recommend|suggest/i);\n});",
              "err": {},
              "uuid": "fca67055-d997-4583-8e84-35d98e48dc73",
              "parentUUID": "232662b0-8ff7-4230-81b6-87aedaab5d63",
              "isHook": false,
              "skipped": false
            },
            {
              "title": "displays business impact information",
              "fullTitle": "Availability Impact Widget displays business impact information",
              "timedOut": null,
              "duration": 1827,
              "state": "passed",
              "speed": "fast",
              "pass": true,
              "fail": false,
              "pending": false,
              "context": null,
              "code": "cy.findWidget(\"availability-impact\").then(($widget) => {\n  if ($widget.length === 0) {\n    cy.log(\"⚠️ Widget not found - skipping test\");\n    return;\n  }\n  cy.wrap($widget).scrollIntoView();\n  cy.get(\"body\").then(($body) => {\n    const selectCount = $body.find(\"select\").length;\n    if (selectCount >= 3) {\n      cy.get(\"select\").eq(0).select(SECURITY_LEVELS.HIGH, { force: true });\n      cy.get(\"select\").eq(1).select(SECURITY_LEVELS.MODERATE, { force: true });\n      cy.get(\"select\").eq(2).select(SECURITY_LEVELS.LOW, { force: true });\n    } else {\n      cy.setSecurityLevels(\n        SECURITY_LEVELS.HIGH,\n        SECURITY_LEVELS.MODERATE,\n        SECURITY_LEVELS.LOW\n      );\n    }\n  });\n  cy.wait(500);\n  cy.contains(/business impact|effect on business|operational impact/i);\n});",
              "err": {},
              "uuid": "af78dae5-2da6-46dd-a906-e860c9614dc5",
              "parentUUID": "232662b0-8ff7-4230-81b6-87aedaab5d63",
              "isHook": false,
              "skipped": false
            }
          ],
          "suites": [],
          "passes": [
            "9ffbb41e-08b4-4eef-b172-31db7d079208",
            "8f307068-7ae0-4d06-a23d-eb283bb8cc9d",
            "fca67055-d997-4583-8e84-35d98e48dc73",
            "af78dae5-2da6-46dd-a906-e860c9614dc5"
          ],
          "failures": [],
          "pending": [],
          "skipped": [],
          "duration": 7836,
          "root": false,
          "rootEmpty": false,
          "_timeout": 2000
        }
      ],
      "passes": [],
      "failures": [],
      "pending": [],
      "skipped": [],
      "duration": 0,
      "root": true,
      "rootEmpty": true,
      "_timeout": 2000
    },
    {
      "uuid": "d058a261-4704-4317-b559-9a7fc2b5fe2a",
      "title": "",
      "fullFile": "cypress/e2e/widgets/business-impact-widget.cy.ts",
      "file": "cypress/e2e/widgets/business-impact-widget.cy.ts",
      "beforeHooks": [],
      "afterHooks": [],
      "tests": [],
      "suites": [
        {
          "uuid": "44a56148-9041-4d8e-9cb7-eb7c4770adb4",
          "title": "Business Impact Widget",
          "fullFile": "",
          "file": "",
          "beforeHooks": [],
          "afterHooks": [],
          "tests": [
            {
              "title": "should display the business impact widget",
              "fullTitle": "Business Impact Widget should display the business impact widget",
              "timedOut": null,
              "duration": 1316,
              "state": "passed",
              "speed": "fast",
              "pass": true,
              "fail": false,
              "pending": false,
              "context": null,
              "code": "cy.get(\"body\").then(($body) => {\n  const selectors = [\n    '[data-testid=\"widget-business-impact-container\"]',\n    '[data-testid=\"business-impact-widget\"]',\n    '[data-testid*=\"business-impact\"]',\n    '[class*=\"business-impact\"]'\n  ];\n  let found = false;\n  for (const selector of selectors) {\n    if ($body.find(selector).length > 0) {\n      cy.get(selector).should(\"exist\").and(\"be.visible\");\n      found = true;\n      break;\n    }\n  }\n  if (!found) {\n    cy.log(\"⚠️ Business impact widget not found with standard selectors\");\n  }\n});",
              "err": {},
              "uuid": "586b94a2-d7b5-4f29-8be8-8a4a1df37724",
              "parentUUID": "44a56148-9041-4d8e-9cb7-eb7c4770adb4",
              "isHook": false,
              "skipped": false
            },
            {
              "title": "updates content when security levels change",
              "fullTitle": "Business Impact Widget updates content when security levels change",
              "timedOut": null,
              "duration": 2783,
              "state": "passed",
              "speed": "fast",
              "pass": true,
              "fail": false,
              "pending": false,
              "context": null,
              "code": "cy.findWidget(\"business-impact\").then(($widget) => {\n  if ($widget.length === 0) {\n    cy.log(\"⚠️ Widget not found - skipping test\");\n    return;\n  }\n  cy.wrap($widget).scrollIntoView();\n  const initialContent = $widget.text();\n  cy.get(\"body\").then(($body) => {\n    if ($body.find(\"select\").length >= 3) {\n      cy.get(\"select\").eq(0).select(SECURITY_LEVELS.LOW, { force: true });\n      cy.get(\"select\").eq(1).select(SECURITY_LEVELS.LOW, { force: true });\n      cy.get(\"select\").eq(2).select(SECURITY_LEVELS.LOW, { force: true });\n    } else {\n      cy.setSecurityLevels(\n        SECURITY_LEVELS.LOW,\n        SECURITY_LEVELS.LOW,\n        SECURITY_LEVELS.LOW\n      );\n    }\n  });\n  cy.wait(500);\n  cy.get(\"body\").then(($body) => {\n    if ($body.find(\"select\").length >= 3) {\n      cy.get(\"select\").eq(0).select(SECURITY_LEVELS.HIGH, { force: true });\n      cy.get(\"select\").eq(1).select(SECURITY_LEVELS.HIGH, { force: true });\n      cy.get(\"select\").eq(2).select(SECURITY_LEVELS.HIGH, { force: true });\n    } else {\n      cy.setSecurityLevels(\n        SECURITY_LEVELS.HIGH,\n        SECURITY_LEVELS.HIGH,\n        SECURITY_LEVELS.HIGH\n      );\n    }\n  });\n  cy.wait(500);\n  cy.findWidget(\"business-impact\").invoke(\"text\").then((newContent) => {\n    if (newContent !== initialContent) {\n      cy.log(\n        \"✅ Content changed as expected after security level change\"\n      );\n    } else {\n      cy.log(\"⚠️ Content did not change after security level change\");\n    }\n  });\n});",
              "err": {},
              "uuid": "6d576191-c648-4ec4-b7fc-56e02a42fb5a",
              "parentUUID": "44a56148-9041-4d8e-9cb7-eb7c4770adb4",
              "isHook": false,
              "skipped": false
            },
            {
              "title": "has functioning CIA tab navigation",
              "fullTitle": "Business Impact Widget has functioning CIA tab navigation",
              "timedOut": null,
              "duration": 1566,
              "state": "passed",
              "speed": "fast",
              "pass": true,
              "fail": false,
              "pending": false,
              "context": null,
              "code": "cy.findWidget(\"business-impact\").then(($widget) => {\n  if ($widget.length === 0) {\n    cy.log(\"⚠️ Widget not found - skipping test\");\n    return;\n  }\n  cy.wrap($widget).scrollIntoView();\n  const tabSelectors = [\n    'button, [role=\"tab\"]',\n    'button:contains(\"Availability\"), button:contains(\"Integrity\"), button:contains(\"Confidentiality\")'\n  ];\n  let tabsFound = false;\n  for (const selector of tabSelectors) {\n    const $tabs = $widget.find(selector);\n    if ($tabs.length >= 2) {\n      tabsFound = true;\n      cy.log(`Found ${$tabs.length} tabs with selector: ${selector}`);\n      cy.wrap($widget).find(selector).each(($tab, index) => {\n        if (index > 0 && index < 3) {\n          cy.log(`Clicking tab ${index}`);\n          cy.wrap($tab).click({ force: true });\n          cy.wait(300);\n        }\n      });\n      break;\n    }\n  }\n  if (!tabsFound) {\n    cy.log(\n      \"⚠️ No tabs found in business impact widget - this might be expected if the widget doesn't use tabs\"\n    );\n  }\n});",
              "err": {},
              "uuid": "4e44db1f-b392-445d-a7c7-307bcf17dc24",
              "parentUUID": "44a56148-9041-4d8e-9cb7-eb7c4770adb4",
              "isHook": false,
              "skipped": false
            },
            {
              "title": "displays appropriate impact cards for high security",
              "fullTitle": "Business Impact Widget displays appropriate impact cards for high security",
              "timedOut": null,
              "duration": 1877,
              "state": "passed",
              "speed": "fast",
              "pass": true,
              "fail": false,
              "pending": false,
              "context": null,
              "code": "cy.findWidget(\"business-impact\").then(($widget) => {\n  if ($widget.length === 0) {\n    cy.log(\"⚠️ Widget not found - skipping test\");\n    return;\n  }\n  cy.wrap($widget).scrollIntoView();\n  cy.get(\"body\").then(($body) => {\n    if ($body.find(\"select\").length >= 3) {\n      cy.get(\"select\").eq(0).select(SECURITY_LEVELS.HIGH, { force: true });\n      cy.get(\"select\").eq(1).select(SECURITY_LEVELS.HIGH, { force: true });\n      cy.get(\"select\").eq(2).select(SECURITY_LEVELS.HIGH, { force: true });\n    } else {\n      cy.setSecurityLevels(\n        SECURITY_LEVELS.HIGH,\n        SECURITY_LEVELS.HIGH,\n        SECURITY_LEVELS.HIGH\n      );\n    }\n  });\n  cy.wait(500);\n  cy.wrap($widget).within(() => {\n    cy.contains(/impact|effect|consequence/i).should(\"exist\");\n    cy.contains(/financial|revenue|cost/i).should(\"exist\");\n    cy.contains(/operational|process|function/i).should(\"exist\");\n  });\n});",
              "err": {},
              "uuid": "36c47454-7231-4073-8044-fd463d4adad9",
              "parentUUID": "44a56148-9041-4d8e-9cb7-eb7c4770adb4",
              "isHook": false,
              "skipped": false
            },
            {
              "title": "shows different impacts for mixed security levels",
              "fullTitle": "Business Impact Widget shows different impacts for mixed security levels",
              "timedOut": null,
              "duration": 1894,
              "state": "passed",
              "speed": "fast",
              "pass": true,
              "fail": false,
              "pending": false,
              "context": null,
              "code": "cy.findWidget(\"business-impact\").then(($widget) => {\n  if ($widget.length === 0) {\n    cy.log(\"⚠️ Widget not found - skipping test\");\n    return;\n  }\n  cy.wrap($widget).scrollIntoView();\n  cy.get(\"body\").then(($body) => {\n    if ($body.find(\"select\").length >= 3) {\n      cy.get(\"select\").eq(0).select(SECURITY_LEVELS.HIGH, { force: true });\n      cy.get(\"select\").eq(1).select(SECURITY_LEVELS.LOW, { force: true });\n      cy.get(\"select\").eq(2).select(SECURITY_LEVELS.MODERATE, { force: true });\n    } else {\n      cy.setSecurityLevels(\n        SECURITY_LEVELS.HIGH,\n        SECURITY_LEVELS.LOW,\n        SECURITY_LEVELS.MODERATE\n      );\n    }\n  });\n  cy.wait(500);\n  cy.wrap($widget).invoke(\"text\").then((text) => {\n    const patterns = [\n      /availability|integrity|confidentiality/i,\n      /impact|effect|consequence/i,\n      /business|operation|financial/i\n    ];\n    const matchingPatterns = patterns.filter(\n      (pattern) => pattern.test(text)\n    );\n    cy.log(\n      `Found ${matchingPatterns.length} matching patterns in widget`\n    );\n    expect(matchingPatterns.length).to.be.greaterThan(0);\n  });\n});",
              "err": {},
              "uuid": "cadeb748-6a76-4be6-8717-619a2a717bb3",
              "parentUUID": "44a56148-9041-4d8e-9cb7-eb7c4770adb4",
              "isHook": false,
              "skipped": false
            }
          ],
          "suites": [],
          "passes": [
            "586b94a2-d7b5-4f29-8be8-8a4a1df37724",
            "6d576191-c648-4ec4-b7fc-56e02a42fb5a",
            "4e44db1f-b392-445d-a7c7-307bcf17dc24",
            "36c47454-7231-4073-8044-fd463d4adad9",
            "cadeb748-6a76-4be6-8717-619a2a717bb3"
          ],
          "failures": [],
          "pending": [],
          "skipped": [],
          "duration": 9436,
          "root": false,
          "rootEmpty": false,
          "_timeout": 2000
        }
      ],
      "passes": [],
      "failures": [],
      "pending": [],
      "skipped": [],
      "duration": 0,
      "root": true,
      "rootEmpty": true,
      "_timeout": 2000
    },
    {
      "uuid": "8efaa6a2-92e1-4a1f-bd25-7159d49c1523",
      "title": "",
      "fullFile": "cypress/e2e/widgets/cia-impact-summary-widget.cy.ts",
      "file": "cypress/e2e/widgets/cia-impact-summary-widget.cy.ts",
      "beforeHooks": [],
      "afterHooks": [],
      "tests": [],
      "suites": [
        {
          "uuid": "14531116-abe7-41cd-a4bc-b76d1bfbdd87",
          "title": "CIA Impact Summary Widget",
          "fullFile": "",
          "file": "",
          "beforeHooks": [],
          "afterHooks": [],
          "tests": [
            {
              "title": "cia-impact-summary widget should exist",
              "fullTitle": "CIA Impact Summary Widget cia-impact-summary widget should exist",
              "timedOut": null,
              "duration": 3786,
              "state": "passed",
              "speed": "fast",
              "pass": true,
              "fail": false,
              "pending": false,
              "context": null,
              "code": "cy.findWidget(widgetName).should(\"exist\").scrollIntoView();\ncy.findWidget(widgetName).then(($widget) => {\n  expect($widget.text().trim().length).to.be.greaterThan(0);\n});",
              "err": {},
              "uuid": "744d96d5-d7c3-46c4-a51f-9442ae25c299",
              "parentUUID": "14531116-abe7-41cd-a4bc-b76d1bfbdd87",
              "isHook": false,
              "skipped": false
            },
            {
              "title": "updates content when security levels change",
              "fullTitle": "CIA Impact Summary Widget updates content when security levels change",
              "timedOut": null,
              "duration": 6905,
              "state": "passed",
              "speed": "medium",
              "pass": true,
              "fail": false,
              "pending": false,
              "context": null,
              "code": "testSecurityLevelChanges(\"cia-impact-summary\");",
              "err": {},
              "uuid": "08490aa5-3fdc-4d61-97b6-458dede2fdaa",
              "parentUUID": "14531116-abe7-41cd-a4bc-b76d1bfbdd87",
              "isHook": false,
              "skipped": false
            },
            {
              "title": "shows comprehensive CIA impact summary at high security levels",
              "fullTitle": "CIA Impact Summary Widget shows comprehensive CIA impact summary at high security levels",
              "timedOut": null,
              "duration": 4920,
              "state": "passed",
              "speed": "fast",
              "pass": true,
              "fail": false,
              "pending": false,
              "context": null,
              "code": "cy.findWidget(\"cia-impact-summary\").scrollIntoView();\ncy.setSecurityLevels(\n  SECURITY_LEVELS.HIGH,\n  SECURITY_LEVELS.HIGH,\n  SECURITY_LEVELS.HIGH\n);\ncy.wait(1e3);\ncy.findWidget(\"cia-impact-summary\").then(($widget) => {\n  const text = $widget.text().toLowerCase();\n  const hasAvailabilityTerms = /availability|uptime|recovery|access/i.test(\n    text\n  );\n  const hasIntegrityTerms = /integrity|accuracy|valid|correct/i.test(text);\n  const hasConfidentialTerms = /confidential|privacy|sensitive|secret/i.test(text);\n  cy.log(`Found availability terms: ${hasAvailabilityTerms}`);\n  cy.log(`Found integrity terms: ${hasIntegrityTerms}`);\n  cy.log(`Found confidentiality terms: ${hasConfidentialTerms}`);\n  expect(hasAvailabilityTerms || hasIntegrityTerms || hasConfidentialTerms).to.be.true;\n});",
              "err": {},
              "uuid": "9762c43a-f020-4c8e-b5b9-b2cd9646823f",
              "parentUUID": "14531116-abe7-41cd-a4bc-b76d1bfbdd87",
              "isHook": false,
              "skipped": false
            },
            {
              "title": "properly displays mixed security levels",
              "fullTitle": "CIA Impact Summary Widget properly displays mixed security levels",
              "timedOut": null,
              "duration": 6694,
              "state": "passed",
              "speed": "medium",
              "pass": true,
              "fail": false,
              "pending": false,
              "context": null,
              "code": "cy.findWidget(\"cia-impact-summary\").scrollIntoView();\ncy.setSecurityLevels(\n  SECURITY_LEVELS.HIGH,\n  SECURITY_LEVELS.LOW,\n  SECURITY_LEVELS.MODERATE\n);\ncy.wait(1e3);\ncy.findWidget(\"cia-impact-summary\").then(($widgetBefore) => {\n  const textBefore = $widgetBefore.text();\n  cy.setSecurityLevels(\n    SECURITY_LEVELS.LOW,\n    SECURITY_LEVELS.HIGH,\n    SECURITY_LEVELS.LOW\n  );\n  cy.wait(1e3);\n  cy.findWidget(\"cia-impact-summary\").then(($widgetAfter) => {\n    const textAfter = $widgetAfter.text();\n    expect(textAfter).not.to.equal(textBefore);\n  });\n});",
              "err": {},
              "uuid": "7a2139f6-1f1b-40ef-9c28-76d534e06b64",
              "parentUUID": "14531116-abe7-41cd-a4bc-b76d1bfbdd87",
              "isHook": false,
              "skipped": false
            }
          ],
          "suites": [],
          "passes": [
            "744d96d5-d7c3-46c4-a51f-9442ae25c299",
            "08490aa5-3fdc-4d61-97b6-458dede2fdaa",
            "9762c43a-f020-4c8e-b5b9-b2cd9646823f",
            "7a2139f6-1f1b-40ef-9c28-76d534e06b64"
          ],
          "failures": [],
          "pending": [],
          "skipped": [],
          "duration": 22305,
          "root": false,
          "rootEmpty": false,
          "_timeout": 2000
        }
      ],
      "passes": [],
      "failures": [],
      "pending": [],
      "skipped": [],
      "duration": 0,
      "root": true,
      "rootEmpty": true,
      "_timeout": 2000
    },
    {
      "uuid": "c51f0cb6-36a0-4d51-9ac0-f389fda70997",
      "title": "",
      "fullFile": "cypress/e2e/widgets/cia-impact-widgets.cy.ts",
      "file": "cypress/e2e/widgets/cia-impact-widgets.cy.ts",
      "beforeHooks": [],
      "afterHooks": [],
      "tests": [],
      "suites": [
        {
          "uuid": "50644a4c-5c33-45ab-b959-69e4e35c3334",
          "title": "Availability Impact Widget",
          "fullFile": "",
          "file": "",
          "beforeHooks": [],
          "afterHooks": [],
          "tests": [
            {
              "title": "availability-impact widget should exist",
              "fullTitle": "Availability Impact Widget availability-impact widget should exist",
              "timedOut": null,
              "duration": 3671,
              "state": "passed",
              "speed": "fast",
              "pass": true,
              "fail": false,
              "pending": false,
              "context": null,
              "code": "cy.findWidget(widgetName).should(\"exist\").scrollIntoView();\ncy.findWidget(widgetName).then(($widget) => {\n  expect($widget.text().trim().length).to.be.greaterThan(0);\n});",
              "err": {},
              "uuid": "6932faa7-8c3e-4ef3-bf63-3c6e79e966fc",
              "parentUUID": "50644a4c-5c33-45ab-b959-69e4e35c3334",
              "isHook": false,
              "skipped": false
            },
            {
              "title": "updates impact assessments when security levels change",
              "fullTitle": "Availability Impact Widget updates impact assessments when security levels change",
              "timedOut": null,
              "duration": 6724,
              "state": "passed",
              "speed": "medium",
              "pass": true,
              "fail": false,
              "pending": false,
              "context": null,
              "code": "testSecurityLevelChanges(widget.id);",
              "err": {},
              "uuid": "ac061898-a676-4f9f-b00a-61f066c94b66",
              "parentUUID": "50644a4c-5c33-45ab-b959-69e4e35c3334",
              "isHook": false,
              "skipped": false
            },
            {
              "title": "shows detailed ${widget.name.toLowerCase()} impact with high security",
              "fullTitle": "Availability Impact Widget shows detailed ${widget.name.toLowerCase()} impact with high security",
              "timedOut": null,
              "duration": 4905,
              "state": "passed",
              "speed": "fast",
              "pass": true,
              "fail": false,
              "pending": false,
              "context": null,
              "code": "cy.log(`Looking for widget ${widget.id}`);\ncy.findWidget(widget.id).then(($widget) => {\n  if ($widget.length === 0) {\n    cy.log(`⚠️ Widget ${widget.id} not found - skipping test`);\n    return;\n  }\n  cy.wrap($widget).scrollIntoView();\n  const availLevel = widget.id === \"availability-impact\" ? SECURITY_LEVELS.HIGH : SECURITY_LEVELS.MODERATE;\n  const intLevel = widget.id === \"integrity-impact\" ? SECURITY_LEVELS.HIGH : SECURITY_LEVELS.MODERATE;\n  const confLevel = widget.id === \"confidentiality-impact\" ? SECURITY_LEVELS.HIGH : SECURITY_LEVELS.MODERATE;\n  cy.setSecurityLevels(availLevel, intLevel, confLevel);\n  cy.wait(1e3);\n  cy.wrap($widget).then(($updatedWidget) => {\n    const widgetText = $updatedWidget.text().toLowerCase();\n    const hasImpactTerms = /impact|effect|influence|security|protection/i.test(widgetText);\n    let hasSpecificTerms = false;\n    if (Array.isArray(widget.pattern)) {\n      hasSpecificTerms = widget.pattern.some(\n        (pattern) => pattern.test(widgetText)\n      );\n    } else if (widget.pattern instanceof RegExp) {\n      hasSpecificTerms = widget.pattern.test(widgetText);\n    }\n    cy.log(`Widget has impact terms: ${hasImpactTerms}`);\n    cy.log(`Widget has specific terms: ${hasSpecificTerms}`);\n    expect(hasImpactTerms || hasSpecificTerms).to.be.true;\n  });\n});",
              "err": {},
              "uuid": "cb8d09fc-630a-48de-a49e-19411cd3c417",
              "parentUUID": "50644a4c-5c33-45ab-b959-69e4e35c3334",
              "isHook": false,
              "skipped": false
            },
            {
              "title": "displays appropriate recommendations",
              "fullTitle": "Availability Impact Widget displays appropriate recommendations",
              "timedOut": null,
              "duration": 4783,
              "state": "passed",
              "speed": "fast",
              "pass": true,
              "fail": false,
              "pending": false,
              "context": null,
              "code": "cy.findWidget(widget.id).then(($widget) => {\n  if ($widget.length === 0) {\n    cy.log(`⚠️ Widget ${widget.id} not found - skipping test`);\n    return;\n  }\n  cy.wrap($widget).scrollIntoView();\n  cy.setSecurityLevels(\n    SECURITY_LEVELS.HIGH,\n    SECURITY_LEVELS.HIGH,\n    SECURITY_LEVELS.HIGH\n  );\n  cy.wait(1e3);\n  cy.wrap($widget).then(($updatedWidget) => {\n    const widgetText = $updatedWidget.text().toLowerCase();\n    const hasRecommendationTerms = /recommend|suggest|should|implement|consider|best practice/i.test(\n      widgetText\n    );\n    cy.log(`Widget has recommendation terms: ${hasRecommendationTerms}`);\n    if (!hasRecommendationTerms) {\n      cy.log(`Widget text: ${widgetText.substring(0, 200)}...`);\n    }\n    cy.log(`Test completed for ${widget.name}`);\n  });\n});",
              "err": {},
              "uuid": "b7402e70-1308-495c-956f-68570aab1e70",
              "parentUUID": "50644a4c-5c33-45ab-b959-69e4e35c3334",
              "isHook": false,
              "skipped": false
            }
          ],
          "suites": [],
          "passes": [
            "6932faa7-8c3e-4ef3-bf63-3c6e79e966fc",
            "ac061898-a676-4f9f-b00a-61f066c94b66",
            "cb8d09fc-630a-48de-a49e-19411cd3c417",
            "b7402e70-1308-495c-956f-68570aab1e70"
          ],
          "failures": [],
          "pending": [],
          "skipped": [],
          "duration": 20083,
          "root": false,
          "rootEmpty": false,
          "_timeout": 2000
        },
        {
          "uuid": "b94d1727-85c8-4b7e-a964-72a3c9a31790",
          "title": "Integrity Impact Widget",
          "fullFile": "",
          "file": "",
          "beforeHooks": [],
          "afterHooks": [],
          "tests": [
            {
              "title": "integrity-impact widget should exist",
              "fullTitle": "Integrity Impact Widget integrity-impact widget should exist",
              "timedOut": null,
              "duration": 3102,
              "state": "passed",
              "speed": "fast",
              "pass": true,
              "fail": false,
              "pending": false,
              "context": null,
              "code": "cy.findWidget(widgetName).should(\"exist\").scrollIntoView();\ncy.findWidget(widgetName).then(($widget) => {\n  expect($widget.text().trim().length).to.be.greaterThan(0);\n});",
              "err": {},
              "uuid": "bdcd69dc-c674-4476-b079-0c66aa72d500",
              "parentUUID": "b94d1727-85c8-4b7e-a964-72a3c9a31790",
              "isHook": false,
              "skipped": false
            },
            {
              "title": "updates impact assessments when security levels change",
              "fullTitle": "Integrity Impact Widget updates impact assessments when security levels change",
              "timedOut": null,
              "duration": 6604,
              "state": "passed",
              "speed": "medium",
              "pass": true,
              "fail": false,
              "pending": false,
              "context": null,
              "code": "testSecurityLevelChanges(widget.id);",
              "err": {},
              "uuid": "b8fe9906-3f14-4ff2-8c7e-57b4b308ac84",
              "parentUUID": "b94d1727-85c8-4b7e-a964-72a3c9a31790",
              "isHook": false,
              "skipped": false
            },
            {
              "title": "shows detailed ${widget.name.toLowerCase()} impact with high security",
              "fullTitle": "Integrity Impact Widget shows detailed ${widget.name.toLowerCase()} impact with high security",
              "timedOut": null,
              "duration": 4822,
              "state": "passed",
              "speed": "fast",
              "pass": true,
              "fail": false,
              "pending": false,
              "context": null,
              "code": "cy.log(`Looking for widget ${widget.id}`);\ncy.findWidget(widget.id).then(($widget) => {\n  if ($widget.length === 0) {\n    cy.log(`⚠️ Widget ${widget.id} not found - skipping test`);\n    return;\n  }\n  cy.wrap($widget).scrollIntoView();\n  const availLevel = widget.id === \"availability-impact\" ? SECURITY_LEVELS.HIGH : SECURITY_LEVELS.MODERATE;\n  const intLevel = widget.id === \"integrity-impact\" ? SECURITY_LEVELS.HIGH : SECURITY_LEVELS.MODERATE;\n  const confLevel = widget.id === \"confidentiality-impact\" ? SECURITY_LEVELS.HIGH : SECURITY_LEVELS.MODERATE;\n  cy.setSecurityLevels(availLevel, intLevel, confLevel);\n  cy.wait(1e3);\n  cy.wrap($widget).then(($updatedWidget) => {\n    const widgetText = $updatedWidget.text().toLowerCase();\n    const hasImpactTerms = /impact|effect|influence|security|protection/i.test(widgetText);\n    let hasSpecificTerms = false;\n    if (Array.isArray(widget.pattern)) {\n      hasSpecificTerms = widget.pattern.some(\n        (pattern) => pattern.test(widgetText)\n      );\n    } else if (widget.pattern instanceof RegExp) {\n      hasSpecificTerms = widget.pattern.test(widgetText);\n    }\n    cy.log(`Widget has impact terms: ${hasImpactTerms}`);\n    cy.log(`Widget has specific terms: ${hasSpecificTerms}`);\n    expect(hasImpactTerms || hasSpecificTerms).to.be.true;\n  });\n});",
              "err": {},
              "uuid": "1ceb7ebe-f987-4509-8fdf-7860385c03b5",
              "parentUUID": "b94d1727-85c8-4b7e-a964-72a3c9a31790",
              "isHook": false,
              "skipped": false
            },
            {
              "title": "displays appropriate recommendations",
              "fullTitle": "Integrity Impact Widget displays appropriate recommendations",
              "timedOut": null,
              "duration": 4800,
              "state": "passed",
              "speed": "fast",
              "pass": true,
              "fail": false,
              "pending": false,
              "context": null,
              "code": "cy.findWidget(widget.id).then(($widget) => {\n  if ($widget.length === 0) {\n    cy.log(`⚠️ Widget ${widget.id} not found - skipping test`);\n    return;\n  }\n  cy.wrap($widget).scrollIntoView();\n  cy.setSecurityLevels(\n    SECURITY_LEVELS.HIGH,\n    SECURITY_LEVELS.HIGH,\n    SECURITY_LEVELS.HIGH\n  );\n  cy.wait(1e3);\n  cy.wrap($widget).then(($updatedWidget) => {\n    const widgetText = $updatedWidget.text().toLowerCase();\n    const hasRecommendationTerms = /recommend|suggest|should|implement|consider|best practice/i.test(\n      widgetText\n    );\n    cy.log(`Widget has recommendation terms: ${hasRecommendationTerms}`);\n    if (!hasRecommendationTerms) {\n      cy.log(`Widget text: ${widgetText.substring(0, 200)}...`);\n    }\n    cy.log(`Test completed for ${widget.name}`);\n  });\n});",
              "err": {},
              "uuid": "e3160c12-707c-4c34-a08f-ffe2d818fc9f",
              "parentUUID": "b94d1727-85c8-4b7e-a964-72a3c9a31790",
              "isHook": false,
              "skipped": false
            }
          ],
          "suites": [],
          "passes": [
            "bdcd69dc-c674-4476-b079-0c66aa72d500",
            "b8fe9906-3f14-4ff2-8c7e-57b4b308ac84",
            "1ceb7ebe-f987-4509-8fdf-7860385c03b5",
            "e3160c12-707c-4c34-a08f-ffe2d818fc9f"
          ],
          "failures": [],
          "pending": [],
          "skipped": [],
          "duration": 19328,
          "root": false,
          "rootEmpty": false,
          "_timeout": 2000
        },
        {
          "uuid": "547e19e6-235a-42d1-8712-824eada902c7",
          "title": "Confidentiality Impact Widget",
          "fullFile": "",
          "file": "",
          "beforeHooks": [],
          "afterHooks": [],
          "tests": [
            {
              "title": "confidentiality-impact widget should exist",
              "fullTitle": "Confidentiality Impact Widget confidentiality-impact widget should exist",
              "timedOut": null,
              "duration": 3178,
              "state": "passed",
              "speed": "fast",
              "pass": true,
              "fail": false,
              "pending": false,
              "context": null,
              "code": "cy.findWidget(widgetName).should(\"exist\").scrollIntoView();\ncy.findWidget(widgetName).then(($widget) => {\n  expect($widget.text().trim().length).to.be.greaterThan(0);\n});",
              "err": {},
              "uuid": "ef73dbf3-c0ee-47c4-937c-1b9d362c5e32",
              "parentUUID": "547e19e6-235a-42d1-8712-824eada902c7",
              "isHook": false,
              "skipped": false
            },
            {
              "title": "updates impact assessments when security levels change",
              "fullTitle": "Confidentiality Impact Widget updates impact assessments when security levels change",
              "timedOut": null,
              "duration": 6636,
              "state": "passed",
              "speed": "medium",
              "pass": true,
              "fail": false,
              "pending": false,
              "context": null,
              "code": "testSecurityLevelChanges(widget.id);",
              "err": {},
              "uuid": "848047e3-c422-4231-8092-6eb534c91a12",
              "parentUUID": "547e19e6-235a-42d1-8712-824eada902c7",
              "isHook": false,
              "skipped": false
            },
            {
              "title": "shows detailed ${widget.name.toLowerCase()} impact with high security",
              "fullTitle": "Confidentiality Impact Widget shows detailed ${widget.name.toLowerCase()} impact with high security",
              "timedOut": null,
              "duration": 4843,
              "state": "passed",
              "speed": "fast",
              "pass": true,
              "fail": false,
              "pending": false,
              "context": null,
              "code": "cy.log(`Looking for widget ${widget.id}`);\ncy.findWidget(widget.id).then(($widget) => {\n  if ($widget.length === 0) {\n    cy.log(`⚠️ Widget ${widget.id} not found - skipping test`);\n    return;\n  }\n  cy.wrap($widget).scrollIntoView();\n  const availLevel = widget.id === \"availability-impact\" ? SECURITY_LEVELS.HIGH : SECURITY_LEVELS.MODERATE;\n  const intLevel = widget.id === \"integrity-impact\" ? SECURITY_LEVELS.HIGH : SECURITY_LEVELS.MODERATE;\n  const confLevel = widget.id === \"confidentiality-impact\" ? SECURITY_LEVELS.HIGH : SECURITY_LEVELS.MODERATE;\n  cy.setSecurityLevels(availLevel, intLevel, confLevel);\n  cy.wait(1e3);\n  cy.wrap($widget).then(($updatedWidget) => {\n    const widgetText = $updatedWidget.text().toLowerCase();\n    const hasImpactTerms = /impact|effect|influence|security|protection/i.test(widgetText);\n    let hasSpecificTerms = false;\n    if (Array.isArray(widget.pattern)) {\n      hasSpecificTerms = widget.pattern.some(\n        (pattern) => pattern.test(widgetText)\n      );\n    } else if (widget.pattern instanceof RegExp) {\n      hasSpecificTerms = widget.pattern.test(widgetText);\n    }\n    cy.log(`Widget has impact terms: ${hasImpactTerms}`);\n    cy.log(`Widget has specific terms: ${hasSpecificTerms}`);\n    expect(hasImpactTerms || hasSpecificTerms).to.be.true;\n  });\n});",
              "err": {},
              "uuid": "f207be7c-ade7-4711-918a-b43b7c775012",
              "parentUUID": "547e19e6-235a-42d1-8712-824eada902c7",
              "isHook": false,
              "skipped": false
            },
            {
              "title": "displays appropriate recommendations",
              "fullTitle": "Confidentiality Impact Widget displays appropriate recommendations",
              "timedOut": null,
              "duration": 4848,
              "state": "passed",
              "speed": "fast",
              "pass": true,
              "fail": false,
              "pending": false,
              "context": null,
              "code": "cy.findWidget(widget.id).then(($widget) => {\n  if ($widget.length === 0) {\n    cy.log(`⚠️ Widget ${widget.id} not found - skipping test`);\n    return;\n  }\n  cy.wrap($widget).scrollIntoView();\n  cy.setSecurityLevels(\n    SECURITY_LEVELS.HIGH,\n    SECURITY_LEVELS.HIGH,\n    SECURITY_LEVELS.HIGH\n  );\n  cy.wait(1e3);\n  cy.wrap($widget).then(($updatedWidget) => {\n    const widgetText = $updatedWidget.text().toLowerCase();\n    const hasRecommendationTerms = /recommend|suggest|should|implement|consider|best practice/i.test(\n      widgetText\n    );\n    cy.log(`Widget has recommendation terms: ${hasRecommendationTerms}`);\n    if (!hasRecommendationTerms) {\n      cy.log(`Widget text: ${widgetText.substring(0, 200)}...`);\n    }\n    cy.log(`Test completed for ${widget.name}`);\n  });\n});",
              "err": {},
              "uuid": "b4c1579e-ac3a-42d0-bde2-ca16f14c09d8",
              "parentUUID": "547e19e6-235a-42d1-8712-824eada902c7",
              "isHook": false,
              "skipped": false
            }
          ],
          "suites": [],
          "passes": [
            "ef73dbf3-c0ee-47c4-937c-1b9d362c5e32",
            "848047e3-c422-4231-8092-6eb534c91a12",
            "f207be7c-ade7-4711-918a-b43b7c775012",
            "b4c1579e-ac3a-42d0-bde2-ca16f14c09d8"
          ],
          "failures": [],
          "pending": [],
          "skipped": [],
          "duration": 19505,
          "root": false,
          "rootEmpty": false,
          "_timeout": 2000
        }
      ],
      "passes": [],
      "failures": [],
      "pending": [],
      "skipped": [],
      "duration": 0,
      "root": true,
      "rootEmpty": true,
      "_timeout": 2000
    },
    {
      "uuid": "f732f7ee-eedd-4950-af07-155e44fdec78",
      "title": "",
      "fullFile": "cypress/e2e/widgets/confidentiality-impact-widget.cy.ts",
      "file": "cypress/e2e/widgets/confidentiality-impact-widget.cy.ts",
      "beforeHooks": [],
      "afterHooks": [],
      "tests": [],
      "suites": [
        {
          "uuid": "3bad446b-9088-4d85-a5b6-5ee4b313b1ff",
          "title": "Confidentiality Impact Widget",
          "fullFile": "",
          "file": "",
          "beforeHooks": [],
          "afterHooks": [],
          "tests": [
            {
              "title": "confidentiality-impact widget should exist",
              "fullTitle": "Confidentiality Impact Widget confidentiality-impact widget should exist",
              "timedOut": null,
              "duration": 3643,
              "state": "passed",
              "speed": "fast",
              "pass": true,
              "fail": false,
              "pending": false,
              "context": null,
              "code": "cy.findWidget(widgetName).should(\"exist\").scrollIntoView();\ncy.findWidget(widgetName).then(($widget) => {\n  expect($widget.text().trim().length).to.be.greaterThan(0);\n});",
              "err": {},
              "uuid": "2ee057d3-5099-4893-ad5c-180a428100a6",
              "parentUUID": "3bad446b-9088-4d85-a5b6-5ee4b313b1ff",
              "isHook": false,
              "skipped": false
            },
            {
              "title": "updates content when security levels change",
              "fullTitle": "Confidentiality Impact Widget updates content when security levels change",
              "timedOut": null,
              "duration": 6649,
              "state": "passed",
              "speed": "medium",
              "pass": true,
              "fail": false,
              "pending": false,
              "context": null,
              "code": "testSecurityLevelChanges(\"confidentiality-impact\");",
              "err": {},
              "uuid": "45fad768-7b53-418a-8c24-527a239627c7",
              "parentUUID": "3bad446b-9088-4d85-a5b6-5ee4b313b1ff",
              "isHook": false,
              "skipped": false
            },
            {
              "title": "displays detailed confidentiality impacts with high security",
              "fullTitle": "Confidentiality Impact Widget displays detailed confidentiality impacts with high security",
              "timedOut": null,
              "duration": 4885,
              "state": "passed",
              "speed": "fast",
              "pass": true,
              "fail": false,
              "pending": false,
              "context": null,
              "code": "cy.findWidget(\"confidentiality-impact\").scrollIntoView();\ncy.setSecurityLevels(\n  SECURITY_LEVELS.MODERATE,\n  SECURITY_LEVELS.MODERATE,\n  SECURITY_LEVELS.HIGH\n  // High confidentiality\n);\ncy.wait(1e3);\ncy.findWidget(\"confidentiality-impact\").within(() => {\n  cy.contains(\n    /privacy|data protection|sensitive|confidential|encrypt/i\n  ).should(\"exist\");\n});",
              "err": {},
              "uuid": "79261fe0-09df-43b4-b36c-7b59e6caf08b",
              "parentUUID": "3bad446b-9088-4d85-a5b6-5ee4b313b1ff",
              "isHook": false,
              "skipped": false
            },
            {
              "title": "provides appropriate confidentiality recommendations",
              "fullTitle": "Confidentiality Impact Widget provides appropriate confidentiality recommendations",
              "timedOut": null,
              "duration": 4818,
              "state": "passed",
              "speed": "fast",
              "pass": true,
              "fail": false,
              "pending": false,
              "context": null,
              "code": "cy.findWidget(\"confidentiality-impact\").scrollIntoView();\ncy.setSecurityLevels(\n  SECURITY_LEVELS.HIGH,\n  SECURITY_LEVELS.HIGH,\n  SECURITY_LEVELS.HIGH\n);\ncy.wait(1e3);\ncy.findWidget(\"confidentiality-impact\").within(() => {\n  cy.contains(/recommend|suggest|practice|implement/i).should(\"exist\");\n});",
              "err": {},
              "uuid": "5b22eead-22d8-49b5-8c8f-22f1316bb250",
              "parentUUID": "3bad446b-9088-4d85-a5b6-5ee4b313b1ff",
              "isHook": false,
              "skipped": false
            }
          ],
          "suites": [],
          "passes": [
            "2ee057d3-5099-4893-ad5c-180a428100a6",
            "45fad768-7b53-418a-8c24-527a239627c7",
            "79261fe0-09df-43b4-b36c-7b59e6caf08b",
            "5b22eead-22d8-49b5-8c8f-22f1316bb250"
          ],
          "failures": [],
          "pending": [],
          "skipped": [],
          "duration": 19995,
          "root": false,
          "rootEmpty": false,
          "_timeout": 2000
        }
      ],
      "passes": [],
      "failures": [],
      "pending": [],
      "skipped": [],
      "duration": 0,
      "root": true,
      "rootEmpty": true,
      "_timeout": 2000
    },
    {
      "uuid": "f82bc6fc-5f33-4381-9031-4149f3bea439",
      "title": "",
      "fullFile": "cypress/e2e/widgets/integrity-impact-widget.cy.ts",
      "file": "cypress/e2e/widgets/integrity-impact-widget.cy.ts",
      "beforeHooks": [],
      "afterHooks": [],
      "tests": [],
      "suites": [
        {
          "uuid": "d5bf3108-a814-42c8-8b99-36eef89d3aa9",
          "title": "Integrity Impact Widget",
          "fullFile": "",
          "file": "",
          "beforeHooks": [],
          "afterHooks": [],
          "tests": [
            {
              "title": "integrity-impact widget should exist",
              "fullTitle": "Integrity Impact Widget integrity-impact widget should exist",
              "timedOut": null,
              "duration": 3670,
              "state": "passed",
              "speed": "fast",
              "pass": true,
              "fail": false,
              "pending": false,
              "context": null,
              "code": "cy.findWidget(widgetName).should(\"exist\").scrollIntoView();\ncy.findWidget(widgetName).then(($widget) => {\n  expect($widget.text().trim().length).to.be.greaterThan(0);\n});",
              "err": {},
              "uuid": "fb2cd414-06b5-4cfc-bc43-9954e1cc06ca",
              "parentUUID": "d5bf3108-a814-42c8-8b99-36eef89d3aa9",
              "isHook": false,
              "skipped": false
            },
            {
              "title": "updates content when security levels change",
              "fullTitle": "Integrity Impact Widget updates content when security levels change",
              "timedOut": null,
              "duration": 6644,
              "state": "passed",
              "speed": "medium",
              "pass": true,
              "fail": false,
              "pending": false,
              "context": null,
              "code": "testSecurityLevelChanges(\"integrity-impact\");",
              "err": {},
              "uuid": "104aec89-951a-467d-a92a-3f6a7e5aef4e",
              "parentUUID": "d5bf3108-a814-42c8-8b99-36eef89d3aa9",
              "isHook": false,
              "skipped": false
            },
            {
              "title": "displays detailed integrity impacts with high security",
              "fullTitle": "Integrity Impact Widget displays detailed integrity impacts with high security",
              "timedOut": null,
              "duration": 4864,
              "state": "passed",
              "speed": "fast",
              "pass": true,
              "fail": false,
              "pending": false,
              "context": null,
              "code": "cy.findWidget(\"integrity-impact\").scrollIntoView();\ncy.setSecurityLevels(\n  SECURITY_LEVELS.MODERATE,\n  SECURITY_LEVELS.HIGH,\n  // High integrity\n  SECURITY_LEVELS.MODERATE\n);\ncy.wait(1e3);\ncy.findWidget(\"integrity-impact\").within(() => {\n  cy.contains(/accuracy|validation|authenticity|correct|trusted/i).should(\n    \"exist\"\n  );\n});",
              "err": {},
              "uuid": "57da1a14-29d5-448e-a04e-f3ae9d2d8e7d",
              "parentUUID": "d5bf3108-a814-42c8-8b99-36eef89d3aa9",
              "isHook": false,
              "skipped": false
            },
            {
              "title": "provides appropriate integrity recommendations",
              "fullTitle": "Integrity Impact Widget provides appropriate integrity recommendations",
              "timedOut": null,
              "duration": 4888,
              "state": "passed",
              "speed": "fast",
              "pass": true,
              "fail": false,
              "pending": false,
              "context": null,
              "code": "cy.findWidget(\"integrity-impact\").scrollIntoView();\ncy.setSecurityLevels(\n  SECURITY_LEVELS.HIGH,\n  SECURITY_LEVELS.HIGH,\n  SECURITY_LEVELS.HIGH\n);\ncy.wait(1e3);\ncy.findWidget(\"integrity-impact\").within(() => {\n  cy.contains(/recommend|suggest|practice|implement/i).should(\"exist\");\n});",
              "err": {},
              "uuid": "8283c44f-6c99-4dc3-a000-584d8cd8ce23",
              "parentUUID": "d5bf3108-a814-42c8-8b99-36eef89d3aa9",
              "isHook": false,
              "skipped": false
            }
          ],
          "suites": [],
          "passes": [
            "fb2cd414-06b5-4cfc-bc43-9954e1cc06ca",
            "104aec89-951a-467d-a92a-3f6a7e5aef4e",
            "57da1a14-29d5-448e-a04e-f3ae9d2d8e7d",
            "8283c44f-6c99-4dc3-a000-584d8cd8ce23"
          ],
          "failures": [],
          "pending": [],
          "skipped": [],
          "duration": 20066,
          "root": false,
          "rootEmpty": false,
          "_timeout": 2000
        }
      ],
      "passes": [],
      "failures": [],
      "pending": [],
      "skipped": [],
      "duration": 0,
      "root": true,
      "rootEmpty": true,
      "_timeout": 2000
    },
    {
      "uuid": "d1398a2e-3e60-49eb-b3a7-484aaf21f2ed",
      "title": "",
      "fullFile": "cypress/e2e/widgets/radar-chart-widget.cy.ts",
      "file": "cypress/e2e/widgets/radar-chart-widget.cy.ts",
      "beforeHooks": [],
      "afterHooks": [],
      "tests": [],
      "suites": [
        {
          "uuid": "cf906493-5e53-4e1d-a44a-4d01469cfd6a",
          "title": "Radar Chart Widget",
          "fullFile": "",
          "file": "",
          "beforeHooks": [],
          "afterHooks": [],
          "tests": [
            {
              "title": "radar-chart widget should exist",
              "fullTitle": "Radar Chart Widget radar-chart widget should exist",
              "timedOut": null,
              "duration": 3644,
              "state": "passed",
              "speed": "fast",
              "pass": true,
              "fail": false,
              "pending": false,
              "context": null,
              "code": "cy.findWidget(widgetName).should(\"exist\").scrollIntoView();\ncy.findWidget(widgetName).then(($widget) => {\n  expect($widget.text().trim().length).to.be.greaterThan(0);\n});",
              "err": {},
              "uuid": "43790282-b1c6-47a5-9165-f71eedbafdf9",
              "parentUUID": "cf906493-5e53-4e1d-a44a-4d01469cfd6a",
              "isHook": false,
              "skipped": false
            },
            {
              "title": "updates chart visualization when security levels change",
              "fullTitle": "Radar Chart Widget updates chart visualization when security levels change",
              "timedOut": null,
              "duration": 6666,
              "state": "passed",
              "speed": "medium",
              "pass": true,
              "fail": false,
              "pending": false,
              "context": null,
              "code": "testSecurityLevelChanges(\"radar-chart\");",
              "err": {},
              "uuid": "bbcb4912-fa15-4b73-863c-adde5f05f962",
              "parentUUID": "cf906493-5e53-4e1d-a44a-4d01469cfd6a",
              "isHook": false,
              "skipped": false
            },
            {
              "title": "displays a radar chart with data points",
              "fullTitle": "Radar Chart Widget displays a radar chart with data points",
              "timedOut": null,
              "duration": 3896,
              "state": "passed",
              "speed": "fast",
              "pass": true,
              "fail": false,
              "pending": false,
              "context": null,
              "code": "cy.findWidget(\"radar-chart\").scrollIntoView();\ncy.setSecurityLevels(\n  SECURITY_LEVELS.MODERATE,\n  SECURITY_LEVELS.MODERATE,\n  SECURITY_LEVELS.MODERATE\n);\ncy.findWidget(\"radar-chart\").within(() => {\n  cy.get(\"svg, canvas, [data-testid*='chart'], [class*='chart']\").should(\n    \"exist\"\n  );\n  cy.contains(/availability|integrity|confidentiality/i).should(\"exist\");\n});",
              "err": {},
              "uuid": "f1f7930a-0021-4e8d-b504-b0a1a784801d",
              "parentUUID": "cf906493-5e53-4e1d-a44a-4d01469cfd6a",
              "isHook": false,
              "skipped": false
            },
            {
              "title": "displays asymmetric chart with mixed security levels",
              "fullTitle": "Radar Chart Widget displays asymmetric chart with mixed security levels",
              "timedOut": null,
              "duration": 8317,
              "state": "passed",
              "speed": "medium",
              "pass": true,
              "fail": false,
              "pending": false,
              "context": null,
              "code": "cy.findWidget(\"radar-chart\").scrollIntoView();\ncy.setSecurityLevels(\n  SECURITY_LEVELS.HIGH,\n  SECURITY_LEVELS.LOW,\n  SECURITY_LEVELS.MODERATE\n);\ncy.findWidget(\"radar-chart\").screenshot(\"mixed-security-radar\");\ncy.setSecurityLevels(\n  SECURITY_LEVELS.MODERATE,\n  SECURITY_LEVELS.MODERATE,\n  SECURITY_LEVELS.MODERATE\n);\ncy.findWidget(\"radar-chart\").invoke(\"text\").should(\"not.be.empty\");",
              "err": {},
              "uuid": "7a1c3fc4-34fb-4974-b8e6-af486eaddb36",
              "parentUUID": "cf906493-5e53-4e1d-a44a-4d01469cfd6a",
              "isHook": false,
              "skipped": false
            },
            {
              "title": "displays visual security level or risk indicators",
              "fullTitle": "Radar Chart Widget displays visual security level or risk indicators",
              "timedOut": null,
              "duration": 3901,
              "state": "passed",
              "speed": "fast",
              "pass": true,
              "fail": false,
              "pending": false,
              "context": null,
              "code": "cy.findWidget(\"radar-chart\").scrollIntoView();\ncy.setSecurityLevels(\n  SECURITY_LEVELS.HIGH,\n  SECURITY_LEVELS.HIGH,\n  SECURITY_LEVELS.HIGH\n);\ncy.findWidget(\"radar-chart\").within(() => {\n  cy.contains(/high|5|[4-5]\\/5|\\d+%|strong|robust/i).should(\"exist\");\n});",
              "err": {},
              "uuid": "77225b48-dbb6-4fc4-bdea-e4bd53c7bdf6",
              "parentUUID": "cf906493-5e53-4e1d-a44a-4d01469cfd6a",
              "isHook": false,
              "skipped": false
            }
          ],
          "suites": [],
          "passes": [
            "43790282-b1c6-47a5-9165-f71eedbafdf9",
            "bbcb4912-fa15-4b73-863c-adde5f05f962",
            "f1f7930a-0021-4e8d-b504-b0a1a784801d",
            "7a1c3fc4-34fb-4974-b8e6-af486eaddb36",
            "77225b48-dbb6-4fc4-bdea-e4bd53c7bdf6"
          ],
          "failures": [],
          "pending": [],
          "skipped": [],
          "duration": 26424,
          "root": false,
          "rootEmpty": false,
          "_timeout": 2000
        }
      ],
      "passes": [],
      "failures": [],
      "pending": [],
      "skipped": [],
      "duration": 0,
      "root": true,
      "rootEmpty": true,
      "_timeout": 2000
    },
    {
      "uuid": "f9252e5a-aeb6-4581-acdc-ea85ea7fba9c",
      "title": "",
      "fullFile": "cypress/e2e/widgets/technical-details-widget.cy.ts",
      "file": "cypress/e2e/widgets/technical-details-widget.cy.ts",
      "beforeHooks": [],
      "afterHooks": [],
      "tests": [],
      "suites": [
        {
          "uuid": "f832780a-2d1e-40db-8d67-6d594acfd88a",
          "title": "Technical Details Widget",
          "fullFile": "",
          "file": "",
          "beforeHooks": [],
          "afterHooks": [],
          "tests": [
            {
              "title": "technical-details widget should exist",
              "fullTitle": "Technical Details Widget technical-details widget should exist",
              "timedOut": null,
              "duration": 3675,
              "state": "passed",
              "speed": "fast",
              "pass": true,
              "fail": false,
              "pending": false,
              "context": null,
              "code": "cy.findWidget(widgetName).should(\"exist\").scrollIntoView();\ncy.findWidget(widgetName).then(($widget) => {\n  expect($widget.text().trim().length).to.be.greaterThan(0);\n});",
              "err": {},
              "uuid": "0b4afaf5-a496-431c-8c90-28523caac0ca",
              "parentUUID": "f832780a-2d1e-40db-8d67-6d594acfd88a",
              "isHook": false,
              "skipped": false
            },
            {
              "title": "updates technical details when security levels change",
              "fullTitle": "Technical Details Widget updates technical details when security levels change",
              "timedOut": null,
              "duration": 6649,
              "state": "passed",
              "speed": "medium",
              "pass": true,
              "fail": false,
              "pending": false,
              "context": null,
              "code": "testSecurityLevelChanges(\"technical-details\");",
              "err": {},
              "uuid": "54f8316d-cc3a-45ea-99b8-112cdf73c8df",
              "parentUUID": "f832780a-2d1e-40db-8d67-6d594acfd88a",
              "isHook": false,
              "skipped": false
            },
            {
              "title": "switches between CIA tabs if present",
              "fullTitle": "Technical Details Widget switches between CIA tabs if present",
              "timedOut": null,
              "duration": 4853,
              "state": "passed",
              "speed": "fast",
              "pass": true,
              "fail": false,
              "pending": false,
              "context": null,
              "code": "cy.findWidget(\"technical-details\").scrollIntoView();\ncy.findWidget(\"technical-details\").then(($widget) => {\n  const hasTabs = $widget.find(\n    '[role=\"tab\"], button:contains(\"Availability\"), button:contains(\"Integrity\")'\n  ).length > 0;\n  if (hasTabs) {\n    testWidgetTabSwitching(\"technical-details\");\n  } else {\n    cy.log(\"No tabs found in technical details widget - skipping tab test\");\n  }\n});",
              "err": {},
              "uuid": "3e8ffc1d-bb43-43ff-8f02-1c594929ce4d",
              "parentUUID": "f832780a-2d1e-40db-8d67-6d594acfd88a",
              "isHook": false,
              "skipped": false
            },
            {
              "title": "displays implementation steps for selected security levels",
              "fullTitle": "Technical Details Widget displays implementation steps for selected security levels",
              "timedOut": null,
              "duration": 3928,
              "state": "passed",
              "speed": "fast",
              "pass": true,
              "fail": false,
              "pending": false,
              "context": null,
              "code": "cy.findWidget(\"technical-details\").scrollIntoView();\ncy.setSecurityLevels(\n  SECURITY_LEVELS.MODERATE,\n  SECURITY_LEVELS.MODERATE,\n  SECURITY_LEVELS.MODERATE\n);\ncy.findWidget(\"technical-details\").within(() => {\n  cy.contains(/implementation|step|instructions|how to|procedure/i).should(\n    \"exist\"\n  );\n  cy.get(\"ol li, ul li, [data-testid*='step'], [class*='step']\").should(\n    \"have.length.at.least\",\n    1\n  );\n});",
              "err": {},
              "uuid": "60287f2f-6427-470a-8e4b-71a4b1b25808",
              "parentUUID": "f832780a-2d1e-40db-8d67-6d594acfd88a",
              "isHook": false,
              "skipped": false
            },
            {
              "title": "provides security-appropriate technical recommendations",
              "fullTitle": "Technical Details Widget provides security-appropriate technical recommendations",
              "timedOut": null,
              "duration": 4630,
              "state": "passed",
              "speed": "fast",
              "pass": true,
              "fail": false,
              "pending": false,
              "context": null,
              "code": "cy.findWidget(\"technical-details\").scrollIntoView();\ncy.setSecurityLevels(\n  SECURITY_LEVELS.HIGH,\n  SECURITY_LEVELS.HIGH,\n  SECURITY_LEVELS.HIGH\n);\ncy.findWidget(\"technical-details\").within(() => {\n  cy.contains(\n    /encryption|authentication|authorization|audit|monitoring|redundancy/i\n  ).should(\"exist\");\n});\ncy.setSecurityLevels(\n  SECURITY_LEVELS.LOW,\n  SECURITY_LEVELS.LOW,\n  SECURITY_LEVELS.LOW\n);\ncy.findWidget(\"technical-details\").within(() => {\n  cy.contains(/password|backup|update|patch|basic/i).should(\"exist\");\n});",
              "err": {},
              "uuid": "fbc34257-f22a-4dca-b476-05e94b43ecba",
              "parentUUID": "f832780a-2d1e-40db-8d67-6d594acfd88a",
              "isHook": false,
              "skipped": false
            }
          ],
          "suites": [],
          "passes": [
            "0b4afaf5-a496-431c-8c90-28523caac0ca",
            "54f8316d-cc3a-45ea-99b8-112cdf73c8df",
            "3e8ffc1d-bb43-43ff-8f02-1c594929ce4d",
            "60287f2f-6427-470a-8e4b-71a4b1b25808",
            "fbc34257-f22a-4dca-b476-05e94b43ecba"
          ],
          "failures": [],
          "pending": [],
          "skipped": [],
          "duration": 23735,
          "root": false,
          "rootEmpty": false,
          "_timeout": 2000
        }
      ],
      "passes": [],
      "failures": [],
      "pending": [],
      "skipped": [],
      "duration": 0,
      "root": true,
      "rootEmpty": true,
      "_timeout": 2000
    },
    {
      "uuid": "d4a1503c-5f6a-4557-a357-dbe8b4b2eaf5",
      "title": "",
      "fullFile": "cypress/e2e/widgets/technical-implementation-widget.cy.ts",
      "file": "cypress/e2e/widgets/technical-implementation-widget.cy.ts",
      "beforeHooks": [],
      "afterHooks": [],
      "tests": [],
      "suites": [
        {
          "uuid": "7b733648-ae1a-417d-b34e-50e3c0737730",
          "title": "Technical Implementation Widget Tests",
          "fullFile": "",
          "file": "",
          "beforeHooks": [],
          "afterHooks": [],
          "tests": [
            {
              "title": "shows technical implementation details for security levels",
              "fullTitle": "Technical Implementation Widget Tests shows technical implementation details for security levels",
              "timedOut": null,
              "duration": 1640,
              "state": "passed",
              "speed": "fast",
              "pass": true,
              "fail": false,
              "pending": false,
              "context": null,
              "code": "cy.setSecurityLevels(\n  SECURITY_LEVELS.MODERATE,\n  SECURITY_LEVELS.MODERATE,\n  SECURITY_LEVELS.MODERATE\n);\ncy.get('[data-testid=\"technical-details-widget\"]').should(\"exist\").scrollIntoView();\ncy.verifyContentPresent([/technical|implementation|detail/i]);",
              "err": {},
              "uuid": "b52738f2-b5e3-4610-a569-0a9a275e4aa5",
              "parentUUID": "7b733648-ae1a-417d-b34e-50e3c0737730",
              "isHook": false,
              "skipped": false
            },
            {
              "title": "updates implementation details when security levels change",
              "fullTitle": "Technical Implementation Widget Tests updates implementation details when security levels change",
              "timedOut": null,
              "duration": 2287,
              "state": "passed",
              "speed": "fast",
              "pass": true,
              "fail": false,
              "pending": false,
              "context": null,
              "code": "testWidgetUpdatesWithSecurityLevels(\n  '[data-testid=\"technical-details-widget\"]',\n  {\n    initialLevels: [\n      SECURITY_LEVELS.LOW,\n      SECURITY_LEVELS.LOW,\n      SECURITY_LEVELS.LOW\n    ],\n    newLevels: [\n      SECURITY_LEVELS.HIGH,\n      SECURITY_LEVELS.HIGH,\n      SECURITY_LEVELS.HIGH\n    ],\n    expectTextChange: true\n  }\n);",
              "err": {},
              "uuid": "64c8de94-9e53-42eb-b3dc-c483cc39fdc5",
              "parentUUID": "7b733648-ae1a-417d-b34e-50e3c0737730",
              "isHook": false,
              "skipped": false
            },
            {
              "title": "allows switching between confidentiality, integrity, and availability sections",
              "fullTitle": "Technical Implementation Widget Tests allows switching between confidentiality, integrity, and availability sections",
              "timedOut": null,
              "duration": 2247,
              "state": "passed",
              "speed": "fast",
              "pass": true,
              "fail": false,
              "pending": false,
              "context": null,
              "code": "cy.setSecurityLevels(\n  SECURITY_LEVELS.MODERATE,\n  SECURITY_LEVELS.MODERATE,\n  SECURITY_LEVELS.MODERATE\n);\ncy.get('[data-testid=\"technical-details-widget\"]').scrollIntoView().within(() => {\n  cy.get('[data-testid=\"availability-tab-button\"]').click();\n  cy.wait(300);\n  cy.get('[data-testid=\"integrity-tab-button\"]').click();\n  cy.wait(300);\n  cy.get('[data-testid=\"confidentiality-tab-button\"]').click();\n  cy.wait(300);\n});\ncy.verifyContentPresent([\n  /confidentiality/i,\n  /protection|security|sensitive/i\n]);",
              "err": {},
              "uuid": "f3f32214-87d1-45dd-bac9-abdd82b4ca6b",
              "parentUUID": "7b733648-ae1a-417d-b34e-50e3c0737730",
              "isHook": false,
              "skipped": false
            },
            {
              "title": "shows implementation requirements for different security levels",
              "fullTitle": "Technical Implementation Widget Tests shows implementation requirements for different security levels",
              "timedOut": null,
              "duration": 1084,
              "state": "passed",
              "speed": "fast",
              "pass": true,
              "fail": false,
              "pending": false,
              "context": null,
              "code": "cy.setSecurityLevels(\n  SECURITY_LEVELS.HIGH,\n  SECURITY_LEVELS.HIGH,\n  SECURITY_LEVELS.HIGH\n);\ncy.get('[data-testid=\"technical-details-widget\"]').scrollIntoView();\ncy.verifyContentPresent([\n  /requirement|implement|solution|approach/i,\n  /high|advanced|enhanced/i\n]);",
              "err": {},
              "uuid": "6453a8c9-1de8-4d44-bba2-f366acf10257",
              "parentUUID": "7b733648-ae1a-417d-b34e-50e3c0737730",
              "isHook": false,
              "skipped": false
            }
          ],
          "suites": [],
          "passes": [
            "b52738f2-b5e3-4610-a569-0a9a275e4aa5",
            "64c8de94-9e53-42eb-b3dc-c483cc39fdc5",
            "f3f32214-87d1-45dd-bac9-abdd82b4ca6b",
            "6453a8c9-1de8-4d44-bba2-f366acf10257"
          ],
          "failures": [],
          "pending": [],
          "skipped": [],
          "duration": 7258,
          "root": false,
          "rootEmpty": false,
          "_timeout": 2000
        }
      ],
      "passes": [],
      "failures": [],
      "pending": [],
      "skipped": [],
      "duration": 0,
      "root": true,
      "rootEmpty": true,
      "_timeout": 2000
    }
  ],
  "meta": {
    "mocha": {
      "version": "7.0.1"
    },
    "mochawesome": {
      "options": {
        "quiet": false,
        "reportFilename": "mochawesome",
        "saveHtml": true,
        "saveJson": true,
        "consoleReporter": "spec",
        "useInlineDiffs": false,
        "code": true
      },
      "version": "7.1.3"
    },
    "marge": {
      "options": {
        "id": "default",
        "reportDir": "docs/cypress/mochawesome",
        "overwrite": false,
        "html": true,
        "json": true,
        "code": true,
        "timestamp": "mmddyyyy_HHMMss",
        "charts": true,
        "showHooks": "failed",
        "embeddedScreenshots": true
      },
      "version": "6.2.0"
    }
  }
}