{
  "stats": {
    "suites": 15,
    "tests": 42,
    "passes": 42,
    "pending": 0,
    "failures": 0,
    "testsRegistered": 42,
    "passPercent": 100,
    "pendingPercent": 0,
    "other": 0,
    "hasOther": false,
    "skipped": 0,
    "hasSkipped": false,
    "start": "2025-03-26T13:24:48.325Z",
    "end": "2025-03-26T13:31:23.879Z",
    "duration": 395554
  },
  "results": [
    {
      "uuid": "6f583deb-ead4-4cb6-9710-662d89472a7b",
      "title": "",
      "fullFile": "cypress/e2e/business-outcomes/compliance-validation.cy.ts",
      "file": "cypress/e2e/business-outcomes/compliance-validation.cy.ts",
      "beforeHooks": [],
      "afterHooks": [],
      "tests": [],
      "suites": [
        {
          "uuid": "6ab30c68-e166-4c00-a964-6520e4b09433",
          "title": "Compliance Status Validation",
          "fullFile": "",
          "file": "",
          "beforeHooks": [],
          "afterHooks": [],
          "tests": [
            {
              "title": "accurately reflects compliance status based on security levels",
              "fullTitle": "Compliance Status Validation accurately reflects compliance status based on security levels",
              "timedOut": null,
              "duration": 8611,
              "state": "passed",
              "speed": "medium",
              "pass": true,
              "fail": false,
              "pending": false,
              "context": null,
              "code": "const complianceScenarios = [\n  {\n    levels: [SECURITY_LEVELS.LOW, SECURITY_LEVELS.LOW, SECURITY_LEVELS.LOW],\n    expectedTextPatterns: [\n      /minimal|basic|non-compliant|low|partial|warning|caution/i,\n      /compliance|status|level|security/i\n    ],\n    name: \"low-security\"\n  },\n  {\n    levels: [\n      SECURITY_LEVELS.MODERATE,\n      SECURITY_LEVELS.MODERATE,\n      SECURITY_LEVELS.MODERATE\n    ],\n    expectedTextPatterns: [\n      /moderate|partial|medium|some|limited/i,\n      /compliance|status|framework|requirement/i\n    ],\n    name: \"moderate-security\"\n  },\n  {\n    levels: [\n      SECURITY_LEVELS.HIGH,\n      SECURITY_LEVELS.HIGH,\n      SECURITY_LEVELS.HIGH\n    ],\n    expectedTextPatterns: [\n      /compliant|meets requirements|high|full|complete|standard|advanced/i,\n      /compliance|status|framework|requirement/i\n    ],\n    name: \"high-security\"\n  }\n];\ncomplianceScenarios.forEach((scenario, index) => {\n  cy.log(`Testing compliance scenario ${index + 1}: ${scenario.name}`);\n  cy.screenshot(`compliance-scenario-start-${scenario.name}`);\n  cy.setSecurityLevels(...scenario.levels);\n  cy.wait(1e3);\n  cy.screenshot(`compliance-scenario-${scenario.name}`);\n  cy.get(\"body\").then(($body) => {\n    const bodyText = $body.text();\n    const allPatternsFound = scenario.expectedTextPatterns.every(\n      (pattern) => pattern.test(bodyText)\n    );\n    if (allPatternsFound) {\n      cy.log(`✓ Found all expected compliance patterns for ${scenario.name}`);\n    } else {\n      scenario.expectedTextPatterns.forEach((pattern) => {\n        if (!pattern.test(bodyText)) {\n          cy.log(`⚠️ Could not find pattern: ${pattern} for ${scenario.name}`);\n        }\n      });\n    }\n    cy.screenshot(`compliance-content-${scenario.name}`);\n  });\n});",
              "err": {},
              "uuid": "d560ee8c-7bb2-4b6b-b88a-56ac80580ecd",
              "parentUUID": "6ab30c68-e166-4c00-a964-6520e4b09433",
              "isHook": false,
              "skipped": false
            },
            {
              "title": "verifies compliance framework details visibility",
              "fullTitle": "Compliance Status Validation verifies compliance framework details visibility",
              "timedOut": null,
              "duration": 9419,
              "state": "passed",
              "speed": "medium",
              "pass": true,
              "fail": false,
              "pending": false,
              "context": null,
              "code": "cy.setSecurityLevels(\n  SECURITY_LEVELS.HIGH,\n  SECURITY_LEVELS.HIGH,\n  SECURITY_LEVELS.HIGH\n);\ncy.wait(1e3);\nconst complianceSelectors = [\n  '[data-testid*=\"compliance\"]',\n  '[class*=\"compliance\"]',\n  '[data-testid*=\"framework\"]',\n  '[class*=\"framework\"]'\n].join(\", \");\ncy.get(\"body\").then(($body) => {\n  if ($body.find(complianceSelectors).length > 0) {\n    cy.get(complianceSelectors).first().scrollIntoView();\n    cy.get(complianceSelectors).first().screenshot(\"compliance-element\");\n    const clickableSelectors = [\n      '[data-testid*=\"framework\"] button',\n      '[data-testid*=\"framework\"] a',\n      '[class*=\"framework\"] button',\n      '[class*=\"framework\"] a',\n      'li[class*=\"framework\"]',\n      'li[data-testid*=\"framework\"]'\n    ].join(\", \");\n    if ($body.find(clickableSelectors).length > 0) {\n      cy.get(clickableSelectors).first().click({ force: true });\n      cy.wait(500);\n      cy.screenshot(\"after-framework-click\");\n    } else {\n      cy.log(\"⚠️ No clickable framework items found\");\n      cy.screenshot(\"no-clickable-frameworks\");\n    }\n  } else {\n    cy.log(\"⚠️ No compliance elements found\");\n    cy.screenshot(\"no-compliance-elements\");\n  }\n});",
              "err": {},
              "uuid": "d88c0eb5-f4a4-4be7-8a07-6b0bc5d4d4df",
              "parentUUID": "6ab30c68-e166-4c00-a964-6520e4b09433",
              "isHook": false,
              "skipped": false
            }
          ],
          "suites": [],
          "passes": [
            "d560ee8c-7bb2-4b6b-b88a-56ac80580ecd",
            "d88c0eb5-f4a4-4be7-8a07-6b0bc5d4d4df"
          ],
          "failures": [],
          "pending": [],
          "skipped": [],
          "duration": 18030,
          "root": false,
          "rootEmpty": false,
          "_timeout": 2000
        }
      ],
      "passes": [],
      "failures": [],
      "pending": [],
      "skipped": [],
      "duration": 0,
      "root": true,
      "rootEmpty": true,
      "_timeout": 2000
    },
    {
      "uuid": "31efbf8b-fe83-4328-8e67-f6f7ec1f7830",
      "title": "",
      "fullFile": "cypress/e2e/screenshots/widget-screenshots.cy.ts",
      "file": "cypress/e2e/screenshots/widget-screenshots.cy.ts",
      "beforeHooks": [],
      "afterHooks": [],
      "tests": [],
      "suites": [
        {
          "uuid": "ddd97144-57d4-4dca-90e0-f5994abce6f0",
          "title": "Widget Screenshots Generator",
          "fullFile": "",
          "file": "",
          "beforeHooks": [],
          "afterHooks": [],
          "tests": [
            {
              "title": "captures full page screenshots in light and dark mode",
              "fullTitle": "Widget Screenshots Generator captures full page screenshots in light and dark mode",
              "timedOut": null,
              "duration": 64183,
              "state": "passed",
              "speed": "slow",
              "pass": true,
              "fail": false,
              "pending": false,
              "context": null,
              "code": "captureFullPageModes(\"dashboard\");",
              "err": {},
              "uuid": "5ec95292-6bf1-4d51-98ac-a5157dcc4073",
              "parentUUID": "ddd97144-57d4-4dca-90e0-f5994abce6f0",
              "isHook": false,
              "skipped": false
            },
            {
              "title": "captures all widgets in current state",
              "fullTitle": "Widget Screenshots Generator captures all widgets in current state",
              "timedOut": null,
              "duration": 2674,
              "state": "passed",
              "speed": "fast",
              "pass": true,
              "fail": false,
              "pending": false,
              "context": null,
              "code": "cy.setSecurityLevels(\n  SECURITY_LEVELS.MODERATE,\n  SECURITY_LEVELS.MODERATE,\n  SECURITY_LEVELS.MODERATE\n);\ncy.wait(1e3);",
              "err": {},
              "uuid": "9730fba6-e215-4b51-b8e8-dd1992fe970f",
              "parentUUID": "ddd97144-57d4-4dca-90e0-f5994abce6f0",
              "isHook": false,
              "skipped": false
            },
            {
              "title": "captures essential widgets in different security states",
              "fullTitle": "Widget Screenshots Generator captures essential widgets in different security states",
              "timedOut": null,
              "duration": 733,
              "state": "passed",
              "speed": "fast",
              "pass": true,
              "fail": false,
              "pending": false,
              "context": null,
              "code": "essentialWidgets.forEach((widgetName) => {\n  cy.log(`Capturing states for widget: ${widgetName}`);\n});",
              "err": {},
              "uuid": "2bdad7e8-0f11-4850-ad98-eff91e54f123",
              "parentUUID": "ddd97144-57d4-4dca-90e0-f5994abce6f0",
              "isHook": false,
              "skipped": false
            }
          ],
          "suites": [],
          "passes": [
            "5ec95292-6bf1-4d51-98ac-a5157dcc4073",
            "9730fba6-e215-4b51-b8e8-dd1992fe970f",
            "2bdad7e8-0f11-4850-ad98-eff91e54f123"
          ],
          "failures": [],
          "pending": [],
          "skipped": [],
          "duration": 67590,
          "root": false,
          "rootEmpty": false,
          "_timeout": 2000
        }
      ],
      "passes": [],
      "failures": [],
      "pending": [],
      "skipped": [],
      "duration": 0,
      "root": true,
      "rootEmpty": true,
      "_timeout": 2000
    },
    {
      "uuid": "e1026ec7-7bcd-455a-8a9d-e3f702ae8de7",
      "title": "",
      "fullFile": "cypress/e2e/security/security-level-transitions.cy.ts",
      "file": "cypress/e2e/security/security-level-transitions.cy.ts",
      "beforeHooks": [],
      "afterHooks": [],
      "tests": [],
      "suites": [
        {
          "uuid": "5d801f52-fdf4-4942-bf8c-85af26dfba93",
          "title": "Security Level Transitions",
          "fullFile": "",
          "file": "",
          "beforeHooks": [],
          "afterHooks": [],
          "tests": [
            {
              "title": "maintains application integrity during security level changes",
              "fullTitle": "Security Level Transitions maintains application integrity during security level changes",
              "timedOut": null,
              "duration": 76660,
              "state": "passed",
              "speed": "slow",
              "pass": true,
              "fail": false,
              "pending": false,
              "context": null,
              "code": "const securityTransitions = [\n  {\n    from: [SECURITY_LEVELS.LOW, SECURITY_LEVELS.LOW, SECURITY_LEVELS.LOW],\n    to: [SECURITY_LEVELS.HIGH, SECURITY_LEVELS.HIGH, SECURITY_LEVELS.HIGH],\n    name: \"low-to-high\"\n  },\n  {\n    from: [\n      SECURITY_LEVELS.HIGH,\n      SECURITY_LEVELS.HIGH,\n      SECURITY_LEVELS.HIGH\n    ],\n    to: [\n      SECURITY_LEVELS.HIGH,\n      SECURITY_LEVELS.LOW,\n      SECURITY_LEVELS.MODERATE\n    ],\n    name: \"high-to-mixed\"\n  }\n];\nsecurityTransitions.forEach((transition, index) => {\n  cy.log(\n    `Testing transition ${transition.name} (${index + 1}/${securityTransitions.length})`\n  );\n  cy.setSecurityLevels(...transition.from);\n  cy.wait(1e3);\n  if (index === 0) {\n    cy.screenshot(`transition-initial-${transition.name}`);\n  }\n  findImportantWidgets().then((widgets) => {\n    captureWidgetStates(widgets).then((initialStates) => {\n      cy.log(`Changing to security levels: ${transition.to.join(\", \")}`);\n      cy.setSecurityLevels(...transition.to);\n      cy.wait(1e3);\n      if (index === 0) {\n        cy.screenshot(`transition-after-${transition.name}`);\n      }\n      findImportantWidgets().then((newWidgets) => {\n        cy.log(`Found ${newWidgets.length} widgets after transition`);\n        expect(newWidgets.length).to.be.at.least(\n          Math.max(1, widgets.length - 1),\n          \"Number of widgets shouldn't decrease significantly during transitions\"\n        );\n        cy.wrap(newWidgets).each(($widget, i) => {\n          const id = $widget.attr(\"data-testid\") || `widget-${i}`;\n          checkForProblematicContent($widget);\n          if (initialStates[id]) {\n            compareWidgetContent($widget, initialStates[id], id);\n          }\n        });\n      });\n    });\n  });\n});",
              "err": {},
              "uuid": "7ac7b2e5-ff3e-4a7e-ad31-22d13703539b",
              "parentUUID": "5d801f52-fdf4-4942-bf8c-85af26dfba93",
              "isHook": false,
              "skipped": false
            }
          ],
          "suites": [],
          "passes": [
            "7ac7b2e5-ff3e-4a7e-ad31-22d13703539b"
          ],
          "failures": [],
          "pending": [],
          "skipped": [],
          "duration": 76660,
          "root": false,
          "rootEmpty": false,
          "_timeout": 2000
        }
      ],
      "passes": [],
      "failures": [],
      "pending": [],
      "skipped": [],
      "duration": 0,
      "root": true,
      "rootEmpty": true,
      "_timeout": 2000
    },
    {
      "uuid": "781eed85-ae61-4eb2-bf52-6ead87ce7d6c",
      "title": "",
      "fullFile": "cypress/e2e/widgets/assessmentcenter/business-impact.cy.ts",
      "file": "cypress/e2e/widgets/assessmentcenter/business-impact.cy.ts",
      "beforeHooks": [],
      "afterHooks": [],
      "tests": [],
      "suites": [
        {
          "uuid": "48c0cbad-f6f9-499c-9a7f-93a6b40bcfa9",
          "title": "Business Impact Widget Tests",
          "fullFile": "",
          "file": "",
          "beforeHooks": [],
          "afterHooks": [],
          "tests": [
            {
              "title": "is visible and contains expected content",
              "fullTitle": "Business Impact Widget Tests is visible and contains expected content",
              "timedOut": null,
              "duration": 11346,
              "state": "passed",
              "speed": "slow",
              "pass": true,
              "fail": false,
              "pending": false,
              "context": null,
              "code": "findWidgetFlexibly(widgetTestId).then(($widget) => {\n  if ($widget.length === 0) {\n    cy.log(`Widget ${widgetName} not found - test will be skipped`);\n    cy.screenshot(`missing-widget-${widgetTestId}`);\n    expect(true).to.equal(true);\n    return;\n  }\n  const widgetText = $widget.text();\n  let foundPattern = false;\n  let matchedPattern = \"\";\n  contentPatterns2.forEach((pattern) => {\n    if (typeof pattern === \"string\") {\n      if (widgetText.includes(pattern)) {\n        foundPattern = true;\n        matchedPattern = pattern;\n      }\n    } else if (pattern.test(widgetText)) {\n      foundPattern = true;\n      matchedPattern = pattern.toString();\n    }\n  });\n  if (foundPattern) {\n    cy.log(`Found expected content pattern: ${matchedPattern}`);\n  } else {\n    cy.log(\n      `No expected content patterns found in widget text: ${widgetText.substring(\n        0,\n        100\n      )}...`\n    );\n  }\n  expect(\n    foundPattern,\n    `Widget should contain at least one expected content pattern`\n  ).to.be.true;\n  cy.wrap($widget).first().screenshot(`widget-${widgetTestId}-baseline`);\n});",
              "err": {},
              "uuid": "871ae472-1f1e-499e-bc20-b3af139d231f",
              "parentUUID": "48c0cbad-f6f9-499c-9a7f-93a6b40bcfa9",
              "isHook": false,
              "skipped": false
            },
            {
              "title": "updates content when security levels change",
              "fullTitle": "Business Impact Widget Tests updates content when security levels change",
              "timedOut": null,
              "duration": 5689,
              "state": "passed",
              "speed": "medium",
              "pass": true,
              "fail": false,
              "pending": false,
              "context": null,
              "code": "findWidgetFlexibly(widgetTestId).then(($widget) => {\n  if ($widget.length === 0) {\n    cy.log(`Widget ${widgetName} not found - test will be skipped`);\n    cy.screenshot(`missing-widget-${widgetTestId}-security-change`);\n    expect(true).to.equal(true);\n    return;\n  }\n  const initialContent = $widget.text();\n  if (initialContent.trim().length === 0) {\n    cy.log(\n      `Widget ${widgetName} has no initial content - test will be skipped`\n    );\n    expect(true).to.equal(true);\n    return;\n  }\n  cy.setSecurityLevels(\n    SECURITY_LEVELS.LOW,\n    SECURITY_LEVELS.LOW,\n    SECURITY_LEVELS.LOW\n  );\n  cy.wait(1e3);\n  findWidgetFlexibly(widgetTestId).then(($lowWidget) => {\n    if ($lowWidget.length === 0) {\n      cy.log(\n        `Widget ${widgetName} disappeared after security level change - test will be skipped`\n      );\n      expect(true).to.equal(true);\n      return;\n    }\n    const lowContent = $lowWidget.text();\n    cy.setSecurityLevels(\n      SECURITY_LEVELS.HIGH,\n      SECURITY_LEVELS.HIGH,\n      SECURITY_LEVELS.HIGH\n    );\n    cy.wait(1e3);\n    findWidgetFlexibly(widgetTestId).then(($highWidget) => {\n      if ($highWidget.length === 0) {\n        cy.log(\n          `Widget ${widgetName} disappeared after high security level change - test will be skipped`\n        );\n        expect(true).to.equal(true);\n        return;\n      }\n      const highContent = $highWidget.text();\n      if (lowContent === highContent) {\n        cy.log(\n          `Warning: Content did not change between low and high security levels`\n        );\n      }\n      const contentChanged = initialContent !== lowContent || lowContent !== highContent;\n      expect(contentChanged, \"Content should change with security levels\").to.be.true;\n    });\n  });\n});",
              "err": {},
              "uuid": "5e4e768b-5845-4a36-9ee6-b1f9cddebcda",
              "parentUUID": "48c0cbad-f6f9-499c-9a7f-93a6b40bcfa9",
              "isHook": false,
              "skipped": false
            },
            {
              "title": "supports widget-specific functionality",
              "fullTitle": "Business Impact Widget Tests supports widget-specific functionality",
              "timedOut": null,
              "duration": 2152,
              "state": "passed",
              "speed": "fast",
              "pass": true,
              "fail": false,
              "pending": false,
              "context": null,
              "code": "findWidgetFlexibly(widgetTestId).then(($widget) => {\n  if ($widget.length === 0) {\n    cy.log(\n      `Widget ${widgetName} not found - specific test will be skipped`\n    );\n    cy.screenshot(`missing-widget-${widgetTestId}-specific`);\n    expect(true).to.equal(true);\n    return;\n  }\n  cy.wrap($widget.first()).as(\"currentWidget\");\n  try {\n    additionalTests2();\n  } catch (e) {\n    const errorMessage = e instanceof Error ? e.message : String(e);\n    cy.log(\n      `Error in additional tests for ${widgetName}: ${errorMessage}`\n    );\n    cy.screenshot(`error-${widgetName}-specific-test`);\n  }\n});",
              "err": {},
              "uuid": "dd152506-0660-4ef1-8075-41293938312a",
              "parentUUID": "48c0cbad-f6f9-499c-9a7f-93a6b40bcfa9",
              "isHook": false,
              "skipped": false
            }
          ],
          "suites": [],
          "passes": [
            "871ae472-1f1e-499e-bc20-b3af139d231f",
            "5e4e768b-5845-4a36-9ee6-b1f9cddebcda",
            "dd152506-0660-4ef1-8075-41293938312a"
          ],
          "failures": [],
          "pending": [],
          "skipped": [],
          "duration": 19187,
          "root": false,
          "rootEmpty": false,
          "_timeout": 2000
        }
      ],
      "passes": [],
      "failures": [],
      "pending": [],
      "skipped": [],
      "duration": 0,
      "root": true,
      "rootEmpty": true,
      "_timeout": 2000
    },
    {
      "uuid": "182b031b-4c48-463f-9755-fa714bfa8cb6",
      "title": "",
      "fullFile": "cypress/e2e/widgets/assessmentcenter/security-level.cy.ts",
      "file": "cypress/e2e/widgets/assessmentcenter/security-level.cy.ts",
      "beforeHooks": [],
      "afterHooks": [],
      "tests": [],
      "suites": [
        {
          "uuid": "031dff66-1f5a-4ae8-bb31-31901efb8bea",
          "title": "Security Level Widget Tests",
          "fullFile": "",
          "file": "",
          "beforeHooks": [],
          "afterHooks": [],
          "tests": [
            {
              "title": "is visible and contains expected content",
              "fullTitle": "Security Level Widget Tests is visible and contains expected content",
              "timedOut": null,
              "duration": 7767,
              "state": "passed",
              "speed": "medium",
              "pass": true,
              "fail": false,
              "pending": false,
              "context": null,
              "code": "findWidgetFlexibly(widgetTestId).then(($widget) => {\n  if ($widget.length === 0) {\n    cy.log(`Widget ${widgetName} not found - test will be skipped`);\n    cy.screenshot(`missing-widget-${widgetTestId}`);\n    expect(true).to.equal(true);\n    return;\n  }\n  const widgetText = $widget.text();\n  let foundPattern = false;\n  let matchedPattern = \"\";\n  contentPatterns2.forEach((pattern) => {\n    if (typeof pattern === \"string\") {\n      if (widgetText.includes(pattern)) {\n        foundPattern = true;\n        matchedPattern = pattern;\n      }\n    } else if (pattern.test(widgetText)) {\n      foundPattern = true;\n      matchedPattern = pattern.toString();\n    }\n  });\n  if (foundPattern) {\n    cy.log(`Found expected content pattern: ${matchedPattern}`);\n  } else {\n    cy.log(\n      `No expected content patterns found in widget text: ${widgetText.substring(\n        0,\n        100\n      )}...`\n    );\n  }\n  expect(\n    foundPattern,\n    `Widget should contain at least one expected content pattern`\n  ).to.be.true;\n  cy.wrap($widget).first().screenshot(`widget-${widgetTestId}-baseline`);\n});",
              "err": {},
              "uuid": "61a4a37f-5e26-461a-afce-4c59fc9be48a",
              "parentUUID": "031dff66-1f5a-4ae8-bb31-31901efb8bea",
              "isHook": false,
              "skipped": false
            },
            {
              "title": "updates content when security levels change",
              "fullTitle": "Security Level Widget Tests updates content when security levels change",
              "timedOut": null,
              "duration": 5753,
              "state": "passed",
              "speed": "medium",
              "pass": true,
              "fail": false,
              "pending": false,
              "context": null,
              "code": "findWidgetFlexibly(widgetTestId).then(($widget) => {\n  if ($widget.length === 0) {\n    cy.log(`Widget ${widgetName} not found - test will be skipped`);\n    cy.screenshot(`missing-widget-${widgetTestId}-security-change`);\n    expect(true).to.equal(true);\n    return;\n  }\n  const initialContent = $widget.text();\n  if (initialContent.trim().length === 0) {\n    cy.log(\n      `Widget ${widgetName} has no initial content - test will be skipped`\n    );\n    expect(true).to.equal(true);\n    return;\n  }\n  cy.setSecurityLevels(\n    SECURITY_LEVELS.LOW,\n    SECURITY_LEVELS.LOW,\n    SECURITY_LEVELS.LOW\n  );\n  cy.wait(1e3);\n  findWidgetFlexibly(widgetTestId).then(($lowWidget) => {\n    if ($lowWidget.length === 0) {\n      cy.log(\n        `Widget ${widgetName} disappeared after security level change - test will be skipped`\n      );\n      expect(true).to.equal(true);\n      return;\n    }\n    const lowContent = $lowWidget.text();\n    cy.setSecurityLevels(\n      SECURITY_LEVELS.HIGH,\n      SECURITY_LEVELS.HIGH,\n      SECURITY_LEVELS.HIGH\n    );\n    cy.wait(1e3);\n    findWidgetFlexibly(widgetTestId).then(($highWidget) => {\n      if ($highWidget.length === 0) {\n        cy.log(\n          `Widget ${widgetName} disappeared after high security level change - test will be skipped`\n        );\n        expect(true).to.equal(true);\n        return;\n      }\n      const highContent = $highWidget.text();\n      if (lowContent === highContent) {\n        cy.log(\n          `Warning: Content did not change between low and high security levels`\n        );\n      }\n      const contentChanged = initialContent !== lowContent || lowContent !== highContent;\n      expect(contentChanged, \"Content should change with security levels\").to.be.true;\n    });\n  });\n});",
              "err": {},
              "uuid": "65012c23-c754-4f2a-8bb1-4f8d1c03988d",
              "parentUUID": "031dff66-1f5a-4ae8-bb31-31901efb8bea",
              "isHook": false,
              "skipped": false
            },
            {
              "title": "supports widget-specific functionality",
              "fullTitle": "Security Level Widget Tests supports widget-specific functionality",
              "timedOut": null,
              "duration": 2131,
              "state": "passed",
              "speed": "fast",
              "pass": true,
              "fail": false,
              "pending": false,
              "context": null,
              "code": "findWidgetFlexibly(widgetTestId).then(($widget) => {\n  if ($widget.length === 0) {\n    cy.log(\n      `Widget ${widgetName} not found - specific test will be skipped`\n    );\n    cy.screenshot(`missing-widget-${widgetTestId}-specific`);\n    expect(true).to.equal(true);\n    return;\n  }\n  cy.wrap($widget.first()).as(\"currentWidget\");\n  try {\n    additionalTests2();\n  } catch (e) {\n    const errorMessage = e instanceof Error ? e.message : String(e);\n    cy.log(\n      `Error in additional tests for ${widgetName}: ${errorMessage}`\n    );\n    cy.screenshot(`error-${widgetName}-specific-test`);\n  }\n});",
              "err": {},
              "uuid": "2bd597bd-c190-4b31-b441-5a17fc793033",
              "parentUUID": "031dff66-1f5a-4ae8-bb31-31901efb8bea",
              "isHook": false,
              "skipped": false
            }
          ],
          "suites": [],
          "passes": [
            "61a4a37f-5e26-461a-afce-4c59fc9be48a",
            "65012c23-c754-4f2a-8bb1-4f8d1c03988d",
            "2bd597bd-c190-4b31-b441-5a17fc793033"
          ],
          "failures": [],
          "pending": [],
          "skipped": [],
          "duration": 15651,
          "root": false,
          "rootEmpty": false,
          "_timeout": 2000
        }
      ],
      "passes": [],
      "failures": [],
      "pending": [],
      "skipped": [],
      "duration": 0,
      "root": true,
      "rootEmpty": true,
      "_timeout": 2000
    },
    {
      "uuid": "2dc9bcf0-0c99-4e96-94f7-cf5964eea246",
      "title": "",
      "fullFile": "cypress/e2e/widgets/assessmentcenter/security-summary.cy.ts",
      "file": "cypress/e2e/widgets/assessmentcenter/security-summary.cy.ts",
      "beforeHooks": [],
      "afterHooks": [],
      "tests": [],
      "suites": [
        {
          "uuid": "b7762964-f091-4d62-b910-247ed9e4b790",
          "title": "Security Summary Widget Tests",
          "fullFile": "",
          "file": "",
          "beforeHooks": [],
          "afterHooks": [],
          "tests": [
            {
              "title": "is visible and contains expected content",
              "fullTitle": "Security Summary Widget Tests is visible and contains expected content",
              "timedOut": null,
              "duration": 4279,
              "state": "passed",
              "speed": "fast",
              "pass": true,
              "fail": false,
              "pending": false,
              "context": null,
              "code": "findWidgetFlexibly(widgetTestId).then(($widget) => {\n  if ($widget.length === 0) {\n    cy.log(`Widget ${widgetName} not found - test will be skipped`);\n    cy.screenshot(`missing-widget-${widgetTestId}`);\n    expect(true).to.equal(true);\n    return;\n  }\n  const widgetText = $widget.text();\n  let foundPattern = false;\n  let matchedPattern = \"\";\n  contentPatterns2.forEach((pattern) => {\n    if (typeof pattern === \"string\") {\n      if (widgetText.includes(pattern)) {\n        foundPattern = true;\n        matchedPattern = pattern;\n      }\n    } else if (pattern.test(widgetText)) {\n      foundPattern = true;\n      matchedPattern = pattern.toString();\n    }\n  });\n  if (foundPattern) {\n    cy.log(`Found expected content pattern: ${matchedPattern}`);\n  } else {\n    cy.log(\n      `No expected content patterns found in widget text: ${widgetText.substring(\n        0,\n        100\n      )}...`\n    );\n  }\n  expect(\n    foundPattern,\n    `Widget should contain at least one expected content pattern`\n  ).to.be.true;\n  cy.wrap($widget).first().screenshot(`widget-${widgetTestId}-baseline`);\n});",
              "err": {},
              "uuid": "739e654f-bae1-4e83-8018-c1392c2bd071",
              "parentUUID": "b7762964-f091-4d62-b910-247ed9e4b790",
              "isHook": false,
              "skipped": false
            },
            {
              "title": "updates content when security levels change",
              "fullTitle": "Security Summary Widget Tests updates content when security levels change",
              "timedOut": null,
              "duration": 5622,
              "state": "passed",
              "speed": "medium",
              "pass": true,
              "fail": false,
              "pending": false,
              "context": null,
              "code": "findWidgetFlexibly(widgetTestId).then(($widget) => {\n  if ($widget.length === 0) {\n    cy.log(`Widget ${widgetName} not found - test will be skipped`);\n    cy.screenshot(`missing-widget-${widgetTestId}-security-change`);\n    expect(true).to.equal(true);\n    return;\n  }\n  const initialContent = $widget.text();\n  if (initialContent.trim().length === 0) {\n    cy.log(\n      `Widget ${widgetName} has no initial content - test will be skipped`\n    );\n    expect(true).to.equal(true);\n    return;\n  }\n  cy.setSecurityLevels(\n    SECURITY_LEVELS.LOW,\n    SECURITY_LEVELS.LOW,\n    SECURITY_LEVELS.LOW\n  );\n  cy.wait(1e3);\n  findWidgetFlexibly(widgetTestId).then(($lowWidget) => {\n    if ($lowWidget.length === 0) {\n      cy.log(\n        `Widget ${widgetName} disappeared after security level change - test will be skipped`\n      );\n      expect(true).to.equal(true);\n      return;\n    }\n    const lowContent = $lowWidget.text();\n    cy.setSecurityLevels(\n      SECURITY_LEVELS.HIGH,\n      SECURITY_LEVELS.HIGH,\n      SECURITY_LEVELS.HIGH\n    );\n    cy.wait(1e3);\n    findWidgetFlexibly(widgetTestId).then(($highWidget) => {\n      if ($highWidget.length === 0) {\n        cy.log(\n          `Widget ${widgetName} disappeared after high security level change - test will be skipped`\n        );\n        expect(true).to.equal(true);\n        return;\n      }\n      const highContent = $highWidget.text();\n      if (lowContent === highContent) {\n        cy.log(\n          `Warning: Content did not change between low and high security levels`\n        );\n      }\n      const contentChanged = initialContent !== lowContent || lowContent !== highContent;\n      expect(contentChanged, \"Content should change with security levels\").to.be.true;\n    });\n  });\n});",
              "err": {},
              "uuid": "8def622f-4bf7-4577-96f6-d0d2a32ab988",
              "parentUUID": "b7762964-f091-4d62-b910-247ed9e4b790",
              "isHook": false,
              "skipped": false
            },
            {
              "title": "supports widget-specific functionality",
              "fullTitle": "Security Summary Widget Tests supports widget-specific functionality",
              "timedOut": null,
              "duration": 2132,
              "state": "passed",
              "speed": "fast",
              "pass": true,
              "fail": false,
              "pending": false,
              "context": null,
              "code": "findWidgetFlexibly(widgetTestId).then(($widget) => {\n  if ($widget.length === 0) {\n    cy.log(\n      `Widget ${widgetName} not found - specific test will be skipped`\n    );\n    cy.screenshot(`missing-widget-${widgetTestId}-specific`);\n    expect(true).to.equal(true);\n    return;\n  }\n  cy.wrap($widget.first()).as(\"currentWidget\");\n  try {\n    additionalTests2();\n  } catch (e) {\n    const errorMessage = e instanceof Error ? e.message : String(e);\n    cy.log(\n      `Error in additional tests for ${widgetName}: ${errorMessage}`\n    );\n    cy.screenshot(`error-${widgetName}-specific-test`);\n  }\n});",
              "err": {},
              "uuid": "9ff06489-b17e-44f6-8a94-1274b67f29f8",
              "parentUUID": "b7762964-f091-4d62-b910-247ed9e4b790",
              "isHook": false,
              "skipped": false
            }
          ],
          "suites": [],
          "passes": [
            "739e654f-bae1-4e83-8018-c1392c2bd071",
            "8def622f-4bf7-4577-96f6-d0d2a32ab988",
            "9ff06489-b17e-44f6-8a94-1274b67f29f8"
          ],
          "failures": [],
          "pending": [],
          "skipped": [],
          "duration": 12033,
          "root": false,
          "rootEmpty": false,
          "_timeout": 2000
        }
      ],
      "passes": [],
      "failures": [],
      "pending": [],
      "skipped": [],
      "duration": 0,
      "root": true,
      "rootEmpty": true,
      "_timeout": 2000
    },
    {
      "uuid": "c96d9cd8-4451-43b5-878e-e2ecd8f902a3",
      "title": "",
      "fullFile": "cypress/e2e/widgets/businessvalue/compliance-status.cy.ts",
      "file": "cypress/e2e/widgets/businessvalue/compliance-status.cy.ts",
      "beforeHooks": [],
      "afterHooks": [],
      "tests": [],
      "suites": [
        {
          "uuid": "4185414a-ff27-492b-beb0-08274ae80647",
          "title": "Compliance Status Widget Tests",
          "fullFile": "",
          "file": "",
          "beforeHooks": [],
          "afterHooks": [],
          "tests": [
            {
              "title": "is visible and contains expected content",
              "fullTitle": "Compliance Status Widget Tests is visible and contains expected content",
              "timedOut": null,
              "duration": 9506,
              "state": "passed",
              "speed": "medium",
              "pass": true,
              "fail": false,
              "pending": false,
              "context": null,
              "code": "findWidgetFlexibly(widgetTestId).then(($widget) => {\n  if ($widget.length === 0) {\n    cy.log(`Widget ${widgetName} not found - test will be skipped`);\n    cy.screenshot(`missing-widget-${widgetTestId}`);\n    expect(true).to.equal(true);\n    return;\n  }\n  const widgetText = $widget.text();\n  let foundPattern = false;\n  let matchedPattern = \"\";\n  contentPatterns2.forEach((pattern) => {\n    if (typeof pattern === \"string\") {\n      if (widgetText.includes(pattern)) {\n        foundPattern = true;\n        matchedPattern = pattern;\n      }\n    } else if (pattern.test(widgetText)) {\n      foundPattern = true;\n      matchedPattern = pattern.toString();\n    }\n  });\n  if (foundPattern) {\n    cy.log(`Found expected content pattern: ${matchedPattern}`);\n  } else {\n    cy.log(\n      `No expected content patterns found in widget text: ${widgetText.substring(\n        0,\n        100\n      )}...`\n    );\n  }\n  expect(\n    foundPattern,\n    `Widget should contain at least one expected content pattern`\n  ).to.be.true;\n  cy.wrap($widget).first().screenshot(`widget-${widgetTestId}-baseline`);\n});",
              "err": {},
              "uuid": "f180ac2d-8e07-4505-84c5-51618b95f5db",
              "parentUUID": "4185414a-ff27-492b-beb0-08274ae80647",
              "isHook": false,
              "skipped": false
            },
            {
              "title": "updates content when security levels change",
              "fullTitle": "Compliance Status Widget Tests updates content when security levels change",
              "timedOut": null,
              "duration": 5632,
              "state": "passed",
              "speed": "medium",
              "pass": true,
              "fail": false,
              "pending": false,
              "context": null,
              "code": "findWidgetFlexibly(widgetTestId).then(($widget) => {\n  if ($widget.length === 0) {\n    cy.log(`Widget ${widgetName} not found - test will be skipped`);\n    cy.screenshot(`missing-widget-${widgetTestId}-security-change`);\n    expect(true).to.equal(true);\n    return;\n  }\n  const initialContent = $widget.text();\n  if (initialContent.trim().length === 0) {\n    cy.log(\n      `Widget ${widgetName} has no initial content - test will be skipped`\n    );\n    expect(true).to.equal(true);\n    return;\n  }\n  cy.setSecurityLevels(\n    SECURITY_LEVELS.LOW,\n    SECURITY_LEVELS.LOW,\n    SECURITY_LEVELS.LOW\n  );\n  cy.wait(1e3);\n  findWidgetFlexibly(widgetTestId).then(($lowWidget) => {\n    if ($lowWidget.length === 0) {\n      cy.log(\n        `Widget ${widgetName} disappeared after security level change - test will be skipped`\n      );\n      expect(true).to.equal(true);\n      return;\n    }\n    const lowContent = $lowWidget.text();\n    cy.setSecurityLevels(\n      SECURITY_LEVELS.HIGH,\n      SECURITY_LEVELS.HIGH,\n      SECURITY_LEVELS.HIGH\n    );\n    cy.wait(1e3);\n    findWidgetFlexibly(widgetTestId).then(($highWidget) => {\n      if ($highWidget.length === 0) {\n        cy.log(\n          `Widget ${widgetName} disappeared after high security level change - test will be skipped`\n        );\n        expect(true).to.equal(true);\n        return;\n      }\n      const highContent = $highWidget.text();\n      if (lowContent === highContent) {\n        cy.log(\n          `Warning: Content did not change between low and high security levels`\n        );\n      }\n      const contentChanged = initialContent !== lowContent || lowContent !== highContent;\n      expect(contentChanged, \"Content should change with security levels\").to.be.true;\n    });\n  });\n});",
              "err": {},
              "uuid": "0d23a2d1-53b6-48e5-bca2-b0f8c919d920",
              "parentUUID": "4185414a-ff27-492b-beb0-08274ae80647",
              "isHook": false,
              "skipped": false
            },
            {
              "title": "supports widget-specific functionality",
              "fullTitle": "Compliance Status Widget Tests supports widget-specific functionality",
              "timedOut": null,
              "duration": 2105,
              "state": "passed",
              "speed": "fast",
              "pass": true,
              "fail": false,
              "pending": false,
              "context": null,
              "code": "findWidgetFlexibly(widgetTestId).then(($widget) => {\n  if ($widget.length === 0) {\n    cy.log(\n      `Widget ${widgetName} not found - specific test will be skipped`\n    );\n    cy.screenshot(`missing-widget-${widgetTestId}-specific`);\n    expect(true).to.equal(true);\n    return;\n  }\n  cy.wrap($widget.first()).as(\"currentWidget\");\n  try {\n    additionalTests2();\n  } catch (e) {\n    const errorMessage = e instanceof Error ? e.message : String(e);\n    cy.log(\n      `Error in additional tests for ${widgetName}: ${errorMessage}`\n    );\n    cy.screenshot(`error-${widgetName}-specific-test`);\n  }\n});",
              "err": {},
              "uuid": "274c8653-7475-4507-80c4-f4b4eff929ed",
              "parentUUID": "4185414a-ff27-492b-beb0-08274ae80647",
              "isHook": false,
              "skipped": false
            }
          ],
          "suites": [],
          "passes": [
            "f180ac2d-8e07-4505-84c5-51618b95f5db",
            "0d23a2d1-53b6-48e5-bca2-b0f8c919d920",
            "274c8653-7475-4507-80c4-f4b4eff929ed"
          ],
          "failures": [],
          "pending": [],
          "skipped": [],
          "duration": 17243,
          "root": false,
          "rootEmpty": false,
          "_timeout": 2000
        }
      ],
      "passes": [],
      "failures": [],
      "pending": [],
      "skipped": [],
      "duration": 0,
      "root": true,
      "rootEmpty": true,
      "_timeout": 2000
    },
    {
      "uuid": "1551b47d-45b9-4be3-a8d3-d583b7efbf7a",
      "title": "",
      "fullFile": "cypress/e2e/widgets/businessvalue/cost-estimation.cy.ts",
      "file": "cypress/e2e/widgets/businessvalue/cost-estimation.cy.ts",
      "beforeHooks": [],
      "afterHooks": [],
      "tests": [],
      "suites": [
        {
          "uuid": "79fec79c-a969-4200-9527-89a3ce195c6c",
          "title": "Cost Estimation Widget Tests",
          "fullFile": "",
          "file": "",
          "beforeHooks": [],
          "afterHooks": [],
          "tests": [
            {
              "title": "is visible and contains expected content",
              "fullTitle": "Cost Estimation Widget Tests is visible and contains expected content",
              "timedOut": null,
              "duration": 9324,
              "state": "passed",
              "speed": "medium",
              "pass": true,
              "fail": false,
              "pending": false,
              "context": null,
              "code": "findWidgetFlexibly(widgetTestId).then(($widget) => {\n  if ($widget.length === 0) {\n    cy.log(`Widget ${widgetName} not found - test will be skipped`);\n    cy.screenshot(`missing-widget-${widgetTestId}`);\n    expect(true).to.equal(true);\n    return;\n  }\n  const widgetText = $widget.text();\n  let foundPattern = false;\n  let matchedPattern = \"\";\n  contentPatterns2.forEach((pattern) => {\n    if (typeof pattern === \"string\") {\n      if (widgetText.includes(pattern)) {\n        foundPattern = true;\n        matchedPattern = pattern;\n      }\n    } else if (pattern.test(widgetText)) {\n      foundPattern = true;\n      matchedPattern = pattern.toString();\n    }\n  });\n  if (foundPattern) {\n    cy.log(`Found expected content pattern: ${matchedPattern}`);\n  } else {\n    cy.log(\n      `No expected content patterns found in widget text: ${widgetText.substring(\n        0,\n        100\n      )}...`\n    );\n  }\n  expect(\n    foundPattern,\n    `Widget should contain at least one expected content pattern`\n  ).to.be.true;\n  cy.wrap($widget).first().screenshot(`widget-${widgetTestId}-baseline`);\n});",
              "err": {},
              "uuid": "29d371fd-bc99-4052-ac81-3f1c3244d784",
              "parentUUID": "79fec79c-a969-4200-9527-89a3ce195c6c",
              "isHook": false,
              "skipped": false
            },
            {
              "title": "updates content when security levels change",
              "fullTitle": "Cost Estimation Widget Tests updates content when security levels change",
              "timedOut": null,
              "duration": 5719,
              "state": "passed",
              "speed": "medium",
              "pass": true,
              "fail": false,
              "pending": false,
              "context": null,
              "code": "findWidgetFlexibly(widgetTestId).then(($widget) => {\n  if ($widget.length === 0) {\n    cy.log(`Widget ${widgetName} not found - test will be skipped`);\n    cy.screenshot(`missing-widget-${widgetTestId}-security-change`);\n    expect(true).to.equal(true);\n    return;\n  }\n  const initialContent = $widget.text();\n  if (initialContent.trim().length === 0) {\n    cy.log(\n      `Widget ${widgetName} has no initial content - test will be skipped`\n    );\n    expect(true).to.equal(true);\n    return;\n  }\n  cy.setSecurityLevels(\n    SECURITY_LEVELS.LOW,\n    SECURITY_LEVELS.LOW,\n    SECURITY_LEVELS.LOW\n  );\n  cy.wait(1e3);\n  findWidgetFlexibly(widgetTestId).then(($lowWidget) => {\n    if ($lowWidget.length === 0) {\n      cy.log(\n        `Widget ${widgetName} disappeared after security level change - test will be skipped`\n      );\n      expect(true).to.equal(true);\n      return;\n    }\n    const lowContent = $lowWidget.text();\n    cy.setSecurityLevels(\n      SECURITY_LEVELS.HIGH,\n      SECURITY_LEVELS.HIGH,\n      SECURITY_LEVELS.HIGH\n    );\n    cy.wait(1e3);\n    findWidgetFlexibly(widgetTestId).then(($highWidget) => {\n      if ($highWidget.length === 0) {\n        cy.log(\n          `Widget ${widgetName} disappeared after high security level change - test will be skipped`\n        );\n        expect(true).to.equal(true);\n        return;\n      }\n      const highContent = $highWidget.text();\n      if (lowContent === highContent) {\n        cy.log(\n          `Warning: Content did not change between low and high security levels`\n        );\n      }\n      const contentChanged = initialContent !== lowContent || lowContent !== highContent;\n      expect(contentChanged, \"Content should change with security levels\").to.be.true;\n    });\n  });\n});",
              "err": {},
              "uuid": "2541efa3-c6cd-4f69-96d7-fd0e0b1c8840",
              "parentUUID": "79fec79c-a969-4200-9527-89a3ce195c6c",
              "isHook": false,
              "skipped": false
            },
            {
              "title": "supports widget-specific functionality",
              "fullTitle": "Cost Estimation Widget Tests supports widget-specific functionality",
              "timedOut": null,
              "duration": 2107,
              "state": "passed",
              "speed": "fast",
              "pass": true,
              "fail": false,
              "pending": false,
              "context": null,
              "code": "findWidgetFlexibly(widgetTestId).then(($widget) => {\n  if ($widget.length === 0) {\n    cy.log(\n      `Widget ${widgetName} not found - specific test will be skipped`\n    );\n    cy.screenshot(`missing-widget-${widgetTestId}-specific`);\n    expect(true).to.equal(true);\n    return;\n  }\n  cy.wrap($widget.first()).as(\"currentWidget\");\n  try {\n    additionalTests2();\n  } catch (e) {\n    const errorMessage = e instanceof Error ? e.message : String(e);\n    cy.log(\n      `Error in additional tests for ${widgetName}: ${errorMessage}`\n    );\n    cy.screenshot(`error-${widgetName}-specific-test`);\n  }\n});",
              "err": {},
              "uuid": "d147a201-265c-486f-a653-a0121637b378",
              "parentUUID": "79fec79c-a969-4200-9527-89a3ce195c6c",
              "isHook": false,
              "skipped": false
            }
          ],
          "suites": [],
          "passes": [
            "29d371fd-bc99-4052-ac81-3f1c3244d784",
            "2541efa3-c6cd-4f69-96d7-fd0e0b1c8840",
            "d147a201-265c-486f-a653-a0121637b378"
          ],
          "failures": [],
          "pending": [],
          "skipped": [],
          "duration": 17150,
          "root": false,
          "rootEmpty": false,
          "_timeout": 2000
        }
      ],
      "passes": [],
      "failures": [],
      "pending": [],
      "skipped": [],
      "duration": 0,
      "root": true,
      "rootEmpty": true,
      "_timeout": 2000
    },
    {
      "uuid": "59cb6d23-cb7d-4055-8e60-a09ae95e8ca6",
      "title": "",
      "fullFile": "cypress/e2e/widgets/businessvalue/value-creation.cy.ts",
      "file": "cypress/e2e/widgets/businessvalue/value-creation.cy.ts",
      "beforeHooks": [],
      "afterHooks": [],
      "tests": [],
      "suites": [
        {
          "uuid": "ec0b7df6-b211-4a07-a17c-738ff129a6bb",
          "title": "Value Creation Widget Tests",
          "fullFile": "",
          "file": "",
          "beforeHooks": [],
          "afterHooks": [],
          "tests": [
            {
              "title": "is visible and contains expected content",
              "fullTitle": "Value Creation Widget Tests is visible and contains expected content",
              "timedOut": null,
              "duration": 10941,
              "state": "passed",
              "speed": "slow",
              "pass": true,
              "fail": false,
              "pending": false,
              "context": null,
              "code": "findWidgetFlexibly(widgetTestId).then(($widget) => {\n  if ($widget.length === 0) {\n    cy.log(`Widget ${widgetName} not found - test will be skipped`);\n    cy.screenshot(`missing-widget-${widgetTestId}`);\n    expect(true).to.equal(true);\n    return;\n  }\n  const widgetText = $widget.text();\n  let foundPattern = false;\n  let matchedPattern = \"\";\n  contentPatterns2.forEach((pattern) => {\n    if (typeof pattern === \"string\") {\n      if (widgetText.includes(pattern)) {\n        foundPattern = true;\n        matchedPattern = pattern;\n      }\n    } else if (pattern.test(widgetText)) {\n      foundPattern = true;\n      matchedPattern = pattern.toString();\n    }\n  });\n  if (foundPattern) {\n    cy.log(`Found expected content pattern: ${matchedPattern}`);\n  } else {\n    cy.log(\n      `No expected content patterns found in widget text: ${widgetText.substring(\n        0,\n        100\n      )}...`\n    );\n  }\n  expect(\n    foundPattern,\n    `Widget should contain at least one expected content pattern`\n  ).to.be.true;\n  cy.wrap($widget).first().screenshot(`widget-${widgetTestId}-baseline`);\n});",
              "err": {},
              "uuid": "0ddbbce1-c9b7-41d8-ac5f-899ef00494f6",
              "parentUUID": "ec0b7df6-b211-4a07-a17c-738ff129a6bb",
              "isHook": false,
              "skipped": false
            },
            {
              "title": "updates content when security levels change",
              "fullTitle": "Value Creation Widget Tests updates content when security levels change",
              "timedOut": null,
              "duration": 5650,
              "state": "passed",
              "speed": "medium",
              "pass": true,
              "fail": false,
              "pending": false,
              "context": null,
              "code": "findWidgetFlexibly(widgetTestId).then(($widget) => {\n  if ($widget.length === 0) {\n    cy.log(`Widget ${widgetName} not found - test will be skipped`);\n    cy.screenshot(`missing-widget-${widgetTestId}-security-change`);\n    expect(true).to.equal(true);\n    return;\n  }\n  const initialContent = $widget.text();\n  if (initialContent.trim().length === 0) {\n    cy.log(\n      `Widget ${widgetName} has no initial content - test will be skipped`\n    );\n    expect(true).to.equal(true);\n    return;\n  }\n  cy.setSecurityLevels(\n    SECURITY_LEVELS.LOW,\n    SECURITY_LEVELS.LOW,\n    SECURITY_LEVELS.LOW\n  );\n  cy.wait(1e3);\n  findWidgetFlexibly(widgetTestId).then(($lowWidget) => {\n    if ($lowWidget.length === 0) {\n      cy.log(\n        `Widget ${widgetName} disappeared after security level change - test will be skipped`\n      );\n      expect(true).to.equal(true);\n      return;\n    }\n    const lowContent = $lowWidget.text();\n    cy.setSecurityLevels(\n      SECURITY_LEVELS.HIGH,\n      SECURITY_LEVELS.HIGH,\n      SECURITY_LEVELS.HIGH\n    );\n    cy.wait(1e3);\n    findWidgetFlexibly(widgetTestId).then(($highWidget) => {\n      if ($highWidget.length === 0) {\n        cy.log(\n          `Widget ${widgetName} disappeared after high security level change - test will be skipped`\n        );\n        expect(true).to.equal(true);\n        return;\n      }\n      const highContent = $highWidget.text();\n      if (lowContent === highContent) {\n        cy.log(\n          `Warning: Content did not change between low and high security levels`\n        );\n      }\n      const contentChanged = initialContent !== lowContent || lowContent !== highContent;\n      expect(contentChanged, \"Content should change with security levels\").to.be.true;\n    });\n  });\n});",
              "err": {},
              "uuid": "cdfcd5f4-55e5-441d-b577-13a150eaa74f",
              "parentUUID": "ec0b7df6-b211-4a07-a17c-738ff129a6bb",
              "isHook": false,
              "skipped": false
            },
            {
              "title": "supports widget-specific functionality",
              "fullTitle": "Value Creation Widget Tests supports widget-specific functionality",
              "timedOut": null,
              "duration": 2146,
              "state": "passed",
              "speed": "fast",
              "pass": true,
              "fail": false,
              "pending": false,
              "context": null,
              "code": "findWidgetFlexibly(widgetTestId).then(($widget) => {\n  if ($widget.length === 0) {\n    cy.log(\n      `Widget ${widgetName} not found - specific test will be skipped`\n    );\n    cy.screenshot(`missing-widget-${widgetTestId}-specific`);\n    expect(true).to.equal(true);\n    return;\n  }\n  cy.wrap($widget.first()).as(\"currentWidget\");\n  try {\n    additionalTests2();\n  } catch (e) {\n    const errorMessage = e instanceof Error ? e.message : String(e);\n    cy.log(\n      `Error in additional tests for ${widgetName}: ${errorMessage}`\n    );\n    cy.screenshot(`error-${widgetName}-specific-test`);\n  }\n});",
              "err": {},
              "uuid": "d8f3f31c-6b08-4d65-9ba8-374c79a11844",
              "parentUUID": "ec0b7df6-b211-4a07-a17c-738ff129a6bb",
              "isHook": false,
              "skipped": false
            }
          ],
          "suites": [],
          "passes": [
            "0ddbbce1-c9b7-41d8-ac5f-899ef00494f6",
            "cdfcd5f4-55e5-441d-b577-13a150eaa74f",
            "d8f3f31c-6b08-4d65-9ba8-374c79a11844"
          ],
          "failures": [],
          "pending": [],
          "skipped": [],
          "duration": 18737,
          "root": false,
          "rootEmpty": false,
          "_timeout": 2000
        }
      ],
      "passes": [],
      "failures": [],
      "pending": [],
      "skipped": [],
      "duration": 0,
      "root": true,
      "rootEmpty": true,
      "_timeout": 2000
    },
    {
      "uuid": "e4596b1f-6979-4e1a-9119-3fa5788dcea1",
      "title": "",
      "fullFile": "cypress/e2e/widgets/impactanalysis/availability-impact.cy.ts",
      "file": "cypress/e2e/widgets/impactanalysis/availability-impact.cy.ts",
      "beforeHooks": [],
      "afterHooks": [],
      "tests": [],
      "suites": [
        {
          "uuid": "edce687f-4b80-489c-bea3-5024651278e6",
          "title": "Availability Impact Widget Tests",
          "fullFile": "",
          "file": "",
          "beforeHooks": [],
          "afterHooks": [],
          "tests": [
            {
              "title": "is visible and contains expected content",
              "fullTitle": "Availability Impact Widget Tests is visible and contains expected content",
              "timedOut": null,
              "duration": 7803,
              "state": "passed",
              "speed": "medium",
              "pass": true,
              "fail": false,
              "pending": false,
              "context": null,
              "code": "findWidgetFlexibly(widgetTestId).then(($widget) => {\n  if ($widget.length === 0) {\n    cy.log(`Widget ${widgetName} not found - test will be skipped`);\n    cy.screenshot(`missing-widget-${widgetTestId}`);\n    expect(true).to.equal(true);\n    return;\n  }\n  const widgetText = $widget.text();\n  let foundPattern = false;\n  let matchedPattern = \"\";\n  contentPatterns2.forEach((pattern) => {\n    if (typeof pattern === \"string\") {\n      if (widgetText.includes(pattern)) {\n        foundPattern = true;\n        matchedPattern = pattern;\n      }\n    } else if (pattern.test(widgetText)) {\n      foundPattern = true;\n      matchedPattern = pattern.toString();\n    }\n  });\n  if (foundPattern) {\n    cy.log(`Found expected content pattern: ${matchedPattern}`);\n  } else {\n    cy.log(\n      `No expected content patterns found in widget text: ${widgetText.substring(\n        0,\n        100\n      )}...`\n    );\n  }\n  expect(\n    foundPattern,\n    `Widget should contain at least one expected content pattern`\n  ).to.be.true;\n  cy.wrap($widget).first().screenshot(`widget-${widgetTestId}-baseline`);\n});",
              "err": {},
              "uuid": "c41ebee7-a14d-4d26-a86f-8eaa8fd509ae",
              "parentUUID": "edce687f-4b80-489c-bea3-5024651278e6",
              "isHook": false,
              "skipped": false
            },
            {
              "title": "updates content when security levels change",
              "fullTitle": "Availability Impact Widget Tests updates content when security levels change",
              "timedOut": null,
              "duration": 5742,
              "state": "passed",
              "speed": "medium",
              "pass": true,
              "fail": false,
              "pending": false,
              "context": null,
              "code": "findWidgetFlexibly(widgetTestId).then(($widget) => {\n  if ($widget.length === 0) {\n    cy.log(`Widget ${widgetName} not found - test will be skipped`);\n    cy.screenshot(`missing-widget-${widgetTestId}-security-change`);\n    expect(true).to.equal(true);\n    return;\n  }\n  const initialContent = $widget.text();\n  if (initialContent.trim().length === 0) {\n    cy.log(\n      `Widget ${widgetName} has no initial content - test will be skipped`\n    );\n    expect(true).to.equal(true);\n    return;\n  }\n  cy.setSecurityLevels(\n    SECURITY_LEVELS.LOW,\n    SECURITY_LEVELS.LOW,\n    SECURITY_LEVELS.LOW\n  );\n  cy.wait(1e3);\n  findWidgetFlexibly(widgetTestId).then(($lowWidget) => {\n    if ($lowWidget.length === 0) {\n      cy.log(\n        `Widget ${widgetName} disappeared after security level change - test will be skipped`\n      );\n      expect(true).to.equal(true);\n      return;\n    }\n    const lowContent = $lowWidget.text();\n    cy.setSecurityLevels(\n      SECURITY_LEVELS.HIGH,\n      SECURITY_LEVELS.HIGH,\n      SECURITY_LEVELS.HIGH\n    );\n    cy.wait(1e3);\n    findWidgetFlexibly(widgetTestId).then(($highWidget) => {\n      if ($highWidget.length === 0) {\n        cy.log(\n          `Widget ${widgetName} disappeared after high security level change - test will be skipped`\n        );\n        expect(true).to.equal(true);\n        return;\n      }\n      const highContent = $highWidget.text();\n      if (lowContent === highContent) {\n        cy.log(\n          `Warning: Content did not change between low and high security levels`\n        );\n      }\n      const contentChanged = initialContent !== lowContent || lowContent !== highContent;\n      expect(contentChanged, \"Content should change with security levels\").to.be.true;\n    });\n  });\n});",
              "err": {},
              "uuid": "a38b7a79-988f-4767-8b78-91f520f12d15",
              "parentUUID": "edce687f-4b80-489c-bea3-5024651278e6",
              "isHook": false,
              "skipped": false
            },
            {
              "title": "supports widget-specific functionality",
              "fullTitle": "Availability Impact Widget Tests supports widget-specific functionality",
              "timedOut": null,
              "duration": 2108,
              "state": "passed",
              "speed": "fast",
              "pass": true,
              "fail": false,
              "pending": false,
              "context": null,
              "code": "findWidgetFlexibly(widgetTestId).then(($widget) => {\n  if ($widget.length === 0) {\n    cy.log(\n      `Widget ${widgetName} not found - specific test will be skipped`\n    );\n    cy.screenshot(`missing-widget-${widgetTestId}-specific`);\n    expect(true).to.equal(true);\n    return;\n  }\n  cy.wrap($widget.first()).as(\"currentWidget\");\n  try {\n    additionalTests2();\n  } catch (e) {\n    const errorMessage = e instanceof Error ? e.message : String(e);\n    cy.log(\n      `Error in additional tests for ${widgetName}: ${errorMessage}`\n    );\n    cy.screenshot(`error-${widgetName}-specific-test`);\n  }\n});",
              "err": {},
              "uuid": "5e911ec6-129b-4516-89dc-3340ee423c51",
              "parentUUID": "edce687f-4b80-489c-bea3-5024651278e6",
              "isHook": false,
              "skipped": false
            }
          ],
          "suites": [],
          "passes": [
            "c41ebee7-a14d-4d26-a86f-8eaa8fd509ae",
            "a38b7a79-988f-4767-8b78-91f520f12d15",
            "5e911ec6-129b-4516-89dc-3340ee423c51"
          ],
          "failures": [],
          "pending": [],
          "skipped": [],
          "duration": 15653,
          "root": false,
          "rootEmpty": false,
          "_timeout": 2000
        }
      ],
      "passes": [],
      "failures": [],
      "pending": [],
      "skipped": [],
      "duration": 0,
      "root": true,
      "rootEmpty": true,
      "_timeout": 2000
    },
    {
      "uuid": "22356121-8cd6-467a-9518-9681bfa0e113",
      "title": "",
      "fullFile": "cypress/e2e/widgets/impactanalysis/confidentiality-impact.cy.ts",
      "file": "cypress/e2e/widgets/impactanalysis/confidentiality-impact.cy.ts",
      "beforeHooks": [],
      "afterHooks": [],
      "tests": [],
      "suites": [
        {
          "uuid": "6e3c9213-d66e-4f92-9ace-c91701f57da6",
          "title": "Confidentiality Impact Widget Tests",
          "fullFile": "",
          "file": "",
          "beforeHooks": [],
          "afterHooks": [],
          "tests": [
            {
              "title": "is visible and contains expected content",
              "fullTitle": "Confidentiality Impact Widget Tests is visible and contains expected content",
              "timedOut": null,
              "duration": 9248,
              "state": "passed",
              "speed": "medium",
              "pass": true,
              "fail": false,
              "pending": false,
              "context": null,
              "code": "findWidgetFlexibly(widgetTestId).then(($widget) => {\n  if ($widget.length === 0) {\n    cy.log(`Widget ${widgetName} not found - test will be skipped`);\n    cy.screenshot(`missing-widget-${widgetTestId}`);\n    expect(true).to.equal(true);\n    return;\n  }\n  const widgetText = $widget.text();\n  let foundPattern = false;\n  let matchedPattern = \"\";\n  contentPatterns2.forEach((pattern) => {\n    if (typeof pattern === \"string\") {\n      if (widgetText.includes(pattern)) {\n        foundPattern = true;\n        matchedPattern = pattern;\n      }\n    } else if (pattern.test(widgetText)) {\n      foundPattern = true;\n      matchedPattern = pattern.toString();\n    }\n  });\n  if (foundPattern) {\n    cy.log(`Found expected content pattern: ${matchedPattern}`);\n  } else {\n    cy.log(\n      `No expected content patterns found in widget text: ${widgetText.substring(\n        0,\n        100\n      )}...`\n    );\n  }\n  expect(\n    foundPattern,\n    `Widget should contain at least one expected content pattern`\n  ).to.be.true;\n  cy.wrap($widget).first().screenshot(`widget-${widgetTestId}-baseline`);\n});",
              "err": {},
              "uuid": "813558e2-094d-46c3-85c3-586da8ee71ff",
              "parentUUID": "6e3c9213-d66e-4f92-9ace-c91701f57da6",
              "isHook": false,
              "skipped": false
            },
            {
              "title": "updates content when security levels change",
              "fullTitle": "Confidentiality Impact Widget Tests updates content when security levels change",
              "timedOut": null,
              "duration": 5676,
              "state": "passed",
              "speed": "medium",
              "pass": true,
              "fail": false,
              "pending": false,
              "context": null,
              "code": "findWidgetFlexibly(widgetTestId).then(($widget) => {\n  if ($widget.length === 0) {\n    cy.log(`Widget ${widgetName} not found - test will be skipped`);\n    cy.screenshot(`missing-widget-${widgetTestId}-security-change`);\n    expect(true).to.equal(true);\n    return;\n  }\n  const initialContent = $widget.text();\n  if (initialContent.trim().length === 0) {\n    cy.log(\n      `Widget ${widgetName} has no initial content - test will be skipped`\n    );\n    expect(true).to.equal(true);\n    return;\n  }\n  cy.setSecurityLevels(\n    SECURITY_LEVELS.LOW,\n    SECURITY_LEVELS.LOW,\n    SECURITY_LEVELS.LOW\n  );\n  cy.wait(1e3);\n  findWidgetFlexibly(widgetTestId).then(($lowWidget) => {\n    if ($lowWidget.length === 0) {\n      cy.log(\n        `Widget ${widgetName} disappeared after security level change - test will be skipped`\n      );\n      expect(true).to.equal(true);\n      return;\n    }\n    const lowContent = $lowWidget.text();\n    cy.setSecurityLevels(\n      SECURITY_LEVELS.HIGH,\n      SECURITY_LEVELS.HIGH,\n      SECURITY_LEVELS.HIGH\n    );\n    cy.wait(1e3);\n    findWidgetFlexibly(widgetTestId).then(($highWidget) => {\n      if ($highWidget.length === 0) {\n        cy.log(\n          `Widget ${widgetName} disappeared after high security level change - test will be skipped`\n        );\n        expect(true).to.equal(true);\n        return;\n      }\n      const highContent = $highWidget.text();\n      if (lowContent === highContent) {\n        cy.log(\n          `Warning: Content did not change between low and high security levels`\n        );\n      }\n      const contentChanged = initialContent !== lowContent || lowContent !== highContent;\n      expect(contentChanged, \"Content should change with security levels\").to.be.true;\n    });\n  });\n});",
              "err": {},
              "uuid": "a937a960-ada5-4da7-bde5-0b4f72ebc5b6",
              "parentUUID": "6e3c9213-d66e-4f92-9ace-c91701f57da6",
              "isHook": false,
              "skipped": false
            },
            {
              "title": "supports widget-specific functionality",
              "fullTitle": "Confidentiality Impact Widget Tests supports widget-specific functionality",
              "timedOut": null,
              "duration": 2132,
              "state": "passed",
              "speed": "fast",
              "pass": true,
              "fail": false,
              "pending": false,
              "context": null,
              "code": "findWidgetFlexibly(widgetTestId).then(($widget) => {\n  if ($widget.length === 0) {\n    cy.log(\n      `Widget ${widgetName} not found - specific test will be skipped`\n    );\n    cy.screenshot(`missing-widget-${widgetTestId}-specific`);\n    expect(true).to.equal(true);\n    return;\n  }\n  cy.wrap($widget.first()).as(\"currentWidget\");\n  try {\n    additionalTests2();\n  } catch (e) {\n    const errorMessage = e instanceof Error ? e.message : String(e);\n    cy.log(\n      `Error in additional tests for ${widgetName}: ${errorMessage}`\n    );\n    cy.screenshot(`error-${widgetName}-specific-test`);\n  }\n});",
              "err": {},
              "uuid": "bfba6eea-4191-40cb-8093-e921002ffe0c",
              "parentUUID": "6e3c9213-d66e-4f92-9ace-c91701f57da6",
              "isHook": false,
              "skipped": false
            }
          ],
          "suites": [],
          "passes": [
            "813558e2-094d-46c3-85c3-586da8ee71ff",
            "a937a960-ada5-4da7-bde5-0b4f72ebc5b6",
            "bfba6eea-4191-40cb-8093-e921002ffe0c"
          ],
          "failures": [],
          "pending": [],
          "skipped": [],
          "duration": 17056,
          "root": false,
          "rootEmpty": false,
          "_timeout": 2000
        }
      ],
      "passes": [],
      "failures": [],
      "pending": [],
      "skipped": [],
      "duration": 0,
      "root": true,
      "rootEmpty": true,
      "_timeout": 2000
    },
    {
      "uuid": "b583e09a-94b7-4b92-b96a-02934d84bbaa",
      "title": "",
      "fullFile": "cypress/e2e/widgets/impactanalysis/integrity-impact.cy.ts",
      "file": "cypress/e2e/widgets/impactanalysis/integrity-impact.cy.ts",
      "beforeHooks": [],
      "afterHooks": [],
      "tests": [],
      "suites": [
        {
          "uuid": "c9f10b26-1f82-4235-81ab-4bd70989cba3",
          "title": "Integrity Impact Widget Tests",
          "fullFile": "",
          "file": "",
          "beforeHooks": [],
          "afterHooks": [],
          "tests": [
            {
              "title": "is visible and contains expected content",
              "fullTitle": "Integrity Impact Widget Tests is visible and contains expected content",
              "timedOut": null,
              "duration": 7777,
              "state": "passed",
              "speed": "medium",
              "pass": true,
              "fail": false,
              "pending": false,
              "context": null,
              "code": "findWidgetFlexibly(widgetTestId).then(($widget) => {\n  if ($widget.length === 0) {\n    cy.log(`Widget ${widgetName} not found - test will be skipped`);\n    cy.screenshot(`missing-widget-${widgetTestId}`);\n    expect(true).to.equal(true);\n    return;\n  }\n  const widgetText = $widget.text();\n  let foundPattern = false;\n  let matchedPattern = \"\";\n  contentPatterns2.forEach((pattern) => {\n    if (typeof pattern === \"string\") {\n      if (widgetText.includes(pattern)) {\n        foundPattern = true;\n        matchedPattern = pattern;\n      }\n    } else if (pattern.test(widgetText)) {\n      foundPattern = true;\n      matchedPattern = pattern.toString();\n    }\n  });\n  if (foundPattern) {\n    cy.log(`Found expected content pattern: ${matchedPattern}`);\n  } else {\n    cy.log(\n      `No expected content patterns found in widget text: ${widgetText.substring(\n        0,\n        100\n      )}...`\n    );\n  }\n  expect(\n    foundPattern,\n    `Widget should contain at least one expected content pattern`\n  ).to.be.true;\n  cy.wrap($widget).first().screenshot(`widget-${widgetTestId}-baseline`);\n});",
              "err": {},
              "uuid": "6ed274f8-25ff-4ae9-8d83-898428a4458a",
              "parentUUID": "c9f10b26-1f82-4235-81ab-4bd70989cba3",
              "isHook": false,
              "skipped": false
            },
            {
              "title": "updates content when security levels change",
              "fullTitle": "Integrity Impact Widget Tests updates content when security levels change",
              "timedOut": null,
              "duration": 5748,
              "state": "passed",
              "speed": "medium",
              "pass": true,
              "fail": false,
              "pending": false,
              "context": null,
              "code": "findWidgetFlexibly(widgetTestId).then(($widget) => {\n  if ($widget.length === 0) {\n    cy.log(`Widget ${widgetName} not found - test will be skipped`);\n    cy.screenshot(`missing-widget-${widgetTestId}-security-change`);\n    expect(true).to.equal(true);\n    return;\n  }\n  const initialContent = $widget.text();\n  if (initialContent.trim().length === 0) {\n    cy.log(\n      `Widget ${widgetName} has no initial content - test will be skipped`\n    );\n    expect(true).to.equal(true);\n    return;\n  }\n  cy.setSecurityLevels(\n    SECURITY_LEVELS.LOW,\n    SECURITY_LEVELS.LOW,\n    SECURITY_LEVELS.LOW\n  );\n  cy.wait(1e3);\n  findWidgetFlexibly(widgetTestId).then(($lowWidget) => {\n    if ($lowWidget.length === 0) {\n      cy.log(\n        `Widget ${widgetName} disappeared after security level change - test will be skipped`\n      );\n      expect(true).to.equal(true);\n      return;\n    }\n    const lowContent = $lowWidget.text();\n    cy.setSecurityLevels(\n      SECURITY_LEVELS.HIGH,\n      SECURITY_LEVELS.HIGH,\n      SECURITY_LEVELS.HIGH\n    );\n    cy.wait(1e3);\n    findWidgetFlexibly(widgetTestId).then(($highWidget) => {\n      if ($highWidget.length === 0) {\n        cy.log(\n          `Widget ${widgetName} disappeared after high security level change - test will be skipped`\n        );\n        expect(true).to.equal(true);\n        return;\n      }\n      const highContent = $highWidget.text();\n      if (lowContent === highContent) {\n        cy.log(\n          `Warning: Content did not change between low and high security levels`\n        );\n      }\n      const contentChanged = initialContent !== lowContent || lowContent !== highContent;\n      expect(contentChanged, \"Content should change with security levels\").to.be.true;\n    });\n  });\n});",
              "err": {},
              "uuid": "d84a0c6b-de1b-4f67-9c7c-518c3f73de81",
              "parentUUID": "c9f10b26-1f82-4235-81ab-4bd70989cba3",
              "isHook": false,
              "skipped": false
            },
            {
              "title": "supports widget-specific functionality",
              "fullTitle": "Integrity Impact Widget Tests supports widget-specific functionality",
              "timedOut": null,
              "duration": 2150,
              "state": "passed",
              "speed": "fast",
              "pass": true,
              "fail": false,
              "pending": false,
              "context": null,
              "code": "findWidgetFlexibly(widgetTestId).then(($widget) => {\n  if ($widget.length === 0) {\n    cy.log(\n      `Widget ${widgetName} not found - specific test will be skipped`\n    );\n    cy.screenshot(`missing-widget-${widgetTestId}-specific`);\n    expect(true).to.equal(true);\n    return;\n  }\n  cy.wrap($widget.first()).as(\"currentWidget\");\n  try {\n    additionalTests2();\n  } catch (e) {\n    const errorMessage = e instanceof Error ? e.message : String(e);\n    cy.log(\n      `Error in additional tests for ${widgetName}: ${errorMessage}`\n    );\n    cy.screenshot(`error-${widgetName}-specific-test`);\n  }\n});",
              "err": {},
              "uuid": "606bca12-95ba-4a76-b6be-525d1f6cd6f7",
              "parentUUID": "c9f10b26-1f82-4235-81ab-4bd70989cba3",
              "isHook": false,
              "skipped": false
            }
          ],
          "suites": [],
          "passes": [
            "6ed274f8-25ff-4ae9-8d83-898428a4458a",
            "d84a0c6b-de1b-4f67-9c7c-518c3f73de81",
            "606bca12-95ba-4a76-b6be-525d1f6cd6f7"
          ],
          "failures": [],
          "pending": [],
          "skipped": [],
          "duration": 15675,
          "root": false,
          "rootEmpty": false,
          "_timeout": 2000
        }
      ],
      "passes": [],
      "failures": [],
      "pending": [],
      "skipped": [],
      "duration": 0,
      "root": true,
      "rootEmpty": true,
      "_timeout": 2000
    },
    {
      "uuid": "507e9af5-814b-41f6-bf7d-74e3594a4188",
      "title": "",
      "fullFile": "cypress/e2e/widgets/implementationguide/security-resources.cy.ts",
      "file": "cypress/e2e/widgets/implementationguide/security-resources.cy.ts",
      "beforeHooks": [],
      "afterHooks": [],
      "tests": [],
      "suites": [
        {
          "uuid": "c4a89ad2-5b85-4102-9b07-72004229c573",
          "title": "Security Resources Widget Tests",
          "fullFile": "",
          "file": "",
          "beforeHooks": [],
          "afterHooks": [],
          "tests": [
            {
              "title": "is visible and contains expected content",
              "fullTitle": "Security Resources Widget Tests is visible and contains expected content",
              "timedOut": null,
              "duration": 12681,
              "state": "passed",
              "speed": "slow",
              "pass": true,
              "fail": false,
              "pending": false,
              "context": null,
              "code": "findWidgetFlexibly(widgetTestId).then(($widget) => {\n  if ($widget.length === 0) {\n    cy.log(`Widget ${widgetName} not found - test will be skipped`);\n    cy.screenshot(`missing-widget-${widgetTestId}`);\n    expect(true).to.equal(true);\n    return;\n  }\n  const widgetText = $widget.text();\n  let foundPattern = false;\n  let matchedPattern = \"\";\n  contentPatterns2.forEach((pattern) => {\n    if (typeof pattern === \"string\") {\n      if (widgetText.includes(pattern)) {\n        foundPattern = true;\n        matchedPattern = pattern;\n      }\n    } else if (pattern.test(widgetText)) {\n      foundPattern = true;\n      matchedPattern = pattern.toString();\n    }\n  });\n  if (foundPattern) {\n    cy.log(`Found expected content pattern: ${matchedPattern}`);\n  } else {\n    cy.log(\n      `No expected content patterns found in widget text: ${widgetText.substring(\n        0,\n        100\n      )}...`\n    );\n  }\n  expect(\n    foundPattern,\n    `Widget should contain at least one expected content pattern`\n  ).to.be.true;\n  cy.wrap($widget).first().screenshot(`widget-${widgetTestId}-baseline`);\n});",
              "err": {},
              "uuid": "c58447e3-34ff-403f-b41f-1e1f9335124e",
              "parentUUID": "c4a89ad2-5b85-4102-9b07-72004229c573",
              "isHook": false,
              "skipped": false
            },
            {
              "title": "updates content when security levels change",
              "fullTitle": "Security Resources Widget Tests updates content when security levels change",
              "timedOut": null,
              "duration": 5652,
              "state": "passed",
              "speed": "medium",
              "pass": true,
              "fail": false,
              "pending": false,
              "context": null,
              "code": "findWidgetFlexibly(widgetTestId).then(($widget) => {\n  if ($widget.length === 0) {\n    cy.log(`Widget ${widgetName} not found - test will be skipped`);\n    cy.screenshot(`missing-widget-${widgetTestId}-security-change`);\n    expect(true).to.equal(true);\n    return;\n  }\n  const initialContent = $widget.text();\n  if (initialContent.trim().length === 0) {\n    cy.log(\n      `Widget ${widgetName} has no initial content - test will be skipped`\n    );\n    expect(true).to.equal(true);\n    return;\n  }\n  cy.setSecurityLevels(\n    SECURITY_LEVELS.LOW,\n    SECURITY_LEVELS.LOW,\n    SECURITY_LEVELS.LOW\n  );\n  cy.wait(1e3);\n  findWidgetFlexibly(widgetTestId).then(($lowWidget) => {\n    if ($lowWidget.length === 0) {\n      cy.log(\n        `Widget ${widgetName} disappeared after security level change - test will be skipped`\n      );\n      expect(true).to.equal(true);\n      return;\n    }\n    const lowContent = $lowWidget.text();\n    cy.setSecurityLevels(\n      SECURITY_LEVELS.HIGH,\n      SECURITY_LEVELS.HIGH,\n      SECURITY_LEVELS.HIGH\n    );\n    cy.wait(1e3);\n    findWidgetFlexibly(widgetTestId).then(($highWidget) => {\n      if ($highWidget.length === 0) {\n        cy.log(\n          `Widget ${widgetName} disappeared after high security level change - test will be skipped`\n        );\n        expect(true).to.equal(true);\n        return;\n      }\n      const highContent = $highWidget.text();\n      if (lowContent === highContent) {\n        cy.log(\n          `Warning: Content did not change between low and high security levels`\n        );\n      }\n      const contentChanged = initialContent !== lowContent || lowContent !== highContent;\n      expect(contentChanged, \"Content should change with security levels\").to.be.true;\n    });\n  });\n});",
              "err": {},
              "uuid": "9cc3cf1d-b353-4070-b586-169911437769",
              "parentUUID": "c4a89ad2-5b85-4102-9b07-72004229c573",
              "isHook": false,
              "skipped": false
            },
            {
              "title": "supports widget-specific functionality",
              "fullTitle": "Security Resources Widget Tests supports widget-specific functionality",
              "timedOut": null,
              "duration": 2132,
              "state": "passed",
              "speed": "fast",
              "pass": true,
              "fail": false,
              "pending": false,
              "context": null,
              "code": "findWidgetFlexibly(widgetTestId).then(($widget) => {\n  if ($widget.length === 0) {\n    cy.log(\n      `Widget ${widgetName} not found - specific test will be skipped`\n    );\n    cy.screenshot(`missing-widget-${widgetTestId}-specific`);\n    expect(true).to.equal(true);\n    return;\n  }\n  cy.wrap($widget.first()).as(\"currentWidget\");\n  try {\n    additionalTests2();\n  } catch (e) {\n    const errorMessage = e instanceof Error ? e.message : String(e);\n    cy.log(\n      `Error in additional tests for ${widgetName}: ${errorMessage}`\n    );\n    cy.screenshot(`error-${widgetName}-specific-test`);\n  }\n});",
              "err": {},
              "uuid": "5950a01c-b204-4060-aeed-dcd541c460a0",
              "parentUUID": "c4a89ad2-5b85-4102-9b07-72004229c573",
              "isHook": false,
              "skipped": false
            }
          ],
          "suites": [],
          "passes": [
            "c58447e3-34ff-403f-b41f-1e1f9335124e",
            "9cc3cf1d-b353-4070-b586-169911437769",
            "5950a01c-b204-4060-aeed-dcd541c460a0"
          ],
          "failures": [],
          "pending": [],
          "skipped": [],
          "duration": 20465,
          "root": false,
          "rootEmpty": false,
          "_timeout": 2000
        }
      ],
      "passes": [],
      "failures": [],
      "pending": [],
      "skipped": [],
      "duration": 0,
      "root": true,
      "rootEmpty": true,
      "_timeout": 2000
    },
    {
      "uuid": "d1ac57e1-93b6-41f0-984a-593f6507c62e",
      "title": "",
      "fullFile": "cypress/e2e/widgets/implementationguide/security-visualization.cy.ts",
      "file": "cypress/e2e/widgets/implementationguide/security-visualization.cy.ts",
      "beforeHooks": [],
      "afterHooks": [],
      "tests": [],
      "suites": [
        {
          "uuid": "8d6df823-67c8-4c6a-9df2-73b5ea3f1349",
          "title": "Security Visualization Widget Tests",
          "fullFile": "",
          "file": "",
          "beforeHooks": [],
          "afterHooks": [],
          "tests": [
            {
              "title": "is visible and contains expected content",
              "fullTitle": "Security Visualization Widget Tests is visible and contains expected content",
              "timedOut": null,
              "duration": 6015,
              "state": "passed",
              "speed": "medium",
              "pass": true,
              "fail": false,
              "pending": false,
              "context": null,
              "code": "findWidgetFlexibly(widgetTestId).then(($widget) => {\n  if ($widget.length === 0) {\n    cy.log(`Widget ${widgetName} not found - test will be skipped`);\n    cy.screenshot(`missing-widget-${widgetTestId}`);\n    expect(true).to.equal(true);\n    return;\n  }\n  const widgetText = $widget.text();\n  let foundPattern = false;\n  let matchedPattern = \"\";\n  contentPatterns2.forEach((pattern) => {\n    if (typeof pattern === \"string\") {\n      if (widgetText.includes(pattern)) {\n        foundPattern = true;\n        matchedPattern = pattern;\n      }\n    } else if (pattern.test(widgetText)) {\n      foundPattern = true;\n      matchedPattern = pattern.toString();\n    }\n  });\n  if (foundPattern) {\n    cy.log(`Found expected content pattern: ${matchedPattern}`);\n  } else {\n    cy.log(\n      `No expected content patterns found in widget text: ${widgetText.substring(\n        0,\n        100\n      )}...`\n    );\n  }\n  expect(\n    foundPattern,\n    `Widget should contain at least one expected content pattern`\n  ).to.be.true;\n  cy.wrap($widget).first().screenshot(`widget-${widgetTestId}-baseline`);\n});",
              "err": {},
              "uuid": "7821247e-20bb-4e0d-8351-90ca2eb1b892",
              "parentUUID": "8d6df823-67c8-4c6a-9df2-73b5ea3f1349",
              "isHook": false,
              "skipped": false
            },
            {
              "title": "updates content when security levels change",
              "fullTitle": "Security Visualization Widget Tests updates content when security levels change",
              "timedOut": null,
              "duration": 5653,
              "state": "passed",
              "speed": "medium",
              "pass": true,
              "fail": false,
              "pending": false,
              "context": null,
              "code": "findWidgetFlexibly(widgetTestId).then(($widget) => {\n  if ($widget.length === 0) {\n    cy.log(`Widget ${widgetName} not found - test will be skipped`);\n    cy.screenshot(`missing-widget-${widgetTestId}-security-change`);\n    expect(true).to.equal(true);\n    return;\n  }\n  const initialContent = $widget.text();\n  if (initialContent.trim().length === 0) {\n    cy.log(\n      `Widget ${widgetName} has no initial content - test will be skipped`\n    );\n    expect(true).to.equal(true);\n    return;\n  }\n  cy.setSecurityLevels(\n    SECURITY_LEVELS.LOW,\n    SECURITY_LEVELS.LOW,\n    SECURITY_LEVELS.LOW\n  );\n  cy.wait(1e3);\n  findWidgetFlexibly(widgetTestId).then(($lowWidget) => {\n    if ($lowWidget.length === 0) {\n      cy.log(\n        `Widget ${widgetName} disappeared after security level change - test will be skipped`\n      );\n      expect(true).to.equal(true);\n      return;\n    }\n    const lowContent = $lowWidget.text();\n    cy.setSecurityLevels(\n      SECURITY_LEVELS.HIGH,\n      SECURITY_LEVELS.HIGH,\n      SECURITY_LEVELS.HIGH\n    );\n    cy.wait(1e3);\n    findWidgetFlexibly(widgetTestId).then(($highWidget) => {\n      if ($highWidget.length === 0) {\n        cy.log(\n          `Widget ${widgetName} disappeared after high security level change - test will be skipped`\n        );\n        expect(true).to.equal(true);\n        return;\n      }\n      const highContent = $highWidget.text();\n      if (lowContent === highContent) {\n        cy.log(\n          `Warning: Content did not change between low and high security levels`\n        );\n      }\n      const contentChanged = initialContent !== lowContent || lowContent !== highContent;\n      expect(contentChanged, \"Content should change with security levels\").to.be.true;\n    });\n  });\n});",
              "err": {},
              "uuid": "9b56d28d-9b8f-4ad0-ab8e-90ab3fca4661",
              "parentUUID": "8d6df823-67c8-4c6a-9df2-73b5ea3f1349",
              "isHook": false,
              "skipped": false
            },
            {
              "title": "supports widget-specific functionality",
              "fullTitle": "Security Visualization Widget Tests supports widget-specific functionality",
              "timedOut": null,
              "duration": 2122,
              "state": "passed",
              "speed": "fast",
              "pass": true,
              "fail": false,
              "pending": false,
              "context": null,
              "code": "findWidgetFlexibly(widgetTestId).then(($widget) => {\n  if ($widget.length === 0) {\n    cy.log(\n      `Widget ${widgetName} not found - specific test will be skipped`\n    );\n    cy.screenshot(`missing-widget-${widgetTestId}-specific`);\n    expect(true).to.equal(true);\n    return;\n  }\n  cy.wrap($widget.first()).as(\"currentWidget\");\n  try {\n    additionalTests2();\n  } catch (e) {\n    const errorMessage = e instanceof Error ? e.message : String(e);\n    cy.log(\n      `Error in additional tests for ${widgetName}: ${errorMessage}`\n    );\n    cy.screenshot(`error-${widgetName}-specific-test`);\n  }\n});",
              "err": {},
              "uuid": "72f9b88d-07bd-46a4-b9d3-4923b93f9956",
              "parentUUID": "8d6df823-67c8-4c6a-9df2-73b5ea3f1349",
              "isHook": false,
              "skipped": false
            }
          ],
          "suites": [],
          "passes": [
            "7821247e-20bb-4e0d-8351-90ca2eb1b892",
            "9b56d28d-9b8f-4ad0-ab8e-90ab3fca4661",
            "72f9b88d-07bd-46a4-b9d3-4923b93f9956"
          ],
          "failures": [],
          "pending": [],
          "skipped": [],
          "duration": 13790,
          "root": false,
          "rootEmpty": false,
          "_timeout": 2000
        }
      ],
      "passes": [],
      "failures": [],
      "pending": [],
      "skipped": [],
      "duration": 0,
      "root": true,
      "rootEmpty": true,
      "_timeout": 2000
    },
    {
      "uuid": "97ca4120-dcbf-41c7-8598-ece47a2c3add",
      "title": "",
      "fullFile": "cypress/e2e/widgets/implementationguide/technical-details.cy.ts",
      "file": "cypress/e2e/widgets/implementationguide/technical-details.cy.ts",
      "beforeHooks": [],
      "afterHooks": [],
      "tests": [],
      "suites": [
        {
          "uuid": "3f779e70-0dc5-43e2-848e-439f493b1790",
          "title": "Technical Details Widget Tests",
          "fullFile": "",
          "file": "",
          "beforeHooks": [],
          "afterHooks": [],
          "tests": [
            {
              "title": "is visible and contains expected content",
              "fullTitle": "Technical Details Widget Tests is visible and contains expected content",
              "timedOut": null,
              "duration": 6038,
              "state": "passed",
              "speed": "medium",
              "pass": true,
              "fail": false,
              "pending": false,
              "context": null,
              "code": "findWidgetFlexibly(widgetTestId).then(($widget) => {\n  if ($widget.length === 0) {\n    cy.log(`Widget ${widgetName} not found - test will be skipped`);\n    cy.screenshot(`missing-widget-${widgetTestId}`);\n    expect(true).to.equal(true);\n    return;\n  }\n  const widgetText = $widget.text();\n  let foundPattern = false;\n  let matchedPattern = \"\";\n  contentPatterns2.forEach((pattern) => {\n    if (typeof pattern === \"string\") {\n      if (widgetText.includes(pattern)) {\n        foundPattern = true;\n        matchedPattern = pattern;\n      }\n    } else if (pattern.test(widgetText)) {\n      foundPattern = true;\n      matchedPattern = pattern.toString();\n    }\n  });\n  if (foundPattern) {\n    cy.log(`Found expected content pattern: ${matchedPattern}`);\n  } else {\n    cy.log(\n      `No expected content patterns found in widget text: ${widgetText.substring(\n        0,\n        100\n      )}...`\n    );\n  }\n  expect(\n    foundPattern,\n    `Widget should contain at least one expected content pattern`\n  ).to.be.true;\n  cy.wrap($widget).first().screenshot(`widget-${widgetTestId}-baseline`);\n});",
              "err": {},
              "uuid": "b4cb01ce-b66d-4b03-9e53-aaab812a50e1",
              "parentUUID": "3f779e70-0dc5-43e2-848e-439f493b1790",
              "isHook": false,
              "skipped": false
            },
            {
              "title": "updates content when security levels change",
              "fullTitle": "Technical Details Widget Tests updates content when security levels change",
              "timedOut": null,
              "duration": 5622,
              "state": "passed",
              "speed": "medium",
              "pass": true,
              "fail": false,
              "pending": false,
              "context": null,
              "code": "findWidgetFlexibly(widgetTestId).then(($widget) => {\n  if ($widget.length === 0) {\n    cy.log(`Widget ${widgetName} not found - test will be skipped`);\n    cy.screenshot(`missing-widget-${widgetTestId}-security-change`);\n    expect(true).to.equal(true);\n    return;\n  }\n  const initialContent = $widget.text();\n  if (initialContent.trim().length === 0) {\n    cy.log(\n      `Widget ${widgetName} has no initial content - test will be skipped`\n    );\n    expect(true).to.equal(true);\n    return;\n  }\n  cy.setSecurityLevels(\n    SECURITY_LEVELS.LOW,\n    SECURITY_LEVELS.LOW,\n    SECURITY_LEVELS.LOW\n  );\n  cy.wait(1e3);\n  findWidgetFlexibly(widgetTestId).then(($lowWidget) => {\n    if ($lowWidget.length === 0) {\n      cy.log(\n        `Widget ${widgetName} disappeared after security level change - test will be skipped`\n      );\n      expect(true).to.equal(true);\n      return;\n    }\n    const lowContent = $lowWidget.text();\n    cy.setSecurityLevels(\n      SECURITY_LEVELS.HIGH,\n      SECURITY_LEVELS.HIGH,\n      SECURITY_LEVELS.HIGH\n    );\n    cy.wait(1e3);\n    findWidgetFlexibly(widgetTestId).then(($highWidget) => {\n      if ($highWidget.length === 0) {\n        cy.log(\n          `Widget ${widgetName} disappeared after high security level change - test will be skipped`\n        );\n        expect(true).to.equal(true);\n        return;\n      }\n      const highContent = $highWidget.text();\n      if (lowContent === highContent) {\n        cy.log(\n          `Warning: Content did not change between low and high security levels`\n        );\n      }\n      const contentChanged = initialContent !== lowContent || lowContent !== highContent;\n      expect(contentChanged, \"Content should change with security levels\").to.be.true;\n    });\n  });\n});",
              "err": {},
              "uuid": "84271a98-2e7d-4e76-addf-7e24959f5732",
              "parentUUID": "3f779e70-0dc5-43e2-848e-439f493b1790",
              "isHook": false,
              "skipped": false
            },
            {
              "title": "supports widget-specific functionality",
              "fullTitle": "Technical Details Widget Tests supports widget-specific functionality",
              "timedOut": null,
              "duration": 2116,
              "state": "passed",
              "speed": "fast",
              "pass": true,
              "fail": false,
              "pending": false,
              "context": null,
              "code": "findWidgetFlexibly(widgetTestId).then(($widget) => {\n  if ($widget.length === 0) {\n    cy.log(\n      `Widget ${widgetName} not found - specific test will be skipped`\n    );\n    cy.screenshot(`missing-widget-${widgetTestId}-specific`);\n    expect(true).to.equal(true);\n    return;\n  }\n  cy.wrap($widget.first()).as(\"currentWidget\");\n  try {\n    additionalTests2();\n  } catch (e) {\n    const errorMessage = e instanceof Error ? e.message : String(e);\n    cy.log(\n      `Error in additional tests for ${widgetName}: ${errorMessage}`\n    );\n    cy.screenshot(`error-${widgetName}-specific-test`);\n  }\n});",
              "err": {},
              "uuid": "deeaf085-a3bd-4cb0-ba5a-cf9929bc6f42",
              "parentUUID": "3f779e70-0dc5-43e2-848e-439f493b1790",
              "isHook": false,
              "skipped": false
            }
          ],
          "suites": [],
          "passes": [
            "b4cb01ce-b66d-4b03-9e53-aaab812a50e1",
            "84271a98-2e7d-4e76-addf-7e24959f5732",
            "deeaf085-a3bd-4cb0-ba5a-cf9929bc6f42"
          ],
          "failures": [],
          "pending": [],
          "skipped": [],
          "duration": 13776,
          "root": false,
          "rootEmpty": false,
          "_timeout": 2000
        }
      ],
      "passes": [],
      "failures": [],
      "pending": [],
      "skipped": [],
      "duration": 0,
      "root": true,
      "rootEmpty": true,
      "_timeout": 2000
    }
  ],
  "meta": {
    "mocha": {
      "version": "7.0.1"
    },
    "mochawesome": {
      "options": {
        "quiet": false,
        "reportFilename": "mochawesome",
        "saveHtml": true,
        "saveJson": true,
        "consoleReporter": "spec",
        "useInlineDiffs": false,
        "code": true
      },
      "version": "7.1.3"
    },
    "marge": {
      "options": {
        "id": "default",
        "reportDir": "docs/cypress/mochawesome",
        "overwrite": false,
        "html": true,
        "json": true,
        "code": true,
        "timestamp": "mmddyyyy_HHMMss",
        "charts": true,
        "showHooks": "failed",
        "embeddedScreenshots": true
      },
      "version": "6.2.0"
    }
  }
}