{
  "stats": {
    "suites": 12,
    "tests": 58,
    "passes": 58,
    "pending": 0,
    "failures": 0,
    "testsRegistered": 58,
    "passPercent": 100,
    "pendingPercent": 0,
    "other": 0,
    "hasOther": false,
    "skipped": 0,
    "hasSkipped": false,
    "start": "2025-03-16T02:56:17.981Z",
    "end": "2025-03-16T03:00:45.626Z",
    "duration": 267645
  },
  "results": [
    {
      "uuid": "6f42d144-c778-44a5-ba7c-957198778114",
      "title": "",
      "fullFile": "cypress/e2e/business-outcomes/compliance-validation.cy.ts",
      "file": "cypress/e2e/business-outcomes/compliance-validation.cy.ts",
      "beforeHooks": [],
      "afterHooks": [],
      "tests": [],
      "suites": [
        {
          "uuid": "48b84fe4-56a0-45c4-8a06-ae59baf9a186",
          "title": "Compliance Status Validation",
          "fullFile": "",
          "file": "",
          "beforeHooks": [],
          "afterHooks": [],
          "tests": [
            {
              "title": "accurately reflects compliance status based on security levels",
              "fullTitle": "Compliance Status Validation accurately reflects compliance status based on security levels",
              "timedOut": null,
              "duration": 8120,
              "state": "passed",
              "speed": "medium",
              "pass": true,
              "fail": false,
              "pending": false,
              "context": null,
              "code": "cy.screenshot(\"compliance-validation-start\");\nconst complianceScenarios = [\n  {\n    levels: [SECURITY_LEVELS.LOW, SECURITY_LEVELS.LOW, SECURITY_LEVELS.LOW],\n    expectedStatus: /minimal|basic|non-compliant|low/i,\n    expectedFrameworks: 0\n  },\n  {\n    levels: [\n      SECURITY_LEVELS.HIGH,\n      SECURITY_LEVELS.HIGH,\n      SECURITY_LEVELS.HIGH\n    ],\n    expectedStatus: /compliant|meets requirements|high/i,\n    expectedFrameworks: 1\n    // Less strict - at least one framework\n  }\n];\ncomplianceScenarios.forEach((scenario, index) => {\n  cy.log(\n    `Testing compliance scenario ${index + 1} with levels: ${scenario.levels.join(\", \")}`\n  );\n  cy.get(\"body\").then(($body) => {\n    if ($body.find(\"select\").length >= 3) {\n      cy.get(\"select\").eq(0).select(scenario.levels[0], { force: true });\n      cy.wait(300);\n      cy.get(\"select\").eq(1).select(scenario.levels[1], { force: true });\n      cy.wait(300);\n      cy.get(\"select\").eq(2).select(scenario.levels[2], { force: true });\n    } else {\n      cy.setSecurityLevels(...scenario.levels);\n    }\n  });\n  cy.wait(1e3);\n  cy.screenshot(`compliance-scenario-${index + 1}`);\n  cy.get(\"body\").then(($body) => {\n    const selectors = [\n      '[data-testid=\"widget-compliance-status\"]',\n      '[data-testid=\"compliance-status\"]',\n      '[data-testid*=\"compliance\"]',\n      '[class*=\"compliance\"]'\n    ];\n    let foundSelector = \"\";\n    for (const selector of selectors) {\n      if ($body.find(selector).length > 0) {\n        foundSelector = selector;\n        break;\n      }\n    }\n    if (foundSelector) {\n      cy.log(`Found compliance widget with selector: ${foundSelector}`);\n      cy.get(foundSelector).within(() => {\n        cy.contains(scenario.expectedStatus).should(\"exist\");\n        if (scenario.expectedFrameworks > 0) {\n          cy.get(\n            'li, [data-testid*=\"framework-item\"], [data-testid*=\"compliance-item\"]'\n          ).should(\"have.length.at.least\", scenario.expectedFrameworks);\n        }\n      });\n    } else {\n      cy.log(\"⚠️ Compliance widget not found with standard selectors\");\n      cy.contains(scenario.expectedStatus).should(\"exist\");\n    }\n  });\n});",
              "err": {},
              "uuid": "173f3e78-4765-4ea8-b652-23a1f567d4a1",
              "parentUUID": "48b84fe4-56a0-45c4-8a06-ae59baf9a186",
              "isHook": false,
              "skipped": false
            }
          ],
          "suites": [],
          "passes": [
            "173f3e78-4765-4ea8-b652-23a1f567d4a1"
          ],
          "failures": [],
          "pending": [],
          "skipped": [],
          "duration": 8120,
          "root": false,
          "rootEmpty": false,
          "_timeout": 2000
        }
      ],
      "passes": [],
      "failures": [],
      "pending": [],
      "skipped": [],
      "duration": 0,
      "root": true,
      "rootEmpty": true,
      "_timeout": 2000
    },
    {
      "uuid": "4da26aed-4da3-4bfb-baa9-9296eae79d78",
      "title": "",
      "fullFile": "cypress/e2e/widgets/all-widgets-security-test.cy.ts",
      "file": "cypress/e2e/widgets/all-widgets-security-test.cy.ts",
      "beforeHooks": [],
      "afterHooks": [],
      "tests": [],
      "suites": [
        {
          "uuid": "704de5f9-48b5-47be-a387-65a7f61df0b2",
          "title": "All Widgets Security Level Tests",
          "fullFile": "",
          "file": "",
          "beforeHooks": [],
          "afterHooks": [],
          "tests": [
            {
              "title": "handles key security combinations for security-summary",
              "fullTitle": "All Widgets Security Level Tests handles key security combinations for security-summary",
              "timedOut": null,
              "duration": 5359,
              "state": "passed",
              "speed": "medium",
              "pass": true,
              "fail": false,
              "pending": false,
              "context": null,
              "code": "cy.get(\"body\").then(($body) => {\n  const widgetExists = $body.find(`[data-testid*=\"${widget}\"]`).length > 0;\n  if (!widgetExists) {\n    cy.log(\n      `⚠️ WARNING: Widget \"${widget}\" not found - skipping security level tests`\n    );\n    return;\n  }\n  cy.findWidget(widget).scrollIntoView();\n  const hasSelects = $body.find(\"select\").length >= 3;\n  if (!hasSelects) {\n    cy.log(\n      \"⚠️ WARNING: Not enough select elements found to set security levels\"\n    );\n    return;\n  }\n  criticalCombinations.forEach(([avail, integ, conf]) => {\n    cy.log(`Testing ${avail}-${integ}-${conf} combination`);\n    cy.get(\"body\").then(($updated) => {\n      const selects = $updated.find(\"select\");\n      if (selects.length >= 3) {\n        cy.get(\"select\").eq(0).select(avail, { force: true });\n        cy.get(\"select\").eq(1).select(integ, { force: true });\n        cy.get(\"select\").eq(2).select(conf, { force: true });\n      } else {\n        cy.setSecurityLevels(avail, integ, conf);\n      }\n    });\n    cy.wait(300);\n    cy.findWidget(widget).should(\"exist\").should(\"be.visible\").then(($widget) => {\n      expect($widget.text().trim().length).to.be.greaterThan(0);\n    });\n  });\n});",
              "err": {},
              "uuid": "6aa47142-9879-40ab-a03b-4e94f66bc82e",
              "parentUUID": "704de5f9-48b5-47be-a387-65a7f61df0b2",
              "isHook": false,
              "skipped": false
            },
            {
              "title": "handles key security combinations for business-impact",
              "fullTitle": "All Widgets Security Level Tests handles key security combinations for business-impact",
              "timedOut": null,
              "duration": 4893,
              "state": "passed",
              "speed": "fast",
              "pass": true,
              "fail": false,
              "pending": false,
              "context": null,
              "code": "cy.get(\"body\").then(($body) => {\n  const widgetExists = $body.find(`[data-testid*=\"${widget}\"]`).length > 0;\n  if (!widgetExists) {\n    cy.log(\n      `⚠️ WARNING: Widget \"${widget}\" not found - skipping security level tests`\n    );\n    return;\n  }\n  cy.findWidget(widget).scrollIntoView();\n  const hasSelects = $body.find(\"select\").length >= 3;\n  if (!hasSelects) {\n    cy.log(\n      \"⚠️ WARNING: Not enough select elements found to set security levels\"\n    );\n    return;\n  }\n  criticalCombinations.forEach(([avail, integ, conf]) => {\n    cy.log(`Testing ${avail}-${integ}-${conf} combination`);\n    cy.get(\"body\").then(($updated) => {\n      const selects = $updated.find(\"select\");\n      if (selects.length >= 3) {\n        cy.get(\"select\").eq(0).select(avail, { force: true });\n        cy.get(\"select\").eq(1).select(integ, { force: true });\n        cy.get(\"select\").eq(2).select(conf, { force: true });\n      } else {\n        cy.setSecurityLevels(avail, integ, conf);\n      }\n    });\n    cy.wait(300);\n    cy.findWidget(widget).should(\"exist\").should(\"be.visible\").then(($widget) => {\n      expect($widget.text().trim().length).to.be.greaterThan(0);\n    });\n  });\n});",
              "err": {},
              "uuid": "e6967df4-4405-4ac3-9e39-63fe8a3b203c",
              "parentUUID": "704de5f9-48b5-47be-a387-65a7f61df0b2",
              "isHook": false,
              "skipped": false
            },
            {
              "title": "handles key security combinations for cost-estimation",
              "fullTitle": "All Widgets Security Level Tests handles key security combinations for cost-estimation",
              "timedOut": null,
              "duration": 5216,
              "state": "passed",
              "speed": "medium",
              "pass": true,
              "fail": false,
              "pending": false,
              "context": null,
              "code": "cy.get(\"body\").then(($body) => {\n  const widgetExists = $body.find(`[data-testid*=\"${widget}\"]`).length > 0;\n  if (!widgetExists) {\n    cy.log(\n      `⚠️ WARNING: Widget \"${widget}\" not found - skipping security level tests`\n    );\n    return;\n  }\n  cy.findWidget(widget).scrollIntoView();\n  const hasSelects = $body.find(\"select\").length >= 3;\n  if (!hasSelects) {\n    cy.log(\n      \"⚠️ WARNING: Not enough select elements found to set security levels\"\n    );\n    return;\n  }\n  criticalCombinations.forEach(([avail, integ, conf]) => {\n    cy.log(`Testing ${avail}-${integ}-${conf} combination`);\n    cy.get(\"body\").then(($updated) => {\n      const selects = $updated.find(\"select\");\n      if (selects.length >= 3) {\n        cy.get(\"select\").eq(0).select(avail, { force: true });\n        cy.get(\"select\").eq(1).select(integ, { force: true });\n        cy.get(\"select\").eq(2).select(conf, { force: true });\n      } else {\n        cy.setSecurityLevels(avail, integ, conf);\n      }\n    });\n    cy.wait(300);\n    cy.findWidget(widget).should(\"exist\").should(\"be.visible\").then(($widget) => {\n      expect($widget.text().trim().length).to.be.greaterThan(0);\n    });\n  });\n});",
              "err": {},
              "uuid": "9ca2a645-16c7-41e8-ab08-c37472beafd4",
              "parentUUID": "704de5f9-48b5-47be-a387-65a7f61df0b2",
              "isHook": false,
              "skipped": false
            },
            {
              "title": "handles key security combinations for compliance-status",
              "fullTitle": "All Widgets Security Level Tests handles key security combinations for compliance-status",
              "timedOut": null,
              "duration": 4708,
              "state": "passed",
              "speed": "fast",
              "pass": true,
              "fail": false,
              "pending": false,
              "context": null,
              "code": "cy.get(\"body\").then(($body) => {\n  const widgetExists = $body.find(`[data-testid*=\"${widget}\"]`).length > 0;\n  if (!widgetExists) {\n    cy.log(\n      `⚠️ WARNING: Widget \"${widget}\" not found - skipping security level tests`\n    );\n    return;\n  }\n  cy.findWidget(widget).scrollIntoView();\n  const hasSelects = $body.find(\"select\").length >= 3;\n  if (!hasSelects) {\n    cy.log(\n      \"⚠️ WARNING: Not enough select elements found to set security levels\"\n    );\n    return;\n  }\n  criticalCombinations.forEach(([avail, integ, conf]) => {\n    cy.log(`Testing ${avail}-${integ}-${conf} combination`);\n    cy.get(\"body\").then(($updated) => {\n      const selects = $updated.find(\"select\");\n      if (selects.length >= 3) {\n        cy.get(\"select\").eq(0).select(avail, { force: true });\n        cy.get(\"select\").eq(1).select(integ, { force: true });\n        cy.get(\"select\").eq(2).select(conf, { force: true });\n      } else {\n        cy.setSecurityLevels(avail, integ, conf);\n      }\n    });\n    cy.wait(300);\n    cy.findWidget(widget).should(\"exist\").should(\"be.visible\").then(($widget) => {\n      expect($widget.text().trim().length).to.be.greaterThan(0);\n    });\n  });\n});",
              "err": {},
              "uuid": "b51da0c5-ff69-4245-a89e-1d64dbbb63b9",
              "parentUUID": "704de5f9-48b5-47be-a387-65a7f61df0b2",
              "isHook": false,
              "skipped": false
            },
            {
              "title": "handles security level transitions smoothly for security-summary widget",
              "fullTitle": "All Widgets Security Level Tests handles security level transitions smoothly for security-summary widget",
              "timedOut": null,
              "duration": 3749,
              "state": "passed",
              "speed": "fast",
              "pass": true,
              "fail": false,
              "pending": false,
              "context": null,
              "code": "cy.findWidget(widgetName).scrollIntoView();\nconst transitionSequence = [\n  [SECURITY_LEVELS.LOW, SECURITY_LEVELS.LOW, SECURITY_LEVELS.LOW],\n  [SECURITY_LEVELS.HIGH, SECURITY_LEVELS.HIGH, SECURITY_LEVELS.HIGH],\n  [\n    SECURITY_LEVELS.MODERATE,\n    SECURITY_LEVELS.MODERATE,\n    SECURITY_LEVELS.MODERATE\n  ],\n  [SECURITY_LEVELS.LOW, SECURITY_LEVELS.HIGH, SECURITY_LEVELS.MODERATE]\n];\ntransitionSequence.forEach(([avail, integ, conf], index) => {\n  cy.log(`Testing transition ${index + 1}: ${avail}, ${integ}, ${conf}`);\n  cy.setSecurityLevels(avail, integ, conf);\n  cy.wait(100);\n  cy.findWidget(widgetName).should(\"exist\");\n});\ncy.findWidget(widgetName).should(\"be.visible\").invoke(\"text\").should(\"not.be.empty\");",
              "err": {},
              "uuid": "68faff64-b2e4-413d-896e-0f8a1b83dcc6",
              "parentUUID": "704de5f9-48b5-47be-a387-65a7f61df0b2",
              "isHook": false,
              "skipped": false
            },
            {
              "title": "handles security level transitions smoothly for radar-chart widget",
              "fullTitle": "All Widgets Security Level Tests handles security level transitions smoothly for radar-chart widget",
              "timedOut": null,
              "duration": 3740,
              "state": "passed",
              "speed": "fast",
              "pass": true,
              "fail": false,
              "pending": false,
              "context": null,
              "code": "cy.findWidget(widgetName).scrollIntoView();\nconst transitionSequence = [\n  [SECURITY_LEVELS.LOW, SECURITY_LEVELS.LOW, SECURITY_LEVELS.LOW],\n  [SECURITY_LEVELS.HIGH, SECURITY_LEVELS.HIGH, SECURITY_LEVELS.HIGH],\n  [\n    SECURITY_LEVELS.MODERATE,\n    SECURITY_LEVELS.MODERATE,\n    SECURITY_LEVELS.MODERATE\n  ],\n  [SECURITY_LEVELS.LOW, SECURITY_LEVELS.HIGH, SECURITY_LEVELS.MODERATE]\n];\ntransitionSequence.forEach(([avail, integ, conf], index) => {\n  cy.log(`Testing transition ${index + 1}: ${avail}, ${integ}, ${conf}`);\n  cy.setSecurityLevels(avail, integ, conf);\n  cy.wait(100);\n  cy.findWidget(widgetName).should(\"exist\");\n});\ncy.findWidget(widgetName).should(\"be.visible\").invoke(\"text\").should(\"not.be.empty\");",
              "err": {},
              "uuid": "00163cd7-7bf4-4596-8af5-8a1333440349",
              "parentUUID": "704de5f9-48b5-47be-a387-65a7f61df0b2",
              "isHook": false,
              "skipped": false
            },
            {
              "title": "handles security level transitions smoothly for compliance-status widget",
              "fullTitle": "All Widgets Security Level Tests handles security level transitions smoothly for compliance-status widget",
              "timedOut": null,
              "duration": 3776,
              "state": "passed",
              "speed": "fast",
              "pass": true,
              "fail": false,
              "pending": false,
              "context": null,
              "code": "cy.findWidget(widgetName).scrollIntoView();\nconst transitionSequence = [\n  [SECURITY_LEVELS.LOW, SECURITY_LEVELS.LOW, SECURITY_LEVELS.LOW],\n  [SECURITY_LEVELS.HIGH, SECURITY_LEVELS.HIGH, SECURITY_LEVELS.HIGH],\n  [\n    SECURITY_LEVELS.MODERATE,\n    SECURITY_LEVELS.MODERATE,\n    SECURITY_LEVELS.MODERATE\n  ],\n  [SECURITY_LEVELS.LOW, SECURITY_LEVELS.HIGH, SECURITY_LEVELS.MODERATE]\n];\ntransitionSequence.forEach(([avail, integ, conf], index) => {\n  cy.log(`Testing transition ${index + 1}: ${avail}, ${integ}, ${conf}`);\n  cy.setSecurityLevels(avail, integ, conf);\n  cy.wait(100);\n  cy.findWidget(widgetName).should(\"exist\");\n});\ncy.findWidget(widgetName).should(\"be.visible\").invoke(\"text\").should(\"not.be.empty\");",
              "err": {},
              "uuid": "4f58c764-9292-45bf-86bf-9c3ef424b814",
              "parentUUID": "704de5f9-48b5-47be-a387-65a7f61df0b2",
              "isHook": false,
              "skipped": false
            },
            {
              "title": "shows appropriate widgets for each security profile",
              "fullTitle": "All Widgets Security Level Tests shows appropriate widgets for each security profile",
              "timedOut": null,
              "duration": 2937,
              "state": "passed",
              "speed": "fast",
              "pass": true,
              "fail": false,
              "pending": false,
              "context": null,
              "code": "const securityProfiles = [\n  {\n    name: \"None/Low Security\",\n    levels: [SECURITY_LEVELS.LOW, SECURITY_LEVELS.LOW, SECURITY_LEVELS.LOW],\n    expectedWidgets: [\n      \"security-summary\",\n      \"security-level\",\n      \"cost-estimation\"\n    ],\n    unexpectedWidgets: [\"cia-impact-summary\", \"radar-chart\"]\n    // These might not be visible at low security\n  },\n  {\n    name: \"High Security\",\n    levels: [\n      SECURITY_LEVELS.HIGH,\n      SECURITY_LEVELS.HIGH,\n      SECURITY_LEVELS.HIGH\n    ],\n    expectedWidgets: [\n      \"security-summary\",\n      \"security-level\",\n      \"cost-estimation\",\n      \"value-creation\",\n      \"business-impact\",\n      \"compliance-status\"\n    ],\n    unexpectedWidgets: []\n    // At high security, most widgets should be visible\n  }\n];\nsecurityProfiles.forEach((profile) => {\n  cy.log(`Testing ${profile.name} profile`);\n  cy.setSecurityLevels(...profile.levels);\n  cy.wait(500);\n  profile.expectedWidgets.forEach((widgetId) => {\n    cy.findWidget(widgetId).should(\"exist\");\n  });\n  if (profile.unexpectedWidgets.length > 0) {\n    cy.log(\n      `Note: Some widgets may not be visible in ${profile.name} profile`\n    );\n  }\n});",
              "err": {},
              "uuid": "fc5922cf-1179-4715-9078-d6b538b156c7",
              "parentUUID": "704de5f9-48b5-47be-a387-65a7f61df0b2",
              "isHook": false,
              "skipped": false
            },
            {
              "title": "handles extreme security transitions without errors",
              "fullTitle": "All Widgets Security Level Tests handles extreme security transitions without errors",
              "timedOut": null,
              "duration": 2654,
              "state": "passed",
              "speed": "fast",
              "pass": true,
              "fail": false,
              "pending": false,
              "context": null,
              "code": "cy.setSecurityLevels(\n  SECURITY_LEVELS.NONE,\n  SECURITY_LEVELS.NONE,\n  SECURITY_LEVELS.NONE\n);\ncy.wait(300);\ncy.window().then((win) => {\n  win.consoleErrors = [];\n  cy.setSecurityLevels(\n    SECURITY_LEVELS.VERY_HIGH,\n    SECURITY_LEVELS.VERY_HIGH,\n    SECURITY_LEVELS.VERY_HIGH\n  );\n  cy.wait(500);\n  cy.wrap(win.consoleErrors || []).should(\"have.length.lessThan\", 3);\n});",
              "err": {},
              "uuid": "1d5c1c13-1af3-497a-b3f5-1e7c9a1768e3",
              "parentUUID": "704de5f9-48b5-47be-a387-65a7f61df0b2",
              "isHook": false,
              "skipped": false
            }
          ],
          "suites": [],
          "passes": [
            "6aa47142-9879-40ab-a03b-4e94f66bc82e",
            "e6967df4-4405-4ac3-9e39-63fe8a3b203c",
            "9ca2a645-16c7-41e8-ab08-c37472beafd4",
            "b51da0c5-ff69-4245-a89e-1d64dbbb63b9",
            "68faff64-b2e4-413d-896e-0f8a1b83dcc6",
            "00163cd7-7bf4-4596-8af5-8a1333440349",
            "4f58c764-9292-45bf-86bf-9c3ef424b814",
            "fc5922cf-1179-4715-9078-d6b538b156c7",
            "1d5c1c13-1af3-497a-b3f5-1e7c9a1768e3"
          ],
          "failures": [],
          "pending": [],
          "skipped": [],
          "duration": 37032,
          "root": false,
          "rootEmpty": false,
          "_timeout": 2000
        }
      ],
      "passes": [],
      "failures": [],
      "pending": [],
      "skipped": [],
      "duration": 0,
      "root": true,
      "rootEmpty": true,
      "_timeout": 2000
    },
    {
      "uuid": "00cb3f67-ce17-484b-8129-47ff37fc95ff",
      "title": "",
      "fullFile": "cypress/e2e/widgets/availability-impact-widget.cy.ts",
      "file": "cypress/e2e/widgets/availability-impact-widget.cy.ts",
      "beforeHooks": [],
      "afterHooks": [],
      "tests": [],
      "suites": [
        {
          "uuid": "1d9c030c-1026-42c8-a877-433afd72f7ce",
          "title": "Availability Impact Widget",
          "fullFile": "",
          "file": "",
          "beforeHooks": [],
          "afterHooks": [],
          "tests": [
            {
              "title": "displays availability impact analysis",
              "fullTitle": "Availability Impact Widget displays availability impact analysis",
              "timedOut": null,
              "duration": 1344,
              "state": "passed",
              "speed": "fast",
              "pass": true,
              "fail": false,
              "pending": false,
              "context": null,
              "code": "cy.get(\"body\").then(($body) => {\n  const selectors = [\n    '[data-testid*=\"availability-impact\"]',\n    '[data-testid=\"widget-availability-impact-container\"]',\n    '[data-testid=\"widget-availability-impact\"]',\n    '[class*=\"availability-impact\"]'\n  ];\n  let foundSelector = false;\n  for (const selector of selectors) {\n    if ($body.find(selector).length > 0) {\n      cy.log(`Found availability widget with selector: ${selector}`);\n      cy.get(selector).should(\"exist\").scrollIntoView().should(\"be.visible\");\n      foundSelector = true;\n      break;\n    }\n  }\n  if (!foundSelector) {\n    cy.log(\n      \"⚠️ Could not find availability impact widget with standard selectors\"\n    );\n    return;\n  }\n  cy.verifyContentPresent([\n    /availability|uptime|recovery/i,\n    /impact|effect|consequence/i\n  ]);\n});",
              "err": {},
              "uuid": "6d540af7-1290-423b-9ae0-572c275e1820",
              "parentUUID": "1d9c030c-1026-42c8-a877-433afd72f7ce",
              "isHook": false,
              "skipped": false
            },
            {
              "title": "updates content when security levels change",
              "fullTitle": "Availability Impact Widget updates content when security levels change",
              "timedOut": null,
              "duration": 2771,
              "state": "passed",
              "speed": "fast",
              "pass": true,
              "fail": false,
              "pending": false,
              "context": null,
              "code": "cy.findWidget(\"availability-impact\").then(($widget) => {\n  if ($widget.length === 0) {\n    cy.log(\"⚠️ Widget not found - skipping test\");\n    return;\n  }\n  const initialContent = $widget.text();\n  cy.get(\"body\").then(($body) => {\n    const selectCount = $body.find(\"select\").length;\n    if (selectCount >= 3) {\n      cy.get(\"select\").eq(0).select(SECURITY_LEVELS.LOW, { force: true });\n      cy.get(\"select\").eq(1).select(SECURITY_LEVELS.LOW, { force: true });\n      cy.get(\"select\").eq(2).select(SECURITY_LEVELS.LOW, { force: true });\n    } else {\n      cy.setSecurityLevels(\n        SECURITY_LEVELS.LOW,\n        SECURITY_LEVELS.LOW,\n        SECURITY_LEVELS.LOW\n      );\n    }\n  });\n  cy.wait(500);\n  cy.get(\"body\").then(($body) => {\n    const selectCount = $body.find(\"select\").length;\n    if (selectCount >= 3) {\n      cy.get(\"select\").eq(0).select(SECURITY_LEVELS.HIGH, { force: true });\n      cy.get(\"select\").eq(1).select(SECURITY_LEVELS.HIGH, { force: true });\n      cy.get(\"select\").eq(2).select(SECURITY_LEVELS.HIGH, { force: true });\n    } else {\n      cy.setSecurityLevels(\n        SECURITY_LEVELS.HIGH,\n        SECURITY_LEVELS.HIGH,\n        SECURITY_LEVELS.HIGH\n      );\n    }\n  });\n  cy.wait(500);\n  cy.findWidget(\"availability-impact\").invoke(\"text\").then((newContent) => {\n    cy.log(`Initial content length: ${initialContent.length}`);\n    cy.log(`New content length: ${newContent.length}`);\n  });\n});",
              "err": {},
              "uuid": "c5c8c5bb-5651-49d2-a3ad-882bf0acfddb",
              "parentUUID": "1d9c030c-1026-42c8-a877-433afd72f7ce",
              "isHook": false,
              "skipped": false
            },
            {
              "title": "shows technical metrics and recommendations",
              "fullTitle": "Availability Impact Widget shows technical metrics and recommendations",
              "timedOut": null,
              "duration": 1871,
              "state": "passed",
              "speed": "fast",
              "pass": true,
              "fail": false,
              "pending": false,
              "context": null,
              "code": "cy.findWidget(\"availability-impact\").then(($widget) => {\n  if ($widget.length === 0) {\n    cy.log(\"⚠️ Widget not found - skipping test\");\n    return;\n  }\n  cy.wrap($widget).scrollIntoView();\n  cy.get(\"body\").then(($body) => {\n    const selectCount = $body.find(\"select\").length;\n    if (selectCount >= 3) {\n      cy.get(\"select\").eq(0).select(SECURITY_LEVELS.MODERATE, { force: true });\n      cy.get(\"select\").eq(1).select(SECURITY_LEVELS.MODERATE, { force: true });\n      cy.get(\"select\").eq(2).select(SECURITY_LEVELS.MODERATE, { force: true });\n    } else {\n      cy.setSecurityLevels(\n        SECURITY_LEVELS.MODERATE,\n        SECURITY_LEVELS.MODERATE,\n        SECURITY_LEVELS.MODERATE\n      );\n    }\n  });\n  cy.wait(500);\n  cy.log(\"Checking for availability metrics terminology\");\n  cy.get(\"body\").contains(/rto|rpo|mttr|uptime/i);\n  cy.log(\"Checking for recommendation terminology\");\n  cy.get(\"body\").contains(/recommend|suggest/i);\n});",
              "err": {},
              "uuid": "c15dc5b6-f2c3-4a77-8b3a-222abdce478d",
              "parentUUID": "1d9c030c-1026-42c8-a877-433afd72f7ce",
              "isHook": false,
              "skipped": false
            },
            {
              "title": "displays business impact information",
              "fullTitle": "Availability Impact Widget displays business impact information",
              "timedOut": null,
              "duration": 1802,
              "state": "passed",
              "speed": "fast",
              "pass": true,
              "fail": false,
              "pending": false,
              "context": null,
              "code": "cy.findWidget(\"availability-impact\").then(($widget) => {\n  if ($widget.length === 0) {\n    cy.log(\"⚠️ Widget not found - skipping test\");\n    return;\n  }\n  cy.wrap($widget).scrollIntoView();\n  cy.get(\"body\").then(($body) => {\n    const selectCount = $body.find(\"select\").length;\n    if (selectCount >= 3) {\n      cy.get(\"select\").eq(0).select(SECURITY_LEVELS.HIGH, { force: true });\n      cy.get(\"select\").eq(1).select(SECURITY_LEVELS.MODERATE, { force: true });\n      cy.get(\"select\").eq(2).select(SECURITY_LEVELS.LOW, { force: true });\n    } else {\n      cy.setSecurityLevels(\n        SECURITY_LEVELS.HIGH,\n        SECURITY_LEVELS.MODERATE,\n        SECURITY_LEVELS.LOW\n      );\n    }\n  });\n  cy.wait(500);\n  cy.contains(/business impact|effect on business|operational impact/i);\n});",
              "err": {},
              "uuid": "96a44131-a23a-48fc-9fb3-78e84d866e6c",
              "parentUUID": "1d9c030c-1026-42c8-a877-433afd72f7ce",
              "isHook": false,
              "skipped": false
            }
          ],
          "suites": [],
          "passes": [
            "6d540af7-1290-423b-9ae0-572c275e1820",
            "c5c8c5bb-5651-49d2-a3ad-882bf0acfddb",
            "c15dc5b6-f2c3-4a77-8b3a-222abdce478d",
            "96a44131-a23a-48fc-9fb3-78e84d866e6c"
          ],
          "failures": [],
          "pending": [],
          "skipped": [],
          "duration": 7788,
          "root": false,
          "rootEmpty": false,
          "_timeout": 2000
        }
      ],
      "passes": [],
      "failures": [],
      "pending": [],
      "skipped": [],
      "duration": 0,
      "root": true,
      "rootEmpty": true,
      "_timeout": 2000
    },
    {
      "uuid": "df574f97-5ef0-4198-b971-44f51d03fd6d",
      "title": "",
      "fullFile": "cypress/e2e/widgets/business-impact-widget.cy.ts",
      "file": "cypress/e2e/widgets/business-impact-widget.cy.ts",
      "beforeHooks": [],
      "afterHooks": [],
      "tests": [],
      "suites": [
        {
          "uuid": "f5f83c0e-c88d-4281-9d65-322992d70f15",
          "title": "Business Impact Widget",
          "fullFile": "",
          "file": "",
          "beforeHooks": [],
          "afterHooks": [],
          "tests": [
            {
              "title": "should display the business impact widget",
              "fullTitle": "Business Impact Widget should display the business impact widget",
              "timedOut": null,
              "duration": 1274,
              "state": "passed",
              "speed": "fast",
              "pass": true,
              "fail": false,
              "pending": false,
              "context": null,
              "code": "cy.get(\"body\").then(($body) => {\n  const selectors = [\n    '[data-testid=\"widget-business-impact-container\"]',\n    '[data-testid=\"business-impact-widget\"]',\n    '[data-testid*=\"business-impact\"]',\n    '[class*=\"business-impact\"]'\n  ];\n  let found = false;\n  for (const selector of selectors) {\n    if ($body.find(selector).length > 0) {\n      cy.get(selector).should(\"exist\").and(\"be.visible\");\n      found = true;\n      break;\n    }\n  }\n  if (!found) {\n    cy.log(\"⚠️ Business impact widget not found with standard selectors\");\n  }\n});",
              "err": {},
              "uuid": "0376d1e4-093b-47a9-9125-b503e2621e54",
              "parentUUID": "f5f83c0e-c88d-4281-9d65-322992d70f15",
              "isHook": false,
              "skipped": false
            },
            {
              "title": "updates content when security levels change",
              "fullTitle": "Business Impact Widget updates content when security levels change",
              "timedOut": null,
              "duration": 2767,
              "state": "passed",
              "speed": "fast",
              "pass": true,
              "fail": false,
              "pending": false,
              "context": null,
              "code": "cy.findWidget(\"business-impact\").then(($widget) => {\n  if ($widget.length === 0) {\n    cy.log(\"⚠️ Widget not found - skipping test\");\n    return;\n  }\n  cy.wrap($widget).scrollIntoView();\n  const initialContent = $widget.text();\n  cy.get(\"body\").then(($body) => {\n    if ($body.find(\"select\").length >= 3) {\n      cy.get(\"select\").eq(0).select(SECURITY_LEVELS.LOW, { force: true });\n      cy.get(\"select\").eq(1).select(SECURITY_LEVELS.LOW, { force: true });\n      cy.get(\"select\").eq(2).select(SECURITY_LEVELS.LOW, { force: true });\n    } else {\n      cy.setSecurityLevels(\n        SECURITY_LEVELS.LOW,\n        SECURITY_LEVELS.LOW,\n        SECURITY_LEVELS.LOW\n      );\n    }\n  });\n  cy.wait(500);\n  cy.get(\"body\").then(($body) => {\n    if ($body.find(\"select\").length >= 3) {\n      cy.get(\"select\").eq(0).select(SECURITY_LEVELS.HIGH, { force: true });\n      cy.get(\"select\").eq(1).select(SECURITY_LEVELS.HIGH, { force: true });\n      cy.get(\"select\").eq(2).select(SECURITY_LEVELS.HIGH, { force: true });\n    } else {\n      cy.setSecurityLevels(\n        SECURITY_LEVELS.HIGH,\n        SECURITY_LEVELS.HIGH,\n        SECURITY_LEVELS.HIGH\n      );\n    }\n  });\n  cy.wait(500);\n  cy.findWidget(\"business-impact\").invoke(\"text\").then((newContent) => {\n    if (newContent !== initialContent) {\n      cy.log(\n        \"✅ Content changed as expected after security level change\"\n      );\n    } else {\n      cy.log(\"⚠️ Content did not change after security level change\");\n    }\n  });\n});",
              "err": {},
              "uuid": "4ad5eefd-3a26-425c-bf21-8e0056c26247",
              "parentUUID": "f5f83c0e-c88d-4281-9d65-322992d70f15",
              "isHook": false,
              "skipped": false
            },
            {
              "title": "has functioning CIA tab navigation",
              "fullTitle": "Business Impact Widget has functioning CIA tab navigation",
              "timedOut": null,
              "duration": 1553,
              "state": "passed",
              "speed": "fast",
              "pass": true,
              "fail": false,
              "pending": false,
              "context": null,
              "code": "cy.findWidget(\"business-impact\").then(($widget) => {\n  if ($widget.length === 0) {\n    cy.log(\"⚠️ Widget not found - skipping test\");\n    return;\n  }\n  cy.wrap($widget).scrollIntoView();\n  const tabSelectors = [\n    'button, [role=\"tab\"]',\n    'button:contains(\"Availability\"), button:contains(\"Integrity\"), button:contains(\"Confidentiality\")'\n  ];\n  let tabsFound = false;\n  for (const selector of tabSelectors) {\n    const $tabs = $widget.find(selector);\n    if ($tabs.length >= 2) {\n      tabsFound = true;\n      cy.log(`Found ${$tabs.length} tabs with selector: ${selector}`);\n      cy.wrap($widget).find(selector).each(($tab, index) => {\n        if (index > 0 && index < 3) {\n          cy.log(`Clicking tab ${index}`);\n          cy.wrap($tab).click({ force: true });\n          cy.wait(300);\n        }\n      });\n      break;\n    }\n  }\n  if (!tabsFound) {\n    cy.log(\n      \"⚠️ No tabs found in business impact widget - this might be expected if the widget doesn't use tabs\"\n    );\n  }\n});",
              "err": {},
              "uuid": "c22134b1-a140-4b54-abc7-a55799187d63",
              "parentUUID": "f5f83c0e-c88d-4281-9d65-322992d70f15",
              "isHook": false,
              "skipped": false
            },
            {
              "title": "displays appropriate impact cards for high security",
              "fullTitle": "Business Impact Widget displays appropriate impact cards for high security",
              "timedOut": null,
              "duration": 1843,
              "state": "passed",
              "speed": "fast",
              "pass": true,
              "fail": false,
              "pending": false,
              "context": null,
              "code": "cy.findWidget(\"business-impact\").then(($widget) => {\n  if ($widget.length === 0) {\n    cy.log(\"⚠️ Widget not found - skipping test\");\n    return;\n  }\n  cy.wrap($widget).scrollIntoView();\n  cy.get(\"body\").then(($body) => {\n    if ($body.find(\"select\").length >= 3) {\n      cy.get(\"select\").eq(0).select(SECURITY_LEVELS.HIGH, { force: true });\n      cy.get(\"select\").eq(1).select(SECURITY_LEVELS.HIGH, { force: true });\n      cy.get(\"select\").eq(2).select(SECURITY_LEVELS.HIGH, { force: true });\n    } else {\n      cy.setSecurityLevels(\n        SECURITY_LEVELS.HIGH,\n        SECURITY_LEVELS.HIGH,\n        SECURITY_LEVELS.HIGH\n      );\n    }\n  });\n  cy.wait(500);\n  cy.wrap($widget).within(() => {\n    cy.contains(/impact|effect|consequence/i).should(\"exist\");\n    cy.contains(/financial|revenue|cost/i).should(\"exist\");\n    cy.contains(/operational|process|function/i).should(\"exist\");\n  });\n});",
              "err": {},
              "uuid": "e889b6b8-bce8-4fe4-a4eb-38a2c9ae8535",
              "parentUUID": "f5f83c0e-c88d-4281-9d65-322992d70f15",
              "isHook": false,
              "skipped": false
            },
            {
              "title": "shows different impacts for mixed security levels",
              "fullTitle": "Business Impact Widget shows different impacts for mixed security levels",
              "timedOut": null,
              "duration": 1866,
              "state": "passed",
              "speed": "fast",
              "pass": true,
              "fail": false,
              "pending": false,
              "context": null,
              "code": "cy.findWidget(\"business-impact\").then(($widget) => {\n  if ($widget.length === 0) {\n    cy.log(\"⚠️ Widget not found - skipping test\");\n    return;\n  }\n  cy.wrap($widget).scrollIntoView();\n  cy.get(\"body\").then(($body) => {\n    if ($body.find(\"select\").length >= 3) {\n      cy.get(\"select\").eq(0).select(SECURITY_LEVELS.HIGH, { force: true });\n      cy.get(\"select\").eq(1).select(SECURITY_LEVELS.LOW, { force: true });\n      cy.get(\"select\").eq(2).select(SECURITY_LEVELS.MODERATE, { force: true });\n    } else {\n      cy.setSecurityLevels(\n        SECURITY_LEVELS.HIGH,\n        SECURITY_LEVELS.LOW,\n        SECURITY_LEVELS.MODERATE\n      );\n    }\n  });\n  cy.wait(500);\n  cy.wrap($widget).invoke(\"text\").then((text) => {\n    const patterns = [\n      /availability|integrity|confidentiality/i,\n      /impact|effect|consequence/i,\n      /business|operation|financial/i\n    ];\n    const matchingPatterns = patterns.filter(\n      (pattern) => pattern.test(text)\n    );\n    cy.log(\n      `Found ${matchingPatterns.length} matching patterns in widget`\n    );\n    expect(matchingPatterns.length).to.be.greaterThan(0);\n  });\n});",
              "err": {},
              "uuid": "322128bc-7785-44ff-8a00-4ac20d4e62cd",
              "parentUUID": "f5f83c0e-c88d-4281-9d65-322992d70f15",
              "isHook": false,
              "skipped": false
            }
          ],
          "suites": [],
          "passes": [
            "0376d1e4-093b-47a9-9125-b503e2621e54",
            "4ad5eefd-3a26-425c-bf21-8e0056c26247",
            "c22134b1-a140-4b54-abc7-a55799187d63",
            "e889b6b8-bce8-4fe4-a4eb-38a2c9ae8535",
            "322128bc-7785-44ff-8a00-4ac20d4e62cd"
          ],
          "failures": [],
          "pending": [],
          "skipped": [],
          "duration": 9303,
          "root": false,
          "rootEmpty": false,
          "_timeout": 2000
        }
      ],
      "passes": [],
      "failures": [],
      "pending": [],
      "skipped": [],
      "duration": 0,
      "root": true,
      "rootEmpty": true,
      "_timeout": 2000
    },
    {
      "uuid": "f3ee36b3-fbf2-40cb-9591-9b424e2036cb",
      "title": "",
      "fullFile": "cypress/e2e/widgets/cia-impact-summary-widget.cy.ts",
      "file": "cypress/e2e/widgets/cia-impact-summary-widget.cy.ts",
      "beforeHooks": [],
      "afterHooks": [],
      "tests": [],
      "suites": [
        {
          "uuid": "27bc841f-73d2-4032-bafe-92a2109e1949",
          "title": "CIA Impact Summary Widget",
          "fullFile": "",
          "file": "",
          "beforeHooks": [],
          "afterHooks": [],
          "tests": [
            {
              "title": "cia-impact-summary widget should exist",
              "fullTitle": "CIA Impact Summary Widget cia-impact-summary widget should exist",
              "timedOut": null,
              "duration": 3723,
              "state": "passed",
              "speed": "fast",
              "pass": true,
              "fail": false,
              "pending": false,
              "context": null,
              "code": "cy.findWidget(widgetName).should(\"exist\").scrollIntoView();\ncy.findWidget(widgetName).then(($widget) => {\n  expect($widget.text().trim().length).to.be.greaterThan(0);\n});",
              "err": {},
              "uuid": "fdfc4af5-e14c-49c7-9665-91f0fd7c1703",
              "parentUUID": "27bc841f-73d2-4032-bafe-92a2109e1949",
              "isHook": false,
              "skipped": false
            },
            {
              "title": "updates content when security levels change",
              "fullTitle": "CIA Impact Summary Widget updates content when security levels change",
              "timedOut": null,
              "duration": 6837,
              "state": "passed",
              "speed": "medium",
              "pass": true,
              "fail": false,
              "pending": false,
              "context": null,
              "code": "testSecurityLevelChanges(\"cia-impact-summary\");",
              "err": {},
              "uuid": "f0a6e915-c31c-4aee-990a-69e1b98959c6",
              "parentUUID": "27bc841f-73d2-4032-bafe-92a2109e1949",
              "isHook": false,
              "skipped": false
            },
            {
              "title": "shows comprehensive CIA impact summary at high security levels",
              "fullTitle": "CIA Impact Summary Widget shows comprehensive CIA impact summary at high security levels",
              "timedOut": null,
              "duration": 4854,
              "state": "passed",
              "speed": "fast",
              "pass": true,
              "fail": false,
              "pending": false,
              "context": null,
              "code": "cy.findWidget(\"cia-impact-summary\").scrollIntoView();\ncy.setSecurityLevels(\n  SECURITY_LEVELS.HIGH,\n  SECURITY_LEVELS.HIGH,\n  SECURITY_LEVELS.HIGH\n);\ncy.wait(1e3);\ncy.findWidget(\"cia-impact-summary\").then(($widget) => {\n  const text = $widget.text().toLowerCase();\n  const hasAvailabilityTerms = /availability|uptime|recovery|access/i.test(\n    text\n  );\n  const hasIntegrityTerms = /integrity|accuracy|valid|correct/i.test(text);\n  const hasConfidentialTerms = /confidential|privacy|sensitive|secret/i.test(text);\n  cy.log(`Found availability terms: ${hasAvailabilityTerms}`);\n  cy.log(`Found integrity terms: ${hasIntegrityTerms}`);\n  cy.log(`Found confidentiality terms: ${hasConfidentialTerms}`);\n  expect(hasAvailabilityTerms || hasIntegrityTerms || hasConfidentialTerms).to.be.true;\n});",
              "err": {},
              "uuid": "8216030e-e3ad-4ff0-a624-e397e44fab88",
              "parentUUID": "27bc841f-73d2-4032-bafe-92a2109e1949",
              "isHook": false,
              "skipped": false
            },
            {
              "title": "properly displays mixed security levels",
              "fullTitle": "CIA Impact Summary Widget properly displays mixed security levels",
              "timedOut": null,
              "duration": 6668,
              "state": "passed",
              "speed": "medium",
              "pass": true,
              "fail": false,
              "pending": false,
              "context": null,
              "code": "cy.findWidget(\"cia-impact-summary\").scrollIntoView();\ncy.setSecurityLevels(\n  SECURITY_LEVELS.HIGH,\n  SECURITY_LEVELS.LOW,\n  SECURITY_LEVELS.MODERATE\n);\ncy.wait(1e3);\ncy.findWidget(\"cia-impact-summary\").then(($widgetBefore) => {\n  const textBefore = $widgetBefore.text();\n  cy.setSecurityLevels(\n    SECURITY_LEVELS.LOW,\n    SECURITY_LEVELS.HIGH,\n    SECURITY_LEVELS.LOW\n  );\n  cy.wait(1e3);\n  cy.findWidget(\"cia-impact-summary\").then(($widgetAfter) => {\n    const textAfter = $widgetAfter.text();\n    expect(textAfter).not.to.equal(textBefore);\n  });\n});",
              "err": {},
              "uuid": "5f1902aa-a248-4e32-b67f-11adc998c790",
              "parentUUID": "27bc841f-73d2-4032-bafe-92a2109e1949",
              "isHook": false,
              "skipped": false
            }
          ],
          "suites": [],
          "passes": [
            "fdfc4af5-e14c-49c7-9665-91f0fd7c1703",
            "f0a6e915-c31c-4aee-990a-69e1b98959c6",
            "8216030e-e3ad-4ff0-a624-e397e44fab88",
            "5f1902aa-a248-4e32-b67f-11adc998c790"
          ],
          "failures": [],
          "pending": [],
          "skipped": [],
          "duration": 22082,
          "root": false,
          "rootEmpty": false,
          "_timeout": 2000
        }
      ],
      "passes": [],
      "failures": [],
      "pending": [],
      "skipped": [],
      "duration": 0,
      "root": true,
      "rootEmpty": true,
      "_timeout": 2000
    },
    {
      "uuid": "457bff40-8395-4b5f-85f4-b20999977986",
      "title": "",
      "fullFile": "cypress/e2e/widgets/cia-impact-widgets.cy.ts",
      "file": "cypress/e2e/widgets/cia-impact-widgets.cy.ts",
      "beforeHooks": [],
      "afterHooks": [],
      "tests": [],
      "suites": [
        {
          "uuid": "bc20ab42-bd91-405c-bfd7-4e45c10f2d8a",
          "title": "Availability Impact Widget",
          "fullFile": "",
          "file": "",
          "beforeHooks": [],
          "afterHooks": [],
          "tests": [
            {
              "title": "availability-impact widget should exist",
              "fullTitle": "Availability Impact Widget availability-impact widget should exist",
              "timedOut": null,
              "duration": 3729,
              "state": "passed",
              "speed": "fast",
              "pass": true,
              "fail": false,
              "pending": false,
              "context": null,
              "code": "cy.findWidget(widgetName).should(\"exist\").scrollIntoView();\ncy.findWidget(widgetName).then(($widget) => {\n  expect($widget.text().trim().length).to.be.greaterThan(0);\n});",
              "err": {},
              "uuid": "d9cc0503-c9b8-450e-a1ea-b25e838955c5",
              "parentUUID": "bc20ab42-bd91-405c-bfd7-4e45c10f2d8a",
              "isHook": false,
              "skipped": false
            },
            {
              "title": "updates impact assessments when security levels change",
              "fullTitle": "Availability Impact Widget updates impact assessments when security levels change",
              "timedOut": null,
              "duration": 6636,
              "state": "passed",
              "speed": "medium",
              "pass": true,
              "fail": false,
              "pending": false,
              "context": null,
              "code": "testSecurityLevelChanges(widget.id);",
              "err": {},
              "uuid": "aad790ff-fd0d-4ce1-86cc-00a0b4351837",
              "parentUUID": "bc20ab42-bd91-405c-bfd7-4e45c10f2d8a",
              "isHook": false,
              "skipped": false
            },
            {
              "title": "shows detailed ${widget.name.toLowerCase()} impact with high security",
              "fullTitle": "Availability Impact Widget shows detailed ${widget.name.toLowerCase()} impact with high security",
              "timedOut": null,
              "duration": 4801,
              "state": "passed",
              "speed": "fast",
              "pass": true,
              "fail": false,
              "pending": false,
              "context": null,
              "code": "cy.log(`Looking for widget ${widget.id}`);\ncy.findWidget(widget.id).then(($widget) => {\n  if ($widget.length === 0) {\n    cy.log(`⚠️ Widget ${widget.id} not found - skipping test`);\n    return;\n  }\n  cy.wrap($widget).scrollIntoView();\n  const availLevel = widget.id === \"availability-impact\" ? SECURITY_LEVELS.HIGH : SECURITY_LEVELS.MODERATE;\n  const intLevel = widget.id === \"integrity-impact\" ? SECURITY_LEVELS.HIGH : SECURITY_LEVELS.MODERATE;\n  const confLevel = widget.id === \"confidentiality-impact\" ? SECURITY_LEVELS.HIGH : SECURITY_LEVELS.MODERATE;\n  cy.setSecurityLevels(availLevel, intLevel, confLevel);\n  cy.wait(1e3);\n  cy.wrap($widget).then(($updatedWidget) => {\n    const widgetText = $updatedWidget.text().toLowerCase();\n    const hasImpactTerms = /impact|effect|influence|security|protection/i.test(widgetText);\n    let hasSpecificTerms = false;\n    if (Array.isArray(widget.pattern)) {\n      hasSpecificTerms = widget.pattern.some(\n        (pattern) => pattern.test(widgetText)\n      );\n    } else if (widget.pattern instanceof RegExp) {\n      hasSpecificTerms = widget.pattern.test(widgetText);\n    }\n    cy.log(`Widget has impact terms: ${hasImpactTerms}`);\n    cy.log(`Widget has specific terms: ${hasSpecificTerms}`);\n    expect(hasImpactTerms || hasSpecificTerms).to.be.true;\n  });\n});",
              "err": {},
              "uuid": "17ea3fe8-1017-4fc9-ad68-b0923c540bae",
              "parentUUID": "bc20ab42-bd91-405c-bfd7-4e45c10f2d8a",
              "isHook": false,
              "skipped": false
            },
            {
              "title": "displays appropriate recommendations",
              "fullTitle": "Availability Impact Widget displays appropriate recommendations",
              "timedOut": null,
              "duration": 4749,
              "state": "passed",
              "speed": "fast",
              "pass": true,
              "fail": false,
              "pending": false,
              "context": null,
              "code": "cy.findWidget(widget.id).then(($widget) => {\n  if ($widget.length === 0) {\n    cy.log(`⚠️ Widget ${widget.id} not found - skipping test`);\n    return;\n  }\n  cy.wrap($widget).scrollIntoView();\n  cy.setSecurityLevels(\n    SECURITY_LEVELS.HIGH,\n    SECURITY_LEVELS.HIGH,\n    SECURITY_LEVELS.HIGH\n  );\n  cy.wait(1e3);\n  cy.wrap($widget).then(($updatedWidget) => {\n    const widgetText = $updatedWidget.text().toLowerCase();\n    const hasRecommendationTerms = /recommend|suggest|should|implement|consider|best practice/i.test(\n      widgetText\n    );\n    cy.log(`Widget has recommendation terms: ${hasRecommendationTerms}`);\n    if (!hasRecommendationTerms) {\n      cy.log(`Widget text: ${widgetText.substring(0, 200)}...`);\n    }\n    cy.log(`Test completed for ${widget.name}`);\n  });\n});",
              "err": {},
              "uuid": "4edb5bca-53f7-44c3-a683-16dbbafe39cd",
              "parentUUID": "bc20ab42-bd91-405c-bfd7-4e45c10f2d8a",
              "isHook": false,
              "skipped": false
            }
          ],
          "suites": [],
          "passes": [
            "d9cc0503-c9b8-450e-a1ea-b25e838955c5",
            "aad790ff-fd0d-4ce1-86cc-00a0b4351837",
            "17ea3fe8-1017-4fc9-ad68-b0923c540bae",
            "4edb5bca-53f7-44c3-a683-16dbbafe39cd"
          ],
          "failures": [],
          "pending": [],
          "skipped": [],
          "duration": 19915,
          "root": false,
          "rootEmpty": false,
          "_timeout": 2000
        },
        {
          "uuid": "469f70d3-08c1-433f-87d5-36da6f9404c4",
          "title": "Integrity Impact Widget",
          "fullFile": "",
          "file": "",
          "beforeHooks": [],
          "afterHooks": [],
          "tests": [
            {
              "title": "integrity-impact widget should exist",
              "fullTitle": "Integrity Impact Widget integrity-impact widget should exist",
              "timedOut": null,
              "duration": 3140,
              "state": "passed",
              "speed": "fast",
              "pass": true,
              "fail": false,
              "pending": false,
              "context": null,
              "code": "cy.findWidget(widgetName).should(\"exist\").scrollIntoView();\ncy.findWidget(widgetName).then(($widget) => {\n  expect($widget.text().trim().length).to.be.greaterThan(0);\n});",
              "err": {},
              "uuid": "90faa126-6c13-445b-84f8-fb8f22f64cce",
              "parentUUID": "469f70d3-08c1-433f-87d5-36da6f9404c4",
              "isHook": false,
              "skipped": false
            },
            {
              "title": "updates impact assessments when security levels change",
              "fullTitle": "Integrity Impact Widget updates impact assessments when security levels change",
              "timedOut": null,
              "duration": 6552,
              "state": "passed",
              "speed": "medium",
              "pass": true,
              "fail": false,
              "pending": false,
              "context": null,
              "code": "testSecurityLevelChanges(widget.id);",
              "err": {},
              "uuid": "65a87e5d-c229-4d19-a9a6-83da3b5943bb",
              "parentUUID": "469f70d3-08c1-433f-87d5-36da6f9404c4",
              "isHook": false,
              "skipped": false
            },
            {
              "title": "shows detailed ${widget.name.toLowerCase()} impact with high security",
              "fullTitle": "Integrity Impact Widget shows detailed ${widget.name.toLowerCase()} impact with high security",
              "timedOut": null,
              "duration": 4820,
              "state": "passed",
              "speed": "fast",
              "pass": true,
              "fail": false,
              "pending": false,
              "context": null,
              "code": "cy.log(`Looking for widget ${widget.id}`);\ncy.findWidget(widget.id).then(($widget) => {\n  if ($widget.length === 0) {\n    cy.log(`⚠️ Widget ${widget.id} not found - skipping test`);\n    return;\n  }\n  cy.wrap($widget).scrollIntoView();\n  const availLevel = widget.id === \"availability-impact\" ? SECURITY_LEVELS.HIGH : SECURITY_LEVELS.MODERATE;\n  const intLevel = widget.id === \"integrity-impact\" ? SECURITY_LEVELS.HIGH : SECURITY_LEVELS.MODERATE;\n  const confLevel = widget.id === \"confidentiality-impact\" ? SECURITY_LEVELS.HIGH : SECURITY_LEVELS.MODERATE;\n  cy.setSecurityLevels(availLevel, intLevel, confLevel);\n  cy.wait(1e3);\n  cy.wrap($widget).then(($updatedWidget) => {\n    const widgetText = $updatedWidget.text().toLowerCase();\n    const hasImpactTerms = /impact|effect|influence|security|protection/i.test(widgetText);\n    let hasSpecificTerms = false;\n    if (Array.isArray(widget.pattern)) {\n      hasSpecificTerms = widget.pattern.some(\n        (pattern) => pattern.test(widgetText)\n      );\n    } else if (widget.pattern instanceof RegExp) {\n      hasSpecificTerms = widget.pattern.test(widgetText);\n    }\n    cy.log(`Widget has impact terms: ${hasImpactTerms}`);\n    cy.log(`Widget has specific terms: ${hasSpecificTerms}`);\n    expect(hasImpactTerms || hasSpecificTerms).to.be.true;\n  });\n});",
              "err": {},
              "uuid": "49bf9eb7-2e77-43bf-9864-5efcf8a83a73",
              "parentUUID": "469f70d3-08c1-433f-87d5-36da6f9404c4",
              "isHook": false,
              "skipped": false
            },
            {
              "title": "displays appropriate recommendations",
              "fullTitle": "Integrity Impact Widget displays appropriate recommendations",
              "timedOut": null,
              "duration": 4771,
              "state": "passed",
              "speed": "fast",
              "pass": true,
              "fail": false,
              "pending": false,
              "context": null,
              "code": "cy.findWidget(widget.id).then(($widget) => {\n  if ($widget.length === 0) {\n    cy.log(`⚠️ Widget ${widget.id} not found - skipping test`);\n    return;\n  }\n  cy.wrap($widget).scrollIntoView();\n  cy.setSecurityLevels(\n    SECURITY_LEVELS.HIGH,\n    SECURITY_LEVELS.HIGH,\n    SECURITY_LEVELS.HIGH\n  );\n  cy.wait(1e3);\n  cy.wrap($widget).then(($updatedWidget) => {\n    const widgetText = $updatedWidget.text().toLowerCase();\n    const hasRecommendationTerms = /recommend|suggest|should|implement|consider|best practice/i.test(\n      widgetText\n    );\n    cy.log(`Widget has recommendation terms: ${hasRecommendationTerms}`);\n    if (!hasRecommendationTerms) {\n      cy.log(`Widget text: ${widgetText.substring(0, 200)}...`);\n    }\n    cy.log(`Test completed for ${widget.name}`);\n  });\n});",
              "err": {},
              "uuid": "0ce3c70d-18bc-43d0-a18b-d9c0b4ac1fba",
              "parentUUID": "469f70d3-08c1-433f-87d5-36da6f9404c4",
              "isHook": false,
              "skipped": false
            }
          ],
          "suites": [],
          "passes": [
            "90faa126-6c13-445b-84f8-fb8f22f64cce",
            "65a87e5d-c229-4d19-a9a6-83da3b5943bb",
            "49bf9eb7-2e77-43bf-9864-5efcf8a83a73",
            "0ce3c70d-18bc-43d0-a18b-d9c0b4ac1fba"
          ],
          "failures": [],
          "pending": [],
          "skipped": [],
          "duration": 19283,
          "root": false,
          "rootEmpty": false,
          "_timeout": 2000
        },
        {
          "uuid": "7ff6c5ab-eff8-4c9c-87bd-14137d1a9c5b",
          "title": "Confidentiality Impact Widget",
          "fullFile": "",
          "file": "",
          "beforeHooks": [],
          "afterHooks": [],
          "tests": [
            {
              "title": "confidentiality-impact widget should exist",
              "fullTitle": "Confidentiality Impact Widget confidentiality-impact widget should exist",
              "timedOut": null,
              "duration": 3134,
              "state": "passed",
              "speed": "fast",
              "pass": true,
              "fail": false,
              "pending": false,
              "context": null,
              "code": "cy.findWidget(widgetName).should(\"exist\").scrollIntoView();\ncy.findWidget(widgetName).then(($widget) => {\n  expect($widget.text().trim().length).to.be.greaterThan(0);\n});",
              "err": {},
              "uuid": "5c22132b-a412-4236-95ae-6ec4e177dd15",
              "parentUUID": "7ff6c5ab-eff8-4c9c-87bd-14137d1a9c5b",
              "isHook": false,
              "skipped": false
            },
            {
              "title": "updates impact assessments when security levels change",
              "fullTitle": "Confidentiality Impact Widget updates impact assessments when security levels change",
              "timedOut": null,
              "duration": 6546,
              "state": "passed",
              "speed": "medium",
              "pass": true,
              "fail": false,
              "pending": false,
              "context": null,
              "code": "testSecurityLevelChanges(widget.id);",
              "err": {},
              "uuid": "7048ec23-50d8-4127-9251-49cbbf0bcc16",
              "parentUUID": "7ff6c5ab-eff8-4c9c-87bd-14137d1a9c5b",
              "isHook": false,
              "skipped": false
            },
            {
              "title": "shows detailed ${widget.name.toLowerCase()} impact with high security",
              "fullTitle": "Confidentiality Impact Widget shows detailed ${widget.name.toLowerCase()} impact with high security",
              "timedOut": null,
              "duration": 4805,
              "state": "passed",
              "speed": "fast",
              "pass": true,
              "fail": false,
              "pending": false,
              "context": null,
              "code": "cy.log(`Looking for widget ${widget.id}`);\ncy.findWidget(widget.id).then(($widget) => {\n  if ($widget.length === 0) {\n    cy.log(`⚠️ Widget ${widget.id} not found - skipping test`);\n    return;\n  }\n  cy.wrap($widget).scrollIntoView();\n  const availLevel = widget.id === \"availability-impact\" ? SECURITY_LEVELS.HIGH : SECURITY_LEVELS.MODERATE;\n  const intLevel = widget.id === \"integrity-impact\" ? SECURITY_LEVELS.HIGH : SECURITY_LEVELS.MODERATE;\n  const confLevel = widget.id === \"confidentiality-impact\" ? SECURITY_LEVELS.HIGH : SECURITY_LEVELS.MODERATE;\n  cy.setSecurityLevels(availLevel, intLevel, confLevel);\n  cy.wait(1e3);\n  cy.wrap($widget).then(($updatedWidget) => {\n    const widgetText = $updatedWidget.text().toLowerCase();\n    const hasImpactTerms = /impact|effect|influence|security|protection/i.test(widgetText);\n    let hasSpecificTerms = false;\n    if (Array.isArray(widget.pattern)) {\n      hasSpecificTerms = widget.pattern.some(\n        (pattern) => pattern.test(widgetText)\n      );\n    } else if (widget.pattern instanceof RegExp) {\n      hasSpecificTerms = widget.pattern.test(widgetText);\n    }\n    cy.log(`Widget has impact terms: ${hasImpactTerms}`);\n    cy.log(`Widget has specific terms: ${hasSpecificTerms}`);\n    expect(hasImpactTerms || hasSpecificTerms).to.be.true;\n  });\n});",
              "err": {},
              "uuid": "e266be7a-bbf0-4833-952d-fccc6eded20c",
              "parentUUID": "7ff6c5ab-eff8-4c9c-87bd-14137d1a9c5b",
              "isHook": false,
              "skipped": false
            },
            {
              "title": "displays appropriate recommendations",
              "fullTitle": "Confidentiality Impact Widget displays appropriate recommendations",
              "timedOut": null,
              "duration": 4774,
              "state": "passed",
              "speed": "fast",
              "pass": true,
              "fail": false,
              "pending": false,
              "context": null,
              "code": "cy.findWidget(widget.id).then(($widget) => {\n  if ($widget.length === 0) {\n    cy.log(`⚠️ Widget ${widget.id} not found - skipping test`);\n    return;\n  }\n  cy.wrap($widget).scrollIntoView();\n  cy.setSecurityLevels(\n    SECURITY_LEVELS.HIGH,\n    SECURITY_LEVELS.HIGH,\n    SECURITY_LEVELS.HIGH\n  );\n  cy.wait(1e3);\n  cy.wrap($widget).then(($updatedWidget) => {\n    const widgetText = $updatedWidget.text().toLowerCase();\n    const hasRecommendationTerms = /recommend|suggest|should|implement|consider|best practice/i.test(\n      widgetText\n    );\n    cy.log(`Widget has recommendation terms: ${hasRecommendationTerms}`);\n    if (!hasRecommendationTerms) {\n      cy.log(`Widget text: ${widgetText.substring(0, 200)}...`);\n    }\n    cy.log(`Test completed for ${widget.name}`);\n  });\n});",
              "err": {},
              "uuid": "81825d0e-1851-4cb2-8b56-7d584e878456",
              "parentUUID": "7ff6c5ab-eff8-4c9c-87bd-14137d1a9c5b",
              "isHook": false,
              "skipped": false
            }
          ],
          "suites": [],
          "passes": [
            "5c22132b-a412-4236-95ae-6ec4e177dd15",
            "7048ec23-50d8-4127-9251-49cbbf0bcc16",
            "e266be7a-bbf0-4833-952d-fccc6eded20c",
            "81825d0e-1851-4cb2-8b56-7d584e878456"
          ],
          "failures": [],
          "pending": [],
          "skipped": [],
          "duration": 19259,
          "root": false,
          "rootEmpty": false,
          "_timeout": 2000
        }
      ],
      "passes": [],
      "failures": [],
      "pending": [],
      "skipped": [],
      "duration": 0,
      "root": true,
      "rootEmpty": true,
      "_timeout": 2000
    },
    {
      "uuid": "619fdf87-1d89-4d8d-bfed-8dc89de418ea",
      "title": "",
      "fullFile": "cypress/e2e/widgets/confidentiality-impact-widget.cy.ts",
      "file": "cypress/e2e/widgets/confidentiality-impact-widget.cy.ts",
      "beforeHooks": [],
      "afterHooks": [],
      "tests": [],
      "suites": [
        {
          "uuid": "46a03b3b-4526-49b8-90fa-62d5543684b2",
          "title": "Confidentiality Impact Widget",
          "fullFile": "",
          "file": "",
          "beforeHooks": [],
          "afterHooks": [],
          "tests": [
            {
              "title": "confidentiality-impact widget should exist",
              "fullTitle": "Confidentiality Impact Widget confidentiality-impact widget should exist",
              "timedOut": null,
              "duration": 3581,
              "state": "passed",
              "speed": "fast",
              "pass": true,
              "fail": false,
              "pending": false,
              "context": null,
              "code": "cy.findWidget(widgetName).should(\"exist\").scrollIntoView();\ncy.findWidget(widgetName).then(($widget) => {\n  expect($widget.text().trim().length).to.be.greaterThan(0);\n});",
              "err": {},
              "uuid": "4916c1f3-8f02-4d58-978e-627349601ec5",
              "parentUUID": "46a03b3b-4526-49b8-90fa-62d5543684b2",
              "isHook": false,
              "skipped": false
            },
            {
              "title": "updates content when security levels change",
              "fullTitle": "Confidentiality Impact Widget updates content when security levels change",
              "timedOut": null,
              "duration": 6559,
              "state": "passed",
              "speed": "medium",
              "pass": true,
              "fail": false,
              "pending": false,
              "context": null,
              "code": "testSecurityLevelChanges(\"confidentiality-impact\");",
              "err": {},
              "uuid": "441c7085-7adb-4b29-b720-0dbaa684a61f",
              "parentUUID": "46a03b3b-4526-49b8-90fa-62d5543684b2",
              "isHook": false,
              "skipped": false
            },
            {
              "title": "displays detailed confidentiality impacts with high security",
              "fullTitle": "Confidentiality Impact Widget displays detailed confidentiality impacts with high security",
              "timedOut": null,
              "duration": 4838,
              "state": "passed",
              "speed": "fast",
              "pass": true,
              "fail": false,
              "pending": false,
              "context": null,
              "code": "cy.findWidget(\"confidentiality-impact\").scrollIntoView();\ncy.setSecurityLevels(\n  SECURITY_LEVELS.MODERATE,\n  SECURITY_LEVELS.MODERATE,\n  SECURITY_LEVELS.HIGH\n  // High confidentiality\n);\ncy.wait(1e3);\ncy.findWidget(\"confidentiality-impact\").within(() => {\n  cy.contains(\n    /privacy|data protection|sensitive|confidential|encrypt/i\n  ).should(\"exist\");\n});",
              "err": {},
              "uuid": "f1fe61db-6ed8-42bd-a252-47c2942324dc",
              "parentUUID": "46a03b3b-4526-49b8-90fa-62d5543684b2",
              "isHook": false,
              "skipped": false
            },
            {
              "title": "provides appropriate confidentiality recommendations",
              "fullTitle": "Confidentiality Impact Widget provides appropriate confidentiality recommendations",
              "timedOut": null,
              "duration": 4790,
              "state": "passed",
              "speed": "fast",
              "pass": true,
              "fail": false,
              "pending": false,
              "context": null,
              "code": "cy.findWidget(\"confidentiality-impact\").scrollIntoView();\ncy.setSecurityLevels(\n  SECURITY_LEVELS.HIGH,\n  SECURITY_LEVELS.HIGH,\n  SECURITY_LEVELS.HIGH\n);\ncy.wait(1e3);\ncy.findWidget(\"confidentiality-impact\").within(() => {\n  cy.contains(/recommend|suggest|practice|implement/i).should(\"exist\");\n});",
              "err": {},
              "uuid": "4e461d5e-8412-4259-b2db-e9b62208abda",
              "parentUUID": "46a03b3b-4526-49b8-90fa-62d5543684b2",
              "isHook": false,
              "skipped": false
            }
          ],
          "suites": [],
          "passes": [
            "4916c1f3-8f02-4d58-978e-627349601ec5",
            "441c7085-7adb-4b29-b720-0dbaa684a61f",
            "f1fe61db-6ed8-42bd-a252-47c2942324dc",
            "4e461d5e-8412-4259-b2db-e9b62208abda"
          ],
          "failures": [],
          "pending": [],
          "skipped": [],
          "duration": 19768,
          "root": false,
          "rootEmpty": false,
          "_timeout": 2000
        }
      ],
      "passes": [],
      "failures": [],
      "pending": [],
      "skipped": [],
      "duration": 0,
      "root": true,
      "rootEmpty": true,
      "_timeout": 2000
    },
    {
      "uuid": "bd97533a-7de2-426c-a962-2c3e6c490731",
      "title": "",
      "fullFile": "cypress/e2e/widgets/integrity-impact-widget.cy.ts",
      "file": "cypress/e2e/widgets/integrity-impact-widget.cy.ts",
      "beforeHooks": [],
      "afterHooks": [],
      "tests": [],
      "suites": [
        {
          "uuid": "e57eb636-e5b6-4f60-9eae-8d3e6830fac4",
          "title": "Integrity Impact Widget",
          "fullFile": "",
          "file": "",
          "beforeHooks": [],
          "afterHooks": [],
          "tests": [
            {
              "title": "integrity-impact widget should exist",
              "fullTitle": "Integrity Impact Widget integrity-impact widget should exist",
              "timedOut": null,
              "duration": 3721,
              "state": "passed",
              "speed": "fast",
              "pass": true,
              "fail": false,
              "pending": false,
              "context": null,
              "code": "cy.findWidget(widgetName).should(\"exist\").scrollIntoView();\ncy.findWidget(widgetName).then(($widget) => {\n  expect($widget.text().trim().length).to.be.greaterThan(0);\n});",
              "err": {},
              "uuid": "3b9c9dec-2b47-4713-99b5-d520f1dd7dee",
              "parentUUID": "e57eb636-e5b6-4f60-9eae-8d3e6830fac4",
              "isHook": false,
              "skipped": false
            },
            {
              "title": "updates content when security levels change",
              "fullTitle": "Integrity Impact Widget updates content when security levels change",
              "timedOut": null,
              "duration": 6620,
              "state": "passed",
              "speed": "medium",
              "pass": true,
              "fail": false,
              "pending": false,
              "context": null,
              "code": "testSecurityLevelChanges(\"integrity-impact\");",
              "err": {},
              "uuid": "cf7cfbef-c614-44d2-aba1-382eb68e0585",
              "parentUUID": "e57eb636-e5b6-4f60-9eae-8d3e6830fac4",
              "isHook": false,
              "skipped": false
            },
            {
              "title": "displays detailed integrity impacts with high security",
              "fullTitle": "Integrity Impact Widget displays detailed integrity impacts with high security",
              "timedOut": null,
              "duration": 4846,
              "state": "passed",
              "speed": "fast",
              "pass": true,
              "fail": false,
              "pending": false,
              "context": null,
              "code": "cy.findWidget(\"integrity-impact\").scrollIntoView();\ncy.setSecurityLevels(\n  SECURITY_LEVELS.MODERATE,\n  SECURITY_LEVELS.HIGH,\n  // High integrity\n  SECURITY_LEVELS.MODERATE\n);\ncy.wait(1e3);\ncy.findWidget(\"integrity-impact\").within(() => {\n  cy.contains(/accuracy|validation|authenticity|correct|trusted/i).should(\n    \"exist\"\n  );\n});",
              "err": {},
              "uuid": "4c61719f-dde7-4485-a419-b8c719d58620",
              "parentUUID": "e57eb636-e5b6-4f60-9eae-8d3e6830fac4",
              "isHook": false,
              "skipped": false
            },
            {
              "title": "provides appropriate integrity recommendations",
              "fullTitle": "Integrity Impact Widget provides appropriate integrity recommendations",
              "timedOut": null,
              "duration": 4844,
              "state": "passed",
              "speed": "fast",
              "pass": true,
              "fail": false,
              "pending": false,
              "context": null,
              "code": "cy.findWidget(\"integrity-impact\").scrollIntoView();\ncy.setSecurityLevels(\n  SECURITY_LEVELS.HIGH,\n  SECURITY_LEVELS.HIGH,\n  SECURITY_LEVELS.HIGH\n);\ncy.wait(1e3);\ncy.findWidget(\"integrity-impact\").within(() => {\n  cy.contains(/recommend|suggest|practice|implement/i).should(\"exist\");\n});",
              "err": {},
              "uuid": "a83a738a-df6b-423f-804c-553a6a4fb442",
              "parentUUID": "e57eb636-e5b6-4f60-9eae-8d3e6830fac4",
              "isHook": false,
              "skipped": false
            }
          ],
          "suites": [],
          "passes": [
            "3b9c9dec-2b47-4713-99b5-d520f1dd7dee",
            "cf7cfbef-c614-44d2-aba1-382eb68e0585",
            "4c61719f-dde7-4485-a419-b8c719d58620",
            "a83a738a-df6b-423f-804c-553a6a4fb442"
          ],
          "failures": [],
          "pending": [],
          "skipped": [],
          "duration": 20031,
          "root": false,
          "rootEmpty": false,
          "_timeout": 2000
        }
      ],
      "passes": [],
      "failures": [],
      "pending": [],
      "skipped": [],
      "duration": 0,
      "root": true,
      "rootEmpty": true,
      "_timeout": 2000
    },
    {
      "uuid": "887669ab-3ee5-4fea-a645-86baa8695df4",
      "title": "",
      "fullFile": "cypress/e2e/widgets/radar-chart-widget.cy.ts",
      "file": "cypress/e2e/widgets/radar-chart-widget.cy.ts",
      "beforeHooks": [],
      "afterHooks": [],
      "tests": [],
      "suites": [
        {
          "uuid": "e1681deb-389c-4a0f-a531-0935baf7e8ec",
          "title": "Radar Chart Widget",
          "fullFile": "",
          "file": "",
          "beforeHooks": [],
          "afterHooks": [],
          "tests": [
            {
              "title": "radar-chart widget should exist",
              "fullTitle": "Radar Chart Widget radar-chart widget should exist",
              "timedOut": null,
              "duration": 3643,
              "state": "passed",
              "speed": "fast",
              "pass": true,
              "fail": false,
              "pending": false,
              "context": null,
              "code": "cy.findWidget(widgetName).should(\"exist\").scrollIntoView();\ncy.findWidget(widgetName).then(($widget) => {\n  expect($widget.text().trim().length).to.be.greaterThan(0);\n});",
              "err": {},
              "uuid": "2e645e57-1923-4396-811b-b9c0f830fffd",
              "parentUUID": "e1681deb-389c-4a0f-a531-0935baf7e8ec",
              "isHook": false,
              "skipped": false
            },
            {
              "title": "updates chart visualization when security levels change",
              "fullTitle": "Radar Chart Widget updates chart visualization when security levels change",
              "timedOut": null,
              "duration": 6589,
              "state": "passed",
              "speed": "medium",
              "pass": true,
              "fail": false,
              "pending": false,
              "context": null,
              "code": "testSecurityLevelChanges(\"radar-chart\");",
              "err": {},
              "uuid": "66d8d30c-d623-49cd-90a4-adbe369d8164",
              "parentUUID": "e1681deb-389c-4a0f-a531-0935baf7e8ec",
              "isHook": false,
              "skipped": false
            },
            {
              "title": "displays a radar chart with data points",
              "fullTitle": "Radar Chart Widget displays a radar chart with data points",
              "timedOut": null,
              "duration": 3867,
              "state": "passed",
              "speed": "fast",
              "pass": true,
              "fail": false,
              "pending": false,
              "context": null,
              "code": "cy.findWidget(\"radar-chart\").scrollIntoView();\ncy.setSecurityLevels(\n  SECURITY_LEVELS.MODERATE,\n  SECURITY_LEVELS.MODERATE,\n  SECURITY_LEVELS.MODERATE\n);\ncy.findWidget(\"radar-chart\").within(() => {\n  cy.get(\"svg, canvas, [data-testid*='chart'], [class*='chart']\").should(\n    \"exist\"\n  );\n  cy.contains(/availability|integrity|confidentiality/i).should(\"exist\");\n});",
              "err": {},
              "uuid": "50cd7df3-a0d5-47b0-a3a4-bbc655709dea",
              "parentUUID": "e1681deb-389c-4a0f-a531-0935baf7e8ec",
              "isHook": false,
              "skipped": false
            },
            {
              "title": "displays asymmetric chart with mixed security levels",
              "fullTitle": "Radar Chart Widget displays asymmetric chart with mixed security levels",
              "timedOut": null,
              "duration": 8286,
              "state": "passed",
              "speed": "medium",
              "pass": true,
              "fail": false,
              "pending": false,
              "context": null,
              "code": "cy.findWidget(\"radar-chart\").scrollIntoView();\ncy.setSecurityLevels(\n  SECURITY_LEVELS.HIGH,\n  SECURITY_LEVELS.LOW,\n  SECURITY_LEVELS.MODERATE\n);\ncy.findWidget(\"radar-chart\").screenshot(\"mixed-security-radar\");\ncy.setSecurityLevels(\n  SECURITY_LEVELS.MODERATE,\n  SECURITY_LEVELS.MODERATE,\n  SECURITY_LEVELS.MODERATE\n);\ncy.findWidget(\"radar-chart\").invoke(\"text\").should(\"not.be.empty\");",
              "err": {},
              "uuid": "922bccc4-2a24-4e11-994d-666eb5b03c83",
              "parentUUID": "e1681deb-389c-4a0f-a531-0935baf7e8ec",
              "isHook": false,
              "skipped": false
            },
            {
              "title": "displays visual security level or risk indicators",
              "fullTitle": "Radar Chart Widget displays visual security level or risk indicators",
              "timedOut": null,
              "duration": 3881,
              "state": "passed",
              "speed": "fast",
              "pass": true,
              "fail": false,
              "pending": false,
              "context": null,
              "code": "cy.findWidget(\"radar-chart\").scrollIntoView();\ncy.setSecurityLevels(\n  SECURITY_LEVELS.HIGH,\n  SECURITY_LEVELS.HIGH,\n  SECURITY_LEVELS.HIGH\n);\ncy.findWidget(\"radar-chart\").within(() => {\n  cy.contains(/high|5|[4-5]\\/5|\\d+%|strong|robust/i).should(\"exist\");\n});",
              "err": {},
              "uuid": "71c63973-1fd3-4652-a9d4-e7a2c3c11e9b",
              "parentUUID": "e1681deb-389c-4a0f-a531-0935baf7e8ec",
              "isHook": false,
              "skipped": false
            }
          ],
          "suites": [],
          "passes": [
            "2e645e57-1923-4396-811b-b9c0f830fffd",
            "66d8d30c-d623-49cd-90a4-adbe369d8164",
            "50cd7df3-a0d5-47b0-a3a4-bbc655709dea",
            "922bccc4-2a24-4e11-994d-666eb5b03c83",
            "71c63973-1fd3-4652-a9d4-e7a2c3c11e9b"
          ],
          "failures": [],
          "pending": [],
          "skipped": [],
          "duration": 26266,
          "root": false,
          "rootEmpty": false,
          "_timeout": 2000
        }
      ],
      "passes": [],
      "failures": [],
      "pending": [],
      "skipped": [],
      "duration": 0,
      "root": true,
      "rootEmpty": true,
      "_timeout": 2000
    },
    {
      "uuid": "ca3951cf-7c8a-4354-8d76-f291f0e5b25e",
      "title": "",
      "fullFile": "cypress/e2e/widgets/technical-details-widget.cy.ts",
      "file": "cypress/e2e/widgets/technical-details-widget.cy.ts",
      "beforeHooks": [],
      "afterHooks": [],
      "tests": [],
      "suites": [
        {
          "uuid": "8310e630-ea00-429b-85ff-63528ea66934",
          "title": "Technical Details Widget",
          "fullFile": "",
          "file": "",
          "beforeHooks": [],
          "afterHooks": [],
          "tests": [
            {
              "title": "technical-details widget should exist",
              "fullTitle": "Technical Details Widget technical-details widget should exist",
              "timedOut": null,
              "duration": 3598,
              "state": "passed",
              "speed": "fast",
              "pass": true,
              "fail": false,
              "pending": false,
              "context": null,
              "code": "cy.findWidget(widgetName).should(\"exist\").scrollIntoView();\ncy.findWidget(widgetName).then(($widget) => {\n  expect($widget.text().trim().length).to.be.greaterThan(0);\n});",
              "err": {},
              "uuid": "1adc3422-dfda-4c47-a55e-32bced9ebc34",
              "parentUUID": "8310e630-ea00-429b-85ff-63528ea66934",
              "isHook": false,
              "skipped": false
            },
            {
              "title": "updates technical details when security levels change",
              "fullTitle": "Technical Details Widget updates technical details when security levels change",
              "timedOut": null,
              "duration": 6611,
              "state": "passed",
              "speed": "medium",
              "pass": true,
              "fail": false,
              "pending": false,
              "context": null,
              "code": "testSecurityLevelChanges(\"technical-details\");",
              "err": {},
              "uuid": "4c13ee6c-5a91-4bc1-9fdf-1314d9e3ce14",
              "parentUUID": "8310e630-ea00-429b-85ff-63528ea66934",
              "isHook": false,
              "skipped": false
            },
            {
              "title": "switches between CIA tabs if present",
              "fullTitle": "Technical Details Widget switches between CIA tabs if present",
              "timedOut": null,
              "duration": 4819,
              "state": "passed",
              "speed": "fast",
              "pass": true,
              "fail": false,
              "pending": false,
              "context": null,
              "code": "cy.findWidget(\"technical-details\").scrollIntoView();\ncy.findWidget(\"technical-details\").then(($widget) => {\n  const hasTabs = $widget.find(\n    '[role=\"tab\"], button:contains(\"Availability\"), button:contains(\"Integrity\")'\n  ).length > 0;\n  if (hasTabs) {\n    testWidgetTabSwitching(\"technical-details\");\n  } else {\n    cy.log(\"No tabs found in technical details widget - skipping tab test\");\n  }\n});",
              "err": {},
              "uuid": "1202b157-4e7f-41a6-a3c2-4ec20e7f61a1",
              "parentUUID": "8310e630-ea00-429b-85ff-63528ea66934",
              "isHook": false,
              "skipped": false
            },
            {
              "title": "displays implementation steps for selected security levels",
              "fullTitle": "Technical Details Widget displays implementation steps for selected security levels",
              "timedOut": null,
              "duration": 3850,
              "state": "passed",
              "speed": "fast",
              "pass": true,
              "fail": false,
              "pending": false,
              "context": null,
              "code": "cy.findWidget(\"technical-details\").scrollIntoView();\ncy.setSecurityLevels(\n  SECURITY_LEVELS.MODERATE,\n  SECURITY_LEVELS.MODERATE,\n  SECURITY_LEVELS.MODERATE\n);\ncy.findWidget(\"technical-details\").within(() => {\n  cy.contains(/implementation|step|instructions|how to|procedure/i).should(\n    \"exist\"\n  );\n  cy.get(\"ol li, ul li, [data-testid*='step'], [class*='step']\").should(\n    \"have.length.at.least\",\n    1\n  );\n});",
              "err": {},
              "uuid": "370e1369-356f-4019-9fa5-893f205d006f",
              "parentUUID": "8310e630-ea00-429b-85ff-63528ea66934",
              "isHook": false,
              "skipped": false
            },
            {
              "title": "provides security-appropriate technical recommendations",
              "fullTitle": "Technical Details Widget provides security-appropriate technical recommendations",
              "timedOut": null,
              "duration": 4596,
              "state": "passed",
              "speed": "fast",
              "pass": true,
              "fail": false,
              "pending": false,
              "context": null,
              "code": "cy.findWidget(\"technical-details\").scrollIntoView();\ncy.setSecurityLevels(\n  SECURITY_LEVELS.HIGH,\n  SECURITY_LEVELS.HIGH,\n  SECURITY_LEVELS.HIGH\n);\ncy.findWidget(\"technical-details\").within(() => {\n  cy.contains(\n    /encryption|authentication|authorization|audit|monitoring|redundancy/i\n  ).should(\"exist\");\n});\ncy.setSecurityLevels(\n  SECURITY_LEVELS.LOW,\n  SECURITY_LEVELS.LOW,\n  SECURITY_LEVELS.LOW\n);\ncy.findWidget(\"technical-details\").within(() => {\n  cy.contains(/password|backup|update|patch|basic/i).should(\"exist\");\n});",
              "err": {},
              "uuid": "2535b2ca-4fdd-4b49-9ee0-3ff405be00d7",
              "parentUUID": "8310e630-ea00-429b-85ff-63528ea66934",
              "isHook": false,
              "skipped": false
            }
          ],
          "suites": [],
          "passes": [
            "1adc3422-dfda-4c47-a55e-32bced9ebc34",
            "4c13ee6c-5a91-4bc1-9fdf-1314d9e3ce14",
            "1202b157-4e7f-41a6-a3c2-4ec20e7f61a1",
            "370e1369-356f-4019-9fa5-893f205d006f",
            "2535b2ca-4fdd-4b49-9ee0-3ff405be00d7"
          ],
          "failures": [],
          "pending": [],
          "skipped": [],
          "duration": 23474,
          "root": false,
          "rootEmpty": false,
          "_timeout": 2000
        }
      ],
      "passes": [],
      "failures": [],
      "pending": [],
      "skipped": [],
      "duration": 0,
      "root": true,
      "rootEmpty": true,
      "_timeout": 2000
    },
    {
      "uuid": "8380bbb7-ce04-43b7-b6ce-aea98a495c62",
      "title": "",
      "fullFile": "cypress/e2e/widgets/technical-implementation-widget.cy.ts",
      "file": "cypress/e2e/widgets/technical-implementation-widget.cy.ts",
      "beforeHooks": [],
      "afterHooks": [],
      "tests": [],
      "suites": [
        {
          "uuid": "4ed78bd3-9b64-4af3-8438-cc049f1e934f",
          "title": "Technical Implementation Widget Tests",
          "fullFile": "",
          "file": "",
          "beforeHooks": [],
          "afterHooks": [],
          "tests": [
            {
              "title": "shows technical implementation details for security levels",
              "fullTitle": "Technical Implementation Widget Tests shows technical implementation details for security levels",
              "timedOut": null,
              "duration": 1734,
              "state": "passed",
              "speed": "fast",
              "pass": true,
              "fail": false,
              "pending": false,
              "context": null,
              "code": "cy.setSecurityLevels(\n  SECURITY_LEVELS.MODERATE,\n  SECURITY_LEVELS.MODERATE,\n  SECURITY_LEVELS.MODERATE\n);\ncy.get('[data-testid=\"technical-details-widget\"]').should(\"exist\").scrollIntoView();\ncy.verifyContentPresent([/technical|implementation|detail/i]);",
              "err": {},
              "uuid": "3a4540f9-2f07-4ad5-898c-e20d747903c4",
              "parentUUID": "4ed78bd3-9b64-4af3-8438-cc049f1e934f",
              "isHook": false,
              "skipped": false
            },
            {
              "title": "updates implementation details when security levels change",
              "fullTitle": "Technical Implementation Widget Tests updates implementation details when security levels change",
              "timedOut": null,
              "duration": 2237,
              "state": "passed",
              "speed": "fast",
              "pass": true,
              "fail": false,
              "pending": false,
              "context": null,
              "code": "testWidgetUpdatesWithSecurityLevels(\n  '[data-testid=\"technical-details-widget\"]',\n  {\n    initialLevels: [\n      SECURITY_LEVELS.LOW,\n      SECURITY_LEVELS.LOW,\n      SECURITY_LEVELS.LOW\n    ],\n    newLevels: [\n      SECURITY_LEVELS.HIGH,\n      SECURITY_LEVELS.HIGH,\n      SECURITY_LEVELS.HIGH\n    ],\n    expectTextChange: true\n  }\n);",
              "err": {},
              "uuid": "f9719872-e2bd-4972-a77c-dd35230a6f30",
              "parentUUID": "4ed78bd3-9b64-4af3-8438-cc049f1e934f",
              "isHook": false,
              "skipped": false
            },
            {
              "title": "allows switching between confidentiality, integrity, and availability sections",
              "fullTitle": "Technical Implementation Widget Tests allows switching between confidentiality, integrity, and availability sections",
              "timedOut": null,
              "duration": 2145,
              "state": "passed",
              "speed": "fast",
              "pass": true,
              "fail": false,
              "pending": false,
              "context": null,
              "code": "cy.setSecurityLevels(\n  SECURITY_LEVELS.MODERATE,\n  SECURITY_LEVELS.MODERATE,\n  SECURITY_LEVELS.MODERATE\n);\ncy.get('[data-testid=\"technical-details-widget\"]').scrollIntoView().within(() => {\n  cy.get('[data-testid=\"availability-tab-button\"]').click();\n  cy.wait(300);\n  cy.get('[data-testid=\"integrity-tab-button\"]').click();\n  cy.wait(300);\n  cy.get('[data-testid=\"confidentiality-tab-button\"]').click();\n  cy.wait(300);\n});\ncy.verifyContentPresent([\n  /confidentiality/i,\n  /protection|security|sensitive/i\n]);",
              "err": {},
              "uuid": "561e71aa-010b-48cb-99aa-c76f6a43975d",
              "parentUUID": "4ed78bd3-9b64-4af3-8438-cc049f1e934f",
              "isHook": false,
              "skipped": false
            },
            {
              "title": "shows implementation requirements for different security levels",
              "fullTitle": "Technical Implementation Widget Tests shows implementation requirements for different security levels",
              "timedOut": null,
              "duration": 1060,
              "state": "passed",
              "speed": "fast",
              "pass": true,
              "fail": false,
              "pending": false,
              "context": null,
              "code": "cy.setSecurityLevels(\n  SECURITY_LEVELS.HIGH,\n  SECURITY_LEVELS.HIGH,\n  SECURITY_LEVELS.HIGH\n);\ncy.get('[data-testid=\"technical-details-widget\"]').scrollIntoView();\ncy.verifyContentPresent([\n  /requirement|implement|solution|approach/i,\n  /high|advanced|enhanced/i\n]);",
              "err": {},
              "uuid": "58ce5db1-3eb7-43f8-9763-6f758385ba9d",
              "parentUUID": "4ed78bd3-9b64-4af3-8438-cc049f1e934f",
              "isHook": false,
              "skipped": false
            }
          ],
          "suites": [],
          "passes": [
            "3a4540f9-2f07-4ad5-898c-e20d747903c4",
            "f9719872-e2bd-4972-a77c-dd35230a6f30",
            "561e71aa-010b-48cb-99aa-c76f6a43975d",
            "58ce5db1-3eb7-43f8-9763-6f758385ba9d"
          ],
          "failures": [],
          "pending": [],
          "skipped": [],
          "duration": 7176,
          "root": false,
          "rootEmpty": false,
          "_timeout": 2000
        }
      ],
      "passes": [],
      "failures": [],
      "pending": [],
      "skipped": [],
      "duration": 0,
      "root": true,
      "rootEmpty": true,
      "_timeout": 2000
    },
    {
      "uuid": "23d72e20-6b71-4f4c-b57c-cc7c446457dc",
      "title": "",
      "fullFile": "cypress/e2e/security/security-level-transitions.cy.ts",
      "file": "cypress/e2e/security/security-level-transitions.cy.ts",
      "beforeHooks": [],
      "afterHooks": [],
      "tests": [],
      "suites": [
        {
          "uuid": "c723e7f3-79a8-4b49-9ab5-0b7e502907a2",
          "title": "Security Level Transitions",
          "fullFile": "",
          "file": "",
          "beforeHooks": [],
          "afterHooks": [],
          "tests": [
            {
              "title": "maintains application integrity during security level changes",
              "fullTitle": "Security Level Transitions maintains application integrity during security level changes",
              "timedOut": null,
              "duration": 10594,
              "state": "passed",
              "speed": "slow",
              "pass": true,
              "fail": false,
              "pending": false,
              "context": null,
              "code": "const securityTransitions = [\n  // Test dramatic change (low to high)\n  {\n    from: [SECURITY_LEVELS.LOW, SECURITY_LEVELS.LOW, SECURITY_LEVELS.LOW],\n    to: [SECURITY_LEVELS.HIGH, SECURITY_LEVELS.HIGH, SECURITY_LEVELS.HIGH]\n  },\n  // Test mixed security levels\n  {\n    from: [\n      SECURITY_LEVELS.HIGH,\n      SECURITY_LEVELS.HIGH,\n      SECURITY_LEVELS.HIGH\n    ],\n    to: [\n      SECURITY_LEVELS.HIGH,\n      SECURITY_LEVELS.LOW,\n      SECURITY_LEVELS.MODERATE\n    ]\n  }\n];\nfor (const transition of securityTransitions) {\n  cy.log(`Testing transition from ${transition.from} to ${transition.to}`);\n  cy.get(\"body\").then(($body) => {\n    if ($body.find(\"select\").length >= 3) {\n      cy.get(\"select\").eq(0).select(transition.from[0], { force: true });\n      cy.wait(300);\n      cy.get(\"select\").eq(1).select(transition.from[1], { force: true });\n      cy.wait(300);\n      cy.get(\"select\").eq(2).select(transition.from[2], { force: true });\n    } else {\n      cy.setSecurityLevels(...transition.from);\n    }\n  });\n  cy.wait(1e3);\n  cy.screenshot(`transition-initial-${transition.from.join(\"-\")}`);\n  cy.log(\"Verifying initial widget state\");\n  let initialWidgetFound = false;\n  cy.get(\"body\").then(($body) => {\n    const summarySelectors = [\n      '[data-testid=\"widget-security-summary\"]',\n      '[data-testid=\"security-summary\"]',\n      '[data-testid*=\"security\"][data-testid*=\"summary\"]'\n    ];\n    for (const selector of summarySelectors) {\n      if ($body.find(selector).length > 0) {\n        initialWidgetFound = true;\n        cy.log(`Found security summary with selector: ${selector}`);\n        cy.get(selector).should(\"exist\").as(\"securitySummary\");\n        break;\n      }\n    }\n    if (!initialWidgetFound) {\n      cy.log(\"⚠️ Could not find security summary widget\");\n      cy.get(\"body\").as(\"securitySummary\");\n    }\n  });\n  cy.get(\"body\").should(\"not.contain.text\", \"undefined\");\n  cy.get(\"body\").should(\"not.contain.text\", \"NaN\");\n  cy.get(\"body\").invoke(\"text\").as(\"initialBodyText\");\n  cy.log(`Changing to security levels: ${transition.to}`);\n  cy.get(\"body\").then(($body) => {\n    if ($body.find(\"select\").length >= 3) {\n      cy.get(\"select\").eq(0).select(transition.to[0], { force: true });\n      cy.wait(300);\n      cy.get(\"select\").eq(1).select(transition.to[1], { force: true });\n      cy.wait(300);\n      cy.get(\"select\").eq(2).select(transition.to[2], { force: true });\n    } else {\n      cy.setSecurityLevels(...transition.to);\n    }\n  });\n  cy.wait(1e3);\n  cy.screenshot(`transition-after-${transition.to.join(\"-\")}`);\n  if (initialWidgetFound) {\n    cy.get(\"@securitySummary\").should(\"exist\");\n  }\n  cy.get(\"body\").invoke(\"text\").then((newBodyText) => {\n    cy.get(\"@initialBodyText\").then((initialBodyText) => {\n      if (newBodyText !== initialBodyText) {\n        cy.log(\"✓ Page content changed after security level transition\");\n      } else {\n        cy.log(\"⚠️ Page content did not change after transition\");\n      }\n    });\n  });\n  cy.get(\"body\").should(\"not.contain.text\", \"undefined\");\n  cy.get(\"body\").should(\"not.contain.text\", \"NaN\");\n  cy.get(\"body\").should(\"not.contain.text\", \"Error\");\n  cy.window().then((win) => {\n    if (win.consoleErrors && win.consoleErrors.length > 0) {\n      cy.log(`⚠️ Console errors found: ${win.consoleErrors.length}`);\n      win.consoleErrors.forEach((err, i) => {\n        if (i < 3) {\n          cy.log(`Error ${i + 1}: ${err.substring(0, 100)}...`);\n        }\n      });\n    } else {\n      cy.log(\"✓ No console errors detected\");\n    }\n  });\n}",
              "err": {},
              "uuid": "1c244722-8573-4820-a9ac-f23064a0ab21",
              "parentUUID": "c723e7f3-79a8-4b49-9ab5-0b7e502907a2",
              "isHook": false,
              "skipped": false
            }
          ],
          "suites": [],
          "passes": [
            "1c244722-8573-4820-a9ac-f23064a0ab21"
          ],
          "failures": [],
          "pending": [],
          "skipped": [],
          "duration": 10594,
          "root": false,
          "rootEmpty": false,
          "_timeout": 2000
        }
      ],
      "passes": [],
      "failures": [],
      "pending": [],
      "skipped": [],
      "duration": 0,
      "root": true,
      "rootEmpty": true,
      "_timeout": 2000
    }
  ],
  "meta": {
    "mocha": {
      "version": "7.0.1"
    },
    "mochawesome": {
      "options": {
        "quiet": false,
        "reportFilename": "mochawesome",
        "saveHtml": true,
        "saveJson": true,
        "consoleReporter": "spec",
        "useInlineDiffs": false,
        "code": true
      },
      "version": "7.1.3"
    },
    "marge": {
      "options": {
        "id": "default",
        "reportDir": "docs/cypress/mochawesome",
        "overwrite": false,
        "html": true,
        "json": true,
        "code": true,
        "timestamp": "mmddyyyy_HHMMss",
        "charts": true,
        "showHooks": "failed",
        "embeddedScreenshots": true
      },
      "version": "6.2.0"
    }
  }
}