{
  "stats": {
    "suites": 25,
    "tests": 227,
    "passes": 227,
    "pending": 0,
    "failures": 0,
    "testsRegistered": 227,
    "passPercent": 100,
    "pendingPercent": 0,
    "other": 0,
    "hasOther": false,
    "skipped": 0,
    "hasSkipped": false,
    "start": "2026-09-22T21:35:33.090Z",
    "end": "2026-09-22T21:43:23.451Z",
    "duration": 470361
  },
  "results": [
    {
      "uuid": "592f950a-00cb-4b4b-a0d1-61cc03cc2c7a",
      "title": "",
      "fullFile": "cypress/e2e/accessibility.cy.ts",
      "file": "cypress/e2e/accessibility.cy.ts",
      "beforeHooks": [],
      "afterHooks": [],
      "tests": [],
      "suites": [
        {
          "uuid": "e090e1aa-a91c-4ab3-b10e-0b21fe4d154e",
          "title": "Accessibility - WCAG 2.1 AA Compliance",
          "fullFile": "",
          "file": "",
          "beforeHooks": [],
          "afterHooks": [],
          "tests": [],
          "suites": [
            {
              "uuid": "844b89eb-c690-4cc8-b8ed-b910707829cc",
              "title": "Page Structure and Landmarks",
              "fullFile": "",
              "file": "",
              "beforeHooks": [],
              "afterHooks": [],
              "tests": [
                {
                  "title": "should have a valid HTML document structure",
                  "fullTitle": "Accessibility - WCAG 2.1 AA Compliance Page Structure and Landmarks should have a valid HTML document structure",
                  "timedOut": null,
                  "duration": 1337,
                  "state": "passed",
                  "speed": "fast",
                  "pass": true,
                  "fail": false,
                  "pending": false,
                  "context": null,
                  "code": "// Check for html lang attribute\ncy.get('html').should('have.attr', 'lang');\n// Verify document has a title\ncy.title().should('not.be.empty');",
                  "err": {},
                  "uuid": "38b1a7c8-47e5-4861-89d9-6b4ee59ad1e8",
                  "parentUUID": "844b89eb-c690-4cc8-b8ed-b910707829cc",
                  "isHook": false,
                  "skipped": false
                },
                {
                  "title": "should have proper landmark regions",
                  "fullTitle": "Accessibility - WCAG 2.1 AA Compliance Page Structure and Landmarks should have proper landmark regions",
                  "timedOut": null,
                  "duration": 444,
                  "state": "passed",
                  "speed": "fast",
                  "pass": true,
                  "fail": false,
                  "pending": false,
                  "context": null,
                  "code": "// Main content should be present\ncy.get('body').then(($body) => {\n    const hasMain = $body.find('main, [role=\"main\"]').length > 0;\n    if (hasMain) {\n        cy.get('main, [role=\"main\"]').should('exist');\n        cy.log('Found main landmark region');\n    }\n    else {\n        // If no main element, at least check page rendered\n        cy.get('body').should('not.be.empty');\n        cy.log('No main landmark - page rendered without main element');\n    }\n});",
                  "err": {},
                  "uuid": "f1e96079-0b6c-483b-9672-b21c9ecfe3be",
                  "parentUUID": "844b89eb-c690-4cc8-b8ed-b910707829cc",
                  "isHook": false,
                  "skipped": false
                },
                {
                  "title": "should have a logical heading hierarchy",
                  "fullTitle": "Accessibility - WCAG 2.1 AA Compliance Page Structure and Landmarks should have a logical heading hierarchy",
                  "timedOut": null,
                  "duration": 378,
                  "state": "passed",
                  "speed": "fast",
                  "pass": true,
                  "fail": false,
                  "pending": false,
                  "context": null,
                  "code": "// Check if any headings exist\ncy.get('body').then(($body) => {\n    const headings = $body.find('h1, h2, h3, h4, h5, h6');\n    if (headings.length > 0) {\n        // Verify heading hierarchy follows WCAG guidelines\n        // - Should start with h1 (if present)\n        // - When increasing depth, should not skip levels (e.g., h1 to h3 is invalid)\n        // - Can decrease to any previous level (e.g., h4 back to h2 is valid)\n        const headingLevels = headings.toArray().map(h => parseInt(h.tagName.charAt(1)));\n        // Check if first heading is h1 (recommended but not required)\n        if (headingLevels[0] > 1) {\n            cy.log(`Warning: First heading is h${headingLevels[0]}, recommend starting with h1`);\n        }\n        // Check for skipped levels when increasing depth\n        for (let i = 1; i < headingLevels.length; i++) {\n            const prev = headingLevels[i - 1];\n            const curr = headingLevels[i];\n            const diff = curr - prev;\n            // Only validate when going deeper (increasing heading number)\n            if (diff > 1) {\n                // This violates WCAG - you can't skip heading levels going deeper\n                cy.log(`Warning: Heading hierarchy skips from h${prev} to h${curr} at index ${i}`);\n                // Don't fail the test, just warn - allows for flexible page structures\n            }\n        }\n        cy.log(`Heading hierarchy check complete - found ${headingLevels.length} headings`);\n    }\n    else {\n        // Skip if no headings found (app may not have loaded)\n        cy.log('No headings found - skipping hierarchy check');\n    }\n});",
                  "err": {},
                  "uuid": "50f1e394-9c52-454d-b30a-bf538903a991",
                  "parentUUID": "844b89eb-c690-4cc8-b8ed-b910707829cc",
                  "isHook": false,
                  "skipped": false
                }
              ],
              "suites": [],
              "passes": [
                "38b1a7c8-47e5-4861-89d9-6b4ee59ad1e8",
                "f1e96079-0b6c-483b-9672-b21c9ecfe3be",
                "50f1e394-9c52-454d-b30a-bf538903a991"
              ],
              "failures": [],
              "pending": [],
              "skipped": [],
              "duration": 2159,
              "root": false,
              "rootEmpty": false,
              "_timeout": 2000
            },
            {
              "uuid": "a56e7b45-6860-4903-b3ea-1d36089babb8",
              "title": "Keyboard Navigation - Global",
              "fullFile": "",
              "file": "",
              "beforeHooks": [],
              "afterHooks": [],
              "tests": [
                {
                  "title": "should allow tabbing through all interactive elements",
                  "fullTitle": "Accessibility - WCAG 2.1 AA Compliance Keyboard Navigation - Global should allow tabbing through all interactive elements",
                  "timedOut": null,
                  "duration": 622,
                  "state": "passed",
                  "speed": "fast",
                  "pass": true,
                  "fail": false,
                  "pending": false,
                  "context": null,
                  "code": "// Get all focusable elements\nconst focusableSelectors = 'a, button, input, select, textarea, [tabindex]:not([tabindex=\"-1\"])';\ncy.get(focusableSelectors).first().focus();\ncy.focused().should('exist');\n// Tab through some elements\ncy.realPress('Tab');\ncy.focused().should('exist');\ncy.realPress('Tab');\ncy.focused().should('exist');",
                  "err": {},
                  "uuid": "9ca7ce79-10d4-4cd4-92c2-4c86aab4947a",
                  "parentUUID": "a56e7b45-6860-4903-b3ea-1d36089babb8",
                  "isHook": false,
                  "skipped": false
                },
                {
                  "title": "should show visible focus indicators",
                  "fullTitle": "Accessibility - WCAG 2.1 AA Compliance Keyboard Navigation - Global should show visible focus indicators",
                  "timedOut": null,
                  "duration": 401,
                  "state": "passed",
                  "speed": "fast",
                  "pass": true,
                  "fail": false,
                  "pending": false,
                  "context": null,
                  "code": "// Focus first interactive element\ncy.get('button').first().focus();\n// Check that focused element has visible styling\ncy.focused().should('be.visible');\ncy.focused().should('have.css', 'outline').and('not.equal', 'none');",
                  "err": {},
                  "uuid": "7eb2f817-f297-48bd-a265-3662abe834a2",
                  "parentUUID": "a56e7b45-6860-4903-b3ea-1d36089babb8",
                  "isHook": false,
                  "skipped": false
                },
                {
                  "title": "should support Shift+Tab for backward navigation",
                  "fullTitle": "Accessibility - WCAG 2.1 AA Compliance Keyboard Navigation - Global should support Shift+Tab for backward navigation",
                  "timedOut": null,
                  "duration": 527,
                  "state": "passed",
                  "speed": "fast",
                  "pass": true,
                  "fail": false,
                  "pending": false,
                  "context": null,
                  "code": "// Focus on an element in the middle\ncy.get('button').eq(2).focus();\nconst initialElement = cy.focused();\n// Press Shift+Tab\ncy.realPress(['Shift', 'Tab']);\n// Should focus previous element\ncy.focused().should('not.equal', initialElement);",
                  "err": {},
                  "uuid": "1fb62bb6-e4f4-418a-9bbf-11dbb4676c05",
                  "parentUUID": "a56e7b45-6860-4903-b3ea-1d36089babb8",
                  "isHook": false,
                  "skipped": false
                }
              ],
              "suites": [],
              "passes": [
                "9ca7ce79-10d4-4cd4-92c2-4c86aab4947a",
                "7eb2f817-f297-48bd-a265-3662abe834a2",
                "1fb62bb6-e4f4-418a-9bbf-11dbb4676c05"
              ],
              "failures": [],
              "pending": [],
              "skipped": [],
              "duration": 1550,
              "root": false,
              "rootEmpty": false,
              "_timeout": 2000
            },
            {
              "uuid": "3816323a-3a9a-45b3-8277-0dbc692c6641",
              "title": "SecuritySummaryWidget - Accessibility",
              "fullFile": "",
              "file": "",
              "beforeHooks": [],
              "afterHooks": [],
              "tests": [
                {
                  "title": "should have accessible tab navigation with ARIA attributes",
                  "fullTitle": "Accessibility - WCAG 2.1 AA Compliance SecuritySummaryWidget - Accessibility should have accessible tab navigation with ARIA attributes",
                  "timedOut": null,
                  "duration": 369,
                  "state": "passed",
                  "speed": "fast",
                  "pass": true,
                  "fail": false,
                  "pending": false,
                  "context": null,
                  "code": "// Check if widget exists, otherwise skip\ncy.get('body').then(($body) => {\n    if ($body.find('[role=\"tablist\"]').length > 0) {\n        cy.get('[role=\"tablist\"]').first().within(() => {\n            // Verify tabs have proper ARIA attributes\n            cy.get('[role=\"tab\"]').each(($tab) => {\n                // Each tab should have aria-selected\n                cy.wrap($tab).should('have.attr', 'aria-selected');\n                // Each tab should control a panel\n                cy.wrap($tab).should('have.attr', 'aria-controls');\n            });\n            // Verify exactly one tab is selected\n            cy.get('[role=\"tab\"][aria-selected=\"true\"]').should('have.length.at.least', 1);\n        });\n        // Verify tab panels exist\n        cy.get('[role=\"tabpanel\"]').should('exist');\n    }\n    else {\n        cy.log('No tab widgets found - skipping tab ARIA check');\n    }\n});",
                  "err": {},
                  "uuid": "9c4015bf-a67d-4852-8a3b-a577b7849c3e",
                  "parentUUID": "3816323a-3a9a-45b3-8277-0dbc692c6641",
                  "isHook": false,
                  "skipped": false
                },
                {
                  "title": "should support keyboard navigation through tabs",
                  "fullTitle": "Accessibility - WCAG 2.1 AA Compliance SecuritySummaryWidget - Accessibility should support keyboard navigation through tabs",
                  "timedOut": null,
                  "duration": 323,
                  "state": "passed",
                  "speed": "fast",
                  "pass": true,
                  "fail": false,
                  "pending": false,
                  "context": null,
                  "code": "// Check if tabs exist\ncy.get('body').then(($body) => {\n    if ($body.find('[role=\"tab\"]').length > 1) {\n        // Focus first tab\n        cy.get('[role=\"tab\"]').first().focus();\n        cy.focused().should('exist');\n        // Test basic arrow key navigation exists (implementation may vary)\n        cy.focused().trigger('keydown', { key: 'ArrowRight' });\n        cy.focused().should('exist');\n    }\n    else {\n        cy.log('Not enough tabs found for keyboard navigation test');\n    }\n});",
                  "err": {},
                  "uuid": "4f28ea58-35f3-4517-b423-d0958fd85f1e",
                  "parentUUID": "3816323a-3a9a-45b3-8277-0dbc692c6641",
                  "isHook": false,
                  "skipped": false
                },
                {
                  "title": "should have accessible labels and descriptions",
                  "fullTitle": "Accessibility - WCAG 2.1 AA Compliance SecuritySummaryWidget - Accessibility should have accessible labels and descriptions",
                  "timedOut": null,
                  "duration": 371,
                  "state": "passed",
                  "speed": "fast",
                  "pass": true,
                  "fail": false,
                  "pending": false,
                  "context": null,
                  "code": "// Check for any widgets with ARIA labels/regions\ncy.get('body').then(($body) => {\n    const hasRegions = $body.find('[role=\"region\"]').length > 0;\n    const hasAriaAttrs = $body.find('[aria-label], [aria-labelledby], [aria-describedby]').length > 0;\n    if (hasRegions) {\n        cy.get('[role=\"region\"]').should('exist');\n        cy.log('Found ARIA regions with proper accessibility');\n    }\n    else if (hasAriaAttrs) {\n        cy.get('[aria-label], [aria-labelledby], [aria-describedby]').should('exist');\n        cy.log('Found elements with ARIA labels/descriptions');\n    }\n    else {\n        cy.log('No ARIA regions or labels found - page may be in loading state');\n    }\n});",
                  "err": {},
                  "uuid": "265ba664-48a9-4f12-9645-d30b9a562526",
                  "parentUUID": "3816323a-3a9a-45b3-8277-0dbc692c6641",
                  "isHook": false,
                  "skipped": false
                },
                {
                  "title": "should announce dynamic changes to screen readers",
                  "fullTitle": "Accessibility - WCAG 2.1 AA Compliance SecuritySummaryWidget - Accessibility should announce dynamic changes to screen readers",
                  "timedOut": null,
                  "duration": 373,
                  "state": "passed",
                  "speed": "fast",
                  "pass": true,
                  "fail": false,
                  "pending": false,
                  "context": null,
                  "code": "// Check for live regions in the page\ncy.get('body').then(($body) => {\n    const hasLiveRegions = $body.find('[aria-live], [role=\"status\"], [role=\"alert\"]').length > 0;\n    if (hasLiveRegions) {\n        cy.get('[aria-live], [role=\"status\"], [role=\"alert\"]').should('exist');\n    }\n    else {\n        cy.log('No live regions found - may not be needed for current page state');\n    }\n});",
                  "err": {},
                  "uuid": "1fbbcc1e-7d27-45ed-95df-0601741bc049",
                  "parentUUID": "3816323a-3a9a-45b3-8277-0dbc692c6641",
                  "isHook": false,
                  "skipped": false
                },
                {
                  "title": "should hide decorative elements from screen readers",
                  "fullTitle": "Accessibility - WCAG 2.1 AA Compliance SecuritySummaryWidget - Accessibility should hide decorative elements from screen readers",
                  "timedOut": null,
                  "duration": 449,
                  "state": "passed",
                  "speed": "fast",
                  "pass": true,
                  "fail": false,
                  "pending": false,
                  "context": null,
                  "code": "// Check if any decorative elements are properly hidden\ncy.get('body').then(($body) => {\n    const decorative = $body.find('[aria-hidden=\"true\"]');\n    if (decorative.length > 0) {\n        cy.get('[aria-hidden=\"true\"]').should('exist');\n        cy.log(`Found ${decorative.length} decorative elements properly hidden`);\n    }\n    else {\n        cy.log('No explicitly decorative elements found (or none marked)');\n    }\n});",
                  "err": {},
                  "uuid": "9df3ac08-b55a-456e-b64f-b99b859c3215",
                  "parentUUID": "3816323a-3a9a-45b3-8277-0dbc692c6641",
                  "isHook": false,
                  "skipped": false
                }
              ],
              "suites": [],
              "passes": [
                "9c4015bf-a67d-4852-8a3b-a577b7849c3e",
                "4f28ea58-35f3-4517-b423-d0958fd85f1e",
                "265ba664-48a9-4f12-9645-d30b9a562526",
                "1fbbcc1e-7d27-45ed-95df-0601741bc049",
                "9df3ac08-b55a-456e-b64f-b99b859c3215"
              ],
              "failures": [],
              "pending": [],
              "skipped": [],
              "duration": 1885,
              "root": false,
              "rootEmpty": false,
              "_timeout": 2000
            },
            {
              "uuid": "9b2e9735-e916-4ade-ba6d-9e0c28e961f5",
              "title": "Form Elements - Accessibility",
              "fullFile": "",
              "file": "",
              "beforeHooks": [],
              "afterHooks": [],
              "tests": [
                {
                  "title": "should have labels for all form inputs",
                  "fullTitle": "Accessibility - WCAG 2.1 AA Compliance Form Elements - Accessibility should have labels for all form inputs",
                  "timedOut": null,
                  "duration": 442,
                  "state": "passed",
                  "speed": "fast",
                  "pass": true,
                  "fail": false,
                  "pending": false,
                  "context": null,
                  "code": "// Find all inputs\ncy.get('input, select, textarea').each(($input) => {\n    const id = $input.attr('id');\n    const ariaLabel = $input.attr('aria-label');\n    const ariaLabelledby = $input.attr('aria-labelledby');\n    // Input should have either: id with label, aria-label, or aria-labelledby\n    expect((id && cy.get(`label[for=\"${id}\"]`).should('exist')) ||\n        ariaLabel ||\n        ariaLabelledby).to.exist;\n});",
                  "err": {},
                  "uuid": "e5f18233-211e-42ca-9a66-277d43bcfbe0",
                  "parentUUID": "9b2e9735-e916-4ade-ba6d-9e0c28e961f5",
                  "isHook": false,
                  "skipped": false
                },
                {
                  "title": "should mark required fields appropriately",
                  "fullTitle": "Accessibility - WCAG 2.1 AA Compliance Form Elements - Accessibility should mark required fields appropriately",
                  "timedOut": null,
                  "duration": 392,
                  "state": "passed",
                  "speed": "fast",
                  "pass": true,
                  "fail": false,
                  "pending": false,
                  "context": null,
                  "code": "// Check if there are any required fields\ncy.get('body').then(($body) => {\n    const requiredFields = $body.find('input[required], select[required], textarea[required]');\n    if (requiredFields.length > 0) {\n        requiredFields.each((index, field) => {\n            // Required fields should have aria-required or required attribute\n            const hasAriaRequired = field.getAttribute('aria-required') === 'true';\n            const hasRequired = field.hasAttribute('required');\n            expect(hasAriaRequired || hasRequired).to.be.true;\n        });\n    }\n    else {\n        cy.log('No required form fields found on page');\n    }\n});",
                  "err": {},
                  "uuid": "68d74d0a-a3df-4c0a-b1f6-ba33e7b26676",
                  "parentUUID": "9b2e9735-e916-4ade-ba6d-9e0c28e961f5",
                  "isHook": false,
                  "skipped": false
                }
              ],
              "suites": [],
              "passes": [
                "e5f18233-211e-42ca-9a66-277d43bcfbe0",
                "68d74d0a-a3df-4c0a-b1f6-ba33e7b26676"
              ],
              "failures": [],
              "pending": [],
              "skipped": [],
              "duration": 834,
              "root": false,
              "rootEmpty": false,
              "_timeout": 2000
            },
            {
              "uuid": "39004da3-d89f-4ea8-8864-e9c0d713a3fa",
              "title": "Interactive Elements - Keyboard Accessibility",
              "fullFile": "",
              "file": "",
              "beforeHooks": [],
              "afterHooks": [],
              "tests": [
                {
                  "title": "should activate buttons with Enter key",
                  "fullTitle": "Accessibility - WCAG 2.1 AA Compliance Interactive Elements - Keyboard Accessibility should activate buttons with Enter key",
                  "timedOut": null,
                  "duration": 510,
                  "state": "passed",
                  "speed": "fast",
                  "pass": true,
                  "fail": false,
                  "pending": false,
                  "context": null,
                  "code": "// Check if buttons exist\ncy.get('body').then(($body) => {\n    if ($body.find('button').length > 0) {\n        cy.get('button').first().focus();\n        cy.focused().trigger('keydown', { key: 'Enter' });\n        cy.log('Button activated with Enter key');\n    }\n    else {\n        cy.log('No buttons found for keyboard test');\n    }\n});",
                  "err": {},
                  "uuid": "9c4e8f40-bd51-4ef4-9854-070a0c15a1e8",
                  "parentUUID": "39004da3-d89f-4ea8-8864-e9c0d713a3fa",
                  "isHook": false,
                  "skipped": false
                },
                {
                  "title": "should activate buttons with Space key",
                  "fullTitle": "Accessibility - WCAG 2.1 AA Compliance Interactive Elements - Keyboard Accessibility should activate buttons with Space key",
                  "timedOut": null,
                  "duration": 470,
                  "state": "passed",
                  "speed": "fast",
                  "pass": true,
                  "fail": false,
                  "pending": false,
                  "context": null,
                  "code": "cy.get('body').then(($body) => {\n    if ($body.find('button').length > 0) {\n        cy.get('button').first().focus();\n        cy.focused().trigger('keydown', { key: ' ' });\n        cy.log('Button activated with Space key');\n    }\n    else {\n        cy.log('No buttons found for keyboard test');\n    }\n});",
                  "err": {},
                  "uuid": "7f8a5be3-f520-447d-839f-904c3a202bd3",
                  "parentUUID": "39004da3-d89f-4ea8-8864-e9c0d713a3fa",
                  "isHook": false,
                  "skipped": false
                },
                {
                  "title": "should have proper button roles and accessible names",
                  "fullTitle": "Accessibility - WCAG 2.1 AA Compliance Interactive Elements - Keyboard Accessibility should have proper button roles and accessible names",
                  "timedOut": null,
                  "duration": 448,
                  "state": "passed",
                  "speed": "fast",
                  "pass": true,
                  "fail": false,
                  "pending": false,
                  "context": null,
                  "code": "cy.get('body').then(($body) => {\n    const buttons = $body.find('button');\n    if (buttons.length > 0) {\n        buttons.each((index, button) => {\n            // Each button should have accessible text or aria-label\n            const text = button.textContent?.trim();\n            const ariaLabel = button.getAttribute('aria-label');\n            const ariaLabelledby = button.getAttribute('aria-labelledby');\n            expect(text || ariaLabel || ariaLabelledby, `Button ${index} should have accessible name`).to.exist;\n        });\n    }\n    else {\n        cy.log('No buttons found for accessibility name check');\n    }\n});",
                  "err": {},
                  "uuid": "fef9915c-754d-4a98-be92-124e16ac3ee1",
                  "parentUUID": "39004da3-d89f-4ea8-8864-e9c0d713a3fa",
                  "isHook": false,
                  "skipped": false
                }
              ],
              "suites": [],
              "passes": [
                "9c4e8f40-bd51-4ef4-9854-070a0c15a1e8",
                "7f8a5be3-f520-447d-839f-904c3a202bd3",
                "fef9915c-754d-4a98-be92-124e16ac3ee1"
              ],
              "failures": [],
              "pending": [],
              "skipped": [],
              "duration": 1428,
              "root": false,
              "rootEmpty": false,
              "_timeout": 2000
            },
            {
              "uuid": "6dbdf6cf-717c-4d22-94e3-500abc1645b8",
              "title": "Color Contrast - WCAG AA Compliance",
              "fullFile": "",
              "file": "",
              "beforeHooks": [],
              "afterHooks": [],
              "tests": [
                {
                  "title": "should have sufficient contrast for normal text",
                  "fullTitle": "Accessibility - WCAG 2.1 AA Compliance Color Contrast - WCAG AA Compliance should have sufficient contrast for normal text",
                  "timedOut": null,
                  "duration": 457,
                  "state": "passed",
                  "speed": "fast",
                  "pass": true,
                  "fail": false,
                  "pending": false,
                  "context": null,
                  "code": "// WITH CYPRESS-AXE: Uncomment to check with axe-core\n// cy.checkA11y(null, {\n//   rules: {\n//     'color-contrast': { enabled: true }\n//   }\n// });\n// Manual check: verify text is readable and visible\ncy.get('body').should('be.visible');\ncy.log('Visual contrast check passed - text appears readable');",
                  "err": {},
                  "uuid": "6c8cc508-d13b-4556-937d-6731ca0cea1e",
                  "parentUUID": "6dbdf6cf-717c-4d22-94e3-500abc1645b8",
                  "isHook": false,
                  "skipped": false
                },
                {
                  "title": "should have sufficient contrast for interactive elements",
                  "fullTitle": "Accessibility - WCAG 2.1 AA Compliance Color Contrast - WCAG AA Compliance should have sufficient contrast for interactive elements",
                  "timedOut": null,
                  "duration": 799,
                  "state": "passed",
                  "speed": "fast",
                  "pass": true,
                  "fail": false,
                  "pending": false,
                  "context": null,
                  "code": "// Verify buttons and links exist and are visible\ncy.get('body').then(($body) => {\n    const interactive = $body.find('button:visible, a:visible');\n    if (interactive.length > 0) {\n        cy.log(`Found ${interactive.length} visible interactive elements`);\n    }\n    else {\n        cy.log('No visible interactive elements found (page may still be loading)');\n    }\n});",
                  "err": {},
                  "uuid": "dc541b15-3fff-4629-8325-c194905e8cc7",
                  "parentUUID": "6dbdf6cf-717c-4d22-94e3-500abc1645b8",
                  "isHook": false,
                  "skipped": false
                }
              ],
              "suites": [],
              "passes": [
                "6c8cc508-d13b-4556-937d-6731ca0cea1e",
                "dc541b15-3fff-4629-8325-c194905e8cc7"
              ],
              "failures": [],
              "pending": [],
              "skipped": [],
              "duration": 1256,
              "root": false,
              "rootEmpty": false,
              "_timeout": 2000
            },
            {
              "uuid": "7326ca6d-6598-422b-97ef-b3b43420f95a",
              "title": "Images and Media - Alternative Text",
              "fullFile": "",
              "file": "",
              "beforeHooks": [],
              "afterHooks": [],
              "tests": [
                {
                  "title": "should have alt text for all informative images",
                  "fullTitle": "Accessibility - WCAG 2.1 AA Compliance Images and Media - Alternative Text should have alt text for all informative images",
                  "timedOut": null,
                  "duration": 548,
                  "state": "passed",
                  "speed": "fast",
                  "pass": true,
                  "fail": false,
                  "pending": false,
                  "context": null,
                  "code": "cy.get('body').then(($body) => {\n    const images = $body.find('img');\n    if (images.length > 0) {\n        images.each((index, img) => {\n            const alt = img.getAttribute('alt');\n            const role = img.getAttribute('role');\n            // Informative images should have alt text\n            // Decorative images should have empty alt or role=\"presentation\"\n            expect(alt !== null ||\n                role === 'presentation' ||\n                role === 'none', `Image ${index} should have alt attribute or be marked as decorative`).to.be.true;\n        });\n    }\n    else {\n        cy.log('No images found on page');\n    }\n});",
                  "err": {},
                  "uuid": "9b5b63b1-ae8d-4b57-885d-c37782c9e33b",
                  "parentUUID": "7326ca6d-6598-422b-97ef-b3b43420f95a",
                  "isHook": false,
                  "skipped": false
                }
              ],
              "suites": [],
              "passes": [
                "9b5b63b1-ae8d-4b57-885d-c37782c9e33b"
              ],
              "failures": [],
              "pending": [],
              "skipped": [],
              "duration": 548,
              "root": false,
              "rootEmpty": false,
              "_timeout": 2000
            },
            {
              "uuid": "aae50cf9-1500-4d60-b689-bde51d06a9c4",
              "title": "ARIA - Proper Usage",
              "fullFile": "",
              "file": "",
              "beforeHooks": [],
              "afterHooks": [],
              "tests": [
                {
                  "title": "should not use invalid ARIA attributes",
                  "fullTitle": "Accessibility - WCAG 2.1 AA Compliance ARIA - Proper Usage should not use invalid ARIA attributes",
                  "timedOut": null,
                  "duration": 370,
                  "state": "passed",
                  "speed": "fast",
                  "pass": true,
                  "fail": false,
                  "pending": false,
                  "context": null,
                  "code": "// Check that ARIA attributes are used correctly\ncy.get('body').then(($body) => {\n    const elementsWithRole = $body.find('[role]');\n    if (elementsWithRole.length > 0) {\n        elementsWithRole.each((index, el) => {\n            const role = el.getAttribute('role');\n            // Verify role is a valid ARIA role (not exhaustive, but common ones)\n            const validRoles = [\n                'button', 'link', 'navigation', 'main', 'complementary', 'banner',\n                'contentinfo', 'region', 'article', 'tab', 'tabpanel', 'tablist',\n                'status', 'alert', 'dialog', 'menu', 'menuitem', 'list', 'listitem',\n                'img', 'progressbar', 'checkbox', 'radio', 'textbox', 'group', 'search',\n                'form', 'heading', 'row', 'cell', 'grid', 'gridcell', 'table'\n            ];\n            expect(validRoles, `Element with role=\"${role}\" should use valid ARIA role`).to.include(role);\n        });\n    }\n    else {\n        cy.log('No ARIA roles found - may use native HTML semantics');\n    }\n});",
                  "err": {},
                  "uuid": "d3e17269-1cec-4cd1-81b5-39b35831b15e",
                  "parentUUID": "aae50cf9-1500-4d60-b689-bde51d06a9c4",
                  "isHook": false,
                  "skipped": false
                },
                {
                  "title": "should have proper ARIA relationships",
                  "fullTitle": "Accessibility - WCAG 2.1 AA Compliance ARIA - Proper Usage should have proper ARIA relationships",
                  "timedOut": null,
                  "duration": 347,
                  "state": "passed",
                  "speed": "fast",
                  "pass": true,
                  "fail": false,
                  "pending": false,
                  "context": null,
                  "code": "cy.get('body').then(($body) => {\n    // Check aria-labelledby references\n    const labelledbyElements = $body.find('[aria-labelledby]');\n    if (labelledbyElements.length > 0) {\n        labelledbyElements.each((index, el) => {\n            const labelIds = el.getAttribute('aria-labelledby')?.split(' ') || [];\n            labelIds.forEach(labelId => {\n                const labelExists = $body.find(`#${CSS.escape(labelId)}`).length > 0;\n                expect(labelExists, `aria-labelledby references ID \"${labelId}\" which should exist`).to.be.true;\n            });\n        });\n    }\n    // Check aria-describedby references\n    const describedbyElements = $body.find('[aria-describedby]');\n    if (describedbyElements.length > 0) {\n        describedbyElements.each((index, el) => {\n            const descIds = el.getAttribute('aria-describedby')?.split(' ') || [];\n            descIds.forEach(descId => {\n                const descExists = $body.find(`#${CSS.escape(descId)}`).length > 0;\n                expect(descExists, `aria-describedby references ID \"${descId}\" which should exist`).to.be.true;\n            });\n        });\n    }\n    // Check aria-controls references\n    const controlsElements = $body.find('[aria-controls]');\n    if (controlsElements.length > 0) {\n        controlsElements.each((index, el) => {\n            const controlIds = el.getAttribute('aria-controls')?.split(' ') || [];\n            controlIds.forEach(controlId => {\n                const controlExists = $body.find(`#${CSS.escape(controlId)}`).length > 0;\n                expect(controlExists, `aria-controls references ID \"${controlId}\" which should exist`).to.be.true;\n            });\n        });\n    }\n    if (labelledbyElements.length === 0 && describedbyElements.length === 0 && controlsElements.length === 0) {\n        cy.log('No ARIA relationship attributes found');\n    }\n});",
                  "err": {},
                  "uuid": "377b591d-014e-4afd-977e-bcd6ff698eb6",
                  "parentUUID": "aae50cf9-1500-4d60-b689-bde51d06a9c4",
                  "isHook": false,
                  "skipped": false
                }
              ],
              "suites": [],
              "passes": [
                "d3e17269-1cec-4cd1-81b5-39b35831b15e",
                "377b591d-014e-4afd-977e-bcd6ff698eb6"
              ],
              "failures": [],
              "pending": [],
              "skipped": [],
              "duration": 717,
              "root": false,
              "rootEmpty": false,
              "_timeout": 2000
            },
            {
              "uuid": "d99cd94d-ea26-4229-82a3-3786da7a9fe5",
              "title": "Screen Reader - Semantic HTML",
              "fullFile": "",
              "file": "",
              "beforeHooks": [],
              "afterHooks": [],
              "tests": [
                {
                  "title": "should use semantic HTML elements",
                  "fullTitle": "Accessibility - WCAG 2.1 AA Compliance Screen Reader - Semantic HTML should use semantic HTML elements",
                  "timedOut": null,
                  "duration": 336,
                  "state": "passed",
                  "speed": "fast",
                  "pass": true,
                  "fail": false,
                  "pending": false,
                  "context": null,
                  "code": "// Check that page has some semantic structure\ncy.get('body').then(($body) => {\n    const semanticElements = $body.find('header, nav, main, section, article, aside, footer, [role=\"banner\"], [role=\"navigation\"], [role=\"main\"], [role=\"region\"]');\n    if (semanticElements.length > 0) {\n        cy.log(`Found ${semanticElements.length} semantic elements`);\n    }\n    else {\n        cy.log('No semantic HTML elements found - consider adding for better accessibility');\n    }\n});",
                  "err": {},
                  "uuid": "e142e811-7540-4426-a911-78d8b2b88fbe",
                  "parentUUID": "d99cd94d-ea26-4229-82a3-3786da7a9fe5",
                  "isHook": false,
                  "skipped": false
                },
                {
                  "title": "should not have empty links or buttons",
                  "fullTitle": "Accessibility - WCAG 2.1 AA Compliance Screen Reader - Semantic HTML should not have empty links or buttons",
                  "timedOut": null,
                  "duration": 397,
                  "state": "passed",
                  "speed": "fast",
                  "pass": true,
                  "fail": false,
                  "pending": false,
                  "context": null,
                  "code": "cy.get('body').then(($body) => {\n    const interactive = $body.find('a, button');\n    if (interactive.length > 0) {\n        interactive.each((index, el) => {\n            const text = el.textContent?.trim();\n            const ariaLabel = el.getAttribute('aria-label');\n            const ariaLabelledby = el.getAttribute('aria-labelledby');\n            const title = el.getAttribute('title');\n            // Interactive elements should have some form of accessible text\n            expect((text && text.length > 0) ||\n                ariaLabel ||\n                ariaLabelledby ||\n                title, `Interactive element ${index} should have accessible text`).to.be.true;\n        });\n    }\n    else {\n        cy.log('No interactive elements (links/buttons) found');\n    }\n});",
                  "err": {},
                  "uuid": "c8882045-2660-4dd9-98c8-5cf7be48bae8",
                  "parentUUID": "d99cd94d-ea26-4229-82a3-3786da7a9fe5",
                  "isHook": false,
                  "skipped": false
                }
              ],
              "suites": [],
              "passes": [
                "e142e811-7540-4426-a911-78d8b2b88fbe",
                "c8882045-2660-4dd9-98c8-5cf7be48bae8"
              ],
              "failures": [],
              "pending": [],
              "skipped": [],
              "duration": 733,
              "root": false,
              "rootEmpty": false,
              "_timeout": 2000
            },
            {
              "uuid": "267d19eb-12cc-46ba-b64d-a4ed9ff03fc9",
              "title": "Focus Management",
              "fullFile": "",
              "file": "",
              "beforeHooks": [],
              "afterHooks": [],
              "tests": [
                {
                  "title": "should trap focus in modal dialogs",
                  "fullTitle": "Accessibility - WCAG 2.1 AA Compliance Focus Management should trap focus in modal dialogs",
                  "timedOut": null,
                  "duration": 322,
                  "state": "passed",
                  "speed": "fast",
                  "pass": true,
                  "fail": false,
                  "pending": false,
                  "context": null,
                  "code": "// This test would need to be updated based on actual modal implementation\n// Check if any modals exist\ncy.get('body').then(($body) => {\n    const modals = $body.find('[role=\"dialog\"], [role=\"alertdialog\"], .modal');\n    if (modals.length > 0) {\n        cy.log(`Found ${modals.length} modal dialogs`);\n    }\n    else {\n        cy.log('No modal dialogs found - test skipped');\n    }\n});",
                  "err": {},
                  "uuid": "e5200631-adea-4851-9975-b036fe55f400",
                  "parentUUID": "267d19eb-12cc-46ba-b64d-a4ed9ff03fc9",
                  "isHook": false,
                  "skipped": false
                },
                {
                  "title": "should restore focus when modal closes",
                  "fullTitle": "Accessibility - WCAG 2.1 AA Compliance Focus Management should restore focus when modal closes",
                  "timedOut": null,
                  "duration": 326,
                  "state": "passed",
                  "speed": "fast",
                  "pass": true,
                  "fail": false,
                  "pending": false,
                  "context": null,
                  "code": "// Verify focus returns to trigger element when modal closes\n// This would be tested with actual modal interaction\ncy.log('Focus restoration test - requires modal interaction implementation');",
                  "err": {},
                  "uuid": "33090eee-6462-42ca-ba74-52e78231b86b",
                  "parentUUID": "267d19eb-12cc-46ba-b64d-a4ed9ff03fc9",
                  "isHook": false,
                  "skipped": false
                },
                {
                  "title": "should not lose focus during navigation",
                  "fullTitle": "Accessibility - WCAG 2.1 AA Compliance Focus Management should not lose focus during navigation",
                  "timedOut": null,
                  "duration": 913,
                  "state": "passed",
                  "speed": "fast",
                  "pass": true,
                  "fail": false,
                  "pending": false,
                  "context": null,
                  "code": "// Tab through several elements\ncy.get('body').then(($body) => {\n    const focusable = $body.find('button:visible, a:visible, input:visible');\n    if (focusable.length >= 2) {\n        cy.get('button:visible, a:visible, input:visible').first().focus();\n        cy.focused().should('exist');\n        cy.focused().trigger('keydown', { key: 'Tab' });\n        // Focus should still exist somewhere\n        cy.get(':focus').should('exist');\n    }\n    else {\n        cy.log('Not enough focusable elements for navigation test');\n    }\n});",
                  "err": {},
                  "uuid": "59a89a50-69da-4cfa-ad00-b2304ef1803d",
                  "parentUUID": "267d19eb-12cc-46ba-b64d-a4ed9ff03fc9",
                  "isHook": false,
                  "skipped": false
                }
              ],
              "suites": [],
              "passes": [
                "e5200631-adea-4851-9975-b036fe55f400",
                "33090eee-6462-42ca-ba74-52e78231b86b",
                "59a89a50-69da-4cfa-ad00-b2304ef1803d"
              ],
              "failures": [],
              "pending": [],
              "skipped": [],
              "duration": 1561,
              "root": false,
              "rootEmpty": false,
              "_timeout": 2000
            }
          ],
          "passes": [],
          "failures": [],
          "pending": [],
          "skipped": [],
          "duration": 0,
          "root": false,
          "rootEmpty": false,
          "_timeout": 2000
        }
      ],
      "passes": [],
      "failures": [],
      "pending": [],
      "skipped": [],
      "duration": 0,
      "root": true,
      "rootEmpty": true,
      "_timeout": 2000
    },
    {
      "uuid": "c5557835-fa25-4485-a8f7-3933903195b6",
      "title": "",
      "fullFile": "cypress/e2e/security-assessment-flow.cy.ts",
      "file": "cypress/e2e/security-assessment-flow.cy.ts",
      "beforeHooks": [],
      "afterHooks": [],
      "tests": [],
      "suites": [
        {
          "uuid": "06a01a5c-5078-4e63-a043-bb22805232a9",
          "title": "Security Assessment Flow",
          "fullFile": "",
          "file": "",
          "beforeHooks": [],
          "afterHooks": [],
          "tests": [],
          "suites": [
            {
              "uuid": "db27d424-73d4-41ef-b57f-eaeb34dcb946",
              "title": "Complete Assessment Workflow",
              "fullFile": "",
              "file": "",
              "beforeHooks": [],
              "afterHooks": [],
              "tests": [
                {
                  "title": "should complete full security assessment from start to finish",
                  "fullTitle": "Security Assessment Flow Complete Assessment Workflow should complete full security assessment from start to finish",
                  "timedOut": null,
                  "duration": 3814,
                  "state": "passed",
                  "speed": "fast",
                  "pass": true,
                  "fail": false,
                  "pending": false,
                  "context": null,
                  "code": "cy.log(\"🎯 Starting complete security assessment workflow\");\n// Step 1: Verify initial application state\ncy.log(\"Step 1: Verifying initial application state\");\ncy.get(\"body\").should(\"be.visible\");\ncy.get(\"select\").should(\"have.length.at.least\", 3);\n// Step 2-4: Configure CIA triad (Availability: Moderate, Integrity: High, Confidentiality: High)\ncy.log(\"Step 2-4: Configuring CIA triad levels\");\ncy.setSecurityLevels(_support_constants__WEBPACK_IMPORTED_MODULE_0__.SECURITY_LEVELS.MODERATE, _support_constants__WEBPACK_IMPORTED_MODULE_0__.SECURITY_LEVELS.HIGH, _support_constants__WEBPACK_IMPORTED_MODULE_0__.SECURITY_LEVELS.HIGH);\n// Verify security level selections\ncy.get(\"select\").eq(0).should(\"have.value\", _support_constants__WEBPACK_IMPORTED_MODULE_0__.SECURITY_LEVELS.MODERATE);\ncy.get(\"select\").eq(1).should(\"have.value\", _support_constants__WEBPACK_IMPORTED_MODULE_0__.SECURITY_LEVELS.HIGH);\ncy.get(\"select\").eq(2).should(\"have.value\", _support_constants__WEBPACK_IMPORTED_MODULE_0__.SECURITY_LEVELS.HIGH);\n// Verify security controls are detected\ncy.log(\"Verifying security controls in page content\");\ncy.get(\"body\").then(($body) => {\n    const text = $body.text().toLowerCase();\n    // Check for various security control indicators\n    const hasSecurityControls = text.includes(\"mfa\") ||\n        text.includes(\"multi-factor\") ||\n        text.includes(\"encryption\") ||\n        text.includes(\"access control\") ||\n        text.includes(\"blockchain\") ||\n        text.includes(\"checksum\") ||\n        text.includes(\"hash\") ||\n        text.includes(\"immutable\") ||\n        text.includes(\"audit\") ||\n        text.includes(\"pilot light\") ||\n        text.includes(\"warm standby\") ||\n        text.includes(\"backup\") ||\n        text.includes(\"recovery\");\n    if (hasSecurityControls) {\n        cy.log(\"✓ Security controls detected in page content\");\n    }\n});\n// Step 5: View cost estimation\ncy.log(\"Step 5: Verifying cost estimation\");\ncy.get(\"body\").then(($body) => {\n    // Look for cost-related elements\n    const costSelectors = [\n        '[data-testid*=\"cost\"]',\n        '[data-testid*=\"capex\"]',\n        '[data-testid*=\"opex\"]',\n        '[class*=\"cost\"]',\n    ].join(\", \");\n    if ($body.find(costSelectors).length > 0) {\n        cy.log(\"✓ Cost estimation widgets found\");\n        // Verify that cost values are present and numeric\n        cy.get(costSelectors)\n            .first()\n            .invoke(\"text\")\n            .then((text) => {\n            // Check for currency symbols or numeric patterns\n            const hasCostValue = text.includes(\"$\") ||\n                text.includes(\"€\") ||\n                text.includes(\"£\") ||\n                /\\d+/.test(text);\n            expect(hasCostValue, \"Cost estimation should contain numeric values\").to.be.true;\n            cy.log(`✓ Cost values detected: ${text.substring(0, 50)}`);\n        });\n    }\n    else {\n        cy.log(\"⚠️ No cost estimation widgets found\");\n    }\n});\n// Step 6: Check compliance status\ncy.log(\"Step 6: Checking compliance status\");\ncy.get(\"body\").then(($body) => {\n    // Look for compliance-related elements\n    const complianceSelectors = [\n        '[data-testid*=\"compliance\"]',\n        '[data-testid*=\"framework\"]',\n        '[class*=\"compliance\"]',\n        '[class*=\"framework\"]',\n    ].join(\", \");\n    if ($body.find(complianceSelectors).length > 0) {\n        cy.log(\"✓ Compliance widgets found\");\n        // Look for common compliance frameworks\n        const text = $body.text();\n        const frameworks = [\"NIST\", \"ISO\", \"GDPR\", \"HIPAA\", \"PCI\"];\n        const foundFrameworks = frameworks.filter((framework) => text.includes(framework));\n        if (foundFrameworks.length > 0) {\n            cy.log(`✓ Found compliance frameworks: ${foundFrameworks.join(\", \")}`);\n        }\n        else {\n            cy.log(\"⚠️ No specific compliance frameworks detected in text\");\n        }\n    }\n    else {\n        cy.log(\"⚠️ No compliance widgets found\");\n    }\n});\n// Step 7: Verify business impact analysis\ncy.log(\"Step 7: Verifying business impact analysis\");\ncy.get(\"body\").then(($body) => {\n    const impactSelectors = [\n        '[data-testid*=\"business-impact\"]',\n        '[data-testid*=\"impact\"]',\n        '[class*=\"business-impact\"]',\n        '[class*=\"impact\"]',\n    ].join(\", \");\n    if ($body.find(impactSelectors).length > 0) {\n        cy.log(\"✓ Business impact analysis widgets found\");\n        // Check for impact-related content\n        const text = $body.text().toLowerCase();\n        const hasImpactContent = text.includes(\"impact\") ||\n            text.includes(\"risk\") ||\n            text.includes(\"business\") ||\n            text.includes(\"financial\") ||\n            text.includes(\"operational\");\n        if (hasImpactContent) {\n            cy.log(\"✓ Business impact content detected\");\n        }\n    }\n    else {\n        cy.log(\"⚠️ No business impact widgets found\");\n    }\n});\n// Step 8: Take final screenshot for documentation\ncy.log(\"Step 8: Capturing final state\");\ncy.screenshot(\"complete-assessment-workflow-final-state\");\ncy.log(\"✅ Complete assessment workflow test passed\");",
                  "err": {},
                  "uuid": "be958be7-8fa8-4a84-a834-20faf7ae1f8e",
                  "parentUUID": "db27d424-73d4-41ef-b57f-eaeb34dcb946",
                  "isHook": false,
                  "skipped": false
                }
              ],
              "suites": [],
              "passes": [
                "be958be7-8fa8-4a84-a834-20faf7ae1f8e"
              ],
              "failures": [],
              "pending": [],
              "skipped": [],
              "duration": 3814,
              "root": false,
              "rootEmpty": false,
              "_timeout": 2000
            },
            {
              "uuid": "7966d2dd-631d-42a4-8f26-294711dae6d8",
              "title": "CIA Level Selection",
              "fullFile": "",
              "file": "",
              "beforeHooks": [],
              "afterHooks": [],
              "tests": [
                {
                  "title": "should update costs when changing confidentiality level",
                  "fullTitle": "Security Assessment Flow CIA Level Selection should update costs when changing confidentiality level",
                  "timedOut": null,
                  "duration": 2245,
                  "state": "passed",
                  "speed": "fast",
                  "pass": true,
                  "fail": false,
                  "pending": false,
                  "context": null,
                  "code": "cy.log(\"Testing confidentiality level impact on costs\");\n// Set initial low confidentiality\ncy.setSecurityLevels(undefined, undefined, _support_constants__WEBPACK_IMPORTED_MODULE_0__.SECURITY_LEVELS.LOW);\n// Capture initial cost values\ncy.get(\"body\")\n    .invoke(\"text\")\n    .then((initialText) => {\n    cy.log(\"Initial state captured\");\n    // Change to Very High confidentiality\n    cy.setSecurityLevels(undefined, undefined, _support_constants__WEBPACK_IMPORTED_MODULE_0__.SECURITY_LEVELS.VERY_HIGH);\n    // Verify costs changed\n    cy.get(\"body\")\n        .invoke(\"text\")\n        .then((newText) => {\n        // The page content should be different\n        expect(newText).to.not.equal(initialText);\n        cy.log(\"✓ Page content changed after security level update\");\n    });\n});",
                  "err": {},
                  "uuid": "5ecafa6f-f7e2-49e5-a705-a50805972987",
                  "parentUUID": "7966d2dd-631d-42a4-8f26-294711dae6d8",
                  "isHook": false,
                  "skipped": false
                },
                {
                  "title": "should display appropriate technical details for each level",
                  "fullTitle": "Security Assessment Flow CIA Level Selection should display appropriate technical details for each level",
                  "timedOut": null,
                  "duration": 2250,
                  "state": "passed",
                  "speed": "fast",
                  "pass": true,
                  "fail": false,
                  "pending": false,
                  "context": null,
                  "code": "cy.log(\"Testing technical details display for each security level\");\n// Test High integrity level\ncy.setSecurityLevels(undefined, _support_constants__WEBPACK_IMPORTED_MODULE_0__.SECURITY_LEVELS.HIGH, undefined);\ncy.get(\"body\").then(($body) => {\n    const text = $body.text().toLowerCase();\n    // High integrity should have technical details about immutability and verification\n    const hasTechnicalDetails = text.includes(\"blockchain\") ||\n        text.includes(\"immutable\") ||\n        text.includes(\"hash\") ||\n        text.includes(\"checksum\") ||\n        text.includes(\"audit\") ||\n        text.includes(\"verification\");\n    if (hasTechnicalDetails) {\n        cy.log(\"✓ Technical details detected for High integrity\");\n    }\n    else {\n        cy.log(\"⚠️ Technical details not clearly visible\");\n    }\n});\n// Test Very High availability level\ncy.setSecurityLevels(_support_constants__WEBPACK_IMPORTED_MODULE_0__.SECURITY_LEVELS.VERY_HIGH, undefined, undefined);\ncy.get(\"body\").then(($body) => {\n    const text = $body.text().toLowerCase();\n    // Very High availability should have technical details about multi-region and hot standby\n    const hasTechnicalDetails = text.includes(\"multi-region\") ||\n        text.includes(\"hot standby\") ||\n        text.includes(\"active-active\") ||\n        text.includes(\"zero downtime\") ||\n        text.includes(\"redundancy\");\n    if (hasTechnicalDetails) {\n        cy.log(\"✓ Technical details detected for Very High availability\");\n    }\n    else {\n        cy.log(\"⚠️ Technical details not clearly visible\");\n    }\n});",
                  "err": {},
                  "uuid": "14168580-aeeb-4770-8e8a-500f63a52754",
                  "parentUUID": "7966d2dd-631d-42a4-8f26-294711dae6d8",
                  "isHook": false,
                  "skipped": false
                },
                {
                  "title": "should validate all CIA level combinations",
                  "fullTitle": "Security Assessment Flow CIA Level Selection should validate all CIA level combinations",
                  "timedOut": null,
                  "duration": 6092,
                  "state": "passed",
                  "speed": "medium",
                  "pass": true,
                  "fail": false,
                  "pending": false,
                  "context": null,
                  "code": "cy.log(\"Testing various CIA level combinations\");\nconst combinations = [\n    {\n        name: \"All Low\",\n        levels: [_support_constants__WEBPACK_IMPORTED_MODULE_0__.SECURITY_LEVELS.LOW, _support_constants__WEBPACK_IMPORTED_MODULE_0__.SECURITY_LEVELS.LOW, _support_constants__WEBPACK_IMPORTED_MODULE_0__.SECURITY_LEVELS.LOW],\n    },\n    {\n        name: \"All Moderate\",\n        levels: [\n            _support_constants__WEBPACK_IMPORTED_MODULE_0__.SECURITY_LEVELS.MODERATE,\n            _support_constants__WEBPACK_IMPORTED_MODULE_0__.SECURITY_LEVELS.MODERATE,\n            _support_constants__WEBPACK_IMPORTED_MODULE_0__.SECURITY_LEVELS.MODERATE,\n        ],\n    },\n    {\n        name: \"Mixed (High C, Moderate I, Low A)\",\n        levels: [_support_constants__WEBPACK_IMPORTED_MODULE_0__.SECURITY_LEVELS.LOW, _support_constants__WEBPACK_IMPORTED_MODULE_0__.SECURITY_LEVELS.MODERATE, _support_constants__WEBPACK_IMPORTED_MODULE_0__.SECURITY_LEVELS.HIGH],\n    },\n];\ncombinations.forEach((combo) => {\n    cy.log(`Testing combination: ${combo.name}`);\n    // Set security levels using custom command (availability, integrity, confidentiality)\n    cy.setSecurityLevels(combo.levels[0], combo.levels[1], combo.levels[2]);\n    // Verify selections are applied correctly\n    cy.get(\"select\").eq(0).should(\"have.value\", combo.levels[0]);\n    cy.get(\"select\").eq(1).should(\"have.value\", combo.levels[1]);\n    cy.get(\"select\").eq(2).should(\"have.value\", combo.levels[2]);\n    // Verify widgets are still present and responsive\n    cy.get(\"[data-testid^='widget-']\").should(\"have.length.at.least\", 1);\n    cy.log(`✓ ${combo.name} combination configured successfully`);\n});",
                  "err": {},
                  "uuid": "12c5b85c-2750-4418-8b56-a672858678e0",
                  "parentUUID": "7966d2dd-631d-42a4-8f26-294711dae6d8",
                  "isHook": false,
                  "skipped": false
                }
              ],
              "suites": [],
              "passes": [
                "5ecafa6f-f7e2-49e5-a705-a50805972987",
                "14168580-aeeb-4770-8e8a-500f63a52754",
                "12c5b85c-2750-4418-8b56-a672858678e0"
              ],
              "failures": [],
              "pending": [],
              "skipped": [],
              "duration": 10587,
              "root": false,
              "rootEmpty": false,
              "_timeout": 2000
            },
            {
              "uuid": "b6dbaa44-e6a9-477f-8208-9b56bd0000d7",
              "title": "Framework Compliance Mapping",
              "fullFile": "",
              "file": "",
              "beforeHooks": [],
              "afterHooks": [],
              "tests": [
                {
                  "title": "should show compliance status for all supported frameworks",
                  "fullTitle": "Security Assessment Flow Framework Compliance Mapping should show compliance status for all supported frameworks",
                  "timedOut": null,
                  "duration": 2138,
                  "state": "passed",
                  "speed": "fast",
                  "pass": true,
                  "fail": false,
                  "pending": false,
                  "context": null,
                  "code": "cy.log(\"Testing framework compliance mapping\");\n// Set high security levels to maximize compliance\ncy.setSecurityLevels(_support_constants__WEBPACK_IMPORTED_MODULE_0__.SECURITY_LEVELS.HIGH, _support_constants__WEBPACK_IMPORTED_MODULE_0__.SECURITY_LEVELS.HIGH, _support_constants__WEBPACK_IMPORTED_MODULE_0__.SECURITY_LEVELS.HIGH);\n// Look for compliance framework information\ncy.get(\"body\").then(($body) => {\n    const text = $body.text();\n    const commonFrameworks = [\n        \"NIST\",\n        \"ISO\",\n        \"GDPR\",\n        \"HIPAA\",\n        \"PCI\",\n        \"SOC\",\n        \"FedRAMP\",\n    ];\n    const foundFrameworks = commonFrameworks.filter((framework) => text.includes(framework));\n    cy.log(`Found ${foundFrameworks.length} compliance frameworks`);\n    if (foundFrameworks.length > 0) {\n        cy.log(`✓ Compliance frameworks detected: ${foundFrameworks.join(\", \")}`);\n        expect(foundFrameworks.length).to.be.at.least(1, \"Should display at least one compliance framework\");\n    }\n    else {\n        cy.log(\"⚠️ No standard compliance frameworks explicitly detected\");\n    }\n});",
                  "err": {},
                  "uuid": "83b0ed87-3879-4634-81f8-b9613240f47f",
                  "parentUUID": "b6dbaa44-e6a9-477f-8208-9b56bd0000d7",
                  "isHook": false,
                  "skipped": false
                },
                {
                  "title": "should display framework-specific controls and requirements",
                  "fullTitle": "Security Assessment Flow Framework Compliance Mapping should display framework-specific controls and requirements",
                  "timedOut": null,
                  "duration": 2188,
                  "state": "passed",
                  "speed": "fast",
                  "pass": true,
                  "fail": false,
                  "pending": false,
                  "context": null,
                  "code": "cy.log(\"Testing framework-specific control display\");\n// Set high security configuration\ncy.setSecurityLevels(_support_constants__WEBPACK_IMPORTED_MODULE_0__.SECURITY_LEVELS.HIGH, _support_constants__WEBPACK_IMPORTED_MODULE_0__.SECURITY_LEVELS.HIGH, _support_constants__WEBPACK_IMPORTED_MODULE_0__.SECURITY_LEVELS.HIGH);\n// Look for control-related content\ncy.get(\"body\").then(($body) => {\n    const text = $body.text().toLowerCase();\n    // Check for common control terminology\n    const controlTerms = [\n        \"control\",\n        \"requirement\",\n        \"standard\",\n        \"compliant\",\n        \"compliance\",\n        \"policy\",\n        \"procedure\",\n    ];\n    const foundTerms = controlTerms.filter((term) => text.includes(term));\n    if (foundTerms.length >= 2) {\n        cy.log(`✓ Control-related content found: ${foundTerms.join(\", \")}`);\n    }\n    else {\n        cy.log(\"⚠️ Limited control-related content detected\");\n    }\n});",
                  "err": {},
                  "uuid": "a1b5567a-e52a-431e-b0cf-4878472f5f76",
                  "parentUUID": "b6dbaa44-e6a9-477f-8208-9b56bd0000d7",
                  "isHook": false,
                  "skipped": false
                }
              ],
              "suites": [],
              "passes": [
                "83b0ed87-3879-4634-81f8-b9613240f47f",
                "a1b5567a-e52a-431e-b0cf-4878472f5f76"
              ],
              "failures": [],
              "pending": [],
              "skipped": [],
              "duration": 4326,
              "root": false,
              "rootEmpty": false,
              "_timeout": 2000
            },
            {
              "uuid": "f05b5228-f63c-4f2d-960d-d8a33b7275ff",
              "title": "Error Handling",
              "fullFile": "",
              "file": "",
              "beforeHooks": [],
              "afterHooks": [],
              "tests": [
                {
                  "title": "should handle invalid level selections gracefully",
                  "fullTitle": "Security Assessment Flow Error Handling should handle invalid level selections gracefully",
                  "timedOut": null,
                  "duration": 833,
                  "state": "passed",
                  "speed": "fast",
                  "pass": true,
                  "fail": false,
                  "pending": false,
                  "context": null,
                  "code": "cy.log(\"Testing error handling for invalid selections\");\n// Try to set invalid localStorage data\ncy.window().then((win) => {\n    win.localStorage.setItem(\"security-config\", \"invalid-json\");\n    cy.log(\"Set invalid localStorage data\");\n});\n// Reload page\ncy.reload();\ncy.ensureAppLoaded();\n// Application should still load\ncy.get(\"body\").should(\"exist\").and(\"be.visible\");\ncy.get(\"select\").should(\"have.length.at.least\", 3);\ncy.log(\"✓ Application recovered from invalid localStorage data\");\n// Clear invalid data\ncy.window().then((win) => {\n    win.localStorage.removeItem(\"security-config\");\n});",
                  "err": {},
                  "uuid": "96283c11-1191-4d18-9736-51faf19c1d53",
                  "parentUUID": "f05b5228-f63c-4f2d-960d-d8a33b7275ff",
                  "isHook": false,
                  "skipped": false
                },
                {
                  "title": "should handle rapid level changes without errors",
                  "fullTitle": "Security Assessment Flow Error Handling should handle rapid level changes without errors",
                  "timedOut": null,
                  "duration": 5930,
                  "state": "passed",
                  "speed": "medium",
                  "pass": true,
                  "fail": false,
                  "pending": false,
                  "context": null,
                  "code": "cy.log(\"Testing rapid security level changes\");\n// Monitor console errors\ncy.window().then((win) => {\n    win.consoleErrors = [];\n    const originalError = win.console.error;\n    win.console.error = (...args) => {\n        win.consoleErrors.push(args.join(\" \"));\n        originalError.apply(win.console, args);\n    };\n});\n// Rapidly change security levels using custom command\ncy.setSecurityLevels(_support_constants__WEBPACK_IMPORTED_MODULE_0__.SECURITY_LEVELS.HIGH, _support_constants__WEBPACK_IMPORTED_MODULE_0__.SECURITY_LEVELS.HIGH, _support_constants__WEBPACK_IMPORTED_MODULE_0__.SECURITY_LEVELS.HIGH);\ncy.setSecurityLevels(_support_constants__WEBPACK_IMPORTED_MODULE_0__.SECURITY_LEVELS.LOW, _support_constants__WEBPACK_IMPORTED_MODULE_0__.SECURITY_LEVELS.LOW, _support_constants__WEBPACK_IMPORTED_MODULE_0__.SECURITY_LEVELS.LOW);\ncy.setSecurityLevels(_support_constants__WEBPACK_IMPORTED_MODULE_0__.SECURITY_LEVELS.MODERATE, _support_constants__WEBPACK_IMPORTED_MODULE_0__.SECURITY_LEVELS.MODERATE, _support_constants__WEBPACK_IMPORTED_MODULE_0__.SECURITY_LEVELS.MODERATE);\n// Check for critical console errors\ncy.window().then((win) => {\n    const criticalErrors = win.consoleErrors.filter((msg) => msg.includes(\"undefined\") ||\n        msg.includes(\"TypeError\") ||\n        msg.includes(\"ReferenceError\"));\n    expect(criticalErrors.length, \"No critical errors during rapid changes\").to.equal(0);\n    if (criticalErrors.length === 0) {\n        cy.log(\"✓ No critical errors during rapid security level changes\");\n    }\n});",
                  "err": {},
                  "uuid": "8810f374-4ff3-46a1-86a8-b698c135b76b",
                  "parentUUID": "f05b5228-f63c-4f2d-960d-d8a33b7275ff",
                  "isHook": false,
                  "skipped": false
                },
                {
                  "title": "should display user-friendly messages for edge cases",
                  "fullTitle": "Security Assessment Flow Error Handling should display user-friendly messages for edge cases",
                  "timedOut": null,
                  "duration": 2245,
                  "state": "passed",
                  "speed": "fast",
                  "pass": true,
                  "fail": false,
                  "pending": false,
                  "context": null,
                  "code": "cy.log(\"Testing edge case handling\");\n// Test with all None/lowest levels\ncy.get(\"select\").then(($selects) => {\n    // Check if \"None\" is an option, otherwise use \"Low\"\n    const firstSelect = $selects.eq(0);\n    const hasNoneOption = firstSelect.find('option[value=\"None\"]').length > 0;\n    const lowestLevel = hasNoneOption ? \"None\" : _support_constants__WEBPACK_IMPORTED_MODULE_0__.SECURITY_LEVELS.LOW;\n    // Use custom command to set lowest levels\n    cy.setSecurityLevels(lowestLevel, lowestLevel, lowestLevel);\n    // Application should still function with lowest security levels\n    cy.get(\"body\").should(\"be.visible\");\n    cy.get(\"select\").should(\"have.length.at.least\", 3);\n    cy.log(`✓ Application handles ${lowestLevel} security levels gracefully`);\n});",
                  "err": {},
                  "uuid": "55ba120a-51c6-4513-a103-5bdd29c30e4c",
                  "parentUUID": "f05b5228-f63c-4f2d-960d-d8a33b7275ff",
                  "isHook": false,
                  "skipped": false
                }
              ],
              "suites": [],
              "passes": [
                "96283c11-1191-4d18-9736-51faf19c1d53",
                "8810f374-4ff3-46a1-86a8-b698c135b76b",
                "55ba120a-51c6-4513-a103-5bdd29c30e4c"
              ],
              "failures": [],
              "pending": [],
              "skipped": [],
              "duration": 9008,
              "root": false,
              "rootEmpty": false,
              "_timeout": 2000
            },
            {
              "uuid": "40cbea22-39c5-4d1e-99a2-3c255f8410dd",
              "title": "Accessibility",
              "fullFile": "",
              "file": "",
              "beforeHooks": [],
              "afterHooks": [],
              "tests": [
                {
                  "title": "should be keyboard navigable",
                  "fullTitle": "Security Assessment Flow Accessibility should be keyboard navigable",
                  "timedOut": null,
                  "duration": 416,
                  "state": "passed",
                  "speed": "fast",
                  "pass": true,
                  "fail": false,
                  "pending": false,
                  "context": null,
                  "code": "cy.log(\"Testing keyboard navigation\");\n// Test that all selects can receive focus\ncy.get(\"select\").eq(0).focus();\ncy.focused().should(\"match\", \"select\");\ncy.log(\"✓ First select is focusable\");\ncy.get(\"select\").eq(1).focus();\ncy.focused().should(\"match\", \"select\");\ncy.log(\"✓ Second select is focusable\");\ncy.get(\"select\").eq(2).focus();\ncy.focused().should(\"match\", \"select\");\ncy.log(\"✓ Third select is focusable\");\n// Test that selects can be changed with keyboard\ncy.get(\"select\").eq(0).invoke(\"val\").then((initialValue) => {\n    cy.get(\"select\").eq(0).focus().type(\"{downarrow}{enter}\");\n    cy.get(\"select\").eq(0).invoke(\"val\").then((newValue) => {\n        // Value should have changed after keyboard interaction\n        if (newValue !== initialValue) {\n            cy.log(\"✓ Select value changed with keyboard interaction\");\n        }\n    });\n});\ncy.log(\"✓ Security level selects are keyboard navigable\");",
                  "err": {},
                  "uuid": "0c277b6d-9dd2-482a-a820-9244584c4760",
                  "parentUUID": "40cbea22-39c5-4d1e-99a2-3c255f8410dd",
                  "isHook": false,
                  "skipped": false
                },
                {
                  "title": "should have proper ARIA labels and semantic HTML",
                  "fullTitle": "Security Assessment Flow Accessibility should have proper ARIA labels and semantic HTML",
                  "timedOut": null,
                  "duration": 344,
                  "state": "passed",
                  "speed": "fast",
                  "pass": true,
                  "fail": false,
                  "pending": false,
                  "context": null,
                  "code": "cy.log(\"Testing ARIA labels and semantic HTML\");\n// Check that selects have labels or aria-labels\ncy.get(\"select\").each(($select) => {\n    const id = $select.attr(\"id\");\n    const ariaLabel = $select.attr(\"aria-label\");\n    const ariaLabelledBy = $select.attr(\"aria-labelledby\");\n    // Check if select has an associated label\n    let hasLabel = false;\n    if (id) {\n        cy.get(`label[for=\"${id}\"]`).then(($labels) => {\n            hasLabel = $labels.length > 0;\n        });\n    }\n    const hasAccessibilityLabel = !!(ariaLabel || ariaLabelledBy || hasLabel);\n    if (hasAccessibilityLabel) {\n        cy.log(\"✓ Select has accessibility label\");\n    }\n});",
                  "err": {},
                  "uuid": "ca55d59d-c623-4477-a6e4-0fe75623c7b9",
                  "parentUUID": "40cbea22-39c5-4d1e-99a2-3c255f8410dd",
                  "isHook": false,
                  "skipped": false
                },
                {
                  "title": "should provide clear visual focus indicators",
                  "fullTitle": "Security Assessment Flow Accessibility should provide clear visual focus indicators",
                  "timedOut": null,
                  "duration": 295,
                  "state": "passed",
                  "speed": "fast",
                  "pass": true,
                  "fail": false,
                  "pending": false,
                  "context": null,
                  "code": "cy.log(\"Testing visual focus indicators\");\n// Focus on a select and check it's visually distinguishable\ncy.get(\"select\").eq(0).focus();\ncy.focused().then(($focused) => {\n    const focusedElement = $focused[0];\n    const computedStyle = window.getComputedStyle(focusedElement);\n    // Check for outline or other focus indicators\n    const hasOutline = computedStyle.outline !== \"none\" && computedStyle.outline !== \"\";\n    const hasBoxShadow = computedStyle.boxShadow !== \"none\" && computedStyle.boxShadow !== \"\";\n    const hasBorder = computedStyle.border !== \"none\" && computedStyle.border !== \"\";\n    const hasFocusIndicator = hasOutline || hasBoxShadow || hasBorder;\n    if (hasFocusIndicator) {\n        cy.log(\"✓ Focus indicator detected\");\n    }\n    else {\n        cy.log(\"⚠️ Focus indicator may need improvement\");\n    }\n});",
                  "err": {},
                  "uuid": "497bfc64-35c1-42eb-8336-8e00c5af759b",
                  "parentUUID": "40cbea22-39c5-4d1e-99a2-3c255f8410dd",
                  "isHook": false,
                  "skipped": false
                }
              ],
              "suites": [],
              "passes": [
                "0c277b6d-9dd2-482a-a820-9244584c4760",
                "ca55d59d-c623-4477-a6e4-0fe75623c7b9",
                "497bfc64-35c1-42eb-8336-8e00c5af759b"
              ],
              "failures": [],
              "pending": [],
              "skipped": [],
              "duration": 1055,
              "root": false,
              "rootEmpty": false,
              "_timeout": 2000
            },
            {
              "uuid": "e1d809b8-ce87-4279-ad39-ff329980707a",
              "title": "Business Impact Analysis",
              "fullFile": "",
              "file": "",
              "beforeHooks": [],
              "afterHooks": [],
              "tests": [
                {
                  "title": "should calculate and display business impact for different security levels",
                  "fullTitle": "Security Assessment Flow Business Impact Analysis should calculate and display business impact for different security levels",
                  "timedOut": null,
                  "duration": 6517,
                  "state": "passed",
                  "speed": "medium",
                  "pass": true,
                  "fail": false,
                  "pending": false,
                  "context": null,
                  "code": "cy.log(\"Testing business impact calculations\");\nconst scenarios = [\n    {\n        name: \"Low Security Impact\",\n        levels: [_support_constants__WEBPACK_IMPORTED_MODULE_0__.SECURITY_LEVELS.LOW, _support_constants__WEBPACK_IMPORTED_MODULE_0__.SECURITY_LEVELS.LOW, _support_constants__WEBPACK_IMPORTED_MODULE_0__.SECURITY_LEVELS.LOW],\n    },\n    {\n        name: \"High Security Impact\",\n        levels: [_support_constants__WEBPACK_IMPORTED_MODULE_0__.SECURITY_LEVELS.HIGH, _support_constants__WEBPACK_IMPORTED_MODULE_0__.SECURITY_LEVELS.HIGH, _support_constants__WEBPACK_IMPORTED_MODULE_0__.SECURITY_LEVELS.HIGH],\n    },\n];\nscenarios.forEach((scenario) => {\n    cy.log(`Testing ${scenario.name}`);\n    // Set security levels using custom command\n    cy.setSecurityLevels(scenario.levels[0], scenario.levels[1], scenario.levels[2]);\n    // Look for business impact content\n    cy.get(\"body\").then(($body) => {\n        const text = $body.text().toLowerCase();\n        const impactTerms = [\n            \"impact\",\n            \"risk\",\n            \"business\",\n            \"financial\",\n            \"operational\",\n            \"reputational\",\n            \"cost\",\n        ];\n        const foundTerms = impactTerms.filter((term) => text.includes(term));\n        if (foundTerms.length >= 2) {\n            cy.log(`✓ Business impact analysis displayed for ${scenario.name}`);\n        }\n    });\n    // Take screenshot for documentation\n    cy.screenshot(`business-impact-${scenario.name.toLowerCase().replace(/\\s+/g, \"-\")}`);\n});",
                  "err": {},
                  "uuid": "c1481765-b7bf-415c-b151-4523106b205e",
                  "parentUUID": "e1d809b8-ce87-4279-ad39-ff329980707a",
                  "isHook": false,
                  "skipped": false
                }
              ],
              "suites": [],
              "passes": [
                "c1481765-b7bf-415c-b151-4523106b205e"
              ],
              "failures": [],
              "pending": [],
              "skipped": [],
              "duration": 6517,
              "root": false,
              "rootEmpty": false,
              "_timeout": 2000
            },
            {
              "uuid": "500553b3-c595-4904-ae70-b9a3ff452b73",
              "title": "Data Persistence",
              "fullFile": "",
              "file": "",
              "beforeHooks": [],
              "afterHooks": [],
              "tests": [
                {
                  "title": "should persist security level selections across page reloads",
                  "fullTitle": "Security Assessment Flow Data Persistence should persist security level selections across page reloads",
                  "timedOut": null,
                  "duration": 2601,
                  "state": "passed",
                  "speed": "fast",
                  "pass": true,
                  "fail": false,
                  "pending": false,
                  "context": null,
[...]
              "err": {},
              "uuid": "579403f1-1691-46e9-9318-3c9f10b0c3f2",
              "parentUUID": "4edf7427-c540-4db9-84ac-fb800eee4929",
              "isHook": false,
              "skipped": false
            },
            {
              "title": "supports widget-specific functionality",
              "fullTitle": "Security Resources Widget Tests supports widget-specific functionality",
              "timedOut": null,
              "duration": 1352,
              "state": "passed",
              "speed": "fast",
              "pass": true,
              "fail": false,
              "pending": false,
              "context": null,
              "code": "// First check if widget exists\nfindWidgetFlexibly(widgetTestId).then(($widget) => {\n    if ($widget.length === 0) {\n        cy.log(`Widget ${widgetName} not found - specific test will be skipped`);\n        cy.screenshot(`missing-widget-${widgetTestId}-specific`);\n        expect(true).to.equal(true); // Soft-pass to avoid failing tests\n        return;\n    }\n    // Add widget to test context so additionalTests can use it\n    // Wrap the FIRST element when multiple are found to avoid errors in widget-specific tests\n    cy.wrap($widget.first()).as(\"currentWidget\");\n    // Run provided tests in try/catch to prevent cascading failures\n    try {\n        additionalTests();\n    }\n    catch (e) {\n        // Handle unknown error type safely\n        const errorMessage = e instanceof Error ? e.message : String(e);\n        cy.log(`Error in additional tests for ${widgetName}: ${errorMessage}`);\n        cy.screenshot(`error-${widgetName}-specific-test`);\n    }\n});",
              "err": {},
              "uuid": "f8482f0b-d9e1-45aa-b38e-34cda0452f5f",
              "parentUUID": "4edf7427-c540-4db9-84ac-fb800eee4929",
              "isHook": false,
              "skipped": false
            }
          ],
          "suites": [],
          "passes": [
            "9f512c16-bc7d-42b0-bbe8-f3722e2852e7",
            "579403f1-1691-46e9-9318-3c9f10b0c3f2",
            "f8482f0b-d9e1-45aa-b38e-34cda0452f5f"
          ],
          "failures": [],
          "pending": [],
          "skipped": [],
          "duration": 7038,
          "root": false,
          "rootEmpty": false,
          "_timeout": 2000
        }
      ],
      "passes": [],
      "failures": [],
      "pending": [],
      "skipped": [],
      "duration": 0,
      "root": true,
      "rootEmpty": true,
      "_timeout": 2000
    },
    {
      "uuid": "c0a07b40-c078-4887-a7fa-9d6c540467d2",
      "title": "",
      "fullFile": "cypress/e2e/widgets/implementationguide/security-visualization.cy.ts",
      "file": "cypress/e2e/widgets/implementationguide/security-visualization.cy.ts",
      "beforeHooks": [],
      "afterHooks": [],
      "tests": [],
      "suites": [
        {
          "uuid": "3a283a6e-9254-4c73-9142-74644a4d4c28",
          "title": "Security Visualization Widget Tests",
          "fullFile": "",
          "file": "",
          "beforeHooks": [],
          "afterHooks": [],
          "tests": [
            {
              "title": "is visible and contains expected content",
              "fullTitle": "Security Visualization Widget Tests is visible and contains expected content",
              "timedOut": null,
              "duration": 2135,
              "state": "passed",
              "speed": "fast",
              "pass": true,
              "fail": false,
              "pending": false,
              "context": null,
              "code": "// This test uses more flexible widget finding\nfindWidgetFlexibly(widgetTestId).then(($widget) => {\n    if ($widget.length === 0) {\n        cy.log(`Widget ${widgetName} not found - test will be skipped`);\n        cy.screenshot(`missing-widget-${widgetTestId}`);\n        expect(true).to.equal(true); // Soft-pass to avoid failing tests\n        return;\n    }\n    // Check for at least one expected content pattern\n    const widgetText = $widget.text();\n    let foundPattern = false;\n    let matchedPattern = \"\";\n    contentPatterns.forEach((pattern) => {\n        if (typeof pattern === \"string\") {\n            if (widgetText.includes(pattern)) {\n                foundPattern = true;\n                matchedPattern = pattern;\n            }\n        }\n        else if (pattern.test(widgetText)) {\n            foundPattern = true;\n            matchedPattern = pattern.toString();\n        }\n    });\n    if (foundPattern) {\n        cy.log(`Found expected content pattern: ${matchedPattern}`);\n    }\n    else {\n        cy.log(`No expected content patterns found in widget text: ${widgetText.substring(0, 100)}...`);\n    }\n    expect(foundPattern, `Widget should contain at least one expected content pattern`).to.be.true;\n    // Screenshot only on CI or when explicitly enabled via env var\n    if (Cypress.env('CYPRESS_SCREENSHOTS') === true || Cypress.env('CYPRESS_SCREENSHOTS') === 'true' || Cypress.config('isInteractive') === false) {\n        (0,_screenshot_utils__WEBPACK_IMPORTED_MODULE_2__.captureWidgetScreenshot)($widget.first(), `${widgetTestId}-baseline`);\n    }\n});",
              "err": {},
              "uuid": "9d7645d4-7b42-408c-9800-23c40ebb7df5",
              "parentUUID": "3a283a6e-9254-4c73-9142-74644a4d4c28",
              "isHook": false,
              "skipped": false
            },
            {
              "title": "updates content when security levels change",
              "fullTitle": "Security Visualization Widget Tests updates content when security levels change",
              "timedOut": null,
              "duration": 3771,
              "state": "passed",
              "speed": "fast",
              "pass": true,
              "fail": false,
              "pending": false,
              "context": null,
              "code": "// First verify if widget exists to avoid cascading failures\nfindWidgetFlexibly(widgetTestId).then(($widget) => {\n    if ($widget.length === 0) {\n        cy.log(`Widget ${widgetName} not found - test will be skipped`);\n        cy.screenshot(`missing-widget-${widgetTestId}-security-change`);\n        expect(true).to.equal(true); // Soft-pass to avoid failing tests\n        return;\n    }\n    const initialContent = $widget.text();\n    // Only test this if we have content to compare against\n    if (initialContent.trim().length === 0) {\n        cy.log(`Widget ${widgetName} has no initial content - test will be skipped`);\n        expect(true).to.equal(true); // Soft-pass to avoid failing tests\n        return;\n    }\n    // Test only HIGH security level to reduce test time (low->high transition covered in security-level-transitions.cy.ts)\n    cy.setSecurityLevels(_constants__WEBPACK_IMPORTED_MODULE_1__.SECURITY_LEVELS.HIGH, _constants__WEBPACK_IMPORTED_MODULE_1__.SECURITY_LEVELS.HIGH, _constants__WEBPACK_IMPORTED_MODULE_1__.SECURITY_LEVELS.HIGH);\n    cy.wait(500); // Reduced wait time\n    // Verify widget still exists and content changed\n    findWidgetFlexibly(widgetTestId).then(($highWidget) => {\n        if ($highWidget.length === 0) {\n            cy.log(`Widget ${widgetName} disappeared after security level change - test will be skipped`);\n            expect(true).to.equal(true); // Soft-pass to avoid failing tests\n            return;\n        }\n        const highContent = $highWidget.text();\n        // Verify content changed from initial moderate level\n        const contentChanged = initialContent !== highContent;\n        if (!contentChanged) {\n            cy.log(`Note: Content did not change between moderate and high security levels for ${widgetName}`);\n        }\n        // Some widgets may not change content, so we just verify it's still rendered\n        expect($highWidget.length).to.be.greaterThan(0);\n    });\n});",
              "err": {},
              "uuid": "5eba29bc-3eeb-4fd5-9cb8-c6e346fb7d21",
              "parentUUID": "3a283a6e-9254-4c73-9142-74644a4d4c28",
              "isHook": false,
              "skipped": false
            },
            {
              "title": "supports widget-specific functionality",
              "fullTitle": "Security Visualization Widget Tests supports widget-specific functionality",
              "timedOut": null,
              "duration": 1333,
              "state": "passed",
              "speed": "fast",
              "pass": true,
              "fail": false,
              "pending": false,
              "context": null,
              "code": "// First check if widget exists\nfindWidgetFlexibly(widgetTestId).then(($widget) => {\n    if ($widget.length === 0) {\n        cy.log(`Widget ${widgetName} not found - specific test will be skipped`);\n        cy.screenshot(`missing-widget-${widgetTestId}-specific`);\n        expect(true).to.equal(true); // Soft-pass to avoid failing tests\n        return;\n    }\n    // Add widget to test context so additionalTests can use it\n    // Wrap the FIRST element when multiple are found to avoid errors in widget-specific tests\n    cy.wrap($widget.first()).as(\"currentWidget\");\n    // Run provided tests in try/catch to prevent cascading failures\n    try {\n        additionalTests();\n    }\n    catch (e) {\n        // Handle unknown error type safely\n        const errorMessage = e instanceof Error ? e.message : String(e);\n        cy.log(`Error in additional tests for ${widgetName}: ${errorMessage}`);\n        cy.screenshot(`error-${widgetName}-specific-test`);\n    }\n});",
              "err": {},
              "uuid": "55d8b8f8-ef03-4dfc-8945-d37f5dea7f4e",
              "parentUUID": "3a283a6e-9254-4c73-9142-74644a4d4c28",
              "isHook": false,
              "skipped": false
            }
          ],
          "suites": [],
          "passes": [
            "9d7645d4-7b42-408c-9800-23c40ebb7df5",
            "5eba29bc-3eeb-4fd5-9cb8-c6e346fb7d21",
            "55d8b8f8-ef03-4dfc-8945-d37f5dea7f4e"
          ],
          "failures": [],
          "pending": [],
          "skipped": [],
          "duration": 7239,
          "root": false,
          "rootEmpty": false,
          "_timeout": 2000
        }
      ],
      "passes": [],
      "failures": [],
      "pending": [],
      "skipped": [],
      "duration": 0,
      "root": true,
      "rootEmpty": true,
      "_timeout": 2000
    },
    {
      "uuid": "a94c51b5-0315-48e9-9028-198a8e0c9f70",
      "title": "",
      "fullFile": "cypress/e2e/widgets/implementationguide/technical-details.cy.ts",
      "file": "cypress/e2e/widgets/implementationguide/technical-details.cy.ts",
      "beforeHooks": [],
      "afterHooks": [],
      "tests": [],
      "suites": [
        {
          "uuid": "8b7fe780-1870-4a56-8313-8b218cbacfb3",
          "title": "Technical Details Widget Tests",
          "fullFile": "",
          "file": "",
          "beforeHooks": [],
          "afterHooks": [],
          "tests": [
            {
              "title": "is visible and contains expected content",
              "fullTitle": "Technical Details Widget Tests is visible and contains expected content",
              "timedOut": null,
              "duration": 1960,
              "state": "passed",
              "speed": "fast",
              "pass": true,
              "fail": false,
              "pending": false,
              "context": null,
              "code": "// This test uses more flexible widget finding\nfindWidgetFlexibly(widgetTestId).then(($widget) => {\n    if ($widget.length === 0) {\n        cy.log(`Widget ${widgetName} not found - test will be skipped`);\n        cy.screenshot(`missing-widget-${widgetTestId}`);\n        expect(true).to.equal(true); // Soft-pass to avoid failing tests\n        return;\n    }\n    // Check for at least one expected content pattern\n    const widgetText = $widget.text();\n    let foundPattern = false;\n    let matchedPattern = \"\";\n    contentPatterns.forEach((pattern) => {\n        if (typeof pattern === \"string\") {\n            if (widgetText.includes(pattern)) {\n                foundPattern = true;\n                matchedPattern = pattern;\n            }\n        }\n        else if (pattern.test(widgetText)) {\n            foundPattern = true;\n            matchedPattern = pattern.toString();\n        }\n    });\n    if (foundPattern) {\n        cy.log(`Found expected content pattern: ${matchedPattern}`);\n    }\n    else {\n        cy.log(`No expected content patterns found in widget text: ${widgetText.substring(0, 100)}...`);\n    }\n    expect(foundPattern, `Widget should contain at least one expected content pattern`).to.be.true;\n    // Screenshot only on CI or when explicitly enabled via env var\n    if (Cypress.env('CYPRESS_SCREENSHOTS') === true || Cypress.env('CYPRESS_SCREENSHOTS') === 'true' || Cypress.config('isInteractive') === false) {\n        (0,_screenshot_utils__WEBPACK_IMPORTED_MODULE_2__.captureWidgetScreenshot)($widget.first(), `${widgetTestId}-baseline`);\n    }\n});",
              "err": {},
              "uuid": "1d6017a5-38c1-45e9-b315-0c9aeb849342",
              "parentUUID": "8b7fe780-1870-4a56-8313-8b218cbacfb3",
              "isHook": false,
              "skipped": false
            },
            {
              "title": "updates content when security levels change",
              "fullTitle": "Technical Details Widget Tests updates content when security levels change",
              "timedOut": null,
              "duration": 3748,
              "state": "passed",
              "speed": "fast",
              "pass": true,
              "fail": false,
              "pending": false,
              "context": null,
              "code": "// First verify if widget exists to avoid cascading failures\nfindWidgetFlexibly(widgetTestId).then(($widget) => {\n    if ($widget.length === 0) {\n        cy.log(`Widget ${widgetName} not found - test will be skipped`);\n        cy.screenshot(`missing-widget-${widgetTestId}-security-change`);\n        expect(true).to.equal(true); // Soft-pass to avoid failing tests\n        return;\n    }\n    const initialContent = $widget.text();\n    // Only test this if we have content to compare against\n    if (initialContent.trim().length === 0) {\n        cy.log(`Widget ${widgetName} has no initial content - test will be skipped`);\n        expect(true).to.equal(true); // Soft-pass to avoid failing tests\n        return;\n    }\n    // Test only HIGH security level to reduce test time (low->high transition covered in security-level-transitions.cy.ts)\n    cy.setSecurityLevels(_constants__WEBPACK_IMPORTED_MODULE_1__.SECURITY_LEVELS.HIGH, _constants__WEBPACK_IMPORTED_MODULE_1__.SECURITY_LEVELS.HIGH, _constants__WEBPACK_IMPORTED_MODULE_1__.SECURITY_LEVELS.HIGH);\n    cy.wait(500); // Reduced wait time\n    // Verify widget still exists and content changed\n    findWidgetFlexibly(widgetTestId).then(($highWidget) => {\n        if ($highWidget.length === 0) {\n            cy.log(`Widget ${widgetName} disappeared after security level change - test will be skipped`);\n            expect(true).to.equal(true); // Soft-pass to avoid failing tests\n            return;\n        }\n        const highContent = $highWidget.text();\n        // Verify content changed from initial moderate level\n        const contentChanged = initialContent !== highContent;\n        if (!contentChanged) {\n            cy.log(`Note: Content did not change between moderate and high security levels for ${widgetName}`);\n        }\n        // Some widgets may not change content, so we just verify it's still rendered\n        expect($highWidget.length).to.be.greaterThan(0);\n    });\n});",
              "err": {},
              "uuid": "866c4aae-5662-4a02-ba99-5fa018d6c316",
              "parentUUID": "8b7fe780-1870-4a56-8313-8b218cbacfb3",
              "isHook": false,
              "skipped": false
            },
            {
              "title": "supports widget-specific functionality",
              "fullTitle": "Technical Details Widget Tests supports widget-specific functionality",
              "timedOut": null,
              "duration": 1331,
              "state": "passed",
              "speed": "fast",
              "pass": true,
              "fail": false,
              "pending": false,
              "context": null,
              "code": "// First check if widget exists\nfindWidgetFlexibly(widgetTestId).then(($widget) => {\n    if ($widget.length === 0) {\n        cy.log(`Widget ${widgetName} not found - specific test will be skipped`);\n        cy.screenshot(`missing-widget-${widgetTestId}-specific`);\n        expect(true).to.equal(true); // Soft-pass to avoid failing tests\n        return;\n    }\n    // Add widget to test context so additionalTests can use it\n    // Wrap the FIRST element when multiple are found to avoid errors in widget-specific tests\n    cy.wrap($widget.first()).as(\"currentWidget\");\n    // Run provided tests in try/catch to prevent cascading failures\n    try {\n        additionalTests();\n    }\n    catch (e) {\n        // Handle unknown error type safely\n        const errorMessage = e instanceof Error ? e.message : String(e);\n        cy.log(`Error in additional tests for ${widgetName}: ${errorMessage}`);\n        cy.screenshot(`error-${widgetName}-specific-test`);\n    }\n});",
              "err": {},
              "uuid": "c32b3b3f-ccfe-46fb-a172-631ec663a1f4",
              "parentUUID": "8b7fe780-1870-4a56-8313-8b218cbacfb3",
              "isHook": false,
              "skipped": false
            }
          ],
          "suites": [],
          "passes": [
            "1d6017a5-38c1-45e9-b315-0c9aeb849342",
            "866c4aae-5662-4a02-ba99-5fa018d6c316",
            "c32b3b3f-ccfe-46fb-a172-631ec663a1f4"
          ],
          "failures": [],
          "pending": [],
          "skipped": [],
          "duration": 7039,
          "root": false,
          "rootEmpty": false,
          "_timeout": 2000
        }
      ],
      "passes": [],
      "failures": [],
      "pending": [],
      "skipped": [],
      "duration": 0,
      "root": true,
      "rootEmpty": true,
      "_timeout": 2000
    }
  ],
  "meta": {
    "mocha": {
      "version": "7.2.0"
    },
    "mochawesome": {
      "options": {
        "quiet": false,
        "reportFilename": "mochawesome",
        "saveHtml": true,
        "saveJson": true,
        "consoleReporter": "spec",
        "useInlineDiffs": false,
        "code": true
      },
      "version": "8.1.1"
    },
    "marge": {
      "options": {
        "id": "default",
        "reportDir": "build/cypress/mochawesome",
        "overwrite": false,
        "html": true,
        "json": true,
        "code": true,
        "timestamp": "mmddyyyy_HHMMss",
        "charts": true,
        "showHooks": "failed",
        "embeddedScreenshots": true
      },
      "version": "6.3.2"
    }
  }
}