{
  "stats": {
    "suites": 17,
    "tests": 71,
    "passes": 71,
    "pending": 0,
    "failures": 0,
    "testsRegistered": 71,
    "passPercent": 100,
    "pendingPercent": 0,
    "other": 0,
    "hasOther": false,
    "skipped": 0,
    "hasSkipped": false,
    "start": "2025-12-01T11:29:25.219Z",
    "end": "2025-12-01T11:32:30.623Z",
    "duration": 185404
  },
  "results": [
    {
      "uuid": "11891c79-0d00-401d-a9a1-da2a7a3e7182",
      "title": "",
      "fullFile": "cypress/e2e/security-assessment-flow.cy.ts",
      "file": "cypress/e2e/security-assessment-flow.cy.ts",
      "beforeHooks": [],
      "afterHooks": [],
      "tests": [],
      "suites": [
        {
          "uuid": "23d5248b-5c30-45d1-a2bf-5f92d04589c1",
          "title": "Security Assessment Flow",
          "fullFile": "",
          "file": "",
          "beforeHooks": [],
          "afterHooks": [],
          "tests": [],
          "suites": [
            {
              "uuid": "1b611e09-5ce3-4647-a70a-a466f66236a3",
              "title": "Complete Assessment Workflow",
              "fullFile": "",
              "file": "",
              "beforeHooks": [],
              "afterHooks": [],
              "tests": [
                {
                  "title": "should complete full security assessment from start to finish",
                  "fullTitle": "Security Assessment Flow Complete Assessment Workflow should complete full security assessment from start to finish",
                  "timedOut": null,
                  "duration": 6148,
                  "state": "passed",
                  "speed": "medium",
                  "pass": true,
                  "fail": false,
                  "pending": false,
                  "context": null,
                  "code": "cy.log(\"🎯 Starting complete security assessment workflow\");\n// Step 1: Verify initial application state\ncy.log(\"Step 1: Verifying initial application state\");\ncy.get(\"body\").should(\"be.visible\");\ncy.get(\"select\").should(\"have.length.at.least\", 3);\n// Step 2-4: Configure CIA triad (Availability: Moderate, Integrity: High, Confidentiality: High)\ncy.log(\"Step 2-4: Configuring CIA triad levels\");\ncy.setSecurityLevels(_support_constants__WEBPACK_IMPORTED_MODULE_0__.SECURITY_LEVELS.MODERATE, _support_constants__WEBPACK_IMPORTED_MODULE_0__.SECURITY_LEVELS.HIGH, _support_constants__WEBPACK_IMPORTED_MODULE_0__.SECURITY_LEVELS.HIGH);\n// Verify security level selections\ncy.get(\"select\").eq(0).should(\"have.value\", _support_constants__WEBPACK_IMPORTED_MODULE_0__.SECURITY_LEVELS.MODERATE);\ncy.get(\"select\").eq(1).should(\"have.value\", _support_constants__WEBPACK_IMPORTED_MODULE_0__.SECURITY_LEVELS.HIGH);\ncy.get(\"select\").eq(2).should(\"have.value\", _support_constants__WEBPACK_IMPORTED_MODULE_0__.SECURITY_LEVELS.HIGH);\n// Verify security controls are detected\ncy.log(\"Verifying security controls in page content\");\ncy.get(\"body\").then(($body) => {\n    const text = $body.text().toLowerCase();\n    // Check for various security control indicators\n    const hasSecurityControls = text.includes(\"mfa\") ||\n        text.includes(\"multi-factor\") ||\n        text.includes(\"encryption\") ||\n        text.includes(\"access control\") ||\n        text.includes(\"blockchain\") ||\n        text.includes(\"checksum\") ||\n        text.includes(\"hash\") ||\n        text.includes(\"immutable\") ||\n        text.includes(\"audit\") ||\n        text.includes(\"pilot light\") ||\n        text.includes(\"warm standby\") ||\n        text.includes(\"backup\") ||\n        text.includes(\"recovery\");\n    if (hasSecurityControls) {\n        cy.log(\"✓ Security controls detected in page content\");\n    }\n});\n// Step 5: View cost estimation\ncy.log(\"Step 5: Verifying cost estimation\");\ncy.get(\"body\").then(($body) => {\n    // Look for cost-related elements\n    const costSelectors = [\n        '[data-testid*=\"cost\"]',\n        '[data-testid*=\"capex\"]',\n        '[data-testid*=\"opex\"]',\n        '[class*=\"cost\"]',\n    ].join(\", \");\n    if ($body.find(costSelectors).length > 0) {\n        cy.log(\"✓ Cost estimation widgets found\");\n        // Verify that cost values are present and numeric\n        cy.get(costSelectors)\n            .first()\n            .invoke(\"text\")\n            .then((text) => {\n            // Check for currency symbols or numeric patterns\n            const hasCostValue = text.includes(\"$\") ||\n                text.includes(\"€\") ||\n                text.includes(\"£\") ||\n                /\\d+/.test(text);\n            expect(hasCostValue, \"Cost estimation should contain numeric values\").to.be.true;\n            cy.log(`✓ Cost values detected: ${text.substring(0, 50)}`);\n        });\n    }\n    else {\n        cy.log(\"⚠️ No cost estimation widgets found\");\n    }\n});\n// Step 6: Check compliance status\ncy.log(\"Step 6: Checking compliance status\");\ncy.get(\"body\").then(($body) => {\n    // Look for compliance-related elements\n    const complianceSelectors = [\n        '[data-testid*=\"compliance\"]',\n        '[data-testid*=\"framework\"]',\n        '[class*=\"compliance\"]',\n        '[class*=\"framework\"]',\n    ].join(\", \");\n    if ($body.find(complianceSelectors).length > 0) {\n        cy.log(\"✓ Compliance widgets found\");\n        // Look for common compliance frameworks\n        const text = $body.text();\n        const frameworks = [\"NIST\", \"ISO\", \"GDPR\", \"HIPAA\", \"PCI\"];\n        const foundFrameworks = frameworks.filter((framework) => text.includes(framework));\n        if (foundFrameworks.length > 0) {\n            cy.log(`✓ Found compliance frameworks: ${foundFrameworks.join(\", \")}`);\n        }\n        else {\n            cy.log(\"⚠️ No specific compliance frameworks detected in text\");\n        }\n    }\n    else {\n        cy.log(\"⚠️ No compliance widgets found\");\n    }\n});\n// Step 7: Verify business impact analysis\ncy.log(\"Step 7: Verifying business impact analysis\");\ncy.get(\"body\").then(($body) => {\n    const impactSelectors = [\n        '[data-testid*=\"business-impact\"]',\n        '[data-testid*=\"impact\"]',\n        '[class*=\"business-impact\"]',\n        '[class*=\"impact\"]',\n    ].join(\", \");\n    if ($body.find(impactSelectors).length > 0) {\n        cy.log(\"✓ Business impact analysis widgets found\");\n        // Check for impact-related content\n        const text = $body.text().toLowerCase();\n        const hasImpactContent = text.includes(\"impact\") ||\n            text.includes(\"risk\") ||\n            text.includes(\"business\") ||\n            text.includes(\"financial\") ||\n            text.includes(\"operational\");\n        if (hasImpactContent) {\n            cy.log(\"✓ Business impact content detected\");\n        }\n    }\n    else {\n        cy.log(\"⚠️ No business impact widgets found\");\n    }\n});\n// Step 8: Take final screenshot for documentation\ncy.log(\"Step 8: Capturing final state\");\ncy.screenshot(\"complete-assessment-workflow-final-state\");\ncy.log(\"✅ Complete assessment workflow test passed\");",
                  "err": {},
                  "uuid": "d1301b4e-4a2e-4134-aeb5-91b6f7b0a9fc",
                  "parentUUID": "1b611e09-5ce3-4647-a70a-a466f66236a3",
                  "isHook": false,
                  "skipped": false
                }
              ],
              "suites": [],
              "passes": [
                "d1301b4e-4a2e-4134-aeb5-91b6f7b0a9fc"
              ],
              "failures": [],
              "pending": [],
              "skipped": [],
              "duration": 6148,
              "root": false,
              "rootEmpty": false,
              "_timeout": 2000
            },
            {
              "uuid": "17a9fc97-8f96-44ca-863e-4cab98406c35",
              "title": "CIA Level Selection",
              "fullFile": "",
              "file": "",
              "beforeHooks": [],
              "afterHooks": [],
              "tests": [
                {
                  "title": "should update costs when changing confidentiality level",
                  "fullTitle": "Security Assessment Flow CIA Level Selection should update costs when changing confidentiality level",
                  "timedOut": null,
                  "duration": 1704,
                  "state": "passed",
                  "speed": "fast",
                  "pass": true,
                  "fail": false,
                  "pending": false,
                  "context": null,
                  "code": "cy.log(\"Testing confidentiality level impact on costs\");\n// Set initial low confidentiality\ncy.setSecurityLevels(undefined, undefined, _support_constants__WEBPACK_IMPORTED_MODULE_0__.SECURITY_LEVELS.LOW);\n// Capture initial cost values\ncy.get(\"body\")\n    .invoke(\"text\")\n    .then((initialText) => {\n    cy.log(\"Initial state captured\");\n    // Change to Very High confidentiality\n    cy.setSecurityLevels(undefined, undefined, _support_constants__WEBPACK_IMPORTED_MODULE_0__.SECURITY_LEVELS.VERY_HIGH);\n    // Verify costs changed\n    cy.get(\"body\")\n        .invoke(\"text\")\n        .then((newText) => {\n        // The page content should be different\n        expect(newText).to.not.equal(initialText);\n        cy.log(\"✓ Page content changed after security level update\");\n    });\n});",
                  "err": {},
                  "uuid": "2219755a-1551-4a58-afbb-82fa5e2c1071",
                  "parentUUID": "17a9fc97-8f96-44ca-863e-4cab98406c35",
                  "isHook": false,
                  "skipped": false
                },
                {
                  "title": "should display appropriate technical details for each level",
                  "fullTitle": "Security Assessment Flow CIA Level Selection should display appropriate technical details for each level",
                  "timedOut": null,
                  "duration": 1623,
                  "state": "passed",
                  "speed": "fast",
                  "pass": true,
                  "fail": false,
                  "pending": false,
                  "context": null,
                  "code": "cy.log(\"Testing technical details display for each security level\");\n// Test High integrity level\ncy.setSecurityLevels(undefined, _support_constants__WEBPACK_IMPORTED_MODULE_0__.SECURITY_LEVELS.HIGH, undefined);\ncy.get(\"body\").then(($body) => {\n    const text = $body.text().toLowerCase();\n    // High integrity should have technical details about immutability and verification\n    const hasTechnicalDetails = text.includes(\"blockchain\") ||\n        text.includes(\"immutable\") ||\n        text.includes(\"hash\") ||\n        text.includes(\"checksum\") ||\n        text.includes(\"audit\") ||\n        text.includes(\"verification\");\n    if (hasTechnicalDetails) {\n        cy.log(\"✓ Technical details detected for High integrity\");\n    }\n    else {\n        cy.log(\"⚠️ Technical details not clearly visible\");\n    }\n});\n// Test Very High availability level\ncy.setSecurityLevels(_support_constants__WEBPACK_IMPORTED_MODULE_0__.SECURITY_LEVELS.VERY_HIGH, undefined, undefined);\ncy.get(\"body\").then(($body) => {\n    const text = $body.text().toLowerCase();\n    // Very High availability should have technical details about multi-region and hot standby\n    const hasTechnicalDetails = text.includes(\"multi-region\") ||\n        text.includes(\"hot standby\") ||\n        text.includes(\"active-active\") ||\n        text.includes(\"zero downtime\") ||\n        text.includes(\"redundancy\");\n    if (hasTechnicalDetails) {\n        cy.log(\"✓ Technical details detected for Very High availability\");\n    }\n    else {\n        cy.log(\"⚠️ Technical details not clearly visible\");\n    }\n});",
                  "err": {},
                  "uuid": "cc070ec2-d1c7-461a-8107-56a163b6d361",
                  "parentUUID": "17a9fc97-8f96-44ca-863e-4cab98406c35",
                  "isHook": false,
                  "skipped": false
                },
                {
                  "title": "should validate all CIA level combinations",
                  "fullTitle": "Security Assessment Flow CIA Level Selection should validate all CIA level combinations",
                  "timedOut": null,
                  "duration": 3220,
                  "state": "passed",
                  "speed": "fast",
                  "pass": true,
                  "fail": false,
                  "pending": false,
                  "context": null,
                  "code": "cy.log(\"Testing various CIA level combinations\");\nconst combinations = [\n    {\n        name: \"All Low\",\n        levels: [_support_constants__WEBPACK_IMPORTED_MODULE_0__.SECURITY_LEVELS.LOW, _support_constants__WEBPACK_IMPORTED_MODULE_0__.SECURITY_LEVELS.LOW, _support_constants__WEBPACK_IMPORTED_MODULE_0__.SECURITY_LEVELS.LOW],\n    },\n    {\n        name: \"All Moderate\",\n        levels: [\n            _support_constants__WEBPACK_IMPORTED_MODULE_0__.SECURITY_LEVELS.MODERATE,\n            _support_constants__WEBPACK_IMPORTED_MODULE_0__.SECURITY_LEVELS.MODERATE,\n            _support_constants__WEBPACK_IMPORTED_MODULE_0__.SECURITY_LEVELS.MODERATE,\n        ],\n    },\n    {\n        name: \"Mixed (High C, Moderate I, Low A)\",\n        levels: [_support_constants__WEBPACK_IMPORTED_MODULE_0__.SECURITY_LEVELS.LOW, _support_constants__WEBPACK_IMPORTED_MODULE_0__.SECURITY_LEVELS.MODERATE, _support_constants__WEBPACK_IMPORTED_MODULE_0__.SECURITY_LEVELS.HIGH],\n    },\n];\ncombinations.forEach((combo) => {\n    cy.log(`Testing combination: ${combo.name}`);\n    // Set security levels using custom command (availability, integrity, confidentiality)\n    cy.setSecurityLevels(combo.levels[0], combo.levels[1], combo.levels[2]);\n    // Verify selections are applied correctly\n    cy.get(\"select\").eq(0).should(\"have.value\", combo.levels[0]);\n    cy.get(\"select\").eq(1).should(\"have.value\", combo.levels[1]);\n    cy.get(\"select\").eq(2).should(\"have.value\", combo.levels[2]);\n    // Verify widgets are still present and responsive\n    cy.get(\"[data-testid^='widget-']\").should(\"have.length.at.least\", 1);\n    cy.log(`✓ ${combo.name} combination configured successfully`);\n});",
                  "err": {},
                  "uuid": "2906fb1f-6778-41d5-9bcb-b492a8ef3ad3",
                  "parentUUID": "17a9fc97-8f96-44ca-863e-4cab98406c35",
                  "isHook": false,
                  "skipped": false
                }
              ],
              "suites": [],
              "passes": [
                "2219755a-1551-4a58-afbb-82fa5e2c1071",
                "cc070ec2-d1c7-461a-8107-56a163b6d361",
                "2906fb1f-6778-41d5-9bcb-b492a8ef3ad3"
              ],
              "failures": [],
              "pending": [],
              "skipped": [],
              "duration": 6547,
              "root": false,
              "rootEmpty": false,
              "_timeout": 2000
            },
            {
              "uuid": "c476a465-1e67-49ef-a02e-e37708cda80d",
              "title": "Framework Compliance Mapping",
              "fullFile": "",
              "file": "",
              "beforeHooks": [],
              "afterHooks": [],
              "tests": [
                {
                  "title": "should show compliance status for all supported frameworks",
                  "fullTitle": "Security Assessment Flow Framework Compliance Mapping should show compliance status for all supported frameworks",
                  "timedOut": null,
                  "duration": 1466,
                  "state": "passed",
                  "speed": "fast",
                  "pass": true,
                  "fail": false,
                  "pending": false,
                  "context": null,
                  "code": "cy.log(\"Testing framework compliance mapping\");\n// Set high security levels to maximize compliance\ncy.setSecurityLevels(_support_constants__WEBPACK_IMPORTED_MODULE_0__.SECURITY_LEVELS.HIGH, _support_constants__WEBPACK_IMPORTED_MODULE_0__.SECURITY_LEVELS.HIGH, _support_constants__WEBPACK_IMPORTED_MODULE_0__.SECURITY_LEVELS.HIGH);\n// Look for compliance framework information\ncy.get(\"body\").then(($body) => {\n    const text = $body.text();\n    const commonFrameworks = [\n        \"NIST\",\n        \"ISO\",\n        \"GDPR\",\n        \"HIPAA\",\n        \"PCI\",\n        \"SOC\",\n        \"FedRAMP\",\n    ];\n    const foundFrameworks = commonFrameworks.filter((framework) => text.includes(framework));\n    cy.log(`Found ${foundFrameworks.length} compliance frameworks`);\n    if (foundFrameworks.length > 0) {\n        cy.log(`✓ Compliance frameworks detected: ${foundFrameworks.join(\", \")}`);\n        expect(foundFrameworks.length).to.be.at.least(1, \"Should display at least one compliance framework\");\n    }\n    else {\n        cy.log(\"⚠️ No standard compliance frameworks explicitly detected\");\n    }\n});",
                  "err": {},
                  "uuid": "4f7e7d57-7219-4d52-87a8-80c9ad15ef39",
                  "parentUUID": "c476a465-1e67-49ef-a02e-e37708cda80d",
                  "isHook": false,
                  "skipped": false
                },
                {
                  "title": "should display framework-specific controls and requirements",
                  "fullTitle": "Security Assessment Flow Framework Compliance Mapping should display framework-specific controls and requirements",
                  "timedOut": null,
                  "duration": 1331,
                  "state": "passed",
                  "speed": "fast",
                  "pass": true,
                  "fail": false,
                  "pending": false,
                  "context": null,
                  "code": "cy.log(\"Testing framework-specific control display\");\n// Set high security configuration\ncy.setSecurityLevels(_support_constants__WEBPACK_IMPORTED_MODULE_0__.SECURITY_LEVELS.HIGH, _support_constants__WEBPACK_IMPORTED_MODULE_0__.SECURITY_LEVELS.HIGH, _support_constants__WEBPACK_IMPORTED_MODULE_0__.SECURITY_LEVELS.HIGH);\n// Look for control-related content\ncy.get(\"body\").then(($body) => {\n    const text = $body.text().toLowerCase();\n    // Check for common control terminology\n    const controlTerms = [\n        \"control\",\n        \"requirement\",\n        \"standard\",\n        \"compliant\",\n        \"compliance\",\n        \"policy\",\n        \"procedure\",\n    ];\n    const foundTerms = controlTerms.filter((term) => text.includes(term));\n    if (foundTerms.length >= 2) {\n        cy.log(`✓ Control-related content found: ${foundTerms.join(\", \")}`);\n    }\n    else {\n        cy.log(\"⚠️ Limited control-related content detected\");\n    }\n});",
                  "err": {},
                  "uuid": "14c518ef-8173-42c9-b1c7-8868942f166d",
                  "parentUUID": "c476a465-1e67-49ef-a02e-e37708cda80d",
                  "isHook": false,
                  "skipped": false
                }
              ],
              "suites": [],
              "passes": [
                "4f7e7d57-7219-4d52-87a8-80c9ad15ef39",
                "14c518ef-8173-42c9-b1c7-8868942f166d"
              ],
              "failures": [],
              "pending": [],
              "skipped": [],
              "duration": 2797,
              "root": false,
              "rootEmpty": false,
              "_timeout": 2000
            },
            {
              "uuid": "b98d1377-46d4-4f21-8c34-0410ec02957c",
              "title": "Error Handling",
              "fullFile": "",
              "file": "",
              "beforeHooks": [],
              "afterHooks": [],
              "tests": [
                {
                  "title": "should handle invalid level selections gracefully",
                  "fullTitle": "Security Assessment Flow Error Handling should handle invalid level selections gracefully",
                  "timedOut": null,
                  "duration": 1012,
                  "state": "passed",
                  "speed": "fast",
                  "pass": true,
                  "fail": false,
                  "pending": false,
                  "context": null,
                  "code": "cy.log(\"Testing error handling for invalid selections\");\n// Try to set invalid localStorage data\ncy.window().then((win) => {\n    win.localStorage.setItem(\"security-config\", \"invalid-json\");\n    cy.log(\"Set invalid localStorage data\");\n});\n// Reload page\ncy.reload();\ncy.ensureAppLoaded();\n// Application should still load\ncy.get(\"body\").should(\"exist\").and(\"be.visible\");\ncy.get(\"select\").should(\"have.length.at.least\", 3);\ncy.log(\"✓ Application recovered from invalid localStorage data\");\n// Clear invalid data\ncy.window().then((win) => {\n    win.localStorage.removeItem(\"security-config\");\n});",
                  "err": {},
                  "uuid": "0cff70cc-4f21-4098-8820-aa3212772522",
                  "parentUUID": "b98d1377-46d4-4f21-8c34-0410ec02957c",
                  "isHook": false,
                  "skipped": false
                },
                {
                  "title": "should handle rapid level changes without errors",
                  "fullTitle": "Security Assessment Flow Error Handling should handle rapid level changes without errors",
                  "timedOut": null,
                  "duration": 3082,
                  "state": "passed",
                  "speed": "fast",
                  "pass": true,
                  "fail": false,
                  "pending": false,
                  "context": null,
                  "code": "cy.log(\"Testing rapid security level changes\");\n// Monitor console errors\ncy.window().then((win) => {\n    win.consoleErrors = [];\n    const originalError = win.console.error;\n    win.console.error = (...args) => {\n        win.consoleErrors.push(args.join(\" \"));\n        originalError.apply(win.console, args);\n    };\n});\n// Rapidly change security levels using custom command\ncy.setSecurityLevels(_support_constants__WEBPACK_IMPORTED_MODULE_0__.SECURITY_LEVELS.HIGH, _support_constants__WEBPACK_IMPORTED_MODULE_0__.SECURITY_LEVELS.HIGH, _support_constants__WEBPACK_IMPORTED_MODULE_0__.SECURITY_LEVELS.HIGH);\ncy.setSecurityLevels(_support_constants__WEBPACK_IMPORTED_MODULE_0__.SECURITY_LEVELS.LOW, _support_constants__WEBPACK_IMPORTED_MODULE_0__.SECURITY_LEVELS.LOW, _support_constants__WEBPACK_IMPORTED_MODULE_0__.SECURITY_LEVELS.LOW);\ncy.setSecurityLevels(_support_constants__WEBPACK_IMPORTED_MODULE_0__.SECURITY_LEVELS.MODERATE, _support_constants__WEBPACK_IMPORTED_MODULE_0__.SECURITY_LEVELS.MODERATE, _support_constants__WEBPACK_IMPORTED_MODULE_0__.SECURITY_LEVELS.MODERATE);\n// Check for critical console errors\ncy.window().then((win) => {\n    const criticalErrors = win.consoleErrors.filter((msg) => msg.includes(\"undefined\") ||\n        msg.includes(\"TypeError\") ||\n        msg.includes(\"ReferenceError\"));\n    expect(criticalErrors.length, \"No critical errors during rapid changes\").to.equal(0);\n    if (criticalErrors.length === 0) {\n        cy.log(\"✓ No critical errors during rapid security level changes\");\n    }\n});",
                  "err": {},
                  "uuid": "49946ecb-e493-4ff9-9140-409b0bd88aba",
                  "parentUUID": "b98d1377-46d4-4f21-8c34-0410ec02957c",
                  "isHook": false,
                  "skipped": false
                },
                {
                  "title": "should display user-friendly messages for edge cases",
                  "fullTitle": "Security Assessment Flow Error Handling should display user-friendly messages for edge cases",
                  "timedOut": null,
                  "duration": 1566,
                  "state": "passed",
                  "speed": "fast",
                  "pass": true,
                  "fail": false,
                  "pending": false,
                  "context": null,
                  "code": "cy.log(\"Testing edge case handling\");\n// Test with all None/lowest levels\ncy.get(\"select\").then(($selects) => {\n    // Check if \"None\" is an option, otherwise use \"Low\"\n    const firstSelect = $selects.eq(0);\n    const hasNoneOption = firstSelect.find('option[value=\"None\"]').length > 0;\n    const lowestLevel = hasNoneOption ? \"None\" : _support_constants__WEBPACK_IMPORTED_MODULE_0__.SECURITY_LEVELS.LOW;\n    // Use custom command to set lowest levels\n    cy.setSecurityLevels(lowestLevel, lowestLevel, lowestLevel);\n    // Application should still function with lowest security levels\n    cy.get(\"body\").should(\"be.visible\");\n    cy.get(\"select\").should(\"have.length.at.least\", 3);\n    cy.log(`✓ Application handles ${lowestLevel} security levels gracefully`);\n});",
                  "err": {},
                  "uuid": "36ef68ff-c055-4923-8162-c86c20c2cefa",
                  "parentUUID": "b98d1377-46d4-4f21-8c34-0410ec02957c",
                  "isHook": false,
                  "skipped": false
                }
              ],
              "suites": [],
              "passes": [
                "0cff70cc-4f21-4098-8820-aa3212772522",
                "49946ecb-e493-4ff9-9140-409b0bd88aba",
                "36ef68ff-c055-4923-8162-c86c20c2cefa"
              ],
              "failures": [],
              "pending": [],
              "skipped": [],
              "duration": 5660,
              "root": false,
              "rootEmpty": false,
              "_timeout": 2000
            },
            {
              "uuid": "3ab4bb88-72d1-4e6d-891c-9ac0c75b3b8a",
              "title": "Accessibility",
              "fullFile": "",
              "file": "",
              "beforeHooks": [],
              "afterHooks": [],
              "tests": [
                {
                  "title": "should be keyboard navigable",
                  "fullTitle": "Security Assessment Flow Accessibility should be keyboard navigable",
                  "timedOut": null,
                  "duration": 752,
                  "state": "passed",
                  "speed": "fast",
                  "pass": true,
                  "fail": false,
                  "pending": false,
                  "context": null,
                  "code": "cy.log(\"Testing keyboard navigation\");\n// Test that all selects can receive focus\ncy.get(\"select\").eq(0).focus();\ncy.focused().should(\"match\", \"select\");\ncy.log(\"✓ First select is focusable\");\ncy.get(\"select\").eq(1).focus();\ncy.focused().should(\"match\", \"select\");\ncy.log(\"✓ Second select is focusable\");\ncy.get(\"select\").eq(2).focus();\ncy.focused().should(\"match\", \"select\");\ncy.log(\"✓ Third select is focusable\");\n// Test that selects can be changed with keyboard\ncy.get(\"select\").eq(0).invoke(\"val\").then((initialValue) => {\n    cy.get(\"select\").eq(0).focus().type(\"{downarrow}{enter}\");\n    cy.get(\"select\").eq(0).invoke(\"val\").then((newValue) => {\n        // Value should have changed after keyboard interaction\n        if (newValue !== initialValue) {\n            cy.log(\"✓ Select value changed with keyboard interaction\");\n        }\n    });\n});\ncy.log(\"✓ Security level selects are keyboard navigable\");",
                  "err": {},
                  "uuid": "3bd26617-95fd-4f1f-96d3-7a00c6d39fba",
                  "parentUUID": "3ab4bb88-72d1-4e6d-891c-9ac0c75b3b8a",
                  "isHook": false,
                  "skipped": false
                },
                {
                  "title": "should have proper ARIA labels and semantic HTML",
                  "fullTitle": "Security Assessment Flow Accessibility should have proper ARIA labels and semantic HTML",
                  "timedOut": null,
                  "duration": 593,
                  "state": "passed",
                  "speed": "fast",
                  "pass": true,
                  "fail": false,
                  "pending": false,
                  "context": null,
                  "code": "cy.log(\"Testing ARIA labels and semantic HTML\");\n// Check that selects have labels or aria-labels\ncy.get(\"select\").each(($select) => {\n    const id = $select.attr(\"id\");\n    const ariaLabel = $select.attr(\"aria-label\");\n    const ariaLabelledBy = $select.attr(\"aria-labelledby\");\n    // Check if select has an associated label\n    let hasLabel = false;\n    if (id) {\n        cy.get(`label[for=\"${id}\"]`).then(($labels) => {\n            hasLabel = $labels.length > 0;\n        });\n    }\n    const hasAccessibilityLabel = !!(ariaLabel || ariaLabelledBy || hasLabel);\n    if (hasAccessibilityLabel) {\n        cy.log(\"✓ Select has accessibility label\");\n    }\n});",
                  "err": {},
                  "uuid": "5572f102-5a04-496c-adc1-273b9b8c70ab",
                  "parentUUID": "3ab4bb88-72d1-4e6d-891c-9ac0c75b3b8a",
                  "isHook": false,
                  "skipped": false
                },
                {
                  "title": "should provide clear visual focus indicators",
                  "fullTitle": "Security Assessment Flow Accessibility should provide clear visual focus indicators",
                  "timedOut": null,
                  "duration": 593,
                  "state": "passed",
                  "speed": "fast",
                  "pass": true,
                  "fail": false,
                  "pending": false,
                  "context": null,
                  "code": "cy.log(\"Testing visual focus indicators\");\n// Focus on a select and check it's visually distinguishable\ncy.get(\"select\").eq(0).focus();\ncy.focused().then(($focused) => {\n    const focusedElement = $focused[0];\n    const computedStyle = window.getComputedStyle(focusedElement);\n    // Check for outline or other focus indicators\n    const hasOutline = computedStyle.outline !== \"none\" && computedStyle.outline !== \"\";\n    const hasBoxShadow = computedStyle.boxShadow !== \"none\" && computedStyle.boxShadow !== \"\";\n    const hasBorder = computedStyle.border !== \"none\" && computedStyle.border !== \"\";\n    const hasFocusIndicator = hasOutline || hasBoxShadow || hasBorder;\n    if (hasFocusIndicator) {\n        cy.log(\"✓ Focus indicator detected\");\n    }\n    else {\n        cy.log(\"⚠️ Focus indicator may need improvement\");\n    }\n});",
                  "err": {},
                  "uuid": "a82e165b-a9a4-4917-8a27-43a1b1465d24",
                  "parentUUID": "3ab4bb88-72d1-4e6d-891c-9ac0c75b3b8a",
                  "isHook": false,
                  "skipped": false
                }
              ],
              "suites": [],
              "passes": [
                "3bd26617-95fd-4f1f-96d3-7a00c6d39fba",
                "5572f102-5a04-496c-adc1-273b9b8c70ab",
                "a82e165b-a9a4-4917-8a27-43a1b1465d24"
              ],
              "failures": [],
              "pending": [],
              "skipped": [],
              "duration": 1938,
              "root": false,
              "rootEmpty": false,
              "_timeout": 2000
            },
            {
              "uuid": "7cc7e0d4-11c5-4691-b601-d5091001ab29",
              "title": "Business Impact Analysis",
              "fullFile": "",
              "file": "",
              "beforeHooks": [],
              "afterHooks": [],
              "tests": [
                {
                  "title": "should calculate and display business impact for different security levels",
                  "fullTitle": "Security Assessment Flow Business Impact Analysis should calculate and display business impact for different security levels",
                  "timedOut": null,
                  "duration": 9520,
                  "state": "passed",
                  "speed": "medium",
                  "pass": true,
                  "fail": false,
                  "pending": false,
                  "context": null,
                  "code": "cy.log(\"Testing business impact calculations\");\nconst scenarios = [\n    {\n        name: \"Low Security Impact\",\n        levels: [_support_constants__WEBPACK_IMPORTED_MODULE_0__.SECURITY_LEVELS.LOW, _support_constants__WEBPACK_IMPORTED_MODULE_0__.SECURITY_LEVELS.LOW, _support_constants__WEBPACK_IMPORTED_MODULE_0__.SECURITY_LEVELS.LOW],\n    },\n    {\n        name: \"High Security Impact\",\n        levels: [_support_constants__WEBPACK_IMPORTED_MODULE_0__.SECURITY_LEVELS.HIGH, _support_constants__WEBPACK_IMPORTED_MODULE_0__.SECURITY_LEVELS.HIGH, _support_constants__WEBPACK_IMPORTED_MODULE_0__.SECURITY_LEVELS.HIGH],\n    },\n];\nscenarios.forEach((scenario) => {\n    cy.log(`Testing ${scenario.name}`);\n    // Set security levels using custom command\n    cy.setSecurityLevels(scenario.levels[0], scenario.levels[1], scenario.levels[2]);\n    // Look for business impact content\n    cy.get(\"body\").then(($body) => {\n        const text = $body.text().toLowerCase();\n        const impactTerms = [\n            \"impact\",\n            \"risk\",\n            \"business\",\n            \"financial\",\n            \"operational\",\n            \"reputational\",\n            \"cost\",\n        ];\n        const foundTerms = impactTerms.filter((term) => text.includes(term));\n        if (foundTerms.length >= 2) {\n            cy.log(`✓ Business impact analysis displayed for ${scenario.name}`);\n        }\n    });\n    // Take screenshot for documentation\n    cy.screenshot(`business-impact-${scenario.name.toLowerCase().replace(/\\s+/g, \"-\")}`);\n});",
                  "err": {},
                  "uuid": "c6f0dd41-0100-4646-b8da-8205795bd989",
                  "parentUUID": "7cc7e0d4-11c5-4691-b601-d5091001ab29",
                  "isHook": false,
                  "skipped": false
                }
              ],
              "suites": [],
              "passes": [
                "c6f0dd41-0100-4646-b8da-8205795bd989"
              ],
              "failures": [],
              "pending": [],
              "skipped": [],
              "duration": 9520,
              "root": false,
              "rootEmpty": false,
              "_timeout": 2000
            },
            {
              "uuid": "52d9b272-0239-4d91-9adf-ef2c650ffa9c",
              "title": "Data Persistence",
              "fullFile": "",
              "file": "",
              "beforeHooks": [],
              "afterHooks": [],
              "tests": [
                {
                  "title": "should persist security level selections across page reloads",
                  "fullTitle": "Security Assessment Flow Data Persistence should persist security level selections across page reloads",
                  "timedOut": null,
                  "duration": 1798,
                  "state": "passed",
                  "speed": "fast",
                  "pass": true,
                  "fail": false,
                  "pending": false,
                  "context": null,
                  "code": "cy.log(\"Testing security level persistence\");\n// Set specific security levels\ncy.setSecurityLevels(_support_constants__WEBPACK_IMPORTED_MODULE_0__.SECURITY_LEVELS.MODERATE, _support_constants__WEBPACK_IMPORTED_MODULE_0__.SECURITY_LEVELS.HIGH, _support_constants__WEBPACK_IMPORTED_MODULE_0__.SECURITY_LEVELS.LOW);\n// Reload page\ncy.reload();\ncy.ensureAppLoaded();\n// Verify selections are preserved (if app implements persistence)\ncy.get(\"select\").then(($selects) => {\n    const availability = $selects.eq(0).val();\n    const integrity = $selects.eq(1).val();\n    const confidentiality = $selects.eq(2).val();\n    // Log current values\n    cy.log(`After reload - A: ${availability}, I: ${integrity}, C: ${confidentiality}`);\n    // Note: Persistence behavior depends on app implementation\n    // This test documents the current behavior\n    cy.log(\"✓ Security level state documented after reload\");\n});",
                  "err": {},
                  "uuid": "41173d82-fc46-4fce-b23b-59ba08f03037",
                  "parentUUID": "52d9b272-0239-4d91-9adf-ef2c650ffa9c",
                  "isHook": false,
                  "skipped": false
                }
              ],
              "suites": [],
              "passes": [
                "41173d82-fc46-4fce-b23b-59ba08f03037"
              ],
              "failures": [],
              "pending": [],
              "skipped": [],
              "duration": 1798,
              "root": false,
              "rootEmpty": false,
              "_timeout": 2000
            },
            {
              "uuid": "b4b9726a-6141-4551-ad4c-9a3fb5cd0a4a",
              "title": "Widget Integration",
              "fullFile": "",
              "file": "",
              "beforeHooks": [],
              "afterHooks": [],
              "tests": [
                {
                  "title": "should ensure all widgets respond to security level changes",
                  "fullTitle": "Security Assessment Flow Widget Integration should ensure all widgets respond to security level changes",
                  "timedOut": null,
                  "duration": 1322,
                  "state": "passed",
                  "speed": "fast",
                  "pass": true,
                  "fail": false,
                  "pending": false,
                  "context": null,
                  "code": "cy.log(\"Testing widget integration and responsiveness\");\n// Count initial widgets\ncy.get(\"[data-testid^='widget-']\").then(($initialWidgets) => {\n    const initialCount = $initialWidgets.length;\n    cy.log(`Initial widget count: ${initialCount}`);\n    // Change security levels using custom command\n    cy.setSecurityLevels(_support_constants__WEBPACK_IMPORTED_MODULE_0__.SECURITY_LEVELS.HIGH, _support_constants__WEBPACK_IMPORTED_MODULE_0__.SECURITY_LEVELS.HIGH, _support_constants__WEBPACK_IMPORTED_MODULE_0__.SECURITY_LEVELS.HIGH);\n    // Verify widgets still present and responsive\n    cy.get(\"[data-testid^='widget-']\").then(($updatedWidgets) => {\n        const updatedCount = $updatedWidgets.length;\n        cy.log(`Updated widget count: ${updatedCount}`);\n        // Widget count should remain stable\n        expect(updatedCount).to.be.at.least(Math.max(1, initialCount - 1), \"Widget count should remain stable during security level changes\");\n        cy.log(\"✓ All widgets remained responsive to security level changes\");\n    });\n});",
                  "err": {},
                  "uuid": "8829846c-f368-4846-95fe-c9bc402fc6bf",
                  "parentUUID": "b4b9726a-6141-4551-ad4c-9a3fb5cd0a4a",
                  "isHook": false,
                  "skipped": false
                }
              ],
              "suites": [],
              "passes": [
                "8829846c-f368-4846-95fe-c9bc402fc6bf"
              ],
              "failures": [],
              "pending": [],
              "skipped": [],
              "duration": 1322,
              "root": false,
              "rootEmpty": false,
              "_timeout": 2000
            }
          ],
          "passes": [],
          "failures": [],
          "pending": [],
          "skipped": [],
          "duration": 0,
          "root": false,
          "rootEmpty": false,
          "_timeout": 2000
        }
      ],
      "passes": [],
      "failures": [],
      "pending": [],
      "skipped": [],
      "duration": 0,
      "root": true,
      "rootEmpty": true,
      "_timeout": 2000
    },
    {
      "uuid": "0b0cbd03-f4c0-4b38-afae-1e8421fd59af",
      "title": "",
      "fullFile": "cypress/e2e/business-outcomes/compliance-validation.cy.ts",
      "file": "cypress/e2e/business-outcomes/compliance-validation.cy.ts",
      "beforeHooks": [],
      "afterHooks": [],
      "tests": [],
      "suites": [
        {
          "uuid": "158e1a70-9f54-4867-8355-020fc9fde86b",
          "title": "Compliance Status Validation",
          "fullFile": "",
          "file": "",
          "beforeHooks": [],
          "afterHooks": [],
          "tests": [
            {
              "title": "accurately reflects compliance status based on security levels",
              "fullTitle": "Compliance Status Validation accurately reflects compliance status based on security levels",
              "timedOut": null,
              "duration": 10987,
              "state": "passed",
              "speed": "slow",
              "pass": true,
              "fail": false,
              "pending": false,
              "context": null,
              "code": "// Reduced to 2 critical scenarios (low and high) - moderate is covered by beforeEach in other tests\nconst complianceScenarios = [\n    {\n        levels: [_support_constants__WEBPACK_IMPORTED_MODULE_0__.SECURITY_LEVELS.LOW, _support_constants__WEBPACK_IMPORTED_MODULE_0__.SECURITY_LEVELS.LOW, _support_constants__WEBPACK_IMPORTED_MODULE_0__.SECURITY_LEVELS.LOW],\n        expectedTextPatterns: [\n            /minimal|basic|non-compliant|low|partial|warning|caution/i,\n            /compliance|status|level|security/i,\n        ],\n        name: \"low-security\",\n    },\n    {\n        levels: [\n            _support_constants__WEBPACK_IMPORTED_MODULE_0__.SECURITY_LEVELS.HIGH,\n            _support_constants__WEBPACK_IMPORTED_MODULE_0__.SECURITY_LEVELS.HIGH,\n            _support_constants__WEBPACK_IMPORTED_MODULE_0__.SECURITY_LEVELS.HIGH,\n        ],\n        expectedTextPatterns: [\n            /compliant|meets requirements|high|full|complete|standard|advanced/i,\n            /compliance|status|framework|requirement/i,\n        ],\n        name: \"high-security\",\n    },\n];\n// Test each scenario with better error handling\ncomplianceScenarios.forEach((scenario, index) => {\n    cy.log(`Testing compliance scenario ${index + 1}: ${scenario.name}`);\n    // More reliable way to set security levels\n    cy.setSecurityLevels(...scenario.levels);\n    cy.wait(500); // Reduced wait time\n    // Take screenshot for debugging (only 2 screenshots now instead of 6)\n    cy.screenshot(`compliance-scenario-${scenario.name}`);\n    // Search for compliance information using multiple strategies\n    cy.get(\"body\").then(($body) => {\n        const bodyText = $body.text();\n        // Check if all expected text patterns appear somewhere on the page\n        const allPatternsFound = scenario.expectedTextPatterns.every((pattern) => pattern.test(bodyText));\n        if (allPatternsFound) {\n            cy.log(`✓ Found all expected compliance patterns for ${scenario.name}`);\n        }\n        else {\n            // Log which patterns were not found\n            scenario.expectedTextPatterns.forEach((pattern) => {\n                if (!pattern.test(bodyText)) {\n                    cy.log(`⚠️ Could not find pattern: ${pattern} for ${scenario.name}`);\n                }\n            });\n        }\n    });\n});",
              "err": {},
              "uuid": "e595a6bf-de46-4285-87c5-f02b8fd5d9f0",
              "parentUUID": "158e1a70-9f54-4867-8355-020fc9fde86b",
              "isHook": false,
              "skipped": false
            },
            {
              "title": "verifies compliance framework details visibility",
              "fullTitle": "Compliance Status Validation verifies compliance framework details visibility",
              "timedOut": null,
              "duration": 1955,
              "state": "passed",
              "speed": "fast",
              "pass": true,
              "fail": false,
              "pending": false,
              "context": null,
              "code": "// Set high security to maximize framework visibility\ncy.setSecurityLevels(_support_constants__WEBPACK_IMPORTED_MODULE_0__.SECURITY_LEVELS.HIGH, _support_constants__WEBPACK_IMPORTED_MODULE_0__.SECURITY_LEVELS.HIGH, _support_constants__WEBPACK_IMPORTED_MODULE_0__.SECURITY_LEVELS.HIGH);\ncy.wait(500); // Reduced wait time\n// Look for compliance-related elements using multiple selectors\nconst complianceSelectors = [\n    '[data-testid*=\"compliance\"]',\n    '[class*=\"compliance\"]',\n    '[data-testid*=\"framework\"]',\n    '[class*=\"framework\"]',\n].join(\", \");\n// Try to find compliance elements\ncy.get(\"body\").then(($body) => {\n    if ($body.find(complianceSelectors).length > 0) {\n        cy.get(complianceSelectors).first().scrollIntoView();\n        // Try to find clickable items\n        const clickableSelectors = [\n            '[data-testid*=\"framework\"] button',\n            '[data-testid*=\"framework\"] a',\n            '[class*=\"framework\"] button',\n            '[class*=\"framework\"] a',\n            'li[class*=\"framework\"]',\n            'li[data-testid*=\"framework\"]',\n        ].join(\", \");\n        if ($body.find(clickableSelectors).length > 0) {\n            cy.get(clickableSelectors).first().click({ force: true });\n            cy.wait(300); // Reduced wait time\n            cy.log(\"✓ Successfully clicked on framework item\");\n        }\n        else {\n            cy.log(\"⚠️ No clickable framework items found\");\n        }\n    }\n    else {\n        cy.log(\"⚠️ No compliance elements found\");\n    }\n});",
              "err": {},
              "uuid": "5c1a0c9a-64a8-4ff4-a0f0-3adbd5e79973",
              "parentUUID": "158e1a70-9f54-4867-8355-020fc9fde86b",
              "isHook": false,
              "skipped": false
            },
            {
              "title": "shows appropriate compliance frameworks based on security levels",
              "fullTitle": "Compliance Status Validation shows appropriate compliance frameworks based on security levels",
              "timedOut": null,
              "duration": 2446,
              "state": "passed",
              "speed": "fast",
              "pass": true,
              "fail": false,
              "pending": false,
              "context": null,
              "code": "// Set high security to see maximum frameworks\ncy.setSecurityLevels(_support_constants__WEBPACK_IMPORTED_MODULE_0__.SECURITY_LEVELS.HIGH, _support_constants__WEBPACK_IMPORTED_MODULE_0__.SECURITY_LEVELS.HIGH, _support_constants__WEBPACK_IMPORTED_MODULE_0__.SECURITY_LEVELS.HIGH);\ncy.wait(1000);\n// Look for compliance frameworks section\ncy.get(\"body\").then(($body) => {\n    // Define a regex pattern to identify framework elements\n    const frameworkPattern = /([A-Z0-9]+\\s*[A-Z0-9]*\\s*[0-9-]*)/g;\n    // Extract frameworks from the DOM text\n    const bodyText = $body.text();\n    const possibleFrameworks = bodyText.match(frameworkPattern) || [];\n    // Filter to likely frameworks\n    const frameworks = possibleFrameworks.filter((f) => /^[A-Z0-9]{2,}/.test(f) && !f.includes(\"CIA\") && f.length > 2);\n    // Fix the spread argument error by using properly typed arguments\n    const logMessage = `Found ${frameworks.length} compliance frameworks`;\n    cy.log(logMessage);\n    // Use typed array for log args\n    const typedLogArgs = [\n        `Frameworks: ${frameworks.join(\", \")}`,\n    ];\n    cy.log(...typedLogArgs);\n    // Verify we found some frameworks\n    expect(frameworks.length).to.be.greaterThan(0);\n});",
              "err": {},
              "uuid": "5c1075d3-238d-4cf5-be8c-b92bde366853",
              "parentUUID": "158e1a70-9f54-4867-8355-020fc9fde86b",
              "isHook": false,
              "skipped": false
            }
          ],
          "suites": [],
          "passes": [
            "e595a6bf-de46-4285-87c5-f02b8fd5d9f0",
            "5c1a0c9a-64a8-4ff4-a0f0-3adbd5e79973",
            "5c1075d3-238d-4cf5-be8c-b92bde366853"
          ],
          "failures": [],
          "pending": [],
          "skipped": [],
          "duration": 15388,
          "root": false,
          "rootEmpty": false,
          "_timeout": 2000
        }
      ],
      "passes": [],
      "failures": [],
      "pending": [],
      "skipped": [],
      "duration": 0,
      "root": true,
      "rootEmpty": true,
      "_timeout": 2000
    },
    {
      "uuid": "dd4b557a-1ee4-45ce-b01c-cbfcc7777f6d",
      "title": "",
      "fullFile": "cypress/e2e/screenshots/widget-screenshots.cy.ts",
      "file": "cypress/e2e/screenshots/widget-screenshots.cy.ts",
      "beforeHooks": [],
      "afterHooks": [],
      "tests": [],
      "suites": [
        {
          "uuid": "25dec317-d412-42a3-af68-4bdabb72c39c",
          "title": "Widget UI/UX Screenshots",
          "fullFile": "",
          "file": "",
          "beforeHooks": [],
          "afterHooks": [],
          "tests": [
            {
              "title": "captures full dashboard grid in light mode only",
              "fullTitle": "Widget UI/UX Screenshots captures full dashboard grid in light mode only",
              "timedOut": null,
              "duration": 1399,
              "state": "passed",
              "speed": "fast",
              "pass": true,
              "fail": false,
              "pending": false,
              "context": null,
              "code": "// Set wider viewport to ensure all columns are visible\ncy.viewport(2400, 1200);\n// Ensure grid layout is properly displayed\ncy.get('[data-testid=\"dashboard-grid\"]').should(\"be.visible\");\n// Capture only light mode to reduce test time by 50%\ncy.screenshot(\"dashboard-grid-light\", { capture: \"viewport\" });",
              "err": {},
              "uuid": "c312b253-a837-4c80-84b8-298468535ea0",
              "parentUUID": "25dec317-d412-42a3-af68-4bdabb72c39c",
              "isHook": false,
              "skipped": false
            },
            {
              "title": "captures essential widgets in light theme only",
              "fullTitle": "Widget UI/UX Screenshots captures essential widgets in light theme only",
              "timedOut": null,
              "duration": 1287,
              "state": "passed",
              "speed": "fast",
              "pass": true,
              "fail": false,
              "pending": false,
              "context": null,
              "code": "// Capture only light theme to reduce test time - dark theme can be tested separately if needed\nessentialWidgets.forEach((widgetName) => {\n    cy.log(`Capturing widget: ${widgetName}`);\n    // Simplified capture - just take a single screenshot\n    cy.findWidget(widgetName).then(($widget) => {\n        if ($widget.length > 0) {\n            cy.wrap($widget.first()).screenshot(`widget-${widgetName}-light`, {\n                overwrite: true,\n            });\n        }\n    });\n});",
              "err": {},
              "uuid": "d86b07fb-8fa9-470b-87e0-5a2c1636d6d7",
              "parentUUID": "25dec317-d412-42a3-af68-4bdabb72c39c",
              "isHook": false,
              "skipped": false
            }
          ],
          "suites": [],
          "passes": [
            "c312b253-a837-4c80-84b8-298468535ea0",
            "d86b07fb-8fa9-470b-87e0-5a2c1636d6d7"
          ],
          "failures": [],
          "pending": [],
          "skipped": [],
          "duration": 2686,
          "root": false,
          "rootEmpty": false,
          "_timeout": 2000
        }
      ],
      "passes": [],
      "failures": [],
      "pending": [],
      "skipped": [],
      "duration": 0,
      "root": true,
      "rootEmpty": true,
      "_timeout": 2000
    },
    {
      "uuid": "260e77ef-cc2d-4f52-96cb-6fb32e6f15d6",
      "title": "",
      "fullFile": "cypress/e2e/security/security-headers.cy.ts",
      "file": "cypress/e2e/security/security-headers.cy.ts",
      "beforeHooks": [],
      "afterHooks": [],
      "tests": [],
      "suites": [
        {
          "uuid": "0ed2b91e-efca-466d-975d-34ea1d7faa8c",
          "title": "Security Headers",
          "fullFile": "",
          "file": "",
          "beforeHooks": [],
          "afterHooks": [],
          "tests": [],
          "suites": [
            {
              "uuid": "fc4d7b10-820e-47bd-aa44-58205229aa31",
              "title": "Content Security Policy (CSP)",
              "fullFile": "",
              "file": "",
              "beforeHooks": [],
              "afterHooks": [],
              "tests": [
                {
                  "title": "should have CSP meta tag configured",
                  "fullTitle": "Security Headers Content Security Policy (CSP) should have CSP meta tag configured",
                  "timedOut": null,
                  "duration": 1052,
                  "state": "passed",
                  "speed": "fast",
                  "pass": true,
                  "fail": false,
                  "pending": false,
                  "context": null,
                  "code": "cy.get(_support_constants__WEBPACK_IMPORTED_MODULE_0__.SECURITY_HEADER_SELECTORS.CSP)\n    .should(\"exist\")\n    .and(\"have.attr\", \"content\")\n    .and(\"not.be.empty\");",
                  "err": {},
                  "uuid": "0df5bd29-fbed-4f9c-b9d1-ef402ecde7f0",
                  "parentUUID": "fc4d7b10-820e-47bd-aa44-58205229aa31",
                  "isHook": false,
                  "skipped": false
                },
                {
                  "title": "should include required CSP directives",
                  "fullTitle": "Security Headers Content Security Policy (CSP) should include required CSP directives",
                  "timedOut": null,
                  "duration": 613,
                  "state": "passed",
                  "speed": "fast",
                  "pass": true,
                  "fail": false,
                  "pending": false,
                  "context": null,
                  "code": "cy.get(_support_constants__WEBPACK_IMPORTED_MODULE_0__.SECURITY_HEADER_SELECTORS.CSP)\n    .should(\"have.attr\", \"content\")\n    .then((content) => {\n    const cspContent = content;\n    // Verify critical CSP directives\n    expect(cspContent).to.include(\"default-src 'self'\", \"CSP should restrict default sources to same origin\");\n    expect(cspContent).to.include(\"script-src 'self'\", \"CSP should restrict scripts to same origin\");\n    expect(cspContent).to.include(\"object-src 'none'\", \"CSP should block all plugins (Flash, Java, etc.)\");\n    expect(cspContent).to.include(\"base-uri 'self'\", \"CSP should restrict base tag URLs to same origin\");\n    expect(cspContent).to.include(\"form-action 'self'\", \"CSP should restrict form submissions to same origin\");\n    expect(cspContent).to.include(\"frame-ancestors 'none'\", \"CSP should prevent site from being embedded in frames\");\n});",
                  "err": {},
                  "uuid": "cb716d29-06f2-4107-9ccd-a388b13d1e30",
                  "parentUUID": "fc4d7b10-820e-47bd-aa44-58205229aa31",
                  "isHook": false,
                  "skipped": false
                },
                {
                  "title": "should allow required font sources for Orbitron and Share Tech Mono",
                  "fullTitle": "Security Headers Content Security Policy (CSP) should allow required font sources for Orbitron and Share Tech Mono",
                  "timedOut": null,
                  "duration": 582,
                  "state": "passed",
                  "speed": "fast",
                  "pass": true,
                  "fail": false,
                  "pending": false,
                  "context": null,
                  "code": "cy.get(_support_constants__WEBPACK_IMPORTED_MODULE_0__.SECURITY_HEADER_SELECTORS.CSP)\n    .should(\"have.attr\", \"content\")\n    .then((content) => {\n    const cspContent = content;\n    // Verify font sources for Google Fonts\n    expect(cspContent).to.include(\"font-src\", \"CSP should include font-src directive\");\n    expect(cspContent).to.include(\"https://fonts.gstatic.com\", \"CSP should allow Google Fonts for typography\");\n});",
                  "err": {},
                  "uuid": "c40676d6-57e7-41c0-9f4c-5b2789ec80c0",
                  "parentUUID": "fc4d7b10-820e-47bd-aa44-58205229aa31",
                  "isHook": false,
                  "skipped": false
                },
                {
                  "title": "should allow required style sources",
                  "fullTitle": "Security Headers Content Security Policy (CSP) should allow required style sources",
                  "timedOut": null,
                  "duration": 545,
                  "state": "passed",
                  "speed": "fast",
                  "pass": true,
                  "fail": false,
                  "pending": false,
                  "context": null,
                  "code": "cy.get(_support_constants__WEBPACK_IMPORTED_MODULE_0__.SECURITY_HEADER_SELECTORS.CSP)\n    .should(\"have.attr\", \"content\")\n    .then((content) => {\n    const cspContent = content;\n    // Verify style sources\n    expect(cspContent).to.include(\"style-src\", \"CSP should include style-src directive\");\n    expect(cspContent).to.include(\"'unsafe-inline'\", \"CSP should allow inline styles for TailwindCSS\");\n    expect(cspContent).to.include(\"https://fonts.googleapis.com\", \"CSP should allow Google Fonts stylesheets\");\n});",
                  "err": {},
                  "uuid": "844e2ee6-afc8-4181-90eb-e8c1a1a75900",
                  "parentUUID": "fc4d7b10-820e-47bd-aa44-58205229aa31",
                  "isHook": false,
                  "skipped": false
                },
                {
                  "title": "should include upgrade-insecure-requests directive",
                  "fullTitle": "Security Headers Content Security Policy (CSP) should include upgrade-insecure-requests directive",
                  "timedOut": null,
                  "duration": 540,
                  "state": "passed",
                  "speed": "fast",
                  "pass": true,
                  "fail": false,
                  "pending": false,
                  "context": null,
                  "code": "cy.get(_support_constants__WEBPACK_IMPORTED_MODULE_0__.SECURITY_HEADER_SELECTORS.CSP)\n    .should(\"have.attr\", \"content\")\n    .and(\"include\", \"upgrade-insecure-requests\");",
                  "err": {},
                  "uuid": "3a61f1c7-488e-4988-a843-872596bb6d08",
                  "parentUUID": "fc4d7b10-820e-47bd-aa44-58205229aa31",
                  "isHook": false,
                  "skipped": false
                }
              ],
              "suites": [],
              "passes": [
                "0df5bd29-fbed-4f9c-b9d1-ef402ecde7f0",
                "cb716d29-06f2-4107-9ccd-a388b13d1e30",
                "c40676d6-57e7-41c0-9f4c-5b2789ec80c0",
                "844e2ee6-afc8-4181-90eb-e8c1a1a75900",
                "3a61f1c7-488e-4988-a843-872596bb6d08"
              ],
              "failures": [],
              "pending": [],
              "skipped": [],
              "duration": 3332,
              "root": false,
              "rootEmpty": false,
              "_timeout": 2000
            },
            {
              "uuid": "4ca00986-c3f5-40ee-9eb3-1d89b8abbf7f",
              "title": "X-Content-Type-Options",
              "fullFile": "",
              "file": "",
              "beforeHooks": [],
              "afterHooks": [],
              "tests": [
                {
                  "title": "should have X-Content-Type-Options meta tag set to nosniff",
                  "fullTitle": "Security Headers X-Content-Type-Options should have X-Content-Type-Options meta tag set to nosniff",
                  "timedOut": null,
                  "duration": 543,
                  "state": "passed",
                  "speed": "fast",
                  "pass": true,
                  "fail": false,
                  "pending": false,
                  "context": null,
                  "code": "cy.get(_support_constants__WEBPACK_IMPORTED_MODULE_0__.SECURITY_HEADER_SELECTORS.X_CONTENT_TYPE_OPTIONS)\n    .should(\"exist\")\n    .and(\"have.attr\", \"content\", \"nosniff\");",
                  "err": {},
                  "uuid": "5d3aa2a0-a662-439e-8d8c-1b17cd993af9",
                  "parentUUID": "4ca00986-c3f5-40ee-9eb3-1d89b8abbf7f",
                  "isHook": false,
                  "skipped": false
                }
              ],
              "suites": [],
              "passes": [
                "5d3aa2a0-a662-439e-8d8c-1b17cd993af9"
              ],
              "failures": [],
              "pending": [],
              "skipped": [],
              "duration": 543,
              "root": false,
              "rootEmpty": false,
              "_timeout": 2000
            },
            {
              "uuid": "4534cec5-925a-4eda-b8c3-8590742eadf4",
              "title": "X-Frame-Options",
              "fullFile": "",
              "file": "",
              "beforeHooks": [],
              "afterHooks": [],
              "tests": [
                {
                  "title": "should have X-Frame-Options meta tag set to DENY",
                  "fullTitle": "Security Headers X-Frame-Options should have X-Frame-Options meta tag set to DENY",
                  "timedOut": null,
                  "duration": 533,
                  "state": "passed",
                  "speed": "fast",
                  "pass": true,
                  "fail": false,
                  "pending": false,
                  "context": null,
                  "code": "cy.get(_support_constants__WEBPACK_IMPORTED_MODULE_0__.SECURITY_HEADER_SELECTORS.X_FRAME_OPTIONS)\n    .should(\"exist\")\n    .and(\"have.attr\", \"content\", \"DENY\");",
                  "err": {},
                  "uuid": "555b1537-5565-4fa3-a496-9cbd6202e1da",
                  "parentUUID": "4534cec5-925a-4eda-b8c3-8590742eadf4",
                  "isHook": false,
                  "skipped": false
                }
              ],
              "suites": [],
              "passes": [
                "555b1537-5565-4fa3-a496-9cbd6202e1da"
              ],
              "failures": [],
              "pending": [],
              "skipped": [],
              "duration": 533,
              "root": false,
              "rootEmpty": false,
              "_timeout": 2000
            },
            {
              "uuid": "66227ce1-0604-4925-8344-1574851d7364",
              "title": "Cross-Origin Policies",
              "fullFile": "",
              "file": "",
              "beforeHooks": [],
              "afterHooks": [],
              "tests": [
                {
                  "title": "should have Cross-Origin-Opener-Policy set to same-origin",
                  "fullTitle": "Security Headers Cross-Origin Policies should have Cross-Origin-Opener-Policy set to same-origin",
                  "timedOut": null,
                  "duration": 544,
                  "state": "passed",
                  "speed": "fast",
                  "pass": true,
                  "fail": false,
                  "pending": false,
                  "context": null,
                  "code": "cy.get(_support_constants__WEBPACK_IMPORTED_MODULE_0__.SECURITY_HEADER_SELECTORS.COOP)\n    .should(\"exist\")\n    .and(\"have.attr\", \"content\", \"same-origin\");",
                  "err": {},
                  "uuid": "ffda1582-d906-406b-a920-f1c9928e7137",
                  "parentUUID": "66227ce1-0604-4925-8344-1574851d7364",
                  "isHook": false,
                  "skipped": false
                },
                {
                  "title": "should have Cross-Origin-Embedder-Policy set to require-corp",
                  "fullTitle": "Security Headers Cross-Origin Policies should have Cross-Origin-Embedder-Policy set to require-corp",
                  "timedOut": null,
                  "duration": 523,
                  "state": "passed",
                  "speed": "fast",
                  "pass": true,
                  "fail": false,
                  "pending": false,
                  "context": null,
                  "code": "cy.get(_support_constants__WEBPACK_IMPORTED_MODULE_0__.SECURITY_HEADER_SELECTORS.COEP)\n    .should(\"exist\")\n    .and(\"have.attr\", \"content\", \"require-corp\");",
                  "err": {},
                  "uuid": "9c4ca614-4656-4222-b554-7a5df4f70bfe",
                  "parentUUID": "66227ce1-0604-4925-8344-1574851d7364",
                  "isHook": false,
                  "skipped": false
                }
              ],
              "suites": [],
              "passes": [
                "ffda1582-d906-406b-a920-f1c9928e7137",
                "9c4ca614-4656-4222-b554-7a5df4f70bfe"
              ],
              "failures": [],
              "pending": [],
              "skipped": [],
              "duration": 1067,
              "root": false,
              "rootEmpty": false,
              "_timeout": 2000
            },
            {
              "uuid": "cae06ca3-1d11-445e-bfc1-a5acf7abec78",
              "title": "Referrer Policy",
              "fullFile": "",
              "file": "",
              "beforeHooks": [],
              "afterHooks": [],
              "tests": [
                {
                  "title": "should have Referrer-Policy meta tag configured",
                  "fullTitle": "Security Headers Referrer Policy should have Referrer-Policy meta tag configured",
                  "timedOut": null,
                  "duration": 547,
                  "state": "passed",
                  "speed": "fast",
                  "pass": true,
                  "fail": false,
                  "pending": false,
                  "context": null,
                  "code": "cy.get(_support_constants__WEBPACK_IMPORTED_MODULE_0__.SECURITY_HEADER_SELECTORS.REFERRER)\n    .should(\"exist\")\n    .and(\"have.attr\", \"content\", \"strict-origin-when-cross-origin\");",
                  "err": {},
                  "uuid": "e68b5422-90e3-4c28-99f5-636eaa27d7d5",
                  "parentUUID": "cae06ca3-1d11-445e-bfc1-a5acf7abec78",
                  "isHook": false,
                  "skipped": false
                }
              ],
              "suites": [],
              "passes": [
                "e68b5422-90e3-4c28-99f5-636eaa27d7d5"
              ],
              "failures": [],
              "pending": [],
              "skipped": [],
              "duration": 547,
              "root": false,
              "rootEmpty": false,
              "_timeout": 2000
            },
            {
              "uuid": "005e3f29-1e98-4c6d-984e-93e793b57737",
              "title": "Security Headers Comprehensive Check",
              "fullFile": "",
              "file": "",
              "beforeHooks": [],
              "afterHooks": [],
              "tests": [
                {
                  "title": "should have all required security headers present",
                  "fullTitle": "Security Headers Security Headers Comprehensive Check should have all required security headers present",
                  "timedOut": null,
                  "duration": 553,
                  "state": "passed",
                  "speed": "fast",
                  "pass": true,
                  "fail": false,
                  "pending": false,
                  "context": null,
                  "code": "const requiredHeaders = [\n    _support_constants__WEBPACK_IMPORTED_MODULE_0__.SECURITY_HEADER_SELECTORS.CSP,\n    _support_constants__WEBPACK_IMPORTED_MODULE_0__.SECURITY_HEADER_SELECTORS.X_CONTENT_TYPE_OPTIONS,\n    _support_constants__WEBPACK_IMPORTED_MODULE_0__.SECURITY_HEADER_SELECTORS.X_FRAME_OPTIONS,\n    _support_constants__WEBPACK_IMPORTED_MODULE_0__.SECURITY_HEADER_SELECTORS.COOP,\n    _support_constants__WEBPACK_IMPORTED_MODULE_0__.SECURITY_HEADER_SELECTORS.COEP,\n    _support_constants__WEBPACK_IMPORTED_MODULE_0__.SECURITY_HEADER_SELECTORS.REFERRER,\n];\nrequiredHeaders.forEach((selector) => {\n    cy.get(selector).should(\"exist\");\n});",
                  "err": {},
                  "uuid": "aff25d4d-a440-4f22-ac4c-b62c1c4bc09b",
                  "parentUUID": "005e3f29-1e98-4c6d-984e-93e793b57737",
                  "isHook": false,
                  "skipped": false
                },
                {
                  "title": "should not display any CSP violations in console",
                  "fullTitle": "Security Headers Security Headers Comprehensive Check should not display any CSP violations in console",
                  "timedOut": null,
                  "duration": 2059,
                  "state": "passed",
                  "speed": "fast",
                  "pass": true,
                  "fail": false,
                  "pending": false,
                  "context": null,
                  "code": "// This test needs to be run separately to capture violations during initial page load\ncy.visit(\"/\", {\n    onBeforeLoad(win) {\n        // Track CSP violations\n        let cspViolations = 0;\n        win.addEventListener(\"securitypolicyviolation\", (e) => {\n            cspViolations++;\n            // Log violation details for debugging\n            const { violatedDirective, blockedURI } = e;\n            cy.log(`CSP Violation: ${violatedDirective} - ${blockedURI || \"inline\"}`);\n        });\n        // Store reference for later assertion\n        win.cspViolations =\n            () => cspViolations;\n    },\n});\ncy.ensureAppLoaded();\n// Wait a moment for any violations to be reported\ncy.wait(1000);\n// Verify no violations occurred during page load\ncy.window().then((win) => {\n    const violations = win.cspViolations();\n    expect(violations).to.equal(0, \"No CSP violations detected\");\n});",
                  "err": {},
                  "uuid": "0d64fa82-dc60-4697-b855-b17a47bd354c",
                  "parentUUID": "005e3f29-1e98-4c6d-984e-93e793b57737",
                  "isHook": false,
                  "skipped": false
                }
              ],
              "suites": [],
              "passes": [
                "aff25d4d-a440-4f22-ac4c-b62c1c4bc09b",
                "0d64fa82-dc60-4697-b855-b17a47bd354c"
              ],
              "failures": [],
              "pending": [],
              "skipped": [],
              "duration": 2612,
              "root": false,
              "rootEmpty": false,
              "_timeout": 2000
            },
            {
              "uuid": "9f6055a6-0ec1-4bd4-97a2-a94151145c3e",
              "title": "ISMS Compliance Verification",
              "fullFile": "",
              "file": "",
              "beforeHooks": [],
              "afterHooks": [],
              "tests": [
                {
                  "title": "should meet Application Security Framework requirements",
                  "fullTitle": "Security Headers ISMS Compliance Verification should meet Application Security Framework requirements",
                  "timedOut": null,
                  "duration": 557,
                  "state": "passed",
                  "speed": "fast",
                  "pass": true,
                  "fail": false,
                  "pending": false,
                  "context": null,
                  "code": "// Verify all security headers are present as per ISMS requirements\ncy.get(\"head\")\n    .find(_support_constants__WEBPACK_IMPORTED_MODULE_0__.SECURITY_HEADER_SELECTORS.CSP)\n    .should(\"exist\");\ncy.get(\"head\")\n    .find(_support_constants__WEBPACK_IMPORTED_MODULE_0__.SECURITY_HEADER_SELECTORS.X_FRAME_OPTIONS)\n    .should(\"exist\");\ncy.get(\"head\")\n    .find(_support_constants__WEBPACK_IMPORTED_MODULE_0__.SECURITY_HEADER_SELECTORS.X_CONTENT_TYPE_OPTIONS)\n    .should(\"exist\");\ncy.log(\"✅ Application Security Framework requirements met\");",
                  "err": {},
                  "uuid": "863e43c2-055f-48ab-bb4a-b64766e896d5",
                  "parentUUID": "9f6055a6-0ec1-4bd4-97a2-a94151145c3e",
                  "isHook": false,
                  "skipped": false
                },
                {
                  "title": "should implement defense-in-depth security strategy",
                  "fullTitle": "Security Headers ISMS Compliance Verification should implement defense-in-depth security strategy",
                  "timedOut": null,
                  "duration": 641,
                  "state": "passed",
                  "speed": "fast",
                  "pass": true,
                  "fail": false,
                  "pending": false,
                  "context": null,
                  "code": "// Multiple layers of security controls using reusable constants\n_support_constants__WEBPACK_IMPORTED_MODULE_0__.SECURITY_LAYER_CONFIGS.forEach((layer) => {\n    cy.get(layer.selector).should(\"exist\", `${layer.name} should be implemented`);\n    cy.log(`✅ ${layer.name} implemented`);\n});",
                  "err": {},
                  "uuid": "59a32239-0721-4ccc-8aa7-3f923f9dfa3e",
                  "parentUUID": "9f6055a6-0ec1-4bd4-97a2-a94151145c3e",
                  "isHook": false,
                  "skipped": false
                }
              ],
              "suites": [],
              "passes": [
                "863e43c2-055f-48ab-bb4a-b64766e896d5",
                "59a32239-0721-4ccc-8aa7-3f923f9dfa3e"
              ],
              "failures": [],
              "pending": [],
              "skipped": [],
              "duration": 1198,
              "root": false,
              "rootEmpty": false,
              "_timeout": 2000
            }
          ],
          "passes": [],
          "failures": [],
          "pending": [],
          "skipped": [],
          "duration": 0,
          "root": false,
          "rootEmpty": false,
          "_timeout": 2000
        }
      ],
      "passes": [],
      "failures": [],
      "pending": [],
      "skipped": [],
      "duration": 0,
      "root": true,
      "rootEmpty": true,
      "_timeout": 2000
    },
    {
      "uuid": "b5b52080-8629-41ec-be99-b7ae815e88c7",
      "title": "",
      "fullFile": "cypress/e2e/security/security-level-transitions.cy.ts",
      "file": "cypress/e2e/security/security-level-transitions.cy.ts",
      "beforeHooks": [],
      "afterHooks": [],
      "tests": [],
      "suites": [
        {
          "uuid": "3734f255-15b6-4127-a70c-d86d400e73b5",
          "title": "Security Level Transitions",
          "fullFile": "",
          "file": "",
          "beforeHooks": [],
          "afterHooks": [],
          "tests": [
            {
              "title": "maintains application integrity during security level changes",
              "fullTitle": "Security Level Transitions maintains application integrity during security level changes",
              "timedOut": null,
              "duration": 6436,
              "state": "passed",
              "speed": "medium",
              "pass": true,
              "fail": false,
              "pending": false,
              "context": null,
              "code": "// Reduced to only the most critical transition to test (low to high covers edge cases)\nconst securityTransitions = [\n    {\n        from: [\n            _support_constants__WEBPACK_IMPORTED_MODULE_0__.SECURITY_LEVELS.LOW,\n            _support_constants__WEBPACK_IMPORTED_MODULE_0__.SECURITY_LEVELS.LOW,\n            _support_constants__WEBPACK_IMPORTED_MODULE_0__.SECURITY_LEVELS.LOW,\n        ],\n        to: [\n            _support_constants__WEBPACK_IMPORTED_MODULE_0__.SECURITY_LEVELS.HIGH,\n            _support_constants__WEBPACK_IMPORTED_MODULE_0__.SECURITY_LEVELS.HIGH,\n            _support_constants__WEBPACK_IMPORTED_MODULE_0__.SECURITY_LEVELS.HIGH,\n        ],\n        name: \"low-to-high\",\n    },\n];\n// Test each transition with better error handling\nsecurityTransitions.forEach((transition, index) => {\n    const logArgs = [\n        `Testing transition ${transition.name} (${index + 1}/${securityTransitions.length})`,\n    ];\n    cy.log(logArgs[0]);\n    // Set initial levels with type assertion\n    cy.setSecurityLevels(transition.from[0], transition.from[1], transition.from[2]);\n    cy.wait(500); // Reduced wait time\n    // Take screenshot only once\n    cy.screenshot(`transition-initial-${transition.name}`);\n    // Look for important widgets to verify initial state\n    findImportantWidgets().then((widgets) => {\n        // Capture initial content of each widget for comparison\n        captureWidgetStates(widgets).then((initialStates) => {\n            // Perform transition with type assertion\n            const changeLogArgs = [\n                `Changing to security levels: ${transition.to.join(\", \")}`,\n            ];\n            cy.log(changeLogArgs[0]);\n            cy.setSecurityLevels(transition.to[0], transition.to[1], transition.to[2]);\n            cy.wait(500); // Reduced wait time\n            // Take screenshot after transition\n            cy.screenshot(`transition-after-${transition.name}`);\n            // Check widgets after transition\n            findImportantWidgets().then((newWidgets) => {\n                const foundLogArgs = [\n                    `Found ${newWidgets.length} widgets after transition`,\n                ];\n                cy.log(...foundLogArgs);\n                // Verify number of widgets didn't decrease significantly\n                expect(newWidgets.length).to.be.at.least(Math.max(1, widgets.length - 1), \"Number of widgets shouldn't decrease significantly during transitions\");\n                // Process each widget after transition - reduced screenshot overhead\n                cy.wrap(newWidgets).each(($widget, i) => {\n                    const id = $widget.attr(\"data-testid\") || `widget-${i}`;\n                    // Check for problematic content\n                    checkForProblematicContent($widget);\n                    // Compare with initial state if available\n                    if (initialStates[id]) {\n                        compareWidgetContent($widget, initialStates[id], id);\n                    }\n                });\n            });\n        });\n    });\n});",
              "err": {},
              "uuid": "5dc5afbb-c902-4be3-ac0b-d0ab4b31e126",
              "parentUUID": "3734f255-15b6-4127-a70c-d86d400e73b5",
              "isHook": false,
              "skipped": false
            }
          ],
          "suites": [],
          "passes": [
            "5dc5afbb-c902-4be3-ac0b-d0ab4b31e126"
          ],
          "failures": [],
          "pending": [],
          "skipped": [],
          "duration": 6436,
          "root": false,
          "rootEmpty": false,
          "_timeout": 2000
        }
      ],
      "passes": [],
      "failures": [],
      "pending": [],
      "skipped": [],
      "duration": 0,
      "root": true,
      "rootEmpty": true,
      "_timeout": 2000
    },
    {
      "uuid": "4dddeef2-9197-4a5b-970c-bf0a4eb380e5",
      "title": "",
      "fullFile": "cypress/e2e/widgets/assessmentcenter/business-impact.cy.ts",
      "file": "cypress/e2e/widgets/assessmentcenter/business-impact.cy.ts",
      "beforeHooks": [],
      "afterHooks": [],
      "tests": [],
      "suites": [
        {
          "uuid": "2d108a78-6c1e-4d15-ba00-a40259fe7df5",
          "title": "Business Impact Widget Tests",
          "fullFile": "",
          "file": "",
          "beforeHooks": [],
          "afterHooks": [],
          "tests": [
            {
              "title": "is visible and contains expected content",
              "fullTitle": "Business Impact Widget Tests is visible and contains expected content",
              "timedOut": null,
              "duration": 2290,
              "state": "passed",
              "speed": "fast",
              "pass": true,
              "fail": false,
              "pending": false,
              "context": null,
[...]
              "err": {},
              "uuid": "ce0dd1a7-6dec-4ab5-ba65-9e30dd06ed8c",
              "parentUUID": "63123f9c-2ff2-4da6-802a-2e65e5a5a88b",
              "isHook": false,
              "skipped": false
            },
            {
              "title": "supports widget-specific functionality",
              "fullTitle": "Security Resources Widget Tests supports widget-specific functionality",
              "timedOut": null,
              "duration": 1719,
              "state": "passed",
              "speed": "fast",
              "pass": true,
              "fail": false,
              "pending": false,
              "context": null,
              "code": "// First check if widget exists\nfindWidgetFlexibly(widgetTestId).then(($widget) => {\n    if ($widget.length === 0) {\n        cy.log(`Widget ${widgetName} not found - specific test will be skipped`);\n        cy.screenshot(`missing-widget-${widgetTestId}-specific`);\n        expect(true).to.equal(true); // Soft-pass to avoid failing tests\n        return;\n    }\n    // Add widget to test context so additionalTests can use it\n    // Wrap the FIRST element when multiple are found to avoid errors in widget-specific tests\n    cy.wrap($widget.first()).as(\"currentWidget\");\n    // Run provided tests in try/catch to prevent cascading failures\n    try {\n        additionalTests();\n    }\n    catch (e) {\n        // Handle unknown error type safely\n        const errorMessage = e instanceof Error ? e.message : String(e);\n        cy.log(`Error in additional tests for ${widgetName}: ${errorMessage}`);\n        cy.screenshot(`error-${widgetName}-specific-test`);\n    }\n});",
              "err": {},
              "uuid": "4ec54361-272c-46bf-9214-0393358d6f43",
              "parentUUID": "63123f9c-2ff2-4da6-802a-2e65e5a5a88b",
              "isHook": false,
              "skipped": false
            }
          ],
          "suites": [],
          "passes": [
            "10e65499-2b95-4af2-b988-65413971e4b5",
            "ce0dd1a7-6dec-4ab5-ba65-9e30dd06ed8c",
            "4ec54361-272c-46bf-9214-0393358d6f43"
          ],
          "failures": [],
          "pending": [],
          "skipped": [],
          "duration": 7046,
          "root": false,
          "rootEmpty": false,
          "_timeout": 2000
        }
      ],
      "passes": [],
      "failures": [],
      "pending": [],
      "skipped": [],
      "duration": 0,
      "root": true,
      "rootEmpty": true,
      "_timeout": 2000
    },
    {
      "uuid": "6dfc1589-9571-4f16-b372-2db7138fc5e2",
      "title": "",
      "fullFile": "cypress/e2e/widgets/implementationguide/security-visualization.cy.ts",
      "file": "cypress/e2e/widgets/implementationguide/security-visualization.cy.ts",
      "beforeHooks": [],
      "afterHooks": [],
      "tests": [],
      "suites": [
        {
          "uuid": "12e1de6c-1038-4a55-ad64-2298b4cec7fd",
          "title": "Security Visualization Widget Tests",
          "fullFile": "",
          "file": "",
          "beforeHooks": [],
          "afterHooks": [],
          "tests": [
            {
              "title": "is visible and contains expected content",
              "fullTitle": "Security Visualization Widget Tests is visible and contains expected content",
              "timedOut": null,
              "duration": 2256,
              "state": "passed",
              "speed": "fast",
              "pass": true,
              "fail": false,
              "pending": false,
              "context": null,
              "code": "// This test uses more flexible widget finding\nfindWidgetFlexibly(widgetTestId).then(($widget) => {\n    if ($widget.length === 0) {\n        cy.log(`Widget ${widgetName} not found - test will be skipped`);\n        cy.screenshot(`missing-widget-${widgetTestId}`);\n        expect(true).to.equal(true); // Soft-pass to avoid failing tests\n        return;\n    }\n    // Check for at least one expected content pattern\n    const widgetText = $widget.text();\n    let foundPattern = false;\n    let matchedPattern = \"\";\n    contentPatterns.forEach((pattern) => {\n        if (typeof pattern === \"string\") {\n            if (widgetText.includes(pattern)) {\n                foundPattern = true;\n                matchedPattern = pattern;\n            }\n        }\n        else if (pattern.test(widgetText)) {\n            foundPattern = true;\n            matchedPattern = pattern.toString();\n        }\n    });\n    if (foundPattern) {\n        cy.log(`Found expected content pattern: ${matchedPattern}`);\n    }\n    else {\n        cy.log(`No expected content patterns found in widget text: ${widgetText.substring(0, 100)}...`);\n    }\n    expect(foundPattern, `Widget should contain at least one expected content pattern`).to.be.true;\n    // Screenshot only on CI or when explicitly enabled via env var\n    if (Cypress.env('CYPRESS_SCREENSHOTS') === true || Cypress.env('CYPRESS_SCREENSHOTS') === 'true' || Cypress.config('isInteractive') === false) {\n        (0,_screenshot_utils__WEBPACK_IMPORTED_MODULE_1__.captureWidgetScreenshot)($widget.first(), `${widgetTestId}-baseline`);\n    }\n});",
              "err": {},
              "uuid": "f9b33524-2ccd-44b3-9f7b-1987ab83a44e",
              "parentUUID": "12e1de6c-1038-4a55-ad64-2298b4cec7fd",
              "isHook": false,
              "skipped": false
            },
            {
              "title": "updates content when security levels change",
              "fullTitle": "Security Visualization Widget Tests updates content when security levels change",
              "timedOut": null,
              "duration": 3173,
              "state": "passed",
              "speed": "fast",
              "pass": true,
              "fail": false,
              "pending": false,
              "context": null,
              "code": "// First verify if widget exists to avoid cascading failures\nfindWidgetFlexibly(widgetTestId).then(($widget) => {\n    if ($widget.length === 0) {\n        cy.log(`Widget ${widgetName} not found - test will be skipped`);\n        cy.screenshot(`missing-widget-${widgetTestId}-security-change`);\n        expect(true).to.equal(true); // Soft-pass to avoid failing tests\n        return;\n    }\n    const initialContent = $widget.text();\n    // Only test this if we have content to compare against\n    if (initialContent.trim().length === 0) {\n        cy.log(`Widget ${widgetName} has no initial content - test will be skipped`);\n        expect(true).to.equal(true); // Soft-pass to avoid failing tests\n        return;\n    }\n    // Test only HIGH security level to reduce test time (low->high transition covered in security-level-transitions.cy.ts)\n    cy.setSecurityLevels(_constants__WEBPACK_IMPORTED_MODULE_0__.SECURITY_LEVELS.HIGH, _constants__WEBPACK_IMPORTED_MODULE_0__.SECURITY_LEVELS.HIGH, _constants__WEBPACK_IMPORTED_MODULE_0__.SECURITY_LEVELS.HIGH);\n    cy.wait(500); // Reduced wait time\n    // Verify widget still exists and content changed\n    findWidgetFlexibly(widgetTestId).then(($highWidget) => {\n        if ($highWidget.length === 0) {\n            cy.log(`Widget ${widgetName} disappeared after security level change - test will be skipped`);\n            expect(true).to.equal(true); // Soft-pass to avoid failing tests\n            return;\n        }\n        const highContent = $highWidget.text();\n        // Verify content changed from initial moderate level\n        const contentChanged = initialContent !== highContent;\n        if (!contentChanged) {\n            cy.log(`Note: Content did not change between moderate and high security levels for ${widgetName}`);\n        }\n        // Some widgets may not change content, so we just verify it's still rendered\n        expect($highWidget.length).to.be.greaterThan(0);\n    });\n});",
              "err": {},
              "uuid": "f3a09e7a-9745-4bfe-9152-5a9eab2356f9",
              "parentUUID": "12e1de6c-1038-4a55-ad64-2298b4cec7fd",
              "isHook": false,
              "skipped": false
            },
            {
              "title": "supports widget-specific functionality",
              "fullTitle": "Security Visualization Widget Tests supports widget-specific functionality",
              "timedOut": null,
              "duration": 1733,
              "state": "passed",
              "speed": "fast",
              "pass": true,
              "fail": false,
              "pending": false,
              "context": null,
              "code": "// First check if widget exists\nfindWidgetFlexibly(widgetTestId).then(($widget) => {\n    if ($widget.length === 0) {\n        cy.log(`Widget ${widgetName} not found - specific test will be skipped`);\n        cy.screenshot(`missing-widget-${widgetTestId}-specific`);\n        expect(true).to.equal(true); // Soft-pass to avoid failing tests\n        return;\n    }\n    // Add widget to test context so additionalTests can use it\n    // Wrap the FIRST element when multiple are found to avoid errors in widget-specific tests\n    cy.wrap($widget.first()).as(\"currentWidget\");\n    // Run provided tests in try/catch to prevent cascading failures\n    try {\n        additionalTests();\n    }\n    catch (e) {\n        // Handle unknown error type safely\n        const errorMessage = e instanceof Error ? e.message : String(e);\n        cy.log(`Error in additional tests for ${widgetName}: ${errorMessage}`);\n        cy.screenshot(`error-${widgetName}-specific-test`);\n    }\n});",
              "err": {},
              "uuid": "82287f5f-03be-4c79-96e0-49de9acf424c",
              "parentUUID": "12e1de6c-1038-4a55-ad64-2298b4cec7fd",
              "isHook": false,
              "skipped": false
            }
          ],
          "suites": [],
          "passes": [
            "f9b33524-2ccd-44b3-9f7b-1987ab83a44e",
            "f3a09e7a-9745-4bfe-9152-5a9eab2356f9",
            "82287f5f-03be-4c79-96e0-49de9acf424c"
          ],
          "failures": [],
          "pending": [],
          "skipped": [],
          "duration": 7162,
          "root": false,
          "rootEmpty": false,
          "_timeout": 2000
        }
      ],
      "passes": [],
      "failures": [],
      "pending": [],
      "skipped": [],
      "duration": 0,
      "root": true,
      "rootEmpty": true,
      "_timeout": 2000
    },
    {
      "uuid": "4043b674-07ea-4f64-9ca0-d2af4bba309f",
      "title": "",
      "fullFile": "cypress/e2e/widgets/implementationguide/technical-details.cy.ts",
      "file": "cypress/e2e/widgets/implementationguide/technical-details.cy.ts",
      "beforeHooks": [],
      "afterHooks": [],
      "tests": [],
      "suites": [
        {
          "uuid": "5e97de7c-84e8-4290-a53c-2ad6ec4a338f",
          "title": "Technical Details Widget Tests",
          "fullFile": "",
          "file": "",
          "beforeHooks": [],
          "afterHooks": [],
          "tests": [
            {
              "title": "is visible and contains expected content",
              "fullTitle": "Technical Details Widget Tests is visible and contains expected content",
              "timedOut": null,
              "duration": 2195,
              "state": "passed",
              "speed": "fast",
              "pass": true,
              "fail": false,
              "pending": false,
              "context": null,
              "code": "// This test uses more flexible widget finding\nfindWidgetFlexibly(widgetTestId).then(($widget) => {\n    if ($widget.length === 0) {\n        cy.log(`Widget ${widgetName} not found - test will be skipped`);\n        cy.screenshot(`missing-widget-${widgetTestId}`);\n        expect(true).to.equal(true); // Soft-pass to avoid failing tests\n        return;\n    }\n    // Check for at least one expected content pattern\n    const widgetText = $widget.text();\n    let foundPattern = false;\n    let matchedPattern = \"\";\n    contentPatterns.forEach((pattern) => {\n        if (typeof pattern === \"string\") {\n            if (widgetText.includes(pattern)) {\n                foundPattern = true;\n                matchedPattern = pattern;\n            }\n        }\n        else if (pattern.test(widgetText)) {\n            foundPattern = true;\n            matchedPattern = pattern.toString();\n        }\n    });\n    if (foundPattern) {\n        cy.log(`Found expected content pattern: ${matchedPattern}`);\n    }\n    else {\n        cy.log(`No expected content patterns found in widget text: ${widgetText.substring(0, 100)}...`);\n    }\n    expect(foundPattern, `Widget should contain at least one expected content pattern`).to.be.true;\n    // Screenshot only on CI or when explicitly enabled via env var\n    if (Cypress.env('CYPRESS_SCREENSHOTS') === true || Cypress.env('CYPRESS_SCREENSHOTS') === 'true' || Cypress.config('isInteractive') === false) {\n        (0,_screenshot_utils__WEBPACK_IMPORTED_MODULE_1__.captureWidgetScreenshot)($widget.first(), `${widgetTestId}-baseline`);\n    }\n});",
              "err": {},
              "uuid": "4b7590b3-d96f-4886-b4b6-4a741c2164f6",
              "parentUUID": "5e97de7c-84e8-4290-a53c-2ad6ec4a338f",
              "isHook": false,
              "skipped": false
            },
            {
              "title": "updates content when security levels change",
              "fullTitle": "Technical Details Widget Tests updates content when security levels change",
              "timedOut": null,
              "duration": 3154,
              "state": "passed",
              "speed": "fast",
              "pass": true,
              "fail": false,
              "pending": false,
              "context": null,
              "code": "// First verify if widget exists to avoid cascading failures\nfindWidgetFlexibly(widgetTestId).then(($widget) => {\n    if ($widget.length === 0) {\n        cy.log(`Widget ${widgetName} not found - test will be skipped`);\n        cy.screenshot(`missing-widget-${widgetTestId}-security-change`);\n        expect(true).to.equal(true); // Soft-pass to avoid failing tests\n        return;\n    }\n    const initialContent = $widget.text();\n    // Only test this if we have content to compare against\n    if (initialContent.trim().length === 0) {\n        cy.log(`Widget ${widgetName} has no initial content - test will be skipped`);\n        expect(true).to.equal(true); // Soft-pass to avoid failing tests\n        return;\n    }\n    // Test only HIGH security level to reduce test time (low->high transition covered in security-level-transitions.cy.ts)\n    cy.setSecurityLevels(_constants__WEBPACK_IMPORTED_MODULE_0__.SECURITY_LEVELS.HIGH, _constants__WEBPACK_IMPORTED_MODULE_0__.SECURITY_LEVELS.HIGH, _constants__WEBPACK_IMPORTED_MODULE_0__.SECURITY_LEVELS.HIGH);\n    cy.wait(500); // Reduced wait time\n    // Verify widget still exists and content changed\n    findWidgetFlexibly(widgetTestId).then(($highWidget) => {\n        if ($highWidget.length === 0) {\n            cy.log(`Widget ${widgetName} disappeared after security level change - test will be skipped`);\n            expect(true).to.equal(true); // Soft-pass to avoid failing tests\n            return;\n        }\n        const highContent = $highWidget.text();\n        // Verify content changed from initial moderate level\n        const contentChanged = initialContent !== highContent;\n        if (!contentChanged) {\n            cy.log(`Note: Content did not change between moderate and high security levels for ${widgetName}`);\n        }\n        // Some widgets may not change content, so we just verify it's still rendered\n        expect($highWidget.length).to.be.greaterThan(0);\n    });\n});",
              "err": {},
              "uuid": "90262e5d-6f06-4098-bc9e-f050bcf6c219",
              "parentUUID": "5e97de7c-84e8-4290-a53c-2ad6ec4a338f",
              "isHook": false,
              "skipped": false
            },
            {
              "title": "supports widget-specific functionality",
              "fullTitle": "Technical Details Widget Tests supports widget-specific functionality",
              "timedOut": null,
              "duration": 1768,
              "state": "passed",
              "speed": "fast",
              "pass": true,
              "fail": false,
              "pending": false,
              "context": null,
              "code": "// First check if widget exists\nfindWidgetFlexibly(widgetTestId).then(($widget) => {\n    if ($widget.length === 0) {\n        cy.log(`Widget ${widgetName} not found - specific test will be skipped`);\n        cy.screenshot(`missing-widget-${widgetTestId}-specific`);\n        expect(true).to.equal(true); // Soft-pass to avoid failing tests\n        return;\n    }\n    // Add widget to test context so additionalTests can use it\n    // Wrap the FIRST element when multiple are found to avoid errors in widget-specific tests\n    cy.wrap($widget.first()).as(\"currentWidget\");\n    // Run provided tests in try/catch to prevent cascading failures\n    try {\n        additionalTests();\n    }\n    catch (e) {\n        // Handle unknown error type safely\n        const errorMessage = e instanceof Error ? e.message : String(e);\n        cy.log(`Error in additional tests for ${widgetName}: ${errorMessage}`);\n        cy.screenshot(`error-${widgetName}-specific-test`);\n    }\n});",
              "err": {},
              "uuid": "fc95d6f4-a606-435c-afe5-1a877d3513b2",
              "parentUUID": "5e97de7c-84e8-4290-a53c-2ad6ec4a338f",
              "isHook": false,
              "skipped": false
            }
          ],
          "suites": [],
          "passes": [
            "4b7590b3-d96f-4886-b4b6-4a741c2164f6",
            "90262e5d-6f06-4098-bc9e-f050bcf6c219",
            "fc95d6f4-a606-435c-afe5-1a877d3513b2"
          ],
          "failures": [],
          "pending": [],
          "skipped": [],
          "duration": 7117,
          "root": false,
          "rootEmpty": false,
          "_timeout": 2000
        }
      ],
      "passes": [],
      "failures": [],
      "pending": [],
      "skipped": [],
      "duration": 0,
      "root": true,
      "rootEmpty": true,
      "_timeout": 2000
    }
  ],
  "meta": {
    "mocha": {
      "version": "7.2.0"
    },
    "mochawesome": {
      "options": {
        "quiet": false,
        "reportFilename": "mochawesome",
        "saveHtml": true,
        "saveJson": true,
        "consoleReporter": "spec",
        "useInlineDiffs": false,
        "code": true
      },
      "version": "7.1.4"
    },
    "marge": {
      "options": {
        "id": "default",
        "reportDir": "build/cypress/mochawesome",
        "overwrite": false,
        "html": true,
        "json": true,
        "code": true,
        "timestamp": "mmddyyyy_HHMMss",
        "charts": true,
        "showHooks": "failed",
        "embeddedScreenshots": true
      },
      "version": "6.3.2"
    }
  }
}