{
  "stats": {
    "suites": 17,
    "tests": 71,
    "passes": 71,
    "pending": 0,
    "failures": 0,
    "testsRegistered": 71,
    "passPercent": 100,
    "pendingPercent": 0,
    "other": 0,
    "hasOther": false,
    "skipped": 0,
    "hasSkipped": false,
    "start": "2025-12-19T08:20:57.853Z",
    "end": "2025-12-19T08:24:02.458Z",
    "duration": 184605
  },
  "results": [
    {
      "uuid": "abf8e1d8-6ed1-4bc6-865b-f01af90ffa8d",
      "title": "",
      "fullFile": "cypress/e2e/security-assessment-flow.cy.ts",
      "file": "cypress/e2e/security-assessment-flow.cy.ts",
      "beforeHooks": [],
      "afterHooks": [],
      "tests": [],
      "suites": [
        {
          "uuid": "0236949c-522a-4bba-a82b-40adba8a7758",
          "title": "Security Assessment Flow",
          "fullFile": "",
          "file": "",
          "beforeHooks": [],
          "afterHooks": [],
          "tests": [],
          "suites": [
            {
              "uuid": "5573690c-83d2-4ca5-9c43-cb4f7cf43cce",
              "title": "Complete Assessment Workflow",
              "fullFile": "",
              "file": "",
              "beforeHooks": [],
              "afterHooks": [],
              "tests": [
                {
                  "title": "should complete full security assessment from start to finish",
                  "fullTitle": "Security Assessment Flow Complete Assessment Workflow should complete full security assessment from start to finish",
                  "timedOut": null,
                  "duration": 6064,
                  "state": "passed",
                  "speed": "medium",
                  "pass": true,
                  "fail": false,
                  "pending": false,
                  "context": null,
                  "code": "cy.log(\"🎯 Starting complete security assessment workflow\");\n// Step 1: Verify initial application state\ncy.log(\"Step 1: Verifying initial application state\");\ncy.get(\"body\").should(\"be.visible\");\ncy.get(\"select\").should(\"have.length.at.least\", 3);\n// Step 2-4: Configure CIA triad (Availability: Moderate, Integrity: High, Confidentiality: High)\ncy.log(\"Step 2-4: Configuring CIA triad levels\");\ncy.setSecurityLevels(_support_constants__WEBPACK_IMPORTED_MODULE_0__.SECURITY_LEVELS.MODERATE, _support_constants__WEBPACK_IMPORTED_MODULE_0__.SECURITY_LEVELS.HIGH, _support_constants__WEBPACK_IMPORTED_MODULE_0__.SECURITY_LEVELS.HIGH);\n// Verify security level selections\ncy.get(\"select\").eq(0).should(\"have.value\", _support_constants__WEBPACK_IMPORTED_MODULE_0__.SECURITY_LEVELS.MODERATE);\ncy.get(\"select\").eq(1).should(\"have.value\", _support_constants__WEBPACK_IMPORTED_MODULE_0__.SECURITY_LEVELS.HIGH);\ncy.get(\"select\").eq(2).should(\"have.value\", _support_constants__WEBPACK_IMPORTED_MODULE_0__.SECURITY_LEVELS.HIGH);\n// Verify security controls are detected\ncy.log(\"Verifying security controls in page content\");\ncy.get(\"body\").then(($body) => {\n    const text = $body.text().toLowerCase();\n    // Check for various security control indicators\n    const hasSecurityControls = text.includes(\"mfa\") ||\n        text.includes(\"multi-factor\") ||\n        text.includes(\"encryption\") ||\n        text.includes(\"access control\") ||\n        text.includes(\"blockchain\") ||\n        text.includes(\"checksum\") ||\n        text.includes(\"hash\") ||\n        text.includes(\"immutable\") ||\n        text.includes(\"audit\") ||\n        text.includes(\"pilot light\") ||\n        text.includes(\"warm standby\") ||\n        text.includes(\"backup\") ||\n        text.includes(\"recovery\");\n    if (hasSecurityControls) {\n        cy.log(\"✓ Security controls detected in page content\");\n    }\n});\n// Step 5: View cost estimation\ncy.log(\"Step 5: Verifying cost estimation\");\ncy.get(\"body\").then(($body) => {\n    // Look for cost-related elements\n    const costSelectors = [\n        '[data-testid*=\"cost\"]',\n        '[data-testid*=\"capex\"]',\n        '[data-testid*=\"opex\"]',\n        '[class*=\"cost\"]',\n    ].join(\", \");\n    if ($body.find(costSelectors).length > 0) {\n        cy.log(\"✓ Cost estimation widgets found\");\n        // Verify that cost values are present and numeric\n        cy.get(costSelectors)\n            .first()\n            .invoke(\"text\")\n            .then((text) => {\n            // Check for currency symbols or numeric patterns\n            const hasCostValue = text.includes(\"$\") ||\n                text.includes(\"€\") ||\n                text.includes(\"£\") ||\n                /\\d+/.test(text);\n            expect(hasCostValue, \"Cost estimation should contain numeric values\").to.be.true;\n            cy.log(`✓ Cost values detected: ${text.substring(0, 50)}`);\n        });\n    }\n    else {\n        cy.log(\"⚠️ No cost estimation widgets found\");\n    }\n});\n// Step 6: Check compliance status\ncy.log(\"Step 6: Checking compliance status\");\ncy.get(\"body\").then(($body) => {\n    // Look for compliance-related elements\n    const complianceSelectors = [\n        '[data-testid*=\"compliance\"]',\n        '[data-testid*=\"framework\"]',\n        '[class*=\"compliance\"]',\n        '[class*=\"framework\"]',\n    ].join(\", \");\n    if ($body.find(complianceSelectors).length > 0) {\n        cy.log(\"✓ Compliance widgets found\");\n        // Look for common compliance frameworks\n        const text = $body.text();\n        const frameworks = [\"NIST\", \"ISO\", \"GDPR\", \"HIPAA\", \"PCI\"];\n        const foundFrameworks = frameworks.filter((framework) => text.includes(framework));\n        if (foundFrameworks.length > 0) {\n            cy.log(`✓ Found compliance frameworks: ${foundFrameworks.join(\", \")}`);\n        }\n        else {\n            cy.log(\"⚠️ No specific compliance frameworks detected in text\");\n        }\n    }\n    else {\n        cy.log(\"⚠️ No compliance widgets found\");\n    }\n});\n// Step 7: Verify business impact analysis\ncy.log(\"Step 7: Verifying business impact analysis\");\ncy.get(\"body\").then(($body) => {\n    const impactSelectors = [\n        '[data-testid*=\"business-impact\"]',\n        '[data-testid*=\"impact\"]',\n        '[class*=\"business-impact\"]',\n        '[class*=\"impact\"]',\n    ].join(\", \");\n    if ($body.find(impactSelectors).length > 0) {\n        cy.log(\"✓ Business impact analysis widgets found\");\n        // Check for impact-related content\n        const text = $body.text().toLowerCase();\n        const hasImpactContent = text.includes(\"impact\") ||\n            text.includes(\"risk\") ||\n            text.includes(\"business\") ||\n            text.includes(\"financial\") ||\n            text.includes(\"operational\");\n        if (hasImpactContent) {\n            cy.log(\"✓ Business impact content detected\");\n        }\n    }\n    else {\n        cy.log(\"⚠️ No business impact widgets found\");\n    }\n});\n// Step 8: Take final screenshot for documentation\ncy.log(\"Step 8: Capturing final state\");\ncy.screenshot(\"complete-assessment-workflow-final-state\");\ncy.log(\"✅ Complete assessment workflow test passed\");",
                  "err": {},
                  "uuid": "6a9bf8e1-3a19-4603-bad6-a4658aa3c434",
                  "parentUUID": "5573690c-83d2-4ca5-9c43-cb4f7cf43cce",
                  "isHook": false,
                  "skipped": false
                }
              ],
              "suites": [],
              "passes": [
                "6a9bf8e1-3a19-4603-bad6-a4658aa3c434"
              ],
              "failures": [],
              "pending": [],
              "skipped": [],
              "duration": 6064,
              "root": false,
              "rootEmpty": false,
              "_timeout": 2000
            },
            {
              "uuid": "0b4eeac3-ea5b-4ee1-b23f-0d005edab41c",
              "title": "CIA Level Selection",
              "fullFile": "",
              "file": "",
              "beforeHooks": [],
              "afterHooks": [],
              "tests": [
                {
                  "title": "should update costs when changing confidentiality level",
                  "fullTitle": "Security Assessment Flow CIA Level Selection should update costs when changing confidentiality level",
                  "timedOut": null,
                  "duration": 1641,
                  "state": "passed",
                  "speed": "fast",
                  "pass": true,
                  "fail": false,
                  "pending": false,
                  "context": null,
                  "code": "cy.log(\"Testing confidentiality level impact on costs\");\n// Set initial low confidentiality\ncy.setSecurityLevels(undefined, undefined, _support_constants__WEBPACK_IMPORTED_MODULE_0__.SECURITY_LEVELS.LOW);\n// Capture initial cost values\ncy.get(\"body\")\n    .invoke(\"text\")\n    .then((initialText) => {\n    cy.log(\"Initial state captured\");\n    // Change to Very High confidentiality\n    cy.setSecurityLevels(undefined, undefined, _support_constants__WEBPACK_IMPORTED_MODULE_0__.SECURITY_LEVELS.VERY_HIGH);\n    // Verify costs changed\n    cy.get(\"body\")\n        .invoke(\"text\")\n        .then((newText) => {\n        // The page content should be different\n        expect(newText).to.not.equal(initialText);\n        cy.log(\"✓ Page content changed after security level update\");\n    });\n});",
                  "err": {},
                  "uuid": "134f059a-44e6-4ced-abdd-e0e723a0f27e",
                  "parentUUID": "0b4eeac3-ea5b-4ee1-b23f-0d005edab41c",
                  "isHook": false,
                  "skipped": false
                },
                {
                  "title": "should display appropriate technical details for each level",
                  "fullTitle": "Security Assessment Flow CIA Level Selection should display appropriate technical details for each level",
                  "timedOut": null,
                  "duration": 1626,
                  "state": "passed",
                  "speed": "fast",
                  "pass": true,
                  "fail": false,
                  "pending": false,
                  "context": null,
                  "code": "cy.log(\"Testing technical details display for each security level\");\n// Test High integrity level\ncy.setSecurityLevels(undefined, _support_constants__WEBPACK_IMPORTED_MODULE_0__.SECURITY_LEVELS.HIGH, undefined);\ncy.get(\"body\").then(($body) => {\n    const text = $body.text().toLowerCase();\n    // High integrity should have technical details about immutability and verification\n    const hasTechnicalDetails = text.includes(\"blockchain\") ||\n        text.includes(\"immutable\") ||\n        text.includes(\"hash\") ||\n        text.includes(\"checksum\") ||\n        text.includes(\"audit\") ||\n        text.includes(\"verification\");\n    if (hasTechnicalDetails) {\n        cy.log(\"✓ Technical details detected for High integrity\");\n    }\n    else {\n        cy.log(\"⚠️ Technical details not clearly visible\");\n    }\n});\n// Test Very High availability level\ncy.setSecurityLevels(_support_constants__WEBPACK_IMPORTED_MODULE_0__.SECURITY_LEVELS.VERY_HIGH, undefined, undefined);\ncy.get(\"body\").then(($body) => {\n    const text = $body.text().toLowerCase();\n    // Very High availability should have technical details about multi-region and hot standby\n    const hasTechnicalDetails = text.includes(\"multi-region\") ||\n        text.includes(\"hot standby\") ||\n        text.includes(\"active-active\") ||\n        text.includes(\"zero downtime\") ||\n        text.includes(\"redundancy\");\n    if (hasTechnicalDetails) {\n        cy.log(\"✓ Technical details detected for Very High availability\");\n    }\n    else {\n        cy.log(\"⚠️ Technical details not clearly visible\");\n    }\n});",
                  "err": {},
                  "uuid": "2a5b7a00-cf11-458e-917f-4756f7187ccd",
                  "parentUUID": "0b4eeac3-ea5b-4ee1-b23f-0d005edab41c",
                  "isHook": false,
                  "skipped": false
                },
                {
                  "title": "should validate all CIA level combinations",
                  "fullTitle": "Security Assessment Flow CIA Level Selection should validate all CIA level combinations",
                  "timedOut": null,
                  "duration": 3160,
                  "state": "passed",
                  "speed": "fast",
                  "pass": true,
                  "fail": false,
                  "pending": false,
                  "context": null,
                  "code": "cy.log(\"Testing various CIA level combinations\");\nconst combinations = [\n    {\n        name: \"All Low\",\n        levels: [_support_constants__WEBPACK_IMPORTED_MODULE_0__.SECURITY_LEVELS.LOW, _support_constants__WEBPACK_IMPORTED_MODULE_0__.SECURITY_LEVELS.LOW, _support_constants__WEBPACK_IMPORTED_MODULE_0__.SECURITY_LEVELS.LOW],\n    },\n    {\n        name: \"All Moderate\",\n        levels: [\n            _support_constants__WEBPACK_IMPORTED_MODULE_0__.SECURITY_LEVELS.MODERATE,\n            _support_constants__WEBPACK_IMPORTED_MODULE_0__.SECURITY_LEVELS.MODERATE,\n            _support_constants__WEBPACK_IMPORTED_MODULE_0__.SECURITY_LEVELS.MODERATE,\n        ],\n    },\n    {\n        name: \"Mixed (High C, Moderate I, Low A)\",\n        levels: [_support_constants__WEBPACK_IMPORTED_MODULE_0__.SECURITY_LEVELS.LOW, _support_constants__WEBPACK_IMPORTED_MODULE_0__.SECURITY_LEVELS.MODERATE, _support_constants__WEBPACK_IMPORTED_MODULE_0__.SECURITY_LEVELS.HIGH],\n    },\n];\ncombinations.forEach((combo) => {\n    cy.log(`Testing combination: ${combo.name}`);\n    // Set security levels using custom command (availability, integrity, confidentiality)\n    cy.setSecurityLevels(combo.levels[0], combo.levels[1], combo.levels[2]);\n    // Verify selections are applied correctly\n    cy.get(\"select\").eq(0).should(\"have.value\", combo.levels[0]);\n    cy.get(\"select\").eq(1).should(\"have.value\", combo.levels[1]);\n    cy.get(\"select\").eq(2).should(\"have.value\", combo.levels[2]);\n    // Verify widgets are still present and responsive\n    cy.get(\"[data-testid^='widget-']\").should(\"have.length.at.least\", 1);\n    cy.log(`✓ ${combo.name} combination configured successfully`);\n});",
                  "err": {},
                  "uuid": "b825fe48-826b-4864-b433-3b8f82c57507",
                  "parentUUID": "0b4eeac3-ea5b-4ee1-b23f-0d005edab41c",
                  "isHook": false,
                  "skipped": false
                }
              ],
              "suites": [],
              "passes": [
                "134f059a-44e6-4ced-abdd-e0e723a0f27e",
                "2a5b7a00-cf11-458e-917f-4756f7187ccd",
                "b825fe48-826b-4864-b433-3b8f82c57507"
              ],
              "failures": [],
              "pending": [],
              "skipped": [],
              "duration": 6427,
              "root": false,
              "rootEmpty": false,
              "_timeout": 2000
            },
            {
              "uuid": "d22e45e9-2d43-4d14-b34d-bd2a7f151127",
              "title": "Framework Compliance Mapping",
              "fullFile": "",
              "file": "",
              "beforeHooks": [],
              "afterHooks": [],
              "tests": [
                {
                  "title": "should show compliance status for all supported frameworks",
                  "fullTitle": "Security Assessment Flow Framework Compliance Mapping should show compliance status for all supported frameworks",
                  "timedOut": null,
                  "duration": 1423,
                  "state": "passed",
                  "speed": "fast",
                  "pass": true,
                  "fail": false,
                  "pending": false,
                  "context": null,
                  "code": "cy.log(\"Testing framework compliance mapping\");\n// Set high security levels to maximize compliance\ncy.setSecurityLevels(_support_constants__WEBPACK_IMPORTED_MODULE_0__.SECURITY_LEVELS.HIGH, _support_constants__WEBPACK_IMPORTED_MODULE_0__.SECURITY_LEVELS.HIGH, _support_constants__WEBPACK_IMPORTED_MODULE_0__.SECURITY_LEVELS.HIGH);\n// Look for compliance framework information\ncy.get(\"body\").then(($body) => {\n    const text = $body.text();\n    const commonFrameworks = [\n        \"NIST\",\n        \"ISO\",\n        \"GDPR\",\n        \"HIPAA\",\n        \"PCI\",\n        \"SOC\",\n        \"FedRAMP\",\n    ];\n    const foundFrameworks = commonFrameworks.filter((framework) => text.includes(framework));\n    cy.log(`Found ${foundFrameworks.length} compliance frameworks`);\n    if (foundFrameworks.length > 0) {\n        cy.log(`✓ Compliance frameworks detected: ${foundFrameworks.join(\", \")}`);\n        expect(foundFrameworks.length).to.be.at.least(1, \"Should display at least one compliance framework\");\n    }\n    else {\n        cy.log(\"⚠️ No standard compliance frameworks explicitly detected\");\n    }\n});",
                  "err": {},
                  "uuid": "9f500240-987a-4c4f-8856-848337a64b88",
                  "parentUUID": "d22e45e9-2d43-4d14-b34d-bd2a7f151127",
                  "isHook": false,
                  "skipped": false
                },
                {
                  "title": "should display framework-specific controls and requirements",
                  "fullTitle": "Security Assessment Flow Framework Compliance Mapping should display framework-specific controls and requirements",
                  "timedOut": null,
                  "duration": 1335,
                  "state": "passed",
                  "speed": "fast",
                  "pass": true,
                  "fail": false,
                  "pending": false,
                  "context": null,
                  "code": "cy.log(\"Testing framework-specific control display\");\n// Set high security configuration\ncy.setSecurityLevels(_support_constants__WEBPACK_IMPORTED_MODULE_0__.SECURITY_LEVELS.HIGH, _support_constants__WEBPACK_IMPORTED_MODULE_0__.SECURITY_LEVELS.HIGH, _support_constants__WEBPACK_IMPORTED_MODULE_0__.SECURITY_LEVELS.HIGH);\n// Look for control-related content\ncy.get(\"body\").then(($body) => {\n    const text = $body.text().toLowerCase();\n    // Check for common control terminology\n    const controlTerms = [\n        \"control\",\n        \"requirement\",\n        \"standard\",\n        \"compliant\",\n        \"compliance\",\n        \"policy\",\n        \"procedure\",\n    ];\n    const foundTerms = controlTerms.filter((term) => text.includes(term));\n    if (foundTerms.length >= 2) {\n        cy.log(`✓ Control-related content found: ${foundTerms.join(\", \")}`);\n    }\n    else {\n        cy.log(\"⚠️ Limited control-related content detected\");\n    }\n});",
                  "err": {},
                  "uuid": "b2f62ea4-3834-4e21-90bd-5159c894e685",
                  "parentUUID": "d22e45e9-2d43-4d14-b34d-bd2a7f151127",
                  "isHook": false,
                  "skipped": false
                }
              ],
              "suites": [],
              "passes": [
                "9f500240-987a-4c4f-8856-848337a64b88",
                "b2f62ea4-3834-4e21-90bd-5159c894e685"
              ],
              "failures": [],
              "pending": [],
              "skipped": [],
              "duration": 2758,
              "root": false,
              "rootEmpty": false,
              "_timeout": 2000
            },
            {
              "uuid": "0384b68e-a90b-4acc-887a-beb9a7e0bdb6",
              "title": "Error Handling",
              "fullFile": "",
              "file": "",
              "beforeHooks": [],
              "afterHooks": [],
              "tests": [
                {
                  "title": "should handle invalid level selections gracefully",
                  "fullTitle": "Security Assessment Flow Error Handling should handle invalid level selections gracefully",
                  "timedOut": null,
                  "duration": 1011,
                  "state": "passed",
                  "speed": "fast",
                  "pass": true,
                  "fail": false,
                  "pending": false,
                  "context": null,
                  "code": "cy.log(\"Testing error handling for invalid selections\");\n// Try to set invalid localStorage data\ncy.window().then((win) => {\n    win.localStorage.setItem(\"security-config\", \"invalid-json\");\n    cy.log(\"Set invalid localStorage data\");\n});\n// Reload page\ncy.reload();\ncy.ensureAppLoaded();\n// Application should still load\ncy.get(\"body\").should(\"exist\").and(\"be.visible\");\ncy.get(\"select\").should(\"have.length.at.least\", 3);\ncy.log(\"✓ Application recovered from invalid localStorage data\");\n// Clear invalid data\ncy.window().then((win) => {\n    win.localStorage.removeItem(\"security-config\");\n});",
                  "err": {},
                  "uuid": "eb0686ff-6356-4b27-b1ee-842367a9251c",
                  "parentUUID": "0384b68e-a90b-4acc-887a-beb9a7e0bdb6",
                  "isHook": false,
                  "skipped": false
                },
                {
                  "title": "should handle rapid level changes without errors",
                  "fullTitle": "Security Assessment Flow Error Handling should handle rapid level changes without errors",
                  "timedOut": null,
                  "duration": 3078,
                  "state": "passed",
                  "speed": "fast",
                  "pass": true,
                  "fail": false,
                  "pending": false,
                  "context": null,
                  "code": "cy.log(\"Testing rapid security level changes\");\n// Monitor console errors\ncy.window().then((win) => {\n    win.consoleErrors = [];\n    const originalError = win.console.error;\n    win.console.error = (...args) => {\n        win.consoleErrors.push(args.join(\" \"));\n        originalError.apply(win.console, args);\n    };\n});\n// Rapidly change security levels using custom command\ncy.setSecurityLevels(_support_constants__WEBPACK_IMPORTED_MODULE_0__.SECURITY_LEVELS.HIGH, _support_constants__WEBPACK_IMPORTED_MODULE_0__.SECURITY_LEVELS.HIGH, _support_constants__WEBPACK_IMPORTED_MODULE_0__.SECURITY_LEVELS.HIGH);\ncy.setSecurityLevels(_support_constants__WEBPACK_IMPORTED_MODULE_0__.SECURITY_LEVELS.LOW, _support_constants__WEBPACK_IMPORTED_MODULE_0__.SECURITY_LEVELS.LOW, _support_constants__WEBPACK_IMPORTED_MODULE_0__.SECURITY_LEVELS.LOW);\ncy.setSecurityLevels(_support_constants__WEBPACK_IMPORTED_MODULE_0__.SECURITY_LEVELS.MODERATE, _support_constants__WEBPACK_IMPORTED_MODULE_0__.SECURITY_LEVELS.MODERATE, _support_constants__WEBPACK_IMPORTED_MODULE_0__.SECURITY_LEVELS.MODERATE);\n// Check for critical console errors\ncy.window().then((win) => {\n    const criticalErrors = win.consoleErrors.filter((msg) => msg.includes(\"undefined\") ||\n        msg.includes(\"TypeError\") ||\n        msg.includes(\"ReferenceError\"));\n    expect(criticalErrors.length, \"No critical errors during rapid changes\").to.equal(0);\n    if (criticalErrors.length === 0) {\n        cy.log(\"✓ No critical errors during rapid security level changes\");\n    }\n});",
                  "err": {},
                  "uuid": "c3456f42-4d33-438f-ade8-1170a2296956",
                  "parentUUID": "0384b68e-a90b-4acc-887a-beb9a7e0bdb6",
                  "isHook": false,
                  "skipped": false
                },
                {
                  "title": "should display user-friendly messages for edge cases",
                  "fullTitle": "Security Assessment Flow Error Handling should display user-friendly messages for edge cases",
                  "timedOut": null,
                  "duration": 1465,
                  "state": "passed",
                  "speed": "fast",
                  "pass": true,
                  "fail": false,
                  "pending": false,
                  "context": null,
                  "code": "cy.log(\"Testing edge case handling\");\n// Test with all None/lowest levels\ncy.get(\"select\").then(($selects) => {\n    // Check if \"None\" is an option, otherwise use \"Low\"\n    const firstSelect = $selects.eq(0);\n    const hasNoneOption = firstSelect.find('option[value=\"None\"]').length > 0;\n    const lowestLevel = hasNoneOption ? \"None\" : _support_constants__WEBPACK_IMPORTED_MODULE_0__.SECURITY_LEVELS.LOW;\n    // Use custom command to set lowest levels\n    cy.setSecurityLevels(lowestLevel, lowestLevel, lowestLevel);\n    // Application should still function with lowest security levels\n    cy.get(\"body\").should(\"be.visible\");\n    cy.get(\"select\").should(\"have.length.at.least\", 3);\n    cy.log(`✓ Application handles ${lowestLevel} security levels gracefully`);\n});",
                  "err": {},
                  "uuid": "ffdef05f-fdd5-4f7a-a9fb-a5b1ace1b864",
                  "parentUUID": "0384b68e-a90b-4acc-887a-beb9a7e0bdb6",
                  "isHook": false,
                  "skipped": false
                }
              ],
              "suites": [],
              "passes": [
                "eb0686ff-6356-4b27-b1ee-842367a9251c",
                "c3456f42-4d33-438f-ade8-1170a2296956",
                "ffdef05f-fdd5-4f7a-a9fb-a5b1ace1b864"
              ],
              "failures": [],
              "pending": [],
              "skipped": [],
              "duration": 5554,
              "root": false,
              "rootEmpty": false,
              "_timeout": 2000
            },
            {
              "uuid": "ab10b4e2-0ea2-48ba-aa55-1fcf8eee421f",
              "title": "Accessibility",
              "fullFile": "",
              "file": "",
              "beforeHooks": [],
              "afterHooks": [],
              "tests": [
                {
                  "title": "should be keyboard navigable",
                  "fullTitle": "Security Assessment Flow Accessibility should be keyboard navigable",
                  "timedOut": null,
                  "duration": 721,
                  "state": "passed",
                  "speed": "fast",
                  "pass": true,
                  "fail": false,
                  "pending": false,
                  "context": null,
                  "code": "cy.log(\"Testing keyboard navigation\");\n// Test that all selects can receive focus\ncy.get(\"select\").eq(0).focus();\ncy.focused().should(\"match\", \"select\");\ncy.log(\"✓ First select is focusable\");\ncy.get(\"select\").eq(1).focus();\ncy.focused().should(\"match\", \"select\");\ncy.log(\"✓ Second select is focusable\");\ncy.get(\"select\").eq(2).focus();\ncy.focused().should(\"match\", \"select\");\ncy.log(\"✓ Third select is focusable\");\n// Test that selects can be changed with keyboard\ncy.get(\"select\").eq(0).invoke(\"val\").then((initialValue) => {\n    cy.get(\"select\").eq(0).focus().type(\"{downarrow}{enter}\");\n    cy.get(\"select\").eq(0).invoke(\"val\").then((newValue) => {\n        // Value should have changed after keyboard interaction\n        if (newValue !== initialValue) {\n            cy.log(\"✓ Select value changed with keyboard interaction\");\n        }\n    });\n});\ncy.log(\"✓ Security level selects are keyboard navigable\");",
                  "err": {},
                  "uuid": "e6417fbf-55cf-46b7-af14-7b533872b27f",
                  "parentUUID": "ab10b4e2-0ea2-48ba-aa55-1fcf8eee421f",
                  "isHook": false,
                  "skipped": false
                },
                {
                  "title": "should have proper ARIA labels and semantic HTML",
                  "fullTitle": "Security Assessment Flow Accessibility should have proper ARIA labels and semantic HTML",
                  "timedOut": null,
                  "duration": 571,
                  "state": "passed",
                  "speed": "fast",
                  "pass": true,
                  "fail": false,
                  "pending": false,
                  "context": null,
                  "code": "cy.log(\"Testing ARIA labels and semantic HTML\");\n// Check that selects have labels or aria-labels\ncy.get(\"select\").each(($select) => {\n    const id = $select.attr(\"id\");\n    const ariaLabel = $select.attr(\"aria-label\");\n    const ariaLabelledBy = $select.attr(\"aria-labelledby\");\n    // Check if select has an associated label\n    let hasLabel = false;\n    if (id) {\n        cy.get(`label[for=\"${id}\"]`).then(($labels) => {\n            hasLabel = $labels.length > 0;\n        });\n    }\n    const hasAccessibilityLabel = !!(ariaLabel || ariaLabelledBy || hasLabel);\n    if (hasAccessibilityLabel) {\n        cy.log(\"✓ Select has accessibility label\");\n    }\n});",
                  "err": {},
                  "uuid": "e1ce6cb5-c00c-4602-9f90-a765b1aa185d",
                  "parentUUID": "ab10b4e2-0ea2-48ba-aa55-1fcf8eee421f",
                  "isHook": false,
                  "skipped": false
                },
                {
                  "title": "should provide clear visual focus indicators",
                  "fullTitle": "Security Assessment Flow Accessibility should provide clear visual focus indicators",
                  "timedOut": null,
                  "duration": 644,
                  "state": "passed",
                  "speed": "fast",
                  "pass": true,
                  "fail": false,
                  "pending": false,
                  "context": null,
                  "code": "cy.log(\"Testing visual focus indicators\");\n// Focus on a select and check it's visually distinguishable\ncy.get(\"select\").eq(0).focus();\ncy.focused().then(($focused) => {\n    const focusedElement = $focused[0];\n    const computedStyle = window.getComputedStyle(focusedElement);\n    // Check for outline or other focus indicators\n    const hasOutline = computedStyle.outline !== \"none\" && computedStyle.outline !== \"\";\n    const hasBoxShadow = computedStyle.boxShadow !== \"none\" && computedStyle.boxShadow !== \"\";\n    const hasBorder = computedStyle.border !== \"none\" && computedStyle.border !== \"\";\n    const hasFocusIndicator = hasOutline || hasBoxShadow || hasBorder;\n    if (hasFocusIndicator) {\n        cy.log(\"✓ Focus indicator detected\");\n    }\n    else {\n        cy.log(\"⚠️ Focus indicator may need improvement\");\n    }\n});",
                  "err": {},
                  "uuid": "59e17a2b-51b0-4482-924a-c2b4ef072a8c",
                  "parentUUID": "ab10b4e2-0ea2-48ba-aa55-1fcf8eee421f",
                  "isHook": false,
                  "skipped": false
                }
              ],
              "suites": [],
              "passes": [
                "e6417fbf-55cf-46b7-af14-7b533872b27f",
                "e1ce6cb5-c00c-4602-9f90-a765b1aa185d",
                "59e17a2b-51b0-4482-924a-c2b4ef072a8c"
              ],
              "failures": [],
              "pending": [],
              "skipped": [],
              "duration": 1936,
              "root": false,
              "rootEmpty": false,
              "_timeout": 2000
            },
            {
              "uuid": "9cbc9c55-224b-4809-b24a-0b6e0fe27374",
              "title": "Business Impact Analysis",
              "fullFile": "",
              "file": "",
              "beforeHooks": [],
              "afterHooks": [],
              "tests": [
                {
                  "title": "should calculate and display business impact for different security levels",
                  "fullTitle": "Security Assessment Flow Business Impact Analysis should calculate and display business impact for different security levels",
                  "timedOut": null,
                  "duration": 9322,
                  "state": "passed",
                  "speed": "medium",
                  "pass": true,
                  "fail": false,
                  "pending": false,
                  "context": null,
                  "code": "cy.log(\"Testing business impact calculations\");\nconst scenarios = [\n    {\n        name: \"Low Security Impact\",\n        levels: [_support_constants__WEBPACK_IMPORTED_MODULE_0__.SECURITY_LEVELS.LOW, _support_constants__WEBPACK_IMPORTED_MODULE_0__.SECURITY_LEVELS.LOW, _support_constants__WEBPACK_IMPORTED_MODULE_0__.SECURITY_LEVELS.LOW],\n    },\n    {\n        name: \"High Security Impact\",\n        levels: [_support_constants__WEBPACK_IMPORTED_MODULE_0__.SECURITY_LEVELS.HIGH, _support_constants__WEBPACK_IMPORTED_MODULE_0__.SECURITY_LEVELS.HIGH, _support_constants__WEBPACK_IMPORTED_MODULE_0__.SECURITY_LEVELS.HIGH],\n    },\n];\nscenarios.forEach((scenario) => {\n    cy.log(`Testing ${scenario.name}`);\n    // Set security levels using custom command\n    cy.setSecurityLevels(scenario.levels[0], scenario.levels[1], scenario.levels[2]);\n    // Look for business impact content\n    cy.get(\"body\").then(($body) => {\n        const text = $body.text().toLowerCase();\n        const impactTerms = [\n            \"impact\",\n            \"risk\",\n            \"business\",\n            \"financial\",\n            \"operational\",\n            \"reputational\",\n            \"cost\",\n        ];\n        const foundTerms = impactTerms.filter((term) => text.includes(term));\n        if (foundTerms.length >= 2) {\n            cy.log(`✓ Business impact analysis displayed for ${scenario.name}`);\n        }\n    });\n    // Take screenshot for documentation\n    cy.screenshot(`business-impact-${scenario.name.toLowerCase().replace(/\\s+/g, \"-\")}`);\n});",
                  "err": {},
                  "uuid": "1135c31b-1683-4efa-82a2-9c89d4420b57",
                  "parentUUID": "9cbc9c55-224b-4809-b24a-0b6e0fe27374",
                  "isHook": false,
                  "skipped": false
                }
              ],
              "suites": [],
              "passes": [
                "1135c31b-1683-4efa-82a2-9c89d4420b57"
              ],
              "failures": [],
              "pending": [],
              "skipped": [],
              "duration": 9322,
              "root": false,
              "rootEmpty": false,
              "_timeout": 2000
            },
            {
              "uuid": "59470fc8-6194-4f91-a2d5-7adac84b9001",
              "title": "Data Persistence",
              "fullFile": "",
              "file": "",
              "beforeHooks": [],
              "afterHooks": [],
              "tests": [
                {
                  "title": "should persist security level selections across page reloads",
                  "fullTitle": "Security Assessment Flow Data Persistence should persist security level selections across page reloads",
                  "timedOut": null,
                  "duration": 1873,
                  "state": "passed",
                  "speed": "fast",
                  "pass": true,
                  "fail": false,
                  "pending": false,
                  "context": null,
                  "code": "cy.log(\"Testing security level persistence\");\n// Set specific security levels\ncy.setSecurityLevels(_support_constants__WEBPACK_IMPORTED_MODULE_0__.SECURITY_LEVELS.MODERATE, _support_constants__WEBPACK_IMPORTED_MODULE_0__.SECURITY_LEVELS.HIGH, _support_constants__WEBPACK_IMPORTED_MODULE_0__.SECURITY_LEVELS.LOW);\n// Reload page\ncy.reload();\ncy.ensureAppLoaded();\n// Verify selections are preserved (if app implements persistence)\ncy.get(\"select\").then(($selects) => {\n    const availability = $selects.eq(0).val();\n    const integrity = $selects.eq(1).val();\n    const confidentiality = $selects.eq(2).val();\n    // Log current values\n    cy.log(`After reload - A: ${availability}, I: ${integrity}, C: ${confidentiality}`);\n    // Note: Persistence behavior depends on app implementation\n    // This test documents the current behavior\n    cy.log(\"✓ Security level state documented after reload\");\n});",
                  "err": {},
                  "uuid": "3c6de713-9432-4723-9285-e709db9f1cc9",
                  "parentUUID": "59470fc8-6194-4f91-a2d5-7adac84b9001",
                  "isHook": false,
                  "skipped": false
                }
              ],
              "suites": [],
              "passes": [
                "3c6de713-9432-4723-9285-e709db9f1cc9"
              ],
              "failures": [],
              "pending": [],
              "skipped": [],
              "duration": 1873,
              "root": false,
              "rootEmpty": false,
              "_timeout": 2000
            },
            {
              "uuid": "1b2a27d5-9031-4a45-9e50-9e86fed2aeee",
              "title": "Widget Integration",
              "fullFile": "",
              "file": "",
              "beforeHooks": [],
              "afterHooks": [],
              "tests": [
                {
                  "title": "should ensure all widgets respond to security level changes",
                  "fullTitle": "Security Assessment Flow Widget Integration should ensure all widgets respond to security level changes",
                  "timedOut": null,
                  "duration": 1425,
                  "state": "passed",
                  "speed": "fast",
                  "pass": true,
                  "fail": false,
                  "pending": false,
                  "context": null,
                  "code": "cy.log(\"Testing widget integration and responsiveness\");\n// Count initial widgets\ncy.get(\"[data-testid^='widget-']\").then(($initialWidgets) => {\n    const initialCount = $initialWidgets.length;\n    cy.log(`Initial widget count: ${initialCount}`);\n    // Change security levels using custom command\n    cy.setSecurityLevels(_support_constants__WEBPACK_IMPORTED_MODULE_0__.SECURITY_LEVELS.HIGH, _support_constants__WEBPACK_IMPORTED_MODULE_0__.SECURITY_LEVELS.HIGH, _support_constants__WEBPACK_IMPORTED_MODULE_0__.SECURITY_LEVELS.HIGH);\n    // Verify widgets still present and responsive\n    cy.get(\"[data-testid^='widget-']\").then(($updatedWidgets) => {\n        const updatedCount = $updatedWidgets.length;\n        cy.log(`Updated widget count: ${updatedCount}`);\n        // Widget count should remain stable\n        expect(updatedCount).to.be.at.least(Math.max(1, initialCount - 1), \"Widget count should remain stable during security level changes\");\n        cy.log(\"✓ All widgets remained responsive to security level changes\");\n    });\n});",
                  "err": {},
                  "uuid": "23709770-534d-4788-bd9e-9a39a3b0228b",
                  "parentUUID": "1b2a27d5-9031-4a45-9e50-9e86fed2aeee",
                  "isHook": false,
                  "skipped": false
                }
              ],
              "suites": [],
              "passes": [
                "23709770-534d-4788-bd9e-9a39a3b0228b"
              ],
              "failures": [],
              "pending": [],
              "skipped": [],
              "duration": 1425,
              "root": false,
              "rootEmpty": false,
              "_timeout": 2000
            }
          ],
          "passes": [],
          "failures": [],
          "pending": [],
          "skipped": [],
          "duration": 0,
          "root": false,
          "rootEmpty": false,
          "_timeout": 2000
        }
      ],
      "passes": [],
      "failures": [],
      "pending": [],
      "skipped": [],
      "duration": 0,
      "root": true,
      "rootEmpty": true,
      "_timeout": 2000
    },
    {
      "uuid": "70d3a3ee-9114-477e-be10-871fe0787f23",
      "title": "",
      "fullFile": "cypress/e2e/business-outcomes/compliance-validation.cy.ts",
      "file": "cypress/e2e/business-outcomes/compliance-validation.cy.ts",
      "beforeHooks": [],
      "afterHooks": [],
      "tests": [],
      "suites": [
        {
          "uuid": "7d0ac80b-36aa-4335-914e-c0bb2cfbecbd",
          "title": "Compliance Status Validation",
          "fullFile": "",
          "file": "",
          "beforeHooks": [],
          "afterHooks": [],
          "tests": [
            {
              "title": "accurately reflects compliance status based on security levels",
              "fullTitle": "Compliance Status Validation accurately reflects compliance status based on security levels",
              "timedOut": null,
              "duration": 11021,
              "state": "passed",
              "speed": "slow",
              "pass": true,
              "fail": false,
              "pending": false,
              "context": null,
              "code": "// Reduced to 2 critical scenarios (low and high) - moderate is covered by beforeEach in other tests\nconst complianceScenarios = [\n    {\n        levels: [_support_constants__WEBPACK_IMPORTED_MODULE_0__.SECURITY_LEVELS.LOW, _support_constants__WEBPACK_IMPORTED_MODULE_0__.SECURITY_LEVELS.LOW, _support_constants__WEBPACK_IMPORTED_MODULE_0__.SECURITY_LEVELS.LOW],\n        expectedTextPatterns: [\n            /minimal|basic|non-compliant|low|partial|warning|caution/i,\n            /compliance|status|level|security/i,\n        ],\n        name: \"low-security\",\n    },\n    {\n        levels: [\n            _support_constants__WEBPACK_IMPORTED_MODULE_0__.SECURITY_LEVELS.HIGH,\n            _support_constants__WEBPACK_IMPORTED_MODULE_0__.SECURITY_LEVELS.HIGH,\n            _support_constants__WEBPACK_IMPORTED_MODULE_0__.SECURITY_LEVELS.HIGH,\n        ],\n        expectedTextPatterns: [\n            /compliant|meets requirements|high|full|complete|standard|advanced/i,\n            /compliance|status|framework|requirement/i,\n        ],\n        name: \"high-security\",\n    },\n];\n// Test each scenario with better error handling\ncomplianceScenarios.forEach((scenario, index) => {\n    cy.log(`Testing compliance scenario ${index + 1}: ${scenario.name}`);\n    // More reliable way to set security levels\n    cy.setSecurityLevels(...scenario.levels);\n    cy.wait(500); // Reduced wait time\n    // Take screenshot for debugging (only 2 screenshots now instead of 6)\n    cy.screenshot(`compliance-scenario-${scenario.name}`);\n    // Search for compliance information using multiple strategies\n    cy.get(\"body\").then(($body) => {\n        const bodyText = $body.text();\n        // Check if all expected text patterns appear somewhere on the page\n        const allPatternsFound = scenario.expectedTextPatterns.every((pattern) => pattern.test(bodyText));\n        if (allPatternsFound) {\n            cy.log(`✓ Found all expected compliance patterns for ${scenario.name}`);\n        }\n        else {\n            // Log which patterns were not found\n            scenario.expectedTextPatterns.forEach((pattern) => {\n                if (!pattern.test(bodyText)) {\n                    cy.log(`⚠️ Could not find pattern: ${pattern} for ${scenario.name}`);\n                }\n            });\n        }\n    });\n});",
              "err": {},
              "uuid": "0337d591-661e-472b-ba5a-eb5b3b7f5e83",
              "parentUUID": "7d0ac80b-36aa-4335-914e-c0bb2cfbecbd",
              "isHook": false,
              "skipped": false
            },
            {
              "title": "verifies compliance framework details visibility",
              "fullTitle": "Compliance Status Validation verifies compliance framework details visibility",
              "timedOut": null,
              "duration": 1866,
              "state": "passed",
              "speed": "fast",
              "pass": true,
              "fail": false,
              "pending": false,
              "context": null,
              "code": "// Set high security to maximize framework visibility\ncy.setSecurityLevels(_support_constants__WEBPACK_IMPORTED_MODULE_0__.SECURITY_LEVELS.HIGH, _support_constants__WEBPACK_IMPORTED_MODULE_0__.SECURITY_LEVELS.HIGH, _support_constants__WEBPACK_IMPORTED_MODULE_0__.SECURITY_LEVELS.HIGH);\ncy.wait(500); // Reduced wait time\n// Look for compliance-related elements using multiple selectors\nconst complianceSelectors = [\n    '[data-testid*=\"compliance\"]',\n    '[class*=\"compliance\"]',\n    '[data-testid*=\"framework\"]',\n    '[class*=\"framework\"]',\n].join(\", \");\n// Try to find compliance elements\ncy.get(\"body\").then(($body) => {\n    if ($body.find(complianceSelectors).length > 0) {\n        cy.get(complianceSelectors).first().scrollIntoView();\n        // Try to find clickable items\n        const clickableSelectors = [\n            '[data-testid*=\"framework\"] button',\n            '[data-testid*=\"framework\"] a',\n            '[class*=\"framework\"] button',\n            '[class*=\"framework\"] a',\n            'li[class*=\"framework\"]',\n            'li[data-testid*=\"framework\"]',\n        ].join(\", \");\n        if ($body.find(clickableSelectors).length > 0) {\n            cy.get(clickableSelectors).first().click({ force: true });\n            cy.wait(300); // Reduced wait time\n            cy.log(\"✓ Successfully clicked on framework item\");\n        }\n        else {\n            cy.log(\"⚠️ No clickable framework items found\");\n        }\n    }\n    else {\n        cy.log(\"⚠️ No compliance elements found\");\n    }\n});",
              "err": {},
              "uuid": "708cd0ad-71f8-4022-9170-92196af56ded",
              "parentUUID": "7d0ac80b-36aa-4335-914e-c0bb2cfbecbd",
              "isHook": false,
              "skipped": false
            },
            {
              "title": "shows appropriate compliance frameworks based on security levels",
              "fullTitle": "Compliance Status Validation shows appropriate compliance frameworks based on security levels",
              "timedOut": null,
              "duration": 2312,
              "state": "passed",
              "speed": "fast",
              "pass": true,
              "fail": false,
              "pending": false,
              "context": null,
              "code": "// Set high security to see maximum frameworks\ncy.setSecurityLevels(_support_constants__WEBPACK_IMPORTED_MODULE_0__.SECURITY_LEVELS.HIGH, _support_constants__WEBPACK_IMPORTED_MODULE_0__.SECURITY_LEVELS.HIGH, _support_constants__WEBPACK_IMPORTED_MODULE_0__.SECURITY_LEVELS.HIGH);\ncy.wait(1000);\n// Look for compliance frameworks section\ncy.get(\"body\").then(($body) => {\n    // Define a regex pattern to identify framework elements\n    const frameworkPattern = /([A-Z0-9]+\\s*[A-Z0-9]*\\s*[0-9-]*)/g;\n    // Extract frameworks from the DOM text\n    const bodyText = $body.text();\n    const possibleFrameworks = bodyText.match(frameworkPattern) || [];\n    // Filter to likely frameworks\n    const frameworks = possibleFrameworks.filter((f) => /^[A-Z0-9]{2,}/.test(f) && !f.includes(\"CIA\") && f.length > 2);\n    // Fix the spread argument error by using properly typed arguments\n    const logMessage = `Found ${frameworks.length} compliance frameworks`;\n    cy.log(logMessage);\n    // Use typed array for log args\n    const typedLogArgs = [\n        `Frameworks: ${frameworks.join(\", \")}`,\n    ];\n    cy.log(...typedLogArgs);\n    // Verify we found some frameworks\n    expect(frameworks.length).to.be.greaterThan(0);\n});",
              "err": {},
              "uuid": "672f299c-eb99-4e91-b39f-d7b1c9352a81",
              "parentUUID": "7d0ac80b-36aa-4335-914e-c0bb2cfbecbd",
              "isHook": false,
              "skipped": false
            }
          ],
          "suites": [],
          "passes": [
            "0337d591-661e-472b-ba5a-eb5b3b7f5e83",
            "708cd0ad-71f8-4022-9170-92196af56ded",
            "672f299c-eb99-4e91-b39f-d7b1c9352a81"
          ],
          "failures": [],
          "pending": [],
          "skipped": [],
          "duration": 15199,
          "root": false,
          "rootEmpty": false,
          "_timeout": 2000
        }
      ],
      "passes": [],
      "failures": [],
      "pending": [],
      "skipped": [],
      "duration": 0,
      "root": true,
      "rootEmpty": true,
      "_timeout": 2000
    },
    {
      "uuid": "cfa4bc19-9a9d-466d-9885-95be40369e74",
      "title": "",
      "fullFile": "cypress/e2e/screenshots/widget-screenshots.cy.ts",
      "file": "cypress/e2e/screenshots/widget-screenshots.cy.ts",
      "beforeHooks": [],
      "afterHooks": [],
      "tests": [],
      "suites": [
        {
          "uuid": "63c3c86b-aad9-4c86-b316-3591e231b677",
          "title": "Widget UI/UX Screenshots",
          "fullFile": "",
          "file": "",
          "beforeHooks": [],
          "afterHooks": [],
          "tests": [
            {
              "title": "captures full dashboard grid in light mode only",
              "fullTitle": "Widget UI/UX Screenshots captures full dashboard grid in light mode only",
              "timedOut": null,
              "duration": 1361,
              "state": "passed",
              "speed": "fast",
              "pass": true,
              "fail": false,
              "pending": false,
              "context": null,
              "code": "// Set wider viewport to ensure all columns are visible\ncy.viewport(2400, 1200);\n// Ensure grid layout is properly displayed\ncy.get('[data-testid=\"dashboard-grid\"]').should(\"be.visible\");\n// Capture only light mode to reduce test time by 50%\ncy.screenshot(\"dashboard-grid-light\", { capture: \"viewport\" });",
              "err": {},
              "uuid": "cd55ebd4-eb08-4ccb-b714-950912ab7754",
              "parentUUID": "63c3c86b-aad9-4c86-b316-3591e231b677",
              "isHook": false,
              "skipped": false
            },
            {
              "title": "captures essential widgets in light theme only",
              "fullTitle": "Widget UI/UX Screenshots captures essential widgets in light theme only",
              "timedOut": null,
              "duration": 1194,
              "state": "passed",
              "speed": "fast",
              "pass": true,
              "fail": false,
              "pending": false,
              "context": null,
              "code": "// Capture only light theme to reduce test time - dark theme can be tested separately if needed\nessentialWidgets.forEach((widgetName) => {\n    cy.log(`Capturing widget: ${widgetName}`);\n    // Simplified capture - just take a single screenshot\n    cy.findWidget(widgetName).then(($widget) => {\n        if ($widget.length > 0) {\n            cy.wrap($widget.first()).screenshot(`widget-${widgetName}-light`, {\n                overwrite: true,\n            });\n        }\n    });\n});",
              "err": {},
              "uuid": "6e410987-4bd5-4220-8b29-3fc150536c77",
              "parentUUID": "63c3c86b-aad9-4c86-b316-3591e231b677",
              "isHook": false,
              "skipped": false
            }
          ],
          "suites": [],
          "passes": [
            "cd55ebd4-eb08-4ccb-b714-950912ab7754",
            "6e410987-4bd5-4220-8b29-3fc150536c77"
          ],
          "failures": [],
          "pending": [],
          "skipped": [],
          "duration": 2555,
          "root": false,
          "rootEmpty": false,
          "_timeout": 2000
        }
      ],
      "passes": [],
      "failures": [],
      "pending": [],
      "skipped": [],
      "duration": 0,
      "root": true,
      "rootEmpty": true,
      "_timeout": 2000
    },
    {
      "uuid": "46237274-a0c9-4282-939c-84725ae4df5c",
      "title": "",
      "fullFile": "cypress/e2e/security/security-headers.cy.ts",
      "file": "cypress/e2e/security/security-headers.cy.ts",
      "beforeHooks": [],
      "afterHooks": [],
      "tests": [],
      "suites": [
        {
          "uuid": "93b5bd50-a5d0-4b9f-a191-bca2488586bd",
          "title": "Security Headers",
          "fullFile": "",
          "file": "",
          "beforeHooks": [],
          "afterHooks": [],
          "tests": [],
          "suites": [
            {
              "uuid": "9986084d-264c-4e88-af44-fdab4584ece3",
              "title": "Content Security Policy (CSP)",
              "fullFile": "",
              "file": "",
              "beforeHooks": [],
              "afterHooks": [],
              "tests": [
                {
                  "title": "should have CSP meta tag configured",
                  "fullTitle": "Security Headers Content Security Policy (CSP) should have CSP meta tag configured",
                  "timedOut": null,
                  "duration": 1066,
                  "state": "passed",
                  "speed": "fast",
                  "pass": true,
                  "fail": false,
                  "pending": false,
                  "context": null,
                  "code": "cy.get(_support_constants__WEBPACK_IMPORTED_MODULE_0__.SECURITY_HEADER_SELECTORS.CSP)\n    .should(\"exist\")\n    .and(\"have.attr\", \"content\")\n    .and(\"not.be.empty\");",
                  "err": {},
                  "uuid": "ea4e7e6f-417f-48b8-b1d9-d328287385cc",
                  "parentUUID": "9986084d-264c-4e88-af44-fdab4584ece3",
                  "isHook": false,
                  "skipped": false
                },
                {
                  "title": "should include required CSP directives",
                  "fullTitle": "Security Headers Content Security Policy (CSP) should include required CSP directives",
                  "timedOut": null,
                  "duration": 611,
                  "state": "passed",
                  "speed": "fast",
                  "pass": true,
                  "fail": false,
                  "pending": false,
                  "context": null,
                  "code": "cy.get(_support_constants__WEBPACK_IMPORTED_MODULE_0__.SECURITY_HEADER_SELECTORS.CSP)\n    .should(\"have.attr\", \"content\")\n    .then((content) => {\n    const cspContent = content;\n    // Verify critical CSP directives\n    expect(cspContent).to.include(\"default-src 'self'\", \"CSP should restrict default sources to same origin\");\n    expect(cspContent).to.include(\"script-src 'self'\", \"CSP should restrict scripts to same origin\");\n    expect(cspContent).to.include(\"object-src 'none'\", \"CSP should block all plugins (Flash, Java, etc.)\");\n    expect(cspContent).to.include(\"base-uri 'self'\", \"CSP should restrict base tag URLs to same origin\");\n    expect(cspContent).to.include(\"form-action 'self'\", \"CSP should restrict form submissions to same origin\");\n    expect(cspContent).to.include(\"frame-ancestors 'none'\", \"CSP should prevent site from being embedded in frames\");\n});",
                  "err": {},
                  "uuid": "96080585-3cc4-466b-8d94-4f25da635fe8",
                  "parentUUID": "9986084d-264c-4e88-af44-fdab4584ece3",
                  "isHook": false,
                  "skipped": false
                },
                {
                  "title": "should allow required font sources for Orbitron and Share Tech Mono",
                  "fullTitle": "Security Headers Content Security Policy (CSP) should allow required font sources for Orbitron and Share Tech Mono",
                  "timedOut": null,
                  "duration": 490,
                  "state": "passed",
                  "speed": "fast",
                  "pass": true,
                  "fail": false,
                  "pending": false,
                  "context": null,
                  "code": "cy.get(_support_constants__WEBPACK_IMPORTED_MODULE_0__.SECURITY_HEADER_SELECTORS.CSP)\n    .should(\"have.attr\", \"content\")\n    .then((content) => {\n    const cspContent = content;\n    // Verify font sources for Google Fonts\n    expect(cspContent).to.include(\"font-src\", \"CSP should include font-src directive\");\n    expect(cspContent).to.include(\"https://fonts.gstatic.com\", \"CSP should allow Google Fonts for typography\");\n});",
                  "err": {},
                  "uuid": "9884e4e4-59ea-4344-93cf-85bcc3b430a5",
                  "parentUUID": "9986084d-264c-4e88-af44-fdab4584ece3",
                  "isHook": false,
                  "skipped": false
                },
                {
                  "title": "should allow required style sources",
                  "fullTitle": "Security Headers Content Security Policy (CSP) should allow required style sources",
                  "timedOut": null,
                  "duration": 553,
                  "state": "passed",
                  "speed": "fast",
                  "pass": true,
                  "fail": false,
                  "pending": false,
                  "context": null,
                  "code": "cy.get(_support_constants__WEBPACK_IMPORTED_MODULE_0__.SECURITY_HEADER_SELECTORS.CSP)\n    .should(\"have.attr\", \"content\")\n    .then((content) => {\n    const cspContent = content;\n    // Verify style sources\n    expect(cspContent).to.include(\"style-src\", \"CSP should include style-src directive\");\n    expect(cspContent).to.include(\"'unsafe-inline'\", \"CSP should allow inline styles for TailwindCSS\");\n    expect(cspContent).to.include(\"https://fonts.googleapis.com\", \"CSP should allow Google Fonts stylesheets\");\n});",
                  "err": {},
                  "uuid": "f50c14f1-872f-468c-b906-fc73d0f0e880",
                  "parentUUID": "9986084d-264c-4e88-af44-fdab4584ece3",
                  "isHook": false,
                  "skipped": false
                },
                {
                  "title": "should include upgrade-insecure-requests directive",
                  "fullTitle": "Security Headers Content Security Policy (CSP) should include upgrade-insecure-requests directive",
                  "timedOut": null,
                  "duration": 550,
                  "state": "passed",
                  "speed": "fast",
                  "pass": true,
                  "fail": false,
                  "pending": false,
                  "context": null,
                  "code": "cy.get(_support_constants__WEBPACK_IMPORTED_MODULE_0__.SECURITY_HEADER_SELECTORS.CSP)\n    .should(\"have.attr\", \"content\")\n    .and(\"include\", \"upgrade-insecure-requests\");",
                  "err": {},
                  "uuid": "692cc4ae-9072-46bf-956f-16b0a0bc248d",
                  "parentUUID": "9986084d-264c-4e88-af44-fdab4584ece3",
                  "isHook": false,
                  "skipped": false
                }
              ],
              "suites": [],
              "passes": [
                "ea4e7e6f-417f-48b8-b1d9-d328287385cc",
                "96080585-3cc4-466b-8d94-4f25da635fe8",
                "9884e4e4-59ea-4344-93cf-85bcc3b430a5",
                "f50c14f1-872f-468c-b906-fc73d0f0e880",
                "692cc4ae-9072-46bf-956f-16b0a0bc248d"
              ],
              "failures": [],
              "pending": [],
              "skipped": [],
              "duration": 3270,
              "root": false,
              "rootEmpty": false,
              "_timeout": 2000
            },
            {
              "uuid": "8955eefa-5893-4d59-b40f-951bc40ad1d3",
              "title": "X-Content-Type-Options",
              "fullFile": "",
              "file": "",
              "beforeHooks": [],
              "afterHooks": [],
              "tests": [
                {
                  "title": "should have X-Content-Type-Options meta tag set to nosniff",
                  "fullTitle": "Security Headers X-Content-Type-Options should have X-Content-Type-Options meta tag set to nosniff",
                  "timedOut": null,
                  "duration": 606,
                  "state": "passed",
                  "speed": "fast",
                  "pass": true,
                  "fail": false,
                  "pending": false,
                  "context": null,
                  "code": "cy.get(_support_constants__WEBPACK_IMPORTED_MODULE_0__.SECURITY_HEADER_SELECTORS.X_CONTENT_TYPE_OPTIONS)\n    .should(\"exist\")\n    .and(\"have.attr\", \"content\", \"nosniff\");",
                  "err": {},
                  "uuid": "1cef1d11-7dec-4448-b0e2-f89ed36c3dba",
                  "parentUUID": "8955eefa-5893-4d59-b40f-951bc40ad1d3",
                  "isHook": false,
                  "skipped": false
                }
              ],
              "suites": [],
              "passes": [
                "1cef1d11-7dec-4448-b0e2-f89ed36c3dba"
              ],
              "failures": [],
              "pending": [],
              "skipped": [],
              "duration": 606,
              "root": false,
              "rootEmpty": false,
              "_timeout": 2000
            },
            {
              "uuid": "303b0da6-f695-415b-b8a5-676dbebe8098",
              "title": "X-Frame-Options",
              "fullFile": "",
              "file": "",
              "beforeHooks": [],
              "afterHooks": [],
              "tests": [
                {
                  "title": "should have X-Frame-Options meta tag set to DENY",
                  "fullTitle": "Security Headers X-Frame-Options should have X-Frame-Options meta tag set to DENY",
                  "timedOut": null,
                  "duration": 550,
                  "state": "passed",
                  "speed": "fast",
                  "pass": true,
                  "fail": false,
                  "pending": false,
                  "context": null,
                  "code": "cy.get(_support_constants__WEBPACK_IMPORTED_MODULE_0__.SECURITY_HEADER_SELECTORS.X_FRAME_OPTIONS)\n    .should(\"exist\")\n    .and(\"have.attr\", \"content\", \"DENY\");",
                  "err": {},
                  "uuid": "026197c7-e69a-437e-abf9-323cbd236494",
                  "parentUUID": "303b0da6-f695-415b-b8a5-676dbebe8098",
                  "isHook": false,
                  "skipped": false
                }
              ],
              "suites": [],
              "passes": [
                "026197c7-e69a-437e-abf9-323cbd236494"
              ],
              "failures": [],
              "pending": [],
              "skipped": [],
              "duration": 550,
              "root": false,
              "rootEmpty": false,
              "_timeout": 2000
            },
            {
              "uuid": "cd575140-17da-4a45-a600-e9b0a2567cb9",
              "title": "Cross-Origin Policies",
              "fullFile": "",
              "file": "",
              "beforeHooks": [],
              "afterHooks": [],
              "tests": [
                {
                  "title": "should have Cross-Origin-Opener-Policy set to same-origin",
                  "fullTitle": "Security Headers Cross-Origin Policies should have Cross-Origin-Opener-Policy set to same-origin",
                  "timedOut": null,
                  "duration": 526,
                  "state": "passed",
                  "speed": "fast",
                  "pass": true,
                  "fail": false,
                  "pending": false,
                  "context": null,
                  "code": "cy.get(_support_constants__WEBPACK_IMPORTED_MODULE_0__.SECURITY_HEADER_SELECTORS.COOP)\n    .should(\"exist\")\n    .and(\"have.attr\", \"content\", \"same-origin\");",
                  "err": {},
                  "uuid": "2fe8599b-1aa3-4987-810f-4c127b2a65b2",
                  "parentUUID": "cd575140-17da-4a45-a600-e9b0a2567cb9",
                  "isHook": false,
                  "skipped": false
                },
                {
                  "title": "should have Cross-Origin-Embedder-Policy set to require-corp",
                  "fullTitle": "Security Headers Cross-Origin Policies should have Cross-Origin-Embedder-Policy set to require-corp",
                  "timedOut": null,
                  "duration": 548,
                  "state": "passed",
                  "speed": "fast",
                  "pass": true,
                  "fail": false,
                  "pending": false,
                  "context": null,
                  "code": "cy.get(_support_constants__WEBPACK_IMPORTED_MODULE_0__.SECURITY_HEADER_SELECTORS.COEP)\n    .should(\"exist\")\n    .and(\"have.attr\", \"content\", \"require-corp\");",
                  "err": {},
                  "uuid": "c0b284c5-aa63-4d4f-b410-f56ecc0ca040",
                  "parentUUID": "cd575140-17da-4a45-a600-e9b0a2567cb9",
                  "isHook": false,
                  "skipped": false
                }
              ],
              "suites": [],
              "passes": [
                "2fe8599b-1aa3-4987-810f-4c127b2a65b2",
                "c0b284c5-aa63-4d4f-b410-f56ecc0ca040"
              ],
              "failures": [],
              "pending": [],
              "skipped": [],
              "duration": 1074,
              "root": false,
              "rootEmpty": false,
              "_timeout": 2000
            },
            {
              "uuid": "a12e2fe8-96d8-4f87-a83d-544f819430a8",
              "title": "Referrer Policy",
              "fullFile": "",
              "file": "",
              "beforeHooks": [],
              "afterHooks": [],
              "tests": [
                {
                  "title": "should have Referrer-Policy meta tag configured",
                  "fullTitle": "Security Headers Referrer Policy should have Referrer-Policy meta tag configured",
                  "timedOut": null,
                  "duration": 550,
                  "state": "passed",
                  "speed": "fast",
                  "pass": true,
                  "fail": false,
                  "pending": false,
                  "context": null,
                  "code": "cy.get(_support_constants__WEBPACK_IMPORTED_MODULE_0__.SECURITY_HEADER_SELECTORS.REFERRER)\n    .should(\"exist\")\n    .and(\"have.attr\", \"content\", \"strict-origin-when-cross-origin\");",
                  "err": {},
                  "uuid": "5a014ca8-bdac-402b-bbf0-e8c7aa40899d",
                  "parentUUID": "a12e2fe8-96d8-4f87-a83d-544f819430a8",
                  "isHook": false,
                  "skipped": false
                }
              ],
              "suites": [],
              "passes": [
                "5a014ca8-bdac-402b-bbf0-e8c7aa40899d"
              ],
              "failures": [],
              "pending": [],
              "skipped": [],
              "duration": 550,
              "root": false,
              "rootEmpty": false,
              "_timeout": 2000
            },
            {
              "uuid": "8795b7e7-a047-49db-a439-ea4be5b78dc4",
              "title": "Security Headers Comprehensive Check",
              "fullFile": "",
              "file": "",
              "beforeHooks": [],
              "afterHooks": [],
              "tests": [
                {
                  "title": "should have all required security headers present",
                  "fullTitle": "Security Headers Security Headers Comprehensive Check should have all required security headers present",
                  "timedOut": null,
                  "duration": 546,
                  "state": "passed",
                  "speed": "fast",
                  "pass": true,
                  "fail": false,
                  "pending": false,
                  "context": null,
                  "code": "const requiredHeaders = [\n    _support_constants__WEBPACK_IMPORTED_MODULE_0__.SECURITY_HEADER_SELECTORS.CSP,\n    _support_constants__WEBPACK_IMPORTED_MODULE_0__.SECURITY_HEADER_SELECTORS.X_CONTENT_TYPE_OPTIONS,\n    _support_constants__WEBPACK_IMPORTED_MODULE_0__.SECURITY_HEADER_SELECTORS.X_FRAME_OPTIONS,\n    _support_constants__WEBPACK_IMPORTED_MODULE_0__.SECURITY_HEADER_SELECTORS.COOP,\n    _support_constants__WEBPACK_IMPORTED_MODULE_0__.SECURITY_HEADER_SELECTORS.COEP,\n    _support_constants__WEBPACK_IMPORTED_MODULE_0__.SECURITY_HEADER_SELECTORS.REFERRER,\n];\nrequiredHeaders.forEach((selector) => {\n    cy.get(selector).should(\"exist\");\n});",
                  "err": {},
                  "uuid": "ebb8b49d-e92f-4d47-a888-19bbfbc22280",
                  "parentUUID": "8795b7e7-a047-49db-a439-ea4be5b78dc4",
                  "isHook": false,
                  "skipped": false
                },
                {
                  "title": "should not display any CSP violations in console",
                  "fullTitle": "Security Headers Security Headers Comprehensive Check should not display any CSP violations in console",
                  "timedOut": null,
                  "duration": 2045,
                  "state": "passed",
                  "speed": "fast",
                  "pass": true,
                  "fail": false,
                  "pending": false,
                  "context": null,
                  "code": "// This test needs to be run separately to capture violations during initial page load\ncy.visit(\"/\", {\n    onBeforeLoad(win) {\n        // Track CSP violations\n        let cspViolations = 0;\n        win.addEventListener(\"securitypolicyviolation\", (e) => {\n            cspViolations++;\n            // Log violation details for debugging\n            const { violatedDirective, blockedURI } = e;\n            cy.log(`CSP Violation: ${violatedDirective} - ${blockedURI || \"inline\"}`);\n        });\n        // Store reference for later assertion\n        win.cspViolations =\n            () => cspViolations;\n    },\n});\ncy.ensureAppLoaded();\n// Wait a moment for any violations to be reported\ncy.wait(1000);\n// Verify no violations occurred during page load\ncy.window().then((win) => {\n    const violations = win.cspViolations();\n    expect(violations).to.equal(0, \"No CSP violations detected\");\n});",
                  "err": {},
                  "uuid": "fc52db72-bece-48c7-ad63-a61fd91a466b",
                  "parentUUID": "8795b7e7-a047-49db-a439-ea4be5b78dc4",
                  "isHook": false,
                  "skipped": false
                }
              ],
              "suites": [],
              "passes": [
                "ebb8b49d-e92f-4d47-a888-19bbfbc22280",
                "fc52db72-bece-48c7-ad63-a61fd91a466b"
              ],
              "failures": [],
              "pending": [],
              "skipped": [],
              "duration": 2591,
              "root": false,
              "rootEmpty": false,
              "_timeout": 2000
            },
            {
              "uuid": "39789313-d6f7-45f8-9b4a-e9bf5d1f50f0",
              "title": "ISMS Compliance Verification",
              "fullFile": "",
              "file": "",
              "beforeHooks": [],
              "afterHooks": [],
              "tests": [
                {
                  "title": "should meet Application Security Framework requirements",
                  "fullTitle": "Security Headers ISMS Compliance Verification should meet Application Security Framework requirements",
                  "timedOut": null,
                  "duration": 616,
                  "state": "passed",
                  "speed": "fast",
                  "pass": true,
                  "fail": false,
                  "pending": false,
                  "context": null,
                  "code": "// Verify all security headers are present as per ISMS requirements\ncy.get(\"head\")\n    .find(_support_constants__WEBPACK_IMPORTED_MODULE_0__.SECURITY_HEADER_SELECTORS.CSP)\n    .should(\"exist\");\ncy.get(\"head\")\n    .find(_support_constants__WEBPACK_IMPORTED_MODULE_0__.SECURITY_HEADER_SELECTORS.X_FRAME_OPTIONS)\n    .should(\"exist\");\ncy.get(\"head\")\n    .find(_support_constants__WEBPACK_IMPORTED_MODULE_0__.SECURITY_HEADER_SELECTORS.X_CONTENT_TYPE_OPTIONS)\n    .should(\"exist\");\ncy.log(\"✅ Application Security Framework requirements met\");",
                  "err": {},
                  "uuid": "7d3b1a8b-1320-46e7-a71e-035e782a19c2",
                  "parentUUID": "39789313-d6f7-45f8-9b4a-e9bf5d1f50f0",
                  "isHook": false,
                  "skipped": false
                },
                {
                  "title": "should implement defense-in-depth security strategy",
                  "fullTitle": "Security Headers ISMS Compliance Verification should implement defense-in-depth security strategy",
                  "timedOut": null,
                  "duration": 495,
                  "state": "passed",
                  "speed": "fast",
                  "pass": true,
                  "fail": false,
                  "pending": false,
                  "context": null,
                  "code": "// Multiple layers of security controls using reusable constants\n_support_constants__WEBPACK_IMPORTED_MODULE_0__.SECURITY_LAYER_CONFIGS.forEach((layer) => {\n    cy.get(layer.selector).should(\"exist\", `${layer.name} should be implemented`);\n    cy.log(`✅ ${layer.name} implemented`);\n});",
                  "err": {},
                  "uuid": "37f94ec2-8483-42e3-a980-fbb36e8c5f19",
                  "parentUUID": "39789313-d6f7-45f8-9b4a-e9bf5d1f50f0",
                  "isHook": false,
                  "skipped": false
                }
              ],
              "suites": [],
              "passes": [
                "7d3b1a8b-1320-46e7-a71e-035e782a19c2",
                "37f94ec2-8483-42e3-a980-fbb36e8c5f19"
              ],
              "failures": [],
              "pending": [],
              "skipped": [],
              "duration": 1111,
              "root": false,
              "rootEmpty": false,
              "_timeout": 2000
            }
          ],
          "passes": [],
          "failures": [],
          "pending": [],
          "skipped": [],
          "duration": 0,
          "root": false,
          "rootEmpty": false,
          "_timeout": 2000
        }
      ],
      "passes": [],
      "failures": [],
      "pending": [],
      "skipped": [],
      "duration": 0,
      "root": true,
      "rootEmpty": true,
      "_timeout": 2000
    },
    {
      "uuid": "4c30a792-37b6-4ca0-aaf2-dff8b9fff2a2",
      "title": "",
      "fullFile": "cypress/e2e/security/security-level-transitions.cy.ts",
      "file": "cypress/e2e/security/security-level-transitions.cy.ts",
      "beforeHooks": [],
      "afterHooks": [],
      "tests": [],
      "suites": [
        {
          "uuid": "ddd89373-c9d4-41a8-a6df-bd31e387e4f1",
          "title": "Security Level Transitions",
          "fullFile": "",
          "file": "",
          "beforeHooks": [],
          "afterHooks": [],
          "tests": [
            {
              "title": "maintains application integrity during security level changes",
              "fullTitle": "Security Level Transitions maintains application integrity during security level changes",
              "timedOut": null,
              "duration": 6371,
              "state": "passed",
              "speed": "medium",
              "pass": true,
              "fail": false,
              "pending": false,
              "context": null,
              "code": "// Reduced to only the most critical transition to test (low to high covers edge cases)\nconst securityTransitions = [\n    {\n        from: [\n            _support_constants__WEBPACK_IMPORTED_MODULE_0__.SECURITY_LEVELS.LOW,\n            _support_constants__WEBPACK_IMPORTED_MODULE_0__.SECURITY_LEVELS.LOW,\n            _support_constants__WEBPACK_IMPORTED_MODULE_0__.SECURITY_LEVELS.LOW,\n        ],\n        to: [\n            _support_constants__WEBPACK_IMPORTED_MODULE_0__.SECURITY_LEVELS.HIGH,\n            _support_constants__WEBPACK_IMPORTED_MODULE_0__.SECURITY_LEVELS.HIGH,\n            _support_constants__WEBPACK_IMPORTED_MODULE_0__.SECURITY_LEVELS.HIGH,\n        ],\n        name: \"low-to-high\",\n    },\n];\n// Test each transition with better error handling\nsecurityTransitions.forEach((transition, index) => {\n    const logArgs = [\n        `Testing transition ${transition.name} (${index + 1}/${securityTransitions.length})`,\n    ];\n    cy.log(logArgs[0]);\n    // Set initial levels with type assertion\n    cy.setSecurityLevels(transition.from[0], transition.from[1], transition.from[2]);\n    cy.wait(500); // Reduced wait time\n    // Take screenshot only once\n    cy.screenshot(`transition-initial-${transition.name}`);\n    // Look for important widgets to verify initial state\n    findImportantWidgets().then((widgets) => {\n        // Capture initial content of each widget for comparison\n        captureWidgetStates(widgets).then((initialStates) => {\n            // Perform transition with type assertion\n            const changeLogArgs = [\n                `Changing to security levels: ${transition.to.join(\", \")}`,\n            ];\n            cy.log(changeLogArgs[0]);\n            cy.setSecurityLevels(transition.to[0], transition.to[1], transition.to[2]);\n            cy.wait(500); // Reduced wait time\n            // Take screenshot after transition\n            cy.screenshot(`transition-after-${transition.name}`);\n            // Check widgets after transition\n            findImportantWidgets().then((newWidgets) => {\n                const foundLogArgs = [\n                    `Found ${newWidgets.length} widgets after transition`,\n                ];\n                cy.log(...foundLogArgs);\n                // Verify number of widgets didn't decrease significantly\n                expect(newWidgets.length).to.be.at.least(Math.max(1, widgets.length - 1), \"Number of widgets shouldn't decrease significantly during transitions\");\n                // Process each widget after transition - reduced screenshot overhead\n                cy.wrap(newWidgets).each(($widget, i) => {\n                    const id = $widget.attr(\"data-testid\") || `widget-${i}`;\n                    // Check for problematic content\n                    checkForProblematicContent($widget);\n                    // Compare with initial state if available\n                    if (initialStates[id]) {\n                        compareWidgetContent($widget, initialStates[id], id);\n                    }\n                });\n            });\n        });\n    });\n});",
              "err": {},
              "uuid": "976f8f02-ebb1-459a-890e-576e44c062a8",
              "parentUUID": "ddd89373-c9d4-41a8-a6df-bd31e387e4f1",
              "isHook": false,
              "skipped": false
            }
          ],
          "suites": [],
          "passes": [
            "976f8f02-ebb1-459a-890e-576e44c062a8"
          ],
          "failures": [],
          "pending": [],
          "skipped": [],
          "duration": 6371,
          "root": false,
          "rootEmpty": false,
          "_timeout": 2000
        }
      ],
      "passes": [],
      "failures": [],
      "pending": [],
      "skipped": [],
      "duration": 0,
      "root": true,
      "rootEmpty": true,
      "_timeout": 2000
    },
    {
      "uuid": "ed661255-4c91-49be-b562-d65ce0e07798",
      "title": "",
      "fullFile": "cypress/e2e/widgets/assessmentcenter/business-impact.cy.ts",
      "file": "cypress/e2e/widgets/assessmentcenter/business-impact.cy.ts",
      "beforeHooks": [],
      "afterHooks": [],
      "tests": [],
      "suites": [
        {
          "uuid": "96bdf342-43ac-4ae9-b7af-0289f0a7c950",
          "title": "Business Impact Widget Tests",
          "fullFile": "",
          "file": "",
          "beforeHooks": [],
          "afterHooks": [],
          "tests": [
            {
              "title": "is visible and contains expected content",
              "fullTitle": "Business Impact Widget Tests is visible and contains expected content",
              "timedOut": null,
              "duration": 2268,
              "state": "passed",
              "speed": "fast",
              "pass": true,
              "fail": false,
              "pending": false,
              "context": null,
[...]
              "err": {},
              "uuid": "59ac4c6c-480d-45fa-b784-3a4d3219db8b",
              "parentUUID": "4f8867b7-fa14-40fe-ab16-95673f2c1944",
              "isHook": false,
              "skipped": false
            },
            {
              "title": "supports widget-specific functionality",
              "fullTitle": "Security Resources Widget Tests supports widget-specific functionality",
              "timedOut": null,
              "duration": 1727,
              "state": "passed",
              "speed": "fast",
              "pass": true,
              "fail": false,
              "pending": false,
              "context": null,
              "code": "// First check if widget exists\nfindWidgetFlexibly(widgetTestId).then(($widget) => {\n    if ($widget.length === 0) {\n        cy.log(`Widget ${widgetName} not found - specific test will be skipped`);\n        cy.screenshot(`missing-widget-${widgetTestId}-specific`);\n        expect(true).to.equal(true); // Soft-pass to avoid failing tests\n        return;\n    }\n    // Add widget to test context so additionalTests can use it\n    // Wrap the FIRST element when multiple are found to avoid errors in widget-specific tests\n    cy.wrap($widget.first()).as(\"currentWidget\");\n    // Run provided tests in try/catch to prevent cascading failures\n    try {\n        additionalTests();\n    }\n    catch (e) {\n        // Handle unknown error type safely\n        const errorMessage = e instanceof Error ? e.message : String(e);\n        cy.log(`Error in additional tests for ${widgetName}: ${errorMessage}`);\n        cy.screenshot(`error-${widgetName}-specific-test`);\n    }\n});",
              "err": {},
              "uuid": "5d641def-41f3-488e-97af-b787c1f44aac",
              "parentUUID": "4f8867b7-fa14-40fe-ab16-95673f2c1944",
              "isHook": false,
              "skipped": false
            }
          ],
          "suites": [],
          "passes": [
            "42db4cfa-bbaa-4049-9896-e600b59644cd",
            "59ac4c6c-480d-45fa-b784-3a4d3219db8b",
            "5d641def-41f3-488e-97af-b787c1f44aac"
          ],
          "failures": [],
          "pending": [],
          "skipped": [],
          "duration": 7150,
          "root": false,
          "rootEmpty": false,
          "_timeout": 2000
        }
      ],
      "passes": [],
      "failures": [],
      "pending": [],
      "skipped": [],
      "duration": 0,
      "root": true,
      "rootEmpty": true,
      "_timeout": 2000
    },
    {
      "uuid": "7b13bdea-8cbe-442e-b32b-48b85d5fdce1",
      "title": "",
      "fullFile": "cypress/e2e/widgets/implementationguide/security-visualization.cy.ts",
      "file": "cypress/e2e/widgets/implementationguide/security-visualization.cy.ts",
      "beforeHooks": [],
      "afterHooks": [],
      "tests": [],
      "suites": [
        {
          "uuid": "413a342d-7cd7-46f0-9899-50a5920f79a4",
          "title": "Security Visualization Widget Tests",
          "fullFile": "",
          "file": "",
          "beforeHooks": [],
          "afterHooks": [],
          "tests": [
            {
              "title": "is visible and contains expected content",
              "fullTitle": "Security Visualization Widget Tests is visible and contains expected content",
              "timedOut": null,
              "duration": 2218,
              "state": "passed",
              "speed": "fast",
              "pass": true,
              "fail": false,
              "pending": false,
              "context": null,
              "code": "// This test uses more flexible widget finding\nfindWidgetFlexibly(widgetTestId).then(($widget) => {\n    if ($widget.length === 0) {\n        cy.log(`Widget ${widgetName} not found - test will be skipped`);\n        cy.screenshot(`missing-widget-${widgetTestId}`);\n        expect(true).to.equal(true); // Soft-pass to avoid failing tests\n        return;\n    }\n    // Check for at least one expected content pattern\n    const widgetText = $widget.text();\n    let foundPattern = false;\n    let matchedPattern = \"\";\n    contentPatterns.forEach((pattern) => {\n        if (typeof pattern === \"string\") {\n            if (widgetText.includes(pattern)) {\n                foundPattern = true;\n                matchedPattern = pattern;\n            }\n        }\n        else if (pattern.test(widgetText)) {\n            foundPattern = true;\n            matchedPattern = pattern.toString();\n        }\n    });\n    if (foundPattern) {\n        cy.log(`Found expected content pattern: ${matchedPattern}`);\n    }\n    else {\n        cy.log(`No expected content patterns found in widget text: ${widgetText.substring(0, 100)}...`);\n    }\n    expect(foundPattern, `Widget should contain at least one expected content pattern`).to.be.true;\n    // Screenshot only on CI or when explicitly enabled via env var\n    if (Cypress.env('CYPRESS_SCREENSHOTS') === true || Cypress.env('CYPRESS_SCREENSHOTS') === 'true' || Cypress.config('isInteractive') === false) {\n        (0,_screenshot_utils__WEBPACK_IMPORTED_MODULE_1__.captureWidgetScreenshot)($widget.first(), `${widgetTestId}-baseline`);\n    }\n});",
              "err": {},
              "uuid": "d5bbe1f8-f473-46f2-ac1c-1498316e5af3",
              "parentUUID": "413a342d-7cd7-46f0-9899-50a5920f79a4",
              "isHook": false,
              "skipped": false
            },
            {
              "title": "updates content when security levels change",
              "fullTitle": "Security Visualization Widget Tests updates content when security levels change",
              "timedOut": null,
              "duration": 3146,
              "state": "passed",
              "speed": "fast",
              "pass": true,
              "fail": false,
              "pending": false,
              "context": null,
              "code": "// First verify if widget exists to avoid cascading failures\nfindWidgetFlexibly(widgetTestId).then(($widget) => {\n    if ($widget.length === 0) {\n        cy.log(`Widget ${widgetName} not found - test will be skipped`);\n        cy.screenshot(`missing-widget-${widgetTestId}-security-change`);\n        expect(true).to.equal(true); // Soft-pass to avoid failing tests\n        return;\n    }\n    const initialContent = $widget.text();\n    // Only test this if we have content to compare against\n    if (initialContent.trim().length === 0) {\n        cy.log(`Widget ${widgetName} has no initial content - test will be skipped`);\n        expect(true).to.equal(true); // Soft-pass to avoid failing tests\n        return;\n    }\n    // Test only HIGH security level to reduce test time (low->high transition covered in security-level-transitions.cy.ts)\n    cy.setSecurityLevels(_constants__WEBPACK_IMPORTED_MODULE_0__.SECURITY_LEVELS.HIGH, _constants__WEBPACK_IMPORTED_MODULE_0__.SECURITY_LEVELS.HIGH, _constants__WEBPACK_IMPORTED_MODULE_0__.SECURITY_LEVELS.HIGH);\n    cy.wait(500); // Reduced wait time\n    // Verify widget still exists and content changed\n    findWidgetFlexibly(widgetTestId).then(($highWidget) => {\n        if ($highWidget.length === 0) {\n            cy.log(`Widget ${widgetName} disappeared after security level change - test will be skipped`);\n            expect(true).to.equal(true); // Soft-pass to avoid failing tests\n            return;\n        }\n        const highContent = $highWidget.text();\n        // Verify content changed from initial moderate level\n        const contentChanged = initialContent !== highContent;\n        if (!contentChanged) {\n            cy.log(`Note: Content did not change between moderate and high security levels for ${widgetName}`);\n        }\n        // Some widgets may not change content, so we just verify it's still rendered\n        expect($highWidget.length).to.be.greaterThan(0);\n    });\n});",
              "err": {},
              "uuid": "bace3b49-6aa3-4a8b-9d63-fce1af3944c7",
              "parentUUID": "413a342d-7cd7-46f0-9899-50a5920f79a4",
              "isHook": false,
              "skipped": false
            },
            {
              "title": "supports widget-specific functionality",
              "fullTitle": "Security Visualization Widget Tests supports widget-specific functionality",
              "timedOut": null,
              "duration": 1692,
              "state": "passed",
              "speed": "fast",
              "pass": true,
              "fail": false,
              "pending": false,
              "context": null,
              "code": "// First check if widget exists\nfindWidgetFlexibly(widgetTestId).then(($widget) => {\n    if ($widget.length === 0) {\n        cy.log(`Widget ${widgetName} not found - specific test will be skipped`);\n        cy.screenshot(`missing-widget-${widgetTestId}-specific`);\n        expect(true).to.equal(true); // Soft-pass to avoid failing tests\n        return;\n    }\n    // Add widget to test context so additionalTests can use it\n    // Wrap the FIRST element when multiple are found to avoid errors in widget-specific tests\n    cy.wrap($widget.first()).as(\"currentWidget\");\n    // Run provided tests in try/catch to prevent cascading failures\n    try {\n        additionalTests();\n    }\n    catch (e) {\n        // Handle unknown error type safely\n        const errorMessage = e instanceof Error ? e.message : String(e);\n        cy.log(`Error in additional tests for ${widgetName}: ${errorMessage}`);\n        cy.screenshot(`error-${widgetName}-specific-test`);\n    }\n});",
              "err": {},
              "uuid": "8a021013-d80b-476e-a177-cad882764b8f",
              "parentUUID": "413a342d-7cd7-46f0-9899-50a5920f79a4",
              "isHook": false,
              "skipped": false
            }
          ],
          "suites": [],
          "passes": [
            "d5bbe1f8-f473-46f2-ac1c-1498316e5af3",
            "bace3b49-6aa3-4a8b-9d63-fce1af3944c7",
            "8a021013-d80b-476e-a177-cad882764b8f"
          ],
          "failures": [],
          "pending": [],
          "skipped": [],
          "duration": 7056,
          "root": false,
          "rootEmpty": false,
          "_timeout": 2000
        }
      ],
      "passes": [],
      "failures": [],
      "pending": [],
      "skipped": [],
      "duration": 0,
      "root": true,
      "rootEmpty": true,
      "_timeout": 2000
    },
    {
      "uuid": "69384a67-a50a-4efe-a46a-cb86198f05d2",
      "title": "",
      "fullFile": "cypress/e2e/widgets/implementationguide/technical-details.cy.ts",
      "file": "cypress/e2e/widgets/implementationguide/technical-details.cy.ts",
      "beforeHooks": [],
      "afterHooks": [],
      "tests": [],
      "suites": [
        {
          "uuid": "c0e6d6fa-57ef-4a74-bcf2-6a519fbc707b",
          "title": "Technical Details Widget Tests",
          "fullFile": "",
          "file": "",
          "beforeHooks": [],
          "afterHooks": [],
          "tests": [
            {
              "title": "is visible and contains expected content",
              "fullTitle": "Technical Details Widget Tests is visible and contains expected content",
              "timedOut": null,
              "duration": 2227,
              "state": "passed",
              "speed": "fast",
              "pass": true,
              "fail": false,
              "pending": false,
              "context": null,
              "code": "// This test uses more flexible widget finding\nfindWidgetFlexibly(widgetTestId).then(($widget) => {\n    if ($widget.length === 0) {\n        cy.log(`Widget ${widgetName} not found - test will be skipped`);\n        cy.screenshot(`missing-widget-${widgetTestId}`);\n        expect(true).to.equal(true); // Soft-pass to avoid failing tests\n        return;\n    }\n    // Check for at least one expected content pattern\n    const widgetText = $widget.text();\n    let foundPattern = false;\n    let matchedPattern = \"\";\n    contentPatterns.forEach((pattern) => {\n        if (typeof pattern === \"string\") {\n            if (widgetText.includes(pattern)) {\n                foundPattern = true;\n                matchedPattern = pattern;\n            }\n        }\n        else if (pattern.test(widgetText)) {\n            foundPattern = true;\n            matchedPattern = pattern.toString();\n        }\n    });\n    if (foundPattern) {\n        cy.log(`Found expected content pattern: ${matchedPattern}`);\n    }\n    else {\n        cy.log(`No expected content patterns found in widget text: ${widgetText.substring(0, 100)}...`);\n    }\n    expect(foundPattern, `Widget should contain at least one expected content pattern`).to.be.true;\n    // Screenshot only on CI or when explicitly enabled via env var\n    if (Cypress.env('CYPRESS_SCREENSHOTS') === true || Cypress.env('CYPRESS_SCREENSHOTS') === 'true' || Cypress.config('isInteractive') === false) {\n        (0,_screenshot_utils__WEBPACK_IMPORTED_MODULE_1__.captureWidgetScreenshot)($widget.first(), `${widgetTestId}-baseline`);\n    }\n});",
              "err": {},
              "uuid": "bbb9f073-aa0b-4b93-a57f-14f23729da56",
              "parentUUID": "c0e6d6fa-57ef-4a74-bcf2-6a519fbc707b",
              "isHook": false,
              "skipped": false
            },
            {
              "title": "updates content when security levels change",
              "fullTitle": "Technical Details Widget Tests updates content when security levels change",
              "timedOut": null,
              "duration": 3187,
              "state": "passed",
              "speed": "fast",
              "pass": true,
              "fail": false,
              "pending": false,
              "context": null,
              "code": "// First verify if widget exists to avoid cascading failures\nfindWidgetFlexibly(widgetTestId).then(($widget) => {\n    if ($widget.length === 0) {\n        cy.log(`Widget ${widgetName} not found - test will be skipped`);\n        cy.screenshot(`missing-widget-${widgetTestId}-security-change`);\n        expect(true).to.equal(true); // Soft-pass to avoid failing tests\n        return;\n    }\n    const initialContent = $widget.text();\n    // Only test this if we have content to compare against\n    if (initialContent.trim().length === 0) {\n        cy.log(`Widget ${widgetName} has no initial content - test will be skipped`);\n        expect(true).to.equal(true); // Soft-pass to avoid failing tests\n        return;\n    }\n    // Test only HIGH security level to reduce test time (low->high transition covered in security-level-transitions.cy.ts)\n    cy.setSecurityLevels(_constants__WEBPACK_IMPORTED_MODULE_0__.SECURITY_LEVELS.HIGH, _constants__WEBPACK_IMPORTED_MODULE_0__.SECURITY_LEVELS.HIGH, _constants__WEBPACK_IMPORTED_MODULE_0__.SECURITY_LEVELS.HIGH);\n    cy.wait(500); // Reduced wait time\n    // Verify widget still exists and content changed\n    findWidgetFlexibly(widgetTestId).then(($highWidget) => {\n        if ($highWidget.length === 0) {\n            cy.log(`Widget ${widgetName} disappeared after security level change - test will be skipped`);\n            expect(true).to.equal(true); // Soft-pass to avoid failing tests\n            return;\n        }\n        const highContent = $highWidget.text();\n        // Verify content changed from initial moderate level\n        const contentChanged = initialContent !== highContent;\n        if (!contentChanged) {\n            cy.log(`Note: Content did not change between moderate and high security levels for ${widgetName}`);\n        }\n        // Some widgets may not change content, so we just verify it's still rendered\n        expect($highWidget.length).to.be.greaterThan(0);\n    });\n});",
              "err": {},
              "uuid": "d83b031a-1fa1-478a-9ec2-9e0d8412daf3",
              "parentUUID": "c0e6d6fa-57ef-4a74-bcf2-6a519fbc707b",
              "isHook": false,
              "skipped": false
            },
            {
              "title": "supports widget-specific functionality",
              "fullTitle": "Technical Details Widget Tests supports widget-specific functionality",
              "timedOut": null,
              "duration": 1692,
              "state": "passed",
              "speed": "fast",
              "pass": true,
              "fail": false,
              "pending": false,
              "context": null,
              "code": "// First check if widget exists\nfindWidgetFlexibly(widgetTestId).then(($widget) => {\n    if ($widget.length === 0) {\n        cy.log(`Widget ${widgetName} not found - specific test will be skipped`);\n        cy.screenshot(`missing-widget-${widgetTestId}-specific`);\n        expect(true).to.equal(true); // Soft-pass to avoid failing tests\n        return;\n    }\n    // Add widget to test context so additionalTests can use it\n    // Wrap the FIRST element when multiple are found to avoid errors in widget-specific tests\n    cy.wrap($widget.first()).as(\"currentWidget\");\n    // Run provided tests in try/catch to prevent cascading failures\n    try {\n        additionalTests();\n    }\n    catch (e) {\n        // Handle unknown error type safely\n        const errorMessage = e instanceof Error ? e.message : String(e);\n        cy.log(`Error in additional tests for ${widgetName}: ${errorMessage}`);\n        cy.screenshot(`error-${widgetName}-specific-test`);\n    }\n});",
              "err": {},
              "uuid": "2b7f6b3f-848f-47fb-bad9-6cd2a2db69c5",
              "parentUUID": "c0e6d6fa-57ef-4a74-bcf2-6a519fbc707b",
              "isHook": false,
              "skipped": false
            }
          ],
          "suites": [],
          "passes": [
            "bbb9f073-aa0b-4b93-a57f-14f23729da56",
            "d83b031a-1fa1-478a-9ec2-9e0d8412daf3",
            "2b7f6b3f-848f-47fb-bad9-6cd2a2db69c5"
          ],
          "failures": [],
          "pending": [],
          "skipped": [],
          "duration": 7106,
          "root": false,
          "rootEmpty": false,
          "_timeout": 2000
        }
      ],
      "passes": [],
      "failures": [],
      "pending": [],
      "skipped": [],
      "duration": 0,
      "root": true,
      "rootEmpty": true,
      "_timeout": 2000
    }
  ],
  "meta": {
    "mocha": {
      "version": "7.2.0"
    },
    "mochawesome": {
      "options": {
        "quiet": false,
        "reportFilename": "mochawesome",
        "saveHtml": true,
        "saveJson": true,
        "consoleReporter": "spec",
        "useInlineDiffs": false,
        "code": true
      },
      "version": "7.1.4"
    },
    "marge": {
      "options": {
        "id": "default",
        "reportDir": "build/cypress/mochawesome",
        "overwrite": false,
        "html": true,
        "json": true,
        "code": true,
        "timestamp": "mmddyyyy_HHMMss",
        "charts": true,
        "showHooks": "failed",
        "embeddedScreenshots": true
      },
      "version": "6.3.2"
    }
  }
}