{
  "stats": {
    "suites": 15,
    "tests": 42,
    "passes": 42,
    "pending": 0,
    "failures": 0,
    "testsRegistered": 42,
    "passPercent": 100,
    "pendingPercent": 0,
    "other": 0,
    "hasOther": false,
    "skipped": 0,
    "hasSkipped": false,
    "start": "2025-04-19T08:43:30.202Z",
    "end": "2025-04-19T08:47:19.155Z",
    "duration": 228953
  },
  "results": [
    {
      "uuid": "1d51dc8d-d8a0-45f6-ae07-e43831dd7b1d",
      "title": "",
      "fullFile": "cypress/e2e/business-outcomes/compliance-validation.cy.ts",
      "file": "cypress/e2e/business-outcomes/compliance-validation.cy.ts",
      "beforeHooks": [],
      "afterHooks": [],
      "tests": [],
      "suites": [
        {
          "uuid": "3e2b7632-8c50-45be-a906-40888d95ae7a",
          "title": "Compliance Status Validation",
          "fullFile": "",
          "file": "",
          "beforeHooks": [],
          "afterHooks": [],
          "tests": [
            {
              "title": "accurately reflects compliance status based on security levels",
              "fullTitle": "Compliance Status Validation accurately reflects compliance status based on security levels",
              "timedOut": null,
              "duration": 38862,
              "state": "passed",
              "speed": "slow",
              "pass": true,
              "fail": false,
              "pending": false,
              "context": null,
              "code": "const complianceScenarios = [\n  {\n    levels: [SECURITY_LEVELS.LOW, SECURITY_LEVELS.LOW, SECURITY_LEVELS.LOW],\n    expectedTextPatterns: [\n      /minimal|basic|non-compliant|low|partial|warning|caution/i,\n      /compliance|status|level|security/i\n    ],\n    name: \"low-security\"\n  },\n  {\n    levels: [\n      SECURITY_LEVELS.MODERATE,\n      SECURITY_LEVELS.MODERATE,\n      SECURITY_LEVELS.MODERATE\n    ],\n    expectedTextPatterns: [\n      /moderate|partial|medium|some|limited/i,\n      /compliance|status|framework|requirement/i\n    ],\n    name: \"moderate-security\"\n  },\n  {\n    levels: [\n      SECURITY_LEVELS.HIGH,\n      SECURITY_LEVELS.HIGH,\n      SECURITY_LEVELS.HIGH\n    ],\n    expectedTextPatterns: [\n      /compliant|meets requirements|high|full|complete|standard|advanced/i,\n      /compliance|status|framework|requirement/i\n    ],\n    name: \"high-security\"\n  }\n];\ncomplianceScenarios.forEach((scenario, index) => {\n  cy.log(`Testing compliance scenario ${index + 1}: ${scenario.name}`);\n  cy.screenshot(`compliance-scenario-start-${scenario.name}`);\n  cy.setSecurityLevels(...scenario.levels);\n  cy.wait(1e3);\n  cy.screenshot(`compliance-scenario-${scenario.name}`);\n  cy.get(\"body\").then(($body) => {\n    const bodyText = $body.text();\n    const allPatternsFound = scenario.expectedTextPatterns.every(\n      (pattern) => pattern.test(bodyText)\n    );\n    if (allPatternsFound) {\n      cy.log(\n        `✓ Found all expected compliance patterns for ${scenario.name}`\n      );\n    } else {\n      scenario.expectedTextPatterns.forEach((pattern) => {\n        if (!pattern.test(bodyText)) {\n          cy.log(\n            `⚠️ Could not find pattern: ${pattern} for ${scenario.name}`\n          );\n        }\n      });\n    }\n    cy.screenshot(`compliance-content-${scenario.name}`);\n  });\n});",
              "err": {},
              "uuid": "132f26f4-724f-4548-80bc-d9658f0e92ba",
              "parentUUID": "3e2b7632-8c50-45be-a906-40888d95ae7a",
              "isHook": false,
              "skipped": false
            },
            {
              "title": "verifies compliance framework details visibility",
              "fullTitle": "Compliance Status Validation verifies compliance framework details visibility",
              "timedOut": null,
              "duration": 6938,
              "state": "passed",
              "speed": "medium",
              "pass": true,
              "fail": false,
              "pending": false,
              "context": null,
              "code": "cy.setSecurityLevels(\n  SECURITY_LEVELS.HIGH,\n  SECURITY_LEVELS.HIGH,\n  SECURITY_LEVELS.HIGH\n);\ncy.wait(1e3);\nconst complianceSelectors = [\n  '[data-testid*=\"compliance\"]',\n  '[class*=\"compliance\"]',\n  '[data-testid*=\"framework\"]',\n  '[class*=\"framework\"]'\n].join(\", \");\ncy.get(\"body\").then(($body) => {\n  if ($body.find(complianceSelectors).length > 0) {\n    cy.get(complianceSelectors).first().scrollIntoView();\n    cy.get(complianceSelectors).first().screenshot(\"compliance-element\");\n    const clickableSelectors = [\n      '[data-testid*=\"framework\"] button',\n      '[data-testid*=\"framework\"] a',\n      '[class*=\"framework\"] button',\n      '[class*=\"framework\"] a',\n      'li[class*=\"framework\"]',\n      'li[data-testid*=\"framework\"]'\n    ].join(\", \");\n    if ($body.find(clickableSelectors).length > 0) {\n      cy.get(clickableSelectors).first().click({ force: true });\n      cy.wait(500);\n      cy.screenshot(\"after-framework-click\");\n    } else {\n      cy.log(\"⚠️ No clickable framework items found\");\n      cy.screenshot(\"no-clickable-frameworks\");\n    }\n  } else {\n    cy.log(\"⚠️ No compliance elements found\");\n    cy.screenshot(\"no-compliance-elements\");\n  }\n});",
              "err": {},
              "uuid": "52f4784f-e0ea-4571-8abd-7c445965acce",
              "parentUUID": "3e2b7632-8c50-45be-a906-40888d95ae7a",
              "isHook": false,
              "skipped": false
            },
            {
              "title": "shows appropriate compliance frameworks based on security levels",
              "fullTitle": "Compliance Status Validation shows appropriate compliance frameworks based on security levels",
              "timedOut": null,
              "duration": 2338,
              "state": "passed",
              "speed": "fast",
              "pass": true,
              "fail": false,
              "pending": false,
              "context": null,
              "code": "cy.setSecurityLevels(\n  SECURITY_LEVELS.HIGH,\n  SECURITY_LEVELS.HIGH,\n  SECURITY_LEVELS.HIGH\n);\ncy.wait(1e3);\ncy.get(\"body\").then(($body) => {\n  const frameworkPattern = /([A-Z0-9]+\\s*[A-Z0-9]*\\s*[0-9-]*)/g;\n  const bodyText = $body.text();\n  const possibleFrameworks = bodyText.match(frameworkPattern) || [];\n  const frameworks = possibleFrameworks.filter(\n    (f) => /^[A-Z0-9]{2,}/.test(f) && !f.includes(\"CIA\") && f.length > 2\n  );\n  const logMessage = `Found ${frameworks.length} compliance frameworks`;\n  cy.log(logMessage);\n  const typedLogArgs = [\n    `Frameworks: ${frameworks.join(\", \")}`\n  ];\n  cy.log(...typedLogArgs);\n  expect(frameworks.length).to.be.greaterThan(0);\n});",
              "err": {},
              "uuid": "8836650d-8b01-474f-835c-7cec7fb90561",
              "parentUUID": "3e2b7632-8c50-45be-a906-40888d95ae7a",
              "isHook": false,
              "skipped": false
            }
          ],
          "suites": [],
          "passes": [
            "132f26f4-724f-4548-80bc-d9658f0e92ba",
            "52f4784f-e0ea-4571-8abd-7c445965acce",
            "8836650d-8b01-474f-835c-7cec7fb90561"
          ],
          "failures": [],
          "pending": [],
          "skipped": [],
          "duration": 48138,
          "root": false,
          "rootEmpty": false,
          "_timeout": 2000
        }
      ],
      "passes": [],
      "failures": [],
      "pending": [],
      "skipped": [],
      "duration": 0,
      "root": true,
      "rootEmpty": true,
      "_timeout": 2000
    },
    {
      "uuid": "48ea2b6f-9ec1-440f-a0cf-58227f2b3d3d",
      "title": "",
      "fullFile": "cypress/e2e/screenshots/widget-screenshots.cy.ts",
      "file": "cypress/e2e/screenshots/widget-screenshots.cy.ts",
      "beforeHooks": [],
      "afterHooks": [],
      "tests": [],
      "suites": [
        {
          "uuid": "a2e3ee57-1842-4bbe-8ae4-755e7d54ac4e",
          "title": "Widget UI/UX Screenshots",
          "fullFile": "",
          "file": "",
          "beforeHooks": [],
          "afterHooks": [],
          "tests": [
            {
              "title": "captures full dashboard grid with widgets in light and dark mode",
              "fullTitle": "Widget UI/UX Screenshots captures full dashboard grid with widgets in light and dark mode",
              "timedOut": null,
              "duration": 3162,
              "state": "passed",
              "speed": "fast",
              "pass": true,
              "fail": false,
              "pending": false,
              "context": null,
              "code": "cy.viewport(2400, 1200);\ncy.get('[data-testid=\"dashboard-grid\"]').should(\"be.visible\");\ncaptureFullDashboardGrid(\"dashboard-grid\");",
              "err": {},
              "uuid": "977992d4-13b9-481f-a52b-18b747299f07",
              "parentUUID": "a2e3ee57-1842-4bbe-8ae4-755e7d54ac4e",
              "isHook": false,
              "skipped": false
            },
            {
              "title": "captures essential widgets in both light and dark themes",
              "fullTitle": "Widget UI/UX Screenshots captures essential widgets in both light and dark themes",
              "timedOut": null,
              "duration": 8704,
              "state": "passed",
              "speed": "medium",
              "pass": true,
              "fail": false,
              "pending": false,
              "context": null,
              "code": "essentialWidgets.forEach((widgetName) => {\n  cy.log(`Capturing themes for widget: ${widgetName}`);\n  captureSimpleWidgetThemes(widgetName);\n});",
              "err": {},
              "uuid": "736d3bd1-4164-4412-87f3-9313c085115e",
              "parentUUID": "a2e3ee57-1842-4bbe-8ae4-755e7d54ac4e",
              "isHook": false,
              "skipped": false
            }
          ],
          "suites": [],
          "passes": [
            "977992d4-13b9-481f-a52b-18b747299f07",
            "736d3bd1-4164-4412-87f3-9313c085115e"
          ],
          "failures": [],
          "pending": [],
          "skipped": [],
          "duration": 11866,
          "root": false,
          "rootEmpty": false,
          "_timeout": 2000
        }
      ],
      "passes": [],
      "failures": [],
      "pending": [],
      "skipped": [],
      "duration": 0,
      "root": true,
      "rootEmpty": true,
      "_timeout": 2000
    },
    {
      "uuid": "c8d4d14c-8d96-4454-a555-568812a34729",
      "title": "",
      "fullFile": "cypress/e2e/security/security-level-transitions.cy.ts",
      "file": "cypress/e2e/security/security-level-transitions.cy.ts",
      "beforeHooks": [],
      "afterHooks": [],
      "tests": [],
      "suites": [
        {
          "uuid": "a74c0467-b284-4968-95aa-8113735172d6",
          "title": "Security Level Transitions",
          "fullFile": "",
          "file": "",
          "beforeHooks": [],
          "afterHooks": [],
          "tests": [
            {
              "title": "maintains application integrity during security level changes",
              "fullTitle": "Security Level Transitions maintains application integrity during security level changes",
              "timedOut": null,
              "duration": 11255,
              "state": "passed",
              "speed": "slow",
              "pass": true,
              "fail": false,
              "pending": false,
              "context": null,
              "code": "const securityTransitions = [\n  {\n    from: [\n      SECURITY_LEVELS.LOW,\n      SECURITY_LEVELS.LOW,\n      SECURITY_LEVELS.LOW\n    ],\n    to: [\n      SECURITY_LEVELS.HIGH,\n      SECURITY_LEVELS.HIGH,\n      SECURITY_LEVELS.HIGH\n    ],\n    name: \"low-to-high\"\n  },\n  {\n    from: [\n      SECURITY_LEVELS.HIGH,\n      SECURITY_LEVELS.HIGH,\n      SECURITY_LEVELS.HIGH\n    ],\n    to: [\n      SECURITY_LEVELS.HIGH,\n      SECURITY_LEVELS.LOW,\n      SECURITY_LEVELS.MODERATE\n    ],\n    name: \"high-to-mixed\"\n  }\n];\nsecurityTransitions.forEach((transition, index) => {\n  const logArgs = [\n    `Testing transition ${transition.name} (${index + 1}/${securityTransitions.length})`\n  ];\n  cy.log(logArgs[0]);\n  cy.setSecurityLevels(\n    transition.from[0],\n    transition.from[1],\n    transition.from[2]\n  );\n  cy.wait(1e3);\n  if (index === 0) {\n    cy.screenshot(`transition-initial-${transition.name}`);\n  }\n  findImportantWidgets().then((widgets) => {\n    captureWidgetStates(widgets).then((initialStates) => {\n      const changeLogArgs = [\n        `Changing to security levels: ${transition.to.join(\", \")}`\n      ];\n      cy.log(changeLogArgs[0]);\n      cy.setSecurityLevels(\n        transition.to[0],\n        transition.to[1],\n        transition.to[2]\n      );\n      cy.wait(1e3);\n      if (index === 0) {\n        cy.screenshot(`transition-after-${transition.name}`);\n      }\n      findImportantWidgets().then((newWidgets) => {\n        const foundLogArgs = [\n          `Found ${newWidgets.length} widgets after transition`\n        ];\n        cy.log(...foundLogArgs);\n        expect(newWidgets.length).to.be.at.least(\n          Math.max(1, widgets.length - 1),\n          \"Number of widgets shouldn't decrease significantly during transitions\"\n        );\n        cy.wrap(newWidgets).each(($widget, i) => {\n          const id = $widget.attr(\"data-testid\") || `widget-${i}`;\n          checkForProblematicContent($widget);\n          if (initialStates[id]) {\n            compareWidgetContent($widget, initialStates[id], id);\n          }\n        });\n      });\n    });\n  });\n});",
              "err": {},
              "uuid": "f14616aa-334d-4f83-8e4b-150ff4f7e435",
              "parentUUID": "a74c0467-b284-4968-95aa-8113735172d6",
              "isHook": false,
              "skipped": false
            }
          ],
          "suites": [],
          "passes": [
            "f14616aa-334d-4f83-8e4b-150ff4f7e435"
          ],
          "failures": [],
          "pending": [],
          "skipped": [],
          "duration": 11255,
          "root": false,
          "rootEmpty": false,
          "_timeout": 2000
        }
      ],
      "passes": [],
      "failures": [],
      "pending": [],
      "skipped": [],
      "duration": 0,
      "root": true,
      "rootEmpty": true,
      "_timeout": 2000
    },
    {
      "uuid": "0c39c7cf-d848-470c-86db-51cc0cf8998f",
      "title": "",
      "fullFile": "cypress/e2e/widgets/assessmentcenter/business-impact.cy.ts",
      "file": "cypress/e2e/widgets/assessmentcenter/business-impact.cy.ts",
      "beforeHooks": [],
      "afterHooks": [],
      "tests": [],
      "suites": [
        {
          "uuid": "5aa91f6f-3888-424c-887c-a5bfb637bf03",
          "title": "Business Impact Widget Tests",
          "fullFile": "",
          "file": "",
          "beforeHooks": [],
          "afterHooks": [],
          "tests": [
            {
              "title": "is visible and contains expected content",
              "fullTitle": "Business Impact Widget Tests is visible and contains expected content",
              "timedOut": null,
              "duration": 3358,
              "state": "passed",
              "speed": "fast",
              "pass": true,
              "fail": false,
              "pending": false,
              "context": null,
              "code": "findWidgetFlexibly(widgetTestId).then(($widget) => {\n  if ($widget.length === 0) {\n    cy.log(`Widget ${widgetName} not found - test will be skipped`);\n    cy.screenshot(`missing-widget-${widgetTestId}`);\n    expect(true).to.equal(true);\n    return;\n  }\n  const widgetText = $widget.text();\n  let foundPattern = false;\n  let matchedPattern = \"\";\n  contentPatterns2.forEach((pattern) => {\n    if (typeof pattern === \"string\") {\n      if (widgetText.includes(pattern)) {\n        foundPattern = true;\n        matchedPattern = pattern;\n      }\n    } else if (pattern.test(widgetText)) {\n      foundPattern = true;\n      matchedPattern = pattern.toString();\n    }\n  });\n  if (foundPattern) {\n    cy.log(`Found expected content pattern: ${matchedPattern}`);\n  } else {\n    cy.log(\n      `No expected content patterns found in widget text: ${widgetText.substring(\n        0,\n        100\n      )}...`\n    );\n  }\n  expect(\n    foundPattern,\n    `Widget should contain at least one expected content pattern`\n  ).to.be.true;\n  captureWidgetScreenshot($widget.first(), `${widgetTestId}-baseline`);\n});",
              "err": {},
              "uuid": "c1f16cf1-a1a1-4f6e-bd43-904762c74118",
              "parentUUID": "5aa91f6f-3888-424c-887c-a5bfb637bf03",
              "isHook": false,
              "skipped": false
            },
            {
              "title": "updates content when security levels change",
              "fullTitle": "Business Impact Widget Tests updates content when security levels change",
              "timedOut": null,
              "duration": 5974,
              "state": "passed",
              "speed": "medium",
              "pass": true,
              "fail": false,
              "pending": false,
              "context": null,
              "code": "findWidgetFlexibly(widgetTestId).then(($widget) => {\n  if ($widget.length === 0) {\n    cy.log(`Widget ${widgetName} not found - test will be skipped`);\n    cy.screenshot(`missing-widget-${widgetTestId}-security-change`);\n    expect(true).to.equal(true);\n    return;\n  }\n  const initialContent = $widget.text();\n  if (initialContent.trim().length === 0) {\n    cy.log(\n      `Widget ${widgetName} has no initial content - test will be skipped`\n    );\n    expect(true).to.equal(true);\n    return;\n  }\n  cy.setSecurityLevels(\n    SECURITY_LEVELS.LOW,\n    SECURITY_LEVELS.LOW,\n    SECURITY_LEVELS.LOW\n  );\n  cy.wait(1e3);\n  findWidgetFlexibly(widgetTestId).then(($lowWidget) => {\n    if ($lowWidget.length === 0) {\n      cy.log(\n        `Widget ${widgetName} disappeared after security level change - test will be skipped`\n      );\n      expect(true).to.equal(true);\n      return;\n    }\n    const lowContent = $lowWidget.text();\n    cy.setSecurityLevels(\n      SECURITY_LEVELS.HIGH,\n      SECURITY_LEVELS.HIGH,\n      SECURITY_LEVELS.HIGH\n    );\n    cy.wait(1e3);\n    findWidgetFlexibly(widgetTestId).then(($highWidget) => {\n      if ($highWidget.length === 0) {\n        cy.log(\n          `Widget ${widgetName} disappeared after high security level change - test will be skipped`\n        );\n        expect(true).to.equal(true);\n        return;\n      }\n      const highContent = $highWidget.text();\n      if (lowContent === highContent) {\n        cy.log(\n          `Warning: Content did not change between low and high security levels`\n        );\n      }\n      const contentChanged = initialContent !== lowContent || lowContent !== highContent;\n      expect(contentChanged, \"Content should change with security levels\").to.be.true;\n    });\n  });\n});",
              "err": {},
              "uuid": "22f1b696-d364-46e7-b164-ff5642a28d6f",
              "parentUUID": "5aa91f6f-3888-424c-887c-a5bfb637bf03",
              "isHook": false,
              "skipped": false
            },
            {
              "title": "supports widget-specific functionality",
              "fullTitle": "Business Impact Widget Tests supports widget-specific functionality",
              "timedOut": null,
              "duration": 2154,
              "state": "passed",
              "speed": "fast",
              "pass": true,
              "fail": false,
              "pending": false,
              "context": null,
              "code": "findWidgetFlexibly(widgetTestId).then(($widget) => {\n  if ($widget.length === 0) {\n    cy.log(\n      `Widget ${widgetName} not found - specific test will be skipped`\n    );\n    cy.screenshot(`missing-widget-${widgetTestId}-specific`);\n    expect(true).to.equal(true);\n    return;\n  }\n  cy.wrap($widget.first()).as(\"currentWidget\");\n  try {\n    additionalTests2();\n  } catch (e) {\n    const errorMessage = e instanceof Error ? e.message : String(e);\n    cy.log(\n      `Error in additional tests for ${widgetName}: ${errorMessage}`\n    );\n    cy.screenshot(`error-${widgetName}-specific-test`);\n  }\n});",
              "err": {},
              "uuid": "6863559a-c36b-4446-bd30-8450a6e8775a",
              "parentUUID": "5aa91f6f-3888-424c-887c-a5bfb637bf03",
              "isHook": false,
              "skipped": false
            }
          ],
          "suites": [],
          "passes": [
            "c1f16cf1-a1a1-4f6e-bd43-904762c74118",
            "22f1b696-d364-46e7-b164-ff5642a28d6f",
            "6863559a-c36b-4446-bd30-8450a6e8775a"
          ],
          "failures": [],
          "pending": [],
          "skipped": [],
          "duration": 11486,
          "root": false,
          "rootEmpty": false,
          "_timeout": 2000
        }
      ],
      "passes": [],
      "failures": [],
      "pending": [],
      "skipped": [],
      "duration": 0,
      "root": true,
      "rootEmpty": true,
      "_timeout": 2000
    },
    {
      "uuid": "4f1640b6-f532-487e-b147-7f214538d473",
      "title": "",
      "fullFile": "cypress/e2e/widgets/assessmentcenter/security-level.cy.ts",
      "file": "cypress/e2e/widgets/assessmentcenter/security-level.cy.ts",
      "beforeHooks": [],
      "afterHooks": [],
      "tests": [],
      "suites": [
        {
          "uuid": "ddca81f3-3c9a-4e6e-b7f4-88cfcbe280e1",
          "title": "Security Level Widget Tests",
          "fullFile": "",
          "file": "",
          "beforeHooks": [],
          "afterHooks": [],
          "tests": [
            {
              "title": "is visible and contains expected content",
              "fullTitle": "Security Level Widget Tests is visible and contains expected content",
              "timedOut": null,
              "duration": 3268,
              "state": "passed",
              "speed": "fast",
              "pass": true,
              "fail": false,
              "pending": false,
              "context": null,
              "code": "findWidgetFlexibly(widgetTestId).then(($widget) => {\n  if ($widget.length === 0) {\n    cy.log(`Widget ${widgetName} not found - test will be skipped`);\n    cy.screenshot(`missing-widget-${widgetTestId}`);\n    expect(true).to.equal(true);\n    return;\n  }\n  const widgetText = $widget.text();\n  let foundPattern = false;\n  let matchedPattern = \"\";\n  contentPatterns2.forEach((pattern) => {\n    if (typeof pattern === \"string\") {\n      if (widgetText.includes(pattern)) {\n        foundPattern = true;\n        matchedPattern = pattern;\n      }\n    } else if (pattern.test(widgetText)) {\n      foundPattern = true;\n      matchedPattern = pattern.toString();\n    }\n  });\n  if (foundPattern) {\n    cy.log(`Found expected content pattern: ${matchedPattern}`);\n  } else {\n    cy.log(\n      `No expected content patterns found in widget text: ${widgetText.substring(\n        0,\n        100\n      )}...`\n    );\n  }\n  expect(\n    foundPattern,\n    `Widget should contain at least one expected content pattern`\n  ).to.be.true;\n  captureWidgetScreenshot($widget.first(), `${widgetTestId}-baseline`);\n});",
              "err": {},
              "uuid": "e84a2fe2-00d5-4ec7-a884-6997c39f3b74",
              "parentUUID": "ddca81f3-3c9a-4e6e-b7f4-88cfcbe280e1",
              "isHook": false,
              "skipped": false
            },
            {
              "title": "updates content when security levels change",
              "fullTitle": "Security Level Widget Tests updates content when security levels change",
              "timedOut": null,
              "duration": 5913,
              "state": "passed",
              "speed": "medium",
              "pass": true,
              "fail": false,
              "pending": false,
              "context": null,
              "code": "findWidgetFlexibly(widgetTestId).then(($widget) => {\n  if ($widget.length === 0) {\n    cy.log(`Widget ${widgetName} not found - test will be skipped`);\n    cy.screenshot(`missing-widget-${widgetTestId}-security-change`);\n    expect(true).to.equal(true);\n    return;\n  }\n  const initialContent = $widget.text();\n  if (initialContent.trim().length === 0) {\n    cy.log(\n      `Widget ${widgetName} has no initial content - test will be skipped`\n    );\n    expect(true).to.equal(true);\n    return;\n  }\n  cy.setSecurityLevels(\n    SECURITY_LEVELS.LOW,\n    SECURITY_LEVELS.LOW,\n    SECURITY_LEVELS.LOW\n  );\n  cy.wait(1e3);\n  findWidgetFlexibly(widgetTestId).then(($lowWidget) => {\n    if ($lowWidget.length === 0) {\n      cy.log(\n        `Widget ${widgetName} disappeared after security level change - test will be skipped`\n      );\n      expect(true).to.equal(true);\n      return;\n    }\n    const lowContent = $lowWidget.text();\n    cy.setSecurityLevels(\n      SECURITY_LEVELS.HIGH,\n      SECURITY_LEVELS.HIGH,\n      SECURITY_LEVELS.HIGH\n    );\n    cy.wait(1e3);\n    findWidgetFlexibly(widgetTestId).then(($highWidget) => {\n      if ($highWidget.length === 0) {\n        cy.log(\n          `Widget ${widgetName} disappeared after high security level change - test will be skipped`\n        );\n        expect(true).to.equal(true);\n        return;\n      }\n      const highContent = $highWidget.text();\n      if (lowContent === highContent) {\n        cy.log(\n          `Warning: Content did not change between low and high security levels`\n        );\n      }\n      const contentChanged = initialContent !== lowContent || lowContent !== highContent;\n      expect(contentChanged, \"Content should change with security levels\").to.be.true;\n    });\n  });\n});",
              "err": {},
              "uuid": "d6ee1326-871d-4e65-83c1-5d09fbca50d9",
              "parentUUID": "ddca81f3-3c9a-4e6e-b7f4-88cfcbe280e1",
              "isHook": false,
              "skipped": false
            },
            {
              "title": "supports widget-specific functionality",
              "fullTitle": "Security Level Widget Tests supports widget-specific functionality",
              "timedOut": null,
              "duration": 2137,
              "state": "passed",
              "speed": "fast",
              "pass": true,
              "fail": false,
              "pending": false,
              "context": null,
              "code": "findWidgetFlexibly(widgetTestId).then(($widget) => {\n  if ($widget.length === 0) {\n    cy.log(\n      `Widget ${widgetName} not found - specific test will be skipped`\n    );\n    cy.screenshot(`missing-widget-${widgetTestId}-specific`);\n    expect(true).to.equal(true);\n    return;\n  }\n  cy.wrap($widget.first()).as(\"currentWidget\");\n  try {\n    additionalTests2();\n  } catch (e) {\n    const errorMessage = e instanceof Error ? e.message : String(e);\n    cy.log(\n      `Error in additional tests for ${widgetName}: ${errorMessage}`\n    );\n    cy.screenshot(`error-${widgetName}-specific-test`);\n  }\n});",
              "err": {},
              "uuid": "e25134f9-8d06-4c36-bec1-e6c6528116ae",
              "parentUUID": "ddca81f3-3c9a-4e6e-b7f4-88cfcbe280e1",
              "isHook": false,
              "skipped": false
            }
          ],
          "suites": [],
          "passes": [
            "e84a2fe2-00d5-4ec7-a884-6997c39f3b74",
            "d6ee1326-871d-4e65-83c1-5d09fbca50d9",
            "e25134f9-8d06-4c36-bec1-e6c6528116ae"
          ],
          "failures": [],
          "pending": [],
          "skipped": [],
          "duration": 11318,
          "root": false,
          "rootEmpty": false,
          "_timeout": 2000
        }
      ],
      "passes": [],
      "failures": [],
      "pending": [],
      "skipped": [],
      "duration": 0,
      "root": true,
      "rootEmpty": true,
      "_timeout": 2000
    },
    {
      "uuid": "b1d1a695-660a-43bc-b23d-dcc82139622c",
      "title": "",
      "fullFile": "cypress/e2e/widgets/assessmentcenter/security-summary.cy.ts",
      "file": "cypress/e2e/widgets/assessmentcenter/security-summary.cy.ts",
      "beforeHooks": [],
      "afterHooks": [],
      "tests": [],
      "suites": [
        {
          "uuid": "c5f783db-c5b0-44e8-8704-9479abad4132",
          "title": "Security Summary Widget Tests",
          "fullFile": "",
          "file": "",
          "beforeHooks": [],
          "afterHooks": [],
          "tests": [
            {
              "title": "is visible and contains expected content",
              "fullTitle": "Security Summary Widget Tests is visible and contains expected content",
              "timedOut": null,
              "duration": 3268,
              "state": "passed",
              "speed": "fast",
              "pass": true,
              "fail": false,
              "pending": false,
              "context": null,
              "code": "findWidgetFlexibly(widgetTestId).then(($widget) => {\n  if ($widget.length === 0) {\n    cy.log(`Widget ${widgetName} not found - test will be skipped`);\n    cy.screenshot(`missing-widget-${widgetTestId}`);\n    expect(true).to.equal(true);\n    return;\n  }\n  const widgetText = $widget.text();\n  let foundPattern = false;\n  let matchedPattern = \"\";\n  contentPatterns2.forEach((pattern) => {\n    if (typeof pattern === \"string\") {\n      if (widgetText.includes(pattern)) {\n        foundPattern = true;\n        matchedPattern = pattern;\n      }\n    } else if (pattern.test(widgetText)) {\n      foundPattern = true;\n      matchedPattern = pattern.toString();\n    }\n  });\n  if (foundPattern) {\n    cy.log(`Found expected content pattern: ${matchedPattern}`);\n  } else {\n    cy.log(\n      `No expected content patterns found in widget text: ${widgetText.substring(\n        0,\n        100\n      )}...`\n    );\n  }\n  expect(\n    foundPattern,\n    `Widget should contain at least one expected content pattern`\n  ).to.be.true;\n  captureWidgetScreenshot($widget.first(), `${widgetTestId}-baseline`);\n});",
              "err": {},
              "uuid": "7f2a6ebd-8098-4c10-8535-403ce73ff20a",
              "parentUUID": "c5f783db-c5b0-44e8-8704-9479abad4132",
              "isHook": false,
              "skipped": false
            },
            {
              "title": "updates content when security levels change",
              "fullTitle": "Security Summary Widget Tests updates content when security levels change",
              "timedOut": null,
              "duration": 5920,
              "state": "passed",
              "speed": "medium",
              "pass": true,
              "fail": false,
              "pending": false,
              "context": null,
              "code": "findWidgetFlexibly(widgetTestId).then(($widget) => {\n  if ($widget.length === 0) {\n    cy.log(`Widget ${widgetName} not found - test will be skipped`);\n    cy.screenshot(`missing-widget-${widgetTestId}-security-change`);\n    expect(true).to.equal(true);\n    return;\n  }\n  const initialContent = $widget.text();\n  if (initialContent.trim().length === 0) {\n    cy.log(\n      `Widget ${widgetName} has no initial content - test will be skipped`\n    );\n    expect(true).to.equal(true);\n    return;\n  }\n  cy.setSecurityLevels(\n    SECURITY_LEVELS.LOW,\n    SECURITY_LEVELS.LOW,\n    SECURITY_LEVELS.LOW\n  );\n  cy.wait(1e3);\n  findWidgetFlexibly(widgetTestId).then(($lowWidget) => {\n    if ($lowWidget.length === 0) {\n      cy.log(\n        `Widget ${widgetName} disappeared after security level change - test will be skipped`\n      );\n      expect(true).to.equal(true);\n      return;\n    }\n    const lowContent = $lowWidget.text();\n    cy.setSecurityLevels(\n      SECURITY_LEVELS.HIGH,\n      SECURITY_LEVELS.HIGH,\n      SECURITY_LEVELS.HIGH\n    );\n    cy.wait(1e3);\n    findWidgetFlexibly(widgetTestId).then(($highWidget) => {\n      if ($highWidget.length === 0) {\n        cy.log(\n          `Widget ${widgetName} disappeared after high security level change - test will be skipped`\n        );\n        expect(true).to.equal(true);\n        return;\n      }\n      const highContent = $highWidget.text();\n      if (lowContent === highContent) {\n        cy.log(\n          `Warning: Content did not change between low and high security levels`\n        );\n      }\n      const contentChanged = initialContent !== lowContent || lowContent !== highContent;\n      expect(contentChanged, \"Content should change with security levels\").to.be.true;\n    });\n  });\n});",
              "err": {},
              "uuid": "bdd65297-8c63-4f47-a18a-2fbe5ef15f59",
              "parentUUID": "c5f783db-c5b0-44e8-8704-9479abad4132",
              "isHook": false,
              "skipped": false
            },
            {
              "title": "supports widget-specific functionality",
              "fullTitle": "Security Summary Widget Tests supports widget-specific functionality",
              "timedOut": null,
              "duration": 2116,
              "state": "passed",
              "speed": "fast",
              "pass": true,
              "fail": false,
              "pending": false,
              "context": null,
              "code": "findWidgetFlexibly(widgetTestId).then(($widget) => {\n  if ($widget.length === 0) {\n    cy.log(\n      `Widget ${widgetName} not found - specific test will be skipped`\n    );\n    cy.screenshot(`missing-widget-${widgetTestId}-specific`);\n    expect(true).to.equal(true);\n    return;\n  }\n  cy.wrap($widget.first()).as(\"currentWidget\");\n  try {\n    additionalTests2();\n  } catch (e) {\n    const errorMessage = e instanceof Error ? e.message : String(e);\n    cy.log(\n      `Error in additional tests for ${widgetName}: ${errorMessage}`\n    );\n    cy.screenshot(`error-${widgetName}-specific-test`);\n  }\n});",
              "err": {},
              "uuid": "c8296cf6-bb1d-4ae5-81ca-018b138f423b",
              "parentUUID": "c5f783db-c5b0-44e8-8704-9479abad4132",
              "isHook": false,
              "skipped": false
            }
          ],
          "suites": [],
          "passes": [
            "7f2a6ebd-8098-4c10-8535-403ce73ff20a",
            "bdd65297-8c63-4f47-a18a-2fbe5ef15f59",
            "c8296cf6-bb1d-4ae5-81ca-018b138f423b"
          ],
          "failures": [],
          "pending": [],
          "skipped": [],
          "duration": 11304,
          "root": false,
          "rootEmpty": false,
          "_timeout": 2000
        }
      ],
      "passes": [],
      "failures": [],
      "pending": [],
      "skipped": [],
      "duration": 0,
      "root": true,
      "rootEmpty": true,
      "_timeout": 2000
    },
    {
      "uuid": "5fea44b6-9210-42f9-b083-b5103184c940",
      "title": "",
      "fullFile": "cypress/e2e/widgets/businessvalue/compliance-status.cy.ts",
      "file": "cypress/e2e/widgets/businessvalue/compliance-status.cy.ts",
      "beforeHooks": [],
      "afterHooks": [],
      "tests": [],
      "suites": [
        {
          "uuid": "6a454c4b-f60f-46a9-9f04-b2d3cb962f15",
          "title": "Compliance Status Widget Tests",
          "fullFile": "",
          "file": "",
          "beforeHooks": [],
          "afterHooks": [],
          "tests": [
            {
              "title": "is visible and contains expected content",
              "fullTitle": "Compliance Status Widget Tests is visible and contains expected content",
              "timedOut": null,
              "duration": 3226,
              "state": "passed",
              "speed": "fast",
              "pass": true,
              "fail": false,
              "pending": false,
              "context": null,
              "code": "findWidgetFlexibly(widgetTestId).then(($widget) => {\n  if ($widget.length === 0) {\n    cy.log(`Widget ${widgetName} not found - test will be skipped`);\n    cy.screenshot(`missing-widget-${widgetTestId}`);\n    expect(true).to.equal(true);\n    return;\n  }\n  const widgetText = $widget.text();\n  let foundPattern = false;\n  let matchedPattern = \"\";\n  contentPatterns2.forEach((pattern) => {\n    if (typeof pattern === \"string\") {\n      if (widgetText.includes(pattern)) {\n        foundPattern = true;\n        matchedPattern = pattern;\n      }\n    } else if (pattern.test(widgetText)) {\n      foundPattern = true;\n      matchedPattern = pattern.toString();\n    }\n  });\n  if (foundPattern) {\n    cy.log(`Found expected content pattern: ${matchedPattern}`);\n  } else {\n    cy.log(\n      `No expected content patterns found in widget text: ${widgetText.substring(\n        0,\n        100\n      )}...`\n    );\n  }\n  expect(\n    foundPattern,\n    `Widget should contain at least one expected content pattern`\n  ).to.be.true;\n  captureWidgetScreenshot($widget.first(), `${widgetTestId}-baseline`);\n});",
              "err": {},
              "uuid": "db61dca8-c1ca-49c2-9a4c-a02544c0ef2d",
              "parentUUID": "6a454c4b-f60f-46a9-9f04-b2d3cb962f15",
              "isHook": false,
              "skipped": false
            },
            {
              "title": "updates content when security levels change",
              "fullTitle": "Compliance Status Widget Tests updates content when security levels change",
              "timedOut": null,
              "duration": 5894,
              "state": "passed",
              "speed": "medium",
              "pass": true,
              "fail": false,
              "pending": false,
              "context": null,
              "code": "findWidgetFlexibly(widgetTestId).then(($widget) => {\n  if ($widget.length === 0) {\n    cy.log(`Widget ${widgetName} not found - test will be skipped`);\n    cy.screenshot(`missing-widget-${widgetTestId}-security-change`);\n    expect(true).to.equal(true);\n    return;\n  }\n  const initialContent = $widget.text();\n  if (initialContent.trim().length === 0) {\n    cy.log(\n      `Widget ${widgetName} has no initial content - test will be skipped`\n    );\n    expect(true).to.equal(true);\n    return;\n  }\n  cy.setSecurityLevels(\n    SECURITY_LEVELS.LOW,\n    SECURITY_LEVELS.LOW,\n    SECURITY_LEVELS.LOW\n  );\n  cy.wait(1e3);\n  findWidgetFlexibly(widgetTestId).then(($lowWidget) => {\n    if ($lowWidget.length === 0) {\n      cy.log(\n        `Widget ${widgetName} disappeared after security level change - test will be skipped`\n      );\n      expect(true).to.equal(true);\n      return;\n    }\n    const lowContent = $lowWidget.text();\n    cy.setSecurityLevels(\n      SECURITY_LEVELS.HIGH,\n      SECURITY_LEVELS.HIGH,\n      SECURITY_LEVELS.HIGH\n    );\n    cy.wait(1e3);\n    findWidgetFlexibly(widgetTestId).then(($highWidget) => {\n      if ($highWidget.length === 0) {\n        cy.log(\n          `Widget ${widgetName} disappeared after high security level change - test will be skipped`\n        );\n        expect(true).to.equal(true);\n        return;\n      }\n      const highContent = $highWidget.text();\n      if (lowContent === highContent) {\n        cy.log(\n          `Warning: Content did not change between low and high security levels`\n        );\n      }\n      const contentChanged = initialContent !== lowContent || lowContent !== highContent;\n      expect(contentChanged, \"Content should change with security levels\").to.be.true;\n    });\n  });\n});",
              "err": {},
              "uuid": "95b4f1b9-ae8a-4262-b05e-510f5377196d",
              "parentUUID": "6a454c4b-f60f-46a9-9f04-b2d3cb962f15",
              "isHook": false,
              "skipped": false
            },
            {
              "title": "supports widget-specific functionality",
              "fullTitle": "Compliance Status Widget Tests supports widget-specific functionality",
              "timedOut": null,
              "duration": 2092,
              "state": "passed",
              "speed": "fast",
              "pass": true,
              "fail": false,
              "pending": false,
              "context": null,
              "code": "findWidgetFlexibly(widgetTestId).then(($widget) => {\n  if ($widget.length === 0) {\n    cy.log(\n      `Widget ${widgetName} not found - specific test will be skipped`\n    );\n    cy.screenshot(`missing-widget-${widgetTestId}-specific`);\n    expect(true).to.equal(true);\n    return;\n  }\n  cy.wrap($widget.first()).as(\"currentWidget\");\n  try {\n    additionalTests2();\n  } catch (e) {\n    const errorMessage = e instanceof Error ? e.message : String(e);\n    cy.log(\n      `Error in additional tests for ${widgetName}: ${errorMessage}`\n    );\n    cy.screenshot(`error-${widgetName}-specific-test`);\n  }\n});",
              "err": {},
              "uuid": "0f3233d3-313b-4aa9-bc79-443f1d04eb3f",
              "parentUUID": "6a454c4b-f60f-46a9-9f04-b2d3cb962f15",
              "isHook": false,
              "skipped": false
            }
          ],
          "suites": [],
          "passes": [
            "db61dca8-c1ca-49c2-9a4c-a02544c0ef2d",
            "95b4f1b9-ae8a-4262-b05e-510f5377196d",
            "0f3233d3-313b-4aa9-bc79-443f1d04eb3f"
          ],
          "failures": [],
          "pending": [],
          "skipped": [],
          "duration": 11212,
          "root": false,
          "rootEmpty": false,
          "_timeout": 2000
        }
      ],
      "passes": [],
      "failures": [],
      "pending": [],
      "skipped": [],
      "duration": 0,
      "root": true,
      "rootEmpty": true,
      "_timeout": 2000
    },
    {
      "uuid": "7b68a455-0983-4ff3-a551-f094b5df8413",
      "title": "",
      "fullFile": "cypress/e2e/widgets/businessvalue/cost-estimation.cy.ts",
      "file": "cypress/e2e/widgets/businessvalue/cost-estimation.cy.ts",
      "beforeHooks": [],
      "afterHooks": [],
      "tests": [],
      "suites": [
        {
          "uuid": "dd13f9fe-b179-41e5-8cf1-077a234bd53c",
          "title": "Cost Estimation Widget Tests",
          "fullFile": "",
          "file": "",
          "beforeHooks": [],
          "afterHooks": [],
          "tests": [
            {
              "title": "is visible and contains expected content",
              "fullTitle": "Cost Estimation Widget Tests is visible and contains expected content",
              "timedOut": null,
              "duration": 3192,
              "state": "passed",
              "speed": "fast",
              "pass": true,
              "fail": false,
              "pending": false,
              "context": null,
              "code": "findWidgetFlexibly(widgetTestId).then(($widget) => {\n  if ($widget.length === 0) {\n    cy.log(`Widget ${widgetName} not found - test will be skipped`);\n    cy.screenshot(`missing-widget-${widgetTestId}`);\n    expect(true).to.equal(true);\n    return;\n  }\n  const widgetText = $widget.text();\n  let foundPattern = false;\n  let matchedPattern = \"\";\n  contentPatterns2.forEach((pattern) => {\n    if (typeof pattern === \"string\") {\n      if (widgetText.includes(pattern)) {\n        foundPattern = true;\n        matchedPattern = pattern;\n      }\n    } else if (pattern.test(widgetText)) {\n      foundPattern = true;\n      matchedPattern = pattern.toString();\n    }\n  });\n  if (foundPattern) {\n    cy.log(`Found expected content pattern: ${matchedPattern}`);\n  } else {\n    cy.log(\n      `No expected content patterns found in widget text: ${widgetText.substring(\n        0,\n        100\n      )}...`\n    );\n  }\n  expect(\n    foundPattern,\n    `Widget should contain at least one expected content pattern`\n  ).to.be.true;\n  captureWidgetScreenshot($widget.first(), `${widgetTestId}-baseline`);\n});",
              "err": {},
              "uuid": "2b4b6df6-7eac-44b9-808a-3c27d2bc1e5c",
              "parentUUID": "dd13f9fe-b179-41e5-8cf1-077a234bd53c",
              "isHook": false,
              "skipped": false
            },
            {
              "title": "updates content when security levels change",
              "fullTitle": "Cost Estimation Widget Tests updates content when security levels change",
              "timedOut": null,
              "duration": 5908,
              "state": "passed",
              "speed": "medium",
              "pass": true,
              "fail": false,
              "pending": false,
              "context": null,
              "code": "findWidgetFlexibly(widgetTestId).then(($widget) => {\n  if ($widget.length === 0) {\n    cy.log(`Widget ${widgetName} not found - test will be skipped`);\n    cy.screenshot(`missing-widget-${widgetTestId}-security-change`);\n    expect(true).to.equal(true);\n    return;\n  }\n  const initialContent = $widget.text();\n  if (initialContent.trim().length === 0) {\n    cy.log(\n      `Widget ${widgetName} has no initial content - test will be skipped`\n    );\n    expect(true).to.equal(true);\n    return;\n  }\n  cy.setSecurityLevels(\n    SECURITY_LEVELS.LOW,\n    SECURITY_LEVELS.LOW,\n    SECURITY_LEVELS.LOW\n  );\n  cy.wait(1e3);\n  findWidgetFlexibly(widgetTestId).then(($lowWidget) => {\n    if ($lowWidget.length === 0) {\n      cy.log(\n        `Widget ${widgetName} disappeared after security level change - test will be skipped`\n      );\n      expect(true).to.equal(true);\n      return;\n    }\n    const lowContent = $lowWidget.text();\n    cy.setSecurityLevels(\n      SECURITY_LEVELS.HIGH,\n      SECURITY_LEVELS.HIGH,\n      SECURITY_LEVELS.HIGH\n    );\n    cy.wait(1e3);\n    findWidgetFlexibly(widgetTestId).then(($highWidget) => {\n      if ($highWidget.length === 0) {\n        cy.log(\n          `Widget ${widgetName} disappeared after high security level change - test will be skipped`\n        );\n        expect(true).to.equal(true);\n        return;\n      }\n      const highContent = $highWidget.text();\n      if (lowContent === highContent) {\n        cy.log(\n          `Warning: Content did not change between low and high security levels`\n        );\n      }\n      const contentChanged = initialContent !== lowContent || lowContent !== highContent;\n      expect(contentChanged, \"Content should change with security levels\").to.be.true;\n    });\n  });\n});",
              "err": {},
              "uuid": "b5f1a8e4-f372-4f5f-9fe0-9311a86c6b41",
              "parentUUID": "dd13f9fe-b179-41e5-8cf1-077a234bd53c",
              "isHook": false,
              "skipped": false
            },
            {
              "title": "supports widget-specific functionality",
              "fullTitle": "Cost Estimation Widget Tests supports widget-specific functionality",
              "timedOut": null,
              "duration": 2096,
              "state": "passed",
              "speed": "fast",
              "pass": true,
              "fail": false,
              "pending": false,
              "context": null,
              "code": "findWidgetFlexibly(widgetTestId).then(($widget) => {\n  if ($widget.length === 0) {\n    cy.log(\n      `Widget ${widgetName} not found - specific test will be skipped`\n    );\n    cy.screenshot(`missing-widget-${widgetTestId}-specific`);\n    expect(true).to.equal(true);\n    return;\n  }\n  cy.wrap($widget.first()).as(\"currentWidget\");\n  try {\n    additionalTests2();\n  } catch (e) {\n    const errorMessage = e instanceof Error ? e.message : String(e);\n    cy.log(\n      `Error in additional tests for ${widgetName}: ${errorMessage}`\n    );\n    cy.screenshot(`error-${widgetName}-specific-test`);\n  }\n});",
              "err": {},
              "uuid": "32d51969-541e-45f1-8ea4-b716e501ab2e",
              "parentUUID": "dd13f9fe-b179-41e5-8cf1-077a234bd53c",
              "isHook": false,
              "skipped": false
            }
          ],
          "suites": [],
          "passes": [
            "2b4b6df6-7eac-44b9-808a-3c27d2bc1e5c",
            "b5f1a8e4-f372-4f5f-9fe0-9311a86c6b41",
            "32d51969-541e-45f1-8ea4-b716e501ab2e"
          ],
          "failures": [],
          "pending": [],
          "skipped": [],
          "duration": 11196,
          "root": false,
          "rootEmpty": false,
          "_timeout": 2000
        }
      ],
      "passes": [],
      "failures": [],
      "pending": [],
      "skipped": [],
      "duration": 0,
      "root": true,
      "rootEmpty": true,
      "_timeout": 2000
    },
    {
      "uuid": "778e3824-e9d7-41c6-af70-0622808fb944",
      "title": "",
      "fullFile": "cypress/e2e/widgets/businessvalue/value-creation.cy.ts",
      "file": "cypress/e2e/widgets/businessvalue/value-creation.cy.ts",
      "beforeHooks": [],
      "afterHooks": [],
      "tests": [],
      "suites": [
        {
          "uuid": "a41f86cc-bf2d-4c27-a02c-39305d4d1aec",
          "title": "Value Creation Widget Tests",
          "fullFile": "",
          "file": "",
          "beforeHooks": [],
          "afterHooks": [],
          "tests": [
            {
              "title": "is visible and contains expected content",
              "fullTitle": "Value Creation Widget Tests is visible and contains expected content",
              "timedOut": null,
              "duration": 3292,
              "state": "passed",
              "speed": "fast",
              "pass": true,
              "fail": false,
              "pending": false,
              "context": null,
              "code": "findWidgetFlexibly(widgetTestId).then(($widget) => {\n  if ($widget.length === 0) {\n    cy.log(`Widget ${widgetName} not found - test will be skipped`);\n    cy.screenshot(`missing-widget-${widgetTestId}`);\n    expect(true).to.equal(true);\n    return;\n  }\n  const widgetText = $widget.text();\n  let foundPattern = false;\n  let matchedPattern = \"\";\n  contentPatterns2.forEach((pattern) => {\n    if (typeof pattern === \"string\") {\n      if (widgetText.includes(pattern)) {\n        foundPattern = true;\n        matchedPattern = pattern;\n      }\n    } else if (pattern.test(widgetText)) {\n      foundPattern = true;\n      matchedPattern = pattern.toString();\n    }\n  });\n  if (foundPattern) {\n    cy.log(`Found expected content pattern: ${matchedPattern}`);\n  } else {\n    cy.log(\n      `No expected content patterns found in widget text: ${widgetText.substring(\n        0,\n        100\n      )}...`\n    );\n  }\n  expect(\n    foundPattern,\n    `Widget should contain at least one expected content pattern`\n  ).to.be.true;\n  captureWidgetScreenshot($widget.first(), `${widgetTestId}-baseline`);\n});",
              "err": {},
              "uuid": "878e429a-597a-4787-8711-463992e06db2",
              "parentUUID": "a41f86cc-bf2d-4c27-a02c-39305d4d1aec",
              "isHook": false,
              "skipped": false
            },
            {
              "title": "updates content when security levels change",
              "fullTitle": "Value Creation Widget Tests updates content when security levels change",
              "timedOut": null,
              "duration": 5914,
              "state": "passed",
              "speed": "medium",
              "pass": true,
              "fail": false,
              "pending": false,
              "context": null,
              "code": "findWidgetFlexibly(widgetTestId).then(($widget) => {\n  if ($widget.length === 0) {\n    cy.log(`Widget ${widgetName} not found - test will be skipped`);\n    cy.screenshot(`missing-widget-${widgetTestId}-security-change`);\n    expect(true).to.equal(true);\n    return;\n  }\n  const initialContent = $widget.text();\n  if (initialContent.trim().length === 0) {\n    cy.log(\n      `Widget ${widgetName} has no initial content - test will be skipped`\n    );\n    expect(true).to.equal(true);\n    return;\n  }\n  cy.setSecurityLevels(\n    SECURITY_LEVELS.LOW,\n    SECURITY_LEVELS.LOW,\n    SECURITY_LEVELS.LOW\n  );\n  cy.wait(1e3);\n  findWidgetFlexibly(widgetTestId).then(($lowWidget) => {\n    if ($lowWidget.length === 0) {\n      cy.log(\n        `Widget ${widgetName} disappeared after security level change - test will be skipped`\n      );\n      expect(true).to.equal(true);\n      return;\n    }\n    const lowContent = $lowWidget.text();\n    cy.setSecurityLevels(\n      SECURITY_LEVELS.HIGH,\n      SECURITY_LEVELS.HIGH,\n      SECURITY_LEVELS.HIGH\n    );\n    cy.wait(1e3);\n    findWidgetFlexibly(widgetTestId).then(($highWidget) => {\n      if ($highWidget.length === 0) {\n        cy.log(\n          `Widget ${widgetName} disappeared after high security level change - test will be skipped`\n        );\n        expect(true).to.equal(true);\n        return;\n      }\n      const highContent = $highWidget.text();\n      if (lowContent === highContent) {\n        cy.log(\n          `Warning: Content did not change between low and high security levels`\n        );\n      }\n      const contentChanged = initialContent !== lowContent || lowContent !== highContent;\n      expect(contentChanged, \"Content should change with security levels\").to.be.true;\n    });\n  });\n});",
              "err": {},
              "uuid": "a79e25b6-1654-4d0e-ab11-693b5a46cc7a",
              "parentUUID": "a41f86cc-bf2d-4c27-a02c-39305d4d1aec",
              "isHook": false,
              "skipped": false
            },
            {
              "title": "supports widget-specific functionality",
              "fullTitle": "Value Creation Widget Tests supports widget-specific functionality",
              "timedOut": null,
              "duration": 2106,
              "state": "passed",
              "speed": "fast",
              "pass": true,
              "fail": false,
              "pending": false,
              "context": null,
              "code": "findWidgetFlexibly(widgetTestId).then(($widget) => {\n  if ($widget.length === 0) {\n    cy.log(\n      `Widget ${widgetName} not found - specific test will be skipped`\n    );\n    cy.screenshot(`missing-widget-${widgetTestId}-specific`);\n    expect(true).to.equal(true);\n    return;\n  }\n  cy.wrap($widget.first()).as(\"currentWidget\");\n  try {\n    additionalTests2();\n  } catch (e) {\n    const errorMessage = e instanceof Error ? e.message : String(e);\n    cy.log(\n      `Error in additional tests for ${widgetName}: ${errorMessage}`\n    );\n    cy.screenshot(`error-${widgetName}-specific-test`);\n  }\n});",
              "err": {},
              "uuid": "ac955ccd-e833-47cc-a1d8-9f18b739ae99",
              "parentUUID": "a41f86cc-bf2d-4c27-a02c-39305d4d1aec",
              "isHook": false,
              "skipped": false
            }
          ],
          "suites": [],
          "passes": [
            "878e429a-597a-4787-8711-463992e06db2",
            "a79e25b6-1654-4d0e-ab11-693b5a46cc7a",
            "ac955ccd-e833-47cc-a1d8-9f18b739ae99"
          ],
          "failures": [],
          "pending": [],
          "skipped": [],
          "duration": 11312,
          "root": false,
          "rootEmpty": false,
          "_timeout": 2000
        }
      ],
      "passes": [],
      "failures": [],
      "pending": [],
      "skipped": [],
      "duration": 0,
      "root": true,
      "rootEmpty": true,
      "_timeout": 2000
    },
    {
      "uuid": "fe163418-cb61-4eb8-8303-4686ad307d57",
      "title": "",
      "fullFile": "cypress/e2e/widgets/impactanalysis/availability-impact.cy.ts",
      "file": "cypress/e2e/widgets/impactanalysis/availability-impact.cy.ts",
      "beforeHooks": [],
      "afterHooks": [],
      "tests": [],
      "suites": [
        {
          "uuid": "e5b0a6ed-43f9-4317-92d1-dc8dcbfade35",
          "title": "Availability Impact Widget Tests",
          "fullFile": "",
          "file": "",
          "beforeHooks": [],
          "afterHooks": [],
          "tests": [
            {
              "title": "is visible and contains expected content",
              "fullTitle": "Availability Impact Widget Tests is visible and contains expected content",
              "timedOut": null,
              "duration": 3193,
              "state": "passed",
              "speed": "fast",
              "pass": true,
              "fail": false,
              "pending": false,
              "context": null,
              "code": "findWidgetFlexibly(widgetTestId).then(($widget) => {\n  if ($widget.length === 0) {\n    cy.log(`Widget ${widgetName} not found - test will be skipped`);\n    cy.screenshot(`missing-widget-${widgetTestId}`);\n    expect(true).to.equal(true);\n    return;\n  }\n  const widgetText = $widget.text();\n  let foundPattern = false;\n  let matchedPattern = \"\";\n  contentPatterns2.forEach((pattern) => {\n    if (typeof pattern === \"string\") {\n      if (widgetText.includes(pattern)) {\n        foundPattern = true;\n        matchedPattern = pattern;\n      }\n    } else if (pattern.test(widgetText)) {\n      foundPattern = true;\n      matchedPattern = pattern.toString();\n    }\n  });\n  if (foundPattern) {\n    cy.log(`Found expected content pattern: ${matchedPattern}`);\n  } else {\n    cy.log(\n      `No expected content patterns found in widget text: ${widgetText.substring(\n        0,\n        100\n      )}...`\n    );\n  }\n  expect(\n    foundPattern,\n    `Widget should contain at least one expected content pattern`\n  ).to.be.true;\n  captureWidgetScreenshot($widget.first(), `${widgetTestId}-baseline`);\n});",
              "err": {},
              "uuid": "662f1f91-8cb5-42bf-9e08-e9fcb544365b",
              "parentUUID": "e5b0a6ed-43f9-4317-92d1-dc8dcbfade35",
              "isHook": false,
              "skipped": false
            },
            {
              "title": "updates content when security levels change",
              "fullTitle": "Availability Impact Widget Tests updates content when security levels change",
              "timedOut": null,
              "duration": 5895,
              "state": "passed",
              "speed": "medium",
              "pass": true,
              "fail": false,
              "pending": false,
              "context": null,
              "code": "findWidgetFlexibly(widgetTestId).then(($widget) => {\n  if ($widget.length === 0) {\n    cy.log(`Widget ${widgetName} not found - test will be skipped`);\n    cy.screenshot(`missing-widget-${widgetTestId}-security-change`);\n    expect(true).to.equal(true);\n    return;\n  }\n  const initialContent = $widget.text();\n  if (initialContent.trim().length === 0) {\n    cy.log(\n      `Widget ${widgetName} has no initial content - test will be skipped`\n    );\n    expect(true).to.equal(true);\n    return;\n  }\n  cy.setSecurityLevels(\n    SECURITY_LEVELS.LOW,\n    SECURITY_LEVELS.LOW,\n    SECURITY_LEVELS.LOW\n  );\n  cy.wait(1e3);\n  findWidgetFlexibly(widgetTestId).then(($lowWidget) => {\n    if ($lowWidget.length === 0) {\n      cy.log(\n        `Widget ${widgetName} disappeared after security level change - test will be skipped`\n      );\n      expect(true).to.equal(true);\n      return;\n    }\n    const lowContent = $lowWidget.text();\n    cy.setSecurityLevels(\n      SECURITY_LEVELS.HIGH,\n      SECURITY_LEVELS.HIGH,\n      SECURITY_LEVELS.HIGH\n    );\n    cy.wait(1e3);\n    findWidgetFlexibly(widgetTestId).then(($highWidget) => {\n      if ($highWidget.length === 0) {\n        cy.log(\n          `Widget ${widgetName} disappeared after high security level change - test will be skipped`\n        );\n        expect(true).to.equal(true);\n        return;\n      }\n      const highContent = $highWidget.text();\n      if (lowContent === highContent) {\n        cy.log(\n          `Warning: Content did not change between low and high security levels`\n        );\n      }\n      const contentChanged = initialContent !== lowContent || lowContent !== highContent;\n      expect(contentChanged, \"Content should change with security levels\").to.be.true;\n    });\n  });\n});",
              "err": {},
              "uuid": "b65e6fb7-9cae-4e26-8646-84bbb24ce4ba",
              "parentUUID": "e5b0a6ed-43f9-4317-92d1-dc8dcbfade35",
              "isHook": false,
              "skipped": false
            },
            {
              "title": "supports widget-specific functionality",
              "fullTitle": "Availability Impact Widget Tests supports widget-specific functionality",
              "timedOut": null,
              "duration": 2113,
              "state": "passed",
              "speed": "fast",
              "pass": true,
              "fail": false,
              "pending": false,
              "context": null,
              "code": "findWidgetFlexibly(widgetTestId).then(($widget) => {\n  if ($widget.length === 0) {\n    cy.log(\n      `Widget ${widgetName} not found - specific test will be skipped`\n    );\n    cy.screenshot(`missing-widget-${widgetTestId}-specific`);\n    expect(true).to.equal(true);\n    return;\n  }\n  cy.wrap($widget.first()).as(\"currentWidget\");\n  try {\n    additionalTests2();\n  } catch (e) {\n    const errorMessage = e instanceof Error ? e.message : String(e);\n    cy.log(\n      `Error in additional tests for ${widgetName}: ${errorMessage}`\n    );\n    cy.screenshot(`error-${widgetName}-specific-test`);\n  }\n});",
              "err": {},
              "uuid": "0624843d-8596-4992-b11e-2edb96281279",
              "parentUUID": "e5b0a6ed-43f9-4317-92d1-dc8dcbfade35",
              "isHook": false,
              "skipped": false
            }
          ],
          "suites": [],
          "passes": [
            "662f1f91-8cb5-42bf-9e08-e9fcb544365b",
            "b65e6fb7-9cae-4e26-8646-84bbb24ce4ba",
            "0624843d-8596-4992-b11e-2edb96281279"
          ],
          "failures": [],
          "pending": [],
          "skipped": [],
          "duration": 11201,
          "root": false,
          "rootEmpty": false,
          "_timeout": 2000
        }
      ],
      "passes": [],
      "failures": [],
      "pending": [],
      "skipped": [],
      "duration": 0,
      "root": true,
      "rootEmpty": true,
      "_timeout": 2000
    },
    {
      "uuid": "e60774af-6839-452c-a331-791933cefc69",
      "title": "",
      "fullFile": "cypress/e2e/widgets/impactanalysis/confidentiality-impact.cy.ts",
      "file": "cypress/e2e/widgets/impactanalysis/confidentiality-impact.cy.ts",
      "beforeHooks": [],
      "afterHooks": [],
      "tests": [],
      "suites": [
        {
          "uuid": "d87adbe7-4433-4a9e-918e-6429b77cf20c",
          "title": "Confidentiality Impact Widget Tests",
          "fullFile": "",
          "file": "",
          "beforeHooks": [],
          "afterHooks": [],
          "tests": [
            {
              "title": "is visible and contains expected content",
              "fullTitle": "Confidentiality Impact Widget Tests is visible and contains expected content",
              "timedOut": null,
              "duration": 3221,
              "state": "passed",
              "speed": "fast",
              "pass": true,
              "fail": false,
              "pending": false,
              "context": null,
              "code": "findWidgetFlexibly(widgetTestId).then(($widget) => {\n  if ($widget.length === 0) {\n    cy.log(`Widget ${widgetName} not found - test will be skipped`);\n    cy.screenshot(`missing-widget-${widgetTestId}`);\n    expect(true).to.equal(true);\n    return;\n  }\n  const widgetText = $widget.text();\n  let foundPattern = false;\n  let matchedPattern = \"\";\n  contentPatterns2.forEach((pattern) => {\n    if (typeof pattern === \"string\") {\n      if (widgetText.includes(pattern)) {\n        foundPattern = true;\n        matchedPattern = pattern;\n      }\n    } else if (pattern.test(widgetText)) {\n      foundPattern = true;\n      matchedPattern = pattern.toString();\n    }\n  });\n  if (foundPattern) {\n    cy.log(`Found expected content pattern: ${matchedPattern}`);\n  } else {\n    cy.log(\n      `No expected content patterns found in widget text: ${widgetText.substring(\n        0,\n        100\n      )}...`\n    );\n  }\n  expect(\n    foundPattern,\n    `Widget should contain at least one expected content pattern`\n  ).to.be.true;\n  captureWidgetScreenshot($widget.first(), `${widgetTestId}-baseline`);\n});",
              "err": {},
              "uuid": "fdc274c7-bf0e-4423-bc42-645ff6517b3b",
              "parentUUID": "d87adbe7-4433-4a9e-918e-6429b77cf20c",
              "isHook": false,
              "skipped": false
            },
            {
              "title": "updates content when security levels change",
              "fullTitle": "Confidentiality Impact Widget Tests updates content when security levels change",
              "timedOut": null,
              "duration": 5902,
              "state": "passed",
              "speed": "medium",
              "pass": true,
              "fail": false,
              "pending": false,
              "context": null,
              "code": "findWidgetFlexibly(widgetTestId).then(($widget) => {\n  if ($widget.length === 0) {\n    cy.log(`Widget ${widgetName} not found - test will be skipped`);\n    cy.screenshot(`missing-widget-${widgetTestId}-security-change`);\n    expect(true).to.equal(true);\n    return;\n  }\n  const initialContent = $widget.text();\n  if (initialContent.trim().length === 0) {\n    cy.log(\n      `Widget ${widgetName} has no initial content - test will be skipped`\n    );\n    expect(true).to.equal(true);\n    return;\n  }\n  cy.setSecurityLevels(\n    SECURITY_LEVELS.LOW,\n    SECURITY_LEVELS.LOW,\n    SECURITY_LEVELS.LOW\n  );\n  cy.wait(1e3);\n  findWidgetFlexibly(widgetTestId).then(($lowWidget) => {\n    if ($lowWidget.length === 0) {\n      cy.log(\n        `Widget ${widgetName} disappeared after security level change - test will be skipped`\n      );\n      expect(true).to.equal(true);\n      return;\n    }\n    const lowContent = $lowWidget.text();\n    cy.setSecurityLevels(\n      SECURITY_LEVELS.HIGH,\n      SECURITY_LEVELS.HIGH,\n      SECURITY_LEVELS.HIGH\n    );\n    cy.wait(1e3);\n    findWidgetFlexibly(widgetTestId).then(($highWidget) => {\n      if ($highWidget.length === 0) {\n        cy.log(\n          `Widget ${widgetName} disappeared after high security level change - test will be skipped`\n        );\n        expect(true).to.equal(true);\n        return;\n      }\n      const highContent = $highWidget.text();\n      if (lowContent === highContent) {\n        cy.log(\n          `Warning: Content did not change between low and high security levels`\n        );\n      }\n      const contentChanged = initialContent !== lowContent || lowContent !== highContent;\n      expect(contentChanged, \"Content should change with security levels\").to.be.true;\n    });\n  });\n});",
              "err": {},
              "uuid": "57e67ff3-f85d-4867-89b5-151c9ed3077b",
              "parentUUID": "d87adbe7-4433-4a9e-918e-6429b77cf20c",
              "isHook": false,
              "skipped": false
            },
            {
              "title": "supports widget-specific functionality",
              "fullTitle": "Confidentiality Impact Widget Tests supports widget-specific functionality",
              "timedOut": null,
              "duration": 2107,
              "state": "passed",
              "speed": "fast",
              "pass": true,
              "fail": false,
              "pending": false,
              "context": null,
              "code": "findWidgetFlexibly(widgetTestId).then(($widget) => {\n  if ($widget.length === 0) {\n    cy.log(\n      `Widget ${widgetName} not found - specific test will be skipped`\n    );\n    cy.screenshot(`missing-widget-${widgetTestId}-specific`);\n    expect(true).to.equal(true);\n    return;\n  }\n  cy.wrap($widget.first()).as(\"currentWidget\");\n  try {\n    additionalTests2();\n  } catch (e) {\n    const errorMessage = e instanceof Error ? e.message : String(e);\n    cy.log(\n      `Error in additional tests for ${widgetName}: ${errorMessage}`\n    );\n    cy.screenshot(`error-${widgetName}-specific-test`);\n  }\n});",
              "err": {},
              "uuid": "c1ec107a-26fd-43ae-b2a2-ab42563efc94",
              "parentUUID": "d87adbe7-4433-4a9e-918e-6429b77cf20c",
              "isHook": false,
              "skipped": false
            }
          ],
          "suites": [],
          "passes": [
            "fdc274c7-bf0e-4423-bc42-645ff6517b3b",
            "57e67ff3-f85d-4867-89b5-151c9ed3077b",
            "c1ec107a-26fd-43ae-b2a2-ab42563efc94"
          ],
          "failures": [],
          "pending": [],
          "skipped": [],
          "duration": 11230,
          "root": false,
          "rootEmpty": false,
          "_timeout": 2000
        }
      ],
      "passes": [],
      "failures": [],
      "pending": [],
      "skipped": [],
      "duration": 0,
      "root": true,
      "rootEmpty": true,
      "_timeout": 2000
    },
    {
      "uuid": "f53273ec-23c8-49d7-ba83-62d7d659fb21",
      "title": "",
      "fullFile": "cypress/e2e/widgets/impactanalysis/integrity-impact.cy.ts",
      "file": "cypress/e2e/widgets/impactanalysis/integrity-impact.cy.ts",
      "beforeHooks": [],
      "afterHooks": [],
      "tests": [],
      "suites": [
        {
          "uuid": "02e06d5a-431b-4df0-8353-8a9c62883294",
          "title": "Integrity Impact Widget Tests",
          "fullFile": "",
          "file": "",
          "beforeHooks": [],
          "afterHooks": [],
          "tests": [
            {
              "title": "is visible and contains expected content",
              "fullTitle": "Integrity Impact Widget Tests is visible and contains expected content",
              "timedOut": null,
              "duration": 3290,
              "state": "passed",
              "speed": "fast",
              "pass": true,
              "fail": false,
              "pending": false,
              "context": null,
              "code": "findWidgetFlexibly(widgetTestId).then(($widget) => {\n  if ($widget.length === 0) {\n    cy.log(`Widget ${widgetName} not found - test will be skipped`);\n    cy.screenshot(`missing-widget-${widgetTestId}`);\n    expect(true).to.equal(true);\n    return;\n  }\n  const widgetText = $widget.text();\n  let foundPattern = false;\n  let matchedPattern = \"\";\n  contentPatterns2.forEach((pattern) => {\n    if (typeof pattern === \"string\") {\n      if (widgetText.includes(pattern)) {\n        foundPattern = true;\n        matchedPattern = pattern;\n      }\n    } else if (pattern.test(widgetText)) {\n      foundPattern = true;\n      matchedPattern = pattern.toString();\n    }\n  });\n  if (foundPattern) {\n    cy.log(`Found expected content pattern: ${matchedPattern}`);\n  } else {\n    cy.log(\n      `No expected content patterns found in widget text: ${widgetText.substring(\n        0,\n        100\n      )}...`\n    );\n  }\n  expect(\n    foundPattern,\n    `Widget should contain at least one expected content pattern`\n  ).to.be.true;\n  captureWidgetScreenshot($widget.first(), `${widgetTestId}-baseline`);\n});",
              "err": {},
              "uuid": "b8eda19f-d499-40fb-9043-01adce569c0d",
              "parentUUID": "02e06d5a-431b-4df0-8353-8a9c62883294",
              "isHook": false,
              "skipped": false
            },
            {
              "title": "updates content when security levels change",
              "fullTitle": "Integrity Impact Widget Tests updates content when security levels change",
              "timedOut": null,
              "duration": 5884,
              "state": "passed",
              "speed": "medium",
              "pass": true,
              "fail": false,
              "pending": false,
              "context": null,
              "code": "findWidgetFlexibly(widgetTestId).then(($widget) => {\n  if ($widget.length === 0) {\n    cy.log(`Widget ${widgetName} not found - test will be skipped`);\n    cy.screenshot(`missing-widget-${widgetTestId}-security-change`);\n    expect(true).to.equal(true);\n    return;\n  }\n  const initialContent = $widget.text();\n  if (initialContent.trim().length === 0) {\n    cy.log(\n      `Widget ${widgetName} has no initial content - test will be skipped`\n    );\n    expect(true).to.equal(true);\n    return;\n  }\n  cy.setSecurityLevels(\n    SECURITY_LEVELS.LOW,\n    SECURITY_LEVELS.LOW,\n    SECURITY_LEVELS.LOW\n  );\n  cy.wait(1e3);\n  findWidgetFlexibly(widgetTestId).then(($lowWidget) => {\n    if ($lowWidget.length === 0) {\n      cy.log(\n        `Widget ${widgetName} disappeared after security level change - test will be skipped`\n      );\n      expect(true).to.equal(true);\n      return;\n    }\n    const lowContent = $lowWidget.text();\n    cy.setSecurityLevels(\n      SECURITY_LEVELS.HIGH,\n      SECURITY_LEVELS.HIGH,\n      SECURITY_LEVELS.HIGH\n    );\n    cy.wait(1e3);\n    findWidgetFlexibly(widgetTestId).then(($highWidget) => {\n      if ($highWidget.length === 0) {\n        cy.log(\n          `Widget ${widgetName} disappeared after high security level change - test will be skipped`\n        );\n        expect(true).to.equal(true);\n        return;\n      }\n      const highContent = $highWidget.text();\n      if (lowContent === highContent) {\n        cy.log(\n          `Warning: Content did not change between low and high security levels`\n        );\n      }\n      const contentChanged = initialContent !== lowContent || lowContent !== highContent;\n      expect(contentChanged, \"Content should change with security levels\").to.be.true;\n    });\n  });\n});",
              "err": {},
              "uuid": "676b2a7b-6a1d-4f08-87e9-5c2698c51a0d",
              "parentUUID": "02e06d5a-431b-4df0-8353-8a9c62883294",
              "isHook": false,
              "skipped": false
            },
            {
              "title": "supports widget-specific functionality",
              "fullTitle": "Integrity Impact Widget Tests supports widget-specific functionality",
              "timedOut": null,
              "duration": 2106,
              "state": "passed",
              "speed": "fast",
              "pass": true,
              "fail": false,
              "pending": false,
              "context": null,
              "code": "findWidgetFlexibly(widgetTestId).then(($widget) => {\n  if ($widget.length === 0) {\n    cy.log(\n      `Widget ${widgetName} not found - specific test will be skipped`\n    );\n    cy.screenshot(`missing-widget-${widgetTestId}-specific`);\n    expect(true).to.equal(true);\n    return;\n  }\n  cy.wrap($widget.first()).as(\"currentWidget\");\n  try {\n    additionalTests2();\n  } catch (e) {\n    const errorMessage = e instanceof Error ? e.message : String(e);\n    cy.log(\n      `Error in additional tests for ${widgetName}: ${errorMessage}`\n    );\n    cy.screenshot(`error-${widgetName}-specific-test`);\n  }\n});",
              "err": {},
              "uuid": "7dcb046c-6379-4544-804a-49170f13f5fb",
              "parentUUID": "02e06d5a-431b-4df0-8353-8a9c62883294",
              "isHook": false,
              "skipped": false
            }
          ],
          "suites": [],
          "passes": [
            "b8eda19f-d499-40fb-9043-01adce569c0d",
            "676b2a7b-6a1d-4f08-87e9-5c2698c51a0d",
            "7dcb046c-6379-4544-804a-49170f13f5fb"
          ],
          "failures": [],
          "pending": [],
          "skipped": [],
          "duration": 11280,
          "root": false,
          "rootEmpty": false,
          "_timeout": 2000
        }
      ],
      "passes": [],
      "failures": [],
      "pending": [],
      "skipped": [],
      "duration": 0,
      "root": true,
      "rootEmpty": true,
      "_timeout": 2000
    },
    {
      "uuid": "21d8acab-738d-4017-b108-a537f7e051e6",
      "title": "",
      "fullFile": "cypress/e2e/widgets/implementationguide/security-resources.cy.ts",
      "file": "cypress/e2e/widgets/implementationguide/security-resources.cy.ts",
      "beforeHooks": [],
      "afterHooks": [],
      "tests": [],
      "suites": [
        {
          "uuid": "bebdfd63-94c6-4229-ae55-f1d1aac3d358",
          "title": "Security Resources Widget Tests",
          "fullFile": "",
          "file": "",
          "beforeHooks": [],
          "afterHooks": [],
          "tests": [
            {
              "title": "is visible and contains expected content",
              "fullTitle": "Security Resources Widget Tests is visible and contains expected content",
              "timedOut": null,
              "duration": 3234,
              "state": "passed",
              "speed": "fast",
              "pass": true,
              "fail": false,
              "pending": false,
              "context": null,
              "code": "findWidgetFlexibly(widgetTestId).then(($widget) => {\n  if ($widget.length === 0) {\n    cy.log(`Widget ${widgetName} not found - test will be skipped`);\n    cy.screenshot(`missing-widget-${widgetTestId}`);\n    expect(true).to.equal(true);\n    return;\n  }\n  const widgetText = $widget.text();\n  let foundPattern = false;\n  let matchedPattern = \"\";\n  contentPatterns2.forEach((pattern) => {\n    if (typeof pattern === \"string\") {\n      if (widgetText.includes(pattern)) {\n        foundPattern = true;\n        matchedPattern = pattern;\n      }\n    } else if (pattern.test(widgetText)) {\n      foundPattern = true;\n      matchedPattern = pattern.toString();\n    }\n  });\n  if (foundPattern) {\n    cy.log(`Found expected content pattern: ${matchedPattern}`);\n  } else {\n    cy.log(\n      `No expected content patterns found in widget text: ${widgetText.substring(\n        0,\n        100\n      )}...`\n    );\n  }\n  expect(\n    foundPattern,\n    `Widget should contain at least one expected content pattern`\n  ).to.be.true;\n  captureWidgetScreenshot($widget.first(), `${widgetTestId}-baseline`);\n});",
              "err": {},
              "uuid": "c6548e32-0990-48eb-876f-c06725960b8c",
              "parentUUID": "bebdfd63-94c6-4229-ae55-f1d1aac3d358",
              "isHook": false,
              "skipped": false
            },
            {
              "title": "updates content when security levels change",
              "fullTitle": "Security Resources Widget Tests updates content when security levels change",
              "timedOut": null,
              "duration": 5914,
              "state": "passed",
              "speed": "medium",
              "pass": true,
              "fail": false,
              "pending": false,
              "context": null,
              "code": "findWidgetFlexibly(widgetTestId).then(($widget) => {\n  if ($widget.length === 0) {\n    cy.log(`Widget ${widgetName} not found - test will be skipped`);\n    cy.screenshot(`missing-widget-${widgetTestId}-security-change`);\n    expect(true).to.equal(true);\n    return;\n  }\n  const initialContent = $widget.text();\n  if (initialContent.trim().length === 0) {\n    cy.log(\n      `Widget ${widgetName} has no initial content - test will be skipped`\n    );\n    expect(true).to.equal(true);\n    return;\n  }\n  cy.setSecurityLevels(\n    SECURITY_LEVELS.LOW,\n    SECURITY_LEVELS.LOW,\n    SECURITY_LEVELS.LOW\n  );\n  cy.wait(1e3);\n  findWidgetFlexibly(widgetTestId).then(($lowWidget) => {\n    if ($lowWidget.length === 0) {\n      cy.log(\n        `Widget ${widgetName} disappeared after security level change - test will be skipped`\n      );\n      expect(true).to.equal(true);\n      return;\n    }\n    const lowContent = $lowWidget.text();\n    cy.setSecurityLevels(\n      SECURITY_LEVELS.HIGH,\n      SECURITY_LEVELS.HIGH,\n      SECURITY_LEVELS.HIGH\n    );\n    cy.wait(1e3);\n    findWidgetFlexibly(widgetTestId).then(($highWidget) => {\n      if ($highWidget.length === 0) {\n        cy.log(\n          `Widget ${widgetName} disappeared after high security level change - test will be skipped`\n        );\n        expect(true).to.equal(true);\n        return;\n      }\n      const highContent = $highWidget.text();\n      if (lowContent === highContent) {\n        cy.log(\n          `Warning: Content did not change between low and high security levels`\n        );\n      }\n      const contentChanged = initialContent !== lowContent || lowContent !== highContent;\n      expect(contentChanged, \"Content should change with security levels\").to.be.true;\n    });\n  });\n});",
              "err": {},
              "uuid": "494b0dee-96c0-4249-b9ea-c4f472bdaf12",
              "parentUUID": "bebdfd63-94c6-4229-ae55-f1d1aac3d358",
              "isHook": false,
              "skipped": false
            },
            {
              "title": "supports widget-specific functionality",
              "fullTitle": "Security Resources Widget Tests supports widget-specific functionality",
              "timedOut": null,
              "duration": 2111,
              "state": "passed",
              "speed": "fast",
              "pass": true,
              "fail": false,
              "pending": false,
              "context": null,
              "code": "findWidgetFlexibly(widgetTestId).then(($widget) => {\n  if ($widget.length === 0) {\n    cy.log(\n      `Widget ${widgetName} not found - specific test will be skipped`\n    );\n    cy.screenshot(`missing-widget-${widgetTestId}-specific`);\n    expect(true).to.equal(true);\n    return;\n  }\n  cy.wrap($widget.first()).as(\"currentWidget\");\n  try {\n    additionalTests2();\n  } catch (e) {\n    const errorMessage = e instanceof Error ? e.message : String(e);\n    cy.log(\n      `Error in additional tests for ${widgetName}: ${errorMessage}`\n    );\n    cy.screenshot(`error-${widgetName}-specific-test`);\n  }\n});",
              "err": {},
              "uuid": "f0a6fa29-01f1-4773-8c4a-b3dc3d1563bf",
              "parentUUID": "bebdfd63-94c6-4229-ae55-f1d1aac3d358",
              "isHook": false,
              "skipped": false
            }
          ],
          "suites": [],
          "passes": [
            "c6548e32-0990-48eb-876f-c06725960b8c",
            "494b0dee-96c0-4249-b9ea-c4f472bdaf12",
            "f0a6fa29-01f1-4773-8c4a-b3dc3d1563bf"
          ],
          "failures": [],
          "pending": [],
          "skipped": [],
          "duration": 11259,
          "root": false,
          "rootEmpty": false,
          "_timeout": 2000
        }
      ],
      "passes": [],
      "failures": [],
      "pending": [],
      "skipped": [],
      "duration": 0,
      "root": true,
      "rootEmpty": true,
      "_timeout": 2000
    },
    {
      "uuid": "5daaf5d1-e660-410b-9eed-e48594ece704",
      "title": "",
      "fullFile": "cypress/e2e/widgets/implementationguide/security-visualization.cy.ts",
      "file": "cypress/e2e/widgets/implementationguide/security-visualization.cy.ts",
      "beforeHooks": [],
      "afterHooks": [],
      "tests": [],
      "suites": [
        {
          "uuid": "7ad553c0-b883-4c85-9925-77a22500e190",
          "title": "Security Visualization Widget Tests",
          "fullFile": "",
          "file": "",
          "beforeHooks": [],
          "afterHooks": [],
          "tests": [
            {
              "title": "is visible and contains expected content",
              "fullTitle": "Security Visualization Widget Tests is visible and contains expected content",
              "timedOut": null,
              "duration": 3197,
              "state": "passed",
              "speed": "fast",
              "pass": true,
              "fail": false,
              "pending": false,
              "context": null,
              "code": "findWidgetFlexibly(widgetTestId).then(($widget) => {\n  if ($widget.length === 0) {\n    cy.log(`Widget ${widgetName} not found - test will be skipped`);\n    cy.screenshot(`missing-widget-${widgetTestId}`);\n    expect(true).to.equal(true);\n    return;\n  }\n  const widgetText = $widget.text();\n  let foundPattern = false;\n  let matchedPattern = \"\";\n  contentPatterns2.forEach((pattern) => {\n    if (typeof pattern === \"string\") {\n      if (widgetText.includes(pattern)) {\n        foundPattern = true;\n        matchedPattern = pattern;\n      }\n    } else if (pattern.test(widgetText)) {\n      foundPattern = true;\n      matchedPattern = pattern.toString();\n    }\n  });\n  if (foundPattern) {\n    cy.log(`Found expected content pattern: ${matchedPattern}`);\n  } else {\n    cy.log(\n      `No expected content patterns found in widget text: ${widgetText.substring(\n        0,\n        100\n      )}...`\n    );\n  }\n  expect(\n    foundPattern,\n    `Widget should contain at least one expected content pattern`\n  ).to.be.true;\n  captureWidgetScreenshot($widget.first(), `${widgetTestId}-baseline`);\n});",
              "err": {},
              "uuid": "18c23185-1c39-4624-a4f7-4e25dffe2d3d",
              "parentUUID": "7ad553c0-b883-4c85-9925-77a22500e190",
              "isHook": false,
              "skipped": false
            },
            {
              "title": "updates content when security levels change",
              "fullTitle": "Security Visualization Widget Tests updates content when security levels change",
              "timedOut": null,
              "duration": 5906,
              "state": "passed",
              "speed": "medium",
              "pass": true,
              "fail": false,
              "pending": false,
              "context": null,
              "code": "findWidgetFlexibly(widgetTestId).then(($widget) => {\n  if ($widget.length === 0) {\n    cy.log(`Widget ${widgetName} not found - test will be skipped`);\n    cy.screenshot(`missing-widget-${widgetTestId}-security-change`);\n    expect(true).to.equal(true);\n    return;\n  }\n  const initialContent = $widget.text();\n  if (initialContent.trim().length === 0) {\n    cy.log(\n      `Widget ${widgetName} has no initial content - test will be skipped`\n    );\n    expect(true).to.equal(true);\n    return;\n  }\n  cy.setSecurityLevels(\n    SECURITY_LEVELS.LOW,\n    SECURITY_LEVELS.LOW,\n    SECURITY_LEVELS.LOW\n  );\n  cy.wait(1e3);\n  findWidgetFlexibly(widgetTestId).then(($lowWidget) => {\n    if ($lowWidget.length === 0) {\n      cy.log(\n        `Widget ${widgetName} disappeared after security level change - test will be skipped`\n      );\n      expect(true).to.equal(true);\n      return;\n    }\n    const lowContent = $lowWidget.text();\n    cy.setSecurityLevels(\n      SECURITY_LEVELS.HIGH,\n      SECURITY_LEVELS.HIGH,\n      SECURITY_LEVELS.HIGH\n    );\n    cy.wait(1e3);\n    findWidgetFlexibly(widgetTestId).then(($highWidget) => {\n      if ($highWidget.length === 0) {\n        cy.log(\n          `Widget ${widgetName} disappeared after high security level change - test will be skipped`\n        );\n        expect(true).to.equal(true);\n        return;\n      }\n      const highContent = $highWidget.text();\n      if (lowContent === highContent) {\n        cy.log(\n          `Warning: Content did not change between low and high security levels`\n        );\n      }\n      const contentChanged = initialContent !== lowContent || lowContent !== highContent;\n      expect(contentChanged, \"Content should change with security levels\").to.be.true;\n    });\n  });\n});",
              "err": {},
              "uuid": "7cd9bc28-be8a-4bf8-ae0b-756bbd9514e9",
              "parentUUID": "7ad553c0-b883-4c85-9925-77a22500e190",
              "isHook": false,
              "skipped": false
            },
            {
              "title": "supports widget-specific functionality",
              "fullTitle": "Security Visualization Widget Tests supports widget-specific functionality",
              "timedOut": null,
              "duration": 2102,
              "state": "passed",
              "speed": "fast",
              "pass": true,
              "fail": false,
              "pending": false,
              "context": null,
              "code": "findWidgetFlexibly(widgetTestId).then(($widget) => {\n  if ($widget.length === 0) {\n    cy.log(\n      `Widget ${widgetName} not found - specific test will be skipped`\n    );\n    cy.screenshot(`missing-widget-${widgetTestId}-specific`);\n    expect(true).to.equal(true);\n    return;\n  }\n  cy.wrap($widget.first()).as(\"currentWidget\");\n  try {\n    additionalTests2();\n  } catch (e) {\n    const errorMessage = e instanceof Error ? e.message : String(e);\n    cy.log(\n      `Error in additional tests for ${widgetName}: ${errorMessage}`\n    );\n    cy.screenshot(`error-${widgetName}-specific-test`);\n  }\n});",
              "err": {},
              "uuid": "81be88bf-784a-43fc-8ab3-d9b426b5df99",
              "parentUUID": "7ad553c0-b883-4c85-9925-77a22500e190",
              "isHook": false,
              "skipped": false
            }
          ],
          "suites": [],
          "passes": [
            "18c23185-1c39-4624-a4f7-4e25dffe2d3d",
            "7cd9bc28-be8a-4bf8-ae0b-756bbd9514e9",
            "81be88bf-784a-43fc-8ab3-d9b426b5df99"
          ],
          "failures": [],
          "pending": [],
          "skipped": [],
          "duration": 11205,
          "root": false,
          "rootEmpty": false,
          "_timeout": 2000
        }
      ],
      "passes": [],
      "failures": [],
      "pending": [],
      "skipped": [],
      "duration": 0,
      "root": true,
      "rootEmpty": true,
      "_timeout": 2000
    },
    {
      "uuid": "3f6e785c-fe11-4213-be96-12f97478f5b2",
      "title": "",
      "fullFile": "cypress/e2e/widgets/implementationguide/technical-details.cy.ts",
      "file": "cypress/e2e/widgets/implementationguide/technical-details.cy.ts",
      "beforeHooks": [],
      "afterHooks": [],
      "tests": [],
      "suites": [
        {
          "uuid": "c45fcd99-811e-47ef-a0b6-0d5255053816",
          "title": "Technical Details Widget Tests",
          "fullFile": "",
          "file": "",
          "beforeHooks": [],
          "afterHooks": [],
          "tests": [
            {
              "title": "is visible and contains expected content",
              "fullTitle": "Technical Details Widget Tests is visible and contains expected content",
              "timedOut": null,
              "duration": 3274,
              "state": "passed",
              "speed": "fast",
              "pass": true,
              "fail": false,
              "pending": false,
              "context": null,
              "code": "findWidgetFlexibly(widgetTestId).then(($widget) => {\n  if ($widget.length === 0) {\n    cy.log(`Widget ${widgetName} not found - test will be skipped`);\n    cy.screenshot(`missing-widget-${widgetTestId}`);\n    expect(true).to.equal(true);\n    return;\n  }\n  const widgetText = $widget.text();\n  let foundPattern = false;\n  let matchedPattern = \"\";\n  contentPatterns2.forEach((pattern) => {\n    if (typeof pattern === \"string\") {\n      if (widgetText.includes(pattern)) {\n        foundPattern = true;\n        matchedPattern = pattern;\n      }\n    } else if (pattern.test(widgetText)) {\n      foundPattern = true;\n      matchedPattern = pattern.toString();\n    }\n  });\n  if (foundPattern) {\n    cy.log(`Found expected content pattern: ${matchedPattern}`);\n  } else {\n    cy.log(\n      `No expected content patterns found in widget text: ${widgetText.substring(\n        0,\n        100\n      )}...`\n    );\n  }\n  expect(\n    foundPattern,\n    `Widget should contain at least one expected content pattern`\n  ).to.be.true;\n  captureWidgetScreenshot($widget.first(), `${widgetTestId}-baseline`);\n});",
              "err": {},
              "uuid": "1a9c510e-716c-4e73-90b7-9cac83319a25",
              "parentUUID": "c45fcd99-811e-47ef-a0b6-0d5255053816",
              "isHook": false,
              "skipped": false
            },
            {
              "title": "updates content when security levels change",
              "fullTitle": "Technical Details Widget Tests updates content when security levels change",
              "timedOut": null,
              "duration": 5876,
              "state": "passed",
              "speed": "medium",
              "pass": true,
              "fail": false,
              "pending": false,
              "context": null,
              "code": "findWidgetFlexibly(widgetTestId).then(($widget) => {\n  if ($widget.length === 0) {\n    cy.log(`Widget ${widgetName} not found - test will be skipped`);\n    cy.screenshot(`missing-widget-${widgetTestId}-security-change`);\n    expect(true).to.equal(true);\n    return;\n  }\n  const initialContent = $widget.text();\n  if (initialContent.trim().length === 0) {\n    cy.log(\n      `Widget ${widgetName} has no initial content - test will be skipped`\n    );\n    expect(true).to.equal(true);\n    return;\n  }\n  cy.setSecurityLevels(\n    SECURITY_LEVELS.LOW,\n    SECURITY_LEVELS.LOW,\n    SECURITY_LEVELS.LOW\n  );\n  cy.wait(1e3);\n  findWidgetFlexibly(widgetTestId).then(($lowWidget) => {\n    if ($lowWidget.length === 0) {\n      cy.log(\n        `Widget ${widgetName} disappeared after security level change - test will be skipped`\n      );\n      expect(true).to.equal(true);\n      return;\n    }\n    const lowContent = $lowWidget.text();\n    cy.setSecurityLevels(\n      SECURITY_LEVELS.HIGH,\n      SECURITY_LEVELS.HIGH,\n      SECURITY_LEVELS.HIGH\n    );\n    cy.wait(1e3);\n    findWidgetFlexibly(widgetTestId).then(($highWidget) => {\n      if ($highWidget.length === 0) {\n        cy.log(\n          `Widget ${widgetName} disappeared after high security level change - test will be skipped`\n        );\n        expect(true).to.equal(true);\n        return;\n      }\n      const highContent = $highWidget.text();\n      if (lowContent === highContent) {\n        cy.log(\n          `Warning: Content did not change between low and high security levels`\n        );\n      }\n      const contentChanged = initialContent !== lowContent || lowContent !== highContent;\n      expect(contentChanged, \"Content should change with security levels\").to.be.true;\n    });\n  });\n});",
              "err": {},
              "uuid": "792ae897-a17e-45ff-8b21-e97e627d4b14",
              "parentUUID": "c45fcd99-811e-47ef-a0b6-0d5255053816",
              "isHook": false,
              "skipped": false
            },
            {
              "title": "supports widget-specific functionality",
              "fullTitle": "Technical Details Widget Tests supports widget-specific functionality",
              "timedOut": null,
              "duration": 2102,
              "state": "passed",
              "speed": "fast",
              "pass": true,
              "fail": false,
              "pending": false,
              "context": null,
              "code": "findWidgetFlexibly(widgetTestId).then(($widget) => {\n  if ($widget.length === 0) {\n    cy.log(\n      `Widget ${widgetName} not found - specific test will be skipped`\n    );\n    cy.screenshot(`missing-widget-${widgetTestId}-specific`);\n    expect(true).to.equal(true);\n    return;\n  }\n  cy.wrap($widget.first()).as(\"currentWidget\");\n  try {\n    additionalTests2();\n  } catch (e) {\n    const errorMessage = e instanceof Error ? e.message : String(e);\n    cy.log(\n      `Error in additional tests for ${widgetName}: ${errorMessage}`\n    );\n    cy.screenshot(`error-${widgetName}-specific-test`);\n  }\n});",
              "err": {},
              "uuid": "cedf7542-6f5b-4bfa-8c2a-99b3136a82df",
              "parentUUID": "c45fcd99-811e-47ef-a0b6-0d5255053816",
              "isHook": false,
              "skipped": false
            }
          ],
          "suites": [],
          "passes": [
            "1a9c510e-716c-4e73-90b7-9cac83319a25",
            "792ae897-a17e-45ff-8b21-e97e627d4b14",
            "cedf7542-6f5b-4bfa-8c2a-99b3136a82df"
          ],
          "failures": [],
          "pending": [],
          "skipped": [],
          "duration": 11252,
          "root": false,
          "rootEmpty": false,
          "_timeout": 2000
        }
      ],
      "passes": [],
      "failures": [],
      "pending": [],
      "skipped": [],
      "duration": 0,
      "root": true,
      "rootEmpty": true,
      "_timeout": 2000
    }
  ],
  "meta": {
    "mocha": {
      "version": "7.2.0"
    },
    "mochawesome": {
      "options": {
        "quiet": false,
        "reportFilename": "mochawesome",
        "saveHtml": true,
        "saveJson": true,
        "consoleReporter": "spec",
        "useInlineDiffs": false,
        "code": true
      },
      "version": "7.1.3"
    },
    "marge": {
      "options": {
        "id": "default",
        "reportDir": "docs/cypress/mochawesome",
        "overwrite": false,
        "html": true,
        "json": true,
        "code": true,
        "timestamp": "mmddyyyy_HHMMss",
        "charts": true,
        "showHooks": "failed",
        "embeddedScreenshots": true
      },
      "version": "6.2.0"
    }
  }
}