TN:
SF:src/App.tsx
FN:10,App
FNF:1
FNH:1
FNDA:1,App
DA:2,1
DA:3,1
DA:4,1
DA:10,1
DA:11,1
DA:12,1
DA:13,1
DA:14,1
DA:15,1
DA:16,1
DA:18,1
DA:20,1
LF:12
LH:12
BRDA:10,0,0,1
BRF:1
BRH:1
end_of_record
TN:
SF:src/CIAClassificationApp.tsx
FN:19,CIAClassificationApp
FN:26,testEventHandler
FN:76,toggleDarkMode
FNF:3
FNH:1
FNDA:4,CIAClassificationApp
FNDA:0,testEventHandler
FNDA:0,toggleDarkMode
DA:1,1
DA:2,1
DA:7,1
DA:8,1
DA:9,1
DA:10,1
DA:11,1
DA:12,1
DA:13,1
DA:14,1
DA:15,1
DA:16,1
DA:17,1
DA:19,1
DA:20,4
DA:21,4
DA:22,4
DA:23,4
DA:25,4
DA:26,4
DA:27,0
DA:28,0
DA:29,0
DA:30,0
DA:31,0
DA:32,0
DA:33,0
DA:34,0
DA:35,0
DA:36,0
DA:37,0
DA:39,4
DA:40,4
DA:41,4
DA:42,4
DA:44,4
DA:45,4
DA:46,4
DA:47,4
DA:48,4
DA:49,4
DA:50,4
DA:52,4
DA:53,4
DA:54,4
DA:55,4
DA:56,4
DA:57,4
DA:58,4
DA:59,4
DA:60,4
DA:61,4
DA:62,4
DA:64,4
DA:65,0
DA:66,0
DA:67,0
DA:68,4
DA:69,0
DA:70,0
DA:71,0
DA:72,0
DA:73,4
DA:74,4
DA:76,4
DA:77,0
DA:78,0
DA:80,0
DA:81,0
DA:82,0
DA:83,0
DA:84,0
DA:85,0
DA:86,0
DA:87,0
DA:88,0
DA:89,0
DA:91,4
DA:92,4
DA:93,4
DA:94,4
DA:95,4
DA:97,4
DA:98,4
DA:99,4
DA:100,4
DA:101,4
DA:103,4
DA:104,4
DA:105,4
DA:106,4
DA:107,4
DA:108,4
DA:110,4
DA:111,4
DA:112,4
DA:113,4
DA:114,4
DA:115,4
DA:116,4
DA:117,4
DA:118,4
DA:119,4
DA:120,4
DA:122,4
DA:123,4
DA:124,4
DA:126,4
DA:127,4
DA:128,4
DA:129,4
DA:131,4
DA:132,4
DA:133,4
DA:134,4
DA:135,4
DA:136,4
DA:139,4
DA:140,4
DA:141,4
DA:142,4
DA:143,4
DA:144,4
DA:145,4
DA:146,4
DA:147,4
DA:148,4
DA:149,4
DA:150,4
DA:151,4
DA:152,0
DA:153,4
DA:154,4
DA:156,4
DA:157,0
DA:158,0
DA:159,0
DA:161,0
DA:162,0
DA:164,4
DA:165,4
DA:166,4
DA:168,4
DA:169,4
DA:170,4
DA:171,4
DA:172,4
DA:173,4
DA:174,4
DA:177,4
DA:178,4
DA:179,4
DA:180,4
DA:182,4
DA:183,4
DA:184,4
DA:185,4
DA:186,4
DA:187,4
DA:188,4
DA:189,4
DA:190,4
DA:191,4
DA:192,4
DA:193,4
DA:194,4
DA:195,4
DA:197,4
DA:198,4
DA:199,4
DA:200,4
DA:202,4
DA:203,4
DA:204,4
DA:205,4
DA:206,4
DA:207,4
DA:208,4
DA:209,4
DA:210,4
DA:211,4
DA:212,4
DA:213,4
DA:214,4
DA:215,4
DA:216,4
DA:218,4
DA:219,4
DA:220,4
DA:221,4
DA:223,4
DA:224,4
DA:227,4
DA:228,4
DA:229,4
DA:230,4
DA:232,4
DA:233,4
DA:234,4
DA:235,4
DA:236,4
DA:237,4
DA:238,4
DA:240,4
DA:241,4
DA:242,4
DA:243,4
DA:245,4
DA:246,4
DA:247,4
DA:248,4
DA:249,4
DA:250,4
DA:251,4
DA:252,4
DA:253,4
DA:255,4
DA:256,4
DA:257,4
DA:258,4
DA:260,4
DA:261,4
DA:262,4
DA:263,4
DA:264,4
DA:265,4
DA:266,4
DA:267,4
DA:268,4
DA:269,4
DA:272,4
DA:273,4
DA:274,4
DA:275,4
DA:277,4
DA:278,4
DA:279,4
DA:280,4
DA:281,4
DA:282,4
DA:284,4
DA:285,4
DA:286,4
DA:287,4
DA:289,4
DA:290,4
DA:293,4
DA:294,4
DA:295,4
DA:296,4
DA:297,4
DA:298,4
DA:299,4
DA:300,4
DA:301,4
DA:302,4
DA:303,4
DA:304,4
DA:305,4
DA:306,4
DA:307,4
DA:308,4
DA:309,4
DA:310,4
DA:311,4
DA:312,4
DA:313,4
DA:314,4
DA:315,4
DA:316,4
DA:317,4
DA:318,4
DA:319,4
DA:320,4
DA:321,4
DA:324,4
DA:325,4
DA:326,4
DA:327,4
DA:329,4
DA:330,4
DA:331,4
DA:333,4
DA:336,4
DA:337,4
DA:338,4
DA:339,4
DA:340,4
DA:341,4
DA:343,4
DA:344,4
DA:345,4
DA:346,4
DA:347,4
DA:348,4
DA:349,4
DA:350,4
DA:351,4
DA:352,4
DA:353,4
DA:355,4
DA:357,1
LF:302
LH:266
BRDA:19,0,0,4
BRDA:104,1,0,0
BRDA:106,2,0,0
BRDA:108,3,0,0
BRDA:123,4,0,0
BRDA:124,5,0,0
BRDA:128,6,0,0
BRDA:151,7,0,0
BRDA:156,8,0,0
BRDA:25,9,0,4
BRDA:44,10,0,4
BRDA:52,11,0,4
BRDA:64,12,0,0
BRDA:68,13,0,0
BRDA:91,14,0,4
BRDA:100,15,0,0
BRDA:110,16,0,4
BRF:17
BRH:6
end_of_record
TN:
SF:src/index.tsx
FN:1,(empty-report)
FNF:1
FNH:0
FNDA:0,(empty-report)
DA:1,0
DA:2,0
DA:3,0
DA:4,0
DA:6,0
DA:7,0
DA:8,0
DA:10,0
DA:11,0
DA:12,0
DA:13,0
DA:14,0
LF:12
LH:0
BRDA:1,0,0,0
BRF:1
BRH:0
end_of_record
TN:
SF:src/components/Dashboard.tsx
FN:35,Dashboard
FN:113,calculateOverallLevel
FN:131,calculateCostProps
FN:183,DashboardWidget
FNF:4
FNH:4
FNDA:4,Dashboard
FNDA:4,calculateOverallLevel
FNDA:4,calculateCostProps
FNDA:19,DashboardWidget
DA:1,1
DA:3,1
DA:4,1
DA:9,1
DA:10,1
DA:12,1
DA:35,1
DA:36,4
DA:37,4
DA:38,4
DA:39,4
DA:40,4
DA:41,4
DA:42,4
DA:43,4
DA:44,4
DA:45,4
DA:46,4
DA:47,4
DA:49,4
DA:50,4
DA:51,4
DA:52,4
DA:53,4
DA:54,4
DA:55,4
DA:56,4
DA:57,4
DA:58,4
DA:59,4
DA:60,4
DA:61,4
DA:62,4
DA:65,4
DA:66,4
DA:67,4
DA:68,4
DA:69,4
DA:70,4
DA:71,4
DA:72,4
DA:73,4
DA:74,4
DA:77,4
DA:78,4
DA:79,4
DA:80,4
DA:81,4
DA:82,4
DA:83,4
DA:84,4
DA:85,4
DA:86,4
DA:87,4
DA:88,4
DA:89,4
DA:90,4
DA:91,4
DA:92,4
DA:93,4
DA:94,4
DA:95,4
DA:97,4
DA:98,4
DA:99,4
DA:100,4
DA:102,4
DA:103,1
DA:104,3
DA:105,19
DA:106,19
DA:107,3
DA:108,4
DA:110,4
DA:113,4
DA:114,4
DA:115,4
DA:116,4
DA:117,4
DA:118,4
DA:119,4
DA:120,4
DA:121,4
DA:123,4
DA:124,4
DA:125,4
DA:127,4
DA:128,4
DA:131,4
DA:132,4
DA:133,4
DA:134,4
DA:135,4
DA:137,4
DA:138,4
DA:139,4
DA:141,4
DA:142,4
DA:143,4
DA:144,4
DA:146,4
DA:147,4
DA:148,4
DA:149,4
DA:151,4
DA:152,4
DA:153,4
DA:154,4
DA:155,4
DA:156,4
DA:157,4
DA:158,4
DA:159,4
DA:183,1
DA:184,19
DA:185,19
DA:186,19
DA:187,19
DA:188,19
DA:189,19
DA:190,19
DA:191,19
DA:192,19
DA:193,19
DA:194,19
DA:195,19
DA:196,19
DA:197,19
DA:198,19
DA:199,19
DA:200,19
DA:201,19
DA:203,19
DA:204,19
DA:205,19
DA:206,19
DA:207,19
DA:208,19
DA:210,19
DA:211,19
DA:212,19
DA:213,19
DA:214,19
DA:215,19
DA:216,19
DA:217,19
DA:218,19
DA:219,19
DA:221,19
DA:222,19
DA:223,19
DA:224,19
DA:225,19
DA:226,19
DA:227,19
DA:228,19
DA:231,19
DA:232,19
DA:233,0
DA:234,0
DA:235,0
DA:236,19
DA:237,0
DA:238,0
DA:239,0
DA:240,0
DA:242,19
DA:243,19
DA:244,0
DA:246,0
DA:248,19
DA:250,19
DA:251,19
DA:253,19
DA:255,1
LF:175
LH:166
BRDA:35,0,0,4
BRDA:102,1,0,1
BRDA:103,2,0,3
BRDA:104,3,0,19
BRDA:105,4,0,0
BRDA:113,5,0,4
BRDA:119,6,0,0
BRDA:120,7,0,0
BRDA:121,8,0,0
BRDA:127,9,0,0
BRDA:131,10,0,4
BRDA:137,11,0,0
BRDA:138,12,0,0
BRDA:139,13,0,0
BRDA:142,14,0,2
BRDA:143,15,0,2
BRDA:144,16,0,2
BRDA:147,17,0,2
BRDA:148,18,0,2
BRDA:149,19,0,2
BRDA:183,20,0,19
BRDA:213,21,0,0
BRDA:215,22,0,0
BRDA:227,23,0,0
BRDA:232,24,0,0
BRDA:236,25,0,0
BRDA:243,26,0,0
BRDA:243,27,0,0
BRF:28
BRH:13
end_of_record
TN:
SF:src/components/RadarChart.tsx
FN:13,RadarChart
FN:35,mapLevelToValue
FN:132,callback
FN:151,label
FN:169,resizeHandler
FNF:5
FNH:2
FNDA:12,RadarChart
FNDA:30,mapLevelToValue
FNDA:0,callback
FNDA:0,label
FNDA:0,resizeHandler
DA:1,1
DA:2,1
DA:3,1
DA:13,1
DA:14,12
DA:15,12
DA:16,12
DA:17,12
DA:18,12
DA:19,12
DA:20,12
DA:21,12
DA:22,12
DA:23,12
DA:25,12
DA:28,12
DA:29,12
DA:30,12
DA:31,12
DA:32,12
DA:35,12
DA:36,30
DA:37,30
DA:38,18
DA:39,30
DA:40,30
DA:41,5
DA:42,30
DA:43,2
DA:44,30
DA:45,4
DA:46,30
DA:47,1
DA:48,30
DA:49,0
DA:50,30
DA:51,30
DA:53,12
DA:54,11
DA:56,11
DA:58,11
DA:59,1
DA:60,1
DA:63,11
DA:64,11
DA:65,1
DA:66,1
DA:67,1
DA:69,10
DA:70,10
DA:71,10
DA:74,10
DA:77,10
DA:78,0
DA:79,10
DA:80,11
DA:81,11
DA:82,0
DA:83,10
DA:84,11
DA:87,11
DA:88,11
DA:89,11
DA:90,11
DA:91,11
DA:92,11
DA:93,11
DA:94,11
DA:95,11
DA:96,11
DA:97,11
DA:98,11
DA:99,11
DA:100,11
DA:101,11
DA:102,11
DA:103,11
DA:104,11
DA:105,11
DA:106,11
DA:107,11
DA:108,11
DA:109,11
DA:110,11
DA:111,11
DA:112,11
DA:113,11
DA:114,11
DA:115,11
DA:116,11
DA:117,11
DA:118,11
DA:119,11
DA:120,11
DA:121,11
DA:122,11
DA:123,11
DA:124,11
DA:125,11
DA:126,11
DA:127,11
DA:128,11
DA:129,11
DA:130,11
DA:131,11
DA:132,11
DA:133,0
DA:134,0
DA:135,0
DA:136,0
DA:137,0
DA:138,0
DA:139,0
DA:140,0
DA:141,0
DA:142,11
DA:143,11
DA:144,11
DA:145,11
DA:146,11
DA:147,11
DA:148,11
DA:149,11
DA:150,11
DA:151,11
DA:152,0
DA:153,0
DA:154,0
DA:155,0
DA:156,0
DA:157,0
DA:158,0
DA:159,0
DA:160,0
DA:161,0
DA:162,11
DA:163,11
DA:164,11
DA:165,11
DA:166,11
DA:169,11
DA:170,0
DA:171,0
DA:172,0
DA:173,0
DA:175,11
DA:177,11
DA:178,10
DA:179,10
DA:180,10
DA:181,10
DA:182,10
DA:183,11
DA:184,0
DA:185,0
DA:186,12
DA:188,12
DA:189,12
DA:190,12
DA:191,1
DA:192,1
DA:193,1
DA:195,11
DA:196,11
DA:197,11
DA:198,11
DA:199,11
DA:200,11
DA:201,11
DA:202,11
DA:203,11
DA:204,11
DA:205,11
DA:206,11
DA:207,11
DA:208,11
DA:209,11
DA:210,11
DA:211,11
DA:212,11
DA:213,11
DA:214,11
DA:216,12
DA:217,12
DA:219,12
DA:221,1
LF:186
LH:158
BRDA:13,0,0,12
BRDA:190,1,0,1
BRDA:193,2,0,11
BRDA:199,3,0,0
BRDA:205,4,0,0
BRDA:211,5,0,0
BRDA:35,6,0,30
BRDA:37,7,0,18
BRDA:39,8,0,0
BRDA:40,9,0,5
BRDA:42,10,0,2
BRDA:44,11,0,4
BRDA:46,12,0,1
BRDA:48,13,0,0
BRDA:53,14,0,11
BRDA:54,15,0,0
BRDA:58,16,0,1
BRDA:64,17,0,1
BRDA:67,18,0,10
BRDA:77,19,0,0
BRDA:78,20,0,10
BRDA:80,21,0,0
BRDA:80,22,0,10
BRDA:81,23,0,0
BRDA:82,24,0,10
BRDA:84,25,0,0
BRDA:84,26,0,10
BRDA:183,27,0,0
BRDA:177,28,0,10
BRF:29
BRH:18
end_of_record
TN:
SF:src/components/SecurityLevelSelector.tsx
FN:27,SecurityLevelSelector
FN:74,handleAvailabilityChange
FN:85,handleIntegrityChange
FN:94,handleConfidentialityChange
FN:105,getColorClass
FN:123,showTooltip
FN:128,hideTooltip
FN:178,onMouseEnter
FN:239,onMouseEnter
FN:299,onMouseEnter
FNF:10
FNH:8
FNDA:27,SecurityLevelSelector
FNDA:3,handleAvailabilityChange
FNDA:1,handleIntegrityChange
FNDA:1,handleConfidentialityChange
FNDA:81,getColorClass
FNDA:1,showTooltip
FNDA:1,hideTooltip
FNDA:1,onMouseEnter
FNDA:0,onMouseEnter
FNDA:0,onMouseEnter
DA:1,1
DA:2,1
DA:3,1
DA:9,1
DA:10,1
DA:27,1
DA:28,27
DA:29,27
DA:30,27
DA:31,27
DA:32,27
DA:33,27
DA:34,27
DA:35,27
DA:36,27
DA:37,27
DA:38,27
DA:39,27
DA:40,27
DA:41,27
DA:42,27
DA:43,27
DA:44,27
DA:45,27
DA:46,27
DA:48,27
DA:49,27
DA:50,27
DA:51,27
DA:52,27
DA:55,27
DA:56,27
DA:57,27
DA:58,27
DA:59,27
DA:61,27
DA:62,15
DA:63,27
DA:65,27
DA:66,15
DA:67,27
DA:69,27
DA:70,15
DA:71,27
DA:74,27
DA:75,3
DA:76,3
DA:77,3
DA:78,3
DA:79,3
DA:80,1
DA:81,1
DA:82,3
DA:85,27
DA:86,1
DA:87,1
DA:88,1
DA:89,1
DA:90,1
DA:91,1
DA:94,27
DA:95,1
DA:96,1
DA:97,1
DA:98,1
DA:99,1
DA:100,1
DA:101,1
DA:102,1
DA:105,27
DA:106,81
DA:107,81
DA:108,64
DA:109,81
DA:110,7
DA:111,81
DA:112,4
DA:113,81
DA:114,6
DA:115,81
DA:116,0
DA:117,81
DA:118,0
DA:119,81
DA:120,81
DA:123,27
DA:124,1
DA:125,1
DA:128,27
DA:129,1
DA:130,1
DA:132,27
DA:133,27
DA:134,27
DA:135,27
DA:137,27
DA:138,27
DA:139,27
DA:140,27
DA:143,27
DA:144,27
DA:145,27
DA:147,27
DA:148,27
DA:149,27
DA:150,27
DA:151,27
DA:153,27
DA:154,27
DA:155,27
DA:156,27
DA:157,27
DA:158,27
DA:159,27
DA:160,27
DA:161,27
DA:162,27
DA:163,27
DA:164,27
DA:165,27
DA:166,27
DA:167,27
DA:169,27
DA:170,135
DA:171,135
DA:172,135
DA:173,27
DA:174,27
DA:175,27
DA:176,27
DA:177,27
DA:178,27
DA:179,27
DA:180,27
DA:182,27
DA:183,27
DA:184,27
DA:185,27
DA:186,27
DA:187,27
DA:188,27
DA:190,27
DA:191,0
DA:192,27
DA:193,27
DA:194,0
DA:195,0
DA:196,0
DA:197,0
DA:199,0
DA:200,0
DA:201,0
DA:203,27
DA:206,27
DA:207,27
DA:208,27
DA:210,27
DA:211,27
DA:212,27
DA:213,27
DA:214,27
DA:216,27
DA:217,27
DA:218,27
DA:219,27
DA:220,27
DA:221,27
DA:222,27
DA:223,27
DA:224,27
DA:225,27
DA:226,27
DA:227,27
DA:228,27
DA:230,27
DA:231,135
DA:232,135
DA:233,135
DA:234,27
DA:235,27
DA:236,27
DA:237,27
DA:238,27
DA:239,27
DA:240,27
DA:241,27
DA:243,27
DA:244,27
DA:245,27
DA:246,27
DA:247,27
DA:248,27
DA:249,27
DA:251,27
DA:252,0
DA:253,27
DA:254,27
DA:255,0
DA:256,0
DA:257,0
DA:258,0
DA:260,0
DA:261,0
DA:262,0
DA:264,27
DA:267,27
DA:268,27
DA:269,27
DA:270,27
DA:271,27
DA:272,27
DA:274,27
DA:275,27
DA:276,27
DA:277,27
DA:278,27
DA:279,27
DA:280,27
DA:281,27
DA:282,27
DA:283,27
DA:284,27
DA:285,27
DA:286,27
DA:287,27
DA:288,27
DA:290,27
DA:291,117
DA:292,117
DA:293,117
DA:294,27
DA:295,27
DA:296,27
DA:297,27
DA:298,27
DA:299,27
DA:300,27
DA:301,27
DA:303,27
DA:304,27
DA:305,27
DA:306,27
DA:307,27
DA:308,27
DA:309,27
DA:311,27
DA:312,0
DA:313,27
DA:314,27
DA:315,3
DA:316,3
DA:317,3
DA:318,3
DA:320,3
DA:321,3
DA:322,3
DA:324,27
DA:327,27
DA:328,2
DA:329,2
DA:330,2
DA:331,2
DA:332,2
DA:333,2
DA:334,2
DA:336,2
DA:337,2
DA:338,2
DA:339,2
DA:340,2
DA:341,2
DA:342,0
DA:343,0
DA:344,2
DA:345,0
DA:346,0
DA:347,2
DA:348,2
DA:352,27
DA:353,26
DA:354,26
DA:355,26
DA:356,26
DA:357,26
DA:358,26
DA:359,26
DA:360,26
DA:361,26
DA:362,26
DA:363,26
DA:364,26
DA:365,26
DA:366,26
DA:367,26
DA:368,26
DA:369,26
DA:370,26
DA:371,26
DA:372,26
DA:373,26
DA:374,26
DA:375,26
DA:377,27
DA:379,27
DA:381,1
LF:305
LH:282
BRDA:27,0,0,27
BRDA:56,1,0,19
BRDA:57,2,0,25
BRDA:59,3,0,25
BRDA:169,4,0,0
BRDA:190,5,0,0
BRDA:193,6,0,0
BRDA:230,7,0,0
BRDA:251,8,0,0
BRDA:254,9,0,0
BRDA:290,10,0,0
BRDA:311,11,0,0
BRDA:314,12,0,3
BRDA:327,13,0,2
BRDA:332,14,0,0
BRDA:333,15,0,0
BRDA:341,16,0,0
BRDA:344,17,0,0
BRDA:352,18,0,26
BRDA:61,19,0,15
BRDA:65,20,0,15
BRDA:69,21,0,15
BRDA:74,22,0,3
BRDA:79,23,0,1
BRDA:85,24,0,1
BRDA:94,25,0,1
BRDA:105,26,0,81
BRDA:107,27,0,64
BRDA:109,28,0,7
BRDA:111,29,0,4
BRDA:113,30,0,6
BRDA:115,31,0,0
BRDA:117,32,0,0
BRDA:123,33,0,1
BRDA:128,34,0,1
BRDA:169,35,0,135
BRDA:178,36,0,1
BRDA:230,37,0,135
BRDA:290,38,0,117
BRF:39
BRH:25
end_of_record
TN:
SF:src/components/Selection.tsx
FN:20,Selection
FN:35,toggleInfo
FN:39,toggleContextInfo
FN:70,onChange
FNF:4
FNH:2
FNDA:9,Selection
FNDA:0,toggleInfo
FNDA:0,toggleContextInfo
FNDA:1,onChange
DA:1,1
DA:2,1
DA:20,1
DA:21,9
DA:22,9
DA:23,9
DA:24,9
DA:25,9
DA:26,9
DA:27,9
DA:28,9
DA:29,9
DA:30,9
DA:31,9
DA:32,9
DA:33,9
DA:35,9
DA:36,0
DA:37,0
DA:39,9
DA:40,0
DA:41,0
DA:44,9
DA:46,9
DA:47,9
DA:48,9
DA:49,8
DA:50,8
DA:51,8
DA:53,8
DA:54,8
DA:55,0
DA:56,0
DA:57,0
DA:58,0
DA:59,0
DA:60,0
DA:62,0
DA:64,8
DA:67,9
DA:68,9
DA:69,9
DA:70,9
DA:71,9
DA:72,9
DA:73,9
DA:75,9
DA:76,37
DA:77,37
DA:78,37
DA:79,37
DA:81,37
DA:82,37
DA:83,9
DA:84,9
DA:86,9
DA:87,0
DA:88,0
DA:89,0
DA:92,9
DA:93,0
DA:94,0
DA:95,0
DA:96,0
DA:97,0
DA:99,0
DA:100,0
DA:101,0
DA:102,0
DA:103,0
DA:104,0
DA:106,0
DA:107,0
DA:109,0
DA:111,9
DA:113,9
DA:115,1
LF:77
LH:49
BRDA:20,0,0,9
BRDA:44,1,0,0
BRDA:48,2,0,8
BRDA:54,3,0,0
BRDA:72,4,0,0
BRDA:73,5,0,8
BRDA:73,6,0,1
BRDA:86,7,0,0
BRDA:86,8,0,0
BRDA:92,9,0,0
BRDA:70,10,0,1
BRDA:75,11,0,37
BRF:12
BRH:6
end_of_record
TN:
SF:src/components/common/KeyValuePair.tsx
FN:15,KeyValuePair
FNF:1
FNH:1
FNDA:318,KeyValuePair
DA:2,1
DA:15,1
DA:16,318
DA:17,318
DA:18,318
DA:19,318
DA:20,318
DA:21,318
DA:22,318
DA:23,318
DA:24,318
DA:25,318
DA:26,36
DA:27,282
DA:28,318
DA:30,318
DA:31,318
DA:32,318
DA:33,318
DA:35,318
DA:36,318
DA:37,318
DA:38,318
DA:41,318
DA:42,318
DA:43,318
DA:44,318
DA:45,318
DA:46,318
DA:49,318
DA:50,318
DA:51,318
DA:53,318
DA:55,1
LF:34
LH:34
BRDA:15,0,0,318
BRDA:25,1,0,36
BRDA:26,2,0,282
BRDA:28,3,0,0
BRDA:33,4,0,3
BRDA:38,5,0,315
BRDA:38,6,0,3
BRDA:46,7,0,315
BRDA:46,8,0,3
BRF:9
BRH:8
end_of_record
TN:
SF:src/components/common/MetricsCard.tsx
FN:20,MetricsCard
FN:29,getTrendClasses
FN:43,getTrendIcon
FN:58,getVariantClass
FNF:4
FNH:4
FNDA:47,MetricsCard
FNDA:1,getTrendClasses
FNDA:1,getTrendIcon
FNDA:47,getVariantClass
DA:2,1
DA:20,1
DA:21,47
DA:22,47
DA:23,47
DA:24,47
DA:25,47
DA:26,47
DA:27,47
DA:28,47
DA:29,47
DA:30,1
DA:32,1
DA:33,1
DA:34,1
DA:35,1
DA:36,0
DA:37,1
DA:38,1
DA:39,0
DA:40,1
DA:41,1
DA:43,47
DA:44,1
DA:46,1
DA:47,1
DA:48,1
DA:49,1
DA:50,0
DA:51,1
DA:52,1
DA:53,0
DA:54,1
DA:55,1
DA:58,47
DA:59,47
DA:60,47
DA:61,1
DA:62,47
DA:63,0
DA:64,47
DA:65,0
DA:66,47
DA:67,0
DA:68,47
DA:69,0
DA:70,47
DA:71,46
DA:72,47
DA:73,47
DA:75,47
DA:76,47
DA:77,47
DA:78,47
DA:80,47
DA:81,47
DA:82,47
DA:83,47
DA:84,47
DA:85,47
DA:87,47
DA:88,47
DA:89,47
DA:90,47
DA:91,1
DA:92,1
DA:93,1
DA:94,1
DA:95,1
DA:97,1
DA:98,1
DA:99,1
DA:101,47
DA:102,47
DA:103,47
DA:104,47
DA:105,47
DA:106,47
DA:108,47
DA:109,47
DA:110,47
DA:112,47
DA:114,1
LF:83
LH:75
BRDA:20,0,0,47
BRDA:78,1,0,3
BRDA:84,2,0,3
BRDA:87,3,0,43
BRDA:90,4,0,1
BRDA:105,5,0,3
BRDA:29,6,0,1
BRDA:30,7,0,0
BRDA:35,8,0,0
BRDA:37,9,0,0
BRDA:38,10,0,0
BRDA:43,11,0,1
BRDA:44,12,0,0
BRDA:49,13,0,0
BRDA:51,14,0,0
BRDA:52,15,0,0
BRDA:58,16,0,47
BRDA:60,17,0,1
BRDA:62,18,0,0
BRDA:64,19,0,0
BRDA:66,20,0,0
BRDA:68,21,0,0
BRDA:70,22,0,46
BRF:23
BRH:11
end_of_record
TN:
SF:src/components/common/StatusBadge.tsx
FN:12,StatusBadge
FN:19,getStatusColors
FN:37,getSizeClasses
FNF:3
FNH:3
FNDA:232,StatusBadge
FNDA:232,getStatusColors
FNDA:232,getSizeClasses
DA:2,1
DA:12,1
DA:13,232
DA:14,232
DA:15,232
DA:16,232
DA:17,232
DA:18,232
DA:19,232
DA:20,232
DA:21,232
DA:22,65
DA:23,232
DA:24,130
DA:25,232
DA:26,21
DA:27,232
DA:28,16
DA:29,232
DA:30,0
DA:31,232
DA:32,232
DA:33,0
DA:34,232
DA:35,232
DA:37,232
DA:38,232
DA:39,232
DA:40,158
DA:41,232
DA:42,0
DA:43,232
DA:44,1
DA:45,232
DA:46,232
DA:47,73
DA:48,232
DA:49,232
DA:51,232
DA:52,232
DA:53,232
DA:54,232
DA:56,232
DA:57,232
DA:59,232
DA:61,1
LF:46
LH:43
BRDA:12,0,0,232
BRDA:19,1,0,232
BRDA:21,2,0,65
BRDA:23,3,0,130
BRDA:25,4,0,21
BRDA:27,5,0,16
BRDA:29,6,0,0
BRDA:31,7,0,0
BRDA:32,8,0,0
BRDA:37,9,0,232
BRDA:39,10,0,158
BRDA:41,11,0,0
BRDA:43,12,0,1
BRDA:45,13,0,73
BRDA:46,14,0,73
BRF:15
BRH:11
end_of_record
TN:
SF:src/components/common/ValueDisplay.tsx
FN:19,ValueDisplay
FN:27,getColorClass
FN:48,getSizeClass
FN:61,getTextOnlyColor
FN:82,getFontSize
FNF:5
FNH:5
FNDA:182,ValueDisplay
FNDA:182,getColorClass
FNDA:182,getSizeClass
FNDA:182,getTextOnlyColor
FNDA:182,getFontSize
DA:2,1
DA:19,1
DA:20,182
DA:21,182
DA:22,182
DA:23,182
DA:24,182
DA:25,182
DA:27,182
DA:28,182
DA:29,182
DA:30,16
DA:31,182
DA:32,8
DA:33,182
DA:34,28
DA:35,182
DA:36,63
DA:37,182
DA:38,0
DA:39,182
DA:40,19
DA:41,182
DA:42,182
DA:43,48
DA:44,182
DA:45,182
DA:48,182
DA:49,182
DA:50,182
DA:51,74
DA:52,182
DA:53,17
DA:54,182
DA:55,182
DA:56,91
DA:57,182
DA:58,182
DA:61,182
DA:62,182
DA:63,182
DA:64,16
DA:65,182
DA:66,8
DA:67,182
DA:68,28
DA:69,182
DA:70,63
DA:71,182
DA:72,0
DA:73,182
DA:74,19
DA:75,182
DA:76,182
DA:77,48
DA:78,182
DA:79,182
DA:82,182
DA:83,182
DA:84,182
DA:85,74
DA:86,182
DA:87,17
DA:88,182
DA:89,182
DA:90,91
DA:91,182
DA:92,182
DA:95,182
DA:97,182
DA:98,182
DA:99,182
DA:100,182
DA:102,182
DA:103,182
DA:104,182
DA:105,182
DA:106,182
DA:108,182
DA:110,1
LF:80
LH:78
BRDA:19,0,0,182
BRDA:102,1,0,10
BRDA:27,2,0,182
BRDA:29,3,0,16
BRDA:31,4,0,8
BRDA:33,5,0,28
BRDA:35,6,0,63
BRDA:37,7,0,0
BRDA:39,8,0,19
BRDA:41,9,0,48
BRDA:42,10,0,48
BRDA:48,11,0,182
BRDA:50,12,0,74
BRDA:52,13,0,17
BRDA:54,14,0,91
BRDA:55,15,0,91
BRDA:61,16,0,182
BRDA:63,17,0,16
BRDA:65,18,0,8
BRDA:67,19,0,28
BRDA:69,20,0,63
BRDA:71,21,0,0
BRDA:73,22,0,19
BRDA:75,23,0,48
BRDA:76,24,0,48
BRDA:82,25,0,182
BRDA:84,26,0,74
BRDA:86,27,0,17
BRDA:88,28,0,91
BRDA:89,29,0,91
BRF:30
BRH:28
end_of_record
TN:
SF:src/components/common/WidgetContainer.tsx
FN:22,WidgetContainer
FNF:1
FNH:1
FNDA:11,WidgetContainer
DA:2,1
DA:22,1
DA:23,11
DA:24,11
DA:25,11
DA:26,11
DA:27,11
DA:28,11
DA:29,11
DA:30,11
DA:31,11
DA:32,11
DA:33,11
DA:34,11
DA:35,11
DA:36,11
DA:37,11
DA:38,11
DA:39,11
DA:40,11
DA:41,11
DA:42,11
DA:44,11
DA:45,11
DA:46,11
DA:47,11
DA:48,11
DA:50,11
DA:51,11
DA:52,11
DA:53,11
DA:54,0
DA:55,0
DA:56,0
DA:58,11
DA:59,11
DA:60,11
DA:61,11
DA:62,1
DA:63,1
DA:64,1
DA:66,1
DA:67,1
DA:69,11
DA:70,1
DA:71,1
DA:72,1
DA:74,1
DA:75,1
DA:76,1
DA:77,10
DA:78,1
DA:79,1
DA:80,1
DA:82,1
DA:83,1
DA:85,9
DA:86,9
DA:87,9
DA:89,11
DA:91,11
DA:93,1
LF:62
LH:59
BRDA:22,0,0,11
BRDA:50,1,0,0
BRDA:53,2,0,0
BRDA:59,3,0,1
BRDA:61,4,0,1
BRDA:69,5,0,1
BRDA:76,6,0,10
BRDA:77,7,0,1
BRDA:82,8,0,0
BRDA:83,9,0,9
BRF:10
BRH:7
end_of_record
TN:
SF:src/components/common/WidgetHeader.tsx
FN:12,WidgetHeader
FNF:1
FNH:1
FNDA:19,WidgetHeader
DA:2,1
DA:12,1
DA:13,19
DA:14,19
DA:15,19
DA:16,19
DA:17,19
DA:18,19
DA:20,19
DA:21,19
DA:23,18
DA:24,18
DA:25,18
DA:27,0
DA:28,0
DA:29,18
DA:31,19
DA:32,19
DA:33,19
DA:34,19
DA:36,19
DA:37,19
DA:38,18
DA:39,18
DA:40,18
DA:42,19
DA:43,19
DA:44,19
DA:45,19
DA:47,19
DA:49,1
LF:31
LH:29
BRDA:12,0,0,19
BRDA:21,1,0,18
BRDA:25,2,0,0
BRDA:37,3,0,18
BRDA:44,4,0,0
BRF:5
BRH:3
end_of_record
TN:
SF:src/components/common/index.ts
FNF:0
FNH:0
DA:3,1
DA:4,1
DA:5,1
DA:6,1
DA:9,1
LF:5
LH:5
BRF:0
BRH:0
end_of_record
TN:
SF:src/components/widgets/BusinessImpactAnalysisWidget.tsx
FN:28,BusinessImpactAnalysisWidget
FN:34,getNormalizedLevel
FN:39,getBusinessConsiderations
FN:53,getBusinessBenefits
FN:63,getRiskStatus
FN:83,getRiskColor
FN:99,getBgColor
FN:117,getLevelVariant
FN:141,getImpactIcon
FN:160,getBusinessImpactText
FN:280,onClick
FN:297,onClick
FNF:12
FNH:10
FNDA:36,BusinessImpactAnalysisWidget
FNDA:180,getNormalizedLevel
FNDA:36,getBusinessConsiderations
FNDA:36,getBusinessBenefits
FNDA:78,getRiskStatus
FNDA:0,getRiskColor
FNDA:36,getBgColor
FNDA:36,getLevelVariant
FNDA:78,getImpactIcon
FNDA:36,getBusinessImpactText
FNDA:0,onClick
FNDA:2,onClick
DA:1,1
DA:2,1
DA:3,1
DA:9,1
DA:10,1
DA:11,1
DA:12,1
DA:13,1
DA:17,1
DA:18,1
DA:26,1
DA:28,1
DA:29,36
DA:30,36
DA:31,36
DA:34,36
DA:35,180
DA:36,180
DA:39,36
DA:40,36
DA:41,36
DA:42,36
DA:45,36
DA:46,36
DA:47,36
DA:48,36
DA:50,36
DA:53,36
DA:54,36
DA:56,36
DA:57,36
DA:58,3
DA:60,36
DA:63,36
DA:64,78
DA:65,78
DA:66,78
DA:68,78
DA:69,78
DA:70,9
DA:71,78
DA:72,10
DA:73,78
DA:74,34
DA:75,78
DA:76,25
DA:77,78
DA:78,0
DA:79,78
DA:80,78
DA:83,36
DA:84,0
DA:85,0
DA:86,0
DA:87,0
DA:88,0
DA:89,0
DA:90,0
DA:91,0
DA:92,0
DA:93,0
DA:94,0
DA:95,0
DA:96,0
DA:99,36
DA:100,36
DA:101,36
DA:102,7
DA:103,36
DA:104,1
DA:105,36
DA:106,22
DA:107,36
DA:108,3
DA:109,36
DA:110,0
DA:111,36
DA:112,3
DA:113,36
DA:114,36
DA:117,36
DA:123,36
DA:124,36
DA:125,36
DA:126,7
DA:127,36
DA:128,1
DA:129,36
DA:130,22
DA:131,36
DA:132,3
DA:133,36
DA:134,0
DA:135,36
DA:136,3
DA:137,36
DA:138,36
DA:141,36
DA:142,78
DA:143,0
DA:144,0
DA:147,78
DA:148,78
DA:149,78
DA:150,78
DA:151,78
DA:153,0
DA:154,78
DA:156,36
DA:157,36
DA:160,36
DA:161,36
DA:162,27
DA:163,27
DA:164,9
DA:165,36
DA:168,36
DA:169,36
DA:170,36
DA:171,36
DA:172,36
DA:173,36
DA:174,36
DA:175,36
DA:176,36
DA:177,36
DA:178,36
DA:179,36
DA:180,36
DA:181,36
DA:182,36
DA:183,36
DA:184,36
DA:185,36
DA:186,36
DA:187,36
DA:188,36
DA:189,36
DA:190,36
DA:191,36
DA:192,36
DA:193,36
DA:196,36
DA:197,36
DA:198,36
DA:199,36
DA:200,36
DA:201,36
DA:204,36
DA:205,36
DA:206,36
DA:207,36
DA:208,36
DA:209,36
DA:211,36
DA:212,18
DA:213,18
DA:214,9
DA:215,9
DA:216,36
DA:219,36
DA:220,36
DA:221,36
DA:222,36
DA:223,36
DA:224,36
DA:226,36
DA:227,36
DA:228,36
DA:229,36
DA:230,36
DA:231,36
DA:232,36
DA:233,36
DA:234,36
DA:235,36
DA:236,36
DA:237,36
DA:238,36
DA:239,36
DA:240,36
DA:241,36
DA:242,36
DA:244,36
DA:245,36
DA:246,36
DA:247,36
DA:248,36
DA:249,36
DA:251,36
DA:252,33
DA:253,3
DA:254,36
DA:255,36
DA:256,36
DA:257,36
DA:258,36
DA:259,36
DA:260,36
DA:261,36
DA:262,36
DA:263,36
DA:264,36
DA:267,36
DA:268,36
DA:269,36
DA:271,36
DA:272,36
DA:273,36
DA:274,36
DA:275,36
DA:277,36
DA:278,36
DA:279,36
DA:280,36
DA:281,36
DA:282,36
DA:283,34
DA:284,2
DA:285,36
DA:286,36
DA:287,36
DA:288,36
DA:289,36
DA:291,36
DA:292,36
DA:293,36
DA:295,36
DA:296,36
DA:297,36
DA:298,36
DA:299,36
DA:300,2
DA:301,34
DA:302,36
DA:303,36
DA:304,36
DA:305,36
DA:306,36
DA:308,36
DA:309,36
DA:310,36
DA:312,36
DA:313,36
DA:314,36
DA:317,36
DA:318,36
DA:319,36
DA:321,36
DA:322,36
DA:323,36
DA:324,36
DA:325,36
DA:326,36
DA:327,36
DA:328,36
DA:329,36
DA:330,36
DA:331,36
DA:332,36
DA:333,36
DA:334,36
DA:335,36
DA:336,36
DA:337,36
DA:338,36
DA:341,36
DA:342,33
DA:343,33
DA:344,33
DA:346,33
DA:347,33
DA:349,36
DA:352,36
DA:353,34
DA:354,34
DA:355,34
DA:356,34
DA:357,34
DA:358,34
DA:360,34
DA:361,34
DA:362,34
DA:363,34
DA:365,34
DA:367,34
DA:368,2
DA:369,2
DA:370,2
DA:371,2
DA:373,2
DA:375,32
DA:376,32
DA:377,32
DA:378,78
DA:379,78
DA:380,78
DA:381,78
DA:383,78
DA:384,78
DA:385,78
DA:386,78
DA:387,78
DA:388,78
DA:389,78
DA:390,0
DA:391,78
DA:392,78
DA:393,78
DA:394,78
DA:395,78
DA:397,78
DA:398,78
DA:399,78
DA:400,78
DA:401,78
DA:402,78
DA:404,78
DA:405,78
DA:406,78
DA:407,78
DA:408,78
DA:409,78
DA:411,78
DA:412,78
DA:413,78
DA:415,32
DA:416,32
DA:418,34
DA:422,36
DA:423,2
DA:424,2
DA:425,2
DA:426,2
DA:427,2
DA:428,2
DA:430,2
DA:431,2
DA:432,2
DA:433,2
DA:435,2
DA:437,2
DA:438,1
DA:439,1
DA:440,1
DA:441,1
DA:443,1
DA:445,1
DA:446,1
DA:447,4
DA:448,4
DA:449,4
DA:450,4
DA:452,4
DA:454,4
DA:455,4
DA:456,4
DA:457,4
DA:458,4
DA:459,1
DA:460,1
DA:462,2
DA:466,36
DA:467,22
DA:468,22
DA:469,22
DA:471,22
DA:472,22
DA:473,22
DA:474,22
DA:476,22
DA:477,22
DA:478,22
DA:479,22
DA:480,22
DA:481,22
DA:483,22
DA:484,22
DA:485,22
DA:486,22
DA:487,22
DA:489,22
DA:490,22
DA:491,22
DA:492,22
DA:493,22
DA:494,22
DA:495,8
DA:496,8
DA:497,8
DA:498,8
DA:499,8
DA:500,8
DA:501,8
DA:503,8
DA:504,8
DA:505,8
DA:506,8
DA:508,8
DA:509,8
DA:511,22
DA:514,22
DA:515,21
DA:516,21
DA:517,21
DA:519,21
DA:520,21
DA:521,21
DA:522,21
DA:523,21
DA:525,21
DA:526,21
DA:527,21
DA:528,21
DA:529,21
DA:530,21
DA:531,7
DA:532,7
DA:533,7
DA:534,7
DA:535,7
DA:536,7
DA:537,7
DA:539,7
DA:540,7
DA:541,7
DA:542,7
DA:544,7
DA:545,7
DA:547,21
DA:549,22
DA:550,22
DA:552,36
DA:553,36
DA:555,36
DA:557,1
LF:436
LH:416
BRDA:28,0,0,36
BRDA:211,1,0,18
BRDA:212,2,0,18
BRDA:213,3,0,9
BRDA:214,4,0,9
BRDA:251,5,0,33
BRDA:251,6,0,33
BRDA:252,7,0,3
BRDA:282,8,0,34
BRDA:283,9,0,2
BRDA:299,10,0,2
BRDA:300,11,0,34
BRDA:333,12,0,3
BRDA:341,13,0,33
BRDA:352,14,0,34
BRDA:367,15,0,2
BRDA:373,16,0,32
BRDA:422,17,0,2
BRDA:437,18,0,1
BRDA:443,19,0,1
BRDA:466,20,0,33
BRDA:466,21,0,22
BRDA:494,22,0,8
BRDA:514,23,0,21
BRDA:530,24,0,7
BRDA:34,25,0,180
BRDA:39,26,0,36
BRDA:48,27,0,3
BRDA:53,28,0,36
BRDA:57,29,0,3
BRDA:63,30,0,78
BRDA:66,31,0,0
BRDA:69,32,0,9
BRDA:71,33,0,10
BRDA:73,34,0,34
BRDA:75,35,0,25
BRDA:77,36,0,0
BRDA:99,37,0,36
BRDA:101,38,0,7
BRDA:103,39,0,1
BRDA:105,40,0,22
BRDA:107,41,0,3
BRDA:109,42,0,0
BRDA:111,43,0,3
BRDA:117,44,0,36
BRDA:125,45,0,7
BRDA:127,46,0,1
BRDA:129,47,0,22
BRDA:131,48,0,3
BRDA:133,49,0,0
BRDA:135,50,0,3
BRDA:141,51,0,78
BRDA:142,52,0,0
BRDA:150,53,0,0
BRDA:151,54,0,0
BRDA:160,55,0,36
BRDA:161,56,0,33
BRDA:161,57,0,27
BRDA:163,58,0,9
BRDA:297,59,0,2
BRDA:377,60,0,78
BRDA:389,61,0,0
BRDA:404,62,0,0
BRDA:446,63,0,4
BRDA:456,64,0,0
BRF:65
BRH:55
end_of_record
TN:
SF:src/components/widgets/CIAImpactSummaryWidget.tsx
FN:16,CIAImpactSummaryWidget
FN:31,getVariant
FNF:2
FNH:2
FNDA:14,CIAImpactSummaryWidget
FNDA:136,getVariant
DA:2,1
DA:3,1
DA:16,1
DA:17,14
DA:18,14
DA:19,14
DA:20,14
DA:21,14
DA:22,14
DA:24,14
DA:25,14
DA:26,14
DA:27,14
DA:28,14
DA:31,14
DA:32,136
DA:33,136
DA:34,32
DA:35,136
DA:36,8
DA:37,136
DA:38,72
DA:39,136
DA:40,20
DA:41,136
DA:42,4
DA:43,136
DA:44,0
DA:45,136
DA:46,136
DA:48,14
DA:49,14
DA:50,14
DA:51,14
DA:53,14
DA:54,14
DA:56,14
DA:57,14
DA:58,14
DA:59,14
DA:60,14
DA:62,14
DA:63,14
DA:64,14
DA:65,14
DA:66,14
DA:67,5
DA:68,9
DA:69,9
DA:70,9
DA:71,14
DA:73,14
DA:74,14
DA:75,14
DA:76,14
DA:77,14
DA:78,14
DA:79,14
DA:80,14
DA:81,14
DA:82,14
DA:84,14
DA:85,14
DA:86,14
DA:87,14
DA:88,14
DA:89,6
DA:90,8
DA:91,8
DA:92,8
DA:93,14
DA:95,14
DA:96,14
DA:97,14
DA:98,14
DA:99,14
DA:100,14
DA:101,14
DA:102,14
DA:103,14
DA:104,14
DA:106,14
DA:107,14
DA:108,14
DA:109,14
DA:110,14
DA:111,5
DA:112,9
DA:113,9
DA:114,9
DA:115,14
DA:117,14
DA:118,14
DA:119,14
DA:120,14
DA:121,14
DA:122,14
DA:123,14
DA:124,14
DA:125,14
DA:127,14
DA:129,1
LF:102
LH:101
BRDA:16,0,0,14
BRDA:25,1,0,13
BRDA:25,2,0,1
BRDA:25,3,0,13
BRDA:26,4,0,13
BRDA:26,5,0,1
BRDA:26,6,0,13
BRDA:28,7,0,13
BRDA:28,8,0,1
BRDA:28,9,0,13
BRDA:66,10,0,5
BRDA:67,11,0,9
BRDA:88,12,0,6
BRDA:89,13,0,8
BRDA:110,14,0,5
BRDA:111,15,0,9
BRDA:31,16,0,136
BRDA:33,17,0,32
BRDA:35,18,0,8
BRDA:37,19,0,72
BRDA:39,20,0,20
BRDA:41,21,0,4
BRDA:43,22,0,0
BRF:23
BRH:22
end_of_record
TN:
SF:src/components/widgets/CombinedBusinessImpactWidget.tsx
FN:12,CombinedBusinessImpactWidget
FNF:1
FNH:1
FNDA:10,CombinedBusinessImpactWidget
DA:2,1
DA:3,1
DA:10,1
DA:12,1
DA:13,10
DA:14,10
DA:15,10
DA:16,10
DA:17,10
DA:18,10
DA:19,10
DA:20,10
DA:21,10
DA:22,10
DA:23,10
DA:26,10
DA:30,10
DA:33,10
DA:34,10
DA:35,10
DA:36,10
DA:37,10
DA:40,10
DA:41,10
DA:42,10
DA:43,10
DA:44,10
DA:46,10
DA:47,10
DA:49,10
DA:50,10
DA:52,10
DA:53,10
DA:54,10
DA:56,10
DA:57,10
DA:58,10
DA:59,10
DA:60,10
DA:61,10
DA:62,0
DA:63,10
DA:64,1
DA:65,9
DA:66,5
DA:67,4
DA:68,10
DA:69,10
DA:70,10
DA:71,10
DA:72,0
DA:73,10
DA:74,10
DA:75,10
DA:76,10
DA:77,10
DA:80,10
DA:81,10
DA:82,10
DA:83,10
DA:84,10
DA:85,10
DA:86,10
DA:88,10
DA:89,10
DA:90,10
DA:91,10
DA:92,10
DA:93,10
DA:95,10
DA:96,10
DA:97,10
DA:98,10
DA:99,10
DA:100,10
DA:101,10
DA:102,10
DA:104,10
DA:106,1
LF:79
LH:77
BRDA:12,0,0,10
BRDA:61,1,0,0
BRDA:63,2,0,1
BRDA:64,3,0,9
BRDA:65,4,0,5
BRDA:66,5,0,4
BRDA:71,6,0,0
BRF:7
BRH:5
end_of_record
TN:
SF:src/components/widgets/ComplianceStatusWidget.tsx
FN:16,ComplianceStatusWidget
FN:64,getComplianceFrameworks
FN:84,getComplianceStatus
FN:98,getRequirementsForNextLevel
FNF:4
FNH:4
FNDA:8,ComplianceStatusWidget
FNDA:8,getComplianceFrameworks
FNDA:8,getComplianceStatus
FNDA:8,getRequirementsForNextLevel
DA:2,1
DA:3,1
DA:16,1
DA:17,8
DA:18,8
DA:19,8
DA:20,8
DA:21,8
DA:22,8
DA:23,8
DA:24,8
DA:25,8
DA:27,8
DA:28,8
DA:29,8
DA:32,8
DA:33,8
DA:34,2
DA:35,2
DA:36,0
DA:37,0
DA:40,2
DA:41,2
DA:42,2
DA:43,2
DA:44,2
DA:45,2
DA:46,6
DA:47,6
DA:48,0
DA:49,6
DA:50,0
DA:51,6
DA:52,0
DA:53,6
DA:54,2
DA:55,2
DA:56,0
DA:58,2
DA:59,2
DA:60,2
DA:61,2
DA:62,2
DA:64,8
DA:65,8
DA:66,8
DA:67,2
DA:68,2
DA:69,2
DA:70,2
DA:71,2
DA:72,2
DA:73,2
DA:74,8
DA:75,1
DA:76,8
DA:77,1
DA:78,8
DA:79,8
DA:80,4
DA:81,8
DA:82,8
DA:84,8
DA:85,8
DA:86,8
DA:87,2
DA:88,8
DA:89,1
DA:90,8
DA:91,1
DA:92,8
DA:93,8
DA:94,4
DA:95,8
DA:96,8
DA:98,8
DA:99,8
DA:100,8
DA:101,2
DA:102,2
DA:103,2
DA:104,2
DA:105,2
DA:106,8
DA:107,1
DA:108,1
DA:109,1
DA:110,1
DA:111,1
DA:112,8
DA:113,1
DA:114,1
DA:115,1
DA:116,1
DA:117,1
DA:118,8
DA:119,8
DA:120,4
DA:121,4
DA:122,4
DA:123,4
DA:124,4
DA:125,8
DA:126,8
DA:128,8
DA:130,8
DA:131,8
DA:132,8
DA:133,8
DA:135,8
DA:136,8
DA:137,8
DA:138,8
DA:139,3
DA:140,5
DA:141,8
DA:142,8
DA:144,8
DA:145,8
DA:146,8
DA:148,8
DA:149,8
DA:150,8
DA:152,8
DA:154,8
DA:155,8
DA:156,8
DA:157,4
DA:158,14
DA:159,14
DA:160,14
DA:162,14
DA:163,14
DA:164,4
DA:166,4
DA:168,4
DA:170,8
DA:171,8
DA:173,8
DA:174,8
DA:176,8
DA:177,8
DA:178,8
DA:179,8
DA:181,8
DA:182,24
DA:183,24
DA:184,24
DA:185,8
DA:186,8
DA:187,8
DA:188,8
DA:190,8
DA:192,1
LF:154
LH:148
BRDA:16,0,0,8
BRDA:33,1,0,2
BRDA:138,2,0,3
BRDA:139,3,0,5
BRDA:156,4,0,4
BRDA:164,5,0,4
BRDA:34,6,0,2
BRDA:35,7,0,0
BRDA:35,8,0,0
BRDA:35,9,0,0
BRDA:55,10,0,0
BRDA:58,11,0,0
BRDA:59,12,0,0
BRDA:60,13,0,0
BRDA:45,14,0,6
BRDA:47,15,0,0
BRDA:49,16,0,0
BRDA:51,17,0,0
BRDA:64,18,0,8
BRDA:66,19,0,2
BRDA:74,20,0,1
BRDA:76,21,0,1
BRDA:78,22,0,3
BRDA:79,23,0,4
BRDA:84,24,0,8
BRDA:86,25,0,2
BRDA:88,26,0,1
BRDA:90,27,0,1
BRDA:92,28,0,3
BRDA:93,29,0,4
BRDA:98,30,0,8
BRDA:100,31,0,2
BRDA:106,32,0,1
BRDA:112,33,0,1
BRDA:118,34,0,3
BRDA:119,35,0,4
BRDA:157,36,0,14
BRDA:181,37,0,24
BRF:38
BRH:28
end_of_record
TN:
SF:src/components/widgets/CostEstimationWidget.tsx
FN:29,CostEstimationWidget
FN:44,getCostSeverity
FN:51,getCapexColorClass
FN:67,getOpexColorClass
FN:83,formatCurrency
FN:89,getMonthlyOpex
FN:103,getTotalCost
FN:123,getCostIcon
FNF:8
FNH:8
FNDA:8,CostEstimationWidget
FNDA:16,getCostSeverity
FNDA:8,getCapexColorClass
FNDA:8,getOpexColorClass
FNDA:16,formatCurrency
FNDA:8,getMonthlyOpex
FNDA:8,getTotalCost
FNDA:16,getCostIcon
DA:2,1
DA:8,1
DA:9,1
DA:10,1
DA:29,1
DA:30,8
DA:31,8
DA:32,8
DA:33,8
DA:34,8
DA:35,8
DA:36,8
DA:37,8
DA:38,8
DA:39,8
DA:40,8
DA:41,8
DA:42,8
DA:43,8
DA:44,8
DA:45,16
DA:46,12
DA:47,12
DA:48,3
DA:49,16
DA:51,8
DA:52,8
DA:53,8
DA:54,8
DA:55,4
DA:56,8
DA:57,1
DA:58,8
DA:59,1
DA:60,8
DA:61,2
DA:62,8
DA:63,0
DA:64,8
DA:65,8
DA:67,8
DA:68,8
DA:69,8
DA:70,8
DA:71,5
DA:72,8
DA:73,1
DA:74,8
DA:75,1
DA:76,8
DA:77,1
DA:78,8
DA:79,0
DA:80,8
DA:81,8
DA:83,8
DA:84,16
DA:85,16
DA:86,0
DA:87,16
DA:89,8
DA:90,8
DA:91,8
DA:92,8
DA:93,8
DA:94,8
DA:95,8
DA:96,8
DA:97,8
DA:98,8
DA:99,8
DA:100,0
DA:101,8
DA:103,8
DA:104,8
DA:105,8
DA:106,8
DA:107,8
DA:108,8
DA:109,8
DA:111,8
DA:112,8
DA:113,8
DA:114,8
DA:115,8
DA:116,8
DA:117,8
DA:118,8
DA:119,0
DA:120,8
DA:123,8
DA:124,16
DA:125,12
DA:126,12
DA:127,3
DA:128,16
DA:130,8
DA:131,8
DA:133,8
DA:134,8
DA:135,8
DA:136,8
DA:139,8
DA:140,8
DA:141,8
DA:142,8
DA:144,8
DA:145,8
DA:147,8
DA:148,1
DA:149,1
DA:150,1
DA:151,1
DA:152,1
DA:154,8
DA:157,8
DA:158,8
DA:159,8
DA:160,8
DA:161,8
DA:162,8
DA:164,8
DA:165,8
DA:166,8
DA:167,8
DA:168,8
DA:169,8
DA:170,8
DA:171,8
DA:172,8
DA:173,8
DA:174,8
DA:176,8
DA:177,8
DA:178,8
DA:179,8
DA:182,8
DA:183,8
DA:184,8
DA:185,8
DA:186,8
DA:187,8
DA:188,8
DA:189,8
DA:190,8
DA:191,8
DA:192,8
DA:193,8
DA:194,8
DA:195,8
DA:197,8
DA:198,8
DA:199,8
DA:200,8
DA:203,8
DA:204,8
DA:205,8
DA:206,8
DA:207,8
DA:208,8
DA:210,8
DA:211,8
DA:212,8
DA:213,8
DA:214,8
DA:215,8
DA:216,8
DA:217,8
DA:218,8
DA:219,8
DA:220,8
DA:221,8
DA:223,8
DA:224,8
DA:225,8
DA:226,8
DA:227,8
DA:228,8
DA:230,8
DA:231,8
DA:233,8
DA:234,8
DA:235,8
DA:238,8
DA:239,8
DA:240,8
DA:241,8
DA:242,8
DA:243,8
DA:244,8
DA:245,8
DA:246,8
DA:247,8
DA:248,8
DA:249,8
DA:250,8
DA:251,8
DA:253,8
DA:254,8
DA:255,8
DA:256,8
DA:259,8
DA:260,8
DA:261,8
DA:263,8
DA:264,8
DA:265,8
DA:266,8
DA:267,8
DA:269,8
DA:270,2
DA:271,2
DA:272,2
DA:273,2
DA:274,2
DA:275,2
DA:276,2
DA:277,2
DA:278,2
DA:280,2
DA:281,2
DA:282,2
DA:284,8
DA:287,8
DA:288,8
DA:289,8
DA:291,8
DA:292,8
DA:293,8
DA:295,8
DA:296,8
DA:297,8
DA:298,8
DA:299,8
DA:301,8
DA:302,5
DA:303,3
DA:304,8
DA:305,8
DA:306,8
DA:308,8
DA:310,1
LF:242
LH:237
BRDA:29,0,0,8
BRDA:147,1,0,1
BRDA:269,2,0,2
BRDA:301,3,0,5
BRDA:302,4,0,3
BRDA:44,5,0,16
BRDA:45,6,0,9
BRDA:45,7,0,12
BRDA:45,8,0,7
BRDA:46,9,0,2
BRDA:46,10,0,5
BRDA:47,11,0,2
BRDA:47,12,0,3
BRDA:51,13,0,8
BRDA:54,14,0,4
BRDA:56,15,0,1
BRDA:58,16,0,1
BRDA:60,17,0,2
BRDA:62,18,0,0
BRDA:67,19,0,8
BRDA:70,20,0,5
BRDA:72,21,0,1
BRDA:74,22,0,1
BRDA:76,23,0,1
BRDA:78,24,0,0
BRDA:83,25,0,16
BRDA:84,26,0,0
BRDA:85,27,0,0
BRDA:89,28,0,8
BRDA:99,29,0,0
BRDA:103,30,0,8
BRDA:118,31,0,0
BRDA:123,32,0,16
BRDA:124,33,0,9
BRDA:124,34,0,12
BRDA:124,35,0,7
BRDA:125,36,0,2
BRDA:125,37,0,5
BRDA:126,38,0,2
BRDA:126,39,0,3
BRF:40
BRH:34
end_of_record
TN:
SF:src/components/widgets/SecurityLevelWidget.tsx
FN:23,SecurityLevelWidget
FNF:1
FNH:1
FNDA:6,SecurityLevelWidget
DA:7,1
DA:8,1
DA:23,1
DA:24,6
DA:25,6
DA:26,6
DA:27,6
DA:28,6
DA:29,6
DA:30,6
DA:31,6
DA:32,6
DA:33,6
DA:34,6
DA:36,6
DA:37,6
DA:38,6
DA:39,6
DA:41,6
DA:42,6
DA:43,6
DA:44,6
DA:45,6
DA:46,6
DA:47,6
DA:48,6
DA:49,6
DA:50,6
DA:51,6
DA:52,6
DA:53,6
DA:54,6
DA:56,6
DA:58,1
LF:34
LH:34
BRDA:23,0,0,6
BRF:1
BRH:1
end_of_record
TN:
SF:src/components/widgets/SecuritySummaryWidget.tsx
FN:49,SecuritySummaryWidget
FN:66,toggleSection
FN:79,getDataLookupKey
FN:84,getNormalizedLevel
FN:88,getSummary
FN:166,getTechnicalDetails
FN:181,getMetrics
FN:218,getBusinessImpact
FN:233,getCompositeDescription
FN:247,getLevelVariant
FN:382,onClick
FN:453,onClick
FN:525,onClick
FNF:13
FNH:13
FNDA:37,SecuritySummaryWidget
FNDA:5,toggleSection
FNDA:555,getDataLookupKey
FNDA:37,getNormalizedLevel
FNDA:37,getSummary
FNDA:37,getTechnicalDetails
FNDA:37,getMetrics
FNDA:37,getBusinessImpact
FNDA:37,getCompositeDescription
FNDA:37,getLevelVariant
FNDA:3,onClick
FNDA:1,onClick
FNDA:1,onClick
DA:1,1
DA:2,1
DA:8,1
DA:15,1
DA:20,1
DA:21,1
DA:22,1
DA:24,1
DA:30,1
DA:31,1
DA:32,1
DA:33,1
DA:34,1
DA:35,1
DA:36,1
DA:37,1
DA:38,1
DA:41,1
DA:49,1
DA:50,37
DA:51,37
DA:52,37
DA:53,37
DA:54,37
DA:55,37
DA:56,37
DA:60,37
DA:61,37
DA:62,37
DA:63,37
DA:64,37
DA:66,37
DA:67,5
DA:68,5
DA:69,5
DA:70,5
DA:71,5
DA:74,37
DA:75,37
DA:76,37
DA:79,37
DA:81,555
DA:82,555
DA:84,37
DA:85,37
DA:86,37
DA:88,37
DA:89,37
DA:90,37
DA:91,3
DA:92,3
DA:93,3
DA:94,3
DA:95,3
DA:96,3
DA:97,3
DA:98,3
DA:99,3
DA:100,3
DA:101,3
DA:102,37
DA:103,9
DA:104,9
DA:105,9
DA:106,9
DA:107,9
DA:108,9
DA:109,9
DA:110,9
DA:111,9
DA:112,9
DA:113,9
DA:114,37
DA:115,12
DA:116,12
DA:117,12
DA:118,12
DA:119,12
DA:120,12
DA:121,12
DA:122,12
DA:123,12
DA:124,12
DA:125,12
DA:126,37
DA:127,4
DA:128,4
DA:129,4
DA:130,4
DA:131,4
DA:132,4
DA:133,4
DA:134,4
DA:135,4
DA:136,4
DA:137,4
DA:138,37
DA:139,1
DA:140,1
DA:141,1
DA:142,1
DA:143,1
DA:144,1
DA:145,1
DA:146,1
DA:147,1
DA:148,1
DA:149,1
DA:150,37
DA:151,8
DA:152,8
DA:153,8
DA:154,8
DA:155,8
DA:156,8
DA:157,8
DA:158,8
DA:159,8
DA:160,8
DA:161,8
DA:162,37
DA:163,37
DA:166,37
DA:167,37
DA:168,37
DA:169,37
DA:170,37
DA:171,37
DA:172,37
DA:173,3
DA:174,37
DA:175,37
DA:176,37
DA:177,37
DA:178,37
DA:181,37
DA:182,37
DA:183,37
DA:184,37
DA:185,37
DA:186,37
DA:187,37
DA:188,37
DA:189,37
DA:190,37
DA:191,37
DA:192,37
DA:193,37
DA:194,37
DA:195,37
DA:196,37
DA:197,37
DA:198,37
DA:199,37
DA:200,37
DA:201,37
DA:202,37
DA:203,37
DA:204,37
DA:205,37
DA:206,37
DA:207,37
DA:208,37
DA:209,37
DA:210,37
DA:211,37
DA:212,37
DA:213,37
DA:214,37
DA:215,37
DA:218,37
DA:219,37
DA:220,37
DA:221,37
DA:222,37
DA:223,37
DA:224,37
DA:225,37
DA:226,37
DA:227,37
DA:228,37
DA:229,37
DA:230,37
DA:233,37
DA:234,37
DA:235,37
DA:236,34
DA:237,37
DA:239,34
DA:240,34
DA:243,3
DA:244,37
DA:247,37
DA:248,37
DA:249,37
DA:250,37
DA:251,37
DA:252,3
DA:253,37
DA:254,9
DA:255,37
DA:256,12
DA:257,37
DA:258,4
DA:259,37
DA:260,9
DA:261,37
DA:262,37
DA:264,37
DA:265,37
DA:266,37
DA:267,37
DA:268,37
DA:269,37
DA:270,37
DA:271,37
DA:272,37
DA:273,37
DA:274,37
DA:275,37
DA:276,37
DA:279,37
DA:281,37
DA:282,37
DA:283,37
DA:284,37
DA:287,37
DA:288,37
DA:289,37
DA:291,37
DA:292,37
DA:293,37
DA:295,37
DA:296,37
DA:297,37
DA:299,37
DA:300,37
DA:301,37
DA:302,37
DA:305,37
DA:306,34
DA:307,34
DA:308,3
DA:309,3
DA:310,3
DA:311,3
DA:312,3
DA:313,3
DA:314,3
DA:315,3
DA:316,3
DA:317,3
DA:318,3
DA:319,3
DA:320,3
DA:321,3
DA:322,3
DA:323,3
DA:324,3
DA:325,3
DA:326,3
DA:327,3
DA:328,3
DA:329,3
DA:330,3
DA:331,3
DA:335,37
DA:336,37
DA:337,37
DA:338,37
DA:339,37
DA:340,37
DA:341,37
DA:342,37
DA:343,37
DA:344,37
DA:345,37
DA:346,37
DA:347,37
DA:348,37
DA:351,37
DA:352,37
DA:354,37
DA:355,37
DA:356,37
DA:357,37
DA:359,37
DA:360,37
DA:363,37
DA:364,37
DA:365,37
DA:366,37
DA:367,37
DA:368,37
DA:369,37
DA:370,37
DA:371,37
DA:372,37
DA:374,37
DA:375,37
DA:376,37
DA:377,37
DA:380,37
DA:381,37
DA:382,37
DA:383,37
DA:384,37
DA:385,37
DA:386,37
DA:388,37
DA:389,37
DA:390,37
DA:391,37
DA:392,37
DA:393,37
DA:394,37
DA:395,37
DA:396,2
DA:397,35
DA:398,37
DA:399,37
DA:401,37
DA:402,37
DA:404,37
DA:405,2
DA:406,2
DA:407,2
DA:408,2
DA:409,2
DA:411,2
DA:412,2
DA:413,2
DA:414,2
DA:416,2
DA:417,2
DA:418,2
DA:419,2
DA:420,2
DA:421,2
DA:423,2
DA:424,2
DA:425,2
DA:426,2
DA:428,2
DA:429,2
DA:430,2
DA:431,2
DA:432,2
DA:433,2
DA:435,2
DA:436,2
DA:437,2
DA:438,2
DA:440,2
DA:441,2
DA:442,2
DA:443,2
DA:444,2
DA:445,2
DA:446,2
DA:448,37
DA:451,37
DA:452,37
DA:453,37
DA:454,37
DA:455,37
DA:456,37
DA:458,37
DA:459,37
DA:460,37
DA:461,37
DA:462,37
DA:463,37
DA:464,37
DA:465,37
DA:466,1
DA:467,36
DA:468,37
DA:469,37
DA:471,37
DA:472,37
DA:474,37
DA:475,1
DA:476,1
DA:477,1
DA:478,1
DA:480,1
DA:481,1
DA:482,1
DA:483,1
DA:485,1
DA:486,1
DA:487,1
DA:488,1
DA:489,1
DA:490,1
DA:492,1
DA:493,1
DA:494,1
DA:495,1
DA:497,1
DA:498,1
DA:499,1
DA:500,1
DA:501,1
DA:502,1
DA:504,1
DA:505,1
DA:506,1
DA:507,1
DA:509,1
DA:510,1
DA:511,1
DA:512,1
DA:513,1
DA:515,1
DA:516,1
DA:517,1
DA:518,1
DA:520,37
DA:523,37
DA:524,37
DA:525,37
DA:526,37
DA:527,37
DA:528,37
DA:530,37
DA:531,37
DA:532,37
DA:533,37
DA:534,37
DA:535,37
DA:536,37
DA:537,37
DA:538,1
DA:539,36
DA:540,37
DA:541,37
DA:543,37
DA:544,37
DA:546,37
DA:547,1
DA:548,1
DA:549,1
DA:550,1
DA:552,1
DA:553,1
DA:554,1
DA:556,1
DA:557,1
DA:558,1
DA:559,1
DA:560,1
DA:561,1
DA:562,1
DA:564,1
DA:565,1
DA:566,1
DA:567,1
DA:568,1
DA:570,1
DA:571,1
DA:572,1
DA:573,1
DA:575,1
DA:576,1
DA:577,1
DA:578,1
DA:579,1
DA:581,1
DA:582,1
DA:583,1
DA:584,1
DA:586,1
DA:587,1
DA:588,1
DA:589,1
DA:591,1
DA:592,1
DA:593,1
DA:594,1
DA:595,1
DA:596,1
DA:597,1
DA:598,1
DA:600,37
DA:603,37
DA:604,37
DA:605,37
DA:606,37
DA:607,37
DA:609,37
DA:610,37
DA:611,28
DA:612,28
DA:613,80
DA:614,80
DA:615,80
DA:616,80
DA:618,80
DA:619,80
DA:620,80
DA:621,80
DA:622,80
DA:623,80
DA:624,28
DA:625,28
DA:627,9
DA:629,9
DA:631,37
DA:634,37
DA:635,37
DA:636,37
DA:637,37
DA:639,37
DA:640,37
DA:641,37
DA:642,37
DA:643,37
DA:645,37
DA:646,37
DA:649,37
DA:650,37
DA:651,7
DA:652,7
DA:654,7
DA:655,7
DA:657,7
DA:658,7
DA:660,37
DA:661,4
DA:662,4
DA:664,4
DA:665,4
DA:667,4
DA:668,4
DA:670,37
DA:671,12
DA:672,12
DA:674,12
DA:675,12
DA:677,12
DA:678,12
DA:680,37
DA:681,9
DA:682,9
DA:684,9
DA:685,9
DA:687,9
DA:688,9
DA:690,37
DA:691,3
DA:692,3
DA:694,3
DA:695,3
DA:697,3
DA:698,3
DA:700,37
DA:701,37
DA:702,37
DA:704,37
DA:706,1
LF:562
LH:562
BRDA:49,0,0,37
BRDA:266,1,0,2
BRDA:270,2,0,2
BRDA:272,3,0,2
BRDA:279,4,0,0
BRDA:305,5,0,34
BRDA:306,6,0,34
BRDA:307,7,0,3
BRDA:395,8,0,2
BRDA:396,9,0,35
BRDA:404,10,0,2
BRDA:465,11,0,1
BRDA:466,12,0,36
BRDA:474,13,0,1
BRDA:537,14,0,1
BRDA:538,15,0,36
BRDA:546,16,0,1
BRDA:610,17,0,28
BRDA:625,18,0,9
BRDA:650,19,0,7
BRDA:660,20,0,4
BRDA:670,21,0,12
BRDA:680,22,0,9
BRDA:690,23,0,3
BRDA:66,24,0,5
BRDA:67,25,0,5
BRDA:79,26,0,555
BRDA:81,27,0,15
BRDA:81,28,0,540
BRDA:84,29,0,37
BRDA:88,30,0,37
BRDA:90,31,0,3
BRDA:102,32,0,9
BRDA:114,33,0,12
BRDA:126,34,0,4
BRDA:138,35,0,1
BRDA:150,36,0,8
BRDA:166,37,0,37
BRDA:169,38,0,36
BRDA:170,39,0,3
BRDA:172,40,0,36
BRDA:172,41,0,3
BRDA:175,42,0,36
BRDA:176,43,0,3
BRDA:181,44,0,37
BRDA:185,45,0,36
BRDA:186,46,0,3
BRDA:188,47,0,36
BRDA:189,48,0,8
BRDA:191,49,0,36
BRDA:192,50,0,8
BRDA:196,51,0,36
BRDA:197,52,0,3
BRDA:199,53,0,36
BRDA:199,54,0,8
BRDA:201,55,0,36
BRDA:201,56,0,8
BRDA:205,57,0,36
BRDA:206,58,0,3
BRDA:208,59,0,36
BRDA:209,60,0,8
BRDA:211,61,0,36
BRDA:212,62,0,8
BRDA:218,63,0,37
BRDA:221,64,0,36
BRDA:222,65,0,3
BRDA:224,66,0,36
BRDA:225,67,0,3
BRDA:227,68,0,36
BRDA:228,69,0,3
BRDA:233,70,0,37
BRDA:235,71,0,34
BRDA:237,72,0,34
BRDA:240,73,0,3
BRDA:247,74,0,37
BRDA:251,75,0,3
BRDA:253,76,0,9
BRDA:255,77,0,12
BRDA:257,78,0,4
BRDA:259,79,0,9
BRDA:382,80,0,3
BRDA:453,81,0,1
BRDA:525,82,0,1
BRDA:612,83,0,80
BRDA:620,84,0,0
BRF:85
BRH:83
end_of_record
TN:
SF:src/components/widgets/TechnicalDetailsWidget.tsx
FN:27,TechnicalDetailsWidget
FN:49,getTechnicalDetails
FN:117,getComplexityStatus
FN:137,getTechnologyStack
FN:208,onClick
FN:219,onClick
FN:230,onClick
FNF:7
FNH:6
FNDA:13,TechnicalDetailsWidget
FNDA:13,getTechnicalDetails
FNDA:13,getComplexityStatus
FNDA:13,getTechnologyStack
FNDA:0,onClick
FNDA:3,onClick
FNDA:1,onClick
DA:1,1
DA:2,1
DA:8,1
DA:10,1
DA:11,1
DA:27,1
DA:28,13
DA:29,13
DA:30,13
DA:32,13
DA:33,13
DA:34,13
DA:35,13
DA:36,13
DA:37,13
DA:38,13
DA:40,13
DA:41,13
DA:42,13
DA:44,13
DA:46,13
DA:49,13
DA:50,13
DA:56,13
DA:57,13
DA:58,13
DA:60,13
DA:61,13
DA:62,9
DA:63,9
DA:64,9
DA:65,13
DA:66,3
DA:67,3
DA:68,3
DA:69,13
DA:70,1
DA:71,1
DA:72,1
DA:73,13
DA:75,13
DA:76,13
DA:79,13
DA:80,0
DA:81,0
DA:82,0
DA:83,0
DA:84,0
DA:85,0
DA:88,13
DA:89,13
DA:90,4
DA:91,9
DA:92,3
DA:93,6
DA:94,4
DA:95,2
DA:96,2
DA:97,0
DA:100,13
DA:101,9
DA:102,9
DA:103,9
DA:104,9
DA:105,9
DA:106,9
DA:107,9
DA:109,4
DA:110,4
DA:111,4
DA:112,4
DA:113,4
DA:114,13
DA:117,13
DA:118,13
DA:119,13
DA:120,13
DA:121,13
DA:122,4
DA:123,13
DA:124,3
DA:125,13
DA:126,4
DA:127,13
DA:128,2
DA:129,13
DA:130,0
DA:131,13
DA:132,0
DA:133,13
DA:134,13
DA:137,13
DA:138,13
DA:139,13
DA:140,13
DA:141,13
DA:142,13
DA:143,13
DA:144,13
DA:145,13
DA:146,13
DA:147,13
DA:148,13
DA:149,13
DA:150,13
DA:151,13
DA:152,13
DA:153,13
DA:154,13
DA:155,13
DA:156,13
DA:157,13
DA:158,13
DA:159,13
DA:160,13
DA:161,13
DA:162,13
DA:163,13
DA:164,13
DA:165,13
DA:166,13
DA:167,13
DA:168,13
DA:169,13
DA:170,13
DA:171,13
DA:172,13
DA:173,13
DA:174,13
DA:175,13
DA:176,13
DA:177,13
DA:178,13
DA:179,13
DA:180,13
DA:181,13
DA:182,13
DA:183,13
DA:184,13
DA:185,13
DA:186,13
DA:187,13
DA:188,13
DA:189,13
DA:191,13
DA:192,13
DA:193,13
DA:194,13
DA:196,13
DA:198,13
DA:200,13
DA:201,13
DA:202,13
DA:203,13
DA:206,13
DA:207,13
DA:208,13
DA:209,13
DA:210,13
DA:211,9
DA:212,4
DA:213,13
DA:214,13
DA:215,13
DA:217,13
DA:218,13
DA:219,13
DA:220,13
DA:221,13
DA:222,3
DA:223,10
DA:224,13
DA:225,13
DA:226,13
DA:228,13
DA:229,13
DA:230,13
DA:231,13
DA:232,13
DA:233,1
DA:234,12
DA:235,13
DA:236,13
DA:237,13
DA:239,13
DA:240,13
DA:243,13
DA:244,13
DA:245,13
DA:246,13
DA:248,13
DA:250,13
DA:252,13
DA:253,13
DA:254,13
DA:255,13
DA:256,13
DA:257,13
DA:258,13
DA:259,13
DA:260,13
DA:261,13
DA:262,13
DA:263,9
DA:264,4
DA:265,3
DA:266,1
DA:268,13
DA:269,13
DA:270,9
DA:271,4
DA:272,3
DA:273,1
DA:275,13
DA:276,13
DA:277,13
DA:278,13
DA:279,13
DA:280,13
DA:281,13
DA:283,13
DA:284,13
DA:286,13
DA:287,9
DA:288,9
DA:289,9
DA:290,9
DA:291,9
DA:292,9
DA:293,9
DA:295,13
DA:298,13
DA:299,13
DA:300,13
DA:301,13
DA:302,13
DA:304,13
DA:306,13
DA:307,13
DA:308,36
DA:309,36
DA:310,36
DA:311,36
DA:313,36
DA:314,36
DA:315,13
DA:316,13
DA:317,13
DA:318,0
DA:320,0
DA:322,13
DA:325,13
DA:326,13
DA:327,13
DA:328,9
DA:329,4
DA:330,3
DA:331,1
DA:332,13
DA:333,31
DA:334,31
DA:335,31
DA:336,31
DA:338,31
DA:339,31
DA:340,13
DA:341,13
DA:344,13
DA:345,13
DA:346,13
DA:347,13
DA:348,13
DA:350,13
DA:352,13
DA:353,13
DA:354,13
DA:355,13
DA:356,13
DA:357,13
DA:359,13
DA:360,13
DA:361,13
DA:362,13
DA:363,13
DA:364,13
DA:365,4
DA:367,13
DA:368,13
DA:369,13
DA:370,13
DA:371,13
DA:372,13
DA:373,4
DA:375,13
DA:376,13
DA:377,13
DA:378,13
DA:379,13
DA:380,13
DA:382,13
DA:384,1
LF:301
LH:290
BRDA:27,0,0,13
BRDA:40,1,0,10
BRDA:41,2,0,10
BRDA:42,3,0,10
BRDA:210,4,0,9
BRDA:211,5,0,4
BRDA:221,6,0,3
BRDA:222,7,0,10
BRDA:232,8,0,1
BRDA:233,9,0,12
BRDA:262,10,0,9
BRDA:263,11,0,0
BRDA:263,12,0,4
BRDA:264,13,0,3
BRDA:265,14,0,0
BRDA:265,15,0,1
BRDA:266,16,0,0
BRDA:269,17,0,9
BRDA:270,18,0,4
BRDA:271,19,0,3
BRDA:272,20,0,1
BRDA:286,21,0,9
BRDA:286,22,0,9
BRDA:317,23,0,0
BRDA:327,24,0,9
BRDA:328,25,0,0
BRDA:328,26,0,4
BRDA:329,27,0,3
BRDA:330,28,0,0
BRDA:330,29,0,1
BRDA:331,30,0,0
BRDA:356,31,0,9
BRDA:357,32,0,4
BRDA:364,33,0,9
BRDA:364,34,0,4
BRDA:372,35,0,9
BRDA:372,36,0,4
BRDA:49,37,0,13
BRDA:61,38,0,9
BRDA:62,39,0,0
BRDA:63,40,0,0
BRDA:65,41,0,3
BRDA:66,42,0,0
BRDA:67,43,0,0
BRDA:69,44,0,1
BRDA:70,45,0,0
BRDA:71,46,0,0
BRDA:76,47,0,0
BRDA:79,48,0,0
BRDA:89,49,0,4
BRDA:90,50,0,9
BRDA:91,51,0,3
BRDA:92,52,0,6
BRDA:93,53,0,4
BRDA:94,54,0,2
BRDA:96,55,0,0
BRDA:100,56,0,9
BRDA:107,57,0,4
BRDA:117,58,0,13
BRDA:121,59,0,4
BRDA:123,60,0,3
BRDA:125,61,0,4
BRDA:127,62,0,2
BRDA:129,63,0,0
BRDA:131,64,0,0
BRDA:137,65,0,13
BRDA:194,66,0,0
BRDA:219,67,0,3
BRDA:230,68,0,1
BRDA:307,69,0,36
BRDA:332,70,0,31
BRF:71
BRH:52
end_of_record
TN:
SF:src/components/widgets/ValueCreationWidget.tsx
FN:15,ValueCreationWidget
FN:19,getValuePoints
FN:52,getROIEstimate
FN:70,getLevelVariant
FN:86,getLevelColorClass
FNF:5
FNH:5
FNDA:7,ValueCreationWidget
FNDA:7,getValuePoints
FNDA:7,getROIEstimate
FNDA:7,getLevelVariant
FNDA:42,getLevelColorClass
DA:2,1
DA:9,1
DA:10,1
DA:11,1
DA:12,1
DA:15,1
DA:16,7
DA:17,7
DA:19,7
DA:20,7
DA:21,7
DA:22,7
DA:23,0
DA:24,7
DA:25,7
DA:26,7
DA:27,7
DA:28,7
DA:29,7
DA:30,7
DA:31,7
DA:32,0
DA:33,7
DA:34,7
DA:35,7
DA:36,7
DA:37,7
DA:38,7
DA:39,7
DA:40,7
DA:41,0
DA:42,7
DA:43,7
DA:44,7
DA:46,7
DA:47,7
DA:49,7
DA:52,7
DA:53,7
DA:54,7
DA:55,0
DA:56,7
DA:57,2
DA:58,7
DA:59,0
DA:60,7
DA:61,1
DA:62,7
DA:63,4
DA:64,7
DA:65,7
DA:67,7
DA:70,7
DA:71,7
DA:72,7
DA:73,0
DA:74,7
DA:75,2
DA:76,7
DA:77,0
DA:78,7
DA:79,1
DA:80,7
DA:81,4
DA:82,7
DA:83,7
DA:86,7
DA:87,42
DA:88,42
DA:89,0
DA:90,42
DA:91,12
DA:92,42
DA:93,0
DA:94,42
DA:95,6
DA:96,42
DA:97,24
DA:98,42
DA:99,42
DA:101,7
DA:102,7
DA:103,7
DA:104,7
DA:106,7
DA:107,7
DA:108,7
DA:109,7
DA:111,7
DA:112,7
DA:113,7
DA:114,7
DA:115,7
DA:116,7
DA:118,7
DA:119,7
DA:121,7
DA:122,7
DA:123,35
DA:124,35
DA:125,35
DA:126,35
DA:128,35
DA:129,35
DA:130,35
DA:131,35
DA:132,35
DA:133,7
DA:134,7
DA:136,7
DA:137,7
DA:138,7
DA:139,7
DA:140,7
DA:141,7
DA:142,7
DA:143,7
DA:144,7
DA:146,7
DA:147,7
DA:148,7
DA:149,7
DA:151,7
DA:153,1
LF:124
LH:115
BRDA:15,0,0,7
BRDA:19,1,0,7
BRDA:22,2,0,0
BRDA:27,3,0,0
BRDA:31,4,0,0
BRDA:36,5,0,0
BRDA:40,6,0,0
BRDA:46,7,0,0
BRDA:52,8,0,7
BRDA:54,9,0,0
BRDA:56,10,0,2
BRDA:58,11,0,0
BRDA:60,12,0,1
BRDA:62,13,0,4
BRDA:70,14,0,7
BRDA:72,15,0,0
BRDA:74,16,0,2
BRDA:76,17,0,0
BRDA:78,18,0,1
BRDA:80,19,0,4
BRDA:86,20,0,42
BRDA:88,21,0,0
BRDA:90,22,0,12
BRDA:92,23,0,0
BRDA:94,24,0,6
BRDA:96,25,0,24
BRDA:122,26,0,35
BRF:27
BRH:15
end_of_record
TN:
SF:src/constants/appConstants.ts
FN:26,mapOptionsToConstants
FN:77,getTextElementMatcher
FN:84,getPartialTextMatcher
FN:89,createRegexMatcher
FN:96,createValuePointMatcher
FN:354,WITH_LEVEL
FNF:6
FNH:0
FNDA:0,mapOptionsToConstants
FNDA:0,getTextElementMatcher
FNDA:0,getPartialTextMatcher
FNDA:0,createRegexMatcher
FNDA:0,createValuePointMatcher
FNDA:0,WITH_LEVEL
DA:5,1
DA:8,1
DA:26,1
DA:30,0
DA:31,0
DA:32,0
DA:33,0
DA:34,0
DA:35,0
DA:36,0
DA:37,0
DA:38,0
DA:39,0
DA:40,0
DA:41,0
DA:42,0
DA:44,0
DA:45,0
DA:46,0
DA:47,0
DA:48,0
DA:49,0
DA:50,0
DA:51,0
DA:52,0
DA:53,0
DA:54,0
DA:55,0
DA:56,0
DA:57,0
DA:58,0
DA:59,0
DA:60,0
DA:61,0
DA:62,0
DA:63,0
DA:64,0
DA:65,0
DA:77,1
DA:78,0
DA:79,0
DA:80,0
DA:81,0
DA:84,1
DA:85,0
DA:86,0
DA:89,1
DA:91,0
DA:92,0
DA:93,0
DA:96,1
DA:98,0
DA:99,0
DA:100,0
DA:106,1
DA:107,1
DA:108,1
DA:109,1
DA:110,1
DA:111,1
DA:112,1
DA:115,1
DA:116,1
DA:117,1
DA:118,1
DA:119,1
DA:122,1
DA:123,1
DA:124,1
DA:125,1
DA:126,1
DA:129,1
DA:130,1
DA:131,1
DA:132,1
DA:133,1
DA:136,1
DA:137,1
DA:138,1
DA:139,1
DA:140,1
DA:141,1
DA:144,1
DA:146,1
DA:147,1
DA:148,1
DA:149,1
DA:152,1
DA:153,1
DA:154,1
DA:155,1
DA:156,1
DA:157,1
DA:160,1
DA:161,1
DA:162,1
DA:163,1
DA:164,1
DA:165,1
DA:166,1
DA:169,1
DA:170,1
DA:171,1
DA:172,1
DA:173,1
DA:174,1
DA:175,1
DA:176,1
DA:177,1
DA:178,1
DA:181,1
DA:182,1
DA:183,1
DA:184,1
DA:185,1
DA:186,1
DA:187,1
DA:190,1
DA:191,1
DA:192,1
DA:193,1
DA:194,1
DA:195,1
DA:196,1
DA:197,1
DA:198,1
DA:201,1
DA:203,1
DA:204,1
DA:205,1
DA:206,1
DA:209,1
DA:211,1
DA:212,1
DA:213,1
DA:214,1
DA:217,1
DA:219,1
DA:220,1
DA:221,1
DA:222,1
DA:225,1
DA:226,1
DA:227,1
DA:228,1
DA:229,1
DA:230,1
DA:231,1
DA:234,1
DA:235,1
DA:236,1
DA:237,1
DA:238,1
DA:239,1
DA:240,1
DA:241,1
DA:242,1
DA:243,1
DA:244,1
DA:245,1
DA:246,1
DA:247,1
DA:248,1
DA:249,1
DA:250,1
DA:251,1
DA:252,1
DA:253,1
DA:254,1
DA:255,1
DA:256,1
DA:257,1
DA:258,1
DA:259,1
DA:260,1
DA:261,1
DA:262,1
DA:263,1
DA:264,1
DA:265,1
DA:268,1
DA:269,1
DA:270,1
DA:271,1
DA:272,1
DA:273,1
DA:274,1
DA:277,1
DA:278,1
DA:279,1
DA:280,1
DA:281,1
DA:282,1
DA:285,1
DA:286,1
DA:287,1
DA:288,1
DA:289,1
DA:290,1
DA:291,1
DA:294,1
DA:295,1
DA:296,1
DA:297,1
DA:298,1
DA:301,1
DA:303,1
DA:304,1
DA:305,1
DA:306,1
DA:307,1
DA:308,1
DA:309,1
DA:310,1
DA:311,1
DA:312,1
DA:313,1
DA:314,1
DA:315,1
DA:316,1
DA:317,1
DA:320,1
DA:321,1
DA:322,1
DA:323,1
DA:324,1
DA:325,1
DA:326,1
DA:327,1
DA:328,1
DA:329,1
DA:330,1
DA:333,1
DA:334,1
DA:335,1
DA:336,1
DA:339,1
DA:340,1
DA:341,1
DA:342,1
DA:343,1
DA:346,1
DA:347,1
DA:348,1
DA:349,1
DA:352,1
DA:353,1
DA:354,1
DA:355,1
DA:358,1
DA:359,1
DA:362,1
DA:363,1
DA:364,1
DA:365,1
DA:366,1
DA:367,1
DA:369,1
DA:370,1
DA:371,1
DA:372,1
DA:373,1
DA:374,1
DA:377,1
DA:378,1
DA:379,1
DA:380,1
DA:381,1
DA:382,1
DA:383,1
DA:384,1
DA:385,1
DA:386,1
DA:387,1
DA:388,1
DA:389,1
DA:390,1
DA:391,1
DA:392,1
DA:393,1
DA:394,1
DA:395,1
DA:396,1
DA:397,1
DA:398,1
DA:399,1
DA:400,1
DA:401,1
DA:402,1
DA:403,1
DA:404,1
DA:405,1
DA:406,1
DA:407,1
DA:408,1
DA:411,1
DA:417,1
DA:418,1
DA:419,1
DA:420,1
DA:421,1
DA:422,1
DA:423,1
DA:424,1
DA:425,1
DA:426,1
DA:427,1
DA:428,1
DA:429,1
DA:430,1
DA:431,1
DA:432,1
DA:433,1
DA:434,1
DA:435,1
DA:436,1
DA:437,1
DA:438,1
DA:439,1
DA:440,1
DA:441,1
DA:442,1
DA:443,1
DA:445,1
DA:446,1
DA:447,1
DA:448,1
DA:449,1
DA:450,1
DA:451,1
DA:452,1
DA:453,1
DA:454,1
DA:455,1
DA:456,1
DA:457,1
DA:458,1
LF:337
LH:290
BRF:0
BRH:0
end_of_record
TN:
SF:src/constants/appLabels.ts
FN:1,(empty-report)
FNF:1
FNH:1
FNDA:1,(empty-report)
DA:3,0
DA:4,0
DA:5,0
DA:6,0
DA:7,0
DA:9,0
DA:10,0
DA:11,0
DA:12,0
DA:13,0
DA:14,0
DA:15,0
DA:16,0
DA:17,0
DA:18,0
DA:19,0
DA:20,0
DA:22,0
DA:23,0
DA:24,0
DA:25,0
DA:26,0
DA:27,0
DA:28,0
DA:29,0
DA:30,0
DA:31,0
DA:32,0
LF:28
LH:0
BRDA:1,0,0,1
BRF:1
BRH:1
end_of_record
TN:
SF:src/constants/businessConstants.ts
FNF:0
FNH:0
DA:1,1
DA:8,1
DA:9,1
DA:10,1
DA:11,1
DA:12,1
DA:13,1
DA:14,1
DA:15,1
DA:16,1
DA:17,1
DA:18,1
DA:19,1
DA:20,1
DA:21,1
DA:22,1
DA:23,1
DA:24,1
DA:25,1
DA:26,1
DA:27,1
DA:28,1
DA:29,1
DA:30,1
DA:31,1
DA:32,1
DA:33,1
DA:34,1
DA:35,1
DA:36,1
DA:37,1
DA:38,1
DA:39,1
DA:40,1
DA:41,1
DA:42,1
DA:43,1
DA:44,1
DA:45,1
DA:46,1
DA:47,1
DA:48,1
DA:49,1
DA:50,1
DA:51,1
DA:52,1
DA:53,1
DA:54,1
DA:55,1
DA:56,1
DA:57,1
DA:58,1
DA:59,1
DA:60,1
DA:61,1
DA:62,1
DA:63,1
DA:64,1
DA:65,1
DA:66,1
DA:67,1
DA:68,1
DA:69,1
DA:70,1
DA:71,1
DA:72,1
DA:73,1
DA:74,1
DA:75,1
DA:76,1
DA:77,1
DA:78,1
DA:79,1
DA:80,1
DA:81,1
DA:82,1
DA:83,1
DA:84,1
DA:85,1
DA:86,1
DA:87,1
DA:88,1
DA:89,1
DA:90,1
DA:91,1
DA:92,1
DA:93,1
DA:94,1
DA:95,1
DA:96,1
DA:97,1
DA:98,1
DA:99,1
DA:100,1
DA:101,1
DA:102,1
DA:103,1
DA:104,1
DA:105,1
DA:106,1
DA:107,1
DA:108,1
DA:109,1
DA:110,1
DA:111,1
DA:112,1
DA:113,1
DA:114,1
DA:115,1
DA:116,1
DA:117,1
DA:118,1
DA:119,1
DA:120,1
DA:121,1
DA:122,1
DA:123,1
DA:124,1
DA:125,1
DA:126,1
DA:127,1
DA:128,1
DA:129,1
DA:130,1
DA:131,1
DA:132,1
DA:133,1
DA:134,1
DA:135,1
DA:136,1
DA:137,1
DA:138,1
DA:139,1
DA:140,1
DA:141,1
DA:142,1
DA:143,1
DA:144,1
DA:145,1
DA:146,1
DA:147,1
DA:148,1
DA:149,1
DA:150,1
DA:151,1
DA:152,1
DA:153,1
DA:154,1
DA:155,1
DA:156,1
DA:157,1
DA:158,1
DA:159,1
DA:160,1
DA:161,1
DA:162,1
DA:163,1
DA:164,1
DA:165,1
DA:166,1
DA:167,1
DA:168,1
DA:169,1
DA:170,1
DA:171,1
DA:172,1
DA:173,1
DA:174,1
DA:175,1
DA:176,1
DA:177,1
DA:178,1
DA:179,1
DA:180,1
DA:181,1
DA:182,1
DA:183,1
DA:184,1
DA:185,1
DA:186,1
DA:187,1
DA:188,1
DA:189,1
DA:190,1
DA:191,1
DA:192,1
DA:193,1
DA:194,1
DA:195,1
DA:196,1
DA:197,1
DA:198,1
DA:199,1
DA:200,1
DA:201,1
DA:202,1
DA:203,1
DA:204,1
DA:205,1
DA:206,1
DA:207,1
DA:208,1
DA:209,1
DA:210,1
DA:211,1
DA:212,1
DA:213,1
DA:214,1
DA:215,1
DA:216,1
DA:217,1
DA:218,1
DA:219,1
DA:220,1
DA:221,1
DA:224,1
DA:225,1
DA:226,1
DA:227,1
DA:228,1
DA:229,1
DA:230,1
DA:231,1
DA:232,1
DA:233,1
DA:234,1
DA:235,1
DA:236,1
DA:237,1
DA:238,1
DA:239,1
DA:240,1
DA:241,1
DA:242,1
DA:243,1
DA:244,1
DA:245,1
DA:246,1
DA:247,1
DA:248,1
DA:249,1
DA:250,1
DA:251,1
DA:252,1
DA:255,1
DA:256,1
DA:257,1
DA:258,1
DA:259,1
DA:260,1
DA:261,1
DA:264,1
DA:265,1
DA:266,1
DA:267,1
DA:268,1
DA:269,1
DA:270,1
DA:272,1
DA:275,1
DA:276,1
DA:277,1
DA:278,1
DA:279,1
DA:280,1
DA:281,1
DA:282,1
DA:283,1
DA:286,1
DA:287,1
DA:288,1
DA:289,1
DA:290,1
DA:291,1
DA:292,1
DA:293,1
DA:294,1
DA:295,1
DA:296,1
DA:297,1
DA:298,1
DA:299,1
DA:300,1
DA:301,1
DA:302,1
DA:303,1
DA:304,1
DA:305,1
DA:306,1
DA:307,1
DA:308,1
DA:309,1
DA:310,1
DA:311,1
DA:312,1
DA:313,1
DA:314,1
DA:315,1
DA:316,1
DA:317,1
DA:318,1
DA:319,1
DA:320,1
DA:321,1
LF:304
LH:304
BRF:0
BRH:0
end_of_record
TN:
SF:src/constants/coreConstants.ts
FN:129,WITH_LEVEL
FNF:1
FNH:0
FNDA:0,WITH_LEVEL
DA:4,1
DA:5,1
DA:6,1
DA:7,1
DA:8,1
DA:9,1
DA:10,1
DA:11,1
DA:12,1
DA:13,1
DA:14,1
DA:15,1
DA:16,1
DA:17,1
DA:20,1
DA:21,1
DA:22,1
DA:23,1
DA:24,1
DA:26,1
DA:27,1
DA:28,1
DA:29,1
DA:30,1
DA:33,1
DA:34,1
DA:35,1
DA:36,1
DA:37,1
DA:38,1
DA:39,1
DA:42,1
DA:43,1
DA:44,1
DA:45,1
DA:46,1
DA:47,1
DA:48,1
DA:51,1
DA:52,1
DA:53,1
DA:54,1
DA:55,1
DA:56,1
DA:57,1
DA:58,1
DA:59,1
DA:60,1
DA:61,1
DA:63,1
DA:64,1
DA:65,1
DA:66,1
DA:69,1
DA:76,1
DA:77,1
DA:78,1
DA:79,1
DA:80,1
DA:81,1
DA:82,1
DA:83,1
DA:84,1
DA:85,1
DA:86,1
DA:87,1
DA:88,1
DA:89,1
DA:90,1
DA:91,1
DA:92,1
DA:93,1
DA:94,1
DA:95,1
DA:96,1
DA:97,1
DA:98,1
DA:99,1
DA:100,1
DA:101,1
DA:102,1
DA:105,1
DA:107,1
DA:108,1
DA:109,1
DA:110,1
DA:111,1
DA:112,1
DA:113,1
DA:114,1
DA:115,1
DA:116,1
DA:117,1
DA:118,1
DA:121,1
DA:122,1
DA:123,1
DA:124,1
DA:127,1
DA:128,1
DA:129,1
DA:130,1
DA:133,1
DA:134,1
DA:146,1
DA:147,1
DA:148,1
DA:149,1
DA:150,1
DA:151,1
DA:152,1
DA:155,1
DA:156,1
DA:157,1
DA:158,1
DA:159,1
DA:160,1
DA:163,1
DA:164,1
DA:165,1
DA:166,1
DA:167,1
DA:168,1
DA:169,1
DA:170,1
DA:171,1
LF:126
LH:126
BRF:0
BRH:0
end_of_record
TN:
SF:src/constants/index.ts
FNF:0
FNH:0
DA:4,1
DA:7,1
DA:10,1
DA:13,1
DA:14,1
DA:15,1
DA:28,1
DA:35,1
DA:38,1
LF:9
LH:9
BRF:0
BRH:0
end_of_record
TN:
SF:src/constants/riskConstants.ts
FNF:0
FNH:0
DA:7,1
DA:8,1
DA:9,1
DA:10,1
DA:11,1
DA:12,1
DA:13,1
DA:14,1
DA:17,1
DA:18,1
DA:19,1
DA:20,1
DA:21,1
DA:22,1
DA:23,1
LF:15
LH:15
BRF:0
BRH:0
end_of_record
TN:
SF:src/constants/testConstants.ts
FN:20,getPartialTextMatcher
FN:24,createRegexMatcher
FN:30,createValuePointMatcher
FN:35,getTextElementMatcher
FN:79,getSecurityLevelColor
FN:92,checkSecurityLevelColor
FN:103,getTestId
FNF:7
FNH:0
FNDA:0,getPartialTextMatcher
FNDA:0,createRegexMatcher
FNDA:0,createValuePointMatcher
FNDA:0,getTextElementMatcher
FNDA:0,getSecurityLevelColor
FNDA:0,checkSecurityLevelColor
FNDA:0,getTestId
DA:1,1
DA:2,1
DA:3,1
DA:6,1
DA:7,1
DA:8,1
DA:9,1
DA:10,1
DA:13,1
DA:14,1
DA:15,1
DA:16,1
DA:17,1
DA:20,1
DA:21,0
DA:22,0
DA:24,1
DA:26,0
DA:27,0
DA:28,0
DA:30,1
DA:31,0
DA:32,0
DA:33,0
DA:35,1
DA:36,0
DA:37,0
DA:38,0
DA:39,0
DA:42,1
DA:43,1
DA:44,1
DA:45,1
DA:46,1
DA:47,1
DA:49,1
DA:50,1
DA:51,1
DA:52,1
DA:53,1
DA:54,1
DA:55,1
DA:56,1
DA:59,1
DA:60,1
DA:61,1
DA:62,1
DA:63,1
DA:66,1
DA:67,1
DA:68,1
DA:69,1
DA:70,1
DA:71,1
DA:73,1
DA:74,1
DA:75,1
DA:76,1
DA:79,1
DA:80,0
DA:82,0
DA:83,0
DA:84,0
DA:85,0
DA:86,0
DA:87,0
DA:90,1
DA:92,1
DA:93,0
DA:95,0
DA:96,0
DA:97,0
DA:98,0
DA:100,0
DA:103,1
DA:104,0
DA:105,0
DA:106,0
DA:107,0
DA:108,1
DA:111,1
DA:112,1
DA:113,1
DA:114,1
DA:115,1
DA:116,1
DA:117,1
DA:118,1
DA:119,1
DA:120,1
DA:121,1
DA:122,1
DA:123,1
LF:93
LH:64
BRF:0
BRH:0
end_of_record
TN:
SF:src/constants/testIds.ts
FN:8,createCompoundTestId
FN:369,valuePoint
FN:370,implementationStep
FN:371,techStack
FN:372,considerationItem
FN:373,considerationDescription
FN:375,impactType
FN:376,impactTypeKv
FN:377,riskBadge
FN:378,benefitItem
FN:379,keyBenefit
FN:380,framework
FN:381,frameworkStatus
FN:383,categorySpecific
FN:385,option
FN:386,widgetId
FN:392,getTestId
FN:403,getValuePointsForLevel
FNF:18
FNH:5
FNDA:0,createCompoundTestId
FNDA:36,valuePoint
FNDA:38,implementationStep
FNDA:31,techStack
FNDA:0,considerationItem
FNDA:0,considerationDescription
FNDA:0,impactType
FNDA:0,impactTypeKv
FNDA:0,riskBadge
FNDA:0,benefitItem
FNDA:0,keyBenefit
FNDA:1,framework
FNDA:0,frameworkStatus
FNDA:0,categorySpecific
FNDA:37,option
FNDA:0,widgetId
FNDA:0,getTestId
FNDA:0,getValuePointsForLevel
DA:5,1
DA:8,1
DA:9,0
DA:12,1
DA:13,1
DA:14,1
DA:15,1
DA:16,1
DA:17,1
DA:18,1
DA:19,1
DA:20,1
DA:21,1
DA:24,1
DA:26,1
DA:27,1
DA:28,1
DA:31,1
DA:32,1
DA:33,1
DA:34,1
DA:35,1
DA:36,1
DA:39,1
DA:40,1
DA:41,1
DA:44,1
DA:45,1
DA:46,1
DA:47,1
DA:48,1
DA:49,1
DA:52,1
DA:53,1
DA:54,1
DA:57,1
DA:58,1
DA:59,1
DA:62,1
DA:63,1
DA:64,1
DA:65,1
DA:66,1
DA:67,1
DA:68,1
DA:69,1
DA:70,1
DA:71,1
DA:74,1
DA:75,1
DA:76,1
DA:79,1
DA:80,1
DA:81,1
DA:82,1
DA:83,1
DA:84,1
DA:87,1
DA:88,1
DA:89,1
DA:90,1
DA:91,1
DA:92,1
DA:95,1
DA:96,1
DA:99,1
DA:100,1
DA:101,1
DA:102,1
DA:105,1
DA:107,1
DA:108,1
DA:109,1
DA:110,1
DA:111,1
DA:112,1
DA:113,1
DA:116,1
DA:117,1
DA:118,1
DA:119,1
DA:122,1
DA:123,1
DA:124,1
DA:125,1
DA:126,1
DA:127,1
DA:128,1
DA:129,1
DA:130,1
DA:131,1
DA:132,1
DA:135,1
DA:136,1
DA:137,1
DA:138,1
DA:139,1
DA:140,1
DA:141,1
DA:144,1
DA:145,1
DA:146,1
DA:147,1
DA:148,1
DA:149,1
DA:150,1
DA:151,1
DA:154,1
DA:155,1
DA:156,1
DA:157,1
DA:158,1
DA:159,1
DA:160,1
DA:163,1
DA:164,1
DA:165,1
DA:166,1
DA:167,1
DA:168,1
DA:169,1
DA:172,1
DA:173,1
DA:174,1
DA:175,1
DA:176,1
DA:177,1
DA:178,1
DA:181,1
DA:182,1
DA:183,1
DA:184,1
DA:185,1
DA:186,1
DA:187,1
DA:188,1
DA:189,1
DA:192,1
DA:193,1
DA:196,1
DA:197,1
DA:198,1
DA:199,1
DA:200,1
DA:201,1
DA:202,1
DA:203,1
DA:206,1
DA:207,1
DA:208,1
DA:209,1
DA:210,1
DA:211,1
DA:212,1
DA:213,1
DA:214,1
DA:217,1
DA:219,1
DA:220,1
DA:221,1
DA:222,1
DA:223,1
DA:226,1
DA:227,1
DA:228,1
DA:229,1
DA:230,1
DA:231,1
DA:232,1
DA:233,1
DA:234,1
DA:235,1
DA:236,1
DA:237,1
DA:238,1
DA:239,1
DA:240,1
DA:241,1
DA:242,1
DA:243,1
DA:244,1
DA:245,1
DA:248,1
DA:249,1
DA:250,1
DA:253,1
DA:254,1
DA:255,1
DA:256,1
DA:257,1
DA:258,1
DA:261,1
DA:262,1
DA:263,1
DA:264,1
DA:265,1
DA:266,1
DA:267,1
DA:270,1
DA:271,1
DA:272,1
DA:273,1
DA:274,1
DA:275,1
DA:278,1
DA:279,1
DA:280,1
DA:283,1
DA:284,1
DA:285,1
DA:286,1
DA:287,1
DA:288,1
DA:291,1
DA:292,1
DA:293,1
DA:294,1
DA:295,1
DA:296,1
DA:299,1
DA:300,1
DA:301,1
DA:302,1
DA:305,1
DA:306,1
DA:307,1
DA:308,1
DA:309,1
DA:310,1
DA:311,1
DA:312,1
DA:313,1
DA:314,1
DA:315,1
DA:318,1
DA:319,1
DA:320,1
DA:321,1
DA:322,1
DA:323,1
DA:324,1
DA:325,1
DA:326,1
DA:329,1
DA:331,1
DA:332,1
DA:333,1
DA:334,1
DA:337,1
DA:338,1
DA:339,1
DA:342,1
DA:345,1
DA:346,1
DA:349,1
DA:350,1
DA:351,1
DA:352,1
DA:353,1
DA:354,1
DA:357,1
DA:358,1
DA:361,1
DA:362,1
DA:363,1
DA:368,1
DA:369,1
DA:370,1
DA:371,1
DA:372,1
DA:373,1
DA:374,0
DA:375,1
DA:376,1
DA:377,1
DA:378,1
DA:379,1
DA:380,1
DA:381,1
DA:382,0
DA:383,1
DA:384,0
DA:385,1
DA:386,1
DA:387,1
DA:392,1
DA:393,0
DA:394,0
DA:399,1
DA:403,1
DA:404,0
DA:405,0
DA:406,1
DA:409,1
DA:410,1
DA:411,1
DA:412,1
DA:413,1
DA:414,1
DA:415,1
DA:416,1
DA:417,1
DA:418,1
DA:419,1
DA:420,1
DA:421,1
DA:422,1
DA:423,1
LF:308
LH:300
BRDA:369,0,0,36
BRDA:370,1,0,38
BRDA:371,2,0,31
BRDA:380,3,0,1
BRDA:385,4,0,37
BRF:5
BRH:5
end_of_record
TN:
SF:src/constants/uiConstants.ts
FNF:0
FNH:0
DA:6,1
DA:7,1
DA:8,1
DA:9,1
DA:10,1
DA:11,1
DA:12,1
DA:13,1
DA:14,1
DA:15,1
DA:16,1
DA:17,1
DA:18,1
DA:19,1
DA:22,1
DA:23,1
DA:24,1
DA:25,1
DA:26,1
DA:27,1
DA:28,1
DA:29,1
DA:30,1
DA:33,1
DA:34,1
DA:35,1
DA:36,1
DA:37,1
DA:40,1
DA:41,1
DA:42,1
DA:43,1
DA:44,1
DA:45,1
DA:46,1
LF:35
LH:35
BRF:0
BRH:0
end_of_record
TN:
SF:src/hooks/useCIAOptions.ts
FN:319,useCIAOptions
FNF:1
FNH:0
FNDA:0,useCIAOptions
DA:1,1
DA:3,1
DA:9,1
DA:10,1
DA:11,1
DA:12,1
DA:13,1
DA:14,1
DA:15,1
DA:16,1
DA:17,1
DA:18,1
DA:20,1
DA:21,1
DA:22,1
DA:24,1
DA:25,1
DA:26,1
DA:27,1
DA:28,1
DA:29,1
DA:30,1
DA:31,1
DA:32,1
DA:33,1
DA:34,1
DA:35,1
DA:36,1
DA:37,1
DA:38,1
DA:39,1
DA:40,1
DA:41,1
DA:42,1
DA:43,1
DA:44,1
DA:45,1
DA:46,1
DA:47,1
DA:48,1
DA:49,1
DA:50,1
DA:51,1
DA:53,1
DA:54,1
DA:55,1
DA:56,1
DA:57,1
DA:58,1
DA:59,1
DA:60,1
DA:61,1
DA:62,1
DA:63,1
DA:64,1
DA:65,1
DA:66,1
DA:67,1
DA:68,1
DA:69,1
DA:70,1
DA:71,1
DA:72,1
DA:73,1
DA:74,1
DA:75,1
DA:76,1
DA:77,1
DA:78,1
DA:79,1
DA:80,1
DA:82,1
DA:83,1
DA:84,1
DA:85,1
DA:86,1
DA:87,1
DA:88,1
DA:89,1
DA:90,1
DA:91,1
DA:92,1
DA:93,1
DA:94,1
DA:95,1
DA:96,1
DA:97,1
DA:98,1
DA:99,1
DA:100,1
DA:101,1
DA:102,1
DA:103,1
DA:104,1
DA:105,1
DA:106,1
DA:107,1
DA:108,1
DA:110,1
DA:111,1
DA:112,1
DA:113,1
DA:114,1
DA:115,1
DA:116,1
DA:117,1
DA:118,1
DA:119,1
DA:120,1
DA:121,1
DA:122,1
DA:123,1
DA:124,1
DA:125,1
DA:126,1
DA:127,1
DA:128,1
DA:129,1
DA:130,1
DA:131,1
DA:132,1
DA:133,1
DA:134,1
DA:135,1
DA:136,1
DA:137,1
DA:138,1
DA:139,1
DA:140,1
DA:141,1
DA:143,1
DA:144,1
DA:145,1
DA:146,1
DA:147,1
DA:148,1
DA:149,1
DA:150,1
DA:151,1
DA:152,1
DA:153,1
DA:154,1
DA:155,1
DA:156,1
DA:157,1
DA:158,1
DA:159,1
DA:160,1
DA:161,1
DA:162,1
DA:163,1
DA:164,1
DA:166,1
DA:167,1
DA:168,1
DA:169,1
DA:170,1
DA:171,1
DA:172,1
DA:173,1
DA:174,1
DA:175,1
DA:176,1
DA:177,1
DA:178,1
DA:179,1
DA:180,1
DA:181,1
DA:182,1
DA:183,1
DA:184,1
DA:185,1
DA:186,1
DA:187,1
DA:188,1
DA:189,1
DA:190,1
DA:191,1
DA:192,1
DA:193,1
DA:194,1
DA:195,1
DA:196,1
DA:197,1
DA:198,1
DA:199,1
DA:200,1
DA:201,1
DA:202,1
DA:203,1
DA:204,1
DA:205,1
DA:206,1
DA:207,1
DA:208,1
DA:209,1
DA:210,1
DA:211,1
DA:212,1
DA:213,1
DA:214,1
DA:215,1
DA:216,1
DA:217,1
DA:218,1
DA:219,1
DA:220,1
DA:221,1
DA:222,1
DA:223,1
DA:224,1
DA:225,1
DA:226,1
DA:227,1
DA:228,1
DA:229,1
DA:230,1
DA:231,1
DA:232,1
DA:233,1
DA:234,1
DA:235,1
DA:236,1
DA:237,1
DA:238,1
DA:239,1
DA:240,1
DA:241,1
DA:242,1
DA:244,1
DA:245,1
DA:246,1
DA:247,1
DA:248,1
DA:249,1
DA:250,1
DA:251,1
DA:252,1
DA:253,1
DA:254,1
DA:255,1
DA:256,1
DA:257,1
DA:258,1
DA:259,1
DA:260,1
DA:261,1
DA:262,1
DA:263,1
DA:264,1
DA:265,1
DA:266,1
DA:267,1
DA:268,1
DA:269,1
DA:270,1
DA:271,1
DA:272,1
DA:273,1
DA:274,1
DA:275,1
DA:276,1
DA:277,1
DA:278,1
DA:279,1
DA:280,1
DA:281,1
DA:282,1
DA:283,1
DA:284,1
DA:285,1
DA:286,1
DA:287,1
DA:288,1
DA:289,1
DA:290,1
DA:291,1
DA:292,1
DA:293,1
DA:294,1
DA:295,1
DA:296,1
DA:297,1
DA:298,1
DA:299,1
DA:300,1
DA:301,1
DA:302,1
DA:303,1
DA:304,1
DA:305,1
DA:306,1
DA:307,1
DA:308,1
DA:309,1
DA:310,1
DA:311,1
DA:312,1
DA:313,1
DA:314,1
DA:315,1
DA:316,1
DA:317,1
DA:319,1
DA:320,0
DA:321,0
DA:322,0
DA:323,0
DA:324,0
DA:325,0
DA:326,0
DA:327,0
LF:312
LH:304
BRF:0
BRH:0
end_of_record
TN:
SF:src/styles/gridStyles.ts
FNF:0
FNH:0
DA:6,1
DA:16,1
DA:36,1
DA:47,1
DA:54,1
DA:55,1
DA:56,1
DA:57,1
DA:58,1
DA:61,1
DA:62,1
DA:63,1
DA:64,1
DA:65,1
DA:68,1
DA:69,1
DA:70,1
DA:71,1
DA:72,1
DA:73,1
LF:20
LH:20
BRF:0
BRH:0
end_of_record
TN:
SF:src/types/businessImpact.ts
FNF:0
FNH:0
DA:38,1
DA:39,1
DA:40,1
DA:41,1
DA:42,1
DA:43,1
DA:44,1
DA:45,1
DA:46,1
DA:47,1
DA:48,1
DA:49,1
DA:50,1
DA:51,1
DA:52,1
DA:53,1
DA:54,1
DA:55,1
DA:56,1
DA:57,1
DA:58,1
DA:59,1
DA:60,1
DA:63,1
DA:64,1
DA:65,1
DA:66,1
DA:67,1
DA:68,1
DA:69,1
DA:70,1
DA:71,1
DA:72,1
DA:73,1
DA:74,1
DA:75,1
DA:76,1
DA:77,1
DA:78,1
DA:79,1
DA:80,1
DA:81,1
DA:82,1
DA:83,1
DA:84,1
LF:45
LH:45
BRF:0
BRH:0
end_of_record
TN:
SF:src/types/cia.ts
FN:251,formatSecurityLevel
FN:259,getSecurityLevelValue
FN:273,getSecurityLevelFromValue
FN:281,calculateOverallSecurityLevel
FN:300,calculateRiskLevel
FNF:5
FNH:5
FNDA:1,formatSecurityLevel
FNDA:1,getSecurityLevelValue
FNDA:1,getSecurityLevelFromValue
FNDA:1,calculateOverallSecurityLevel
FNDA:1,calculateRiskLevel
LF:0
LH:0
BRDA:251,0,0,1
BRDA:252,1,0,1
BRDA:252,2,0,1
BRDA:259,3,0,1
BRDA:267,4,0,1
BRDA:273,5,0,1
BRDA:275,6,0,1
BRDA:281,7,0,1
BRDA:300,8,0,1
BRDA:312,9,0,1
BRDA:314,10,0,1
BRDA:316,11,0,1
BRDA:318,12,0,1
BRDA:320,13,0,1
BRDA:322,14,0,1
BRF:15
BRH:15
end_of_record
TN:
SF:src/types/componentProps.ts
FN:1,(empty-report)
FNF:1
FNH:1
FNDA:1,(empty-report)
LF:0
LH:0
BRDA:1,0,0,1
BRF:1
BRH:1
end_of_record
TN:
SF:src/types/index.ts
FN:1,(empty-report)
FNF:1
FNH:1
FNDA:1,(empty-report)
DA:9,0
DA:12,0
DA:15,0
LF:3
LH:0
BRDA:1,0,0,1
BRF:1
BRH:1
end_of_record
TN:
SF:src/types/testTypes.ts
FN:1,(empty-report)
FNF:1
FNH:1
FNDA:1,(empty-report)
LF:0
LH:0
BRDA:1,0,0,1
BRF:1
BRH:1
end_of_record
TN:
SF:src/types/widgets.ts
FN:1,(empty-report)
FNF:1
FNH:1
FNDA:1,(empty-report)
LF:0
LH:0
BRDA:1,0,0,1
BRF:1
BRH:1
end_of_record
TN:
SF:src/utils/test-utils.tsx
FN:14,TestProvider
FN:19,AllTheProviders
FN:25,customRender
FN:31,renderWithContext
FN:37,wrapper
FNF:5
FNH:3
FNDA:4,TestProvider
FNDA:0,AllTheProviders
FNDA:0,customRender
FNDA:4,renderWithContext
FNDA:4,wrapper
DA:2,1
DA:11,1
DA:14,1
DA:15,4
DA:16,4
DA:19,1
DA:20,0
DA:21,0
DA:22,0
DA:23,0
DA:25,1
DA:26,0
DA:27,0
DA:28,0
DA:31,1
DA:32,4
DA:33,4
DA:34,4
DA:35,4
DA:36,4
DA:37,4
DA:38,4
DA:39,4
DA:40,4
DA:43,1
LF:25
LH:18
BRDA:14,0,0,4
BRDA:31,1,0,4
BRDA:37,2,0,4
BRF:3
BRH:3
end_of_record
TN:
SF:src/utils/typeGuards.ts
FN:6,isValidCIADetail
FN:15,isObject
FN:28,safeAccess
FN:63,ensureArray
FNF:4
FNH:4
FNDA:3,isValidCIADetail
FNDA:9,isObject
FNDA:52,safeAccess
FNDA:15,ensureArray
DA:6,1
DA:7,3
DA:8,3
DA:9,3
DA:10,3
DA:15,1
DA:16,9
DA:17,9
DA:18,9
DA:19,9
DA:28,1
DA:29,52
DA:30,52
DA:31,52
DA:32,52
DA:33,52
DA:34,2
DA:35,2
DA:37,50
DA:38,2
DA:39,48
DA:40,52
DA:42,52
DA:43,78
DA:44,0
DA:45,0
DA:47,78
DA:48,1
DA:49,1
DA:51,77
DA:52,77
DA:54,52
DA:55,52
DA:63,1
DA:64,15
DA:65,2
DA:66,2
DA:68,15
DA:69,15
LF:39
LH:37
BRDA:6,0,0,3
BRDA:9,1,0,2
BRDA:15,2,0,9
BRDA:18,3,0,5
BRDA:28,4,0,52
BRDA:33,5,0,2
BRDA:35,6,0,50
BRDA:37,7,0,2
BRDA:38,8,0,48
BRDA:42,9,0,78
BRDA:43,10,0,0
BRDA:47,11,0,1
BRDA:49,12,0,77
BRDA:52,13,0,49
BRDA:54,14,0,42
BRDA:54,15,0,7
BRDA:63,16,0,15
BRDA:64,17,0,14
BRDA:64,18,0,2
BRDA:66,19,0,13
BRDA:68,20,0,10
BRDA:68,21,0,3
BRF:22
BRH:21
end_of_record
TN:
SF:src/utils/widgetRegistry.tsx
FN:18,<instance_members_initializer>
FN:22,register
FN:31,get
FN:36,getAll
FN:47,renderWidget
FN:67,renderWidgets
FNF:6
FNH:6
FNDA:2,<instance_members_initializer>
FNDA:36,register
FNDA:2,get
FNDA:2,getAll
FNDA:5,renderWidget
FNDA:2,renderWidgets
DA:2,1
DA:4,1
DA:18,1
DA:19,2
DA:22,2
DA:23,36
DA:24,36
DA:25,36
DA:26,36
DA:27,36
DA:28,36
DA:31,2
DA:32,2
DA:33,2
DA:36,2
DA:37,2
DA:39,66
DA:40,66
DA:42,66
DA:43,2
DA:44,2
DA:47,2
DA:48,5
DA:49,5
DA:51,3
DA:53,3
DA:54,3
DA:55,3
DA:56,3
DA:57,3
DA:58,3
DA:59,3
DA:61,3
DA:62,3
DA:64,5
DA:67,2
DA:68,2
DA:69,2
DA:70,2
DA:71,2
DA:72,2
DA:73,2
DA:75,2
DA:76,3
DA:77,3
DA:79,3
DA:80,3
DA:81,3
DA:82,3
DA:83,3
DA:84,3
DA:85,3
DA:87,3
DA:88,3
DA:90,2
DA:91,2
DA:92,2
DA:95,1
DA:99,1
DA:100,1
DA:101,1
DA:102,1
DA:103,1
DA:106,1
DA:107,1
DA:108,1
DA:109,1
DA:110,1
DA:111,1
DA:112,1
DA:113,1
DA:115,1
DA:116,1
DA:117,1
DA:118,1
DA:119,1
DA:120,1
DA:121,1
DA:122,1
DA:124,1
DA:125,1
DA:126,1
DA:127,1
DA:128,1
DA:129,1
DA:130,1
DA:131,1
DA:133,1
DA:134,1
DA:135,1
DA:136,1
DA:137,1
DA:138,1
DA:139,1
DA:140,1
DA:142,1
DA:143,1
DA:144,1
DA:145,1
DA:146,1
DA:147,1
DA:148,1
DA:149,1
DA:150,1
DA:152,1
DA:153,1
DA:154,1
DA:155,1
DA:156,1
DA:157,1
DA:158,1
DA:159,1
DA:160,1
DA:162,1
DA:163,1
DA:164,1
DA:165,1
DA:166,1
DA:167,1
DA:168,1
DA:169,1
DA:170,1
DA:172,1
LF:123
LH:123
BRDA:18,0,0,2
BRDA:22,1,0,36
BRDA:31,2,0,2
BRDA:36,3,0,2
BRDA:37,4,0,66
BRDA:39,5,0,0
BRDA:40,6,0,0
BRDA:42,7,0,0
BRDA:42,8,0,0
BRDA:47,9,0,5
BRDA:49,10,0,2
BRDA:49,11,0,3
BRDA:67,12,0,2
BRDA:72,13,0,0
BRDA:73,14,0,1
BRDA:75,15,0,3
BRDA:76,16,0,1
BRF:17
BRH:12
end_of_record
